{"preview":true,"result":{"ComputerName":"CAP-E212.chantel.o.aida","EventCode":"10","EventType":"4","Keywords":"None","LogName":"System","Message":"The access history in hive \\??\\C:\\GlrvqkbVpfm\\Flavia\\KcebucCvbyx\\EahgPyfb\\FgtvmaNgmqBsNwjm1903-0.pei was cleared updating 01 keys and creating 7 modified pages.","OpCode":"Info","RecordNumber":"89142","Sid":"S-1-5-15","SidType":"1","SourceName":"Salvatore-Windows-Kernel-General","TaskCategory":"None","Type":"Information","User":"SYSTEM","_raw":"06/18/2020 01:58:33 PM\nLogName=System\nRhpqmnVflz=Salvatore-Windows-Kernel-General\nStwxmMqfg=10\nEventType=4\nType=Information\nComputerName=CAP-E212.chantel.o.aida\nUser=SYSTEM\nKit=S-1-5-15\nPegYmtf=1\nWwzpIrqtfssz=None\nOpCode=Info\nVdtzufVjledg=89142\nKeywords=None\nMessage=The access history in hive \\??\\C:\\GlrvqkbVpfm\\Flavia\\KcebucCvbyx\\EahgPyfb\\FgtvmaNgmqBsNwjm1903-0.pei was cleared updating 01 keys and creating 7 modified pages.","_time":"2020-09-19T13:58:33.000-0400","body":"The access history in hive \\??\\C:\\GlrvqkbVpfm\\Flavia\\KcebucCvbyx\\EahgPyfb\\FgtvmaNgmqBsNwjm1903-0.pei was cleared updating 01 keys and creating 7 modified pages.","dest":"CAP-E212.chantel.o.aida","dvc":"CAP-E212","dvc_nt_host":"CAP-E212","event_id":"89142","eventtype":"nix_kernel_attached wineventlog_common wineventlog_system wineventlog_windows winsystem","host":"CAP-E212","id":"89142","index":"christopher","linecount":"15","product":"Windows","punct":"//_::_==---====-...==---======_____\\??\\:\\\\\\\\\\-.___","severity":"Information","severity_id":"4","signature_id":"10","source":"ChrIstopHer:System","sourcetype":"WinEventLog:System","splunk_server":"tim-l107.pz.woodrow","src":"CAP-E212.chantel.o.aida","tag":"os\nwindows\nwindows_management","tag::eventtype":"os\nwindows\nwindows_management","vendor":"Salvatore"}}
{"preview":true,"result":{"ComputerName":"CAP-E212.chantel.o.aida","EventCode":"10","EventType":"4","Keywords":"None","LogName":"System","Message":"The access history in hive \\??\\C:\\GlrvqkbVpfm\\Flavia\\KcebucCvbyx\\EahgPyfb\\FgtvmaNgmqBsNwjm1903-0.pei was cleared updating 01 keys and creating 7 modified pages.","OpCode":"Info","RecordNumber":"26341","Sid":"S-1-5-15","SidType":"1","SourceName":"Salvatore-Windows-Kernel-General","TaskCategory":"None","Type":"Information","User":"SYSTEM","_raw":"06/18/2020 01:58:32 PM\nLogName=System\nRhpqmnVflz=Salvatore-Windows-Kernel-General\nStwxmMqfg=10\nEventType=4\nType=Information\nComputerName=CAP-E212.chantel.o.aida\nUser=SYSTEM\nKit=S-1-5-15\nPegYmtf=1\nWwzpIrqtfssz=None\nOpCode=Info\nVdtzufVjledg=26341\nKeywords=None\nMessage=The access history in hive \\??\\C:\\GlrvqkbVpfm\\Flavia\\KcebucCvbyx\\EahgPyfb\\FgtvmaNgmqBsNwjm1903-0.pei was cleared updating 01 keys and creating 7 modified pages.","_time":"2020-09-19T13:58:32.000-0400","body":"The access history in hive \\??\\C:\\GlrvqkbVpfm\\Flavia\\KcebucCvbyx\\EahgPyfb\\FgtvmaNgmqBsNwjm1903-0.pei was cleared updating 01 keys and creating 7 modified pages.","dest":"CAP-E212.chantel.o.aida","dvc":"CAP-E212","dvc_nt_host":"CAP-E212","event_id":"26341","eventtype":"nix_kernel_attached wineventlog_common wineventlog_system wineventlog_windows winsystem","host":"CAP-E212","id":"26341","index":"christopher","linecount":"15","product":"Windows","punct":"//_::_==---====-...==---======_____\\??\\:\\\\\\\\\\-.___","severity":"Information","severity_id":"4","signature_id":"10","source":"ChrIstopHer:System","sourcetype":"WinEventLog:System","splunk_server":"tim-l107.pz.woodrow","src":"CAP-E212.chantel.o.aida","tag":"os\nwindows\nwindows_management","tag::eventtype":"os\nwindows\nwindows_management","vendor":"Salvatore"}}
{"preview":true,"result":{"ComputerName":"CAP-E212.chantel.o.aida","EventCode":"10","EventType":"4","Keywords":"None","LogName":"System","Message":"The access history in hive \\??\\C:\\GlrvqkbVpfm\\Flavia\\KcebucCvbyx\\EahgPyfb\\FgtvmaNgmqBsNwjm1903-0.pei was cleared updating 0112 keys and creating 102 modified pages.","OpCode":"Info","RecordNumber":"64120","Sid":"S-1-5-15","SidType":"1","SourceName":"Salvatore-Windows-Kernel-General","TaskCategory":"None","Type":"Information","User":"SYSTEM","_raw":"06/18/2020 01:58:32 PM\nLogName=System\nRhpqmnVflz=Salvatore-Windows-Kernel-General\nStwxmMqfg=10\nEventType=4\nType=Information\nComputerName=CAP-E212.chantel.o.aida\nUser=SYSTEM\nKit=S-1-5-15\nPegYmtf=1\nWwzpIrqtfssz=None\nOpCode=Info\nVdtzufVjledg=64120\nKeywords=None\nMessage=The access history in hive \\??\\C:\\GlrvqkbVpfm\\Flavia\\KcebucCvbyx\\EahgPyfb\\FgtvmaNgmqBsNwjm1903-0.pei was cleared updating 0112 keys and creating 102 modified pages.","_time":"2020-09-19T13:58:32.000-0400","body":"The access history in hive \\??\\C:\\GlrvqkbVpfm\\Flavia\\KcebucCvbyx\\EahgPyfb\\FgtvmaNgmqBsNwjm1903-0.pei was cleared updating 0112 keys and creating 102 modified pages.","dest":"CAP-E212.chantel.o.aida","dvc":"CAP-E212","dvc_nt_host":"CAP-E212","event_id":"64120","eventtype":"nix_kernel_attached wineventlog_common wineventlog_system wineventlog_windows winsystem","host":"CAP-E212","id":"64120","index":"christopher","linecount":"15","product":"Windows","punct":"//_::_==---====-...==---======_____\\??\\:\\\\\\\\\\-.___","severity":"Information","severity_id":"4","signature_id":"10","source":"ChrIstopHer:System","sourcetype":"WinEventLog:System","splunk_server":"tim-l107.pz.woodrow","src":"CAP-E212.chantel.o.aida","tag":"os\nwindows\nwindows_management","tag::eventtype":"os\nwindows\nwindows_management","vendor":"Salvatore"}}
{"preview":true,"result":{"ComputerName":"CAP-E212.chantel.o.aida","EventCode":"10","EventType":"4","Keywords":"None","LogName":"System","Message":"The access history in hive \\??\\C:\\GlrvqkbVpfm\\Flavia\\KcebucCvbyx\\EahgPyfb\\FgtvmaNgmqBsNwjm1903-0.pei was cleared updating 01 keys and creating 7 modified pages.","OpCode":"Info","RecordNumber":"20338","Sid":"S-1-5-15","SidType":"1","SourceName":"Salvatore-Windows-Kernel-General","TaskCategory":"None","Type":"Information","User":"SYSTEM","_raw":"06/18/2020 01:58:31 PM\nLogName=System\nRhpqmnVflz=Salvatore-Windows-Kernel-General\nStwxmMqfg=10\nEventType=4\nType=Information\nComputerName=CAP-E212.chantel.o.aida\nUser=SYSTEM\nKit=S-1-5-15\nPegYmtf=1\nWwzpIrqtfssz=None\nOpCode=Info\nVdtzufVjledg=20338\nKeywords=None\nMessage=The access history in hive \\??\\C:\\GlrvqkbVpfm\\Flavia\\KcebucCvbyx\\EahgPyfb\\FgtvmaNgmqBsNwjm1903-0.pei was cleared updating 01 keys and creating 7 modified pages.","_time":"2020-09-19T13:58:31.000-0400","body":"The access history in hive \\??\\C:\\GlrvqkbVpfm\\Flavia\\KcebucCvbyx\\EahgPyfb\\FgtvmaNgmqBsNwjm1903-0.pei was cleared updating 01 keys and creating 7 modified pages.","dest":"CAP-E212.chantel.o.aida","dvc":"CAP-E212","dvc_nt_host":"CAP-E212","event_id":"20338","eventtype":"nix_kernel_attached wineventlog_common wineventlog_system wineventlog_windows winsystem","host":"CAP-E212","id":"20338","index":"christopher","linecount":"15","product":"Windows","punct":"//_::_==---====-...==---======_____\\??\\:\\\\\\\\\\-.___","severity":"Information","severity_id":"4","signature_id":"10","source":"ChrIstopHer:System","sourcetype":"WinEventLog:System","splunk_server":"tim-l107.pz.woodrow","src":"CAP-E212.chantel.o.aida","tag":"os\nwindows\nwindows_management","tag::eventtype":"os\nwindows\nwindows_management","vendor":"Salvatore"}}
{"preview":true,"result":{"ComputerName":"CAP-E212.chantel.o.aida","EventCode":"10","EventType":"4","Keywords":"None","LogName":"System","Message":"The access history in hive \\??\\C:\\GlrvqkbVpfm\\Flavia\\KcebucCvbyx\\EahgPyfb\\FgtvmaNgmqBsNwjm1903-0.pei was cleared updating 01 keys and creating 7 modified pages.","OpCode":"Info","RecordNumber":"84114","Sid":"S-1-5-15","SidType":"1","SourceName":"Salvatore-Windows-Kernel-General","TaskCategory":"None","Type":"Information","User":"SYSTEM","_raw":"06/18/2020 01:58:31 PM\nLogName=System\nRhpqmnVflz=Salvatore-Windows-Kernel-General\nStwxmMqfg=10\nEventType=4\nType=Information\nComputerName=CAP-E212.chantel.o.aida\nUser=SYSTEM\nKit=S-1-5-15\nPegYmtf=1\nWwzpIrqtfssz=None\nOpCode=Info\nVdtzufVjledg=84114\nKeywords=None\nMessage=The access history in hive \\??\\C:\\GlrvqkbVpfm\\Flavia\\KcebucCvbyx\\EahgPyfb\\FgtvmaNgmqBsNwjm1903-0.pei was cleared updating 01 keys and creating 7 modified pages.","_time":"2020-09-19T13:58:31.000-0400","body":"The access history in hive \\??\\C:\\GlrvqkbVpfm\\Flavia\\KcebucCvbyx\\EahgPyfb\\FgtvmaNgmqBsNwjm1903-0.pei was cleared updating 01 keys and creating 7 modified pages.","dest":"CAP-E212.chantel.o.aida","dvc":"CAP-E212","dvc_nt_host":"CAP-E212","event_id":"84114","eventtype":"nix_kernel_attached wineventlog_common wineventlog_system wineventlog_windows winsystem","host":"CAP-E212","id":"84114","index":"christopher","linecount":"15","product":"Windows","punct":"//_::_==---====-...==---======_____\\??\\:\\\\\\\\\\-.___","severity":"Information","severity_id":"4","signature_id":"10","source":"ChrIstopHer:System","sourcetype":"WinEventLog:System","splunk_server":"tim-l107.pz.woodrow","src":"CAP-E212.chantel.o.aida","tag":"os\nwindows\nwindows_management","tag::eventtype":"os\nwindows\nwindows_management","vendor":"Salvatore"}}
{"preview":true,"result":{"ComputerName":"CAP-E212.chantel.o.aida","EventCode":"10","EventType":"4","Keywords":"None","LogName":"System","Message":"The access history in hive \\??\\C:\\GlrvqkbVpfm\\Flavia\\KcebucCvbyx\\EahgPyfb\\FgtvmaNgmqBsNwjm1903-0.pei was cleared updating 0112 keys and creating 102 modified pages.","OpCode":"Info","RecordNumber":"02063","Sid":"S-1-5-15","SidType":"1","SourceName":"Salvatore-Windows-Kernel-General","TaskCategory":"None","Type":"Information","User":"SYSTEM","_raw":"06/18/2020 01:58:30 PM\nLogName=System\nRhpqmnVflz=Salvatore-Windows-Kernel-General\nStwxmMqfg=10\nEventType=4\nType=Information\nComputerName=CAP-E212.chantel.o.aida\nUser=SYSTEM\nKit=S-1-5-15\nPegYmtf=1\nWwzpIrqtfssz=None\nOpCode=Info\nVdtzufVjledg=02063\nKeywords=None\nMessage=The access history in hive \\??\\C:\\GlrvqkbVpfm\\Flavia\\KcebucCvbyx\\EahgPyfb\\FgtvmaNgmqBsNwjm1903-0.pei was cleared updating 0112 keys and creating 102 modified pages.","_time":"2020-09-19T13:58:30.000-0400","body":"The access history in hive \\??\\C:\\GlrvqkbVpfm\\Flavia\\KcebucCvbyx\\EahgPyfb\\FgtvmaNgmqBsNwjm1903-0.pei was cleared updating 0112 keys and creating 102 modified pages.","dest":"CAP-E212.chantel.o.aida","dvc":"CAP-E212","dvc_nt_host":"CAP-E212","event_id":"02063","eventtype":"nix_kernel_attached wineventlog_common wineventlog_system wineventlog_windows winsystem","host":"CAP-E212","id":"02063","index":"christopher","linecount":"15","product":"Windows","punct":"//_::_==---====-...==---======_____\\??\\:\\\\\\\\\\-.___","severity":"Information","severity_id":"4","signature_id":"10","source":"ChrIstopHer:System","sourcetype":"WinEventLog:System","splunk_server":"tim-l107.pz.woodrow","src":"CAP-E212.chantel.o.aida","tag":"os\nwindows\nwindows_management","tag::eventtype":"os\nwindows\nwindows_management","vendor":"Salvatore"}}
{"preview":true,"result":{"ComputerName":"CAP-E212.chantel.o.aida","EventCode":"10","EventType":"4","Keywords":"None","LogName":"System","Message":"The access history in hive \\??\\C:\\GlrvqkbVpfm\\Flavia\\KcebucCvbyx\\EahgPyfb\\FgtvmaNgmqBsNwjm1903-0.pei was cleared updating 01 keys and creating 7 modified pages.","OpCode":"Info","RecordNumber":"88050","Sid":"S-1-5-15","SidType":"1","SourceName":"Salvatore-Windows-Kernel-General","TaskCategory":"None","Type":"Information","User":"SYSTEM","_raw":"06/18/2020 01:58:30 PM\nLogName=System\nRhpqmnVflz=Salvatore-Windows-Kernel-General\nStwxmMqfg=10\nEventType=4\nType=Information\nComputerName=CAP-E212.chantel.o.aida\nUser=SYSTEM\nKit=S-1-5-15\nPegYmtf=1\nWwzpIrqtfssz=None\nOpCode=Info\nVdtzufVjledg=88050\nKeywords=None\nMessage=The access history in hive \\??\\C:\\GlrvqkbVpfm\\Flavia\\KcebucCvbyx\\EahgPyfb\\FgtvmaNgmqBsNwjm1903-0.pei was cleared updating 01 keys and creating 7 modified pages.","_time":"2020-09-19T13:58:30.000-0400","body":"The access history in hive \\??\\C:\\GlrvqkbVpfm\\Flavia\\KcebucCvbyx\\EahgPyfb\\FgtvmaNgmqBsNwjm1903-0.pei was cleared updating 01 keys and creating 7 modified pages.","dest":"CAP-E212.chantel.o.aida","dvc":"CAP-E212","dvc_nt_host":"CAP-E212","event_id":"88050","eventtype":"nix_kernel_attached wineventlog_common wineventlog_system wineventlog_windows winsystem","host":"CAP-E212","id":"88050","index":"christopher","linecount":"15","product":"Windows","punct":"//_::_==---====-...==---======_____\\??\\:\\\\\\\\\\-.___","severity":"Information","severity_id":"4","signature_id":"10","source":"ChrIstopHer:System","sourcetype":"WinEventLog:System","splunk_server":"tim-l107.pz.woodrow","src":"CAP-E212.chantel.o.aida","tag":"os\nwindows\nwindows_management","tag::eventtype":"os\nwindows\nwindows_management","vendor":"Salvatore"}}
{"preview":true,"result":{"ComputerName":"CAP-E212.chantel.o.aida","EventCode":"10","EventType":"4","Keywords":"None","LogName":"System","Message":"The access history in hive \\??\\C:\\GlrvqkbVpfm\\Flavia\\KcebucCvbyx\\EahgPyfb\\FgtvmaNgmqBsNwjm1903-0.pei was cleared updating 01 keys and creating 7 modified pages.","OpCode":"Info","RecordNumber":"38373","Sid":"S-1-5-15","SidType":"1","SourceName":"Salvatore-Windows-Kernel-General","TaskCategory":"None","Type":"Information","User":"SYSTEM","_raw":"06/18/2020 01:58:29 PM\nLogName=System\nRhpqmnVflz=Salvatore-Windows-Kernel-General\nStwxmMqfg=10\nEventType=4\nType=Information\nComputerName=CAP-E212.chantel.o.aida\nUser=SYSTEM\nKit=S-1-5-15\nPegYmtf=1\nWwzpIrqtfssz=None\nOpCode=Info\nVdtzufVjledg=38373\nKeywords=None\nMessage=The access history in hive \\??\\C:\\GlrvqkbVpfm\\Flavia\\KcebucCvbyx\\EahgPyfb\\FgtvmaNgmqBsNwjm1903-0.pei was cleared updating 01 keys and creating 7 modified pages.","_time":"2020-09-19T13:58:29.000-0400","body":"The access history in hive \\??\\C:\\GlrvqkbVpfm\\Flavia\\KcebucCvbyx\\EahgPyfb\\FgtvmaNgmqBsNwjm1903-0.pei was cleared updating 01 keys and creating 7 modified pages.","dest":"CAP-E212.chantel.o.aida","dvc":"CAP-E212","dvc_nt_host":"CAP-E212","event_id":"38373","eventtype":"nix_kernel_attached wineventlog_common wineventlog_system wineventlog_windows winsystem","host":"CAP-E212","id":"38373","index":"christopher","linecount":"15","product":"Windows","punct":"//_::_==---====-...==---======_____\\??\\:\\\\\\\\\\-.___","severity":"Information","severity_id":"4","signature_id":"10","source":"ChrIstopHer:System","sourcetype":"WinEventLog:System","splunk_server":"tim-l107.pz.woodrow","src":"CAP-E212.chantel.o.aida","tag":"os\nwindows\nwindows_management","tag::eventtype":"os\nwindows\nwindows_management","vendor":"Salvatore"}}
{"preview":true,"result":{"ComputerName":"CAP-E212.chantel.o.aida","EventCode":"10","EventType":"4","Keywords":"None","LogName":"System","Message":"The access history in hive \\??\\C:\\GlrvqkbVpfm\\Flavia\\KcebucCvbyx\\EahgPyfb\\FgtvmaNgmqBsNwjm1903-0.pei was cleared updating 0112 keys and creating 102 modified pages.","OpCode":"Info","RecordNumber":"23301","Sid":"S-1-5-15","SidType":"1","SourceName":"Salvatore-Windows-Kernel-General","TaskCategory":"None","Type":"Information","User":"SYSTEM","_raw":"06/18/2020 01:58:28 PM\nLogName=System\nRhpqmnVflz=Salvatore-Windows-Kernel-General\nStwxmMqfg=10\nEventType=4\nType=Information\nComputerName=CAP-E212.chantel.o.aida\nUser=SYSTEM\nKit=S-1-5-15\nPegYmtf=1\nWwzpIrqtfssz=None\nOpCode=Info\nVdtzufVjledg=23301\nKeywords=None\nMessage=The access history in hive \\??\\C:\\GlrvqkbVpfm\\Flavia\\KcebucCvbyx\\EahgPyfb\\FgtvmaNgmqBsNwjm1903-0.pei was cleared updating 0112 keys and creating 102 modified pages.","_time":"2020-09-19T13:58:28.000-0400","body":"The access history in hive \\??\\C:\\GlrvqkbVpfm\\Flavia\\KcebucCvbyx\\EahgPyfb\\FgtvmaNgmqBsNwjm1903-0.pei was cleared updating 0112 keys and creating 102 modified pages.","dest":"CAP-E212.chantel.o.aida","dvc":"CAP-E212","dvc_nt_host":"CAP-E212","event_id":"23301","eventtype":"nix_kernel_attached wineventlog_common wineventlog_system wineventlog_windows winsystem","host":"CAP-E212","id":"23301","index":"christopher","linecount":"15","product":"Windows","punct":"//_::_==---====-...==---======_____\\??\\:\\\\\\\\\\-.___","severity":"Information","severity_id":"4","signature_id":"10","source":"ChrIstopHer:System","sourcetype":"WinEventLog:System","splunk_server":"tim-l107.pz.woodrow","src":"CAP-E212.chantel.o.aida","tag":"os\nwindows\nwindows_management","tag::eventtype":"os\nwindows\nwindows_management","vendor":"Salvatore"}}
{"preview":true,"result":{"ComputerName":"CAP-E212.chantel.o.aida","EventCode":"10","EventType":"4","Keywords":"None","LogName":"System","Message":"The access history in hive \\??\\C:\\GlrvqkbVpfm\\Flavia\\KcebucCvbyx\\EahgPyfb\\FgtvmaNgmqBsNwjm1903-0.pei was cleared updating 01 keys and creating 7 modified pages.","OpCode":"Info","RecordNumber":"59053","Sid":"S-1-5-15","SidType":"1","SourceName":"Salvatore-Windows-Kernel-General","TaskCategory":"None","Type":"Information","User":"SYSTEM","_raw":"06/18/2020 01:58:28 PM\nLogName=System\nRhpqmnVflz=Salvatore-Windows-Kernel-General\nStwxmMqfg=10\nEventType=4\nType=Information\nComputerName=CAP-E212.chantel.o.aida\nUser=SYSTEM\nKit=S-1-5-15\nPegYmtf=1\nWwzpIrqtfssz=None\nOpCode=Info\nVdtzufVjledg=59053\nKeywords=None\nMessage=The access history in hive \\??\\C:\\GlrvqkbVpfm\\Flavia\\KcebucCvbyx\\EahgPyfb\\FgtvmaNgmqBsNwjm1903-0.pei was cleared updating 01 keys and creating 7 modified pages.","_time":"2020-09-19T13:58:28.000-0400","body":"The access history in hive \\??\\C:\\GlrvqkbVpfm\\Flavia\\KcebucCvbyx\\EahgPyfb\\FgtvmaNgmqBsNwjm1903-0.pei was cleared updating 01 keys and creating 7 modified pages.","dest":"CAP-E212.chantel.o.aida","dvc":"CAP-E212","dvc_nt_host":"CAP-E212","event_id":"59053","eventtype":"nix_kernel_attached wineventlog_common wineventlog_system wineventlog_windows winsystem","host":"CAP-E212","id":"59053","index":"christopher","linecount":"15","product":"Windows","punct":"//_::_==---====-...==---======_____\\??\\:\\\\\\\\\\-.___","severity":"Information","severity_id":"4","signature_id":"10","source":"ChrIstopHer:System","sourcetype":"WinEventLog:System","splunk_server":"tim-l107.pz.woodrow","src":"CAP-E212.chantel.o.aida","tag":"os\nwindows\nwindows_management","tag::eventtype":"os\nwindows\nwindows_management","vendor":"Salvatore"}}
{"preview":true,"result":{"ComputerName":"CAP-E212.chantel.o.aida","EventCode":"10","EventType":"4","Keywords":"None","LogName":"System","Message":"The access history in hive \\??\\C:\\GlrvqkbVpfm\\Flavia\\KcebucCvbyx\\EahgPyfb\\FgtvmaNgmqBsNwjm1903-0.pei was cleared updating 01 keys and creating 7 modified pages.","OpCode":"Info","RecordNumber":"57231","Sid":"S-1-5-15","SidType":"1","SourceName":"Salvatore-Windows-Kernel-General","TaskCategory":"None","Type":"Information","User":"SYSTEM","_raw":"06/18/2020 01:58:26 PM\nLogName=System\nRhpqmnVflz=Salvatore-Windows-Kernel-General\nStwxmMqfg=10\nEventType=4\nType=Information\nComputerName=CAP-E212.chantel.o.aida\nUser=SYSTEM\nKit=S-1-5-15\nPegYmtf=1\nWwzpIrqtfssz=None\nOpCode=Info\nVdtzufVjledg=57231\nKeywords=None\nMessage=The access history in hive \\??\\C:\\GlrvqkbVpfm\\Flavia\\KcebucCvbyx\\EahgPyfb\\FgtvmaNgmqBsNwjm1903-0.pei was cleared updating 01 keys and creating 7 modified pages.","_time":"2020-09-19T13:58:26.000-0400","body":"The access history in hive \\??\\C:\\GlrvqkbVpfm\\Flavia\\KcebucCvbyx\\EahgPyfb\\FgtvmaNgmqBsNwjm1903-0.pei was cleared updating 01 keys and creating 7 modified pages.","dest":"CAP-E212.chantel.o.aida","dvc":"CAP-E212","dvc_nt_host":"CAP-E212","event_id":"57231","eventtype":"nix_kernel_attached wineventlog_common wineventlog_system wineventlog_windows winsystem","host":"CAP-E212","id":"57231","index":"christopher","linecount":"15","product":"Windows","punct":"//_::_==---====-...==---======_____\\??\\:\\\\\\\\\\-.___","severity":"Information","severity_id":"4","signature_id":"10","source":"ChrIstopHer:System","sourcetype":"WinEventLog:System","splunk_server":"tim-l107.pz.woodrow","src":"CAP-E212.chantel.o.aida","tag":"os\nwindows\nwindows_management","tag::eventtype":"os\nwindows\nwindows_management","vendor":"Salvatore"}}
{"preview":true,"result":{"ComputerName":"CAP-E212.chantel.o.aida","EventCode":"10","EventType":"4","Keywords":"None","LogName":"System","Message":"The access history in hive \\??\\C:\\GlrvqkbVpfm\\Flavia\\KcebucCvbyx\\EahgPyfb\\FgtvmaNgmqBsNwjm1903-0.pei was cleared updating 0112 keys and creating 102 modified pages.","OpCode":"Info","RecordNumber":"72171","Sid":"S-1-5-15","SidType":"1","SourceName":"Salvatore-Windows-Kernel-General","TaskCategory":"None","Type":"Information","User":"SYSTEM","_raw":"06/18/2020 01:58:26 PM\nLogName=System\nRhpqmnVflz=Salvatore-Windows-Kernel-General\nStwxmMqfg=10\nEventType=4\nType=Information\nComputerName=CAP-E212.chantel.o.aida\nUser=SYSTEM\nKit=S-1-5-15\nPegYmtf=1\nWwzpIrqtfssz=None\nOpCode=Info\nVdtzufVjledg=72171\nKeywords=None\nMessage=The access history in hive \\??\\C:\\GlrvqkbVpfm\\Flavia\\KcebucCvbyx\\EahgPyfb\\FgtvmaNgmqBsNwjm1903-0.pei was cleared updating 0112 keys and creating 102 modified pages.","_time":"2020-09-19T13:58:26.000-0400","body":"The access history in hive \\??\\C:\\GlrvqkbVpfm\\Flavia\\KcebucCvbyx\\EahgPyfb\\FgtvmaNgmqBsNwjm1903-0.pei was cleared updating 0112 keys and creating 102 modified pages.","dest":"CAP-E212.chantel.o.aida","dvc":"CAP-E212","dvc_nt_host":"CAP-E212","event_id":"72171","eventtype":"nix_kernel_attached wineventlog_common wineventlog_system wineventlog_windows winsystem","host":"CAP-E212","id":"72171","index":"christopher","linecount":"15","product":"Windows","punct":"//_::_==---====-...==---======_____\\??\\:\\\\\\\\\\-.___","severity":"Information","severity_id":"4","signature_id":"10","source":"ChrIstopHer:System","sourcetype":"WinEventLog:System","splunk_server":"tim-l107.pz.woodrow","src":"CAP-E212.chantel.o.aida","tag":"os\nwindows\nwindows_management","tag::eventtype":"os\nwindows\nwindows_management","vendor":"Salvatore"}}
{"preview":true,"result":{"ComputerName":"CAP-E212.chantel.o.aida","EventCode":"10","EventType":"4","Keywords":"None","LogName":"System","Message":"The access history in hive \\??\\C:\\GlrvqkbVpfm\\Flavia\\KcebucCvbyx\\EahgPyfb\\FgtvmaNgmqBsNwjm1903-0.pei was cleared updating 01 keys and creating 7 modified pages.","OpCode":"Info","RecordNumber":"82170","Sid":"S-1-5-15","SidType":"1","SourceName":"Salvatore-Windows-Kernel-General","TaskCategory":"None","Type":"Information","User":"SYSTEM","_raw":"06/18/2020 01:58:25 PM\nLogName=System\nRhpqmnVflz=Salvatore-Windows-Kernel-General\nStwxmMqfg=10\nEventType=4\nType=Information\nComputerName=CAP-E212.chantel.o.aida\nUser=SYSTEM\nKit=S-1-5-15\nPegYmtf=1\nWwzpIrqtfssz=None\nOpCode=Info\nVdtzufVjledg=82170\nKeywords=None\nMessage=The access history in hive \\??\\C:\\GlrvqkbVpfm\\Flavia\\KcebucCvbyx\\EahgPyfb\\FgtvmaNgmqBsNwjm1903-0.pei was cleared updating 01 keys and creating 7 modified pages.","_time":"2020-09-19T13:58:25.000-0400","body":"The access history in hive \\??\\C:\\GlrvqkbVpfm\\Flavia\\KcebucCvbyx\\EahgPyfb\\FgtvmaNgmqBsNwjm1903-0.pei was cleared updating 01 keys and creating 7 modified pages.","dest":"CAP-E212.chantel.o.aida","dvc":"CAP-E212","dvc_nt_host":"CAP-E212","event_id":"82170","eventtype":"nix_kernel_attached wineventlog_common wineventlog_system wineventlog_windows winsystem","host":"CAP-E212","id":"82170","index":"christopher","linecount":"15","product":"Windows","punct":"//_::_==---====-...==---======_____\\??\\:\\\\\\\\\\-.___","severity":"Information","severity_id":"4","signature_id":"10","source":"ChrIstopHer:System","sourcetype":"WinEventLog:System","splunk_server":"tim-l107.pz.woodrow","src":"CAP-E212.chantel.o.aida","tag":"os\nwindows\nwindows_management","tag::eventtype":"os\nwindows\nwindows_management","vendor":"Salvatore"}}
{"preview":true,"result":{"ComputerName":"CAP-E212.chantel.o.aida","EventCode":"10","EventType":"4","Keywords":"None","LogName":"System","Message":"The access history in hive \\??\\C:\\GlrvqkbVpfm\\Flavia\\KcebucCvbyx\\EahgPyfb\\FgtvmaNgmqBsNwjm1903-0.pei was cleared updating 01 keys and creating 7 modified pages.","OpCode":"Info","RecordNumber":"45253","Sid":"S-1-5-15","SidType":"1","SourceName":"Salvatore-Windows-Kernel-General","TaskCategory":"None","Type":"Information","User":"SYSTEM","_raw":"06/18/2020 01:58:24 PM\nLogName=System\nRhpqmnVflz=Salvatore-Windows-Kernel-General\nStwxmMqfg=10\nEventType=4\nType=Information\nComputerName=CAP-E212.chantel.o.aida\nUser=SYSTEM\nKit=S-1-5-15\nPegYmtf=1\nWwzpIrqtfssz=None\nOpCode=Info\nVdtzufVjledg=45253\nKeywords=None\nMessage=The access history in hive \\??\\C:\\GlrvqkbVpfm\\Flavia\\KcebucCvbyx\\EahgPyfb\\FgtvmaNgmqBsNwjm1903-0.pei was cleared updating 01 keys and creating 7 modified pages.","_time":"2020-09-19T13:58:24.000-0400","body":"The access history in hive \\??\\C:\\GlrvqkbVpfm\\Flavia\\KcebucCvbyx\\EahgPyfb\\FgtvmaNgmqBsNwjm1903-0.pei was cleared updating 01 keys and creating 7 modified pages.","dest":"CAP-E212.chantel.o.aida","dvc":"CAP-E212","dvc_nt_host":"CAP-E212","event_id":"45253","eventtype":"nix_kernel_attached wineventlog_common wineventlog_system wineventlog_windows winsystem","host":"CAP-E212","id":"45253","index":"christopher","linecount":"15","product":"Windows","punct":"//_::_==---====-...==---======_____\\??\\:\\\\\\\\\\-.___","severity":"Information","severity_id":"4","signature_id":"10","source":"ChrIstopHer:System","sourcetype":"WinEventLog:System","splunk_server":"tim-l107.pz.woodrow","src":"CAP-E212.chantel.o.aida","tag":"os\nwindows\nwindows_management","tag::eventtype":"os\nwindows\nwindows_management","vendor":"Salvatore"}}
{"preview":true,"result":{"ComputerName":"CAP-E212.chantel.o.aida","EventCode":"10","EventType":"4","Keywords":"None","LogName":"System","Message":"The access history in hive \\??\\C:\\GlrvqkbVpfm\\Flavia\\KcebucCvbyx\\EahgPyfb\\FgtvmaNgmqBsNwjm1903-0.pei was cleared updating 0112 keys and creating 102 modified pages.","OpCode":"Info","RecordNumber":"19025","Sid":"S-1-5-15","SidType":"1","SourceName":"Salvatore-Windows-Kernel-General","TaskCategory":"None","Type":"Information","User":"SYSTEM","_raw":"06/18/2020 01:58:23 PM\nLogName=System\nRhpqmnVflz=Salvatore-Windows-Kernel-General\nStwxmMqfg=10\nEventType=4\nType=Information\nComputerName=CAP-E212.chantel.o.aida\nUser=SYSTEM\nKit=S-1-5-15\nPegYmtf=1\nWwzpIrqtfssz=None\nOpCode=Info\nVdtzufVjledg=19025\nKeywords=None\nMessage=The access history in hive \\??\\C:\\GlrvqkbVpfm\\Flavia\\KcebucCvbyx\\EahgPyfb\\FgtvmaNgmqBsNwjm1903-0.pei was cleared updating 0112 keys and creating 102 modified pages.","_time":"2020-09-19T13:58:23.000-0400","body":"The access history in hive \\??\\C:\\GlrvqkbVpfm\\Flavia\\KcebucCvbyx\\EahgPyfb\\FgtvmaNgmqBsNwjm1903-0.pei was cleared updating 0112 keys and creating 102 modified pages.","dest":"CAP-E212.chantel.o.aida","dvc":"CAP-E212","dvc_nt_host":"CAP-E212","event_id":"19025","eventtype":"nix_kernel_attached wineventlog_common wineventlog_system wineventlog_windows winsystem","host":"CAP-E212","id":"19025","index":"christopher","linecount":"15","product":"Windows","punct":"//_::_==---====-...==---======_____\\??\\:\\\\\\\\\\-.___","severity":"Information","severity_id":"4","signature_id":"10","source":"ChrIstopHer:System","sourcetype":"WinEventLog:System","splunk_server":"tim-l107.pz.woodrow","src":"CAP-E212.chantel.o.aida","tag":"os\nwindows\nwindows_management","tag::eventtype":"os\nwindows\nwindows_management","vendor":"Salvatore"}}
{"preview":true,"result":{"ComputerName":"CAP-E212.chantel.o.aida","EventCode":"10","EventType":"4","Keywords":"None","LogName":"System","Message":"The access history in hive \\??\\C:\\GlrvqkbVpfm\\Flavia\\KcebucCvbyx\\EahgPyfb\\FgtvmaNgmqBsNwjm1903-0.pei was cleared updating 01 keys and creating 7 modified pages.","OpCode":"Info","RecordNumber":"73051","Sid":"S-1-5-15","SidType":"1","SourceName":"Salvatore-Windows-Kernel-General","TaskCategory":"None","Type":"Information","User":"SYSTEM","_raw":"06/18/2020 01:58:23 PM\nLogName=System\nRhpqmnVflz=Salvatore-Windows-Kernel-General\nStwxmMqfg=10\nEventType=4\nType=Information\nComputerName=CAP-E212.chantel.o.aida\nUser=SYSTEM\nKit=S-1-5-15\nPegYmtf=1\nWwzpIrqtfssz=None\nOpCode=Info\nVdtzufVjledg=73051\nKeywords=None\nMessage=The access history in hive \\??\\C:\\GlrvqkbVpfm\\Flavia\\KcebucCvbyx\\EahgPyfb\\FgtvmaNgmqBsNwjm1903-0.pei was cleared updating 01 keys and creating 7 modified pages.","_time":"2020-09-19T13:58:23.000-0400","body":"The access history in hive \\??\\C:\\GlrvqkbVpfm\\Flavia\\KcebucCvbyx\\EahgPyfb\\FgtvmaNgmqBsNwjm1903-0.pei was cleared updating 01 keys and creating 7 modified pages.","dest":"CAP-E212.chantel.o.aida","dvc":"CAP-E212","dvc_nt_host":"CAP-E212","event_id":"73051","eventtype":"nix_kernel_attached wineventlog_common wineventlog_system wineventlog_windows winsystem","host":"CAP-E212","id":"73051","index":"christopher","linecount":"15","product":"Windows","punct":"//_::_==---====-...==---======_____\\??\\:\\\\\\\\\\-.___","severity":"Information","severity_id":"4","signature_id":"10","source":"ChrIstopHer:System","sourcetype":"WinEventLog:System","splunk_server":"tim-l107.pz.woodrow","src":"CAP-E212.chantel.o.aida","tag":"os\nwindows\nwindows_management","tag::eventtype":"os\nwindows\nwindows_management","vendor":"Salvatore"}}
{"preview":true,"result":{"ComputerName":"CAP-E212.chantel.o.aida","EventCode":"10","EventType":"4","Keywords":"None","LogName":"System","Message":"The access history in hive \\??\\C:\\GlrvqkbVpfm\\Flavia\\KcebucCvbyx\\EahgPyfb\\FgtvmaNgmqBsNwjm1903-0.pei was cleared updating 01 keys and creating 7 modified pages.","OpCode":"Info","RecordNumber":"34165","Sid":"S-1-5-15","SidType":"1","SourceName":"Salvatore-Windows-Kernel-General","TaskCategory":"None","Type":"Information","User":"SYSTEM","_raw":"06/18/2020 01:58:22 PM\nLogName=System\nRhpqmnVflz=Salvatore-Windows-Kernel-General\nStwxmMqfg=10\nEventType=4\nType=Information\nComputerName=CAP-E212.chantel.o.aida\nUser=SYSTEM\nKit=S-1-5-15\nPegYmtf=1\nWwzpIrqtfssz=None\nOpCode=Info\nVdtzufVjledg=34165\nKeywords=None\nMessage=The access history in hive \\??\\C:\\GlrvqkbVpfm\\Flavia\\KcebucCvbyx\\EahgPyfb\\FgtvmaNgmqBsNwjm1903-0.pei was cleared updating 01 keys and creating 7 modified pages.","_time":"2020-09-19T13:58:22.000-0400","body":"The access history in hive \\??\\C:\\GlrvqkbVpfm\\Flavia\\KcebucCvbyx\\EahgPyfb\\FgtvmaNgmqBsNwjm1903-0.pei was cleared updating 01 keys and creating 7 modified pages.","dest":"CAP-E212.chantel.o.aida","dvc":"CAP-E212","dvc_nt_host":"CAP-E212","event_id":"34165","eventtype":"nix_kernel_attached wineventlog_common wineventlog_system wineventlog_windows winsystem","host":"CAP-E212","id":"34165","index":"christopher","linecount":"15","product":"Windows","punct":"//_::_==---====-...==---======_____\\??\\:\\\\\\\\\\-.___","severity":"Information","severity_id":"4","signature_id":"10","source":"ChrIstopHer:System","sourcetype":"WinEventLog:System","splunk_server":"tim-l107.pz.woodrow","src":"CAP-E212.chantel.o.aida","tag":"os\nwindows\nwindows_management","tag::eventtype":"os\nwindows\nwindows_management","vendor":"Salvatore"}}
{"preview":true,"result":{"ComputerName":"madelaine.chantel.ad.chantel.ub","EventCode":"1001","EventType":"4","Keywords":"None","LogName":"System","Message":"The Group Policy settings for the computer were processed successfully. New settings from 11 Group Policy objects were detected and applied.","OpCode":"Start","RecordNumber":"002021","Sid":"S-1-5-15","SidType":"0","SourceName":"Salvatore-Windows-LwbrdLadkgk","TaskCategory":"None","Type":"Information","User":"NOT_TRANSLATED","_raw":"06/18/2020 01:54:44 PM\nLogName=System\nRhpqmnVflz=Salvatore-Windows-LwbrdLadkgk\nStwxmMqfg=1001\nEventType=4\nType=Information\nComputerName=madelaine.chantel.ad.chantel.ub\nUser=NOT_TRANSLATED\nKit=S-1-5-15\nPegYmtf=0\nWwzpIrqtfssz=None\nOpCode=Start\nVdtzufVjledg=002021\nKeywords=None\nMessage=The Group Policy settings for the computer were processed successfully. New settings from 11 Group Policy objects were detected and applied.","_time":"2020-09-19T13:54:44.000-0400","body":"The Group Policy settings for the computer were processed successfully. New settings from 11 Group Policy objects were detected and applied.","dest":"madelaine.chantel.ad.chantel.ub","dvc":"madelaine","dvc_nt_host":"madelaine","event_id":"002021","eventtype":"wineventlog_common wineventlog_system wineventlog_windows winsystem","host":"madelaine","id":"002021","index":"christopher","linecount":"15","product":"Windows","punct":"//_::_\\r=\\r=--\\r=\\r=\\r=\\r=....\\r=\\r=---\\r=\\r=\\r=\\r=\\r=\\r=_______","severity":"Information","severity_id":"4","signature_id":"1001","source":"ChrIstopHer:System","sourcetype":"WinEventLog:System","splunk_server":"tim-l107.pz.woodrow","src":"madelaine.chantel.ad.chantel.ub","tag":"os\nwindows\nwindows_management","tag::eventtype":"os\nwindows\nwindows_management","vendor":"Salvatore"}}
{"preview":true,"result":{"ComputerName":"madelaine.chantel.ad.chantel.ub","EventCode":"1001","EventType":"4","Keywords":"None","LogName":"System","Message":"The Group Policy settings for the computer were processed successfully. New settings from 11 Group Policy objects were detected and applied.","OpCode":"Start","RecordNumber":"509060","Sid":"S-1-5-15","SidType":"0","SourceName":"Salvatore-Windows-LwbrdLadkgk","TaskCategory":"None","Type":"Information","User":"NOT_TRANSLATED","_raw":"06/18/2020 01:44:27 PM\nLogName=System\nRhpqmnVflz=Salvatore-Windows-LwbrdLadkgk\nStwxmMqfg=1001\nEventType=4\nType=Information\nComputerName=madelaine.chantel.ad.chantel.ub\nUser=NOT_TRANSLATED\nKit=S-1-5-15\nPegYmtf=0\nWwzpIrqtfssz=None\nOpCode=Start\nVdtzufVjledg=509060\nKeywords=None\nMessage=The Group Policy settings for the computer were processed successfully. New settings from 11 Group Policy objects were detected and applied.","_time":"2020-09-19T13:44:27.000-0400","body":"The Group Policy settings for the computer were processed successfully. New settings from 11 Group Policy objects were detected and applied.","dest":"madelaine.chantel.ad.chantel.ub","dvc":"madelaine","dvc_nt_host":"madelaine","event_id":"509060","eventtype":"wineventlog_common wineventlog_system wineventlog_windows winsystem","host":"madelaine","id":"509060","index":"christopher","linecount":"15","product":"Windows","punct":"//_::_\\r=\\r=--\\r=\\r=\\r=\\r=....\\r=\\r=---\\r=\\r=\\r=\\r=\\r=\\r=_______","severity":"Information","severity_id":"4","signature_id":"1001","source":"ChrIstopHer:System","sourcetype":"WinEventLog:System","splunk_server":"TIM-S107","src":"madelaine.chantel.ad.chantel.ub","tag":"os\nwindows\nwindows_management","tag::eventtype":"os\nwindows\nwindows_management","vendor":"Salvatore"}}
{"preview":true,"result":{"ComputerName":"madelaine.chantel.ad.chantel.ub","EventCode":"1001","EventType":"4","Keywords":"None","LogName":"System","Message":"The Group Policy settings for the computer were processed successfully. New settings from 11 Group Policy objects were detected and applied.","OpCode":"Start","RecordNumber":"505043","Sid":"S-1-5-15","SidType":"0","SourceName":"Salvatore-Windows-LwbrdLadkgk","TaskCategory":"None","Type":"Information","User":"NOT_TRANSLATED","_raw":"06/18/2020 01:23:54 PM\nLogName=System\nRhpqmnVflz=Salvatore-Windows-LwbrdLadkgk\nStwxmMqfg=1001\nEventType=4\nType=Information\nComputerName=madelaine.chantel.ad.chantel.ub\nUser=NOT_TRANSLATED\nKit=S-1-5-15\nPegYmtf=0\nWwzpIrqtfssz=None\nOpCode=Start\nVdtzufVjledg=505043\nKeywords=None\nMessage=The Group Policy settings for the computer were processed successfully. New settings from 11 Group Policy objects were detected and applied.","_time":"2020-09-19T13:23:54.000-0400","body":"The Group Policy settings for the computer were processed successfully. New settings from 11 Group Policy objects were detected and applied.","dest":"madelaine.chantel.ad.chantel.ub","dvc":"madelaine","dvc_nt_host":"madelaine","event_id":"505043","eventtype":"wineventlog_common wineventlog_system wineventlog_windows winsystem","host":"madelaine","id":"505043","index":"christopher","linecount":"15","product":"Windows","punct":"//_::_\\r=\\r=--\\r=\\r=\\r=\\r=....\\r=\\r=---\\r=\\r=\\r=\\r=\\r=\\r=_______","severity":"Information","severity_id":"4","signature_id":"1001","source":"ChrIstopHer:System","sourcetype":"WinEventLog:System","splunk_server":"TIM-S107","src":"madelaine.chantel.ad.chantel.ub","tag":"os\nwindows\nwindows_management","tag::eventtype":"os\nwindows\nwindows_management","vendor":"Salvatore"}}
{"preview":true,"result":{"ComputerName":"madelaine.chantel.ad.chantel.ub","EventCode":"1001","EventType":"4","Keywords":"None","LogName":"System","Message":"The Group Policy settings for the computer were processed successfully. New settings from 11 Group Policy objects were detected and applied.","OpCode":"Start","RecordNumber":"308063","Sid":"S-1-5-15","SidType":"0","SourceName":"Salvatore-Windows-LwbrdLadkgk","TaskCategory":"None","Type":"Information","User":"NOT_TRANSLATED","_raw":"06/18/2020 01:18:46 PM\nLogName=System\nRhpqmnVflz=Salvatore-Windows-LwbrdLadkgk\nStwxmMqfg=1001\nEventType=4\nType=Information\nComputerName=madelaine.chantel.ad.chantel.ub\nUser=NOT_TRANSLATED\nKit=S-1-5-15\nPegYmtf=0\nWwzpIrqtfssz=None\nOpCode=Start\nVdtzufVjledg=308063\nKeywords=None\nMessage=The Group Policy settings for the computer were processed successfully. New settings from 11 Group Policy objects were detected and applied.","_time":"2020-09-19T13:18:46.000-0400","body":"The Group Policy settings for the computer were processed successfully. New settings from 11 Group Policy objects were detected and applied.","dest":"madelaine.chantel.ad.chantel.ub","dvc":"madelaine","dvc_nt_host":"madelaine","event_id":"308063","eventtype":"wineventlog_common wineventlog_system wineventlog_windows winsystem","host":"madelaine","id":"308063","index":"christopher","linecount":"15","product":"Windows","punct":"//_::_\\r=\\r=--\\r=\\r=\\r=\\r=....\\r=\\r=---\\r=\\r=\\r=\\r=\\r=\\r=_______","severity":"Information","severity_id":"4","signature_id":"1001","source":"ChrIstopHer:System","sourcetype":"WinEventLog:System","splunk_server":"TIM-S107","src":"madelaine.chantel.ad.chantel.ub","tag":"os\nwindows\nwindows_management","tag::eventtype":"os\nwindows\nwindows_management","vendor":"Salvatore"}}
{"preview":true,"result":{"ComputerName":"madelaine.chantel.ad.chantel.ub","EventCode":"1001","EventType":"4","Keywords":"None","LogName":"System","Message":"The Group Policy settings for the computer were processed successfully. New settings from 11 Group Policy objects were detected and applied.","OpCode":"Start","RecordNumber":"506061","Sid":"S-1-5-15","SidType":"0","SourceName":"Salvatore-Windows-LwbrdLadkgk","TaskCategory":"None","Type":"Information","User":"NOT_TRANSLATED","_raw":"06/18/2020 01:13:38 PM\nLogName=System\nRhpqmnVflz=Salvatore-Windows-LwbrdLadkgk\nStwxmMqfg=1001\nEventType=4\nType=Information\nComputerName=madelaine.chantel.ad.chantel.ub\nUser=NOT_TRANSLATED\nKit=S-1-5-15\nPegYmtf=0\nWwzpIrqtfssz=None\nOpCode=Start\nVdtzufVjledg=506061\nKeywords=None\nMessage=The Group Policy settings for the computer were processed successfully. New settings from 11 Group Policy objects were detected and applied.","_time":"2020-09-19T13:13:38.000-0400","body":"The Group Policy settings for the computer were processed successfully. New settings from 11 Group Policy objects were detected and applied.","dest":"madelaine.chantel.ad.chantel.ub","dvc":"madelaine","dvc_nt_host":"madelaine","event_id":"506061","eventtype":"wineventlog_common wineventlog_system wineventlog_windows winsystem","host":"madelaine","id":"506061","index":"christopher","linecount":"15","product":"Windows","punct":"//_::_\\r=\\r=--\\r=\\r=\\r=\\r=....\\r=\\r=---\\r=\\r=\\r=\\r=\\r=\\r=_______","severity":"Information","severity_id":"4","signature_id":"1001","source":"ChrIstopHer:System","sourcetype":"WinEventLog:System","splunk_server":"tim-l107.pz.woodrow","src":"madelaine.chantel.ad.chantel.ub","tag":"os\nwindows\nwindows_management","tag::eventtype":"os\nwindows\nwindows_management","vendor":"Salvatore"}}
{"preview":true,"result":{"ComputerName":"madelaine.chantel.ad.chantel.ub","EventCode":"1001","EventType":"4","Keywords":"None","LogName":"System","Message":"The Group Policy settings for the computer were processed successfully. New settings from 11 Group Policy objects were detected and applied.","OpCode":"Start","RecordNumber":"205010","Sid":"S-1-5-15","SidType":"0","SourceName":"Salvatore-Windows-LwbrdLadkgk","TaskCategory":"None","Type":"Information","User":"NOT_TRANSLATED","_raw":"06/18/2020 12:58:13 PM\nLogName=System\nRhpqmnVflz=Salvatore-Windows-LwbrdLadkgk\nStwxmMqfg=1001\nEventType=4\nType=Information\nComputerName=madelaine.chantel.ad.chantel.ub\nUser=NOT_TRANSLATED\nKit=S-1-5-15\nPegYmtf=0\nWwzpIrqtfssz=None\nOpCode=Start\nVdtzufVjledg=205010\nKeywords=None\nMessage=The Group Policy settings for the computer were processed successfully. New settings from 11 Group Policy objects were detected and applied.","_time":"2020-09-19T12:58:13.000-0400","body":"The Group Policy settings for the computer were processed successfully. New settings from 11 Group Policy objects were detected and applied.","dest":"madelaine.chantel.ad.chantel.ub","dvc":"madelaine","dvc_nt_host":"madelaine","event_id":"205010","eventtype":"wineventlog_common wineventlog_system wineventlog_windows winsystem","host":"madelaine","id":"205010","index":"christopher","linecount":"15","product":"Windows","punct":"//_::_\\r=\\r=--\\r=\\r=\\r=\\r=....\\r=\\r=---\\r=\\r=\\r=\\r=\\r=\\r=_______","severity":"Information","severity_id":"4","signature_id":"1001","source":"ChrIstopHer:System","sourcetype":"WinEventLog:System","splunk_server":"tim-l107.pz.woodrow","src":"madelaine.chantel.ad.chantel.ub","tag":"os\nwindows\nwindows_management","tag::eventtype":"os\nwindows\nwindows_management","vendor":"Salvatore"}}
{"preview":true,"result":{"ComputerName":"CAP-E212.chantel.o.aida","EventCode":"10","EventType":"4","Keywords":"None","LogName":"System","Message":"The access history in hive \\??\\C:\\GlrvqkbVpfm\\Flavia\\KcebucCvbyx\\EahgPyfb\\RirqarIhrkMdZmhg00100-0.pei was cleared updating 01 keys and creating 7 modified pages.","OpCode":"Info","RecordNumber":"32361","Sid":"S-1-5-15","SidType":"1","SourceName":"Salvatore-Windows-Kernel-General","TaskCategory":"None","Type":"Information","User":"SYSTEM","_raw":"06/18/2020 12:57:13 PM\nLogName=System\nRhpqmnVflz=Salvatore-Windows-Kernel-General\nStwxmMqfg=10\nEventType=4\nType=Information\nComputerName=CAP-E212.chantel.o.aida\nUser=SYSTEM\nKit=S-1-5-15\nPegYmtf=1\nWwzpIrqtfssz=None\nOpCode=Info\nVdtzufVjledg=32361\nKeywords=None\nMessage=The access history in hive \\??\\C:\\GlrvqkbVpfm\\Flavia\\KcebucCvbyx\\EahgPyfb\\RirqarIhrkMdZmhg00100-0.pei was cleared updating 01 keys and creating 7 modified pages.","_time":"2020-09-19T12:57:13.000-0400","body":"The access history in hive \\??\\C:\\GlrvqkbVpfm\\Flavia\\KcebucCvbyx\\EahgPyfb\\RirqarIhrkMdZmhg00100-0.pei was cleared updating 01 keys and creating 7 modified pages.","dest":"CAP-E212.chantel.o.aida","dvc":"CAP-E212","dvc_nt_host":"CAP-E212","event_id":"32361","eventtype":"nix_kernel_attached wineventlog_common wineventlog_system wineventlog_windows winsystem","host":"CAP-E212","id":"32361","index":"christopher","linecount":"15","product":"Windows","punct":"//_::_==---====-...==---======_____\\??\\:\\\\\\\\\\-.___","severity":"Information","severity_id":"4","signature_id":"10","source":"ChrIstopHer:System","sourcetype":"WinEventLog:System","splunk_server":"TIM-S107","src":"CAP-E212.chantel.o.aida","tag":"os\nwindows\nwindows_management","tag::eventtype":"os\nwindows\nwindows_management","vendor":"Salvatore"}}
{"preview":true,"result":{"ComputerName":"CAP-E212.chantel.o.aida","EventCode":"10","EventType":"4","Keywords":"None","LogName":"System","Message":"The access history in hive \\??\\C:\\GlrvqkbVpfm\\Flavia\\KcebucCvbyx\\EahgPyfb\\RirqarIhrkMdZmhg00100-0.pei was cleared updating 0112 keys and creating 102 modified pages.","OpCode":"Info","RecordNumber":"35260","Sid":"S-1-5-15","SidType":"1","SourceName":"Salvatore-Windows-Kernel-General","TaskCategory":"None","Type":"Information","User":"SYSTEM","_raw":"06/18/2020 12:57:12 PM\nLogName=System\nRhpqmnVflz=Salvatore-Windows-Kernel-General\nStwxmMqfg=10\nEventType=4\nType=Information\nComputerName=CAP-E212.chantel.o.aida\nUser=SYSTEM\nKit=S-1-5-15\nPegYmtf=1\nWwzpIrqtfssz=None\nOpCode=Info\nVdtzufVjledg=35260\nKeywords=None\nMessage=The access history in hive \\??\\C:\\GlrvqkbVpfm\\Flavia\\KcebucCvbyx\\EahgPyfb\\RirqarIhrkMdZmhg00100-0.pei was cleared updating 0112 keys and creating 102 modified pages.","_time":"2020-09-19T12:57:12.000-0400","body":"The access history in hive \\??\\C:\\GlrvqkbVpfm\\Flavia\\KcebucCvbyx\\EahgPyfb\\RirqarIhrkMdZmhg00100-0.pei was cleared updating 0112 keys and creating 102 modified pages.","dest":"CAP-E212.chantel.o.aida","dvc":"CAP-E212","dvc_nt_host":"CAP-E212","event_id":"35260","eventtype":"nix_kernel_attached wineventlog_common wineventlog_system wineventlog_windows winsystem","host":"CAP-E212","id":"35260","index":"christopher","linecount":"15","product":"Windows","punct":"//_::_==---====-...==---======_____\\??\\:\\\\\\\\\\-.___","severity":"Information","severity_id":"4","signature_id":"10","source":"ChrIstopHer:System","sourcetype":"WinEventLog:System","splunk_server":"TIM-S107","src":"CAP-E212.chantel.o.aida","tag":"os\nwindows\nwindows_management","tag::eventtype":"os\nwindows\nwindows_management","vendor":"Salvatore"}}
{"preview":true,"result":{"ComputerName":"CAP-E212.chantel.o.aida","EventCode":"10","EventType":"4","Keywords":"None","LogName":"System","Message":"The access history in hive \\??\\C:\\GlrvqkbVpfm\\Flavia\\KcebucCvbyx\\EahgPyfb\\RirqarIhrkMdZmhg00100-0.pei was cleared updating 01 keys and creating 7 modified pages.","OpCode":"Info","RecordNumber":"81056","Sid":"S-1-5-15","SidType":"1","SourceName":"Salvatore-Windows-Kernel-General","TaskCategory":"None","Type":"Information","User":"SYSTEM","_raw":"06/18/2020 12:57:12 PM\nLogName=System\nRhpqmnVflz=Salvatore-Windows-Kernel-General\nStwxmMqfg=10\nEventType=4\nType=Information\nComputerName=CAP-E212.chantel.o.aida\nUser=SYSTEM\nKit=S-1-5-15\nPegYmtf=1\nWwzpIrqtfssz=None\nOpCode=Info\nVdtzufVjledg=81056\nKeywords=None\nMessage=The access history in hive \\??\\C:\\GlrvqkbVpfm\\Flavia\\KcebucCvbyx\\EahgPyfb\\RirqarIhrkMdZmhg00100-0.pei was cleared updating 01 keys and creating 7 modified pages.","_time":"2020-09-19T12:57:12.000-0400","body":"The access history in hive \\??\\C:\\GlrvqkbVpfm\\Flavia\\KcebucCvbyx\\EahgPyfb\\RirqarIhrkMdZmhg00100-0.pei was cleared updating 01 keys and creating 7 modified pages.","dest":"CAP-E212.chantel.o.aida","dvc":"CAP-E212","dvc_nt_host":"CAP-E212","event_id":"81056","eventtype":"nix_kernel_attached wineventlog_common wineventlog_system wineventlog_windows winsystem","host":"CAP-E212","id":"81056","index":"christopher","linecount":"15","product":"Windows","punct":"//_::_==---====-...==---======_____\\??\\:\\\\\\\\\\-.___","severity":"Information","severity_id":"4","signature_id":"10","source":"ChrIstopHer:System","sourcetype":"WinEventLog:System","splunk_server":"TIM-S107","src":"CAP-E212.chantel.o.aida","tag":"os\nwindows\nwindows_management","tag::eventtype":"os\nwindows\nwindows_management","vendor":"Salvatore"}}
{"preview":true,"result":{"ComputerName":"CAP-E212.chantel.o.aida","EventCode":"10","EventType":"4","Keywords":"None","LogName":"System","Message":"The access history in hive \\??\\C:\\GlrvqkbVpfm\\Flavia\\KcebucCvbyx\\EahgPyfb\\RirqarIhrkMdZmhg00100-0.pei was cleared updating 01 keys and creating 7 modified pages.","OpCode":"Info","RecordNumber":"22334","Sid":"S-1-5-15","SidType":"1","SourceName":"Salvatore-Windows-Kernel-General","TaskCategory":"None","Type":"Information","User":"SYSTEM","_raw":"06/18/2020 12:57:10 PM\nLogName=System\nRhpqmnVflz=Salvatore-Windows-Kernel-General\nStwxmMqfg=10\nEventType=4\nType=Information\nComputerName=CAP-E212.chantel.o.aida\nUser=SYSTEM\nKit=S-1-5-15\nPegYmtf=1\nWwzpIrqtfssz=None\nOpCode=Info\nVdtzufVjledg=22334\nKeywords=None\nMessage=The access history in hive \\??\\C:\\GlrvqkbVpfm\\Flavia\\KcebucCvbyx\\EahgPyfb\\RirqarIhrkMdZmhg00100-0.pei was cleared updating 01 keys and creating 7 modified pages.","_time":"2020-09-19T12:57:10.000-0400","body":"The access history in hive \\??\\C:\\GlrvqkbVpfm\\Flavia\\KcebucCvbyx\\EahgPyfb\\RirqarIhrkMdZmhg00100-0.pei was cleared updating 01 keys and creating 7 modified pages.","dest":"CAP-E212.chantel.o.aida","dvc":"CAP-E212","dvc_nt_host":"CAP-E212","event_id":"22334","eventtype":"nix_kernel_attached wineventlog_common wineventlog_system wineventlog_windows winsystem","host":"CAP-E212","id":"22334","index":"christopher","linecount":"15","product":"Windows","punct":"//_::_==---====-...==---======_____\\??\\:\\\\\\\\\\-.___","severity":"Information","severity_id":"4","signature_id":"10","source":"ChrIstopHer:System","sourcetype":"WinEventLog:System","splunk_server":"TIM-S107","src":"CAP-E212.chantel.o.aida","tag":"os\nwindows\nwindows_management","tag::eventtype":"os\nwindows\nwindows_management","vendor":"Salvatore"}}
