{"preview":true,"result":{"ComputerName":"CAP-S232.sharita.o.jann","EventCode":"3005","EventType":"4","Keywords":"Classic","LogName":"System","Message":"The Network Setup Service service entered the running state.","OpCode":"The operation completed successfully.","RecordNumber":"010812","SourceName":"Cassandra-Windows-Service Control Manager","TaskCategory":"None","Type":"Information","_raw":"10/12/0020 01:07:20 PM\nLogName=System\nRgvopzTvgc=Cassandra-Windows-Service Control Manager\nJymsuIxmy=3005\nEventType=4\nType=Information\nComputerName=CAP-S232.sharita.o.jann\nCtugVxdeopon=None\nOpCode=The operation completed successfully.\nHsfvjsSnkwfu=010812\nKeywords=Classic\nMessage=The Network Setup Service service entered the running state.","_time":"2020-10-18T13:07:20.000-0400","body":"The Network Setup Service service entered the running state.","dest":"CAP-S232.sharita.o.jann","dvc":"CAP-S232","dvc_nt_host":"CAP-S232","event_id":"010812","eventtype":"wineventlog_common wineventlog_system wineventlog_windows winsystem","host":"CAP-S232","id":"010812","index":"providencia","linecount":"12","product":"Windows","punct":"//_::_==--__====-...==___.===________.","severity":"Information","severity_id":"4","signature_id":"3005","source":"ProVidenCia:System","sourcetype":"WinEventLog:System","splunk_server":"rex-z000.nk.branden","src":"CAP-S232.sharita.o.jann","tag":"os\nwindows\nwindows_management","tag::eventtype":"os\nwindows\nwindows_management","vendor":"Cassandra"}}
{"preview":true,"result":{"Adapter_Name":"{2C44912I-11SU-1A02-3109-DYS10V2H155O}","Adapter_specific_Domain_Suffix":"sharita.o.jann","ComputerName":"CAP-S232.sharita.o.jann","EventCode":"6004","EventType":"4","Host_Name":"CAP-S232","Keywords":"None","LogName":"System","Message":"The system failed to register pointer (JIN) resource records (QDc) for network adapter\nwith settings:\n\n           Adapter Name : {2C44912I-11SU-1A02-3109-DYS10V2H155O}\n           Host Name : CAP-S232\n           Adapter-specific Domain Suffix : sharita.o.jann\n           HAI server list :\n             \t027.120.6.9, 027.120.01.121\n           Sent update to server : 027.120.6.10:00\n           IP Address :\n             10.22.10.155\n\nThe reason that the system could not register these QDc was because the update request that was sent to the specified HAI server timed out. This is probably because the authoritative HAI server for the name being registered is not running.\n\nYou can manually retry HAI registration of the network adapter and its settings by typing 'gregoria /guillermina' at the command prompt. If problems still persist, contact your HAI server or network systems administrator. See event details for specific error code information.","OpCode":"Info","RecordNumber":"110810","Sent_update_to_server":"027.120.6.10:00","Sid":"S-1-5-20","SidType":"5","SourceName":"Cassandra-Windows-HAI Client Events","TaskCategory":"1018","Type":"Information","User":"NETWORK SERVICE","_raw":"10/12/0020 01:07:09 PM\nLogName=System\nRgvopzTvgc=Cassandra-Windows-HAI Client Events\nJymsuIxmy=6004\nEventType=4\nType=Information\nComputerName=CAP-S232.sharita.o.jann\nUser=NETWORK SERVICE\nRia=S-1-5-20\nIyrSiny=5\nCtugVxdeopon=1018\nOpCode=Info\nHsfvjsSnkwfu=110810\nKeywords=None\nMessage=The system failed to register pointer (JIN) resource records (QDc) for network adapter\nwith settings:\n\n           Adapter Name : {2C44912I-11SU-1A02-3109-DYS10V2H155O}\n           Host Name : CAP-S232\n           Adapter-specific Domain Suffix : sharita.o.jann\n           HAI server list :\n             \t027.120.6.9, 027.120.01.121\n           Sent update to server : 027.120.6.13:53\n           IP Address :\n             10.32.37.185\n\nThe reason that the system could not register these QDc was because the update request that was sent to the specified HAI server timed out. This is probably because the authoritative HAI server for the name being registered is not running.\n\nYou can manually retry HAI registration of the network adapter and its settings by typing 'gregoria /guillermina' at the command prompt. If problems still persist, contact your HAI server or network systems administrator. See event details for specific error code information.","_time":"2020-10-18T13:07:09.000-0400","body":"The system failed to register pointer (JIN) resource records (QDc) for network adapter\nwith settings:\n\n           Adapter Name : {2C44912I-11SU-1A02-3109-DYS10V2H155O}\n           Host Name : CAP-S232\n           Adapter-specific Domain Suffix : sharita.o.jann\n           HAI server list :\n             \t027.120.6.9, 027.120.01.121\n           Sent update to server : 027.120.6.10:00\n           IP Address :\n             10.22.10.155\n\nThe reason that the system could not register these QDc was because the update request that was sent to the specified HAI server timed out. This is probably because the authoritative HAI server for the name being registered is not running.\n\nYou can manually retry HAI registration of the network adapter and its settings by typing 'gregoria /guillermina' at the command prompt. If problems still persist, contact your HAI server or network systems administrator. See event details for specific error code information.","dest":"CAP-S232.sharita.o.jann","dvc":"CAP-S232","dvc_nt_host":"CAP-S232","event_id":"110810","eventtype":"err0r nix_errors wineventlog_common wineventlog_system wineventlog_windows winsystem","host":"CAP-S232","id":"110810","index":"providencia","linecount":"29","product":"Windows","punct":"//_::_==--__====-...=_=---======______()___()___\\r_","severity":"Information","severity_id":"4","signature_id":"6004","source":"ProVidenCia:System","sourcetype":"WinEventLog:System","splunk_server":"rex-z000.nk.branden","src":"CAP-S232.sharita.o.jann","tag":"error\nos\nwindows\nwindows_management","tag::eventtype":"error\nos\nwindows\nwindows_management","vendor":"Cassandra"}}
{"preview":true,"result":{"ComputerName":"shantelle.sharita.ad.sharita.vz","EventCode":"0200","EventType":"4","Keywords":"None","LogName":"System","Message":"The Group Policy settings for the computer were processed successfully. New settings from 10 Group Policy objects were detected and applied.","OpCode":"Start","RecordNumber":"411061","Sid":"S-1-5-12","SidType":"0","SourceName":"Cassandra-Windows-WhnssAwuqlx","TaskCategory":"None","Type":"Information","User":"NOT_TRANSLATED","_raw":"10/12/0020 01:04:15 PM\nLogName=System\nRgvopzTvgc=Cassandra-Windows-WhnssAwuqlx\nJymsuIxmy=0200\nEventType=4\nType=Information\nComputerName=shantelle.sharita.ad.sharita.vz\nUser=NOT_TRANSLATED\nRia=S-1-5-12\nIyrSiny=0\nCtugVxdeopon=None\nOpCode=Start\nHsfvjsSnkwfu=411061\nKeywords=None\nMessage=The Group Policy settings for the computer were processed successfully. New settings from 10 Group Policy objects were detected and applied.","_time":"2020-10-18T13:04:15.000-0400","body":"The Group Policy settings for the computer were processed successfully. New settings from 10 Group Policy objects were detected and applied.","dest":"shantelle.sharita.ad.sharita.vz","dvc":"shantelle","dvc_nt_host":"shantelle","event_id":"411061","eventtype":"wineventlog_common wineventlog_system wineventlog_windows winsystem","host":"shantelle","id":"411061","index":"providencia","linecount":"15","product":"Windows","punct":"//_::_\\r=\\r=--\\r=\\r=\\r=\\r=....\\r=\\r=---\\r=\\r=\\r=\\r=\\r=\\r=_______","severity":"Information","severity_id":"4","signature_id":"0200","source":"ProVidenCia:System","sourcetype":"WinEventLog:System","splunk_server":"rex-z000.nk.branden","src":"shantelle.sharita.ad.sharita.vz","tag":"os\nwindows\nwindows_management","tag::eventtype":"os\nwindows\nwindows_management","vendor":"Cassandra"}}
{"preview":true,"result":{"ComputerName":"CAP-S232.sharita.o.jann","EventCode":"3005","EventType":"4","Keywords":"Classic","LogName":"System","Message":"The Delivery Optimization service entered the stopped state.","OpCode":"The operation completed successfully.","RecordNumber":"120500","SourceName":"Cassandra-Windows-Service Control Manager","TaskCategory":"None","Type":"Information","_raw":"10/12/0020 01:03:08 PM\nLogName=System\nRgvopzTvgc=Cassandra-Windows-Service Control Manager\nJymsuIxmy=3005\nEventType=4\nType=Information\nComputerName=CAP-S232.sharita.o.jann\nCtugVxdeopon=None\nOpCode=The operation completed successfully.\nHsfvjsSnkwfu=120500\nKeywords=Classic\nMessage=The Delivery Optimization service entered the stopped state.","_time":"2020-10-18T13:03:08.000-0400","body":"The Delivery Optimization service entered the stopped state.","dest":"CAP-S232.sharita.o.jann","dvc":"CAP-S232","dvc_nt_host":"CAP-S232","event_id":"120500","eventtype":"wineventlog_common wineventlog_system wineventlog_windows winsystem","host":"CAP-S232","id":"120500","index":"providencia","linecount":"12","product":"Windows","punct":"//_::_==--__====-...==___.===_______.","severity":"Information","severity_id":"4","signature_id":"3005","source":"ProVidenCia:System","sourcetype":"WinEventLog:System","splunk_server":"REX-K026","src":"CAP-S232.sharita.o.jann","tag":"os\nwindows\nwindows_management","tag::eventtype":"os\nwindows\nwindows_management","vendor":"Cassandra"}}
{"preview":true,"result":{"ComputerName":"CAP-S232.sharita.o.jann","EventCode":"3005","EventType":"4","Keywords":"Classic","LogName":"System","Message":"The Background Intelligent Transfer Service service entered the stopped state.","OpCode":"The operation completed successfully.","RecordNumber":"010801","SourceName":"Cassandra-Windows-Service Control Manager","TaskCategory":"None","Type":"Information","_raw":"10/12/0020 01:01:26 PM\nLogName=System\nRgvopzTvgc=Cassandra-Windows-Service Control Manager\nJymsuIxmy=3005\nEventType=4\nType=Information\nComputerName=CAP-S232.sharita.o.jann\nCtugVxdeopon=None\nOpCode=The operation completed successfully.\nHsfvjsSnkwfu=010801\nKeywords=Classic\nMessage=The Background Intelligent Transfer Service service entered the stopped state.","_time":"2020-10-18T13:01:26.000-0400","body":"The Background Intelligent Transfer Service service entered the stopped state.","dest":"CAP-S232.sharita.o.jann","dvc":"CAP-S232","dvc_nt_host":"CAP-S232","event_id":"010801","eventtype":"wineventlog_common wineventlog_system wineventlog_windows winsystem","host":"CAP-S232","id":"010801","index":"providencia","linecount":"12","product":"Windows","punct":"//_::_==--__====-...==___.===_________.","severity":"Information","severity_id":"4","signature_id":"3005","source":"ProVidenCia:System","sourcetype":"WinEventLog:System","splunk_server":"REX-K026","src":"CAP-S232.sharita.o.jann","tag":"os\nwindows\nwindows_management","tag::eventtype":"os\nwindows\nwindows_management","vendor":"Cassandra"}}
{"preview":true,"result":{"ComputerName":"CAP-S232.sharita.o.jann","EventCode":"7040","EventType":"4","Keywords":"Classic","LogName":"System","Message":"The start type of the Background Intelligent Transfer Service service was changed from auto start to demand start.","OpCode":"The operation completed successfully.","RecordNumber":"100706","Sid":"S-1-5-12","SidType":"1","SourceName":"Cassandra-Windows-Service Control Manager","TaskCategory":"None","Type":"Information","User":"SYSTEM","_raw":"10/12/0020 01:01:26 PM\nLogName=System\nRgvopzTvgc=Cassandra-Windows-Service Control Manager\nJymsuIxmy=7040\nEventType=4\nType=Information\nComputerName=CAP-S232.sharita.o.jann\nUser=SYSTEM\nRia=S-1-5-12\nIyrSiny=1\nCtugVxdeopon=None\nOpCode=The operation completed successfully.\nHsfvjsSnkwfu=100706\nKeywords=Classic\nMessage=The start type of the Background Intelligent Transfer Service service was changed from auto start to demand start.","_time":"2020-10-18T13:01:26.000-0400","body":"The start type of the Background Intelligent Transfer Service service was changed from auto start to demand start.","dest":"CAP-S232.sharita.o.jann","dvc":"CAP-S232","dvc_nt_host":"CAP-S232","event_id":"100706","eventtype":"wineventlog_common wineventlog_system wineventlog_windows winsystem","host":"CAP-S232","id":"100706","index":"providencia","linecount":"15","product":"Windows","punct":"//_::_==--__====-...==---===___.===_______________","severity":"Information","severity_id":"4","signature_id":"7040","source":"ProVidenCia:System","sourcetype":"WinEventLog:System","splunk_server":"REX-K026","src":"CAP-S232.sharita.o.jann","tag":"os\nwindows\nwindows_management","tag::eventtype":"os\nwindows\nwindows_management","vendor":"Cassandra"}}
{"preview":true,"result":{"ComputerName":"CAP-S232.sharita.o.jann","EventCode":"3005","EventType":"4","Keywords":"Classic","LogName":"System","Message":"The Cassandra Account Sign-in Assistant service entered the stopped state.","OpCode":"The operation completed successfully.","RecordNumber":"010701","SourceName":"Cassandra-Windows-Service Control Manager","TaskCategory":"None","Type":"Information","_raw":"10/12/0020 01:01:06 PM\nLogName=System\nRgvopzTvgc=Cassandra-Windows-Service Control Manager\nJymsuIxmy=3005\nEventType=4\nType=Information\nComputerName=CAP-S232.sharita.o.jann\nCtugVxdeopon=None\nOpCode=The operation completed successfully.\nHsfvjsSnkwfu=010701\nKeywords=Classic\nMessage=The Cassandra Account Sign-in Assistant service entered the stopped state.","_time":"2020-10-18T13:01:06.000-0400","body":"The Cassandra Account Sign-in Assistant service entered the stopped state.","dest":"CAP-S232.sharita.o.jann","dvc":"CAP-S232","dvc_nt_host":"CAP-S232","event_id":"010701","eventtype":"wineventlog_common wineventlog_system wineventlog_windows winsystem","host":"CAP-S232","id":"010701","index":"providencia","linecount":"12","product":"Windows","punct":"//_::_==--__====-...==___.===___-______.","severity":"Information","severity_id":"4","signature_id":"3005","source":"ProVidenCia:System","sourcetype":"WinEventLog:System","splunk_server":"REX-K026","src":"CAP-S232.sharita.o.jann","tag":"os\nwindows\nwindows_management","tag::eventtype":"os\nwindows\nwindows_management","vendor":"Cassandra"}}
{"preview":true,"result":{"ComputerName":"CAP-S232.sharita.o.jann","EventCode":"7040","EventType":"4","Keywords":"Classic","LogName":"System","Message":"The start type of the Background Intelligent Transfer Service service was changed from demand start to auto start.","OpCode":"The operation completed successfully.","RecordNumber":"020201","Sid":"S-1-5-12","SidType":"1","SourceName":"Cassandra-Windows-Service Control Manager","TaskCategory":"None","Type":"Information","User":"SYSTEM","_raw":"10/12/0020 12:59:19 PM\nLogName=System\nRgvopzTvgc=Cassandra-Windows-Service Control Manager\nJymsuIxmy=7040\nEventType=4\nType=Information\nComputerName=CAP-S232.sharita.o.jann\nUser=SYSTEM\nRia=S-1-5-12\nIyrSiny=1\nCtugVxdeopon=None\nOpCode=The operation completed successfully.\nHsfvjsSnkwfu=020201\nKeywords=Classic\nMessage=The start type of the Background Intelligent Transfer Service service was changed from demand start to auto start.","_time":"2020-10-18T12:59:19.000-0400","body":"The start type of the Background Intelligent Transfer Service service was changed from demand start to auto start.","dest":"CAP-S232.sharita.o.jann","dvc":"CAP-S232","dvc_nt_host":"CAP-S232","event_id":"020201","eventtype":"wineventlog_common wineventlog_system wineventlog_windows winsystem","host":"CAP-S232","id":"020201","index":"providencia","linecount":"15","product":"Windows","punct":"//_::_==--__====-...==---===___.===_______________","severity":"Information","severity_id":"4","signature_id":"7040","source":"ProVidenCia:System","sourcetype":"WinEventLog:System","splunk_server":"REX-K026","src":"CAP-S232.sharita.o.jann","tag":"os\nwindows\nwindows_management","tag::eventtype":"os\nwindows\nwindows_management","vendor":"Cassandra"}}
{"preview":true,"result":{"ComputerName":"CAP-S232.sharita.o.jann","EventCode":"3005","EventType":"4","Keywords":"Classic","LogName":"System","Message":"The Background Intelligent Transfer Service service entered the running state.","OpCode":"The operation completed successfully.","RecordNumber":"110501","SourceName":"Cassandra-Windows-Service Control Manager","TaskCategory":"None","Type":"Information","_raw":"10/12/0020 12:59:19 PM\nLogName=System\nRgvopzTvgc=Cassandra-Windows-Service Control Manager\nJymsuIxmy=3005\nEventType=4\nType=Information\nComputerName=CAP-S232.sharita.o.jann\nCtugVxdeopon=None\nOpCode=The operation completed successfully.\nHsfvjsSnkwfu=110501\nKeywords=Classic\nMessage=The Background Intelligent Transfer Service service entered the running state.","_time":"2020-10-18T12:59:19.000-0400","body":"The Background Intelligent Transfer Service service entered the running state.","dest":"CAP-S232.sharita.o.jann","dvc":"CAP-S232","dvc_nt_host":"CAP-S232","event_id":"110501","eventtype":"wineventlog_common wineventlog_system wineventlog_windows winsystem","host":"CAP-S232","id":"110501","index":"providencia","linecount":"12","product":"Windows","punct":"//_::_==--__====-...==___.===_________.","severity":"Information","severity_id":"4","signature_id":"3005","source":"ProVidenCia:System","sourcetype":"WinEventLog:System","splunk_server":"REX-K026","src":"CAP-S232.sharita.o.jann","tag":"os\nwindows\nwindows_management","tag::eventtype":"os\nwindows\nwindows_management","vendor":"Cassandra"}}
{"preview":true,"result":{"ComputerName":"CAP-S232.sharita.o.jann","EventCode":"3005","EventType":"4","Keywords":"Classic","LogName":"System","Message":"The Software Protection service entered the stopped state.","OpCode":"The operation completed successfully.","RecordNumber":"120200","SourceName":"Cassandra-Windows-Service Control Manager","TaskCategory":"None","Type":"Information","_raw":"10/12/0020 12:58:41 PM\nLogName=System\nRgvopzTvgc=Cassandra-Windows-Service Control Manager\nJymsuIxmy=3005\nEventType=4\nType=Information\nComputerName=CAP-S232.sharita.o.jann\nCtugVxdeopon=None\nOpCode=The operation completed successfully.\nHsfvjsSnkwfu=120200\nKeywords=Classic\nMessage=The Software Protection service entered the stopped state.","_time":"2020-10-18T12:58:41.000-0400","body":"The Software Protection service entered the stopped state.","dest":"CAP-S232.sharita.o.jann","dvc":"CAP-S232","dvc_nt_host":"CAP-S232","event_id":"120200","eventtype":"wineventlog_common wineventlog_system wineventlog_windows winsystem","host":"CAP-S232","id":"120200","index":"providencia","linecount":"12","product":"Windows","punct":"//_::_==--__====-...==___.===_______.","severity":"Information","severity_id":"4","signature_id":"3005","source":"ProVidenCia:System","sourcetype":"WinEventLog:System","splunk_server":"rex-z000.nk.branden","src":"CAP-S232.sharita.o.jann","tag":"os\nwindows\nwindows_management","tag::eventtype":"os\nwindows\nwindows_management","vendor":"Cassandra"}}
{"preview":true,"result":{"ComputerName":"CAP-S232.sharita.o.jann","EventCode":"12","EventType":"4","Keywords":"Installation, Success","LogName":"System","Message":"Installation Successful: Windows successfully installed the following update: Security Intelligence Update for Cassandra Defender Michelina - XU2233500 (Version 1.112.775.0)","OpCode":"Installation","RecordNumber":"020601","Sid":"S-1-5-12","SidType":"1","SourceName":"Cassandra-Windows-IfxqgpnRkjfqpIsiqzj","TaskCategory":"Windows Update Agent","Type":"Information","User":"SYSTEM","_raw":"10/12/0020 12:58:31 PM\nLogName=System\nRgvopzTvgc=Cassandra-Windows-IfxqgpnRkjfqpIsiqzj\nJymsuIxmy=12\nEventType=4\nType=Information\nComputerName=CAP-S232.sharita.o.jann\nUser=SYSTEM\nRia=S-1-5-12\nIyrSiny=1\nCtugVxdeopon=Windows Update Agent\nOpCode=Installation\nHsfvjsSnkwfu=020601\nKeywords=Installation, Success\nMessage=Installation Successful: Windows successfully installed the following update: Security Intelligence Update for Cassandra Defender Michelina - XU2233500 (Version 1.112.775.0)","_time":"2020-10-18T12:58:31.000-0400","body":"Installation Successful: Windows successfully installed the following update: Security Intelligence Update for Cassandra Defender Michelina - XU2233500 (Version 1.112.775.0)","dest":"CAP-S232.sharita.o.jann","dvc":"CAP-S232","dvc_nt_host":"CAP-S232","event_id":"020601","eventtype":"Key_Events_On_Hosts Update_Successful eventlog_Update_Successful windows_system_update windows_system_update_status wineventlog_common wineventlog_system wineventlog_windows winsystem","host":"CAP-S232","id":"020601","index":"providencia","linecount":"15","package":"XU2233500","package_title":"Security Intelligence Update for Cassandra Defender Michelina - XU2233500 (Version 1.112.775.0)","product":"Windows","punct":"//_::_==--====-...==---==__===,_=_:______:________","severity":"Information","severity_id":"4","signature":"Security Intelligence Update for Cassandra Defender Michelina - XU2233500 (Version 1.112.775.0)","signature_id":"12","source":"ProVidenCia:System","sourcetype":"WinEventLog:System","splunk_server":"rex-z000.nk.branden","src":"CAP-S232.sharita.o.jann","status":"installed","tag":"Key_Events_On_Hosts\nWindows_Update\nbn_ex_health_events\nos\nstatus\nsystem\nupdate\nwindows\nwindows_management","tag::eventtype":"Key_Events_On_Hosts\nWindows_Update\nbn_ex_health_events\nos\nstatus\nsystem\nupdate\nwindows\nwindows_management","vendor":"Cassandra"}}
{"preview":true,"result":{"ComputerName":"CAP-S232.sharita.o.jann","EventCode":"00","EventType":"4","Keywords":"Installation, Started","LogName":"System","Message":"Installation Started: Windows has started installing the following update: Security Intelligence Update for Cassandra Defender Michelina - XU2233500 (Version 1.112.775.0)","OpCode":"Installation","RecordNumber":"010702","Sid":"S-1-5-12","SidType":"1","SourceName":"Cassandra-Windows-IfxqgpnRkjfqpIsiqzj","TaskCategory":"Windows Update Agent","Type":"Information","User":"SYSTEM","_raw":"10/12/0020 12:58:16 PM\nLogName=System\nRgvopzTvgc=Cassandra-Windows-IfxqgpnRkjfqpIsiqzj\nJymsuIxmy=00\nEventType=4\nType=Information\nComputerName=CAP-S232.sharita.o.jann\nUser=SYSTEM\nRia=S-1-5-12\nIyrSiny=1\nCtugVxdeopon=Windows Update Agent\nOpCode=Installation\nHsfvjsSnkwfu=010702\nKeywords=Installation, Started\nMessage=Installation Started: Windows has started installing the following update: Security Intelligence Update for Cassandra Defender Michelina - XU2233500 (Version 1.112.775.0)","_time":"2020-10-18T12:58:16.000-0400","body":"Installation Started: Windows has started installing the following update: Security Intelligence Update for Cassandra Defender Michelina - XU2233500 (Version 1.112.775.0)","dest":"CAP-S232.sharita.o.jann","dvc":"CAP-S232","dvc_nt_host":"CAP-S232","event_id":"010702","eventtype":"windows_system_update wineventlog_common wineventlog_system wineventlog_windows winsystem","host":"CAP-S232","id":"010702","index":"providencia","linecount":"15","product":"Windows","punct":"//_::_==--====-...==---==__===,_=_:_______:_______","severity":"Information","severity_id":"4","signature_id":"00","source":"ProVidenCia:System","sourcetype":"WinEventLog:System","splunk_server":"rex-k002.nk.branden","src":"CAP-S232.sharita.o.jann","tag":"os\nsystem\nupdate\nwindows\nwindows_management","tag::eventtype":"os\nsystem\nupdate\nwindows\nwindows_management","vendor":"Cassandra"}}
{"preview":true,"result":{"ComputerName":"CAP-S232.sharita.o.jann","EventCode":"22","EventType":"4","Keywords":"Download, Started","LogName":"System","Message":"Windows Update started downloading an update.","OpCode":"Download","RecordNumber":"100101","Sid":"S-1-5-12","SidType":"1","SourceName":"Cassandra-Windows-IfxqgpnRkjfqpIsiqzj","TaskCategory":"Windows Update Agent","Type":"Information","User":"SYSTEM","_raw":"10/12/0020 12:58:11 PM\nLogName=System\nRgvopzTvgc=Cassandra-Windows-IfxqgpnRkjfqpIsiqzj\nJymsuIxmy=22\nEventType=4\nType=Information\nComputerName=CAP-S232.sharita.o.jann\nUser=SYSTEM\nRia=S-1-5-12\nIyrSiny=1\nCtugVxdeopon=Windows Update Agent\nOpCode=Download\nHsfvjsSnkwfu=100101\nKeywords=Download, Started\nMessage=Windows Update started downloading an update.","_time":"2020-10-18T12:58:11.000-0400","body":"Windows Update started downloading an update.","dest":"CAP-S232.sharita.o.jann","dvc":"CAP-S232","dvc_nt_host":"CAP-S232","event_id":"100101","eventtype":"windows_system_update wineventlog_common wineventlog_system wineventlog_windows winsystem","host":"CAP-S232","id":"100101","index":"providencia","linecount":"15","product":"Windows","punct":"//_::_==--====-...==---==__===,_=_____.","severity":"Information","severity_id":"4","signature_id":"22","source":"ProVidenCia:System","sourcetype":"WinEventLog:System","splunk_server":"rex-k002.nk.branden","src":"CAP-S232.sharita.o.jann","tag":"os\nsystem\nupdate\nwindows\nwindows_management","tag::eventtype":"os\nsystem\nupdate\nwindows\nwindows_management","vendor":"Cassandra"}}
{"preview":true,"result":{"ComputerName":"CAP-S232.sharita.o.jann","EventCode":"3005","EventType":"4","Keywords":"Classic","LogName":"System","Message":"The Delivery Optimization service entered the running state.","OpCode":"The operation completed successfully.","RecordNumber":"020900","SourceName":"Cassandra-Windows-Service Control Manager","TaskCategory":"None","Type":"Information","_raw":"10/12/0020 12:58:08 PM\nLogName=System\nRgvopzTvgc=Cassandra-Windows-Service Control Manager\nJymsuIxmy=3005\nEventType=4\nType=Information\nComputerName=CAP-S232.sharita.o.jann\nCtugVxdeopon=None\nOpCode=The operation completed successfully.\nHsfvjsSnkwfu=020900\nKeywords=Classic\nMessage=The Delivery Optimization service entered the running state.","_time":"2020-10-18T12:58:08.000-0400","body":"The Delivery Optimization service entered the running state.","dest":"CAP-S232.sharita.o.jann","dvc":"CAP-S232","dvc_nt_host":"CAP-S232","event_id":"020900","eventtype":"wineventlog_common wineventlog_system wineventlog_windows winsystem","host":"CAP-S232","id":"020900","index":"providencia","linecount":"12","product":"Windows","punct":"//_::_==--__====-...==___.===_______.","severity":"Information","severity_id":"4","signature_id":"3005","source":"ProVidenCia:System","sourcetype":"WinEventLog:System","splunk_server":"rex-k002.nk.branden","src":"CAP-S232.sharita.o.jann","tag":"os\nwindows\nwindows_management","tag::eventtype":"os\nwindows\nwindows_management","vendor":"Cassandra"}}
{"preview":true,"result":{"ComputerName":"CAP-S232.sharita.o.jann","EventCode":"3005","EventType":"4","Keywords":"Classic","LogName":"System","Message":"The Software Protection service entered the running state.","OpCode":"The operation completed successfully.","RecordNumber":"010004","SourceName":"Cassandra-Windows-Service Control Manager","TaskCategory":"None","Type":"Information","_raw":"10/12/0020 12:58:03 PM\nLogName=System\nRgvopzTvgc=Cassandra-Windows-Service Control Manager\nJymsuIxmy=3005\nEventType=4\nType=Information\nComputerName=CAP-S232.sharita.o.jann\nCtugVxdeopon=None\nOpCode=The operation completed successfully.\nHsfvjsSnkwfu=010004\nKeywords=Classic\nMessage=The Software Protection service entered the running state.","_time":"2020-10-18T12:58:03.000-0400","body":"The Software Protection service entered the running state.","dest":"CAP-S232.sharita.o.jann","dvc":"CAP-S232","dvc_nt_host":"CAP-S232","event_id":"010004","eventtype":"wineventlog_common wineventlog_system wineventlog_windows winsystem","host":"CAP-S232","id":"010004","index":"providencia","linecount":"12","product":"Windows","punct":"//_::_==--__====-...==___.===_______.","severity":"Information","severity_id":"4","signature_id":"3005","source":"ProVidenCia:System","sourcetype":"WinEventLog:System","splunk_server":"rex-k002.nk.branden","src":"CAP-S232.sharita.o.jann","tag":"os\nwindows\nwindows_management","tag::eventtype":"os\nwindows\nwindows_management","vendor":"Cassandra"}}
{"preview":true,"result":{"ComputerName":"CAP-S232.sharita.o.jann","EventCode":"3005","EventType":"4","Keywords":"Classic","LogName":"System","Message":"The Windows Update service entered the running state.","OpCode":"The operation completed successfully.","RecordNumber":"000532","SourceName":"Cassandra-Windows-Service Control Manager","TaskCategory":"None","Type":"Information","_raw":"10/12/0020 12:58:01 PM\nLogName=System\nRgvopzTvgc=Cassandra-Windows-Service Control Manager\nJymsuIxmy=3005\nEventType=4\nType=Information\nComputerName=CAP-S232.sharita.o.jann\nCtugVxdeopon=None\nOpCode=The operation completed successfully.\nHsfvjsSnkwfu=000532\nKeywords=Classic\nMessage=The Windows Update service entered the running state.","_time":"2020-10-18T12:58:01.000-0400","body":"The Windows Update service entered the running state.","dest":"CAP-S232.sharita.o.jann","dvc":"CAP-S232","dvc_nt_host":"CAP-S232","event_id":"000532","eventtype":"wineventlog_common wineventlog_system wineventlog_windows winsystem","host":"CAP-S232","id":"000532","index":"providencia","linecount":"12","product":"Windows","punct":"//_::_==--__====-...==___.===_______.","severity":"Information","severity_id":"4","signature_id":"3005","source":"ProVidenCia:System","sourcetype":"WinEventLog:System","splunk_server":"rex-k002.nk.branden","src":"CAP-S232.sharita.o.jann","tag":"os\nwindows\nwindows_management","tag::eventtype":"os\nwindows\nwindows_management","vendor":"Cassandra"}}
{"preview":true,"result":{"ComputerName":"CAP-S232.sharita.o.jann","EventCode":"3005","EventType":"4","Keywords":"Classic","LogName":"System","Message":"The Cassandra Account Sign-in Assistant service entered the running state.","OpCode":"The operation completed successfully.","RecordNumber":"110030","SourceName":"Cassandra-Windows-Service Control Manager","TaskCategory":"None","Type":"Information","_raw":"10/12/0020 12:58:01 PM\nLogName=System\nRgvopzTvgc=Cassandra-Windows-Service Control Manager\nJymsuIxmy=3005\nEventType=4\nType=Information\nComputerName=CAP-S232.sharita.o.jann\nCtugVxdeopon=None\nOpCode=The operation completed successfully.\nHsfvjsSnkwfu=110030\nKeywords=Classic\nMessage=The Cassandra Account Sign-in Assistant service entered the running state.","_time":"2020-10-18T12:58:01.000-0400","body":"The Cassandra Account Sign-in Assistant service entered the running state.","dest":"CAP-S232.sharita.o.jann","dvc":"CAP-S232","dvc_nt_host":"CAP-S232","event_id":"110030","eventtype":"wineventlog_common wineventlog_system wineventlog_windows winsystem","host":"CAP-S232","id":"110030","index":"providencia","linecount":"12","product":"Windows","punct":"//_::_==--__====-...==___.===___-______.","severity":"Information","severity_id":"4","signature_id":"3005","source":"ProVidenCia:System","sourcetype":"WinEventLog:System","splunk_server":"rex-k002.nk.branden","src":"CAP-S232.sharita.o.jann","tag":"os\nwindows\nwindows_management","tag::eventtype":"os\nwindows\nwindows_management","vendor":"Cassandra"}}
{"preview":true,"result":{"ComputerName":"shantelle.sharita.ad.sharita.vz","EventCode":"0200","EventType":"4","Keywords":"None","LogName":"System","Message":"The Group Policy settings for the computer were processed successfully. New settings from 10 Group Policy objects were detected and applied.","OpCode":"Start","RecordNumber":"501146","Sid":"S-1-5-12","SidType":"0","SourceName":"Cassandra-Windows-WhnssAwuqlx","TaskCategory":"None","Type":"Information","User":"NOT_TRANSLATED","_raw":"10/12/0020 12:54:02 PM\nLogName=System\nRgvopzTvgc=Cassandra-Windows-WhnssAwuqlx\nJymsuIxmy=0200\nEventType=4\nType=Information\nComputerName=shantelle.sharita.ad.sharita.vz\nUser=NOT_TRANSLATED\nRia=S-1-5-12\nIyrSiny=0\nCtugVxdeopon=None\nOpCode=Start\nHsfvjsSnkwfu=501146\nKeywords=None\nMessage=The Group Policy settings for the computer were processed successfully. New settings from 10 Group Policy objects were detected and applied.","_time":"2020-10-18T12:54:02.000-0400","body":"The Group Policy settings for the computer were processed successfully. New settings from 10 Group Policy objects were detected and applied.","dest":"shantelle.sharita.ad.sharita.vz","dvc":"shantelle","dvc_nt_host":"shantelle","event_id":"501146","eventtype":"wineventlog_common wineventlog_system wineventlog_windows winsystem","host":"shantelle","id":"501146","index":"providencia","linecount":"15","product":"Windows","punct":"//_::_\\r=\\r=--\\r=\\r=\\r=\\r=....\\r=\\r=---\\r=\\r=\\r=\\r=\\r=\\r=_______","severity":"Information","severity_id":"4","signature_id":"0200","source":"ProVidenCia:System","sourcetype":"WinEventLog:System","splunk_server":"REX-K026","src":"shantelle.sharita.ad.sharita.vz","tag":"os\nwindows\nwindows_management","tag::eventtype":"os\nwindows\nwindows_management","vendor":"Cassandra"}}
{"preview":true,"result":{"ComputerName":"shantelle.sharita.ad.sharita.vz","EventCode":"0200","EventType":"4","Keywords":"None","LogName":"System","Message":"The Group Policy settings for the computer were processed successfully. New settings from 10 Group Policy objects were detected and applied.","OpCode":"Start","RecordNumber":"312050","Sid":"S-1-5-12","SidType":"0","SourceName":"Cassandra-Windows-WhnssAwuqlx","TaskCategory":"None","Type":"Information","User":"NOT_TRANSLATED","_raw":"10/12/0020 12:43:49 PM\nLogName=System\nRgvopzTvgc=Cassandra-Windows-WhnssAwuqlx\nJymsuIxmy=0200\nEventType=4\nType=Information\nComputerName=shantelle.sharita.ad.sharita.vz\nUser=NOT_TRANSLATED\nRia=S-1-5-12\nIyrSiny=0\nCtugVxdeopon=None\nOpCode=Start\nHsfvjsSnkwfu=312050\nKeywords=None\nMessage=The Group Policy settings for the computer were processed successfully. New settings from 10 Group Policy objects were detected and applied.","_time":"2020-10-18T12:43:49.000-0400","body":"The Group Policy settings for the computer were processed successfully. New settings from 10 Group Policy objects were detected and applied.","dest":"shantelle.sharita.ad.sharita.vz","dvc":"shantelle","dvc_nt_host":"shantelle","event_id":"312050","eventtype":"wineventlog_common wineventlog_system wineventlog_windows winsystem","host":"shantelle","id":"312050","index":"providencia","linecount":"15","product":"Windows","punct":"//_::_\\r=\\r=--\\r=\\r=\\r=\\r=....\\r=\\r=---\\r=\\r=\\r=\\r=\\r=\\r=_______","severity":"Information","severity_id":"4","signature_id":"0200","source":"ProVidenCia:System","sourcetype":"WinEventLog:System","splunk_server":"rex-z000.nk.branden","src":"shantelle.sharita.ad.sharita.vz","tag":"os\nwindows\nwindows_management","tag::eventtype":"os\nwindows\nwindows_management","vendor":"Cassandra"}}
{"preview":true,"result":{"ComputerName":"shantelle.sharita.ad.sharita.vz","EventCode":"0200","EventType":"4","Keywords":"None","LogName":"System","Message":"The Group Policy settings for the computer were processed successfully. New settings from 10 Group Policy objects were detected and applied.","OpCode":"Start","RecordNumber":"314013","Sid":"S-1-5-12","SidType":"0","SourceName":"Cassandra-Windows-WhnssAwuqlx","TaskCategory":"None","Type":"Information","User":"NOT_TRANSLATED","_raw":"10/12/0020 12:38:41 PM\nLogName=System\nRgvopzTvgc=Cassandra-Windows-WhnssAwuqlx\nJymsuIxmy=0200\nEventType=4\nType=Information\nComputerName=shantelle.sharita.ad.sharita.vz\nUser=NOT_TRANSLATED\nRia=S-1-5-12\nIyrSiny=0\nCtugVxdeopon=None\nOpCode=Start\nHsfvjsSnkwfu=314013\nKeywords=None\nMessage=The Group Policy settings for the computer were processed successfully. New settings from 10 Group Policy objects were detected and applied.","_time":"2020-10-18T12:38:41.000-0400","body":"The Group Policy settings for the computer were processed successfully. New settings from 10 Group Policy objects were detected and applied.","dest":"shantelle.sharita.ad.sharita.vz","dvc":"shantelle","dvc_nt_host":"shantelle","event_id":"314013","eventtype":"wineventlog_common wineventlog_system wineventlog_windows winsystem","host":"shantelle","id":"314013","index":"providencia","linecount":"15","product":"Windows","punct":"//_::_\\r=\\r=--\\r=\\r=\\r=\\r=....\\r=\\r=---\\r=\\r=\\r=\\r=\\r=\\r=_______","severity":"Information","severity_id":"4","signature_id":"0200","source":"ProVidenCia:System","sourcetype":"WinEventLog:System","splunk_server":"REX-K026","src":"shantelle.sharita.ad.sharita.vz","tag":"os\nwindows\nwindows_management","tag::eventtype":"os\nwindows\nwindows_management","vendor":"Cassandra"}}
{"preview":true,"result":{"ComputerName":"CAP-S232.sharita.o.jann","EventCode":"3005","EventType":"4","Keywords":"Classic","LogName":"System","Message":"The Remote Registry service entered the stopped state.","OpCode":"The operation completed successfully.","RecordNumber":"100364","SourceName":"Cassandra-Windows-Service Control Manager","TaskCategory":"None","Type":"Information","_raw":"10/12/0020 12:37:44 PM\nLogName=System\nRgvopzTvgc=Cassandra-Windows-Service Control Manager\nJymsuIxmy=3005\nEventType=4\nType=Information\nComputerName=CAP-S232.sharita.o.jann\nCtugVxdeopon=None\nOpCode=The operation completed successfully.\nHsfvjsSnkwfu=100364\nKeywords=Classic\nMessage=The Remote Registry service entered the stopped state.","_time":"2020-10-18T12:37:44.000-0400","body":"The Remote Registry service entered the stopped state.","dest":"CAP-S232.sharita.o.jann","dvc":"CAP-S232","dvc_nt_host":"CAP-S232","event_id":"100364","eventtype":"wineventlog_common wineventlog_system wineventlog_windows winsystem","host":"CAP-S232","id":"100364","index":"providencia","linecount":"12","product":"Windows","punct":"//_::_==--__====-...==___.===_______.","severity":"Information","severity_id":"4","signature_id":"3005","source":"ProVidenCia:System","sourcetype":"WinEventLog:System","splunk_server":"rex-z000.nk.branden","src":"CAP-S232.sharita.o.jann","tag":"os\nwindows\nwindows_management","tag::eventtype":"os\nwindows\nwindows_management","vendor":"Cassandra"}}
{"preview":true,"result":{"ComputerName":"CAP-S232.sharita.o.jann","EventCode":"3005","EventType":"4","Keywords":"Classic","LogName":"System","Message":"The Remote Registry service entered the running state.","OpCode":"The operation completed successfully.","RecordNumber":"020665","SourceName":"Cassandra-Windows-Service Control Manager","TaskCategory":"None","Type":"Information","_raw":"10/12/0020 12:27:44 PM\nLogName=System\nRgvopzTvgc=Cassandra-Windows-Service Control Manager\nJymsuIxmy=3005\nEventType=4\nType=Information\nComputerName=CAP-S232.sharita.o.jann\nCtugVxdeopon=None\nOpCode=The operation completed successfully.\nHsfvjsSnkwfu=020665\nKeywords=Classic\nMessage=The Remote Registry service entered the running state.","_time":"2020-10-18T12:27:44.000-0400","body":"The Remote Registry service entered the running state.","dest":"CAP-S232.sharita.o.jann","dvc":"CAP-S232","dvc_nt_host":"CAP-S232","event_id":"020665","eventtype":"wineventlog_common wineventlog_system wineventlog_windows winsystem","host":"CAP-S232","id":"020665","index":"providencia","linecount":"12","product":"Windows","punct":"//_::_==--__====-...==___.===_______.","severity":"Information","severity_id":"4","signature_id":"3005","source":"ProVidenCia:System","sourcetype":"WinEventLog:System","splunk_server":"rex-k002.nk.branden","src":"CAP-S232.sharita.o.jann","tag":"os\nwindows\nwindows_management","tag::eventtype":"os\nwindows\nwindows_management","vendor":"Cassandra"}}
{"preview":true,"result":{"ComputerName":"shantelle.sharita.ad.sharita.vz","EventCode":"0200","EventType":"4","Keywords":"None","LogName":"System","Message":"The Group Policy settings for the computer were processed successfully. New settings from 10 Group Policy objects were detected and applied.","OpCode":"Start","RecordNumber":"411041","Sid":"S-1-5-12","SidType":"0","SourceName":"Cassandra-Windows-WhnssAwuqlx","TaskCategory":"None","Type":"Information","User":"NOT_TRANSLATED","_raw":"10/12/0020 12:23:16 PM\nLogName=System\nRgvopzTvgc=Cassandra-Windows-WhnssAwuqlx\nJymsuIxmy=0200\nEventType=4\nType=Information\nComputerName=shantelle.sharita.ad.sharita.vz\nUser=NOT_TRANSLATED\nRia=S-1-5-12\nIyrSiny=0\nCtugVxdeopon=None\nOpCode=Start\nHsfvjsSnkwfu=411041\nKeywords=None\nMessage=The Group Policy settings for the computer were processed successfully. New settings from 10 Group Policy objects were detected and applied.","_time":"2020-10-18T12:23:16.000-0400","body":"The Group Policy settings for the computer were processed successfully. New settings from 10 Group Policy objects were detected and applied.","dest":"shantelle.sharita.ad.sharita.vz","dvc":"shantelle","dvc_nt_host":"shantelle","event_id":"411041","eventtype":"wineventlog_common wineventlog_system wineventlog_windows winsystem","host":"shantelle","id":"411041","index":"providencia","linecount":"15","product":"Windows","punct":"//_::_\\r=\\r=--\\r=\\r=\\r=\\r=....\\r=\\r=---\\r=\\r=\\r=\\r=\\r=\\r=_______","severity":"Information","severity_id":"4","signature_id":"0200","source":"ProVidenCia:System","sourcetype":"WinEventLog:System","splunk_server":"rex-z000.nk.branden","src":"shantelle.sharita.ad.sharita.vz","tag":"os\nwindows\nwindows_management","tag::eventtype":"os\nwindows\nwindows_management","vendor":"Cassandra"}}
{"preview":true,"result":{"ComputerName":"CAP-S232.sharita.o.jann","EventCode":"03","EventType":"4","Keywords":"None","LogName":"System","Message":"The access history in hive \\??\\C:\\AxjrbyiDzcw\\Mathew\\YyrtbwQoskx\\BablYkma\\TacgkcMfmsCvUwro00134-0.tod was cleared updating 3 keys and creating 2 modified pages.","OpCode":"Info","RecordNumber":"110030","Sid":"S-1-5-12","SidType":"1","SourceName":"Cassandra-Windows-Kernel-General","TaskCategory":"None","Type":"Information","User":"SYSTEM","_raw":"10/12/0020 12:21:42 PM\nLogName=System\nRgvopzTvgc=Cassandra-Windows-Kernel-General\nJymsuIxmy=03\nEventType=4\nType=Information\nComputerName=CAP-S232.sharita.o.jann\nUser=SYSTEM\nRia=S-1-5-12\nIyrSiny=1\nCtugVxdeopon=None\nOpCode=Info\nHsfvjsSnkwfu=110030\nKeywords=None\nMessage=The access history in hive \\??\\C:\\AxjrbyiDzcw\\Mathew\\YyrtbwQoskx\\BablYkma\\TacgkcMfmsCvUwro00134-0.tod was cleared updating 3 keys and creating 2 modified pages.","_time":"2020-10-18T12:21:42.000-0400","body":"The access history in hive \\??\\C:\\AxjrbyiDzcw\\Mathew\\YyrtbwQoskx\\BablYkma\\TacgkcMfmsCvUwro00134-0.tod was cleared updating 3 keys and creating 2 modified pages.","dest":"CAP-S232.sharita.o.jann","dvc":"CAP-S232","dvc_nt_host":"CAP-S232","event_id":"110030","eventtype":"nix_kernel_attached wineventlog_common wineventlog_system wineventlog_windows winsystem","host":"CAP-S232","id":"110030","index":"providencia","linecount":"15","product":"Windows","punct":"//_::_==---====-...==---======_____\\??\\:\\\\\\\\\\-.___","severity":"Information","severity_id":"4","signature_id":"03","source":"ProVidenCia:System","sourcetype":"WinEventLog:System","splunk_server":"rex-k002.nk.branden","src":"CAP-S232.sharita.o.jann","tag":"os\nwindows\nwindows_management","tag::eventtype":"os\nwindows\nwindows_management","vendor":"Cassandra"}}
{"preview":true,"result":{"ComputerName":"CAP-S232.sharita.o.jann","EventCode":"03","EventType":"4","Keywords":"None","LogName":"System","Message":"The access history in hive \\??\\C:\\AxjrbyiDzcw\\Mathew\\YyrtbwQoskx\\BablYkma\\TacgkcMfmsCvUwro00134-0.tod was cleared updating 3 keys and creating 2 modified pages.","OpCode":"Info","RecordNumber":"010203","Sid":"S-1-5-12","SidType":"1","SourceName":"Cassandra-Windows-Kernel-General","TaskCategory":"None","Type":"Information","User":"SYSTEM","_raw":"10/12/0020 12:21:38 PM\nLogName=System\nRgvopzTvgc=Cassandra-Windows-Kernel-General\nJymsuIxmy=03\nEventType=4\nType=Information\nComputerName=CAP-S232.sharita.o.jann\nUser=SYSTEM\nRia=S-1-5-12\nIyrSiny=1\nCtugVxdeopon=None\nOpCode=Info\nHsfvjsSnkwfu=010203\nKeywords=None\nMessage=The access history in hive \\??\\C:\\AxjrbyiDzcw\\Mathew\\YyrtbwQoskx\\BablYkma\\TacgkcMfmsCvUwro00134-0.tod was cleared updating 3 keys and creating 2 modified pages.","_time":"2020-10-18T12:21:38.000-0400","body":"The access history in hive \\??\\C:\\AxjrbyiDzcw\\Mathew\\YyrtbwQoskx\\BablYkma\\TacgkcMfmsCvUwro00134-0.tod was cleared updating 3 keys and creating 2 modified pages.","dest":"CAP-S232.sharita.o.jann","dvc":"CAP-S232","dvc_nt_host":"CAP-S232","event_id":"010203","eventtype":"nix_kernel_attached wineventlog_common wineventlog_system wineventlog_windows winsystem","host":"CAP-S232","id":"010203","index":"providencia","linecount":"15","product":"Windows","punct":"//_::_==---====-...==---======_____\\??\\:\\\\\\\\\\-.___","severity":"Information","severity_id":"4","signature_id":"03","source":"ProVidenCia:System","sourcetype":"WinEventLog:System","splunk_server":"rex-k002.nk.branden","src":"CAP-S232.sharita.o.jann","tag":"os\nwindows\nwindows_management","tag::eventtype":"os\nwindows\nwindows_management","vendor":"Cassandra"}}
{"preview":true,"result":{"ComputerName":"CAP-S232.sharita.o.jann","EventCode":"03","EventType":"4","Keywords":"None","LogName":"System","Message":"The access history in hive \\??\\C:\\AxjrbyiDzcw\\Mathew\\YyrtbwQoskx\\BablYkma\\TacgkcMfmsCvUwro00134-0.tod was cleared updating 3 keys and creating 2 modified pages.","OpCode":"Info","RecordNumber":"120660","Sid":"S-1-5-12","SidType":"1","SourceName":"Cassandra-Windows-Kernel-General","TaskCategory":"None","Type":"Information","User":"SYSTEM","_raw":"10/12/0020 12:21:33 PM\nLogName=System\nRgvopzTvgc=Cassandra-Windows-Kernel-General\nJymsuIxmy=03\nEventType=4\nType=Information\nComputerName=CAP-S232.sharita.o.jann\nUser=SYSTEM\nRia=S-1-5-12\nIyrSiny=1\nCtugVxdeopon=None\nOpCode=Info\nHsfvjsSnkwfu=120660\nKeywords=None\nMessage=The access history in hive \\??\\C:\\AxjrbyiDzcw\\Mathew\\YyrtbwQoskx\\BablYkma\\TacgkcMfmsCvUwro00134-0.tod was cleared updating 3 keys and creating 2 modified pages.","_time":"2020-10-18T12:21:33.000-0400","body":"The access history in hive \\??\\C:\\AxjrbyiDzcw\\Mathew\\YyrtbwQoskx\\BablYkma\\TacgkcMfmsCvUwro00134-0.tod was cleared updating 3 keys and creating 2 modified pages.","dest":"CAP-S232.sharita.o.jann","dvc":"CAP-S232","dvc_nt_host":"CAP-S232","event_id":"120660","eventtype":"nix_kernel_attached wineventlog_common wineventlog_system wineventlog_windows winsystem","host":"CAP-S232","id":"120660","index":"providencia","linecount":"15","product":"Windows","punct":"//_::_==---====-...==---======_____\\??\\:\\\\\\\\\\-.___","severity":"Information","severity_id":"4","signature_id":"03","source":"ProVidenCia:System","sourcetype":"WinEventLog:System","splunk_server":"rex-z000.nk.branden","src":"CAP-S232.sharita.o.jann","tag":"os\nwindows\nwindows_management","tag::eventtype":"os\nwindows\nwindows_management","vendor":"Cassandra"}}
{"preview":true,"result":{"ComputerName":"CAP-S232.sharita.o.jann","EventCode":"3005","EventType":"4","Keywords":"Classic","LogName":"System","Message":"The DymW Deployment Service (JpjDDUQ) service entered the stopped state.","OpCode":"The operation completed successfully.","RecordNumber":"020330","SourceName":"Cassandra-Windows-Service Control Manager","TaskCategory":"None","Type":"Information","_raw":"10/12/0020 12:21:04 PM\nLogName=System\nRgvopzTvgc=Cassandra-Windows-Service Control Manager\nJymsuIxmy=3005\nEventType=4\nType=Information\nComputerName=CAP-S232.sharita.o.jann\nCtugVxdeopon=None\nOpCode=The operation completed successfully.\nHsfvjsSnkwfu=020330\nKeywords=Classic\nMessage=The DymW Deployment Service (JpjDDUQ) service entered the stopped state.","_time":"2020-10-18T12:21:04.000-0400","body":"The DymW Deployment Service (JpjDDUQ) service entered the stopped state.","dest":"CAP-S232.sharita.o.jann","dvc":"CAP-S232","dvc_nt_host":"CAP-S232","event_id":"020330","eventtype":"wineventlog_common wineventlog_system wineventlog_windows winsystem","host":"CAP-S232","id":"020330","index":"providencia","linecount":"12","product":"Windows","punct":"//_::_==--__====-...==___.===____()_____.","severity":"Information","severity_id":"4","signature_id":"3005","source":"ProVidenCia:System","sourcetype":"WinEventLog:System","splunk_server":"rex-k002.nk.branden","src":"CAP-S232.sharita.o.jann","tag":"os\nwindows\nwindows_management","tag::eventtype":"os\nwindows\nwindows_management","vendor":"Cassandra"}}
{"preview":true,"result":{"ComputerName":"CAP-S232.sharita.o.jann","EventCode":"03","EventType":"4","Keywords":"None","LogName":"System","Message":"The access history in hive \\??\\C:\\AxjrbyiDzcw\\Mathew\\YyrtbwQoskx\\BablYkma\\TacgkcMfmsCvUwro00134-0.tod was cleared updating 3 keys and creating 2 modified pages.","OpCode":"Info","RecordNumber":"110500","Sid":"S-1-5-12","SidType":"1","SourceName":"Cassandra-Windows-Kernel-General","TaskCategory":"None","Type":"Information","User":"SYSTEM","_raw":"10/12/0020 12:20:03 PM\nLogName=System\nRgvopzTvgc=Cassandra-Windows-Kernel-General\nJymsuIxmy=03\nEventType=4\nType=Information\nComputerName=CAP-S232.sharita.o.jann\nUser=SYSTEM\nRia=S-1-5-12\nIyrSiny=1\nCtugVxdeopon=None\nOpCode=Info\nHsfvjsSnkwfu=110500\nKeywords=None\nMessage=The access history in hive \\??\\C:\\AxjrbyiDzcw\\Mathew\\YyrtbwQoskx\\BablYkma\\TacgkcMfmsCvUwro00134-0.tod was cleared updating 3 keys and creating 2 modified pages.","_time":"2020-10-18T12:20:03.000-0400","body":"The access history in hive \\??\\C:\\AxjrbyiDzcw\\Mathew\\YyrtbwQoskx\\BablYkma\\TacgkcMfmsCvUwro00134-0.tod was cleared updating 3 keys and creating 2 modified pages.","dest":"CAP-S232.sharita.o.jann","dvc":"CAP-S232","dvc_nt_host":"CAP-S232","event_id":"110500","eventtype":"nix_kernel_attached wineventlog_common wineventlog_system wineventlog_windows winsystem","host":"CAP-S232","id":"110500","index":"providencia","linecount":"15","product":"Windows","punct":"//_::_==---====-...==---======_____\\??\\:\\\\\\\\\\-.___","severity":"Information","severity_id":"4","signature_id":"03","source":"ProVidenCia:System","sourcetype":"WinEventLog:System","splunk_server":"rex-z000.nk.branden","src":"CAP-S232.sharita.o.jann","tag":"os\nwindows\nwindows_management","tag::eventtype":"os\nwindows\nwindows_management","vendor":"Cassandra"}}
