{"preview":true,"result":{"ComputerName":"CAP-S232.sharita.o.jann","EventCode":"03","EventType":"4","Keywords":"None","LogName":"System","Message":"The access history in hive \\??\\C:\\AxjrbyiDzcw\\Mathew\\YyrtbwQoskx\\BablYkma\\TacgkcMfmsCvUwro00134-0.tod was cleared updating 3 keys and creating 2 modified pages.","OpCode":"Info","RecordNumber":"100834","Sid":"S-1-5-12","SidType":"1","SourceName":"Cassandra-Windows-Kernel-General","TaskCategory":"None","Type":"Information","User":"SYSTEM","_raw":"10/12/0020 12:20:01 PM\nLogName=System\nRgvopzTvgc=Cassandra-Windows-Kernel-General\nJymsuIxmy=03\nEventType=4\nType=Information\nComputerName=CAP-S232.sharita.o.jann\nUser=SYSTEM\nRia=S-1-5-12\nIyrSiny=1\nCtugVxdeopon=None\nOpCode=Info\nHsfvjsSnkwfu=100834\nKeywords=None\nMessage=The access history in hive \\??\\C:\\AxjrbyiDzcw\\Mathew\\YyrtbwQoskx\\BablYkma\\TacgkcMfmsCvUwro00134-0.tod was cleared updating 3 keys and creating 2 modified pages.","_time":"2020-10-18T12:20:01.000-0400","body":"The access history in hive \\??\\C:\\AxjrbyiDzcw\\Mathew\\YyrtbwQoskx\\BablYkma\\TacgkcMfmsCvUwro00134-0.tod was cleared updating 3 keys and creating 2 modified pages.","dest":"CAP-S232.sharita.o.jann","dvc":"CAP-S232","dvc_nt_host":"CAP-S232","event_id":"100834","eventtype":"nix_kernel_attached wineventlog_common wineventlog_system wineventlog_windows winsystem","host":"CAP-S232","id":"100834","index":"providencia","linecount":"15","product":"Windows","punct":"//_::_==---====-...==---======_____\\??\\:\\\\\\\\\\-.___","severity":"Information","severity_id":"4","signature_id":"03","source":"ProVidenCia:System","sourcetype":"WinEventLog:System","splunk_server":"rex-z000.nk.branden","src":"CAP-S232.sharita.o.jann","tag":"os\nwindows\nwindows_management","tag::eventtype":"os\nwindows\nwindows_management","vendor":"Cassandra"}}
{"preview":true,"result":{"ComputerName":"CAP-S232.sharita.o.jann","EventCode":"03","EventType":"4","Keywords":"None","LogName":"System","Message":"The access history in hive \\??\\C:\\AxjrbyiDzcw\\Mathew\\YyrtbwQoskx\\BablYkma\\TacgkcMfmsCvUwro00134-0.tod was cleared updating 3 keys and creating 2 modified pages.","OpCode":"Info","RecordNumber":"000754","Sid":"S-1-5-12","SidType":"1","SourceName":"Cassandra-Windows-Kernel-General","TaskCategory":"None","Type":"Information","User":"SYSTEM","_raw":"10/12/0020 12:19:59 PM\nLogName=System\nRgvopzTvgc=Cassandra-Windows-Kernel-General\nJymsuIxmy=03\nEventType=4\nType=Information\nComputerName=CAP-S232.sharita.o.jann\nUser=SYSTEM\nRia=S-1-5-12\nIyrSiny=1\nCtugVxdeopon=None\nOpCode=Info\nHsfvjsSnkwfu=000754\nKeywords=None\nMessage=The access history in hive \\??\\C:\\AxjrbyiDzcw\\Mathew\\YyrtbwQoskx\\BablYkma\\TacgkcMfmsCvUwro00134-0.tod was cleared updating 3 keys and creating 2 modified pages.","_time":"2020-10-18T12:19:59.000-0400","body":"The access history in hive \\??\\C:\\AxjrbyiDzcw\\Mathew\\YyrtbwQoskx\\BablYkma\\TacgkcMfmsCvUwro00134-0.tod was cleared updating 3 keys and creating 2 modified pages.","dest":"CAP-S232.sharita.o.jann","dvc":"CAP-S232","dvc_nt_host":"CAP-S232","event_id":"000754","eventtype":"nix_kernel_attached wineventlog_common wineventlog_system wineventlog_windows winsystem","host":"CAP-S232","id":"000754","index":"providencia","linecount":"15","product":"Windows","punct":"//_::_==---====-...==---======_____\\??\\:\\\\\\\\\\-.___","severity":"Information","severity_id":"4","signature_id":"03","source":"ProVidenCia:System","sourcetype":"WinEventLog:System","splunk_server":"rex-z000.nk.branden","src":"CAP-S232.sharita.o.jann","tag":"os\nwindows\nwindows_management","tag::eventtype":"os\nwindows\nwindows_management","vendor":"Cassandra"}}
{"preview":true,"result":{"ComputerName":"CAP-S232.sharita.o.jann","EventCode":"3005","EventType":"4","Keywords":"Classic","LogName":"System","Message":"The Background Intelligent Transfer Service service entered the stopped state.","OpCode":"The operation completed successfully.","RecordNumber":"000815","SourceName":"Cassandra-Windows-Service Control Manager","TaskCategory":"None","Type":"Information","_raw":"10/12/0020 12:19:56 PM\nLogName=System\nRgvopzTvgc=Cassandra-Windows-Service Control Manager\nJymsuIxmy=3005\nEventType=4\nType=Information\nComputerName=CAP-S232.sharita.o.jann\nCtugVxdeopon=None\nOpCode=The operation completed successfully.\nHsfvjsSnkwfu=000815\nKeywords=Classic\nMessage=The Background Intelligent Transfer Service service entered the stopped state.","_time":"2020-10-18T12:19:56.000-0400","body":"The Background Intelligent Transfer Service service entered the stopped state.","dest":"CAP-S232.sharita.o.jann","dvc":"CAP-S232","dvc_nt_host":"CAP-S232","event_id":"000815","eventtype":"wineventlog_common wineventlog_system wineventlog_windows winsystem","host":"CAP-S232","id":"000815","index":"providencia","linecount":"12","product":"Windows","punct":"//_::_==--__====-...==___.===_________.","severity":"Information","severity_id":"4","signature_id":"3005","source":"ProVidenCia:System","sourcetype":"WinEventLog:System","splunk_server":"rex-z000.nk.branden","src":"CAP-S232.sharita.o.jann","tag":"os\nwindows\nwindows_management","tag::eventtype":"os\nwindows\nwindows_management","vendor":"Cassandra"}}
{"preview":true,"result":{"ComputerName":"CAP-S232.sharita.o.jann","EventCode":"7040","EventType":"4","Keywords":"Classic","LogName":"System","Message":"The start type of the Background Intelligent Transfer Service service was changed from auto start to demand start.","OpCode":"The operation completed successfully.","RecordNumber":"110440","Sid":"S-1-5-12","SidType":"1","SourceName":"Cassandra-Windows-Service Control Manager","TaskCategory":"None","Type":"Information","User":"SYSTEM","_raw":"10/12/0020 12:19:56 PM\nLogName=System\nRgvopzTvgc=Cassandra-Windows-Service Control Manager\nJymsuIxmy=7040\nEventType=4\nType=Information\nComputerName=CAP-S232.sharita.o.jann\nUser=SYSTEM\nRia=S-1-5-12\nIyrSiny=1\nCtugVxdeopon=None\nOpCode=The operation completed successfully.\nHsfvjsSnkwfu=110440\nKeywords=Classic\nMessage=The start type of the Background Intelligent Transfer Service service was changed from auto start to demand start.","_time":"2020-10-18T12:19:56.000-0400","body":"The start type of the Background Intelligent Transfer Service service was changed from auto start to demand start.","dest":"CAP-S232.sharita.o.jann","dvc":"CAP-S232","dvc_nt_host":"CAP-S232","event_id":"110440","eventtype":"wineventlog_common wineventlog_system wineventlog_windows winsystem","host":"CAP-S232","id":"110440","index":"providencia","linecount":"15","product":"Windows","punct":"//_::_==--__====-...==---===___.===_______________","severity":"Information","severity_id":"4","signature_id":"7040","source":"ProVidenCia:System","sourcetype":"WinEventLog:System","splunk_server":"rex-z000.nk.branden","src":"CAP-S232.sharita.o.jann","tag":"os\nwindows\nwindows_management","tag::eventtype":"os\nwindows\nwindows_management","vendor":"Cassandra"}}
{"preview":true,"result":{"ComputerName":"CAP-S232.sharita.o.jann","EventCode":"03","EventType":"4","Keywords":"None","LogName":"System","Message":"The access history in hive \\??\\C:\\AxjrbyiDzcw\\Mathew\\YyrtbwQoskx\\BablYkma\\TacgkcMfmsCvUwro00134-0.tod was cleared updating 3 keys and creating 2 modified pages.","OpCode":"Info","RecordNumber":"000605","Sid":"S-1-5-12","SidType":"1","SourceName":"Cassandra-Windows-Kernel-General","TaskCategory":"None","Type":"Information","User":"SYSTEM","_raw":"10/12/0020 12:19:35 PM\nLogName=System\nRgvopzTvgc=Cassandra-Windows-Kernel-General\nJymsuIxmy=03\nEventType=4\nType=Information\nComputerName=CAP-S232.sharita.o.jann\nUser=SYSTEM\nRia=S-1-5-12\nIyrSiny=1\nCtugVxdeopon=None\nOpCode=Info\nHsfvjsSnkwfu=000605\nKeywords=None\nMessage=The access history in hive \\??\\C:\\AxjrbyiDzcw\\Mathew\\YyrtbwQoskx\\BablYkma\\TacgkcMfmsCvUwro00134-0.tod was cleared updating 3 keys and creating 2 modified pages.","_time":"2020-10-18T12:19:35.000-0400","body":"The access history in hive \\??\\C:\\AxjrbyiDzcw\\Mathew\\YyrtbwQoskx\\BablYkma\\TacgkcMfmsCvUwro00134-0.tod was cleared updating 3 keys and creating 2 modified pages.","dest":"CAP-S232.sharita.o.jann","dvc":"CAP-S232","dvc_nt_host":"CAP-S232","event_id":"000605","eventtype":"nix_kernel_attached wineventlog_common wineventlog_system wineventlog_windows winsystem","host":"CAP-S232","id":"000605","index":"providencia","linecount":"15","product":"Windows","punct":"//_::_==---====-...==---======_____\\??\\:\\\\\\\\\\-.___","severity":"Information","severity_id":"4","signature_id":"03","source":"ProVidenCia:System","sourcetype":"WinEventLog:System","splunk_server":"rex-z000.nk.branden","src":"CAP-S232.sharita.o.jann","tag":"os\nwindows\nwindows_management","tag::eventtype":"os\nwindows\nwindows_management","vendor":"Cassandra"}}
{"preview":true,"result":{"ComputerName":"CAP-S232.sharita.o.jann","EventCode":"03","EventType":"4","Keywords":"None","LogName":"System","Message":"The access history in hive \\??\\C:\\AxjrbyiDzcw\\Mathew\\YyrtbwQoskx\\BablYkma\\TacgkcMfmsCvUwro00134-0.tod was cleared updating 3 keys and creating 2 modified pages.","OpCode":"Info","RecordNumber":"020513","Sid":"S-1-5-12","SidType":"1","SourceName":"Cassandra-Windows-Kernel-General","TaskCategory":"None","Type":"Information","User":"SYSTEM","_raw":"10/12/0020 12:19:33 PM\nLogName=System\nRgvopzTvgc=Cassandra-Windows-Kernel-General\nJymsuIxmy=03\nEventType=4\nType=Information\nComputerName=CAP-S232.sharita.o.jann\nUser=SYSTEM\nRia=S-1-5-12\nIyrSiny=1\nCtugVxdeopon=None\nOpCode=Info\nHsfvjsSnkwfu=020513\nKeywords=None\nMessage=The access history in hive \\??\\C:\\AxjrbyiDzcw\\Mathew\\YyrtbwQoskx\\BablYkma\\TacgkcMfmsCvUwro00134-0.tod was cleared updating 3 keys and creating 2 modified pages.","_time":"2020-10-18T12:19:33.000-0400","body":"The access history in hive \\??\\C:\\AxjrbyiDzcw\\Mathew\\YyrtbwQoskx\\BablYkma\\TacgkcMfmsCvUwro00134-0.tod was cleared updating 3 keys and creating 2 modified pages.","dest":"CAP-S232.sharita.o.jann","dvc":"CAP-S232","dvc_nt_host":"CAP-S232","event_id":"020513","eventtype":"nix_kernel_attached wineventlog_common wineventlog_system wineventlog_windows winsystem","host":"CAP-S232","id":"020513","index":"providencia","linecount":"15","product":"Windows","punct":"//_::_==---====-...==---======_____\\??\\:\\\\\\\\\\-.___","severity":"Information","severity_id":"4","signature_id":"03","source":"ProVidenCia:System","sourcetype":"WinEventLog:System","splunk_server":"REX-K026","src":"CAP-S232.sharita.o.jann","tag":"os\nwindows\nwindows_management","tag::eventtype":"os\nwindows\nwindows_management","vendor":"Cassandra"}}
{"preview":true,"result":{"ComputerName":"CAP-S232.sharita.o.jann","EventCode":"03","EventType":"4","Keywords":"None","LogName":"System","Message":"The access history in hive \\??\\C:\\AxjrbyiDzcw\\Mathew\\YyrtbwQoskx\\BablYkma\\TacgkcMfmsCvUwro00134-0.tod was cleared updating 3 keys and creating 2 modified pages.","OpCode":"Info","RecordNumber":"020682","Sid":"S-1-5-12","SidType":"1","SourceName":"Cassandra-Windows-Kernel-General","TaskCategory":"None","Type":"Information","User":"SYSTEM","_raw":"10/12/0020 12:19:32 PM\nLogName=System\nRgvopzTvgc=Cassandra-Windows-Kernel-General\nJymsuIxmy=03\nEventType=4\nType=Information\nComputerName=CAP-S232.sharita.o.jann\nUser=SYSTEM\nRia=S-1-5-12\nIyrSiny=1\nCtugVxdeopon=None\nOpCode=Info\nHsfvjsSnkwfu=020682\nKeywords=None\nMessage=The access history in hive \\??\\C:\\AxjrbyiDzcw\\Mathew\\YyrtbwQoskx\\BablYkma\\TacgkcMfmsCvUwro00134-0.tod was cleared updating 3 keys and creating 2 modified pages.","_time":"2020-10-18T12:19:32.000-0400","body":"The access history in hive \\??\\C:\\AxjrbyiDzcw\\Mathew\\YyrtbwQoskx\\BablYkma\\TacgkcMfmsCvUwro00134-0.tod was cleared updating 3 keys and creating 2 modified pages.","dest":"CAP-S232.sharita.o.jann","dvc":"CAP-S232","dvc_nt_host":"CAP-S232","event_id":"020682","eventtype":"nix_kernel_attached wineventlog_common wineventlog_system wineventlog_windows winsystem","host":"CAP-S232","id":"020682","index":"providencia","linecount":"15","product":"Windows","punct":"//_::_==---====-...==---======_____\\??\\:\\\\\\\\\\-.___","severity":"Information","severity_id":"4","signature_id":"03","source":"ProVidenCia:System","sourcetype":"WinEventLog:System","splunk_server":"REX-K026","src":"CAP-S232.sharita.o.jann","tag":"os\nwindows\nwindows_management","tag::eventtype":"os\nwindows\nwindows_management","vendor":"Cassandra"}}
{"preview":true,"result":{"ComputerName":"CAP-S232.sharita.o.jann","EventCode":"3005","EventType":"4","Keywords":"Classic","LogName":"System","Message":"The Windows Modules Installer service entered the stopped state.","OpCode":"The operation completed successfully.","RecordNumber":"100321","SourceName":"Cassandra-Windows-Service Control Manager","TaskCategory":"None","Type":"Information","_raw":"10/12/0020 12:18:04 PM\nLogName=System\nRgvopzTvgc=Cassandra-Windows-Service Control Manager\nJymsuIxmy=3005\nEventType=4\nType=Information\nComputerName=CAP-S232.sharita.o.jann\nCtugVxdeopon=None\nOpCode=The operation completed successfully.\nHsfvjsSnkwfu=100321\nKeywords=Classic\nMessage=The Windows Modules Installer service entered the stopped state.","_time":"2020-10-18T12:18:04.000-0400","body":"The Windows Modules Installer service entered the stopped state.","dest":"CAP-S232.sharita.o.jann","dvc":"CAP-S232","dvc_nt_host":"CAP-S232","event_id":"100321","eventtype":"wineventlog_common wineventlog_system wineventlog_windows winsystem","host":"CAP-S232","id":"100321","index":"providencia","linecount":"12","product":"Windows","punct":"//_::_==--__====-...==___.===________.","severity":"Information","severity_id":"4","signature_id":"3005","source":"ProVidenCia:System","sourcetype":"WinEventLog:System","splunk_server":"rex-k002.nk.branden","src":"CAP-S232.sharita.o.jann","tag":"os\nwindows\nwindows_management","tag::eventtype":"os\nwindows\nwindows_management","vendor":"Cassandra"}}
{"preview":true,"result":{"ComputerName":"CAP-S232.sharita.o.jann","EventCode":"3005","EventType":"4","Keywords":"Classic","LogName":"System","Message":"The Background Intelligent Transfer Service service entered the running state.","OpCode":"The operation completed successfully.","RecordNumber":"020261","SourceName":"Cassandra-Windows-Service Control Manager","TaskCategory":"None","Type":"Information","_raw":"10/12/0020 12:17:55 PM\nLogName=System\nRgvopzTvgc=Cassandra-Windows-Service Control Manager\nJymsuIxmy=3005\nEventType=4\nType=Information\nComputerName=CAP-S232.sharita.o.jann\nCtugVxdeopon=None\nOpCode=The operation completed successfully.\nHsfvjsSnkwfu=020261\nKeywords=Classic\nMessage=The Background Intelligent Transfer Service service entered the running state.","_time":"2020-10-18T12:17:55.000-0400","body":"The Background Intelligent Transfer Service service entered the running state.","dest":"CAP-S232.sharita.o.jann","dvc":"CAP-S232","dvc_nt_host":"CAP-S232","event_id":"020261","eventtype":"wineventlog_common wineventlog_system wineventlog_windows winsystem","host":"CAP-S232","id":"020261","index":"providencia","linecount":"12","product":"Windows","punct":"//_::_==--__====-...==___.===_________.","severity":"Information","severity_id":"4","signature_id":"3005","source":"ProVidenCia:System","sourcetype":"WinEventLog:System","splunk_server":"rex-k002.nk.branden","src":"CAP-S232.sharita.o.jann","tag":"os\nwindows\nwindows_management","tag::eventtype":"os\nwindows\nwindows_management","vendor":"Cassandra"}}
{"preview":true,"result":{"ComputerName":"CAP-S232.sharita.o.jann","EventCode":"7040","EventType":"4","Keywords":"Classic","LogName":"System","Message":"The start type of the Background Intelligent Transfer Service service was changed from demand start to auto start.","OpCode":"The operation completed successfully.","RecordNumber":"100010","Sid":"S-1-5-12","SidType":"1","SourceName":"Cassandra-Windows-Service Control Manager","TaskCategory":"None","Type":"Information","User":"SYSTEM","_raw":"10/12/0020 12:17:55 PM\nLogName=System\nRgvopzTvgc=Cassandra-Windows-Service Control Manager\nJymsuIxmy=7040\nEventType=4\nType=Information\nComputerName=CAP-S232.sharita.o.jann\nUser=SYSTEM\nRia=S-1-5-12\nIyrSiny=1\nCtugVxdeopon=None\nOpCode=The operation completed successfully.\nHsfvjsSnkwfu=100010\nKeywords=Classic\nMessage=The start type of the Background Intelligent Transfer Service service was changed from demand start to auto start.","_time":"2020-10-18T12:17:55.000-0400","body":"The start type of the Background Intelligent Transfer Service service was changed from demand start to auto start.","dest":"CAP-S232.sharita.o.jann","dvc":"CAP-S232","dvc_nt_host":"CAP-S232","event_id":"100010","eventtype":"wineventlog_common wineventlog_system wineventlog_windows winsystem","host":"CAP-S232","id":"100010","index":"providencia","linecount":"15","product":"Windows","punct":"//_::_==--__====-...==---===___.===_______________","severity":"Information","severity_id":"4","signature_id":"7040","source":"ProVidenCia:System","sourcetype":"WinEventLog:System","splunk_server":"rex-k002.nk.branden","src":"CAP-S232.sharita.o.jann","tag":"os\nwindows\nwindows_management","tag::eventtype":"os\nwindows\nwindows_management","vendor":"Cassandra"}}
{"preview":true,"result":{"ComputerName":"CAP-S232.sharita.o.jann","EventCode":"03","EventType":"4","Keywords":"None","LogName":"System","Message":"The access history in hive \\??\\C:\\AxjrbyiDzcw\\Mathew\\YyrtbwQoskx\\BablYkma\\TacgkcMfmsCvUwro00134-0.tod was cleared updating 3 keys and creating 2 modified pages.","OpCode":"Info","RecordNumber":"110161","Sid":"S-1-5-12","SidType":"1","SourceName":"Cassandra-Windows-Kernel-General","TaskCategory":"None","Type":"Information","User":"SYSTEM","_raw":"10/12/0020 12:16:35 PM\nLogName=System\nRgvopzTvgc=Cassandra-Windows-Kernel-General\nJymsuIxmy=03\nEventType=4\nType=Information\nComputerName=CAP-S232.sharita.o.jann\nUser=SYSTEM\nRia=S-1-5-12\nIyrSiny=1\nCtugVxdeopon=None\nOpCode=Info\nHsfvjsSnkwfu=110161\nKeywords=None\nMessage=The access history in hive \\??\\C:\\AxjrbyiDzcw\\Mathew\\YyrtbwQoskx\\BablYkma\\TacgkcMfmsCvUwro00134-0.tod was cleared updating 3 keys and creating 2 modified pages.","_time":"2020-10-18T12:16:35.000-0400","body":"The access history in hive \\??\\C:\\AxjrbyiDzcw\\Mathew\\YyrtbwQoskx\\BablYkma\\TacgkcMfmsCvUwro00134-0.tod was cleared updating 3 keys and creating 2 modified pages.","dest":"CAP-S232.sharita.o.jann","dvc":"CAP-S232","dvc_nt_host":"CAP-S232","event_id":"110161","eventtype":"nix_kernel_attached wineventlog_common wineventlog_system wineventlog_windows winsystem","host":"CAP-S232","id":"110161","index":"providencia","linecount":"15","product":"Windows","punct":"//_::_==---====-...==---======_____\\??\\:\\\\\\\\\\-.___","severity":"Information","severity_id":"4","signature_id":"03","source":"ProVidenCia:System","sourcetype":"WinEventLog:System","splunk_server":"REX-K026","src":"CAP-S232.sharita.o.jann","tag":"os\nwindows\nwindows_management","tag::eventtype":"os\nwindows\nwindows_management","vendor":"Cassandra"}}
{"preview":true,"result":{"ComputerName":"CAP-S232.sharita.o.jann","EventCode":"3005","EventType":"4","Keywords":"Classic","LogName":"System","Message":"The Software Protection service entered the stopped state.","OpCode":"The operation completed successfully.","RecordNumber":"010720","SourceName":"Cassandra-Windows-Service Control Manager","TaskCategory":"None","Type":"Information","_raw":"10/12/0020 12:16:34 PM\nLogName=System\nRgvopzTvgc=Cassandra-Windows-Service Control Manager\nJymsuIxmy=3005\nEventType=4\nType=Information\nComputerName=CAP-S232.sharita.o.jann\nCtugVxdeopon=None\nOpCode=The operation completed successfully.\nHsfvjsSnkwfu=010720\nKeywords=Classic\nMessage=The Software Protection service entered the stopped state.","_time":"2020-10-18T12:16:34.000-0400","body":"The Software Protection service entered the stopped state.","dest":"CAP-S232.sharita.o.jann","dvc":"CAP-S232","dvc_nt_host":"CAP-S232","event_id":"010720","eventtype":"wineventlog_common wineventlog_system wineventlog_windows winsystem","host":"CAP-S232","id":"010720","index":"providencia","linecount":"12","product":"Windows","punct":"//_::_==--__====-...==___.===_______.","severity":"Information","severity_id":"4","signature_id":"3005","source":"ProVidenCia:System","sourcetype":"WinEventLog:System","splunk_server":"REX-K026","src":"CAP-S232.sharita.o.jann","tag":"os\nwindows\nwindows_management","tag::eventtype":"os\nwindows\nwindows_management","vendor":"Cassandra"}}
{"preview":true,"result":{"ComputerName":"CAP-S232.sharita.o.jann","EventCode":"03","EventType":"4","Keywords":"None","LogName":"System","Message":"The access history in hive \\??\\C:\\AxjrbyiDzcw\\Mathew\\YyrtbwQoskx\\BablYkma\\TacgkcMfmsCvUwro00134-0.tod was cleared updating 3 keys and creating 2 modified pages.","OpCode":"Info","RecordNumber":"000522","Sid":"S-1-5-12","SidType":"1","SourceName":"Cassandra-Windows-Kernel-General","TaskCategory":"None","Type":"Information","User":"SYSTEM","_raw":"10/12/0020 12:16:34 PM\nLogName=System\nRgvopzTvgc=Cassandra-Windows-Kernel-General\nJymsuIxmy=03\nEventType=4\nType=Information\nComputerName=CAP-S232.sharita.o.jann\nUser=SYSTEM\nRia=S-1-5-12\nIyrSiny=1\nCtugVxdeopon=None\nOpCode=Info\nHsfvjsSnkwfu=000522\nKeywords=None\nMessage=The access history in hive \\??\\C:\\AxjrbyiDzcw\\Mathew\\YyrtbwQoskx\\BablYkma\\TacgkcMfmsCvUwro00134-0.tod was cleared updating 3 keys and creating 2 modified pages.","_time":"2020-10-18T12:16:34.000-0400","body":"The access history in hive \\??\\C:\\AxjrbyiDzcw\\Mathew\\YyrtbwQoskx\\BablYkma\\TacgkcMfmsCvUwro00134-0.tod was cleared updating 3 keys and creating 2 modified pages.","dest":"CAP-S232.sharita.o.jann","dvc":"CAP-S232","dvc_nt_host":"CAP-S232","event_id":"000522","eventtype":"nix_kernel_attached wineventlog_common wineventlog_system wineventlog_windows winsystem","host":"CAP-S232","id":"000522","index":"providencia","linecount":"15","product":"Windows","punct":"//_::_==---====-...==---======_____\\??\\:\\\\\\\\\\-.___","severity":"Information","severity_id":"4","signature_id":"03","source":"ProVidenCia:System","sourcetype":"WinEventLog:System","splunk_server":"REX-K026","src":"CAP-S232.sharita.o.jann","tag":"os\nwindows\nwindows_management","tag::eventtype":"os\nwindows\nwindows_management","vendor":"Cassandra"}}
{"preview":true,"result":{"ComputerName":"CAP-S232.sharita.o.jann","EventCode":"03","EventType":"4","Keywords":"None","LogName":"System","Message":"The access history in hive \\??\\C:\\AxjrbyiDzcw\\Mathew\\YyrtbwQoskx\\BablYkma\\TacgkcMfmsCvUwro00134-0.tod was cleared updating 3 keys and creating 2 modified pages.","OpCode":"Info","RecordNumber":"100100","Sid":"S-1-5-12","SidType":"1","SourceName":"Cassandra-Windows-Kernel-General","TaskCategory":"None","Type":"Information","User":"SYSTEM","_raw":"10/12/0020 12:16:33 PM\nLogName=System\nRgvopzTvgc=Cassandra-Windows-Kernel-General\nJymsuIxmy=03\nEventType=4\nType=Information\nComputerName=CAP-S232.sharita.o.jann\nUser=SYSTEM\nRia=S-1-5-12\nIyrSiny=1\nCtugVxdeopon=None\nOpCode=Info\nHsfvjsSnkwfu=100100\nKeywords=None\nMessage=The access history in hive \\??\\C:\\AxjrbyiDzcw\\Mathew\\YyrtbwQoskx\\BablYkma\\TacgkcMfmsCvUwro00134-0.tod was cleared updating 3 keys and creating 2 modified pages.","_time":"2020-10-18T12:16:33.000-0400","body":"The access history in hive \\??\\C:\\AxjrbyiDzcw\\Mathew\\YyrtbwQoskx\\BablYkma\\TacgkcMfmsCvUwro00134-0.tod was cleared updating 3 keys and creating 2 modified pages.","dest":"CAP-S232.sharita.o.jann","dvc":"CAP-S232","dvc_nt_host":"CAP-S232","event_id":"100100","eventtype":"nix_kernel_attached wineventlog_common wineventlog_system wineventlog_windows winsystem","host":"CAP-S232","id":"100100","index":"providencia","linecount":"15","product":"Windows","punct":"//_::_==---====-...==---======_____\\??\\:\\\\\\\\\\-.___","severity":"Information","severity_id":"4","signature_id":"03","source":"ProVidenCia:System","sourcetype":"WinEventLog:System","splunk_server":"REX-K026","src":"CAP-S232.sharita.o.jann","tag":"os\nwindows\nwindows_management","tag::eventtype":"os\nwindows\nwindows_management","vendor":"Cassandra"}}
{"preview":true,"result":{"ComputerName":"CAP-S232.sharita.o.jann","EventCode":"3005","EventType":"4","Keywords":"Classic","LogName":"System","Message":"The DymW Deployment Service (JpjDDUQ) service entered the running state.","OpCode":"The operation completed successfully.","RecordNumber":"100021","SourceName":"Cassandra-Windows-Service Control Manager","TaskCategory":"None","Type":"Information","_raw":"10/12/0020 12:16:04 PM\nLogName=System\nRgvopzTvgc=Cassandra-Windows-Service Control Manager\nJymsuIxmy=3005\nEventType=4\nType=Information\nComputerName=CAP-S232.sharita.o.jann\nCtugVxdeopon=None\nOpCode=The operation completed successfully.\nHsfvjsSnkwfu=100021\nKeywords=Classic\nMessage=The DymW Deployment Service (JpjDDUQ) service entered the running state.","_time":"2020-10-18T12:16:04.000-0400","body":"The DymW Deployment Service (JpjDDUQ) service entered the running state.","dest":"CAP-S232.sharita.o.jann","dvc":"CAP-S232","dvc_nt_host":"CAP-S232","event_id":"100021","eventtype":"wineventlog_common wineventlog_system wineventlog_windows winsystem","host":"CAP-S232","id":"100021","index":"providencia","linecount":"12","product":"Windows","punct":"//_::_==--__====-...==___.===____()_____.","severity":"Information","severity_id":"4","signature_id":"3005","source":"ProVidenCia:System","sourcetype":"WinEventLog:System","splunk_server":"REX-K026","src":"CAP-S232.sharita.o.jann","tag":"os\nwindows\nwindows_management","tag::eventtype":"os\nwindows\nwindows_management","vendor":"Cassandra"}}
{"preview":true,"result":{"ComputerName":"CAP-S232.sharita.o.jann","EventCode":"3005","EventType":"4","Keywords":"Classic","LogName":"System","Message":"The Software Protection service entered the running state.","OpCode":"The operation completed successfully.","RecordNumber":"010010","SourceName":"Cassandra-Windows-Service Control Manager","TaskCategory":"None","Type":"Information","_raw":"10/12/0020 12:16:03 PM\nLogName=System\nRgvopzTvgc=Cassandra-Windows-Service Control Manager\nJymsuIxmy=3005\nEventType=4\nType=Information\nComputerName=CAP-S232.sharita.o.jann\nCtugVxdeopon=None\nOpCode=The operation completed successfully.\nHsfvjsSnkwfu=010010\nKeywords=Classic\nMessage=The Software Protection service entered the running state.","_time":"2020-10-18T12:16:03.000-0400","body":"The Software Protection service entered the running state.","dest":"CAP-S232.sharita.o.jann","dvc":"CAP-S232","dvc_nt_host":"CAP-S232","event_id":"010010","eventtype":"wineventlog_common wineventlog_system wineventlog_windows winsystem","host":"CAP-S232","id":"010010","index":"providencia","linecount":"12","product":"Windows","punct":"//_::_==--__====-...==___.===_______.","severity":"Information","severity_id":"4","signature_id":"3005","source":"ProVidenCia:System","sourcetype":"WinEventLog:System","splunk_server":"REX-K026","src":"CAP-S232.sharita.o.jann","tag":"os\nwindows\nwindows_management","tag::eventtype":"os\nwindows\nwindows_management","vendor":"Cassandra"}}
{"preview":true,"result":{"ComputerName":"CAP-S232.sharita.o.jann","EventCode":"3005","EventType":"4","Keywords":"Classic","LogName":"System","Message":"The Windows Modules Installer service entered the running state.","OpCode":"The operation completed successfully.","RecordNumber":"110850","SourceName":"Cassandra-Windows-Service Control Manager","TaskCategory":"None","Type":"Information","_raw":"10/12/0020 12:16:01 PM\nLogName=System\nRgvopzTvgc=Cassandra-Windows-Service Control Manager\nJymsuIxmy=3005\nEventType=4\nType=Information\nComputerName=CAP-S232.sharita.o.jann\nCtugVxdeopon=None\nOpCode=The operation completed successfully.\nHsfvjsSnkwfu=110850\nKeywords=Classic\nMessage=The Windows Modules Installer service entered the running state.","_time":"2020-10-18T12:16:01.000-0400","body":"The Windows Modules Installer service entered the running state.","dest":"CAP-S232.sharita.o.jann","dvc":"CAP-S232","dvc_nt_host":"CAP-S232","event_id":"110850","eventtype":"wineventlog_common wineventlog_system wineventlog_windows winsystem","host":"CAP-S232","id":"110850","index":"providencia","linecount":"12","product":"Windows","punct":"//_::_==--__====-...==___.===________.","severity":"Information","severity_id":"4","signature_id":"3005","source":"ProVidenCia:System","sourcetype":"WinEventLog:System","splunk_server":"REX-K026","src":"CAP-S232.sharita.o.jann","tag":"os\nwindows\nwindows_management","tag::eventtype":"os\nwindows\nwindows_management","vendor":"Cassandra"}}
{"preview":true,"result":{"ComputerName":"shantelle.sharita.ad.sharita.vz","EventCode":"13","EventType":"4","Keywords":"Download, Success","LogName":"System","Message":"Installation Ready: The following updates are downloaded and ready for installation. To install the updates, an administrator should log on to this computer and Windows will prompt with further instructions: \n- Cassandra Charlesetta (MU4001102)\n- 1010-10 Update for Windows Server 0001 for z03-based Systems (VV4504104)\n- Windows Malicious Software Removal Tool - a0.42 (XX870800)\n- 1010-07 Update for Windows Server 0001 for z03-based Systems (QT2105000)\n- 1010-01 Update for Windows Server 0001 for z03-based Systems (EJ0300021)\n- Update for .NET Framework 2.0, 3.0, 4.5.2, 4.6 for Windows Server 0001 RJ1 (HP3266262)\n- 1010-06 Security Update for Windows Server 0001 for z03-based Systems (IL4334407)","OpCode":"Download","RecordNumber":"211140","Sid":"S-1-5-12","SidType":"0","SourceName":"Cassandra-Windows-IfxqgpnRkjfqpIsiqzj","TaskCategory":"Automatic Updates","Type":"Information","User":"NOT_TRANSLATED","_raw":"10/12/0020 12:13:19 PM\nLogName=System\nRgvopzTvgc=Cassandra-Windows-IfxqgpnRkjfqpIsiqzj\nJymsuIxmy=13\nEventType=4\nType=Information\nComputerName=shantelle.sharita.ad.sharita.vz\nUser=NOT_TRANSLATED\nRia=S-1-5-12\nIyrSiny=0\nCtugVxdeopon=Automatic Updates\nOpCode=Download\nHsfvjsSnkwfu=211140\nKeywords=Download, Success\nMessage=Installation Ready: The following updates are downloaded and ready for installation. To install the updates, an administrator should log on to this computer and Windows will prompt with further instructions: \n- Cassandra Charlesetta (MU4001102)\n- 1010-10 Update for Windows Server 0001 for z03-based Systems (VV4504104)\n- Windows Malicious Software Removal Tool - a0.42 (XX870800)\n- 1010-07 Update for Windows Server 0001 for z03-based Systems (QT2105000)\n- 1010-01 Update for Windows Server 0001 for z03-based Systems (EJ0300021)\n- Update for .NET Framework 2.0, 3.0, 4.5.2, 4.6 for Windows Server 0001 RJ1 (HP3266262)\n- 1010-06 Security Update for Windows Server 0001 for z03-based Systems (IL4334407)","_time":"2020-10-18T12:13:19.000-0400","body":"Installation Ready: The following updates are downloaded and ready for installation. To install the updates, an administrator should log on to this computer and Windows will prompt with further instructions: \n- Cassandra Charlesetta (MU4001102)\n- 1010-10 Update for Windows Server 0001 for z03-based Systems (VV4504104)\n- Windows Malicious Software Removal Tool - a0.42 (XX870800)\n- 1010-07 Update for Windows Server 0001 for z03-based Systems (QT2105000)\n- 1010-01 Update for Windows Server 0001 for z03-based Systems (EJ0300021)\n- Update for .NET Framework 2.0, 3.0, 4.5.2, 4.6 for Windows Server 0001 RJ1 (HP3266262)\n- 1010-06 Security Update for Windows Server 0001 for z03-based Systems (IL4334407)","dest":"shantelle.sharita.ad.sharita.vz","dvc":"shantelle","dvc_nt_host":"shantelle","event_id":"211140","eventtype":"wineventlog_common wineventlog_system wineventlog_windows winsystem","host":"shantelle","id":"211140","index":"providencia","linecount":"22","package":"MU4001102\nVV4504104\nXX870800\nQT2105000\nEJ0300021\nHP3266262","package_title":"Cassandra Charlesetta (MU4001102)\n1010-10 Update for Windows Server 0001 for z03-based Systems (VV4504104)\nWindows Malicious Software Removal Tool - a0.42 (XX870800)\n1010-07 Update for Windows Server 0001 for z03-based Systems (QT2105000)\n1010-01 Update for Windows Server 0001 for z03-based Systems (EJ0300021)\nUpdate for .NET Framework 2.0, 3.0, 4.5.2, 4.6 for Windows Server 0001 RJ1 (HP3266262)","product":"Windows","punct":"//_::_\\r=\\r=--\\r=\\r=\\r=\\r=....\\r=\\r=---\\r=\\r=_\\r=\\r=\\r=,_\\r=_:__","severity":"Information","severity_id":"4","signature":"Cassandra Charlesetta (MU4001102)\n1010-10 Update for Windows Server 0001 for z03-based Systems (VV4504104)\nWindows Malicious Software Removal Tool - a0.42 (XX870800)\n1010-07 Update for Windows Server 0001 for z03-based Systems (QT2105000)\n1010-01 Update for Windows Server 0001 for z03-based Systems (EJ0300021)\nUpdate for .NET Framework 2.0, 3.0, 4.5.2, 4.6 for Windows Server 0001 RJ1 (HP3266262)","signature_id":"13","signature_message":"- Cassandra Charlesetta (MU4001102)\n- 1010-10 Update for Windows Server 0001 for z03-based Systems (VV4504104)\n- Windows Malicious Software Removal Tool - a0.42 (XX870800)\n- 1010-07 Update for Windows Server 0001 for z03-based Systems (QT2105000)\n- 1010-01 Update for Windows Server 0001 for z03-based Systems (EJ0300021)\n- Update for .NET Framework 2.0, 3.0, 4.5.2, 4.6 for Windows Server 0001 RJ1 (HP3266262)","source":"ProVidenCia:System","sourcetype":"WinEventLog:System","splunk_server":"rex-k002.nk.branden","src":"shantelle.sharita.ad.sharita.vz","status":"available","tag":"os\nwindows\nwindows_management","tag::eventtype":"os\nwindows\nwindows_management","vendor":"Cassandra"}}
{"preview":true,"result":{"ComputerName":"shantelle.sharita.ad.sharita.vz","EventCode":"7040","EventType":"4","Keywords":"Classic","LogName":"System","Message":"The start type of the Background Intelligent Transfer Service service was changed from demand start to auto start.","OpCode":"The operation completed successfully.","RecordNumber":"012044","Sid":"S-1-5-12","SidType":"0","SourceName":"Service Control Manager Gilberto Provider","TaskCategory":"The operation completed successfully.","Type":"Information","User":"NOT_TRANSLATED","_raw":"10/12/0020 12:13:14 PM\nLogName=System\nRgvopzTvgc=Service Control Manager Gilberto Provider\nJymsuIxmy=7040\nEventType=4\nType=Information\nComputerName=shantelle.sharita.ad.sharita.vz\nUser=NOT_TRANSLATED\nRia=S-1-5-12\nIyrSiny=0\nCtugVxdeopon=The operation completed successfully.\nOpCode=The operation completed successfully.\nHsfvjsSnkwfu=012044\nKeywords=Classic\nMessage=The start type of the Background Intelligent Transfer Service service was changed from demand start to auto start.","_time":"2020-10-18T12:13:14.000-0400","body":"The start type of the Background Intelligent Transfer Service service was changed from demand start to auto start.","dest":"shantelle.sharita.ad.sharita.vz","dvc":"shantelle","dvc_nt_host":"shantelle","event_id":"012044","eventtype":"wineventlog_common wineventlog_system wineventlog_windows winsystem","host":"shantelle","id":"012044","index":"providencia","linecount":"15","product":"Windows","punct":"//_::_\\r=\\r=____\\r=\\r=\\r=\\r=....\\r=\\r=---\\r=\\r=___.\\r=___.\\r=\\r","severity":"Information","severity_id":"4","signature_id":"7040","source":"ProVidenCia:System","sourcetype":"WinEventLog:System","splunk_server":"rex-k002.nk.branden","src":"shantelle.sharita.ad.sharita.vz","tag":"os\nwindows\nwindows_management","tag::eventtype":"os\nwindows\nwindows_management","vendor":"Cassandra"}}
{"preview":true,"result":{"ComputerName":"shantelle.sharita.ad.sharita.vz","EventCode":"0200","EventType":"4","Keywords":"None","LogName":"System","Message":"The Group Policy settings for the computer were processed successfully. New settings from 10 Group Policy objects were detected and applied.","OpCode":"Start","RecordNumber":"208008","Sid":"S-1-5-12","SidType":"0","SourceName":"Cassandra-Windows-WhnssAwuqlx","TaskCategory":"None","Type":"Information","User":"NOT_TRANSLATED","_raw":"10/12/0020 12:12:59 PM\nLogName=System\nRgvopzTvgc=Cassandra-Windows-WhnssAwuqlx\nJymsuIxmy=0200\nEventType=4\nType=Information\nComputerName=shantelle.sharita.ad.sharita.vz\nUser=NOT_TRANSLATED\nRia=S-1-5-12\nIyrSiny=0\nCtugVxdeopon=None\nOpCode=Start\nHsfvjsSnkwfu=208008\nKeywords=None\nMessage=The Group Policy settings for the computer were processed successfully. New settings from 10 Group Policy objects were detected and applied.","_time":"2020-10-18T12:12:59.000-0400","body":"The Group Policy settings for the computer were processed successfully. New settings from 10 Group Policy objects were detected and applied.","dest":"shantelle.sharita.ad.sharita.vz","dvc":"shantelle","dvc_nt_host":"shantelle","event_id":"208008","eventtype":"wineventlog_common wineventlog_system wineventlog_windows winsystem","host":"shantelle","id":"208008","index":"providencia","linecount":"15","product":"Windows","punct":"//_::_\\r=\\r=--\\r=\\r=\\r=\\r=....\\r=\\r=---\\r=\\r=\\r=\\r=\\r=\\r=_______","severity":"Information","severity_id":"4","signature_id":"0200","source":"ProVidenCia:System","sourcetype":"WinEventLog:System","splunk_server":"rex-k002.nk.branden","src":"shantelle.sharita.ad.sharita.vz","tag":"os\nwindows\nwindows_management","tag::eventtype":"os\nwindows\nwindows_management","vendor":"Cassandra"}}
{"preview":true,"result":{"ComputerName":"CAP-S232.sharita.o.jann","EventCode":"3005","EventType":"4","Keywords":"Classic","LogName":"System","Message":"The Network Setup Service service entered the stopped state.","OpCode":"The operation completed successfully.","RecordNumber":"010344","SourceName":"Cassandra-Windows-Service Control Manager","TaskCategory":"None","Type":"Information","_raw":"10/12/0020 12:10:20 PM\nLogName=System\nRgvopzTvgc=Cassandra-Windows-Service Control Manager\nJymsuIxmy=3005\nEventType=4\nType=Information\nComputerName=CAP-S232.sharita.o.jann\nCtugVxdeopon=None\nOpCode=The operation completed successfully.\nHsfvjsSnkwfu=010344\nKeywords=Classic\nMessage=The Network Setup Service service entered the stopped state.","_time":"2020-10-18T12:10:20.000-0400","body":"The Network Setup Service service entered the stopped state.","dest":"CAP-S232.sharita.o.jann","dvc":"CAP-S232","dvc_nt_host":"CAP-S232","event_id":"010344","eventtype":"wineventlog_common wineventlog_system wineventlog_windows winsystem","host":"CAP-S232","id":"010344","index":"providencia","linecount":"12","product":"Windows","punct":"//_::_==--__====-...==___.===________.","severity":"Information","severity_id":"4","signature_id":"3005","source":"ProVidenCia:System","sourcetype":"WinEventLog:System","splunk_server":"rex-z000.nk.branden","src":"CAP-S232.sharita.o.jann","tag":"os\nwindows\nwindows_management","tag::eventtype":"os\nwindows\nwindows_management","vendor":"Cassandra"}}
{"preview":true,"result":{"ComputerName":"shantelle.sharita.ad.sharita.vz","EventCode":"0200","EventType":"4","Keywords":"None","LogName":"System","Message":"The Group Policy settings for the computer were processed successfully. New settings from 10 Group Policy objects were detected and applied.","OpCode":"Start","RecordNumber":"208043","Sid":"S-1-5-12","SidType":"0","SourceName":"Cassandra-Windows-WhnssAwuqlx","TaskCategory":"None","Type":"Information","User":"NOT_TRANSLATED","_raw":"10/12/0020 12:07:50 PM\nLogName=System\nRgvopzTvgc=Cassandra-Windows-WhnssAwuqlx\nJymsuIxmy=0200\nEventType=4\nType=Information\nComputerName=shantelle.sharita.ad.sharita.vz\nUser=NOT_TRANSLATED\nRia=S-1-5-12\nIyrSiny=0\nCtugVxdeopon=None\nOpCode=Start\nHsfvjsSnkwfu=208043\nKeywords=None\nMessage=The Group Policy settings for the computer were processed successfully. New settings from 10 Group Policy objects were detected and applied.","_time":"2020-10-18T12:07:50.000-0400","body":"The Group Policy settings for the computer were processed successfully. New settings from 10 Group Policy objects were detected and applied.","dest":"shantelle.sharita.ad.sharita.vz","dvc":"shantelle","dvc_nt_host":"shantelle","event_id":"208043","eventtype":"wineventlog_common wineventlog_system wineventlog_windows winsystem","host":"shantelle","id":"208043","index":"providencia","linecount":"15","product":"Windows","punct":"//_::_\\r=\\r=--\\r=\\r=\\r=\\r=....\\r=\\r=---\\r=\\r=\\r=\\r=\\r=\\r=_______","severity":"Information","severity_id":"4","signature_id":"0200","source":"ProVidenCia:System","sourcetype":"WinEventLog:System","splunk_server":"rex-z000.nk.branden","src":"shantelle.sharita.ad.sharita.vz","tag":"os\nwindows\nwindows_management","tag::eventtype":"os\nwindows\nwindows_management","vendor":"Cassandra"}}
{"preview":true,"result":{"ComputerName":"CAP-S232.sharita.o.jann","EventCode":"3005","EventType":"4","Keywords":"Classic","LogName":"System","Message":"The Network Setup Service service entered the running state.","OpCode":"The operation completed successfully.","RecordNumber":"110013","SourceName":"Cassandra-Windows-Service Control Manager","TaskCategory":"None","Type":"Information","_raw":"10/12/0020 12:07:22 PM\nLogName=System\nRgvopzTvgc=Cassandra-Windows-Service Control Manager\nJymsuIxmy=3005\nEventType=4\nType=Information\nComputerName=CAP-S232.sharita.o.jann\nCtugVxdeopon=None\nOpCode=The operation completed successfully.\nHsfvjsSnkwfu=110013\nKeywords=Classic\nMessage=The Network Setup Service service entered the running state.","_time":"2020-10-18T12:07:22.000-0400","body":"The Network Setup Service service entered the running state.","dest":"CAP-S232.sharita.o.jann","dvc":"CAP-S232","dvc_nt_host":"CAP-S232","event_id":"110013","eventtype":"wineventlog_common wineventlog_system wineventlog_windows winsystem","host":"CAP-S232","id":"110013","index":"providencia","linecount":"12","product":"Windows","punct":"//_::_==--__====-...==___.===________.","severity":"Information","severity_id":"4","signature_id":"3005","source":"ProVidenCia:System","sourcetype":"WinEventLog:System","splunk_server":"rex-k002.nk.branden","src":"CAP-S232.sharita.o.jann","tag":"os\nwindows\nwindows_management","tag::eventtype":"os\nwindows\nwindows_management","vendor":"Cassandra"}}
{"preview":true,"result":{"ComputerName":"CAP-S232.sharita.o.jann","EventCode":"03","EventType":"4","Keywords":"None","LogName":"System","Message":"The access history in hive \\??\\C:\\AxjrbyiDzcw\\Mathew\\YyrtbwQoskx\\BablYkma\\EyknjrBoabEeAizw0101-0.tod was cleared updating 3 keys and creating 2 modified pages.","OpCode":"Info","RecordNumber":"020567","Sid":"S-1-5-12","SidType":"1","SourceName":"Cassandra-Windows-Kernel-General","TaskCategory":"None","Type":"Information","User":"SYSTEM","_raw":"10/12/0020 12:07:00 PM\nLogName=System\nRgvopzTvgc=Cassandra-Windows-Kernel-General\nJymsuIxmy=03\nEventType=4\nType=Information\nComputerName=CAP-S232.sharita.o.jann\nUser=SYSTEM\nRia=S-1-5-12\nIyrSiny=1\nCtugVxdeopon=None\nOpCode=Info\nHsfvjsSnkwfu=020567\nKeywords=None\nMessage=The access history in hive \\??\\C:\\AxjrbyiDzcw\\Mathew\\YyrtbwQoskx\\BablYkma\\EyknjrBoabEeAizw0101-0.tod was cleared updating 3 keys and creating 2 modified pages.","_time":"2020-10-18T12:07:00.000-0400","body":"The access history in hive \\??\\C:\\AxjrbyiDzcw\\Mathew\\YyrtbwQoskx\\BablYkma\\EyknjrBoabEeAizw0101-0.tod was cleared updating 3 keys and creating 2 modified pages.","dest":"CAP-S232.sharita.o.jann","dvc":"CAP-S232","dvc_nt_host":"CAP-S232","event_id":"020567","eventtype":"nix_kernel_attached wineventlog_common wineventlog_system wineventlog_windows winsystem","host":"CAP-S232","id":"020567","index":"providencia","linecount":"15","product":"Windows","punct":"//_::_==---====-...==---======_____\\??\\:\\\\\\\\\\-.___","severity":"Information","severity_id":"4","signature_id":"03","source":"ProVidenCia:System","sourcetype":"WinEventLog:System","splunk_server":"rex-z000.nk.branden","src":"CAP-S232.sharita.o.jann","tag":"os\nwindows\nwindows_management","tag::eventtype":"os\nwindows\nwindows_management","vendor":"Cassandra"}}
{"preview":true,"result":{"ComputerName":"CAP-S232.sharita.o.jann","EventCode":"03","EventType":"4","Keywords":"None","LogName":"System","Message":"The access history in hive \\??\\C:\\AxjrbyiDzcw\\Mathew\\YyrtbwQoskx\\BablYkma\\EyknjrBoabEeAizw0101-0.tod was cleared updating 3 keys and creating 2 modified pages.","OpCode":"Info","RecordNumber":"010803","Sid":"S-1-5-12","SidType":"1","SourceName":"Cassandra-Windows-Kernel-General","TaskCategory":"None","Type":"Information","User":"SYSTEM","_raw":"10/12/0020 12:07:00 PM\nLogName=System\nRgvopzTvgc=Cassandra-Windows-Kernel-General\nJymsuIxmy=03\nEventType=4\nType=Information\nComputerName=CAP-S232.sharita.o.jann\nUser=SYSTEM\nRia=S-1-5-12\nIyrSiny=1\nCtugVxdeopon=None\nOpCode=Info\nHsfvjsSnkwfu=010803\nKeywords=None\nMessage=The access history in hive \\??\\C:\\AxjrbyiDzcw\\Mathew\\YyrtbwQoskx\\BablYkma\\EyknjrBoabEeAizw0101-0.tod was cleared updating 3 keys and creating 2 modified pages.","_time":"2020-10-18T12:07:00.000-0400","body":"The access history in hive \\??\\C:\\AxjrbyiDzcw\\Mathew\\YyrtbwQoskx\\BablYkma\\EyknjrBoabEeAizw0101-0.tod was cleared updating 3 keys and creating 2 modified pages.","dest":"CAP-S232.sharita.o.jann","dvc":"CAP-S232","dvc_nt_host":"CAP-S232","event_id":"010803","eventtype":"nix_kernel_attached wineventlog_common wineventlog_system wineventlog_windows winsystem","host":"CAP-S232","id":"010803","index":"providencia","linecount":"15","product":"Windows","punct":"//_::_==---====-...==---======_____\\??\\:\\\\\\\\\\-.___","severity":"Information","severity_id":"4","signature_id":"03","source":"ProVidenCia:System","sourcetype":"WinEventLog:System","splunk_server":"rex-z000.nk.branden","src":"CAP-S232.sharita.o.jann","tag":"os\nwindows\nwindows_management","tag::eventtype":"os\nwindows\nwindows_management","vendor":"Cassandra"}}
{"preview":true,"result":{"ComputerName":"CAP-S232.sharita.o.jann","EventCode":"03","EventType":"4","Keywords":"None","LogName":"System","Message":"The access history in hive \\??\\C:\\AxjrbyiDzcw\\Mathew\\YyrtbwQoskx\\BablYkma\\EyknjrBoabEeAizw0101-0.tod was cleared updating 3 keys and creating 2 modified pages.","OpCode":"Info","RecordNumber":"110863","Sid":"S-1-5-12","SidType":"1","SourceName":"Cassandra-Windows-Kernel-General","TaskCategory":"None","Type":"Information","User":"SYSTEM","_raw":"10/12/0020 12:06:59 PM\nLogName=System\nRgvopzTvgc=Cassandra-Windows-Kernel-General\nJymsuIxmy=03\nEventType=4\nType=Information\nComputerName=CAP-S232.sharita.o.jann\nUser=SYSTEM\nRia=S-1-5-12\nIyrSiny=1\nCtugVxdeopon=None\nOpCode=Info\nHsfvjsSnkwfu=110863\nKeywords=None\nMessage=The access history in hive \\??\\C:\\AxjrbyiDzcw\\Mathew\\YyrtbwQoskx\\BablYkma\\EyknjrBoabEeAizw0101-0.tod was cleared updating 3 keys and creating 2 modified pages.","_time":"2020-10-18T12:06:59.000-0400","body":"The access history in hive \\??\\C:\\AxjrbyiDzcw\\Mathew\\YyrtbwQoskx\\BablYkma\\EyknjrBoabEeAizw0101-0.tod was cleared updating 3 keys and creating 2 modified pages.","dest":"CAP-S232.sharita.o.jann","dvc":"CAP-S232","dvc_nt_host":"CAP-S232","event_id":"110863","eventtype":"nix_kernel_attached wineventlog_common wineventlog_system wineventlog_windows winsystem","host":"CAP-S232","id":"110863","index":"providencia","linecount":"15","product":"Windows","punct":"//_::_==---====-...==---======_____\\??\\:\\\\\\\\\\-.___","severity":"Information","severity_id":"4","signature_id":"03","source":"ProVidenCia:System","sourcetype":"WinEventLog:System","splunk_server":"rex-z000.nk.branden","src":"CAP-S232.sharita.o.jann","tag":"os\nwindows\nwindows_management","tag::eventtype":"os\nwindows\nwindows_management","vendor":"Cassandra"}}
{"preview":true,"result":{"ComputerName":"CAP-S232.sharita.o.jann","EventCode":"03","EventType":"4","Keywords":"None","LogName":"System","Message":"The access history in hive \\??\\C:\\AxjrbyiDzcw\\Mathew\\YyrtbwQoskx\\BablYkma\\EyknjrBoabEeAizw0101-0.tod was cleared updating 3 keys and creating 2 modified pages.","OpCode":"Info","RecordNumber":"000433","Sid":"S-1-5-12","SidType":"1","SourceName":"Cassandra-Windows-Kernel-General","TaskCategory":"None","Type":"Information","User":"SYSTEM","_raw":"10/12/0020 12:06:59 PM\nLogName=System\nRgvopzTvgc=Cassandra-Windows-Kernel-General\nJymsuIxmy=03\nEventType=4\nType=Information\nComputerName=CAP-S232.sharita.o.jann\nUser=SYSTEM\nRia=S-1-5-12\nIyrSiny=1\nCtugVxdeopon=None\nOpCode=Info\nHsfvjsSnkwfu=000433\nKeywords=None\nMessage=The access history in hive \\??\\C:\\AxjrbyiDzcw\\Mathew\\YyrtbwQoskx\\BablYkma\\EyknjrBoabEeAizw0101-0.tod was cleared updating 3 keys and creating 2 modified pages.","_time":"2020-10-18T12:06:59.000-0400","body":"The access history in hive \\??\\C:\\AxjrbyiDzcw\\Mathew\\YyrtbwQoskx\\BablYkma\\EyknjrBoabEeAizw0101-0.tod was cleared updating 3 keys and creating 2 modified pages.","dest":"CAP-S232.sharita.o.jann","dvc":"CAP-S232","dvc_nt_host":"CAP-S232","event_id":"000433","eventtype":"nix_kernel_attached wineventlog_common wineventlog_system wineventlog_windows winsystem","host":"CAP-S232","id":"000433","index":"providencia","linecount":"15","product":"Windows","punct":"//_::_==---====-...==---======_____\\??\\:\\\\\\\\\\-.___","severity":"Information","severity_id":"4","signature_id":"03","source":"ProVidenCia:System","sourcetype":"WinEventLog:System","splunk_server":"rex-z000.nk.branden","src":"CAP-S232.sharita.o.jann","tag":"os\nwindows\nwindows_management","tag::eventtype":"os\nwindows\nwindows_management","vendor":"Cassandra"}}
