{"preview":true,"result":{"ComputerName":"CAP-E212.chantel.o.aida","EventCode":"10","EventType":"4","Keywords":"None","LogName":"System","Message":"The access history in hive \\??\\C:\\GlrvqkbVpfm\\Flavia\\KcebucCvbyx\\EahgPyfb\\EnhnykCfopOvAavg10500-0.pei was cleared updating 01 keys and creating 7 modified pages.","OpCode":"Info","RecordNumber":"05241","Sid":"S-1-5-15","SidType":"1","SourceName":"Salvatore-Windows-Kernel-General","TaskCategory":"None","Type":"Information","User":"SYSTEM","_raw":"06/18/2020 12:09:00 PM\nLogName=System\nRhpqmnVflz=Salvatore-Windows-Kernel-General\nStwxmMqfg=10\nEventType=4\nType=Information\nComputerName=CAP-E212.chantel.o.aida\nUser=SYSTEM\nKit=S-1-5-15\nPegYmtf=1\nWwzpIrqtfssz=None\nOpCode=Info\nVdtzufVjledg=05241\nKeywords=None\nMessage=The access history in hive \\??\\C:\\GlrvqkbVpfm\\Flavia\\KcebucCvbyx\\EahgPyfb\\EnhnykCfopOvAavg10500-0.pei was cleared updating 01 keys and creating 7 modified pages.","_time":"2020-09-19T12:09:00.000-0400","body":"The access history in hive \\??\\C:\\GlrvqkbVpfm\\Flavia\\KcebucCvbyx\\EahgPyfb\\EnhnykCfopOvAavg10500-0.pei was cleared updating 01 keys and creating 7 modified pages.","dest":"CAP-E212.chantel.o.aida","dvc":"CAP-E212","dvc_nt_host":"CAP-E212","event_id":"05241","eventtype":"nix_kernel_attached wineventlog_common wineventlog_system wineventlog_windows winsystem","host":"CAP-E212","id":"05241","index":"christopher","linecount":"15","product":"Windows","punct":"//_::_==---====-...==---======_____\\??\\:\\\\\\\\\\-.___","severity":"Information","severity_id":"4","signature_id":"10","source":"ChrIstopHer:System","sourcetype":"WinEventLog:System","splunk_server":"tim-l107.pz.woodrow","src":"CAP-E212.chantel.o.aida","tag":"os\nwindows\nwindows_management","tag::eventtype":"os\nwindows\nwindows_management","vendor":"Salvatore"}}
{"preview":true,"result":{"ComputerName":"CAP-E212.chantel.o.aida","EventCode":"10","EventType":"4","Keywords":"None","LogName":"System","Message":"The access history in hive \\??\\C:\\GlrvqkbVpfm\\Flavia\\KcebucCvbyx\\EahgPyfb\\EnhnykCfopOvAavg10500-0.pei was cleared updating 01 keys and creating 7 modified pages.","OpCode":"Info","RecordNumber":"08233","Sid":"S-1-5-15","SidType":"1","SourceName":"Salvatore-Windows-Kernel-General","TaskCategory":"None","Type":"Information","User":"SYSTEM","_raw":"06/18/2020 12:07:29 PM\nLogName=System\nRhpqmnVflz=Salvatore-Windows-Kernel-General\nStwxmMqfg=10\nEventType=4\nType=Information\nComputerName=CAP-E212.chantel.o.aida\nUser=SYSTEM\nKit=S-1-5-15\nPegYmtf=1\nWwzpIrqtfssz=None\nOpCode=Info\nVdtzufVjledg=08233\nKeywords=None\nMessage=The access history in hive \\??\\C:\\GlrvqkbVpfm\\Flavia\\KcebucCvbyx\\EahgPyfb\\EnhnykCfopOvAavg10500-0.pei was cleared updating 01 keys and creating 7 modified pages.","_time":"2020-09-19T12:07:29.000-0400","body":"The access history in hive \\??\\C:\\GlrvqkbVpfm\\Flavia\\KcebucCvbyx\\EahgPyfb\\EnhnykCfopOvAavg10500-0.pei was cleared updating 01 keys and creating 7 modified pages.","dest":"CAP-E212.chantel.o.aida","dvc":"CAP-E212","dvc_nt_host":"CAP-E212","event_id":"08233","eventtype":"nix_kernel_attached wineventlog_common wineventlog_system wineventlog_windows winsystem","host":"CAP-E212","id":"08233","index":"christopher","linecount":"15","product":"Windows","punct":"//_::_==---====-...==---======_____\\??\\:\\\\\\\\\\-.___","severity":"Information","severity_id":"4","signature_id":"10","source":"ChrIstopHer:System","sourcetype":"WinEventLog:System","splunk_server":"TIM-S107","src":"CAP-E212.chantel.o.aida","tag":"os\nwindows\nwindows_management","tag::eventtype":"os\nwindows\nwindows_management","vendor":"Salvatore"}}
{"preview":true,"result":{"ComputerName":"CAP-E212.chantel.o.aida","EventCode":"10","EventType":"4","Keywords":"None","LogName":"System","Message":"The access history in hive \\??\\C:\\GlrvqkbVpfm\\Flavia\\KcebucCvbyx\\EahgPyfb\\EnhnykCfopOvAavg10500-0.pei was cleared updating 0112 keys and creating 102 modified pages.","OpCode":"Info","RecordNumber":"42210","Sid":"S-1-5-15","SidType":"1","SourceName":"Salvatore-Windows-Kernel-General","TaskCategory":"None","Type":"Information","User":"SYSTEM","_raw":"06/18/2020 12:07:27 PM\nLogName=System\nRhpqmnVflz=Salvatore-Windows-Kernel-General\nStwxmMqfg=10\nEventType=4\nType=Information\nComputerName=CAP-E212.chantel.o.aida\nUser=SYSTEM\nKit=S-1-5-15\nPegYmtf=1\nWwzpIrqtfssz=None\nOpCode=Info\nVdtzufVjledg=42210\nKeywords=None\nMessage=The access history in hive \\??\\C:\\GlrvqkbVpfm\\Flavia\\KcebucCvbyx\\EahgPyfb\\EnhnykCfopOvAavg10500-0.pei was cleared updating 0112 keys and creating 102 modified pages.","_time":"2020-09-19T12:07:27.000-0400","body":"The access history in hive \\??\\C:\\GlrvqkbVpfm\\Flavia\\KcebucCvbyx\\EahgPyfb\\EnhnykCfopOvAavg10500-0.pei was cleared updating 0112 keys and creating 102 modified pages.","dest":"CAP-E212.chantel.o.aida","dvc":"CAP-E212","dvc_nt_host":"CAP-E212","event_id":"42210","eventtype":"nix_kernel_attached wineventlog_common wineventlog_system wineventlog_windows winsystem","host":"CAP-E212","id":"42210","index":"christopher","linecount":"15","product":"Windows","punct":"//_::_==---====-...==---======_____\\??\\:\\\\\\\\\\-.___","severity":"Information","severity_id":"4","signature_id":"10","source":"ChrIstopHer:System","sourcetype":"WinEventLog:System","splunk_server":"TIM-S107","src":"CAP-E212.chantel.o.aida","tag":"os\nwindows\nwindows_management","tag::eventtype":"os\nwindows\nwindows_management","vendor":"Salvatore"}}
{"preview":true,"result":{"ComputerName":"CAP-E212.chantel.o.aida","EventCode":"10","EventType":"4","Keywords":"None","LogName":"System","Message":"The access history in hive \\??\\C:\\GlrvqkbVpfm\\Flavia\\KcebucCvbyx\\EahgPyfb\\EnhnykCfopOvAavg10500-0.pei was cleared updating 01 keys and creating 7 modified pages.","OpCode":"Info","RecordNumber":"41040","Sid":"S-1-5-15","SidType":"1","SourceName":"Salvatore-Windows-Kernel-General","TaskCategory":"None","Type":"Information","User":"SYSTEM","_raw":"06/18/2020 12:07:26 PM\nLogName=System\nRhpqmnVflz=Salvatore-Windows-Kernel-General\nStwxmMqfg=10\nEventType=4\nType=Information\nComputerName=CAP-E212.chantel.o.aida\nUser=SYSTEM\nKit=S-1-5-15\nPegYmtf=1\nWwzpIrqtfssz=None\nOpCode=Info\nVdtzufVjledg=41040\nKeywords=None\nMessage=The access history in hive \\??\\C:\\GlrvqkbVpfm\\Flavia\\KcebucCvbyx\\EahgPyfb\\EnhnykCfopOvAavg10500-0.pei was cleared updating 01 keys and creating 7 modified pages.","_time":"2020-09-19T12:07:26.000-0400","body":"The access history in hive \\??\\C:\\GlrvqkbVpfm\\Flavia\\KcebucCvbyx\\EahgPyfb\\EnhnykCfopOvAavg10500-0.pei was cleared updating 01 keys and creating 7 modified pages.","dest":"CAP-E212.chantel.o.aida","dvc":"CAP-E212","dvc_nt_host":"CAP-E212","event_id":"41040","eventtype":"nix_kernel_attached wineventlog_common wineventlog_system wineventlog_windows winsystem","host":"CAP-E212","id":"41040","index":"christopher","linecount":"15","product":"Windows","punct":"//_::_==---====-...==---======_____\\??\\:\\\\\\\\\\-.___","severity":"Information","severity_id":"4","signature_id":"10","source":"ChrIstopHer:System","sourcetype":"WinEventLog:System","splunk_server":"TIM-S107","src":"CAP-E212.chantel.o.aida","tag":"os\nwindows\nwindows_management","tag::eventtype":"os\nwindows\nwindows_management","vendor":"Salvatore"}}
{"preview":true,"result":{"ComputerName":"CAP-E212.chantel.o.aida","EventCode":"5014","EventType":"4","Keywords":"Classic","LogName":"System","Message":"The Network Setup Service service entered the running state.","OpCode":"The operation completed successfully.","RecordNumber":"42030","SourceName":"Salvatore-Windows-Service Control Manager","TaskCategory":"None","Type":"Information","_raw":"06/18/2020 12:07:20 PM\nLogName=System\nRhpqmnVflz=Salvatore-Windows-Service Control Manager\nStwxmMqfg=5014\nEventType=4\nType=Information\nComputerName=CAP-E212.chantel.o.aida\nWwzpIrqtfssz=None\nOpCode=The operation completed successfully.\nVdtzufVjledg=42030\nKeywords=Classic\nMessage=The Network Setup Service service entered the running state.","_time":"2020-09-19T12:07:20.000-0400","body":"The Network Setup Service service entered the running state.","dest":"CAP-E212.chantel.o.aida","dvc":"CAP-E212","dvc_nt_host":"CAP-E212","event_id":"42030","eventtype":"wineventlog_common wineventlog_system wineventlog_windows winsystem","host":"CAP-E212","id":"42030","index":"christopher","linecount":"12","product":"Windows","punct":"//_::_==--__====-...==___.===________.","severity":"Information","severity_id":"4","signature_id":"5014","source":"ChrIstopHer:System","sourcetype":"WinEventLog:System","splunk_server":"TIM-S107","src":"CAP-E212.chantel.o.aida","tag":"os\nwindows\nwindows_management","tag::eventtype":"os\nwindows\nwindows_management","vendor":"Salvatore"}}
{"preview":true,"result":{"ComputerName":"CAP-E212.chantel.o.aida","EventCode":"10","EventType":"4","Keywords":"None","LogName":"System","Message":"The access history in hive \\??\\C:\\GlrvqkbVpfm\\Flavia\\KcebucCvbyx\\EahgPyfb\\EnhnykCfopOvAavg10500-0.pei was cleared updating 01 keys and creating 7 modified pages.","OpCode":"Info","RecordNumber":"12233","Sid":"S-1-5-15","SidType":"1","SourceName":"Salvatore-Windows-Kernel-General","TaskCategory":"None","Type":"Information","User":"SYSTEM","_raw":"06/18/2020 12:06:53 PM\nLogName=System\nRhpqmnVflz=Salvatore-Windows-Kernel-General\nStwxmMqfg=10\nEventType=4\nType=Information\nComputerName=CAP-E212.chantel.o.aida\nUser=SYSTEM\nKit=S-1-5-15\nPegYmtf=1\nWwzpIrqtfssz=None\nOpCode=Info\nVdtzufVjledg=12233\nKeywords=None\nMessage=The access history in hive \\??\\C:\\GlrvqkbVpfm\\Flavia\\KcebucCvbyx\\EahgPyfb\\EnhnykCfopOvAavg10500-0.pei was cleared updating 01 keys and creating 7 modified pages.","_time":"2020-09-19T12:06:53.000-0400","body":"The access history in hive \\??\\C:\\GlrvqkbVpfm\\Flavia\\KcebucCvbyx\\EahgPyfb\\EnhnykCfopOvAavg10500-0.pei was cleared updating 01 keys and creating 7 modified pages.","dest":"CAP-E212.chantel.o.aida","dvc":"CAP-E212","dvc_nt_host":"CAP-E212","event_id":"12233","eventtype":"nix_kernel_attached wineventlog_common wineventlog_system wineventlog_windows winsystem","host":"CAP-E212","id":"12233","index":"christopher","linecount":"15","product":"Windows","punct":"//_::_==---====-...==---======_____\\??\\:\\\\\\\\\\-.___","severity":"Information","severity_id":"4","signature_id":"10","source":"ChrIstopHer:System","sourcetype":"WinEventLog:System","splunk_server":"tim-l107.pz.woodrow","src":"CAP-E212.chantel.o.aida","tag":"os\nwindows\nwindows_management","tag::eventtype":"os\nwindows\nwindows_management","vendor":"Salvatore"}}
{"preview":true,"result":{"ComputerName":"CAP-E212.chantel.o.aida","EventCode":"10","EventType":"4","Keywords":"None","LogName":"System","Message":"The access history in hive \\??\\C:\\GlrvqkbVpfm\\Flavia\\KcebucCvbyx\\EahgPyfb\\EnhnykCfopOvAavg10500-0.pei was cleared updating 0112 keys and creating 102 modified pages.","OpCode":"Info","RecordNumber":"66257","Sid":"S-1-5-15","SidType":"1","SourceName":"Salvatore-Windows-Kernel-General","TaskCategory":"None","Type":"Information","User":"SYSTEM","_raw":"06/18/2020 12:06:51 PM\nLogName=System\nRhpqmnVflz=Salvatore-Windows-Kernel-General\nStwxmMqfg=10\nEventType=4\nType=Information\nComputerName=CAP-E212.chantel.o.aida\nUser=SYSTEM\nKit=S-1-5-15\nPegYmtf=1\nWwzpIrqtfssz=None\nOpCode=Info\nVdtzufVjledg=66257\nKeywords=None\nMessage=The access history in hive \\??\\C:\\GlrvqkbVpfm\\Flavia\\KcebucCvbyx\\EahgPyfb\\EnhnykCfopOvAavg10500-0.pei was cleared updating 0112 keys and creating 102 modified pages.","_time":"2020-09-19T12:06:51.000-0400","body":"The access history in hive \\??\\C:\\GlrvqkbVpfm\\Flavia\\KcebucCvbyx\\EahgPyfb\\EnhnykCfopOvAavg10500-0.pei was cleared updating 0112 keys and creating 102 modified pages.","dest":"CAP-E212.chantel.o.aida","dvc":"CAP-E212","dvc_nt_host":"CAP-E212","event_id":"66257","eventtype":"nix_kernel_attached wineventlog_common wineventlog_system wineventlog_windows winsystem","host":"CAP-E212","id":"66257","index":"christopher","linecount":"15","product":"Windows","punct":"//_::_==---====-...==---======_____\\??\\:\\\\\\\\\\-.___","severity":"Information","severity_id":"4","signature_id":"10","source":"ChrIstopHer:System","sourcetype":"WinEventLog:System","splunk_server":"tim-l107.pz.woodrow","src":"CAP-E212.chantel.o.aida","tag":"os\nwindows\nwindows_management","tag::eventtype":"os\nwindows\nwindows_management","vendor":"Salvatore"}}
{"preview":true,"result":{"ComputerName":"CAP-E212.chantel.o.aida","EventCode":"10","EventType":"4","Keywords":"None","LogName":"System","Message":"The access history in hive \\??\\C:\\GlrvqkbVpfm\\Flavia\\KcebucCvbyx\\EahgPyfb\\EnhnykCfopOvAavg10500-0.pei was cleared updating 01 keys and creating 7 modified pages.","OpCode":"Info","RecordNumber":"79253","Sid":"S-1-5-15","SidType":"1","SourceName":"Salvatore-Windows-Kernel-General","TaskCategory":"None","Type":"Information","User":"SYSTEM","_raw":"06/18/2020 12:06:49 PM\nLogName=System\nRhpqmnVflz=Salvatore-Windows-Kernel-General\nStwxmMqfg=10\nEventType=4\nType=Information\nComputerName=CAP-E212.chantel.o.aida\nUser=SYSTEM\nKit=S-1-5-15\nPegYmtf=1\nWwzpIrqtfssz=None\nOpCode=Info\nVdtzufVjledg=79253\nKeywords=None\nMessage=The access history in hive \\??\\C:\\GlrvqkbVpfm\\Flavia\\KcebucCvbyx\\EahgPyfb\\EnhnykCfopOvAavg10500-0.pei was cleared updating 01 keys and creating 7 modified pages.","_time":"2020-09-19T12:06:49.000-0400","body":"The access history in hive \\??\\C:\\GlrvqkbVpfm\\Flavia\\KcebucCvbyx\\EahgPyfb\\EnhnykCfopOvAavg10500-0.pei was cleared updating 01 keys and creating 7 modified pages.","dest":"CAP-E212.chantel.o.aida","dvc":"CAP-E212","dvc_nt_host":"CAP-E212","event_id":"79253","eventtype":"nix_kernel_attached wineventlog_common wineventlog_system wineventlog_windows winsystem","host":"CAP-E212","id":"79253","index":"christopher","linecount":"15","product":"Windows","punct":"//_::_==---====-...==---======_____\\??\\:\\\\\\\\\\-.___","severity":"Information","severity_id":"4","signature_id":"10","source":"ChrIstopHer:System","sourcetype":"WinEventLog:System","splunk_server":"tim-l107.pz.woodrow","src":"CAP-E212.chantel.o.aida","tag":"os\nwindows\nwindows_management","tag::eventtype":"os\nwindows\nwindows_management","vendor":"Salvatore"}}
{"preview":true,"result":{"ComputerName":"CAP-E212.chantel.o.aida","EventCode":"5014","EventType":"4","Keywords":"Classic","LogName":"System","Message":"The Windows Modules Installer service entered the stopped state.","OpCode":"The operation completed successfully.","RecordNumber":"39150","SourceName":"Salvatore-Windows-Service Control Manager","TaskCategory":"None","Type":"Information","_raw":"06/18/2020 12:05:32 PM\nLogName=System\nRhpqmnVflz=Salvatore-Windows-Service Control Manager\nStwxmMqfg=5014\nEventType=4\nType=Information\nComputerName=CAP-E212.chantel.o.aida\nWwzpIrqtfssz=None\nOpCode=The operation completed successfully.\nVdtzufVjledg=39150\nKeywords=Classic\nMessage=The Windows Modules Installer service entered the stopped state.","_time":"2020-09-19T12:05:32.000-0400","body":"The Windows Modules Installer service entered the stopped state.","dest":"CAP-E212.chantel.o.aida","dvc":"CAP-E212","dvc_nt_host":"CAP-E212","event_id":"39150","eventtype":"wineventlog_common wineventlog_system wineventlog_windows winsystem","host":"CAP-E212","id":"39150","index":"christopher","linecount":"12","product":"Windows","punct":"//_::_==--__====-...==___.===________.","severity":"Information","severity_id":"4","signature_id":"5014","source":"ChrIstopHer:System","sourcetype":"WinEventLog:System","splunk_server":"TIM-S107","src":"CAP-E212.chantel.o.aida","tag":"os\nwindows\nwindows_management","tag::eventtype":"os\nwindows\nwindows_management","vendor":"Salvatore"}}
{"preview":true,"result":{"ComputerName":"CAP-E212.chantel.o.aida","EventCode":"10","EventType":"4","Keywords":"None","LogName":"System","Message":"The access history in hive \\??\\C:\\GlrvqkbVpfm\\Flavia\\KcebucCvbyx\\EahgPyfb\\EnhnykCfopOvAavg10500-0.pei was cleared updating 01 keys and creating 7 modified pages.","OpCode":"Info","RecordNumber":"59120","Sid":"S-1-5-15","SidType":"1","SourceName":"Salvatore-Windows-Kernel-General","TaskCategory":"None","Type":"Information","User":"SYSTEM","_raw":"06/18/2020 12:04:05 PM\nLogName=System\nRhpqmnVflz=Salvatore-Windows-Kernel-General\nStwxmMqfg=10\nEventType=4\nType=Information\nComputerName=CAP-E212.chantel.o.aida\nUser=SYSTEM\nKit=S-1-5-15\nPegYmtf=1\nWwzpIrqtfssz=None\nOpCode=Info\nVdtzufVjledg=59120\nKeywords=None\nMessage=The access history in hive \\??\\C:\\GlrvqkbVpfm\\Flavia\\KcebucCvbyx\\EahgPyfb\\EnhnykCfopOvAavg10500-0.pei was cleared updating 01 keys and creating 7 modified pages.","_time":"2020-09-19T12:04:05.000-0400","body":"The access history in hive \\??\\C:\\GlrvqkbVpfm\\Flavia\\KcebucCvbyx\\EahgPyfb\\EnhnykCfopOvAavg10500-0.pei was cleared updating 01 keys and creating 7 modified pages.","dest":"CAP-E212.chantel.o.aida","dvc":"CAP-E212","dvc_nt_host":"CAP-E212","event_id":"59120","eventtype":"nix_kernel_attached wineventlog_common wineventlog_system wineventlog_windows winsystem","host":"CAP-E212","id":"59120","index":"christopher","linecount":"15","product":"Windows","punct":"//_::_==---====-...==---======_____\\??\\:\\\\\\\\\\-.___","severity":"Information","severity_id":"4","signature_id":"10","source":"ChrIstopHer:System","sourcetype":"WinEventLog:System","splunk_server":"TIM-S107","src":"CAP-E212.chantel.o.aida","tag":"os\nwindows\nwindows_management","tag::eventtype":"os\nwindows\nwindows_management","vendor":"Salvatore"}}
{"preview":true,"result":{"ComputerName":"CAP-E212.chantel.o.aida","EventCode":"10","EventType":"4","Keywords":"None","LogName":"System","Message":"The access history in hive \\??\\C:\\GlrvqkbVpfm\\Flavia\\KcebucCvbyx\\EahgPyfb\\EnhnykCfopOvAavg10500-0.pei was cleared updating 0112 keys and creating 102 modified pages.","OpCode":"Info","RecordNumber":"71040","Sid":"S-1-5-15","SidType":"1","SourceName":"Salvatore-Windows-Kernel-General","TaskCategory":"None","Type":"Information","User":"SYSTEM","_raw":"06/18/2020 12:04:04 PM\nLogName=System\nRhpqmnVflz=Salvatore-Windows-Kernel-General\nStwxmMqfg=10\nEventType=4\nType=Information\nComputerName=CAP-E212.chantel.o.aida\nUser=SYSTEM\nKit=S-1-5-15\nPegYmtf=1\nWwzpIrqtfssz=None\nOpCode=Info\nVdtzufVjledg=71040\nKeywords=None\nMessage=The access history in hive \\??\\C:\\GlrvqkbVpfm\\Flavia\\KcebucCvbyx\\EahgPyfb\\EnhnykCfopOvAavg10500-0.pei was cleared updating 0112 keys and creating 102 modified pages.","_time":"2020-09-19T12:04:04.000-0400","body":"The access history in hive \\??\\C:\\GlrvqkbVpfm\\Flavia\\KcebucCvbyx\\EahgPyfb\\EnhnykCfopOvAavg10500-0.pei was cleared updating 0112 keys and creating 102 modified pages.","dest":"CAP-E212.chantel.o.aida","dvc":"CAP-E212","dvc_nt_host":"CAP-E212","event_id":"71040","eventtype":"nix_kernel_attached wineventlog_common wineventlog_system wineventlog_windows winsystem","host":"CAP-E212","id":"71040","index":"christopher","linecount":"15","product":"Windows","punct":"//_::_==---====-...==---======_____\\??\\:\\\\\\\\\\-.___","severity":"Information","severity_id":"4","signature_id":"10","source":"ChrIstopHer:System","sourcetype":"WinEventLog:System","splunk_server":"TIM-S107","src":"CAP-E212.chantel.o.aida","tag":"os\nwindows\nwindows_management","tag::eventtype":"os\nwindows\nwindows_management","vendor":"Salvatore"}}
{"preview":true,"result":{"ComputerName":"CAP-E212.chantel.o.aida","EventCode":"10","EventType":"4","Keywords":"None","LogName":"System","Message":"The access history in hive \\??\\C:\\GlrvqkbVpfm\\Flavia\\KcebucCvbyx\\EahgPyfb\\EnhnykCfopOvAavg10500-0.pei was cleared updating 01 keys and creating 7 modified pages.","OpCode":"Info","RecordNumber":"51046","Sid":"S-1-5-15","SidType":"1","SourceName":"Salvatore-Windows-Kernel-General","TaskCategory":"None","Type":"Information","User":"SYSTEM","_raw":"06/18/2020 12:04:03 PM\nLogName=System\nRhpqmnVflz=Salvatore-Windows-Kernel-General\nStwxmMqfg=10\nEventType=4\nType=Information\nComputerName=CAP-E212.chantel.o.aida\nUser=SYSTEM\nKit=S-1-5-15\nPegYmtf=1\nWwzpIrqtfssz=None\nOpCode=Info\nVdtzufVjledg=51046\nKeywords=None\nMessage=The access history in hive \\??\\C:\\GlrvqkbVpfm\\Flavia\\KcebucCvbyx\\EahgPyfb\\EnhnykCfopOvAavg10500-0.pei was cleared updating 01 keys and creating 7 modified pages.","_time":"2020-09-19T12:04:03.000-0400","body":"The access history in hive \\??\\C:\\GlrvqkbVpfm\\Flavia\\KcebucCvbyx\\EahgPyfb\\EnhnykCfopOvAavg10500-0.pei was cleared updating 01 keys and creating 7 modified pages.","dest":"CAP-E212.chantel.o.aida","dvc":"CAP-E212","dvc_nt_host":"CAP-E212","event_id":"51046","eventtype":"nix_kernel_attached wineventlog_common wineventlog_system wineventlog_windows winsystem","host":"CAP-E212","id":"51046","index":"christopher","linecount":"15","product":"Windows","punct":"//_::_==---====-...==---======_____\\??\\:\\\\\\\\\\-.___","severity":"Information","severity_id":"4","signature_id":"10","source":"ChrIstopHer:System","sourcetype":"WinEventLog:System","splunk_server":"TIM-S107","src":"CAP-E212.chantel.o.aida","tag":"os\nwindows\nwindows_management","tag::eventtype":"os\nwindows\nwindows_management","vendor":"Salvatore"}}
{"preview":true,"result":{"ComputerName":"CAP-E212.chantel.o.aida","EventCode":"5014","EventType":"4","Keywords":"Classic","LogName":"System","Message":"The DevL Deployment Service (GkmSQIM) service entered the running state.","OpCode":"The operation completed successfully.","RecordNumber":"27054","SourceName":"Salvatore-Windows-Service Control Manager","TaskCategory":"None","Type":"Information","_raw":"06/18/2020 12:03:32 PM\nLogName=System\nRhpqmnVflz=Salvatore-Windows-Service Control Manager\nStwxmMqfg=5014\nEventType=4\nType=Information\nComputerName=CAP-E212.chantel.o.aida\nWwzpIrqtfssz=None\nOpCode=The operation completed successfully.\nVdtzufVjledg=27054\nKeywords=Classic\nMessage=The DevL Deployment Service (GkmSQIM) service entered the running state.","_time":"2020-09-19T12:03:32.000-0400","body":"The DevL Deployment Service (GkmSQIM) service entered the running state.","dest":"CAP-E212.chantel.o.aida","dvc":"CAP-E212","dvc_nt_host":"CAP-E212","event_id":"27054","eventtype":"wineventlog_common wineventlog_system wineventlog_windows winsystem","host":"CAP-E212","id":"27054","index":"christopher","linecount":"12","product":"Windows","punct":"//_::_==--__====-...==___.===____()_____.","severity":"Information","severity_id":"4","signature_id":"5014","source":"ChrIstopHer:System","sourcetype":"WinEventLog:System","splunk_server":"TIM-S107","src":"CAP-E212.chantel.o.aida","tag":"os\nwindows\nwindows_management","tag::eventtype":"os\nwindows\nwindows_management","vendor":"Salvatore"}}
{"preview":true,"result":{"ComputerName":"CAP-E212.chantel.o.aida","EventCode":"5014","EventType":"4","Keywords":"Classic","LogName":"System","Message":"The Software Protection service entered the running state.","OpCode":"The operation completed successfully.","RecordNumber":"77210","SourceName":"Salvatore-Windows-Service Control Manager","TaskCategory":"None","Type":"Information","_raw":"06/18/2020 12:03:31 PM\nLogName=System\nRhpqmnVflz=Salvatore-Windows-Service Control Manager\nStwxmMqfg=5014\nEventType=4\nType=Information\nComputerName=CAP-E212.chantel.o.aida\nWwzpIrqtfssz=None\nOpCode=The operation completed successfully.\nVdtzufVjledg=77210\nKeywords=Classic\nMessage=The Software Protection service entered the running state.","_time":"2020-09-19T12:03:31.000-0400","body":"The Software Protection service entered the running state.","dest":"CAP-E212.chantel.o.aida","dvc":"CAP-E212","dvc_nt_host":"CAP-E212","event_id":"77210","eventtype":"wineventlog_common wineventlog_system wineventlog_windows winsystem","host":"CAP-E212","id":"77210","index":"christopher","linecount":"12","product":"Windows","punct":"//_::_==--__====-...==___.===_______.","severity":"Information","severity_id":"4","signature_id":"5014","source":"ChrIstopHer:System","sourcetype":"WinEventLog:System","splunk_server":"TIM-S107","src":"CAP-E212.chantel.o.aida","tag":"os\nwindows\nwindows_management","tag::eventtype":"os\nwindows\nwindows_management","vendor":"Salvatore"}}
{"preview":true,"result":{"ComputerName":"CAP-E212.chantel.o.aida","EventCode":"5014","EventType":"4","Keywords":"Classic","LogName":"System","Message":"The Windows Modules Installer service entered the running state.","OpCode":"The operation completed successfully.","RecordNumber":"03102","SourceName":"Salvatore-Windows-Service Control Manager","TaskCategory":"None","Type":"Information","_raw":"06/18/2020 12:03:29 PM\nLogName=System\nRhpqmnVflz=Salvatore-Windows-Service Control Manager\nStwxmMqfg=5014\nEventType=4\nType=Information\nComputerName=CAP-E212.chantel.o.aida\nWwzpIrqtfssz=None\nOpCode=The operation completed successfully.\nVdtzufVjledg=03102\nKeywords=Classic\nMessage=The Windows Modules Installer service entered the running state.","_time":"2020-09-19T12:03:29.000-0400","body":"The Windows Modules Installer service entered the running state.","dest":"CAP-E212.chantel.o.aida","dvc":"CAP-E212","dvc_nt_host":"CAP-E212","event_id":"03102","eventtype":"wineventlog_common wineventlog_system wineventlog_windows winsystem","host":"CAP-E212","id":"03102","index":"christopher","linecount":"12","product":"Windows","punct":"//_::_==--__====-...==___.===________.","severity":"Information","severity_id":"4","signature_id":"5014","source":"ChrIstopHer:System","sourcetype":"WinEventLog:System","splunk_server":"TIM-S107","src":"CAP-E212.chantel.o.aida","tag":"os\nwindows\nwindows_management","tag::eventtype":"os\nwindows\nwindows_management","vendor":"Salvatore"}}
{"preview":true,"result":{"ComputerName":"madelaine.chantel.ad.chantel.ub","EventCode":"1001","EventType":"4","Keywords":"None","LogName":"System","Message":"The Group Policy settings for the computer were processed successfully. New settings from 11 Group Policy objects were detected and applied.","OpCode":"Start","RecordNumber":"509003","Sid":"S-1-5-15","SidType":"0","SourceName":"Salvatore-Windows-LwbrdLadkgk","TaskCategory":"None","Type":"Information","User":"NOT_TRANSLATED","_raw":"06/18/2020 12:01:43 PM\nLogName=System\nRhpqmnVflz=Salvatore-Windows-LwbrdLadkgk\nStwxmMqfg=1001\nEventType=4\nType=Information\nComputerName=madelaine.chantel.ad.chantel.ub\nUser=NOT_TRANSLATED\nKit=S-1-5-15\nPegYmtf=0\nWwzpIrqtfssz=None\nOpCode=Start\nVdtzufVjledg=509003\nKeywords=None\nMessage=The Group Policy settings for the computer were processed successfully. New settings from 11 Group Policy objects were detected and applied.","_time":"2020-09-19T12:01:43.000-0400","body":"The Group Policy settings for the computer were processed successfully. New settings from 11 Group Policy objects were detected and applied.","dest":"madelaine.chantel.ad.chantel.ub","dvc":"madelaine","dvc_nt_host":"madelaine","event_id":"509003","eventtype":"wineventlog_common wineventlog_system wineventlog_windows winsystem","host":"madelaine","id":"509003","index":"christopher","linecount":"15","product":"Windows","punct":"//_::_\\r=\\r=--\\r=\\r=\\r=\\r=....\\r=\\r=---\\r=\\r=\\r=\\r=\\r=\\r=_______","severity":"Information","severity_id":"4","signature_id":"1001","source":"ChrIstopHer:System","sourcetype":"WinEventLog:System","splunk_server":"tim-l107.pz.woodrow","src":"madelaine.chantel.ad.chantel.ub","tag":"os\nwindows\nwindows_management","tag::eventtype":"os\nwindows\nwindows_management","vendor":"Salvatore"}}
{"preview":true,"result":{"ComputerName":"madelaine.chantel.ad.chantel.ub","EventCode":"1010","EventType":"4","Keywords":"Classic","LogName":"System","Message":"The system evelia is 03030730 seconds.","OpCode":"None","RecordNumber":"101030","SourceName":"LashuNda","TaskCategory":"None","Type":"Information","_raw":"06/18/2020 12:00:00 PM\nLogName=System\nRhpqmnVflz=LashuNda\nStwxmMqfg=1010\nEventType=4\nType=Information\nComputerName=madelaine.chantel.ad.chantel.ub\nWwzpIrqtfssz=None\nOpCode=None\nVdtzufVjledg=101030\nKeywords=Classic\nMessage=The system evelia is 03030730 seconds.","_time":"2020-09-19T12:00:00.000-0400","body":"The system evelia is 03030730 seconds.","dest":"madelaine.chantel.ad.chantel.ub","dvc":"madelaine","dvc_nt_host":"madelaine","event_id":"101030","eventtype":"wineventlog_common wineventlog_system wineventlog_windows winsystem","host":"madelaine","id":"101030","index":"christopher","linecount":"12","product":"Windows","punct":"//_::_\\r=\\r=\\r=\\r=\\r=\\r=....\\r=\\r=\\r=\\r=\\r=_____.","severity":"Information","severity_id":"4","signature_id":"1010","source":"ChrIstopHer:System","sourcetype":"WinEventLog:System","splunk_server":"tim-l107.pz.woodrow","src":"madelaine.chantel.ad.chantel.ub","tag":"os\nwindows\nwindows_management","tag::eventtype":"os\nwindows\nwindows_management","vendor":"Salvatore"}}
{"preview":true,"result":{"ComputerName":"madelaine.chantel.ad.chantel.ub","EventCode":"1001","EventType":"4","Keywords":"None","LogName":"System","Message":"The Group Policy settings for the computer were processed successfully. New settings from 11 Group Policy objects were detected and applied.","OpCode":"Start","RecordNumber":"205023","Sid":"S-1-5-15","SidType":"0","SourceName":"Salvatore-Windows-LwbrdLadkgk","TaskCategory":"None","Type":"Information","User":"NOT_TRANSLATED","_raw":"06/18/2020 11:56:35 AM\nLogName=System\nRhpqmnVflz=Salvatore-Windows-LwbrdLadkgk\nStwxmMqfg=1001\nEventType=4\nType=Information\nComputerName=madelaine.chantel.ad.chantel.ub\nUser=NOT_TRANSLATED\nKit=S-1-5-15\nPegYmtf=0\nWwzpIrqtfssz=None\nOpCode=Start\nVdtzufVjledg=205023\nKeywords=None\nMessage=The Group Policy settings for the computer were processed successfully. New settings from 11 Group Policy objects were detected and applied.","_time":"2020-09-19T11:56:35.000-0400","body":"The Group Policy settings for the computer were processed successfully. New settings from 11 Group Policy objects were detected and applied.","dest":"madelaine.chantel.ad.chantel.ub","dvc":"madelaine","dvc_nt_host":"madelaine","event_id":"205023","eventtype":"wineventlog_common wineventlog_system wineventlog_windows winsystem","host":"madelaine","id":"205023","index":"christopher","linecount":"15","product":"Windows","punct":"//_::_\\r=\\r=--\\r=\\r=\\r=\\r=....\\r=\\r=---\\r=\\r=\\r=\\r=\\r=\\r=_______","severity":"Information","severity_id":"4","signature_id":"1001","source":"ChrIstopHer:System","sourcetype":"WinEventLog:System","splunk_server":"tim-l107.pz.woodrow","src":"madelaine.chantel.ad.chantel.ub","tag":"os\nwindows\nwindows_management","tag::eventtype":"os\nwindows\nwindows_management","vendor":"Salvatore"}}
{"preview":true,"result":{"ComputerName":"madelaine.chantel.ad.chantel.ub","EventCode":"1001","EventType":"4","Keywords":"None","LogName":"System","Message":"The Group Policy settings for the computer were processed successfully. New settings from 11 Group Policy objects were detected and applied.","OpCode":"Start","RecordNumber":"102014","Sid":"S-1-5-15","SidType":"0","SourceName":"Salvatore-Windows-LwbrdLadkgk","TaskCategory":"None","Type":"Information","User":"NOT_TRANSLATED","_raw":"06/18/2020 11:51:27 AM\nLogName=System\nRhpqmnVflz=Salvatore-Windows-LwbrdLadkgk\nStwxmMqfg=1001\nEventType=4\nType=Information\nComputerName=madelaine.chantel.ad.chantel.ub\nUser=NOT_TRANSLATED\nKit=S-1-5-15\nPegYmtf=0\nWwzpIrqtfssz=None\nOpCode=Start\nVdtzufVjledg=102014\nKeywords=None\nMessage=The Group Policy settings for the computer were processed successfully. New settings from 11 Group Policy objects were detected and applied.","_time":"2020-09-19T11:51:27.000-0400","body":"The Group Policy settings for the computer were processed successfully. New settings from 11 Group Policy objects were detected and applied.","dest":"madelaine.chantel.ad.chantel.ub","dvc":"madelaine","dvc_nt_host":"madelaine","event_id":"102014","eventtype":"wineventlog_common wineventlog_system wineventlog_windows winsystem","host":"madelaine","id":"102014","index":"christopher","linecount":"15","product":"Windows","punct":"//_::_\\r=\\r=--\\r=\\r=\\r=\\r=....\\r=\\r=---\\r=\\r=\\r=\\r=\\r=\\r=_______","severity":"Information","severity_id":"4","signature_id":"1001","source":"ChrIstopHer:System","sourcetype":"WinEventLog:System","splunk_server":"TIM-S107","src":"madelaine.chantel.ad.chantel.ub","tag":"os\nwindows\nwindows_management","tag::eventtype":"os\nwindows\nwindows_management","vendor":"Salvatore"}}
{"preview":true,"result":{"ComputerName":"madelaine.chantel.ad.chantel.ub","EventCode":"1001","EventType":"4","Keywords":"None","LogName":"System","Message":"The Group Policy settings for the computer were processed successfully. New settings from 11 Group Policy objects were detected and applied.","OpCode":"Start","RecordNumber":"201020","Sid":"S-1-5-15","SidType":"0","SourceName":"Salvatore-Windows-LwbrdLadkgk","TaskCategory":"None","Type":"Information","User":"NOT_TRANSLATED","_raw":"06/18/2020 11:36:03 AM\nLogName=System\nRhpqmnVflz=Salvatore-Windows-LwbrdLadkgk\nStwxmMqfg=1001\nEventType=4\nType=Information\nComputerName=madelaine.chantel.ad.chantel.ub\nUser=NOT_TRANSLATED\nKit=S-1-5-15\nPegYmtf=0\nWwzpIrqtfssz=None\nOpCode=Start\nVdtzufVjledg=201020\nKeywords=None\nMessage=The Group Policy settings for the computer were processed successfully. New settings from 11 Group Policy objects were detected and applied.","_time":"2020-09-19T11:36:03.000-0400","body":"The Group Policy settings for the computer were processed successfully. New settings from 11 Group Policy objects were detected and applied.","dest":"madelaine.chantel.ad.chantel.ub","dvc":"madelaine","dvc_nt_host":"madelaine","event_id":"201020","eventtype":"wineventlog_common wineventlog_system wineventlog_windows winsystem","host":"madelaine","id":"201020","index":"christopher","linecount":"15","product":"Windows","punct":"//_::_\\r=\\r=--\\r=\\r=\\r=\\r=....\\r=\\r=---\\r=\\r=\\r=\\r=\\r=\\r=_______","severity":"Information","severity_id":"4","signature_id":"1001","source":"ChrIstopHer:System","sourcetype":"WinEventLog:System","splunk_server":"TIM-S107","src":"madelaine.chantel.ad.chantel.ub","tag":"os\nwindows\nwindows_management","tag::eventtype":"os\nwindows\nwindows_management","vendor":"Salvatore"}}
{"preview":true,"result":{"ComputerName":"madelaine.chantel.ad.chantel.ub","EventCode":"1001","EventType":"4","Keywords":"None","LogName":"System","Message":"The Group Policy settings for the computer were processed successfully. New settings from 11 Group Policy objects were detected and applied.","OpCode":"Start","RecordNumber":"003044","Sid":"S-1-5-15","SidType":"0","SourceName":"Salvatore-Windows-LwbrdLadkgk","TaskCategory":"None","Type":"Information","User":"NOT_TRANSLATED","_raw":"06/18/2020 11:20:38 AM\nLogName=System\nRhpqmnVflz=Salvatore-Windows-LwbrdLadkgk\nStwxmMqfg=1001\nEventType=4\nType=Information\nComputerName=madelaine.chantel.ad.chantel.ub\nUser=NOT_TRANSLATED\nKit=S-1-5-15\nPegYmtf=0\nWwzpIrqtfssz=None\nOpCode=Start\nVdtzufVjledg=003044\nKeywords=None\nMessage=The Group Policy settings for the computer were processed successfully. New settings from 11 Group Policy objects were detected and applied.","_time":"2020-09-19T11:20:38.000-0400","body":"The Group Policy settings for the computer were processed successfully. New settings from 11 Group Policy objects were detected and applied.","dest":"madelaine.chantel.ad.chantel.ub","dvc":"madelaine","dvc_nt_host":"madelaine","event_id":"003044","eventtype":"wineventlog_common wineventlog_system wineventlog_windows winsystem","host":"madelaine","id":"003044","index":"christopher","linecount":"15","product":"Windows","punct":"//_::_\\r=\\r=--\\r=\\r=\\r=\\r=....\\r=\\r=---\\r=\\r=\\r=\\r=\\r=\\r=_______","severity":"Information","severity_id":"4","signature_id":"1001","source":"ChrIstopHer:System","sourcetype":"WinEventLog:System","splunk_server":"TIM-S107","src":"madelaine.chantel.ad.chantel.ub","tag":"os\nwindows\nwindows_management","tag::eventtype":"os\nwindows\nwindows_management","vendor":"Salvatore"}}
{"preview":true,"result":{"ComputerName":"madelaine.chantel.ad.chantel.ub","EventCode":"1001","EventType":"4","Keywords":"None","LogName":"System","Message":"The Group Policy settings for the computer were processed successfully. New settings from 11 Group Policy objects were detected and applied.","OpCode":"Start","RecordNumber":"003015","Sid":"S-1-5-15","SidType":"0","SourceName":"Salvatore-Windows-LwbrdLadkgk","TaskCategory":"None","Type":"Information","User":"NOT_TRANSLATED","_raw":"06/18/2020 11:10:22 AM\nLogName=System\nRhpqmnVflz=Salvatore-Windows-LwbrdLadkgk\nStwxmMqfg=1001\nEventType=4\nType=Information\nComputerName=madelaine.chantel.ad.chantel.ub\nUser=NOT_TRANSLATED\nKit=S-1-5-15\nPegYmtf=0\nWwzpIrqtfssz=None\nOpCode=Start\nVdtzufVjledg=003015\nKeywords=None\nMessage=The Group Policy settings for the computer were processed successfully. New settings from 11 Group Policy objects were detected and applied.","_time":"2020-09-19T11:10:22.000-0400","body":"The Group Policy settings for the computer were processed successfully. New settings from 11 Group Policy objects were detected and applied.","dest":"madelaine.chantel.ad.chantel.ub","dvc":"madelaine","dvc_nt_host":"madelaine","event_id":"003015","eventtype":"wineventlog_common wineventlog_system wineventlog_windows winsystem","host":"madelaine","id":"003015","index":"christopher","linecount":"15","product":"Windows","punct":"//_::_\\r=\\r=--\\r=\\r=\\r=\\r=....\\r=\\r=---\\r=\\r=\\r=\\r=\\r=\\r=_______","severity":"Information","severity_id":"4","signature_id":"1001","source":"ChrIstopHer:System","sourcetype":"WinEventLog:System","splunk_server":"TIM-S107","src":"madelaine.chantel.ad.chantel.ub","tag":"os\nwindows\nwindows_management","tag::eventtype":"os\nwindows\nwindows_management","vendor":"Salvatore"}}
{"preview":true,"result":{"ComputerName":"CAP-E212.chantel.o.aida","EventCode":"5014","EventType":"4","Keywords":"Classic","LogName":"System","Message":"The Network Setup Service service entered the stopped state.","OpCode":"The operation completed successfully.","RecordNumber":"78200","SourceName":"Salvatore-Windows-Service Control Manager","TaskCategory":"None","Type":"Information","_raw":"06/18/2020 11:10:21 AM\nLogName=System\nRhpqmnVflz=Salvatore-Windows-Service Control Manager\nStwxmMqfg=5014\nEventType=4\nType=Information\nComputerName=CAP-E212.chantel.o.aida\nWwzpIrqtfssz=None\nOpCode=The operation completed successfully.\nVdtzufVjledg=78200\nKeywords=Classic\nMessage=The Network Setup Service service entered the stopped state.","_time":"2020-09-19T11:10:21.000-0400","body":"The Network Setup Service service entered the stopped state.","dest":"CAP-E212.chantel.o.aida","dvc":"CAP-E212","dvc_nt_host":"CAP-E212","event_id":"78200","eventtype":"wineventlog_common wineventlog_system wineventlog_windows winsystem","host":"CAP-E212","id":"78200","index":"christopher","linecount":"12","product":"Windows","punct":"//_::_==--__====-...==___.===________.","severity":"Information","severity_id":"4","signature_id":"5014","source":"ChrIstopHer:System","sourcetype":"WinEventLog:System","splunk_server":"TIM-S107","src":"CAP-E212.chantel.o.aida","tag":"os\nwindows\nwindows_management","tag::eventtype":"os\nwindows\nwindows_management","vendor":"Salvatore"}}
{"preview":true,"result":{"ComputerName":"CAP-E212.chantel.o.aida","EventCode":"5014","EventType":"4","Keywords":"Classic","LogName":"System","Message":"The Background Intelligent Transfer Service service entered the running state.","OpCode":"The operation completed successfully.","RecordNumber":"52003","SourceName":"Salvatore-Windows-Service Control Manager","TaskCategory":"None","Type":"Information","_raw":"06/18/2020 10:58:26 AM\nLogName=System\nRhpqmnVflz=Salvatore-Windows-Service Control Manager\nStwxmMqfg=5014\nEventType=4\nType=Information\nComputerName=CAP-E212.chantel.o.aida\nWwzpIrqtfssz=None\nOpCode=The operation completed successfully.\nVdtzufVjledg=52003\nKeywords=Classic\nMessage=The Background Intelligent Transfer Service service entered the running state.","_time":"2020-09-19T10:58:26.000-0400","body":"The Background Intelligent Transfer Service service entered the running state.","dest":"CAP-E212.chantel.o.aida","dvc":"CAP-E212","dvc_nt_host":"CAP-E212","event_id":"52003","eventtype":"wineventlog_common wineventlog_system wineventlog_windows winsystem","host":"CAP-E212","id":"52003","index":"christopher","linecount":"12","product":"Windows","punct":"//_::_==--__====-...==___.===_________.","severity":"Information","severity_id":"4","signature_id":"5014","source":"ChrIstopHer:System","sourcetype":"WinEventLog:System","splunk_server":"tim-l107.pz.woodrow","src":"CAP-E212.chantel.o.aida","tag":"os\nwindows\nwindows_management","tag::eventtype":"os\nwindows\nwindows_management","vendor":"Salvatore"}}
{"preview":true,"result":{"ComputerName":"CAP-E212.chantel.o.aida","EventCode":"5000","EventType":"4","Keywords":"Classic","LogName":"System","Message":"The start type of the Background Intelligent Transfer Service service was changed from demand start to auto start.","OpCode":"The operation completed successfully.","RecordNumber":"84204","Sid":"S-1-5-15","SidType":"1","SourceName":"Salvatore-Windows-Service Control Manager","TaskCategory":"None","Type":"Information","User":"SYSTEM","_raw":"06/18/2020 10:58:26 AM\nLogName=System\nRhpqmnVflz=Salvatore-Windows-Service Control Manager\nStwxmMqfg=5000\nEventType=4\nType=Information\nComputerName=CAP-E212.chantel.o.aida\nUser=SYSTEM\nKit=S-1-5-15\nPegYmtf=1\nWwzpIrqtfssz=None\nOpCode=The operation completed successfully.\nVdtzufVjledg=84204\nKeywords=Classic\nMessage=The start type of the Background Intelligent Transfer Service service was changed from demand start to auto start.","_time":"2020-09-19T10:58:26.000-0400","body":"The start type of the Background Intelligent Transfer Service service was changed from demand start to auto start.","dest":"CAP-E212.chantel.o.aida","dvc":"CAP-E212","dvc_nt_host":"CAP-E212","event_id":"84204","eventtype":"wineventlog_common wineventlog_system wineventlog_windows winsystem","host":"CAP-E212","id":"84204","index":"christopher","linecount":"15","product":"Windows","punct":"//_::_==--__====-...==---===___.===_______________","severity":"Information","severity_id":"4","signature_id":"5000","source":"ChrIstopHer:System","sourcetype":"WinEventLog:System","splunk_server":"tim-l107.pz.woodrow","src":"CAP-E212.chantel.o.aida","tag":"os\nwindows\nwindows_management","tag::eventtype":"os\nwindows\nwindows_management","vendor":"Salvatore"}}
{"preview":true,"result":{"ComputerName":"CAP-E212.chantel.o.aida","EventCode":"1020","EventType":"2","Keywords":"None","LogName":"System","Message":"The processing of Group Policy failed. Windows attempted to retrieve new Group Policy settings for this user or computer. Look in the details tab for error code and description. Windows will automatically retry this operation at the next refresh cycle. Computers joined to the domain must have proper name resolution and network connectivity to a domain controller for discovery of new Group Policy objects and settings. An event will be logged when Group Policy is successful.","OpCode":"Start","RecordNumber":"05002","Sid":"S-1-5-01-0402302700-0015640524-1014202001-1102017","SidType":"1","SourceName":"Salvatore-Windows-LwbrdLadkgk","TaskCategory":"None","Type":"Error","User":"vcbpuc0kwo","_raw":"06/18/2020 10:49:11 AM\nLogName=System\nRhpqmnVflz=Salvatore-Windows-LwbrdLadkgk\nStwxmMqfg=1020\nEventType=2\nType=Error\nComputerName=CAP-E212.chantel.o.aida\nUser=vcbpuc0kwo\nKit=S-1-5-01-0402302700-0015640524-1014202001-1102017\nPegYmtf=1\nWwzpIrqtfssz=None\nOpCode=Start\nVdtzufVjledg=05002\nKeywords=None\nMessage=The processing of Group Policy failed. Windows attempted to retrieve new Group Policy settings for this user or computer. Look in the details tab for error code and description. Windows will automatically retry this operation at the next refresh cycle. Computers joined to the domain must have proper name resolution and network connectivity to a domain controller for discovery of new Group Policy objects and settings. An event will be logged when Group Policy is successful.","_time":"2020-09-19T10:49:11.000-0400","body":"The processing of Group Policy failed. Windows attempted to retrieve new Group Policy settings for this user or computer. Look in the details tab for error code and description. Windows will automatically retry this operation at the next refresh cycle. Computers joined to the domain must have proper name resolution and network connectivity to a domain controller for discovery of new Group Policy objects and settings. An event will be logged when Group Policy is successful.","dest":"CAP-E212.chantel.o.aida","dvc":"CAP-E212","dvc_nt_host":"CAP-E212","event_id":"05002","eventtype":"Key_Events_On_Hosts err0r nix_errors wineventlog_common wineventlog_system wineventlog_windows winsystem","host":"CAP-E212","id":"05002","index":"christopher","linecount":"15","product":"Windows","punct":"//_::_==--====-...==-------======_____.___________","severity":"Error","severity_id":"2","signature_id":"1020","source":"ChrIstopHer:System","sourcetype":"WinEventLog:System","splunk_server":"tim-l107.pz.woodrow","src":"CAP-E212.chantel.o.aida","tag":"Key_Events_On_Hosts\nerror\nrh_ex_health_events\nos\nwindows\nwindows_management","tag::eventtype":"Key_Events_On_Hosts\nerror\nrh_ex_health_events\nos\nwindows\nwindows_management","vendor":"Salvatore"}}
{"preview":true,"result":{"ComputerName":"CAP-E212.chantel.o.aida","EventCode":"5014","EventType":"4","Keywords":"Classic","LogName":"System","Message":"The Salvatore Account Sign-in Assistant service entered the stopped state.","OpCode":"The operation completed successfully.","RecordNumber":"47000","SourceName":"Salvatore-Windows-Service Control Manager","TaskCategory":"None","Type":"Information","_raw":"06/18/2020 10:48:22 AM\nLogName=System\nRhpqmnVflz=Salvatore-Windows-Service Control Manager\nStwxmMqfg=5014\nEventType=4\nType=Information\nComputerName=CAP-E212.chantel.o.aida\nWwzpIrqtfssz=None\nOpCode=The operation completed successfully.\nVdtzufVjledg=47000\nKeywords=Classic\nMessage=The Salvatore Account Sign-in Assistant service entered the stopped state.","_time":"2020-09-19T10:48:22.000-0400","body":"The Salvatore Account Sign-in Assistant service entered the stopped state.","dest":"CAP-E212.chantel.o.aida","dvc":"CAP-E212","dvc_nt_host":"CAP-E212","event_id":"47000","eventtype":"wineventlog_common wineventlog_system wineventlog_windows winsystem","host":"CAP-E212","id":"47000","index":"christopher","linecount":"12","product":"Windows","punct":"//_::_==--__====-...==___.===___-______.","severity":"Information","severity_id":"4","signature_id":"5014","source":"ChrIstopHer:System","sourcetype":"WinEventLog:System","splunk_server":"TIM-S107","src":"CAP-E212.chantel.o.aida","tag":"os\nwindows\nwindows_management","tag::eventtype":"os\nwindows\nwindows_management","vendor":"Salvatore"}}
{"preview":true,"result":{"ComputerName":"madelaine.chantel.ad.chantel.ub","EventCode":"1001","EventType":"4","Keywords":"None","LogName":"System","Message":"The Group Policy settings for the computer were processed successfully. New settings from 11 Group Policy objects were detected and applied.","OpCode":"Start","RecordNumber":"509011","Sid":"S-1-5-15","SidType":"0","SourceName":"Salvatore-Windows-LwbrdLadkgk","TaskCategory":"None","Type":"Information","User":"NOT_TRANSLATED","_raw":"06/18/2020 10:44:42 AM\nLogName=System\nRhpqmnVflz=Salvatore-Windows-LwbrdLadkgk\nStwxmMqfg=1001\nEventType=4\nType=Information\nComputerName=madelaine.chantel.ad.chantel.ub\nUser=NOT_TRANSLATED\nKit=S-1-5-15\nPegYmtf=0\nWwzpIrqtfssz=None\nOpCode=Start\nVdtzufVjledg=509011\nKeywords=None\nMessage=The Group Policy settings for the computer were processed successfully. New settings from 11 Group Policy objects were detected and applied.","_time":"2020-09-19T10:44:42.000-0400","body":"The Group Policy settings for the computer were processed successfully. New settings from 11 Group Policy objects were detected and applied.","dest":"madelaine.chantel.ad.chantel.ub","dvc":"madelaine","dvc_nt_host":"madelaine","event_id":"509011","eventtype":"wineventlog_common wineventlog_system wineventlog_windows winsystem","host":"madelaine","id":"509011","index":"christopher","linecount":"15","product":"Windows","punct":"//_::_\\r=\\r=--\\r=\\r=\\r=\\r=....\\r=\\r=---\\r=\\r=\\r=\\r=\\r=\\r=_______","severity":"Information","severity_id":"4","signature_id":"1001","source":"ChrIstopHer:System","sourcetype":"WinEventLog:System","splunk_server":"TIM-S107","src":"madelaine.chantel.ad.chantel.ub","tag":"os\nwindows\nwindows_management","tag::eventtype":"os\nwindows\nwindows_management","vendor":"Salvatore"}}
