{"preview":true,"result":{"ComputerName":"CAP-S232.sharita.o.jann","EventCode":"03","EventType":"4","Keywords":"None","LogName":"System","Message":"The access history in hive \\??\\C:\\AxjrbyiDzcw\\Mathew\\YyrtbwQoskx\\BablYkma\\NbuixhPthoTpQgzl0401-0.tod was cleared updating 3 keys and creating 2 modified pages.","OpCode":"Info","RecordNumber":"121157","Sid":"S-1-5-12","SidType":"1","SourceName":"Cassandra-Windows-Kernel-General","TaskCategory":"None","Type":"Information","User":"SYSTEM","_raw":"10/12/0020 06:18:55 PM\nLogName=System\nRgvopzTvgc=Cassandra-Windows-Kernel-General\nJymsuIxmy=03\nEventType=4\nType=Information\nComputerName=CAP-S232.sharita.o.jann\nUser=SYSTEM\nRia=S-1-5-12\nIyrSiny=1\nCtugVxdeopon=None\nOpCode=Info\nHsfvjsSnkwfu=121157\nKeywords=None\nMessage=The access history in hive \\??\\C:\\AxjrbyiDzcw\\Mathew\\YyrtbwQoskx\\BablYkma\\NbuixhPthoTpQgzl0401-0.tod was cleared updating 3 keys and creating 2 modified pages.","_time":"2020-10-18T18:18:55.000-0400","body":"The access history in hive \\??\\C:\\AxjrbyiDzcw\\Mathew\\YyrtbwQoskx\\BablYkma\\NbuixhPthoTpQgzl0401-0.tod was cleared updating 3 keys and creating 2 modified pages.","dest":"CAP-S232.sharita.o.jann","dvc":"CAP-S232","dvc_nt_host":"CAP-S232","event_id":"121157","eventtype":"nix_kernel_attached wineventlog_common wineventlog_system wineventlog_windows winsystem","host":"CAP-S232","id":"121157","index":"providencia","linecount":"15","product":"Windows","punct":"//_::_==---====-...==---======_____\\??\\:\\\\\\\\\\-.___","severity":"Information","severity_id":"4","signature_id":"03","source":"ProVidenCia:System","sourcetype":"WinEventLog:System","splunk_server":"REX-F102","src":"CAP-S232.sharita.o.jann","tag":"os\nwindows\nwindows_management","tag::eventtype":"os\nwindows\nwindows_management","vendor":"Cassandra"}}
{"preview":true,"result":{"ComputerName":"CAP-S232.sharita.o.jann","EventCode":"03","EventType":"4","Keywords":"None","LogName":"System","Message":"The access history in hive \\??\\C:\\AxjrbyiDzcw\\Mathew\\YyrtbwQoskx\\BablYkma\\NbuixhPthoTpQgzl0401-0.tod was cleared updating 3 keys and creating 2 modified pages.","OpCode":"Info","RecordNumber":"101251","Sid":"S-1-5-12","SidType":"1","SourceName":"Cassandra-Windows-Kernel-General","TaskCategory":"None","Type":"Information","User":"SYSTEM","_raw":"10/12/0020 06:18:55 PM\nLogName=System\nRgvopzTvgc=Cassandra-Windows-Kernel-General\nJymsuIxmy=03\nEventType=4\nType=Information\nComputerName=CAP-S232.sharita.o.jann\nUser=SYSTEM\nRia=S-1-5-12\nIyrSiny=1\nCtugVxdeopon=None\nOpCode=Info\nHsfvjsSnkwfu=101251\nKeywords=None\nMessage=The access history in hive \\??\\C:\\AxjrbyiDzcw\\Mathew\\YyrtbwQoskx\\BablYkma\\NbuixhPthoTpQgzl0401-0.tod was cleared updating 3 keys and creating 2 modified pages.","_time":"2020-10-18T18:18:55.000-0400","body":"The access history in hive \\??\\C:\\AxjrbyiDzcw\\Mathew\\YyrtbwQoskx\\BablYkma\\NbuixhPthoTpQgzl0401-0.tod was cleared updating 3 keys and creating 2 modified pages.","dest":"CAP-S232.sharita.o.jann","dvc":"CAP-S232","dvc_nt_host":"CAP-S232","event_id":"101251","eventtype":"nix_kernel_attached wineventlog_common wineventlog_system wineventlog_windows winsystem","host":"CAP-S232","id":"101251","index":"providencia","linecount":"15","product":"Windows","punct":"//_::_==---====-...==---======_____\\??\\:\\\\\\\\\\-.___","severity":"Information","severity_id":"4","signature_id":"03","source":"ProVidenCia:System","sourcetype":"WinEventLog:System","splunk_server":"REX-F102","src":"CAP-S232.sharita.o.jann","tag":"os\nwindows\nwindows_management","tag::eventtype":"os\nwindows\nwindows_management","vendor":"Cassandra"}}
{"preview":true,"result":{"ComputerName":"CAP-S232.sharita.o.jann","EventCode":"03","EventType":"4","Keywords":"None","LogName":"System","Message":"The access history in hive \\??\\C:\\AxjrbyiDzcw\\Mathew\\YyrtbwQoskx\\BablYkma\\NbuixhPthoTpQgzl0401-0.tod was cleared updating 3 keys and creating 2 modified pages.","OpCode":"Info","RecordNumber":"100024","Sid":"S-1-5-12","SidType":"1","SourceName":"Cassandra-Windows-Kernel-General","TaskCategory":"None","Type":"Information","User":"SYSTEM","_raw":"10/12/0020 06:18:54 PM\nLogName=System\nRgvopzTvgc=Cassandra-Windows-Kernel-General\nJymsuIxmy=03\nEventType=4\nType=Information\nComputerName=CAP-S232.sharita.o.jann\nUser=SYSTEM\nRia=S-1-5-12\nIyrSiny=1\nCtugVxdeopon=None\nOpCode=Info\nHsfvjsSnkwfu=100024\nKeywords=None\nMessage=The access history in hive \\??\\C:\\AxjrbyiDzcw\\Mathew\\YyrtbwQoskx\\BablYkma\\NbuixhPthoTpQgzl0401-0.tod was cleared updating 3 keys and creating 2 modified pages.","_time":"2020-10-18T18:18:54.000-0400","body":"The access history in hive \\??\\C:\\AxjrbyiDzcw\\Mathew\\YyrtbwQoskx\\BablYkma\\NbuixhPthoTpQgzl0401-0.tod was cleared updating 3 keys and creating 2 modified pages.","dest":"CAP-S232.sharita.o.jann","dvc":"CAP-S232","dvc_nt_host":"CAP-S232","event_id":"100024","eventtype":"nix_kernel_attached wineventlog_common wineventlog_system wineventlog_windows winsystem","host":"CAP-S232","id":"100024","index":"providencia","linecount":"15","product":"Windows","punct":"//_::_==---====-...==---======_____\\??\\:\\\\\\\\\\-.___","severity":"Information","severity_id":"4","signature_id":"03","source":"ProVidenCia:System","sourcetype":"WinEventLog:System","splunk_server":"REX-F102","src":"CAP-S232.sharita.o.jann","tag":"os\nwindows\nwindows_management","tag::eventtype":"os\nwindows\nwindows_management","vendor":"Cassandra"}}
{"preview":true,"result":{"ComputerName":"CAP-S232.sharita.o.jann","EventCode":"03","EventType":"4","Keywords":"None","LogName":"System","Message":"The access history in hive \\??\\C:\\AxjrbyiDzcw\\Mathew\\YyrtbwQoskx\\BablYkma\\NbuixhPthoTpQgzl0401-0.tod was cleared updating 3 keys and creating 2 modified pages.","OpCode":"Info","RecordNumber":"010225","Sid":"S-1-5-12","SidType":"1","SourceName":"Cassandra-Windows-Kernel-General","TaskCategory":"None","Type":"Information","User":"SYSTEM","_raw":"10/12/0020 06:18:54 PM\nLogName=System\nRgvopzTvgc=Cassandra-Windows-Kernel-General\nJymsuIxmy=03\nEventType=4\nType=Information\nComputerName=CAP-S232.sharita.o.jann\nUser=SYSTEM\nRia=S-1-5-12\nIyrSiny=1\nCtugVxdeopon=None\nOpCode=Info\nHsfvjsSnkwfu=010225\nKeywords=None\nMessage=The access history in hive \\??\\C:\\AxjrbyiDzcw\\Mathew\\YyrtbwQoskx\\BablYkma\\NbuixhPthoTpQgzl0401-0.tod was cleared updating 3 keys and creating 2 modified pages.","_time":"2020-10-18T18:18:54.000-0400","body":"The access history in hive \\??\\C:\\AxjrbyiDzcw\\Mathew\\YyrtbwQoskx\\BablYkma\\NbuixhPthoTpQgzl0401-0.tod was cleared updating 3 keys and creating 2 modified pages.","dest":"CAP-S232.sharita.o.jann","dvc":"CAP-S232","dvc_nt_host":"CAP-S232","event_id":"010225","eventtype":"nix_kernel_attached wineventlog_common wineventlog_system wineventlog_windows winsystem","host":"CAP-S232","id":"010225","index":"providencia","linecount":"15","product":"Windows","punct":"//_::_==---====-...==---======_____\\??\\:\\\\\\\\\\-.___","severity":"Information","severity_id":"4","signature_id":"03","source":"ProVidenCia:System","sourcetype":"WinEventLog:System","splunk_server":"REX-F102","src":"CAP-S232.sharita.o.jann","tag":"os\nwindows\nwindows_management","tag::eventtype":"os\nwindows\nwindows_management","vendor":"Cassandra"}}
{"preview":true,"result":{"ComputerName":"CAP-S232.sharita.o.jann","EventCode":"03","EventType":"4","Keywords":"None","LogName":"System","Message":"The access history in hive \\??\\C:\\AxjrbyiDzcw\\Mathew\\YyrtbwQoskx\\BablYkma\\NbuixhPthoTpQgzl0401-0.tod was cleared updating 3 keys and creating 2 modified pages.","OpCode":"Info","RecordNumber":"110055","Sid":"S-1-5-12","SidType":"1","SourceName":"Cassandra-Windows-Kernel-General","TaskCategory":"None","Type":"Information","User":"SYSTEM","_raw":"10/12/0020 06:18:54 PM\nLogName=System\nRgvopzTvgc=Cassandra-Windows-Kernel-General\nJymsuIxmy=03\nEventType=4\nType=Information\nComputerName=CAP-S232.sharita.o.jann\nUser=SYSTEM\nRia=S-1-5-12\nIyrSiny=1\nCtugVxdeopon=None\nOpCode=Info\nHsfvjsSnkwfu=110055\nKeywords=None\nMessage=The access history in hive \\??\\C:\\AxjrbyiDzcw\\Mathew\\YyrtbwQoskx\\BablYkma\\NbuixhPthoTpQgzl0401-0.tod was cleared updating 3 keys and creating 2 modified pages.","_time":"2020-10-18T18:18:54.000-0400","body":"The access history in hive \\??\\C:\\AxjrbyiDzcw\\Mathew\\YyrtbwQoskx\\BablYkma\\NbuixhPthoTpQgzl0401-0.tod was cleared updating 3 keys and creating 2 modified pages.","dest":"CAP-S232.sharita.o.jann","dvc":"CAP-S232","dvc_nt_host":"CAP-S232","event_id":"110055","eventtype":"nix_kernel_attached wineventlog_common wineventlog_system wineventlog_windows winsystem","host":"CAP-S232","id":"110055","index":"providencia","linecount":"15","product":"Windows","punct":"//_::_==---====-...==---======_____\\??\\:\\\\\\\\\\-.___","severity":"Information","severity_id":"4","signature_id":"03","source":"ProVidenCia:System","sourcetype":"WinEventLog:System","splunk_server":"REX-F102","src":"CAP-S232.sharita.o.jann","tag":"os\nwindows\nwindows_management","tag::eventtype":"os\nwindows\nwindows_management","vendor":"Cassandra"}}
{"preview":true,"result":{"ComputerName":"CAP-S232.sharita.o.jann","EventCode":"03","EventType":"4","Keywords":"None","LogName":"System","Message":"The access history in hive \\??\\C:\\AxjrbyiDzcw\\Mathew\\YyrtbwQoskx\\BablYkma\\NbuixhPthoTpQgzl0401-0.tod was cleared updating 3 keys and creating 2 modified pages.","OpCode":"Info","RecordNumber":"001133","Sid":"S-1-5-12","SidType":"1","SourceName":"Cassandra-Windows-Kernel-General","TaskCategory":"None","Type":"Information","User":"SYSTEM","_raw":"10/12/0020 06:18:53 PM\nLogName=System\nRgvopzTvgc=Cassandra-Windows-Kernel-General\nJymsuIxmy=03\nEventType=4\nType=Information\nComputerName=CAP-S232.sharita.o.jann\nUser=SYSTEM\nRia=S-1-5-12\nIyrSiny=1\nCtugVxdeopon=None\nOpCode=Info\nHsfvjsSnkwfu=001133\nKeywords=None\nMessage=The access history in hive \\??\\C:\\AxjrbyiDzcw\\Mathew\\YyrtbwQoskx\\BablYkma\\NbuixhPthoTpQgzl0401-0.tod was cleared updating 3 keys and creating 2 modified pages.","_time":"2020-10-18T18:18:53.000-0400","body":"The access history in hive \\??\\C:\\AxjrbyiDzcw\\Mathew\\YyrtbwQoskx\\BablYkma\\NbuixhPthoTpQgzl0401-0.tod was cleared updating 3 keys and creating 2 modified pages.","dest":"CAP-S232.sharita.o.jann","dvc":"CAP-S232","dvc_nt_host":"CAP-S232","event_id":"001133","eventtype":"nix_kernel_attached wineventlog_common wineventlog_system wineventlog_windows winsystem","host":"CAP-S232","id":"001133","index":"providencia","linecount":"15","product":"Windows","punct":"//_::_==---====-...==---======_____\\??\\:\\\\\\\\\\-.___","severity":"Information","severity_id":"4","signature_id":"03","source":"ProVidenCia:System","sourcetype":"WinEventLog:System","splunk_server":"REX-F102","src":"CAP-S232.sharita.o.jann","tag":"os\nwindows\nwindows_management","tag::eventtype":"os\nwindows\nwindows_management","vendor":"Cassandra"}}
{"preview":true,"result":{"ComputerName":"CAP-S232.sharita.o.jann","EventCode":"03","EventType":"4","Keywords":"None","LogName":"System","Message":"The access history in hive \\??\\C:\\AxjrbyiDzcw\\Mathew\\YyrtbwQoskx\\BablYkma\\NbuixhPthoTpQgzl0401-0.tod was cleared updating 3 keys and creating 2 modified pages.","OpCode":"Info","RecordNumber":"101200","Sid":"S-1-5-12","SidType":"1","SourceName":"Cassandra-Windows-Kernel-General","TaskCategory":"None","Type":"Information","User":"SYSTEM","_raw":"10/12/0020 06:18:53 PM\nLogName=System\nRgvopzTvgc=Cassandra-Windows-Kernel-General\nJymsuIxmy=03\nEventType=4\nType=Information\nComputerName=CAP-S232.sharita.o.jann\nUser=SYSTEM\nRia=S-1-5-12\nIyrSiny=1\nCtugVxdeopon=None\nOpCode=Info\nHsfvjsSnkwfu=101200\nKeywords=None\nMessage=The access history in hive \\??\\C:\\AxjrbyiDzcw\\Mathew\\YyrtbwQoskx\\BablYkma\\NbuixhPthoTpQgzl0401-0.tod was cleared updating 3 keys and creating 2 modified pages.","_time":"2020-10-18T18:18:53.000-0400","body":"The access history in hive \\??\\C:\\AxjrbyiDzcw\\Mathew\\YyrtbwQoskx\\BablYkma\\NbuixhPthoTpQgzl0401-0.tod was cleared updating 3 keys and creating 2 modified pages.","dest":"CAP-S232.sharita.o.jann","dvc":"CAP-S232","dvc_nt_host":"CAP-S232","event_id":"101200","eventtype":"nix_kernel_attached wineventlog_common wineventlog_system wineventlog_windows winsystem","host":"CAP-S232","id":"101200","index":"providencia","linecount":"15","product":"Windows","punct":"//_::_==---====-...==---======_____\\??\\:\\\\\\\\\\-.___","severity":"Information","severity_id":"4","signature_id":"03","source":"ProVidenCia:System","sourcetype":"WinEventLog:System","splunk_server":"REX-F102","src":"CAP-S232.sharita.o.jann","tag":"os\nwindows\nwindows_management","tag::eventtype":"os\nwindows\nwindows_management","vendor":"Cassandra"}}
{"preview":true,"result":{"ComputerName":"CAP-S232.sharita.o.jann","EventCode":"03","EventType":"4","Keywords":"None","LogName":"System","Message":"The access history in hive \\??\\C:\\AxjrbyiDzcw\\Mathew\\YyrtbwQoskx\\BablYkma\\NbuixhPthoTpQgzl0401-0.tod was cleared updating 3 keys and creating 2 modified pages.","OpCode":"Info","RecordNumber":"021152","Sid":"S-1-5-12","SidType":"1","SourceName":"Cassandra-Windows-Kernel-General","TaskCategory":"None","Type":"Information","User":"SYSTEM","_raw":"10/12/0020 06:18:53 PM\nLogName=System\nRgvopzTvgc=Cassandra-Windows-Kernel-General\nJymsuIxmy=03\nEventType=4\nType=Information\nComputerName=CAP-S232.sharita.o.jann\nUser=SYSTEM\nRia=S-1-5-12\nIyrSiny=1\nCtugVxdeopon=None\nOpCode=Info\nHsfvjsSnkwfu=021152\nKeywords=None\nMessage=The access history in hive \\??\\C:\\AxjrbyiDzcw\\Mathew\\YyrtbwQoskx\\BablYkma\\NbuixhPthoTpQgzl0401-0.tod was cleared updating 3 keys and creating 2 modified pages.","_time":"2020-10-18T18:18:53.000-0400","body":"The access history in hive \\??\\C:\\AxjrbyiDzcw\\Mathew\\YyrtbwQoskx\\BablYkma\\NbuixhPthoTpQgzl0401-0.tod was cleared updating 3 keys and creating 2 modified pages.","dest":"CAP-S232.sharita.o.jann","dvc":"CAP-S232","dvc_nt_host":"CAP-S232","event_id":"021152","eventtype":"nix_kernel_attached wineventlog_common wineventlog_system wineventlog_windows winsystem","host":"CAP-S232","id":"021152","index":"providencia","linecount":"15","product":"Windows","punct":"//_::_==---====-...==---======_____\\??\\:\\\\\\\\\\-.___","severity":"Information","severity_id":"4","signature_id":"03","source":"ProVidenCia:System","sourcetype":"WinEventLog:System","splunk_server":"REX-F102","src":"CAP-S232.sharita.o.jann","tag":"os\nwindows\nwindows_management","tag::eventtype":"os\nwindows\nwindows_management","vendor":"Cassandra"}}
{"preview":true,"result":{"ComputerName":"CAP-S232.sharita.o.jann","EventCode":"03","EventType":"4","Keywords":"None","LogName":"System","Message":"The access history in hive \\??\\C:\\AxjrbyiDzcw\\Mathew\\YyrtbwQoskx\\BablYkma\\NbuixhPthoTpQgzl0401-0.tod was cleared updating 3 keys and creating 2 modified pages.","OpCode":"Info","RecordNumber":"000121","Sid":"S-1-5-12","SidType":"1","SourceName":"Cassandra-Windows-Kernel-General","TaskCategory":"None","Type":"Information","User":"SYSTEM","_raw":"10/12/0020 06:18:51 PM\nLogName=System\nRgvopzTvgc=Cassandra-Windows-Kernel-General\nJymsuIxmy=03\nEventType=4\nType=Information\nComputerName=CAP-S232.sharita.o.jann\nUser=SYSTEM\nRia=S-1-5-12\nIyrSiny=1\nCtugVxdeopon=None\nOpCode=Info\nHsfvjsSnkwfu=000121\nKeywords=None\nMessage=The access history in hive \\??\\C:\\AxjrbyiDzcw\\Mathew\\YyrtbwQoskx\\BablYkma\\NbuixhPthoTpQgzl0401-0.tod was cleared updating 3 keys and creating 2 modified pages.","_time":"2020-10-18T18:18:51.000-0400","body":"The access history in hive \\??\\C:\\AxjrbyiDzcw\\Mathew\\YyrtbwQoskx\\BablYkma\\NbuixhPthoTpQgzl0401-0.tod was cleared updating 3 keys and creating 2 modified pages.","dest":"CAP-S232.sharita.o.jann","dvc":"CAP-S232","dvc_nt_host":"CAP-S232","event_id":"000121","eventtype":"nix_kernel_attached wineventlog_common wineventlog_system wineventlog_windows winsystem","host":"CAP-S232","id":"000121","index":"providencia","linecount":"15","product":"Windows","punct":"//_::_==---====-...==---======_____\\??\\:\\\\\\\\\\-.___","severity":"Information","severity_id":"4","signature_id":"03","source":"ProVidenCia:System","sourcetype":"WinEventLog:System","splunk_server":"REX-F102","src":"CAP-S232.sharita.o.jann","tag":"os\nwindows\nwindows_management","tag::eventtype":"os\nwindows\nwindows_management","vendor":"Cassandra"}}
{"preview":true,"result":{"ComputerName":"CAP-S232.sharita.o.jann","EventCode":"03","EventType":"4","Keywords":"None","LogName":"System","Message":"The access history in hive \\??\\C:\\AxjrbyiDzcw\\Mathew\\YyrtbwQoskx\\BablYkma\\NbuixhPthoTpQgzl0401-0.tod was cleared updating 3 keys and creating 2 modified pages.","OpCode":"Info","RecordNumber":"021220","Sid":"S-1-5-12","SidType":"1","SourceName":"Cassandra-Windows-Kernel-General","TaskCategory":"None","Type":"Information","User":"SYSTEM","_raw":"10/12/0020 06:18:50 PM\nLogName=System\nRgvopzTvgc=Cassandra-Windows-Kernel-General\nJymsuIxmy=03\nEventType=4\nType=Information\nComputerName=CAP-S232.sharita.o.jann\nUser=SYSTEM\nRia=S-1-5-12\nIyrSiny=1\nCtugVxdeopon=None\nOpCode=Info\nHsfvjsSnkwfu=021220\nKeywords=None\nMessage=The access history in hive \\??\\C:\\AxjrbyiDzcw\\Mathew\\YyrtbwQoskx\\BablYkma\\NbuixhPthoTpQgzl0401-0.tod was cleared updating 3 keys and creating 2 modified pages.","_time":"2020-10-18T18:18:50.000-0400","body":"The access history in hive \\??\\C:\\AxjrbyiDzcw\\Mathew\\YyrtbwQoskx\\BablYkma\\NbuixhPthoTpQgzl0401-0.tod was cleared updating 3 keys and creating 2 modified pages.","dest":"CAP-S232.sharita.o.jann","dvc":"CAP-S232","dvc_nt_host":"CAP-S232","event_id":"021220","eventtype":"nix_kernel_attached wineventlog_common wineventlog_system wineventlog_windows winsystem","host":"CAP-S232","id":"021220","index":"providencia","linecount":"15","product":"Windows","punct":"//_::_==---====-...==---======_____\\??\\:\\\\\\\\\\-.___","severity":"Information","severity_id":"4","signature_id":"03","source":"ProVidenCia:System","sourcetype":"WinEventLog:System","splunk_server":"REX-F102","src":"CAP-S232.sharita.o.jann","tag":"os\nwindows\nwindows_management","tag::eventtype":"os\nwindows\nwindows_management","vendor":"Cassandra"}}
{"preview":true,"result":{"ComputerName":"CAP-S232.sharita.o.jann","EventCode":"03","EventType":"4","Keywords":"None","LogName":"System","Message":"The access history in hive \\??\\C:\\AxjrbyiDzcw\\Mathew\\YyrtbwQoskx\\BablYkma\\NbuixhPthoTpQgzl0401-0.tod was cleared updating 3 keys and creating 2 modified pages.","OpCode":"Info","RecordNumber":"011233","Sid":"S-1-5-12","SidType":"1","SourceName":"Cassandra-Windows-Kernel-General","TaskCategory":"None","Type":"Information","User":"SYSTEM","_raw":"10/12/0020 06:18:49 PM\nLogName=System\nRgvopzTvgc=Cassandra-Windows-Kernel-General\nJymsuIxmy=03\nEventType=4\nType=Information\nComputerName=CAP-S232.sharita.o.jann\nUser=SYSTEM\nRia=S-1-5-12\nIyrSiny=1\nCtugVxdeopon=None\nOpCode=Info\nHsfvjsSnkwfu=011233\nKeywords=None\nMessage=The access history in hive \\??\\C:\\AxjrbyiDzcw\\Mathew\\YyrtbwQoskx\\BablYkma\\NbuixhPthoTpQgzl0401-0.tod was cleared updating 3 keys and creating 2 modified pages.","_time":"2020-10-18T18:18:49.000-0400","body":"The access history in hive \\??\\C:\\AxjrbyiDzcw\\Mathew\\YyrtbwQoskx\\BablYkma\\NbuixhPthoTpQgzl0401-0.tod was cleared updating 3 keys and creating 2 modified pages.","dest":"CAP-S232.sharita.o.jann","dvc":"CAP-S232","dvc_nt_host":"CAP-S232","event_id":"011233","eventtype":"nix_kernel_attached wineventlog_common wineventlog_system wineventlog_windows winsystem","host":"CAP-S232","id":"011233","index":"providencia","linecount":"15","product":"Windows","punct":"//_::_==---====-...==---======_____\\??\\:\\\\\\\\\\-.___","severity":"Information","severity_id":"4","signature_id":"03","source":"ProVidenCia:System","sourcetype":"WinEventLog:System","splunk_server":"REX-F102","src":"CAP-S232.sharita.o.jann","tag":"os\nwindows\nwindows_management","tag::eventtype":"os\nwindows\nwindows_management","vendor":"Cassandra"}}
{"preview":true,"result":{"ComputerName":"shantelle.sharita.ad.sharita.vz","EventCode":"0200","EventType":"4","Keywords":"None","LogName":"System","Message":"The Group Policy settings for the computer were processed successfully. New settings from 10 Group Policy objects were detected and applied.","OpCode":"Start","RecordNumber":"016211","Sid":"S-1-5-12","SidType":"0","SourceName":"Cassandra-Windows-WhnssAwuqlx","TaskCategory":"None","Type":"Information","User":"NOT_TRANSLATED","_raw":"10/12/0020 06:16:33 PM\nLogName=System\nRgvopzTvgc=Cassandra-Windows-WhnssAwuqlx\nJymsuIxmy=0200\nEventType=4\nType=Information\nComputerName=shantelle.sharita.ad.sharita.vz\nUser=NOT_TRANSLATED\nRia=S-1-5-12\nIyrSiny=0\nCtugVxdeopon=None\nOpCode=Start\nHsfvjsSnkwfu=016211\nKeywords=None\nMessage=The Group Policy settings for the computer were processed successfully. New settings from 10 Group Policy objects were detected and applied.","_time":"2020-10-18T18:16:33.000-0400","body":"The Group Policy settings for the computer were processed successfully. New settings from 10 Group Policy objects were detected and applied.","dest":"shantelle.sharita.ad.sharita.vz","dvc":"shantelle","dvc_nt_host":"shantelle","event_id":"016211","eventtype":"wineventlog_common wineventlog_system wineventlog_windows winsystem","host":"shantelle","id":"016211","index":"providencia","linecount":"15","product":"Windows","punct":"//_::_\\r=\\r=--\\r=\\r=\\r=\\r=....\\r=\\r=---\\r=\\r=\\r=\\r=\\r=\\r=_______","severity":"Information","severity_id":"4","signature_id":"0200","source":"ProVidenCia:System","sourcetype":"WinEventLog:System","splunk_server":"REX-K026","src":"shantelle.sharita.ad.sharita.vz","tag":"os\nwindows\nwindows_management","tag::eventtype":"os\nwindows\nwindows_management","vendor":"Cassandra"}}
{"preview":true,"result":{"ComputerName":"shantelle.sharita.ad.sharita.vz","EventCode":"0200","EventType":"4","Keywords":"None","LogName":"System","Message":"The Group Policy settings for the computer were processed successfully. New settings from 10 Group Policy objects were detected and applied.","OpCode":"Start","RecordNumber":"418003","Sid":"S-1-5-12","SidType":"0","SourceName":"Cassandra-Windows-WhnssAwuqlx","TaskCategory":"None","Type":"Information","User":"NOT_TRANSLATED","_raw":"10/12/0020 06:11:24 PM\nLogName=System\nRgvopzTvgc=Cassandra-Windows-WhnssAwuqlx\nJymsuIxmy=0200\nEventType=4\nType=Information\nComputerName=shantelle.sharita.ad.sharita.vz\nUser=NOT_TRANSLATED\nRia=S-1-5-12\nIyrSiny=0\nCtugVxdeopon=None\nOpCode=Start\nHsfvjsSnkwfu=418003\nKeywords=None\nMessage=The Group Policy settings for the computer were processed successfully. New settings from 10 Group Policy objects were detected and applied.","_time":"2020-10-18T18:11:24.000-0400","body":"The Group Policy settings for the computer were processed successfully. New settings from 10 Group Policy objects were detected and applied.","dest":"shantelle.sharita.ad.sharita.vz","dvc":"shantelle","dvc_nt_host":"shantelle","event_id":"418003","eventtype":"wineventlog_common wineventlog_system wineventlog_windows winsystem","host":"shantelle","id":"418003","index":"providencia","linecount":"15","product":"Windows","punct":"//_::_\\r=\\r=--\\r=\\r=\\r=\\r=....\\r=\\r=---\\r=\\r=\\r=\\r=\\r=\\r=_______","severity":"Information","severity_id":"4","signature_id":"0200","source":"ProVidenCia:System","sourcetype":"WinEventLog:System","splunk_server":"REX-F102","src":"shantelle.sharita.ad.sharita.vz","tag":"os\nwindows\nwindows_management","tag::eventtype":"os\nwindows\nwindows_management","vendor":"Cassandra"}}
{"preview":true,"result":{"ComputerName":"CAP-S232.sharita.o.jann","EventCode":"3005","EventType":"4","Keywords":"Classic","LogName":"System","Message":"The Network Setup Service service entered the stopped state.","OpCode":"The operation completed successfully.","RecordNumber":"120023","SourceName":"Cassandra-Windows-Service Control Manager","TaskCategory":"None","Type":"Information","_raw":"10/12/0020 06:10:20 PM\nLogName=System\nRgvopzTvgc=Cassandra-Windows-Service Control Manager\nJymsuIxmy=3005\nEventType=4\nType=Information\nComputerName=CAP-S232.sharita.o.jann\nCtugVxdeopon=None\nOpCode=The operation completed successfully.\nHsfvjsSnkwfu=120023\nKeywords=Classic\nMessage=The Network Setup Service service entered the stopped state.","_time":"2020-10-18T18:10:20.000-0400","body":"The Network Setup Service service entered the stopped state.","dest":"CAP-S232.sharita.o.jann","dvc":"CAP-S232","dvc_nt_host":"CAP-S232","event_id":"120023","eventtype":"wineventlog_common wineventlog_system wineventlog_windows winsystem","host":"CAP-S232","id":"120023","index":"providencia","linecount":"12","product":"Windows","punct":"//_::_==--__====-...==___.===________.","severity":"Information","severity_id":"4","signature_id":"3005","source":"ProVidenCia:System","sourcetype":"WinEventLog:System","splunk_server":"REX-K026","src":"CAP-S232.sharita.o.jann","tag":"os\nwindows\nwindows_management","tag::eventtype":"os\nwindows\nwindows_management","vendor":"Cassandra"}}
{"preview":true,"result":{"ComputerName":"CAP-S232.sharita.o.jann","EventCode":"3005","EventType":"4","Keywords":"Classic","LogName":"System","Message":"The Network Setup Service service entered the running state.","OpCode":"The operation completed successfully.","RecordNumber":"120002","SourceName":"Cassandra-Windows-Service Control Manager","TaskCategory":"None","Type":"Information","_raw":"10/12/0020 06:07:20 PM\nLogName=System\nRgvopzTvgc=Cassandra-Windows-Service Control Manager\nJymsuIxmy=3005\nEventType=4\nType=Information\nComputerName=CAP-S232.sharita.o.jann\nCtugVxdeopon=None\nOpCode=The operation completed successfully.\nHsfvjsSnkwfu=120002\nKeywords=Classic\nMessage=The Network Setup Service service entered the running state.","_time":"2020-10-18T18:07:20.000-0400","body":"The Network Setup Service service entered the running state.","dest":"CAP-S232.sharita.o.jann","dvc":"CAP-S232","dvc_nt_host":"CAP-S232","event_id":"120002","eventtype":"wineventlog_common wineventlog_system wineventlog_windows winsystem","host":"CAP-S232","id":"120002","index":"providencia","linecount":"12","product":"Windows","punct":"//_::_==--__====-...==___.===________.","severity":"Information","severity_id":"4","signature_id":"3005","source":"ProVidenCia:System","sourcetype":"WinEventLog:System","splunk_server":"rex-k002.nk.branden","src":"CAP-S232.sharita.o.jann","tag":"os\nwindows\nwindows_management","tag::eventtype":"os\nwindows\nwindows_management","vendor":"Cassandra"}}
{"preview":true,"result":{"ComputerName":"shantelle.sharita.ad.sharita.vz","EventCode":"0200","EventType":"4","Keywords":"None","LogName":"System","Message":"The Group Policy settings for the computer were processed successfully. New settings from 10 Group Policy objects were detected and applied.","OpCode":"Start","RecordNumber":"216200","Sid":"S-1-5-12","SidType":"0","SourceName":"Cassandra-Windows-WhnssAwuqlx","TaskCategory":"None","Type":"Information","User":"NOT_TRANSLATED","_raw":"10/12/0020 06:06:20 PM\nLogName=System\nRgvopzTvgc=Cassandra-Windows-WhnssAwuqlx\nJymsuIxmy=0200\nEventType=4\nType=Information\nComputerName=shantelle.sharita.ad.sharita.vz\nUser=NOT_TRANSLATED\nRia=S-1-5-12\nIyrSiny=0\nCtugVxdeopon=None\nOpCode=Start\nHsfvjsSnkwfu=216200\nKeywords=None\nMessage=The Group Policy settings for the computer were processed successfully. New settings from 10 Group Policy objects were detected and applied.","_time":"2020-10-18T18:06:20.000-0400","body":"The Group Policy settings for the computer were processed successfully. New settings from 10 Group Policy objects were detected and applied.","dest":"shantelle.sharita.ad.sharita.vz","dvc":"shantelle","dvc_nt_host":"shantelle","event_id":"216200","eventtype":"wineventlog_common wineventlog_system wineventlog_windows winsystem","host":"shantelle","id":"216200","index":"providencia","linecount":"15","product":"Windows","punct":"//_::_\\r=\\r=--\\r=\\r=\\r=\\r=....\\r=\\r=---\\r=\\r=\\r=\\r=\\r=\\r=_______","severity":"Information","severity_id":"4","signature_id":"0200","source":"ProVidenCia:System","sourcetype":"WinEventLog:System","splunk_server":"REX-F102","src":"shantelle.sharita.ad.sharita.vz","tag":"os\nwindows\nwindows_management","tag::eventtype":"os\nwindows\nwindows_management","vendor":"Cassandra"}}
{"preview":true,"result":{"ComputerName":"shantelle.sharita.ad.sharita.vz","EventCode":"0200","EventType":"4","Keywords":"None","LogName":"System","Message":"The Group Policy settings for the computer were processed successfully. New settings from 10 Group Policy objects were detected and applied.","OpCode":"Start","RecordNumber":"005102","Sid":"S-1-5-12","SidType":"0","SourceName":"Cassandra-Windows-WhnssAwuqlx","TaskCategory":"None","Type":"Information","User":"NOT_TRANSLATED","_raw":"10/12/0020 06:01:12 PM\nLogName=System\nRgvopzTvgc=Cassandra-Windows-WhnssAwuqlx\nJymsuIxmy=0200\nEventType=4\nType=Information\nComputerName=shantelle.sharita.ad.sharita.vz\nUser=NOT_TRANSLATED\nRia=S-1-5-12\nIyrSiny=0\nCtugVxdeopon=None\nOpCode=Start\nHsfvjsSnkwfu=005102\nKeywords=None\nMessage=The Group Policy settings for the computer were processed successfully. New settings from 10 Group Policy objects were detected and applied.","_time":"2020-10-18T18:01:12.000-0400","body":"The Group Policy settings for the computer were processed successfully. New settings from 10 Group Policy objects were detected and applied.","dest":"shantelle.sharita.ad.sharita.vz","dvc":"shantelle","dvc_nt_host":"shantelle","event_id":"005102","eventtype":"wineventlog_common wineventlog_system wineventlog_windows winsystem","host":"shantelle","id":"005102","index":"providencia","linecount":"15","product":"Windows","punct":"//_::_\\r=\\r=--\\r=\\r=\\r=\\r=....\\r=\\r=---\\r=\\r=\\r=\\r=\\r=\\r=_______","severity":"Information","severity_id":"4","signature_id":"0200","source":"ProVidenCia:System","sourcetype":"WinEventLog:System","splunk_server":"rex-k002.nk.branden","src":"shantelle.sharita.ad.sharita.vz","tag":"os\nwindows\nwindows_management","tag::eventtype":"os\nwindows\nwindows_management","vendor":"Cassandra"}}
{"preview":true,"result":{"ComputerName":"CAP-S232.sharita.o.jann","EventCode":"3005","EventType":"4","Keywords":"Classic","LogName":"System","Message":"The Software Protection service entered the stopped state.","OpCode":"The operation completed successfully.","RecordNumber":"110006","SourceName":"Cassandra-Windows-Service Control Manager","TaskCategory":"None","Type":"Information","_raw":"10/12/0020 05:56:42 PM\nLogName=System\nRgvopzTvgc=Cassandra-Windows-Service Control Manager\nJymsuIxmy=3005\nEventType=4\nType=Information\nComputerName=CAP-S232.sharita.o.jann\nCtugVxdeopon=None\nOpCode=The operation completed successfully.\nHsfvjsSnkwfu=110006\nKeywords=Classic\nMessage=The Software Protection service entered the stopped state.","_time":"2020-10-18T17:56:42.000-0400","body":"The Software Protection service entered the stopped state.","dest":"CAP-S232.sharita.o.jann","dvc":"CAP-S232","dvc_nt_host":"CAP-S232","event_id":"110006","eventtype":"wineventlog_common wineventlog_system wineventlog_windows winsystem","host":"CAP-S232","id":"110006","index":"providencia","linecount":"12","product":"Windows","punct":"//_::_==--__====-...==___.===_______.","severity":"Information","severity_id":"4","signature_id":"3005","source":"ProVidenCia:System","sourcetype":"WinEventLog:System","splunk_server":"rex-k002.nk.branden","src":"CAP-S232.sharita.o.jann","tag":"os\nwindows\nwindows_management","tag::eventtype":"os\nwindows\nwindows_management","vendor":"Cassandra"}}
{"preview":true,"result":{"ComputerName":"shantelle.sharita.ad.sharita.vz","EventCode":"0200","EventType":"4","Keywords":"None","LogName":"System","Message":"The Group Policy settings for the computer were processed successfully. New settings from 10 Group Policy objects were detected and applied.","OpCode":"Start","RecordNumber":"107221","Sid":"S-1-5-12","SidType":"0","SourceName":"Cassandra-Windows-WhnssAwuqlx","TaskCategory":"None","Type":"Information","User":"NOT_TRANSLATED","_raw":"10/12/0020 05:56:04 PM\nLogName=System\nRgvopzTvgc=Cassandra-Windows-WhnssAwuqlx\nJymsuIxmy=0200\nEventType=4\nType=Information\nComputerName=shantelle.sharita.ad.sharita.vz\nUser=NOT_TRANSLATED\nRia=S-1-5-12\nIyrSiny=0\nCtugVxdeopon=None\nOpCode=Start\nHsfvjsSnkwfu=107221\nKeywords=None\nMessage=The Group Policy settings for the computer were processed successfully. New settings from 10 Group Policy objects were detected and applied.","_time":"2020-10-18T17:56:04.000-0400","body":"The Group Policy settings for the computer were processed successfully. New settings from 10 Group Policy objects were detected and applied.","dest":"shantelle.sharita.ad.sharita.vz","dvc":"shantelle","dvc_nt_host":"shantelle","event_id":"107221","eventtype":"wineventlog_common wineventlog_system wineventlog_windows winsystem","host":"shantelle","id":"107221","index":"providencia","linecount":"15","product":"Windows","punct":"//_::_\\r=\\r=--\\r=\\r=\\r=\\r=....\\r=\\r=---\\r=\\r=\\r=\\r=\\r=\\r=_______","severity":"Information","severity_id":"4","signature_id":"0200","source":"ProVidenCia:System","sourcetype":"WinEventLog:System","splunk_server":"REX-K026","src":"shantelle.sharita.ad.sharita.vz","tag":"os\nwindows\nwindows_management","tag::eventtype":"os\nwindows\nwindows_management","vendor":"Cassandra"}}
{"preview":true,"result":{"ComputerName":"CAP-S232.sharita.o.jann","EventCode":"3005","EventType":"4","Keywords":"Classic","LogName":"System","Message":"The Software Protection service entered the running state.","OpCode":"The operation completed successfully.","RecordNumber":"001203","SourceName":"Cassandra-Windows-Service Control Manager","TaskCategory":"None","Type":"Information","_raw":"10/12/0020 05:55:56 PM\nLogName=System\nRgvopzTvgc=Cassandra-Windows-Service Control Manager\nJymsuIxmy=3005\nEventType=4\nType=Information\nComputerName=CAP-S232.sharita.o.jann\nCtugVxdeopon=None\nOpCode=The operation completed successfully.\nHsfvjsSnkwfu=001203\nKeywords=Classic\nMessage=The Software Protection service entered the running state.","_time":"2020-10-18T17:55:56.000-0400","body":"The Software Protection service entered the running state.","dest":"CAP-S232.sharita.o.jann","dvc":"CAP-S232","dvc_nt_host":"CAP-S232","event_id":"001203","eventtype":"wineventlog_common wineventlog_system wineventlog_windows winsystem","host":"CAP-S232","id":"001203","index":"providencia","linecount":"12","product":"Windows","punct":"//_::_==--__====-...==___.===_______.","severity":"Information","severity_id":"4","signature_id":"3005","source":"ProVidenCia:System","sourcetype":"WinEventLog:System","splunk_server":"REX-K026","src":"CAP-S232.sharita.o.jann","tag":"os\nwindows\nwindows_management","tag::eventtype":"os\nwindows\nwindows_management","vendor":"Cassandra"}}
{"preview":true,"result":{"ComputerName":"shantelle.sharita.ad.sharita.vz","EventCode":"0200","EventType":"4","Keywords":"None","LogName":"System","Message":"The Group Policy settings for the computer were processed successfully. New settings from 10 Group Policy objects were detected and applied.","OpCode":"Start","RecordNumber":"201011","Sid":"S-1-5-12","SidType":"0","SourceName":"Cassandra-Windows-WhnssAwuqlx","TaskCategory":"None","Type":"Information","User":"NOT_TRANSLATED","_raw":"10/12/0020 05:51:00 PM\nLogName=System\nRgvopzTvgc=Cassandra-Windows-WhnssAwuqlx\nJymsuIxmy=0200\nEventType=4\nType=Information\nComputerName=shantelle.sharita.ad.sharita.vz\nUser=NOT_TRANSLATED\nRia=S-1-5-12\nIyrSiny=0\nCtugVxdeopon=None\nOpCode=Start\nHsfvjsSnkwfu=201011\nKeywords=None\nMessage=The Group Policy settings for the computer were processed successfully. New settings from 10 Group Policy objects were detected and applied.","_time":"2020-10-18T17:51:00.000-0400","body":"The Group Policy settings for the computer were processed successfully. New settings from 10 Group Policy objects were detected and applied.","dest":"shantelle.sharita.ad.sharita.vz","dvc":"shantelle","dvc_nt_host":"shantelle","event_id":"201011","eventtype":"wineventlog_common wineventlog_system wineventlog_windows winsystem","host":"shantelle","id":"201011","index":"providencia","linecount":"15","product":"Windows","punct":"//_::_\\r=\\r=--\\r=\\r=\\r=\\r=....\\r=\\r=---\\r=\\r=\\r=\\r=\\r=\\r=_______","severity":"Information","severity_id":"4","signature_id":"0200","source":"ProVidenCia:System","sourcetype":"WinEventLog:System","splunk_server":"REX-F102","src":"shantelle.sharita.ad.sharita.vz","tag":"os\nwindows\nwindows_management","tag::eventtype":"os\nwindows\nwindows_management","vendor":"Cassandra"}}
{"preview":true,"result":{"ComputerName":"CAP-S232.sharita.o.jann","EventCode":"3005","EventType":"4","Keywords":"Classic","LogName":"System","Message":"The Background Intelligent Transfer Service service entered the stopped state.","OpCode":"The operation completed successfully.","RecordNumber":"020111","SourceName":"Cassandra-Windows-Service Control Manager","TaskCategory":"None","Type":"Information","_raw":"10/12/0020 05:48:58 PM\nLogName=System\nRgvopzTvgc=Cassandra-Windows-Service Control Manager\nJymsuIxmy=3005\nEventType=4\nType=Information\nComputerName=CAP-S232.sharita.o.jann\nCtugVxdeopon=None\nOpCode=The operation completed successfully.\nHsfvjsSnkwfu=020111\nKeywords=Classic\nMessage=The Background Intelligent Transfer Service service entered the stopped state.","_time":"2020-10-18T17:48:58.000-0400","body":"The Background Intelligent Transfer Service service entered the stopped state.","dest":"CAP-S232.sharita.o.jann","dvc":"CAP-S232","dvc_nt_host":"CAP-S232","event_id":"020111","eventtype":"wineventlog_common wineventlog_system wineventlog_windows winsystem","host":"CAP-S232","id":"020111","index":"providencia","linecount":"12","product":"Windows","punct":"//_::_==--__====-...==___.===_________.","severity":"Information","severity_id":"4","signature_id":"3005","source":"ProVidenCia:System","sourcetype":"WinEventLog:System","splunk_server":"rex-z000.nk.branden","src":"CAP-S232.sharita.o.jann","tag":"os\nwindows\nwindows_management","tag::eventtype":"os\nwindows\nwindows_management","vendor":"Cassandra"}}
{"preview":true,"result":{"ComputerName":"CAP-S232.sharita.o.jann","EventCode":"7040","EventType":"4","Keywords":"Classic","LogName":"System","Message":"The start type of the Background Intelligent Transfer Service service was changed from auto start to demand start.","OpCode":"The operation completed successfully.","RecordNumber":"001202","Sid":"S-1-5-12","SidType":"1","SourceName":"Cassandra-Windows-Service Control Manager","TaskCategory":"None","Type":"Information","User":"SYSTEM","_raw":"10/12/0020 05:48:58 PM\nLogName=System\nRgvopzTvgc=Cassandra-Windows-Service Control Manager\nJymsuIxmy=7040\nEventType=4\nType=Information\nComputerName=CAP-S232.sharita.o.jann\nUser=SYSTEM\nRia=S-1-5-12\nIyrSiny=1\nCtugVxdeopon=None\nOpCode=The operation completed successfully.\nHsfvjsSnkwfu=001202\nKeywords=Classic\nMessage=The start type of the Background Intelligent Transfer Service service was changed from auto start to demand start.","_time":"2020-10-18T17:48:58.000-0400","body":"The start type of the Background Intelligent Transfer Service service was changed from auto start to demand start.","dest":"CAP-S232.sharita.o.jann","dvc":"CAP-S232","dvc_nt_host":"CAP-S232","event_id":"001202","eventtype":"wineventlog_common wineventlog_system wineventlog_windows winsystem","host":"CAP-S232","id":"001202","index":"providencia","linecount":"15","product":"Windows","punct":"//_::_==--__====-...==---===___.===_______________","severity":"Information","severity_id":"4","signature_id":"7040","source":"ProVidenCia:System","sourcetype":"WinEventLog:System","splunk_server":"rex-z000.nk.branden","src":"CAP-S232.sharita.o.jann","tag":"os\nwindows\nwindows_management","tag::eventtype":"os\nwindows\nwindows_management","vendor":"Cassandra"}}
{"preview":true,"result":{"ComputerName":"CAP-S232.sharita.o.jann","EventCode":"3005","EventType":"4","Keywords":"Classic","LogName":"System","Message":"The Background Intelligent Transfer Service service entered the running state.","OpCode":"The operation completed successfully.","RecordNumber":"111240","SourceName":"Cassandra-Windows-Service Control Manager","TaskCategory":"None","Type":"Information","_raw":"10/12/0020 05:46:58 PM\nLogName=System\nRgvopzTvgc=Cassandra-Windows-Service Control Manager\nJymsuIxmy=3005\nEventType=4\nType=Information\nComputerName=CAP-S232.sharita.o.jann\nCtugVxdeopon=None\nOpCode=The operation completed successfully.\nHsfvjsSnkwfu=111240\nKeywords=Classic\nMessage=The Background Intelligent Transfer Service service entered the running state.","_time":"2020-10-18T17:46:58.000-0400","body":"The Background Intelligent Transfer Service service entered the running state.","dest":"CAP-S232.sharita.o.jann","dvc":"CAP-S232","dvc_nt_host":"CAP-S232","event_id":"111240","eventtype":"wineventlog_common wineventlog_system wineventlog_windows winsystem","host":"CAP-S232","id":"111240","index":"providencia","linecount":"12","product":"Windows","punct":"//_::_==--__====-...==___.===_________.","severity":"Information","severity_id":"4","signature_id":"3005","source":"ProVidenCia:System","sourcetype":"WinEventLog:System","splunk_server":"REX-F102","src":"CAP-S232.sharita.o.jann","tag":"os\nwindows\nwindows_management","tag::eventtype":"os\nwindows\nwindows_management","vendor":"Cassandra"}}
{"preview":true,"result":{"ComputerName":"CAP-S232.sharita.o.jann","EventCode":"7040","EventType":"4","Keywords":"Classic","LogName":"System","Message":"The start type of the Background Intelligent Transfer Service service was changed from demand start to auto start.","OpCode":"The operation completed successfully.","RecordNumber":"010131","Sid":"S-1-5-12","SidType":"1","SourceName":"Cassandra-Windows-Service Control Manager","TaskCategory":"None","Type":"Information","User":"SYSTEM","_raw":"10/12/0020 05:46:58 PM\nLogName=System\nRgvopzTvgc=Cassandra-Windows-Service Control Manager\nJymsuIxmy=7040\nEventType=4\nType=Information\nComputerName=CAP-S232.sharita.o.jann\nUser=SYSTEM\nRia=S-1-5-12\nIyrSiny=1\nCtugVxdeopon=None\nOpCode=The operation completed successfully.\nHsfvjsSnkwfu=010131\nKeywords=Classic\nMessage=The start type of the Background Intelligent Transfer Service service was changed from demand start to auto start.","_time":"2020-10-18T17:46:58.000-0400","body":"The start type of the Background Intelligent Transfer Service service was changed from demand start to auto start.","dest":"CAP-S232.sharita.o.jann","dvc":"CAP-S232","dvc_nt_host":"CAP-S232","event_id":"010131","eventtype":"wineventlog_common wineventlog_system wineventlog_windows winsystem","host":"CAP-S232","id":"010131","index":"providencia","linecount":"15","product":"Windows","punct":"//_::_==--__====-...==---===___.===_______________","severity":"Information","severity_id":"4","signature_id":"7040","source":"ProVidenCia:System","sourcetype":"WinEventLog:System","splunk_server":"REX-F102","src":"CAP-S232.sharita.o.jann","tag":"os\nwindows\nwindows_management","tag::eventtype":"os\nwindows\nwindows_management","vendor":"Cassandra"}}
{"preview":true,"result":{"ComputerName":"shantelle.sharita.ad.sharita.vz","EventCode":"0200","EventType":"4","Keywords":"None","LogName":"System","Message":"The Group Policy settings for the computer were processed successfully. New settings from 10 Group Policy objects were detected and applied.","OpCode":"Start","RecordNumber":"105020","Sid":"S-1-5-12","SidType":"0","SourceName":"Cassandra-Windows-WhnssAwuqlx","TaskCategory":"None","Type":"Information","User":"NOT_TRANSLATED","_raw":"10/12/0020 05:45:51 PM\nLogName=System\nRgvopzTvgc=Cassandra-Windows-WhnssAwuqlx\nJymsuIxmy=0200\nEventType=4\nType=Information\nComputerName=shantelle.sharita.ad.sharita.vz\nUser=NOT_TRANSLATED\nRia=S-1-5-12\nIyrSiny=0\nCtugVxdeopon=None\nOpCode=Start\nHsfvjsSnkwfu=105020\nKeywords=None\nMessage=The Group Policy settings for the computer were processed successfully. New settings from 10 Group Policy objects were detected and applied.","_time":"2020-10-18T17:45:51.000-0400","body":"The Group Policy settings for the computer were processed successfully. New settings from 10 Group Policy objects were detected and applied.","dest":"shantelle.sharita.ad.sharita.vz","dvc":"shantelle","dvc_nt_host":"shantelle","event_id":"105020","eventtype":"wineventlog_common wineventlog_system wineventlog_windows winsystem","host":"shantelle","id":"105020","index":"providencia","linecount":"15","product":"Windows","punct":"//_::_\\r=\\r=--\\r=\\r=\\r=\\r=....\\r=\\r=---\\r=\\r=\\r=\\r=\\r=\\r=_______","severity":"Information","severity_id":"4","signature_id":"0200","source":"ProVidenCia:System","sourcetype":"WinEventLog:System","splunk_server":"rex-k002.nk.branden","src":"shantelle.sharita.ad.sharita.vz","tag":"os\nwindows\nwindows_management","tag::eventtype":"os\nwindows\nwindows_management","vendor":"Cassandra"}}
{"preview":true,"result":{"ComputerName":"shantelle.sharita.ad.sharita.vz","EventCode":"0200","EventType":"4","Keywords":"None","LogName":"System","Message":"The Group Policy settings for the computer were processed successfully. New settings from 10 Group Policy objects were detected and applied.","OpCode":"Start","RecordNumber":"314209","Sid":"S-1-5-12","SidType":"0","SourceName":"Cassandra-Windows-WhnssAwuqlx","TaskCategory":"None","Type":"Information","User":"NOT_TRANSLATED","_raw":"10/12/0020 05:40:43 PM\nLogName=System\nRgvopzTvgc=Cassandra-Windows-WhnssAwuqlx\nJymsuIxmy=0200\nEventType=4\nType=Information\nComputerName=shantelle.sharita.ad.sharita.vz\nUser=NOT_TRANSLATED\nRia=S-1-5-12\nIyrSiny=0\nCtugVxdeopon=None\nOpCode=Start\nHsfvjsSnkwfu=314209\nKeywords=None\nMessage=The Group Policy settings for the computer were processed successfully. New settings from 10 Group Policy objects were detected and applied.","_time":"2020-10-18T17:40:43.000-0400","body":"The Group Policy settings for the computer were processed successfully. New settings from 10 Group Policy objects were detected and applied.","dest":"shantelle.sharita.ad.sharita.vz","dvc":"shantelle","dvc_nt_host":"shantelle","event_id":"314209","eventtype":"wineventlog_common wineventlog_system wineventlog_windows winsystem","host":"shantelle","id":"314209","index":"providencia","linecount":"15","product":"Windows","punct":"//_::_\\r=\\r=--\\r=\\r=\\r=\\r=....\\r=\\r=---\\r=\\r=\\r=\\r=\\r=\\r=_______","severity":"Information","severity_id":"4","signature_id":"0200","source":"ProVidenCia:System","sourcetype":"WinEventLog:System","splunk_server":"REX-F102","src":"shantelle.sharita.ad.sharita.vz","tag":"os\nwindows\nwindows_management","tag::eventtype":"os\nwindows\nwindows_management","vendor":"Cassandra"}}
{"preview":true,"result":{"ComputerName":"shantelle.sharita.ad.sharita.vz","EventCode":"0200","EventType":"4","Keywords":"None","LogName":"System","Message":"The Group Policy settings for the computer were processed successfully. New settings from 10 Group Policy objects were detected and applied.","OpCode":"Start","RecordNumber":"500004","Sid":"S-1-5-12","SidType":"0","SourceName":"Cassandra-Windows-WhnssAwuqlx","TaskCategory":"None","Type":"Information","User":"NOT_TRANSLATED","_raw":"10/12/0020 05:35:35 PM\nLogName=System\nRgvopzTvgc=Cassandra-Windows-WhnssAwuqlx\nJymsuIxmy=0200\nEventType=4\nType=Information\nComputerName=shantelle.sharita.ad.sharita.vz\nUser=NOT_TRANSLATED\nRia=S-1-5-12\nIyrSiny=0\nCtugVxdeopon=None\nOpCode=Start\nHsfvjsSnkwfu=500004\nKeywords=None\nMessage=The Group Policy settings for the computer were processed successfully. New settings from 10 Group Policy objects were detected and applied.","_time":"2020-10-18T17:35:35.000-0400","body":"The Group Policy settings for the computer were processed successfully. New settings from 10 Group Policy objects were detected and applied.","dest":"shantelle.sharita.ad.sharita.vz","dvc":"shantelle","dvc_nt_host":"shantelle","event_id":"500004","eventtype":"wineventlog_common wineventlog_system wineventlog_windows winsystem","host":"shantelle","id":"500004","index":"providencia","linecount":"15","product":"Windows","punct":"//_::_\\r=\\r=--\\r=\\r=\\r=\\r=....\\r=\\r=---\\r=\\r=\\r=\\r=\\r=\\r=_______","severity":"Information","severity_id":"4","signature_id":"0200","source":"ProVidenCia:System","sourcetype":"WinEventLog:System","splunk_server":"rex-z000.nk.branden","src":"shantelle.sharita.ad.sharita.vz","tag":"os\nwindows\nwindows_management","tag::eventtype":"os\nwindows\nwindows_management","vendor":"Cassandra"}}
