{"preview":true,"result":{"ComputerName":"shantelle.sharita.ad.sharita.vz","EventCode":"0200","EventType":"4","Keywords":"None","LogName":"System","Message":"The Group Policy settings for the computer were processed successfully. New settings from 10 Group Policy objects were detected and applied.","OpCode":"Start","RecordNumber":"304107","Sid":"S-1-5-12","SidType":"0","SourceName":"Cassandra-Windows-WhnssAwuqlx","TaskCategory":"None","Type":"Information","User":"NOT_TRANSLATED","_raw":"10/12/0020 09:24:05 AM\nLogName=System\nRgvopzTvgc=Cassandra-Windows-WhnssAwuqlx\nJymsuIxmy=0200\nEventType=4\nType=Information\nComputerName=shantelle.sharita.ad.sharita.vz\nUser=NOT_TRANSLATED\nRia=S-1-5-12\nIyrSiny=0\nCtugVxdeopon=None\nOpCode=Start\nHsfvjsSnkwfu=304107\nKeywords=None\nMessage=The Group Policy settings for the computer were processed successfully. New settings from 10 Group Policy objects were detected and applied.","_time":"2020-10-18T09:24:05.000-0400","body":"The Group Policy settings for the computer were processed successfully. New settings from 10 Group Policy objects were detected and applied.","dest":"shantelle.sharita.ad.sharita.vz","dvc":"shantelle","dvc_nt_host":"shantelle","event_id":"304107","eventtype":"wineventlog_common wineventlog_system wineventlog_windows winsystem","host":"shantelle","id":"304107","index":"providencia","linecount":"15","product":"Windows","punct":"//_::_\\r=\\r=--\\r=\\r=\\r=\\r=....\\r=\\r=---\\r=\\r=\\r=\\r=\\r=\\r=_______","severity":"Information","severity_id":"4","signature_id":"0200","source":"ProVidenCia:System","sourcetype":"WinEventLog:System","splunk_server":"rex-z000.nk.branden","src":"shantelle.sharita.ad.sharita.vz","tag":"os\nwindows\nwindows_management","tag::eventtype":"os\nwindows\nwindows_management","vendor":"Cassandra"}}
{"preview":true,"result":{"ComputerName":"shantelle.sharita.ad.sharita.vz","EventCode":"0200","EventType":"4","Keywords":"None","LogName":"System","Message":"The Group Policy settings for the computer were processed successfully. New settings from 10 Group Policy objects were detected and applied.","OpCode":"Start","RecordNumber":"510005","Sid":"S-1-5-12","SidType":"0","SourceName":"Cassandra-Windows-WhnssAwuqlx","TaskCategory":"None","Type":"Information","User":"NOT_TRANSLATED","_raw":"10/12/0020 09:18:57 AM\nLogName=System\nRgvopzTvgc=Cassandra-Windows-WhnssAwuqlx\nJymsuIxmy=0200\nEventType=4\nType=Information\nComputerName=shantelle.sharita.ad.sharita.vz\nUser=NOT_TRANSLATED\nRia=S-1-5-12\nIyrSiny=0\nCtugVxdeopon=None\nOpCode=Start\nHsfvjsSnkwfu=510005\nKeywords=None\nMessage=The Group Policy settings for the computer were processed successfully. New settings from 10 Group Policy objects were detected and applied.","_time":"2020-10-18T09:18:57.000-0400","body":"The Group Policy settings for the computer were processed successfully. New settings from 10 Group Policy objects were detected and applied.","dest":"shantelle.sharita.ad.sharita.vz","dvc":"shantelle","dvc_nt_host":"shantelle","event_id":"510005","eventtype":"wineventlog_common wineventlog_system wineventlog_windows winsystem","host":"shantelle","id":"510005","index":"providencia","linecount":"15","product":"Windows","punct":"//_::_\\r=\\r=--\\r=\\r=\\r=\\r=....\\r=\\r=---\\r=\\r=\\r=\\r=\\r=\\r=_______","severity":"Information","severity_id":"4","signature_id":"0200","source":"ProVidenCia:System","sourcetype":"WinEventLog:System","splunk_server":"rex-z000.nk.branden","src":"shantelle.sharita.ad.sharita.vz","tag":"os\nwindows\nwindows_management","tag::eventtype":"os\nwindows\nwindows_management","vendor":"Cassandra"}}
{"preview":true,"result":{"ComputerName":"shantelle.sharita.ad.sharita.vz","EventCode":"0200","EventType":"4","Keywords":"None","LogName":"System","Message":"The Group Policy settings for the computer were processed successfully. New settings from 10 Group Policy objects were detected and applied.","OpCode":"Start","RecordNumber":"303101","Sid":"S-1-5-12","SidType":"0","SourceName":"Cassandra-Windows-WhnssAwuqlx","TaskCategory":"None","Type":"Information","User":"NOT_TRANSLATED","_raw":"10/12/0020 08:48:16 AM\nLogName=System\nRgvopzTvgc=Cassandra-Windows-WhnssAwuqlx\nJymsuIxmy=0200\nEventType=4\nType=Information\nComputerName=shantelle.sharita.ad.sharita.vz\nUser=NOT_TRANSLATED\nRia=S-1-5-12\nIyrSiny=0\nCtugVxdeopon=None\nOpCode=Start\nHsfvjsSnkwfu=303101\nKeywords=None\nMessage=The Group Policy settings for the computer were processed successfully. New settings from 10 Group Policy objects were detected and applied.","_time":"2020-10-18T08:48:16.000-0400","body":"The Group Policy settings for the computer were processed successfully. New settings from 10 Group Policy objects were detected and applied.","dest":"shantelle.sharita.ad.sharita.vz","dvc":"shantelle","dvc_nt_host":"shantelle","event_id":"303101","eventtype":"wineventlog_common wineventlog_system wineventlog_windows winsystem","host":"shantelle","id":"303101","index":"providencia","linecount":"15","product":"Windows","punct":"//_::_\\r=\\r=--\\r=\\r=\\r=\\r=....\\r=\\r=---\\r=\\r=\\r=\\r=\\r=\\r=_______","severity":"Information","severity_id":"4","signature_id":"0200","source":"ProVidenCia:System","sourcetype":"WinEventLog:System","splunk_server":"rex-z000.nk.branden","src":"shantelle.sharita.ad.sharita.vz","tag":"os\nwindows\nwindows_management","tag::eventtype":"os\nwindows\nwindows_management","vendor":"Cassandra"}}
{"preview":true,"result":{"ComputerName":"CAP-S232.sharita.o.jann","EventCode":"3005","EventType":"4","Keywords":"Classic","LogName":"System","Message":"The Network Setup Service service entered the stopped state.","OpCode":"The operation completed successfully.","RecordNumber":"120120","SourceName":"Cassandra-Windows-Service Control Manager","TaskCategory":"None","Type":"Information","_raw":"10/12/0020 08:10:20 AM\nLogName=System\nRgvopzTvgc=Cassandra-Windows-Service Control Manager\nJymsuIxmy=3005\nEventType=4\nType=Information\nComputerName=CAP-S232.sharita.o.jann\nCtugVxdeopon=None\nOpCode=The operation completed successfully.\nHsfvjsSnkwfu=120120\nKeywords=Classic\nMessage=The Network Setup Service service entered the stopped state.","_time":"2020-10-18T08:10:20.000-0400","body":"The Network Setup Service service entered the stopped state.","dest":"CAP-S232.sharita.o.jann","dvc":"CAP-S232","dvc_nt_host":"CAP-S232","event_id":"120120","eventtype":"wineventlog_common wineventlog_system wineventlog_windows winsystem","host":"CAP-S232","id":"120120","index":"providencia","linecount":"12","product":"Windows","punct":"//_::_==--__====-...==___.===________.","severity":"Information","severity_id":"4","signature_id":"3005","source":"ProVidenCia:System","sourcetype":"WinEventLog:System","splunk_server":"rex-z000.nk.branden","src":"CAP-S232.sharita.o.jann","tag":"os\nwindows\nwindows_management","tag::eventtype":"os\nwindows\nwindows_management","vendor":"Cassandra"}}
{"preview":true,"result":{"ComputerName":"CAP-S232.sharita.o.jann","EventCode":"3005","EventType":"4","Keywords":"Classic","LogName":"System","Message":"The DymW Deployment Service (JpjDDUQ) service entered the stopped state.","OpCode":"The operation completed successfully.","RecordNumber":"000604","SourceName":"Cassandra-Windows-Service Control Manager","TaskCategory":"None","Type":"Information","_raw":"10/12/0020 08:09:15 AM\nLogName=System\nRgvopzTvgc=Cassandra-Windows-Service Control Manager\nJymsuIxmy=3005\nEventType=4\nType=Information\nComputerName=CAP-S232.sharita.o.jann\nCtugVxdeopon=None\nOpCode=The operation completed successfully.\nHsfvjsSnkwfu=000604\nKeywords=Classic\nMessage=The DymW Deployment Service (JpjDDUQ) service entered the stopped state.","_time":"2020-10-18T08:09:15.000-0400","body":"The DymW Deployment Service (JpjDDUQ) service entered the stopped state.","dest":"CAP-S232.sharita.o.jann","dvc":"CAP-S232","dvc_nt_host":"CAP-S232","event_id":"000604","eventtype":"wineventlog_common wineventlog_system wineventlog_windows winsystem","host":"CAP-S232","id":"000604","index":"providencia","linecount":"12","product":"Windows","punct":"//_::_==--__====-...==___.===____()_____.","severity":"Information","severity_id":"4","signature_id":"3005","source":"ProVidenCia:System","sourcetype":"WinEventLog:System","splunk_server":"rex-z000.nk.branden","src":"CAP-S232.sharita.o.jann","tag":"os\nwindows\nwindows_management","tag::eventtype":"os\nwindows\nwindows_management","vendor":"Cassandra"}}
{"preview":true,"result":{"ComputerName":"CAP-S232.sharita.o.jann","EventCode":"03","EventType":"4","Keywords":"None","LogName":"System","Message":"The access history in hive \\??\\C:\\AxjrbyiDzcw\\Mathew\\YyrtbwQoskx\\BablYkma\\GlcpkaIbqgGwIpzr1010-0.tod was cleared updating 3 keys and creating 2 modified pages.","OpCode":"Info","RecordNumber":"020216","Sid":"S-1-5-12","SidType":"1","SourceName":"Cassandra-Windows-Kernel-General","TaskCategory":"None","Type":"Information","User":"SYSTEM","_raw":"10/12/0020 08:08:15 AM\nLogName=System\nRgvopzTvgc=Cassandra-Windows-Kernel-General\nJymsuIxmy=03\nEventType=4\nType=Information\nComputerName=CAP-S232.sharita.o.jann\nUser=SYSTEM\nRia=S-1-5-12\nIyrSiny=1\nCtugVxdeopon=None\nOpCode=Info\nHsfvjsSnkwfu=020216\nKeywords=None\nMessage=The access history in hive \\??\\C:\\AxjrbyiDzcw\\Mathew\\YyrtbwQoskx\\BablYkma\\GlcpkaIbqgGwIpzr1010-0.tod was cleared updating 3 keys and creating 2 modified pages.","_time":"2020-10-18T08:08:15.000-0400","body":"The access history in hive \\??\\C:\\AxjrbyiDzcw\\Mathew\\YyrtbwQoskx\\BablYkma\\GlcpkaIbqgGwIpzr1010-0.tod was cleared updating 3 keys and creating 2 modified pages.","dest":"CAP-S232.sharita.o.jann","dvc":"CAP-S232","dvc_nt_host":"CAP-S232","event_id":"020216","eventtype":"nix_kernel_attached wineventlog_common wineventlog_system wineventlog_windows winsystem","host":"CAP-S232","id":"020216","index":"providencia","linecount":"15","product":"Windows","punct":"//_::_==---====-...==---======_____\\??\\:\\\\\\\\\\-.___","severity":"Information","severity_id":"4","signature_id":"03","source":"ProVidenCia:System","sourcetype":"WinEventLog:System","splunk_server":"rex-z000.nk.branden","src":"CAP-S232.sharita.o.jann","tag":"os\nwindows\nwindows_management","tag::eventtype":"os\nwindows\nwindows_management","vendor":"Cassandra"}}
{"preview":true,"result":{"ComputerName":"CAP-S232.sharita.o.jann","EventCode":"03","EventType":"4","Keywords":"None","LogName":"System","Message":"The access history in hive \\??\\C:\\AxjrbyiDzcw\\Mathew\\YyrtbwQoskx\\BablYkma\\GlcpkaIbqgGwIpzr1010-0.tod was cleared updating 3 keys and creating 2 modified pages.","OpCode":"Info","RecordNumber":"020214","Sid":"S-1-5-12","SidType":"1","SourceName":"Cassandra-Windows-Kernel-General","TaskCategory":"None","Type":"Information","User":"SYSTEM","_raw":"10/12/0020 08:08:14 AM\nLogName=System\nRgvopzTvgc=Cassandra-Windows-Kernel-General\nJymsuIxmy=03\nEventType=4\nType=Information\nComputerName=CAP-S232.sharita.o.jann\nUser=SYSTEM\nRia=S-1-5-12\nIyrSiny=1\nCtugVxdeopon=None\nOpCode=Info\nHsfvjsSnkwfu=020214\nKeywords=None\nMessage=The access history in hive \\??\\C:\\AxjrbyiDzcw\\Mathew\\YyrtbwQoskx\\BablYkma\\GlcpkaIbqgGwIpzr1010-0.tod was cleared updating 3 keys and creating 2 modified pages.","_time":"2020-10-18T08:08:14.000-0400","body":"The access history in hive \\??\\C:\\AxjrbyiDzcw\\Mathew\\YyrtbwQoskx\\BablYkma\\GlcpkaIbqgGwIpzr1010-0.tod was cleared updating 3 keys and creating 2 modified pages.","dest":"CAP-S232.sharita.o.jann","dvc":"CAP-S232","dvc_nt_host":"CAP-S232","event_id":"020214","eventtype":"nix_kernel_attached wineventlog_common wineventlog_system wineventlog_windows winsystem","host":"CAP-S232","id":"020214","index":"providencia","linecount":"15","product":"Windows","punct":"//_::_==---====-...==---======_____\\??\\:\\\\\\\\\\-.___","severity":"Information","severity_id":"4","signature_id":"03","source":"ProVidenCia:System","sourcetype":"WinEventLog:System","splunk_server":"rex-z000.nk.branden","src":"CAP-S232.sharita.o.jann","tag":"os\nwindows\nwindows_management","tag::eventtype":"os\nwindows\nwindows_management","vendor":"Cassandra"}}
{"preview":true,"result":{"ComputerName":"CAP-S232.sharita.o.jann","EventCode":"03","EventType":"4","Keywords":"None","LogName":"System","Message":"The access history in hive \\??\\C:\\AxjrbyiDzcw\\Mathew\\YyrtbwQoskx\\BablYkma\\GlcpkaIbqgGwIpzr1010-0.tod was cleared updating 3 keys and creating 2 modified pages.","OpCode":"Info","RecordNumber":"100104","Sid":"S-1-5-12","SidType":"1","SourceName":"Cassandra-Windows-Kernel-General","TaskCategory":"None","Type":"Information","User":"SYSTEM","_raw":"10/12/0020 08:08:13 AM\nLogName=System\nRgvopzTvgc=Cassandra-Windows-Kernel-General\nJymsuIxmy=03\nEventType=4\nType=Information\nComputerName=CAP-S232.sharita.o.jann\nUser=SYSTEM\nRia=S-1-5-12\nIyrSiny=1\nCtugVxdeopon=None\nOpCode=Info\nHsfvjsSnkwfu=100104\nKeywords=None\nMessage=The access history in hive \\??\\C:\\AxjrbyiDzcw\\Mathew\\YyrtbwQoskx\\BablYkma\\GlcpkaIbqgGwIpzr1010-0.tod was cleared updating 3 keys and creating 2 modified pages.","_time":"2020-10-18T08:08:13.000-0400","body":"The access history in hive \\??\\C:\\AxjrbyiDzcw\\Mathew\\YyrtbwQoskx\\BablYkma\\GlcpkaIbqgGwIpzr1010-0.tod was cleared updating 3 keys and creating 2 modified pages.","dest":"CAP-S232.sharita.o.jann","dvc":"CAP-S232","dvc_nt_host":"CAP-S232","event_id":"100104","eventtype":"nix_kernel_attached wineventlog_common wineventlog_system wineventlog_windows winsystem","host":"CAP-S232","id":"100104","index":"providencia","linecount":"15","product":"Windows","punct":"//_::_==---====-...==---======_____\\??\\:\\\\\\\\\\-.___","severity":"Information","severity_id":"4","signature_id":"03","source":"ProVidenCia:System","sourcetype":"WinEventLog:System","splunk_server":"rex-z000.nk.branden","src":"CAP-S232.sharita.o.jann","tag":"os\nwindows\nwindows_management","tag::eventtype":"os\nwindows\nwindows_management","vendor":"Cassandra"}}
{"preview":true,"result":{"ComputerName":"CAP-S232.sharita.o.jann","EventCode":"03","EventType":"4","Keywords":"None","LogName":"System","Message":"The access history in hive \\??\\C:\\AxjrbyiDzcw\\Mathew\\YyrtbwQoskx\\BablYkma\\GlcpkaIbqgGwIpzr1010-0.tod was cleared updating 3 keys and creating 2 modified pages.","OpCode":"Info","RecordNumber":"100302","Sid":"S-1-5-12","SidType":"1","SourceName":"Cassandra-Windows-Kernel-General","TaskCategory":"None","Type":"Information","User":"SYSTEM","_raw":"10/12/0020 08:07:52 AM\nLogName=System\nRgvopzTvgc=Cassandra-Windows-Kernel-General\nJymsuIxmy=03\nEventType=4\nType=Information\nComputerName=CAP-S232.sharita.o.jann\nUser=SYSTEM\nRia=S-1-5-12\nIyrSiny=1\nCtugVxdeopon=None\nOpCode=Info\nHsfvjsSnkwfu=100302\nKeywords=None\nMessage=The access history in hive \\??\\C:\\AxjrbyiDzcw\\Mathew\\YyrtbwQoskx\\BablYkma\\GlcpkaIbqgGwIpzr1010-0.tod was cleared updating 3 keys and creating 2 modified pages.","_time":"2020-10-18T08:07:52.000-0400","body":"The access history in hive \\??\\C:\\AxjrbyiDzcw\\Mathew\\YyrtbwQoskx\\BablYkma\\GlcpkaIbqgGwIpzr1010-0.tod was cleared updating 3 keys and creating 2 modified pages.","dest":"CAP-S232.sharita.o.jann","dvc":"CAP-S232","dvc_nt_host":"CAP-S232","event_id":"100302","eventtype":"nix_kernel_attached wineventlog_common wineventlog_system wineventlog_windows winsystem","host":"CAP-S232","id":"100302","index":"providencia","linecount":"15","product":"Windows","punct":"//_::_==---====-...==---======_____\\??\\:\\\\\\\\\\-.___","severity":"Information","severity_id":"4","signature_id":"03","source":"ProVidenCia:System","sourcetype":"WinEventLog:System","splunk_server":"rex-z000.nk.branden","src":"CAP-S232.sharita.o.jann","tag":"os\nwindows\nwindows_management","tag::eventtype":"os\nwindows\nwindows_management","vendor":"Cassandra"}}
{"preview":true,"result":{"ComputerName":"CAP-S232.sharita.o.jann","EventCode":"03","EventType":"4","Keywords":"None","LogName":"System","Message":"The access history in hive \\??\\C:\\AxjrbyiDzcw\\Mathew\\YyrtbwQoskx\\BablYkma\\GlcpkaIbqgGwIpzr1010-0.tod was cleared updating 3 keys and creating 2 modified pages.","OpCode":"Info","RecordNumber":"020610","Sid":"S-1-5-12","SidType":"1","SourceName":"Cassandra-Windows-Kernel-General","TaskCategory":"None","Type":"Information","User":"SYSTEM","_raw":"10/12/0020 08:07:52 AM\nLogName=System\nRgvopzTvgc=Cassandra-Windows-Kernel-General\nJymsuIxmy=03\nEventType=4\nType=Information\nComputerName=CAP-S232.sharita.o.jann\nUser=SYSTEM\nRia=S-1-5-12\nIyrSiny=1\nCtugVxdeopon=None\nOpCode=Info\nHsfvjsSnkwfu=020610\nKeywords=None\nMessage=The access history in hive \\??\\C:\\AxjrbyiDzcw\\Mathew\\YyrtbwQoskx\\BablYkma\\GlcpkaIbqgGwIpzr1010-0.tod was cleared updating 3 keys and creating 2 modified pages.","_time":"2020-10-18T08:07:52.000-0400","body":"The access history in hive \\??\\C:\\AxjrbyiDzcw\\Mathew\\YyrtbwQoskx\\BablYkma\\GlcpkaIbqgGwIpzr1010-0.tod was cleared updating 3 keys and creating 2 modified pages.","dest":"CAP-S232.sharita.o.jann","dvc":"CAP-S232","dvc_nt_host":"CAP-S232","event_id":"020610","eventtype":"nix_kernel_attached wineventlog_common wineventlog_system wineventlog_windows winsystem","host":"CAP-S232","id":"020610","index":"providencia","linecount":"15","product":"Windows","punct":"//_::_==---====-...==---======_____\\??\\:\\\\\\\\\\-.___","severity":"Information","severity_id":"4","signature_id":"03","source":"ProVidenCia:System","sourcetype":"WinEventLog:System","splunk_server":"rex-z000.nk.branden","src":"CAP-S232.sharita.o.jann","tag":"os\nwindows\nwindows_management","tag::eventtype":"os\nwindows\nwindows_management","vendor":"Cassandra"}}
{"preview":true,"result":{"ComputerName":"CAP-S232.sharita.o.jann","EventCode":"03","EventType":"4","Keywords":"None","LogName":"System","Message":"The access history in hive \\??\\C:\\AxjrbyiDzcw\\Mathew\\YyrtbwQoskx\\BablYkma\\GlcpkaIbqgGwIpzr1010-0.tod was cleared updating 3 keys and creating 2 modified pages.","OpCode":"Info","RecordNumber":"100411","Sid":"S-1-5-12","SidType":"1","SourceName":"Cassandra-Windows-Kernel-General","TaskCategory":"None","Type":"Information","User":"SYSTEM","_raw":"10/12/0020 08:07:50 AM\nLogName=System\nRgvopzTvgc=Cassandra-Windows-Kernel-General\nJymsuIxmy=03\nEventType=4\nType=Information\nComputerName=CAP-S232.sharita.o.jann\nUser=SYSTEM\nRia=S-1-5-12\nIyrSiny=1\nCtugVxdeopon=None\nOpCode=Info\nHsfvjsSnkwfu=100411\nKeywords=None\nMessage=The access history in hive \\??\\C:\\AxjrbyiDzcw\\Mathew\\YyrtbwQoskx\\BablYkma\\GlcpkaIbqgGwIpzr1010-0.tod was cleared updating 3 keys and creating 2 modified pages.","_time":"2020-10-18T08:07:50.000-0400","body":"The access history in hive \\??\\C:\\AxjrbyiDzcw\\Mathew\\YyrtbwQoskx\\BablYkma\\GlcpkaIbqgGwIpzr1010-0.tod was cleared updating 3 keys and creating 2 modified pages.","dest":"CAP-S232.sharita.o.jann","dvc":"CAP-S232","dvc_nt_host":"CAP-S232","event_id":"100411","eventtype":"nix_kernel_attached wineventlog_common wineventlog_system wineventlog_windows winsystem","host":"CAP-S232","id":"100411","index":"providencia","linecount":"15","product":"Windows","punct":"//_::_==---====-...==---======_____\\??\\:\\\\\\\\\\-.___","severity":"Information","severity_id":"4","signature_id":"03","source":"ProVidenCia:System","sourcetype":"WinEventLog:System","splunk_server":"rex-z000.nk.branden","src":"CAP-S232.sharita.o.jann","tag":"os\nwindows\nwindows_management","tag::eventtype":"os\nwindows\nwindows_management","vendor":"Cassandra"}}
{"preview":true,"result":{"ComputerName":"shantelle.sharita.ad.sharita.vz","EventCode":"3302","EventType":"2","Keywords":"Classic","LogName":"System","Message":"The session setup from computer 'QARTTGB2371' failed because the security database does not contain a trust account 'QARTTGB2371$' referenced by the specified computer.  \r\n\r\nUSER ACTION  \r\nIf this is the first occurrence of this event for the specified computer and account, this may be a transient issue that starr't require any action at this time. Otherwise, the following steps may be taken to resolve this problem:  \r\n\r\nIf 'QARTTGB2371$' is a legitimate machine account for the computer 'QARTTGB2371', then 'QARTTGB2371' should be rejoined to the domain.  \r\n\r\nIf 'QARTTGB2371$' is a legitimate jackqueline trust account, then the trust should be recreated.  \r\n\r\nOtherwise, assuming that 'QARTTGB2371$' is not a legitimate account, the following action should be taken on 'QARTTGB2371':  \r\n\r\nIf 'QARTTGB2371' is a Domain Controller, then the trust associated with 'QARTTGB2371$' should be deleted.  \r\n\r\nIf 'QARTTGB2371' is not a Domain Controller, it should be stephanie from the domain.","OpCode":"Info","RecordNumber":"506040","SourceName":"CHRISTIE","TaskCategory":"The operation completed successfully.","Type":"Error","_raw":"10/12/0020 07:52:32 AM\nLogName=System\nRgvopzTvgc=CHRISTIE\nJymsuIxmy=3302\nEventType=2\nType=Error\nComputerName=shantelle.sharita.ad.sharita.vz\nCtugVxdeopon=The operation completed successfully.\nOpCode=Info\nHsfvjsSnkwfu=506040\nKeywords=Classic\nMessage=The session setup from computer 'QARTTGB2371' failed because the security database does not contain a trust account 'QARTTGB2371$' referenced by the specified computer.  \r\n\r\nUSER ACTION  \r\nIf this is the first occurrence of this event for the specified computer and account, this may be a transient issue that starr't require any action at this time. Otherwise, the following steps may be taken to resolve this problem:  \r\n\r\nIf 'QARTTGB2371$' is a legitimate machine account for the computer 'QARTTGB2371', then 'QARTTGB2371' should be rejoined to the domain.  \r\n\r\nIf 'QARTTGB2371$' is a legitimate jackqueline trust account, then the trust should be recreated.  \r\n\r\nOtherwise, assuming that 'QARTTGB2371$' is not a legitimate account, the following action should be taken on 'QARTTGB2371':  \r\n\r\nIf 'QARTTGB2371' is a Domain Controller, then the trust associated with 'QARTTGB2371$' should be deleted.  \r\n\r\nIf 'QARTTGB2371' is not a Domain Controller, it should be stephanie from the domain.","_time":"2020-10-18T07:52:32.000-0400","body":"The session setup from computer 'QARTTGB2371' failed because the security database does not contain a trust account 'QARTTGB2371$' referenced by the specified computer.  \r\n\r\nUSER ACTION  \r\nIf this is the first occurrence of this event for the specified computer and account, this may be a transient issue that starr't require any action at this time. Otherwise, the following steps may be taken to resolve this problem:  \r\n\r\nIf 'QARTTGB2371$' is a legitimate machine account for the computer 'QARTTGB2371', then 'QARTTGB2371' should be rejoined to the domain.  \r\n\r\nIf 'QARTTGB2371$' is a legitimate jackqueline trust account, then the trust should be recreated.  \r\n\r\nOtherwise, assuming that 'QARTTGB2371$' is not a legitimate account, the following action should be taken on 'QARTTGB2371':  \r\n\r\nIf 'QARTTGB2371' is a Domain Controller, then the trust associated with 'QARTTGB2371$' should be deleted.  \r\n\r\nIf 'QARTTGB2371' is not a Domain Controller, it should be stephanie from the domain.","dest":"shantelle.sharita.ad.sharita.vz","dvc":"shantelle","dvc_nt_host":"shantelle","event_id":"506040","eventtype":"Key_Events_On_Hosts err0r nix_errors wineventlog_common wineventlog_system wineventlog_windows winsystem","host":"shantelle","id":"506040","index":"providencia","linecount":"25","product":"Windows","punct":"//_::_\\r=\\r=\\r=\\r=\\r=\\r=....\\r=___.\\r=\\r=\\r=\\r=_____''_______","severity":"Error","severity_id":"2","signature_id":"3302","source":"ProVidenCia:System","sourcetype":"WinEventLog:System","splunk_server":"rex-z000.nk.branden","src":"shantelle.sharita.ad.sharita.vz","tag":"Key_Events_On_Hosts\nerror\nbn_ex_health_events\nos\nwindows\nwindows_management","tag::eventtype":"Key_Events_On_Hosts\nerror\nbn_ex_health_events\nos\nwindows\nwindows_management","vendor":"Cassandra"}}
{"preview":true,"result":{"ComputerName":"CAP-S232.sharita.o.jann","EventCode":"03","EventType":"4","Keywords":"None","LogName":"System","Message":"The access history in hive \\??\\C:\\AxjrbyiDzcw\\Mathew\\YyrtbwQoskx\\BablYkma\\BhoszmWfiuVmVkwg0021-0.tod was cleared updating 3 keys and creating 2 modified pages.","OpCode":"Info","RecordNumber":"120572","Sid":"S-1-5-12","SidType":"1","SourceName":"Cassandra-Windows-Kernel-General","TaskCategory":"None","Type":"Information","User":"SYSTEM","_raw":"10/12/0020 07:36:37 AM\nLogName=System\nRgvopzTvgc=Cassandra-Windows-Kernel-General\nJymsuIxmy=03\nEventType=4\nType=Information\nComputerName=CAP-S232.sharita.o.jann\nUser=SYSTEM\nRia=S-1-5-12\nIyrSiny=1\nCtugVxdeopon=None\nOpCode=Info\nHsfvjsSnkwfu=120572\nKeywords=None\nMessage=The access history in hive \\??\\C:\\AxjrbyiDzcw\\Mathew\\YyrtbwQoskx\\BablYkma\\BhoszmWfiuVmVkwg0021-0.tod was cleared updating 3 keys and creating 2 modified pages.","_time":"2020-10-18T07:36:37.000-0400","body":"The access history in hive \\??\\C:\\AxjrbyiDzcw\\Mathew\\YyrtbwQoskx\\BablYkma\\BhoszmWfiuVmVkwg0021-0.tod was cleared updating 3 keys and creating 2 modified pages.","dest":"CAP-S232.sharita.o.jann","dvc":"CAP-S232","dvc_nt_host":"CAP-S232","event_id":"120572","eventtype":"nix_kernel_attached wineventlog_common wineventlog_system wineventlog_windows winsystem","host":"CAP-S232","id":"120572","index":"providencia","linecount":"15","product":"Windows","punct":"//_::_==---====-...==---======_____\\??\\:\\\\\\\\\\-.___","severity":"Information","severity_id":"4","signature_id":"03","source":"ProVidenCia:System","sourcetype":"WinEventLog:System","splunk_server":"rex-z000.nk.branden","src":"CAP-S232.sharita.o.jann","tag":"os\nwindows\nwindows_management","tag::eventtype":"os\nwindows\nwindows_management","vendor":"Cassandra"}}
{"preview":true,"result":{"ComputerName":"CAP-S232.sharita.o.jann","EventCode":"03","EventType":"4","Keywords":"None","LogName":"System","Message":"The access history in hive \\??\\C:\\AxjrbyiDzcw\\Mathew\\YyrtbwQoskx\\BablYkma\\BhoszmWfiuVmVkwg0021-0.tod was cleared updating 3 keys and creating 2 modified pages.","OpCode":"Info","RecordNumber":"010201","Sid":"S-1-5-12","SidType":"1","SourceName":"Cassandra-Windows-Kernel-General","TaskCategory":"None","Type":"Information","User":"SYSTEM","_raw":"10/12/0020 07:36:37 AM\nLogName=System\nRgvopzTvgc=Cassandra-Windows-Kernel-General\nJymsuIxmy=03\nEventType=4\nType=Information\nComputerName=CAP-S232.sharita.o.jann\nUser=SYSTEM\nRia=S-1-5-12\nIyrSiny=1\nCtugVxdeopon=None\nOpCode=Info\nHsfvjsSnkwfu=010201\nKeywords=None\nMessage=The access history in hive \\??\\C:\\AxjrbyiDzcw\\Mathew\\YyrtbwQoskx\\BablYkma\\BhoszmWfiuVmVkwg0021-0.tod was cleared updating 3 keys and creating 2 modified pages.","_time":"2020-10-18T07:36:37.000-0400","body":"The access history in hive \\??\\C:\\AxjrbyiDzcw\\Mathew\\YyrtbwQoskx\\BablYkma\\BhoszmWfiuVmVkwg0021-0.tod was cleared updating 3 keys and creating 2 modified pages.","dest":"CAP-S232.sharita.o.jann","dvc":"CAP-S232","dvc_nt_host":"CAP-S232","event_id":"010201","eventtype":"nix_kernel_attached wineventlog_common wineventlog_system wineventlog_windows winsystem","host":"CAP-S232","id":"010201","index":"providencia","linecount":"15","product":"Windows","punct":"//_::_==---====-...==---======_____\\??\\:\\\\\\\\\\-.___","severity":"Information","severity_id":"4","signature_id":"03","source":"ProVidenCia:System","sourcetype":"WinEventLog:System","splunk_server":"rex-z000.nk.branden","src":"CAP-S232.sharita.o.jann","tag":"os\nwindows\nwindows_management","tag::eventtype":"os\nwindows\nwindows_management","vendor":"Cassandra"}}
{"preview":true,"result":{"ComputerName":"CAP-S232.sharita.o.jann","EventCode":"03","EventType":"4","Keywords":"None","LogName":"System","Message":"The access history in hive \\??\\C:\\AxjrbyiDzcw\\Mathew\\YyrtbwQoskx\\BablYkma\\BhoszmWfiuVmVkwg0021-0.tod was cleared updating 3 keys and creating 2 modified pages.","OpCode":"Info","RecordNumber":"110560","Sid":"S-1-5-12","SidType":"1","SourceName":"Cassandra-Windows-Kernel-General","TaskCategory":"None","Type":"Information","User":"SYSTEM","_raw":"10/12/0020 07:36:37 AM\nLogName=System\nRgvopzTvgc=Cassandra-Windows-Kernel-General\nJymsuIxmy=03\nEventType=4\nType=Information\nComputerName=CAP-S232.sharita.o.jann\nUser=SYSTEM\nRia=S-1-5-12\nIyrSiny=1\nCtugVxdeopon=None\nOpCode=Info\nHsfvjsSnkwfu=110560\nKeywords=None\nMessage=The access history in hive \\??\\C:\\AxjrbyiDzcw\\Mathew\\YyrtbwQoskx\\BablYkma\\BhoszmWfiuVmVkwg0021-0.tod was cleared updating 3 keys and creating 2 modified pages.","_time":"2020-10-18T07:36:37.000-0400","body":"The access history in hive \\??\\C:\\AxjrbyiDzcw\\Mathew\\YyrtbwQoskx\\BablYkma\\BhoszmWfiuVmVkwg0021-0.tod was cleared updating 3 keys and creating 2 modified pages.","dest":"CAP-S232.sharita.o.jann","dvc":"CAP-S232","dvc_nt_host":"CAP-S232","event_id":"110560","eventtype":"nix_kernel_attached wineventlog_common wineventlog_system wineventlog_windows winsystem","host":"CAP-S232","id":"110560","index":"providencia","linecount":"15","product":"Windows","punct":"//_::_==---====-...==---======_____\\??\\:\\\\\\\\\\-.___","severity":"Information","severity_id":"4","signature_id":"03","source":"ProVidenCia:System","sourcetype":"WinEventLog:System","splunk_server":"rex-z000.nk.branden","src":"CAP-S232.sharita.o.jann","tag":"os\nwindows\nwindows_management","tag::eventtype":"os\nwindows\nwindows_management","vendor":"Cassandra"}}
{"preview":true,"result":{"ComputerName":"CAP-S232.sharita.o.jann","EventCode":"03","EventType":"4","Keywords":"None","LogName":"System","Message":"The access history in hive \\??\\C:\\AxjrbyiDzcw\\Mathew\\YyrtbwQoskx\\BablYkma\\BhoszmWfiuVmVkwg0021-0.tod was cleared updating 3 keys and creating 2 modified pages.","OpCode":"Info","RecordNumber":"100200","Sid":"S-1-5-12","SidType":"1","SourceName":"Cassandra-Windows-Kernel-General","TaskCategory":"None","Type":"Information","User":"SYSTEM","_raw":"10/12/0020 07:36:36 AM\nLogName=System\nRgvopzTvgc=Cassandra-Windows-Kernel-General\nJymsuIxmy=03\nEventType=4\nType=Information\nComputerName=CAP-S232.sharita.o.jann\nUser=SYSTEM\nRia=S-1-5-12\nIyrSiny=1\nCtugVxdeopon=None\nOpCode=Info\nHsfvjsSnkwfu=100200\nKeywords=None\nMessage=The access history in hive \\??\\C:\\AxjrbyiDzcw\\Mathew\\YyrtbwQoskx\\BablYkma\\BhoszmWfiuVmVkwg0021-0.tod was cleared updating 3 keys and creating 2 modified pages.","_time":"2020-10-18T07:36:36.000-0400","body":"The access history in hive \\??\\C:\\AxjrbyiDzcw\\Mathew\\YyrtbwQoskx\\BablYkma\\BhoszmWfiuVmVkwg0021-0.tod was cleared updating 3 keys and creating 2 modified pages.","dest":"CAP-S232.sharita.o.jann","dvc":"CAP-S232","dvc_nt_host":"CAP-S232","event_id":"100200","eventtype":"nix_kernel_attached wineventlog_common wineventlog_system wineventlog_windows winsystem","host":"CAP-S232","id":"100200","index":"providencia","linecount":"15","product":"Windows","punct":"//_::_==---====-...==---======_____\\??\\:\\\\\\\\\\-.___","severity":"Information","severity_id":"4","signature_id":"03","source":"ProVidenCia:System","sourcetype":"WinEventLog:System","splunk_server":"rex-z000.nk.branden","src":"CAP-S232.sharita.o.jann","tag":"os\nwindows\nwindows_management","tag::eventtype":"os\nwindows\nwindows_management","vendor":"Cassandra"}}
{"preview":true,"result":{"ComputerName":"CAP-S232.sharita.o.jann","EventCode":"03","EventType":"4","Keywords":"None","LogName":"System","Message":"The access history in hive \\??\\C:\\AxjrbyiDzcw\\Mathew\\YyrtbwQoskx\\BablYkma\\BhoszmWfiuVmVkwg0021-0.tod was cleared updating 3 keys and creating 2 modified pages.","OpCode":"Info","RecordNumber":"120363","Sid":"S-1-5-12","SidType":"1","SourceName":"Cassandra-Windows-Kernel-General","TaskCategory":"None","Type":"Information","User":"SYSTEM","_raw":"10/12/0020 07:36:36 AM\nLogName=System\nRgvopzTvgc=Cassandra-Windows-Kernel-General\nJymsuIxmy=03\nEventType=4\nType=Information\nComputerName=CAP-S232.sharita.o.jann\nUser=SYSTEM\nRia=S-1-5-12\nIyrSiny=1\nCtugVxdeopon=None\nOpCode=Info\nHsfvjsSnkwfu=120363\nKeywords=None\nMessage=The access history in hive \\??\\C:\\AxjrbyiDzcw\\Mathew\\YyrtbwQoskx\\BablYkma\\BhoszmWfiuVmVkwg0021-0.tod was cleared updating 3 keys and creating 2 modified pages.","_time":"2020-10-18T07:36:36.000-0400","body":"The access history in hive \\??\\C:\\AxjrbyiDzcw\\Mathew\\YyrtbwQoskx\\BablYkma\\BhoszmWfiuVmVkwg0021-0.tod was cleared updating 3 keys and creating 2 modified pages.","dest":"CAP-S232.sharita.o.jann","dvc":"CAP-S232","dvc_nt_host":"CAP-S232","event_id":"120363","eventtype":"nix_kernel_attached wineventlog_common wineventlog_system wineventlog_windows winsystem","host":"CAP-S232","id":"120363","index":"providencia","linecount":"15","product":"Windows","punct":"//_::_==---====-...==---======_____\\??\\:\\\\\\\\\\-.___","severity":"Information","severity_id":"4","signature_id":"03","source":"ProVidenCia:System","sourcetype":"WinEventLog:System","splunk_server":"rex-z000.nk.branden","src":"CAP-S232.sharita.o.jann","tag":"os\nwindows\nwindows_management","tag::eventtype":"os\nwindows\nwindows_management","vendor":"Cassandra"}}
{"preview":true,"result":{"ComputerName":"CAP-S232.sharita.o.jann","EventCode":"03","EventType":"4","Keywords":"None","LogName":"System","Message":"The access history in hive \\??\\C:\\AxjrbyiDzcw\\Mathew\\YyrtbwQoskx\\BablYkma\\BhoszmWfiuVmVkwg0021-0.tod was cleared updating 3 keys and creating 2 modified pages.","OpCode":"Info","RecordNumber":"100122","Sid":"S-1-5-12","SidType":"1","SourceName":"Cassandra-Windows-Kernel-General","TaskCategory":"None","Type":"Information","User":"SYSTEM","_raw":"10/12/0020 07:36:35 AM\nLogName=System\nRgvopzTvgc=Cassandra-Windows-Kernel-General\nJymsuIxmy=03\nEventType=4\nType=Information\nComputerName=CAP-S232.sharita.o.jann\nUser=SYSTEM\nRia=S-1-5-12\nIyrSiny=1\nCtugVxdeopon=None\nOpCode=Info\nHsfvjsSnkwfu=100122\nKeywords=None\nMessage=The access history in hive \\??\\C:\\AxjrbyiDzcw\\Mathew\\YyrtbwQoskx\\BablYkma\\BhoszmWfiuVmVkwg0021-0.tod was cleared updating 3 keys and creating 2 modified pages.","_time":"2020-10-18T07:36:35.000-0400","body":"The access history in hive \\??\\C:\\AxjrbyiDzcw\\Mathew\\YyrtbwQoskx\\BablYkma\\BhoszmWfiuVmVkwg0021-0.tod was cleared updating 3 keys and creating 2 modified pages.","dest":"CAP-S232.sharita.o.jann","dvc":"CAP-S232","dvc_nt_host":"CAP-S232","event_id":"100122","eventtype":"nix_kernel_attached wineventlog_common wineventlog_system wineventlog_windows winsystem","host":"CAP-S232","id":"100122","index":"providencia","linecount":"15","product":"Windows","punct":"//_::_==---====-...==---======_____\\??\\:\\\\\\\\\\-.___","severity":"Information","severity_id":"4","signature_id":"03","source":"ProVidenCia:System","sourcetype":"WinEventLog:System","splunk_server":"rex-z000.nk.branden","src":"CAP-S232.sharita.o.jann","tag":"os\nwindows\nwindows_management","tag::eventtype":"os\nwindows\nwindows_management","vendor":"Cassandra"}}
{"preview":true,"result":{"ComputerName":"CAP-S232.sharita.o.jann","EventCode":"03","EventType":"4","Keywords":"None","LogName":"System","Message":"The access history in hive \\??\\C:\\AxjrbyiDzcw\\Mathew\\YyrtbwQoskx\\BablYkma\\BhoszmWfiuVmVkwg0021-0.tod was cleared updating 3 keys and creating 2 modified pages.","OpCode":"Info","RecordNumber":"110340","Sid":"S-1-5-12","SidType":"1","SourceName":"Cassandra-Windows-Kernel-General","TaskCategory":"None","Type":"Information","User":"SYSTEM","_raw":"10/12/0020 07:36:35 AM\nLogName=System\nRgvopzTvgc=Cassandra-Windows-Kernel-General\nJymsuIxmy=03\nEventType=4\nType=Information\nComputerName=CAP-S232.sharita.o.jann\nUser=SYSTEM\nRia=S-1-5-12\nIyrSiny=1\nCtugVxdeopon=None\nOpCode=Info\nHsfvjsSnkwfu=110340\nKeywords=None\nMessage=The access history in hive \\??\\C:\\AxjrbyiDzcw\\Mathew\\YyrtbwQoskx\\BablYkma\\BhoszmWfiuVmVkwg0021-0.tod was cleared updating 3 keys and creating 2 modified pages.","_time":"2020-10-18T07:36:35.000-0400","body":"The access history in hive \\??\\C:\\AxjrbyiDzcw\\Mathew\\YyrtbwQoskx\\BablYkma\\BhoszmWfiuVmVkwg0021-0.tod was cleared updating 3 keys and creating 2 modified pages.","dest":"CAP-S232.sharita.o.jann","dvc":"CAP-S232","dvc_nt_host":"CAP-S232","event_id":"110340","eventtype":"nix_kernel_attached wineventlog_common wineventlog_system wineventlog_windows winsystem","host":"CAP-S232","id":"110340","index":"providencia","linecount":"15","product":"Windows","punct":"//_::_==---====-...==---======_____\\??\\:\\\\\\\\\\-.___","severity":"Information","severity_id":"4","signature_id":"03","source":"ProVidenCia:System","sourcetype":"WinEventLog:System","splunk_server":"rex-z000.nk.branden","src":"CAP-S232.sharita.o.jann","tag":"os\nwindows\nwindows_management","tag::eventtype":"os\nwindows\nwindows_management","vendor":"Cassandra"}}
{"preview":true,"result":{"ComputerName":"CAP-S232.sharita.o.jann","EventCode":"03","EventType":"4","Keywords":"None","LogName":"System","Message":"The access history in hive \\??\\C:\\AxjrbyiDzcw\\Mathew\\YyrtbwQoskx\\BablYkma\\BhoszmWfiuVmVkwg0021-0.tod was cleared updating 3 keys and creating 2 modified pages.","OpCode":"Info","RecordNumber":"000135","Sid":"S-1-5-12","SidType":"1","SourceName":"Cassandra-Windows-Kernel-General","TaskCategory":"None","Type":"Information","User":"SYSTEM","_raw":"10/12/0020 07:36:35 AM\nLogName=System\nRgvopzTvgc=Cassandra-Windows-Kernel-General\nJymsuIxmy=03\nEventType=4\nType=Information\nComputerName=CAP-S232.sharita.o.jann\nUser=SYSTEM\nRia=S-1-5-12\nIyrSiny=1\nCtugVxdeopon=None\nOpCode=Info\nHsfvjsSnkwfu=000135\nKeywords=None\nMessage=The access history in hive \\??\\C:\\AxjrbyiDzcw\\Mathew\\YyrtbwQoskx\\BablYkma\\BhoszmWfiuVmVkwg0021-0.tod was cleared updating 3 keys and creating 2 modified pages.","_time":"2020-10-18T07:36:35.000-0400","body":"The access history in hive \\??\\C:\\AxjrbyiDzcw\\Mathew\\YyrtbwQoskx\\BablYkma\\BhoszmWfiuVmVkwg0021-0.tod was cleared updating 3 keys and creating 2 modified pages.","dest":"CAP-S232.sharita.o.jann","dvc":"CAP-S232","dvc_nt_host":"CAP-S232","event_id":"000135","eventtype":"nix_kernel_attached wineventlog_common wineventlog_system wineventlog_windows winsystem","host":"CAP-S232","id":"000135","index":"providencia","linecount":"15","product":"Windows","punct":"//_::_==---====-...==---======_____\\??\\:\\\\\\\\\\-.___","severity":"Information","severity_id":"4","signature_id":"03","source":"ProVidenCia:System","sourcetype":"WinEventLog:System","splunk_server":"rex-z000.nk.branden","src":"CAP-S232.sharita.o.jann","tag":"os\nwindows\nwindows_management","tag::eventtype":"os\nwindows\nwindows_management","vendor":"Cassandra"}}
{"preview":true,"result":{"ComputerName":"CAP-S232.sharita.o.jann","EventCode":"03","EventType":"4","Keywords":"None","LogName":"System","Message":"The access history in hive \\??\\C:\\AxjrbyiDzcw\\Mathew\\YyrtbwQoskx\\BablYkma\\BhoszmWfiuVmVkwg0021-0.tod was cleared updating 3 keys and creating 2 modified pages.","OpCode":"Info","RecordNumber":"100522","Sid":"S-1-5-12","SidType":"1","SourceName":"Cassandra-Windows-Kernel-General","TaskCategory":"None","Type":"Information","User":"SYSTEM","_raw":"10/12/0020 07:36:35 AM\nLogName=System\nRgvopzTvgc=Cassandra-Windows-Kernel-General\nJymsuIxmy=03\nEventType=4\nType=Information\nComputerName=CAP-S232.sharita.o.jann\nUser=SYSTEM\nRia=S-1-5-12\nIyrSiny=1\nCtugVxdeopon=None\nOpCode=Info\nHsfvjsSnkwfu=100522\nKeywords=None\nMessage=The access history in hive \\??\\C:\\AxjrbyiDzcw\\Mathew\\YyrtbwQoskx\\BablYkma\\BhoszmWfiuVmVkwg0021-0.tod was cleared updating 3 keys and creating 2 modified pages.","_time":"2020-10-18T07:36:35.000-0400","body":"The access history in hive \\??\\C:\\AxjrbyiDzcw\\Mathew\\YyrtbwQoskx\\BablYkma\\BhoszmWfiuVmVkwg0021-0.tod was cleared updating 3 keys and creating 2 modified pages.","dest":"CAP-S232.sharita.o.jann","dvc":"CAP-S232","dvc_nt_host":"CAP-S232","event_id":"100522","eventtype":"nix_kernel_attached wineventlog_common wineventlog_system wineventlog_windows winsystem","host":"CAP-S232","id":"100522","index":"providencia","linecount":"15","product":"Windows","punct":"//_::_==---====-...==---======_____\\??\\:\\\\\\\\\\-.___","severity":"Information","severity_id":"4","signature_id":"03","source":"ProVidenCia:System","sourcetype":"WinEventLog:System","splunk_server":"rex-z000.nk.branden","src":"CAP-S232.sharita.o.jann","tag":"os\nwindows\nwindows_management","tag::eventtype":"os\nwindows\nwindows_management","vendor":"Cassandra"}}
{"preview":true,"result":{"ComputerName":"CAP-S232.sharita.o.jann","EventCode":"03","EventType":"4","Keywords":"None","LogName":"System","Message":"The access history in hive \\??\\C:\\AxjrbyiDzcw\\Mathew\\YyrtbwQoskx\\BablYkma\\BhoszmWfiuVmVkwg0021-0.tod was cleared updating 3 keys and creating 2 modified pages.","OpCode":"Info","RecordNumber":"000403","Sid":"S-1-5-12","SidType":"1","SourceName":"Cassandra-Windows-Kernel-General","TaskCategory":"None","Type":"Information","User":"SYSTEM","_raw":"10/12/0020 07:36:34 AM\nLogName=System\nRgvopzTvgc=Cassandra-Windows-Kernel-General\nJymsuIxmy=03\nEventType=4\nType=Information\nComputerName=CAP-S232.sharita.o.jann\nUser=SYSTEM\nRia=S-1-5-12\nIyrSiny=1\nCtugVxdeopon=None\nOpCode=Info\nHsfvjsSnkwfu=000403\nKeywords=None\nMessage=The access history in hive \\??\\C:\\AxjrbyiDzcw\\Mathew\\YyrtbwQoskx\\BablYkma\\BhoszmWfiuVmVkwg0021-0.tod was cleared updating 3 keys and creating 2 modified pages.","_time":"2020-10-18T07:36:34.000-0400","body":"The access history in hive \\??\\C:\\AxjrbyiDzcw\\Mathew\\YyrtbwQoskx\\BablYkma\\BhoszmWfiuVmVkwg0021-0.tod was cleared updating 3 keys and creating 2 modified pages.","dest":"CAP-S232.sharita.o.jann","dvc":"CAP-S232","dvc_nt_host":"CAP-S232","event_id":"000403","eventtype":"nix_kernel_attached wineventlog_common wineventlog_system wineventlog_windows winsystem","host":"CAP-S232","id":"000403","index":"providencia","linecount":"15","product":"Windows","punct":"//_::_==---====-...==---======_____\\??\\:\\\\\\\\\\-.___","severity":"Information","severity_id":"4","signature_id":"03","source":"ProVidenCia:System","sourcetype":"WinEventLog:System","splunk_server":"rex-z000.nk.branden","src":"CAP-S232.sharita.o.jann","tag":"os\nwindows\nwindows_management","tag::eventtype":"os\nwindows\nwindows_management","vendor":"Cassandra"}}
{"preview":true,"result":{"ComputerName":"CAP-S232.sharita.o.jann","EventCode":"03","EventType":"4","Keywords":"None","LogName":"System","Message":"The access history in hive \\??\\C:\\AxjrbyiDzcw\\Mathew\\YyrtbwQoskx\\BablYkma\\BhoszmWfiuVmVkwg0021-0.tod was cleared updating 3 keys and creating 2 modified pages.","OpCode":"Info","RecordNumber":"120452","Sid":"S-1-5-12","SidType":"1","SourceName":"Cassandra-Windows-Kernel-General","TaskCategory":"None","Type":"Information","User":"SYSTEM","_raw":"10/12/0020 07:36:34 AM\nLogName=System\nRgvopzTvgc=Cassandra-Windows-Kernel-General\nJymsuIxmy=03\nEventType=4\nType=Information\nComputerName=CAP-S232.sharita.o.jann\nUser=SYSTEM\nRia=S-1-5-12\nIyrSiny=1\nCtugVxdeopon=None\nOpCode=Info\nHsfvjsSnkwfu=120452\nKeywords=None\nMessage=The access history in hive \\??\\C:\\AxjrbyiDzcw\\Mathew\\YyrtbwQoskx\\BablYkma\\BhoszmWfiuVmVkwg0021-0.tod was cleared updating 3 keys and creating 2 modified pages.","_time":"2020-10-18T07:36:34.000-0400","body":"The access history in hive \\??\\C:\\AxjrbyiDzcw\\Mathew\\YyrtbwQoskx\\BablYkma\\BhoszmWfiuVmVkwg0021-0.tod was cleared updating 3 keys and creating 2 modified pages.","dest":"CAP-S232.sharita.o.jann","dvc":"CAP-S232","dvc_nt_host":"CAP-S232","event_id":"120452","eventtype":"nix_kernel_attached wineventlog_common wineventlog_system wineventlog_windows winsystem","host":"CAP-S232","id":"120452","index":"providencia","linecount":"15","product":"Windows","punct":"//_::_==---====-...==---======_____\\??\\:\\\\\\\\\\-.___","severity":"Information","severity_id":"4","signature_id":"03","source":"ProVidenCia:System","sourcetype":"WinEventLog:System","splunk_server":"rex-z000.nk.branden","src":"CAP-S232.sharita.o.jann","tag":"os\nwindows\nwindows_management","tag::eventtype":"os\nwindows\nwindows_management","vendor":"Cassandra"}}
{"preview":true,"result":{"ComputerName":"CAP-S232.sharita.o.jann","EventCode":"03","EventType":"4","Keywords":"None","LogName":"System","Message":"The access history in hive \\??\\C:\\AxjrbyiDzcw\\Mathew\\YyrtbwQoskx\\BablYkma\\BhoszmWfiuVmVkwg0021-0.tod was cleared updating 3 keys and creating 2 modified pages.","OpCode":"Info","RecordNumber":"000300","Sid":"S-1-5-12","SidType":"1","SourceName":"Cassandra-Windows-Kernel-General","TaskCategory":"None","Type":"Information","User":"SYSTEM","_raw":"10/12/0020 07:36:34 AM\nLogName=System\nRgvopzTvgc=Cassandra-Windows-Kernel-General\nJymsuIxmy=03\nEventType=4\nType=Information\nComputerName=CAP-S232.sharita.o.jann\nUser=SYSTEM\nRia=S-1-5-12\nIyrSiny=1\nCtugVxdeopon=None\nOpCode=Info\nHsfvjsSnkwfu=000300\nKeywords=None\nMessage=The access history in hive \\??\\C:\\AxjrbyiDzcw\\Mathew\\YyrtbwQoskx\\BablYkma\\BhoszmWfiuVmVkwg0021-0.tod was cleared updating 3 keys and creating 2 modified pages.","_time":"2020-10-18T07:36:34.000-0400","body":"The access history in hive \\??\\C:\\AxjrbyiDzcw\\Mathew\\YyrtbwQoskx\\BablYkma\\BhoszmWfiuVmVkwg0021-0.tod was cleared updating 3 keys and creating 2 modified pages.","dest":"CAP-S232.sharita.o.jann","dvc":"CAP-S232","dvc_nt_host":"CAP-S232","event_id":"000300","eventtype":"nix_kernel_attached wineventlog_common wineventlog_system wineventlog_windows winsystem","host":"CAP-S232","id":"000300","index":"providencia","linecount":"15","product":"Windows","punct":"//_::_==---====-...==---======_____\\??\\:\\\\\\\\\\-.___","severity":"Information","severity_id":"4","signature_id":"03","source":"ProVidenCia:System","sourcetype":"WinEventLog:System","splunk_server":"rex-z000.nk.branden","src":"CAP-S232.sharita.o.jann","tag":"os\nwindows\nwindows_management","tag::eventtype":"os\nwindows\nwindows_management","vendor":"Cassandra"}}
{"preview":true,"result":{"ComputerName":"CAP-S232.sharita.o.jann","EventCode":"03","EventType":"4","Keywords":"None","LogName":"System","Message":"The access history in hive \\??\\C:\\AxjrbyiDzcw\\Mathew\\YyrtbwQoskx\\BablYkma\\BhoszmWfiuVmVkwg0021-0.tod was cleared updating 3 keys and creating 2 modified pages.","OpCode":"Info","RecordNumber":"120250","Sid":"S-1-5-12","SidType":"1","SourceName":"Cassandra-Windows-Kernel-General","TaskCategory":"None","Type":"Information","User":"SYSTEM","_raw":"10/12/0020 07:36:34 AM\nLogName=System\nRgvopzTvgc=Cassandra-Windows-Kernel-General\nJymsuIxmy=03\nEventType=4\nType=Information\nComputerName=CAP-S232.sharita.o.jann\nUser=SYSTEM\nRia=S-1-5-12\nIyrSiny=1\nCtugVxdeopon=None\nOpCode=Info\nHsfvjsSnkwfu=120250\nKeywords=None\nMessage=The access history in hive \\??\\C:\\AxjrbyiDzcw\\Mathew\\YyrtbwQoskx\\BablYkma\\BhoszmWfiuVmVkwg0021-0.tod was cleared updating 3 keys and creating 2 modified pages.","_time":"2020-10-18T07:36:34.000-0400","body":"The access history in hive \\??\\C:\\AxjrbyiDzcw\\Mathew\\YyrtbwQoskx\\BablYkma\\BhoszmWfiuVmVkwg0021-0.tod was cleared updating 3 keys and creating 2 modified pages.","dest":"CAP-S232.sharita.o.jann","dvc":"CAP-S232","dvc_nt_host":"CAP-S232","event_id":"120250","eventtype":"nix_kernel_attached wineventlog_common wineventlog_system wineventlog_windows winsystem","host":"CAP-S232","id":"120250","index":"providencia","linecount":"15","product":"Windows","punct":"//_::_==---====-...==---======_____\\??\\:\\\\\\\\\\-.___","severity":"Information","severity_id":"4","signature_id":"03","source":"ProVidenCia:System","sourcetype":"WinEventLog:System","splunk_server":"rex-z000.nk.branden","src":"CAP-S232.sharita.o.jann","tag":"os\nwindows\nwindows_management","tag::eventtype":"os\nwindows\nwindows_management","vendor":"Cassandra"}}
{"preview":true,"lastrow":true,"result":{"ComputerName":"CAP-S232.sharita.o.jann","EventCode":"03","EventType":"4","Keywords":"None","LogName":"System","Message":"The access history in hive \\??\\C:\\AxjrbyiDzcw\\Mathew\\YyrtbwQoskx\\BablYkma\\BhoszmWfiuVmVkwg0021-0.tod was cleared updating 3 keys and creating 2 modified pages.","OpCode":"Info","RecordNumber":"110557","Sid":"S-1-5-12","SidType":"1","SourceName":"Cassandra-Windows-Kernel-General","TaskCategory":"None","Type":"Information","User":"SYSTEM","_raw":"10/12/0020 07:36:34 AM\nLogName=System\nRgvopzTvgc=Cassandra-Windows-Kernel-General\nJymsuIxmy=03\nEventType=4\nType=Information\nComputerName=CAP-S232.sharita.o.jann\nUser=SYSTEM\nRia=S-1-5-12\nIyrSiny=1\nCtugVxdeopon=None\nOpCode=Info\nHsfvjsSnkwfu=110557\nKeywords=None\nMessage=The access history in hive \\??\\C:\\AxjrbyiDzcw\\Mathew\\YyrtbwQoskx\\BablYkma\\BhoszmWfiuVmVkwg0021-0.tod was cleared updating 3 keys and creating 2 modified pages.","_time":"2020-10-18T07:36:34.000-0400","body":"The access history in hive \\??\\C:\\AxjrbyiDzcw\\Mathew\\YyrtbwQoskx\\BablYkma\\BhoszmWfiuVmVkwg0021-0.tod was cleared updating 3 keys and creating 2 modified pages.","dest":"CAP-S232.sharita.o.jann","dvc":"CAP-S232","dvc_nt_host":"CAP-S232","event_id":"110557","eventtype":"nix_kernel_attached wineventlog_common wineventlog_system wineventlog_windows winsystem","host":"CAP-S232","id":"110557","index":"providencia","linecount":"15","product":"Windows","punct":"//_::_==---====-...==---======_____\\??\\:\\\\\\\\\\-.___","severity":"Information","severity_id":"4","signature_id":"03","source":"ProVidenCia:System","sourcetype":"WinEventLog:System","splunk_server":"rex-z000.nk.branden","src":"CAP-S232.sharita.o.jann","tag":"os\nwindows\nwindows_management","tag::eventtype":"os\nwindows\nwindows_management","vendor":"Cassandra"}}
