{"preview":true,"result":{"ComputerName":"madelaine.chantel.ad.chantel.ub","EventCode":"1001","EventType":"4","Keywords":"None","LogName":"System","Message":"The Group Policy settings for the computer were processed successfully. New settings from 11 Group Policy objects were detected and applied.","OpCode":"Start","RecordNumber":"207662","Sid":"S-1-5-15","SidType":"0","SourceName":"Salvatore-Windows-LwbrdLadkgk","TaskCategory":"None","Type":"Information","User":"NOT_TRANSLATED","_raw":"06/15/2020 10:04:32 PM\nLogName=System\nRhpqmnVflz=Salvatore-Windows-LwbrdLadkgk\nStwxmMqfg=1001\nEventType=4\nType=Information\nComputerName=madelaine.chantel.ad.chantel.ub\nUser=NOT_TRANSLATED\nKit=S-1-5-15\nPegYmtf=0\nWwzpIrqtfssz=None\nOpCode=Start\nVdtzufVjledg=207662\nKeywords=None\nMessage=The Group Policy settings for the computer were processed successfully. New settings from 11 Group Policy objects were detected and applied.","_time":"2020-09-18T22:04:32.000-0400","body":"The Group Policy settings for the computer were processed successfully. New settings from 11 Group Policy objects were detected and applied.","dest":"madelaine.chantel.ad.chantel.ub","dvc":"madelaine","dvc_nt_host":"madelaine","event_id":"207662","eventtype":"wineventlog_common wineventlog_system wineventlog_windows winsystem","host":"madelaine","id":"207662","index":"christopher","linecount":"15","product":"Windows","punct":"//_::_\\r=\\r=--\\r=\\r=\\r=\\r=....\\r=\\r=---\\r=\\r=\\r=\\r=\\r=\\r=_______","severity":"Information","severity_id":"4","signature_id":"1001","source":"ChrIstopHer:System","sourcetype":"WinEventLog:System","splunk_server":"tim-l107.pz.woodrow","src":"madelaine.chantel.ad.chantel.ub","tag":"os\nwindows\nwindows_management","tag::eventtype":"os\nwindows\nwindows_management","vendor":"Salvatore"}}
{"preview":true,"result":{"ComputerName":"madelaine.chantel.ad.chantel.ub","EventCode":"1001","EventType":"4","Keywords":"None","LogName":"System","Message":"The Group Policy settings for the computer were processed successfully. New settings from 11 Group Policy objects were detected and applied.","OpCode":"Start","RecordNumber":"403212","Sid":"S-1-5-15","SidType":"0","SourceName":"Salvatore-Windows-LwbrdLadkgk","TaskCategory":"None","Type":"Information","User":"NOT_TRANSLATED","_raw":"06/15/2020 09:38:52 PM\nLogName=System\nRhpqmnVflz=Salvatore-Windows-LwbrdLadkgk\nStwxmMqfg=1001\nEventType=4\nType=Information\nComputerName=madelaine.chantel.ad.chantel.ub\nUser=NOT_TRANSLATED\nKit=S-1-5-15\nPegYmtf=0\nWwzpIrqtfssz=None\nOpCode=Start\nVdtzufVjledg=403212\nKeywords=None\nMessage=The Group Policy settings for the computer were processed successfully. New settings from 11 Group Policy objects were detected and applied.","_time":"2020-09-18T21:38:52.000-0400","body":"The Group Policy settings for the computer were processed successfully. New settings from 11 Group Policy objects were detected and applied.","dest":"madelaine.chantel.ad.chantel.ub","dvc":"madelaine","dvc_nt_host":"madelaine","event_id":"403212","eventtype":"wineventlog_common wineventlog_system wineventlog_windows winsystem","host":"madelaine","id":"403212","index":"christopher","linecount":"15","product":"Windows","punct":"//_::_\\r=\\r=--\\r=\\r=\\r=\\r=....\\r=\\r=---\\r=\\r=\\r=\\r=\\r=\\r=_______","severity":"Information","severity_id":"4","signature_id":"1001","source":"ChrIstopHer:System","sourcetype":"WinEventLog:System","splunk_server":"tim-l107.pz.woodrow","src":"madelaine.chantel.ad.chantel.ub","tag":"os\nwindows\nwindows_management","tag::eventtype":"os\nwindows\nwindows_management","vendor":"Salvatore"}}
{"preview":true,"result":{"ComputerName":"madelaine.chantel.ad.chantel.ub","EventCode":"1001","EventType":"4","Keywords":"None","LogName":"System","Message":"The Group Policy settings for the computer were processed successfully. New settings from 11 Group Policy objects were detected and applied.","OpCode":"Start","RecordNumber":"001710","Sid":"S-1-5-15","SidType":"0","SourceName":"Salvatore-Windows-LwbrdLadkgk","TaskCategory":"None","Type":"Information","User":"NOT_TRANSLATED","_raw":"06/15/2020 09:28:36 PM\nLogName=System\nRhpqmnVflz=Salvatore-Windows-LwbrdLadkgk\nStwxmMqfg=1001\nEventType=4\nType=Information\nComputerName=madelaine.chantel.ad.chantel.ub\nUser=NOT_TRANSLATED\nKit=S-1-5-15\nPegYmtf=0\nWwzpIrqtfssz=None\nOpCode=Start\nVdtzufVjledg=001710\nKeywords=None\nMessage=The Group Policy settings for the computer were processed successfully. New settings from 11 Group Policy objects were detected and applied.","_time":"2020-09-18T21:28:36.000-0400","body":"The Group Policy settings for the computer were processed successfully. New settings from 11 Group Policy objects were detected and applied.","dest":"madelaine.chantel.ad.chantel.ub","dvc":"madelaine","dvc_nt_host":"madelaine","event_id":"001710","eventtype":"wineventlog_common wineventlog_system wineventlog_windows winsystem","host":"madelaine","id":"001710","index":"christopher","linecount":"15","product":"Windows","punct":"//_::_\\r=\\r=--\\r=\\r=\\r=\\r=....\\r=\\r=---\\r=\\r=\\r=\\r=\\r=\\r=_______","severity":"Information","severity_id":"4","signature_id":"1001","source":"ChrIstopHer:System","sourcetype":"WinEventLog:System","splunk_server":"tim-l107.pz.woodrow","src":"madelaine.chantel.ad.chantel.ub","tag":"os\nwindows\nwindows_management","tag::eventtype":"os\nwindows\nwindows_management","vendor":"Salvatore"}}
{"preview":true,"result":{"ComputerName":"madelaine.chantel.ad.chantel.ub","EventCode":"1001","EventType":"4","Keywords":"None","LogName":"System","Message":"The Group Policy settings for the computer were processed successfully. New settings from 11 Group Policy objects were detected and applied.","OpCode":"Start","RecordNumber":"501759","Sid":"S-1-5-15","SidType":"0","SourceName":"Salvatore-Windows-LwbrdLadkgk","TaskCategory":"None","Type":"Information","User":"NOT_TRANSLATED","_raw":"06/15/2020 09:23:28 PM\nLogName=System\nRhpqmnVflz=Salvatore-Windows-LwbrdLadkgk\nStwxmMqfg=1001\nEventType=4\nType=Information\nComputerName=madelaine.chantel.ad.chantel.ub\nUser=NOT_TRANSLATED\nKit=S-1-5-15\nPegYmtf=0\nWwzpIrqtfssz=None\nOpCode=Start\nVdtzufVjledg=501759\nKeywords=None\nMessage=The Group Policy settings for the computer were processed successfully. New settings from 11 Group Policy objects were detected and applied.","_time":"2020-09-18T21:23:28.000-0400","body":"The Group Policy settings for the computer were processed successfully. New settings from 11 Group Policy objects were detected and applied.","dest":"madelaine.chantel.ad.chantel.ub","dvc":"madelaine","dvc_nt_host":"madelaine","event_id":"501759","eventtype":"wineventlog_common wineventlog_system wineventlog_windows winsystem","host":"madelaine","id":"501759","index":"christopher","linecount":"15","product":"Windows","punct":"//_::_\\r=\\r=--\\r=\\r=\\r=\\r=....\\r=\\r=---\\r=\\r=\\r=\\r=\\r=\\r=_______","severity":"Information","severity_id":"4","signature_id":"1001","source":"ChrIstopHer:System","sourcetype":"WinEventLog:System","splunk_server":"tim-l107.pz.woodrow","src":"madelaine.chantel.ad.chantel.ub","tag":"os\nwindows\nwindows_management","tag::eventtype":"os\nwindows\nwindows_management","vendor":"Salvatore"}}
{"preview":true,"result":{"ComputerName":"madelaine.chantel.ad.chantel.ub","EventCode":"3211","EventType":"2","Keywords":"Classic","LogName":"System","Message":"The session setup from the computer 1216-E2231 failed to authenticate. The name(s) of the account(s) referenced in the security database is 1216-E2231$.  The following error occurred: \r\nAccess is denied.","OpCode":"Info","RecordNumber":"407734","SourceName":"BERNETTA","TaskCategory":"The operation completed successfully.","Type":"Error","_raw":"06/15/2020 09:11:51 PM\nLogName=System\nRhpqmnVflz=BERNETTA\nStwxmMqfg=3211\nEventType=2\nType=Error\nComputerName=madelaine.chantel.ad.chantel.ub\nWwzpIrqtfssz=The operation completed successfully.\nOpCode=Info\nVdtzufVjledg=407734\nKeywords=Classic\nMessage=The session setup from the computer 1216-E2231 failed to authenticate. The name(s) of the account(s) referenced in the security database is 1216-E2231$.  The following error occurred: \r\nAccess is denied.","_time":"2020-09-18T21:11:51.000-0400","body":"The session setup from the computer 1216-E2231 failed to authenticate. The name(s) of the account(s) referenced in the security database is 1216-E2231$.  The following error occurred: \r\nAccess is denied.","dest":"madelaine.chantel.ad.chantel.ub","dvc":"madelaine","dvc_nt_host":"madelaine","event_id":"407734","eventtype":"Key_Events_On_Hosts err0r nix_errors wineventlog_common wineventlog_system wineventlog_windows winsystem","host":"madelaine","id":"407734","index":"christopher","linecount":"13","product":"Windows","punct":"//_::_\\r=\\r=\\r=\\r=\\r=\\r=....\\r=___.\\r=\\r=\\r=\\r=______-___.__(","severity":"Error","severity_id":"2","signature_id":"3211","source":"ChrIstopHer:System","sourcetype":"WinEventLog:System","splunk_server":"tim-l107.pz.woodrow","src":"madelaine.chantel.ad.chantel.ub","tag":"Key_Events_On_Hosts\nerror\nrh_ex_health_events\nos\nwindows\nwindows_management","tag::eventtype":"Key_Events_On_Hosts\nerror\nrh_ex_health_events\nos\nwindows\nwindows_management","vendor":"Salvatore"}}
{"preview":true,"result":{"ComputerName":"madelaine.chantel.ad.chantel.ub","EventCode":"1001","EventType":"4","Keywords":"None","LogName":"System","Message":"The Group Policy settings for the computer were processed successfully. New settings from 11 Group Policy objects were detected and applied.","OpCode":"Start","RecordNumber":"204413","Sid":"S-1-5-15","SidType":"0","SourceName":"Salvatore-Windows-LwbrdLadkgk","TaskCategory":"None","Type":"Information","User":"NOT_TRANSLATED","_raw":"06/15/2020 08:57:48 PM\nLogName=System\nRhpqmnVflz=Salvatore-Windows-LwbrdLadkgk\nStwxmMqfg=1001\nEventType=4\nType=Information\nComputerName=madelaine.chantel.ad.chantel.ub\nUser=NOT_TRANSLATED\nKit=S-1-5-15\nPegYmtf=0\nWwzpIrqtfssz=None\nOpCode=Start\nVdtzufVjledg=204413\nKeywords=None\nMessage=The Group Policy settings for the computer were processed successfully. New settings from 11 Group Policy objects were detected and applied.","_time":"2020-09-18T20:57:48.000-0400","body":"The Group Policy settings for the computer were processed successfully. New settings from 11 Group Policy objects were detected and applied.","dest":"madelaine.chantel.ad.chantel.ub","dvc":"madelaine","dvc_nt_host":"madelaine","event_id":"204413","eventtype":"wineventlog_common wineventlog_system wineventlog_windows winsystem","host":"madelaine","id":"204413","index":"christopher","linecount":"15","product":"Windows","punct":"//_::_\\r=\\r=--\\r=\\r=\\r=\\r=....\\r=\\r=---\\r=\\r=\\r=\\r=\\r=\\r=_______","severity":"Information","severity_id":"4","signature_id":"1001","source":"ChrIstopHer:System","sourcetype":"WinEventLog:System","splunk_server":"tim-l107.pz.woodrow","src":"madelaine.chantel.ad.chantel.ub","tag":"os\nwindows\nwindows_management","tag::eventtype":"os\nwindows\nwindows_management","vendor":"Salvatore"}}
{"preview":true,"result":{"ComputerName":"madelaine.chantel.ad.chantel.ub","EventCode":"1001","EventType":"4","Keywords":"None","LogName":"System","Message":"The Group Policy settings for the computer were processed successfully. New settings from 11 Group Policy objects were detected and applied.","OpCode":"Start","RecordNumber":"002352","Sid":"S-1-5-15","SidType":"0","SourceName":"Salvatore-Windows-LwbrdLadkgk","TaskCategory":"None","Type":"Information","User":"NOT_TRANSLATED","_raw":"06/15/2020 08:37:17 PM\nLogName=System\nRhpqmnVflz=Salvatore-Windows-LwbrdLadkgk\nStwxmMqfg=1001\nEventType=4\nType=Information\nComputerName=madelaine.chantel.ad.chantel.ub\nUser=NOT_TRANSLATED\nKit=S-1-5-15\nPegYmtf=0\nWwzpIrqtfssz=None\nOpCode=Start\nVdtzufVjledg=002352\nKeywords=None\nMessage=The Group Policy settings for the computer were processed successfully. New settings from 11 Group Policy objects were detected and applied.","_time":"2020-09-18T20:37:17.000-0400","body":"The Group Policy settings for the computer were processed successfully. New settings from 11 Group Policy objects were detected and applied.","dest":"madelaine.chantel.ad.chantel.ub","dvc":"madelaine","dvc_nt_host":"madelaine","event_id":"002352","eventtype":"wineventlog_common wineventlog_system wineventlog_windows winsystem","host":"madelaine","id":"002352","index":"christopher","linecount":"15","product":"Windows","punct":"//_::_\\r=\\r=--\\r=\\r=\\r=\\r=....\\r=\\r=---\\r=\\r=\\r=\\r=\\r=\\r=_______","severity":"Information","severity_id":"4","signature_id":"1001","source":"ChrIstopHer:System","sourcetype":"WinEventLog:System","splunk_server":"tim-l107.pz.woodrow","src":"madelaine.chantel.ad.chantel.ub","tag":"os\nwindows\nwindows_management","tag::eventtype":"os\nwindows\nwindows_management","vendor":"Salvatore"}}
{"preview":true,"result":{"ComputerName":"madelaine.chantel.ad.chantel.ub","EventCode":"1001","EventType":"4","Keywords":"None","LogName":"System","Message":"The Group Policy settings for the computer were processed successfully. New settings from 11 Group Policy objects were detected and applied.","OpCode":"Start","RecordNumber":"203852","Sid":"S-1-5-15","SidType":"0","SourceName":"Salvatore-Windows-LwbrdLadkgk","TaskCategory":"None","Type":"Information","User":"NOT_TRANSLATED","_raw":"06/15/2020 08:32:08 PM\nLogName=System\nRhpqmnVflz=Salvatore-Windows-LwbrdLadkgk\nStwxmMqfg=1001\nEventType=4\nType=Information\nComputerName=madelaine.chantel.ad.chantel.ub\nUser=NOT_TRANSLATED\nKit=S-1-5-15\nPegYmtf=0\nWwzpIrqtfssz=None\nOpCode=Start\nVdtzufVjledg=203852\nKeywords=None\nMessage=The Group Policy settings for the computer were processed successfully. New settings from 11 Group Policy objects were detected and applied.","_time":"2020-09-18T20:32:08.000-0400","body":"The Group Policy settings for the computer were processed successfully. New settings from 11 Group Policy objects were detected and applied.","dest":"madelaine.chantel.ad.chantel.ub","dvc":"madelaine","dvc_nt_host":"madelaine","event_id":"203852","eventtype":"wineventlog_common wineventlog_system wineventlog_windows winsystem","host":"madelaine","id":"203852","index":"christopher","linecount":"15","product":"Windows","punct":"//_::_\\r=\\r=--\\r=\\r=\\r=\\r=....\\r=\\r=---\\r=\\r=\\r=\\r=\\r=\\r=_______","severity":"Information","severity_id":"4","signature_id":"1001","source":"ChrIstopHer:System","sourcetype":"WinEventLog:System","splunk_server":"tim-l107.pz.woodrow","src":"madelaine.chantel.ad.chantel.ub","tag":"os\nwindows\nwindows_management","tag::eventtype":"os\nwindows\nwindows_management","vendor":"Salvatore"}}
{"preview":true,"result":{"ComputerName":"madelaine.chantel.ad.chantel.ub","EventCode":"1001","EventType":"4","Keywords":"None","LogName":"System","Message":"The Group Policy settings for the computer were processed successfully. New settings from 11 Group Policy objects were detected and applied.","OpCode":"Start","RecordNumber":"407754","Sid":"S-1-5-15","SidType":"0","SourceName":"Salvatore-Windows-LwbrdLadkgk","TaskCategory":"None","Type":"Information","User":"NOT_TRANSLATED","_raw":"06/15/2020 08:16:43 PM\nLogName=System\nRhpqmnVflz=Salvatore-Windows-LwbrdLadkgk\nStwxmMqfg=1001\nEventType=4\nType=Information\nComputerName=madelaine.chantel.ad.chantel.ub\nUser=NOT_TRANSLATED\nKit=S-1-5-15\nPegYmtf=0\nWwzpIrqtfssz=None\nOpCode=Start\nVdtzufVjledg=407754\nKeywords=None\nMessage=The Group Policy settings for the computer were processed successfully. New settings from 11 Group Policy objects were detected and applied.","_time":"2020-09-18T20:16:43.000-0400","body":"The Group Policy settings for the computer were processed successfully. New settings from 11 Group Policy objects were detected and applied.","dest":"madelaine.chantel.ad.chantel.ub","dvc":"madelaine","dvc_nt_host":"madelaine","event_id":"407754","eventtype":"wineventlog_common wineventlog_system wineventlog_windows winsystem","host":"madelaine","id":"407754","index":"christopher","linecount":"15","product":"Windows","punct":"//_::_\\r=\\r=--\\r=\\r=\\r=\\r=....\\r=\\r=---\\r=\\r=\\r=\\r=\\r=\\r=_______","severity":"Information","severity_id":"4","signature_id":"1001","source":"ChrIstopHer:System","sourcetype":"WinEventLog:System","splunk_server":"tim-l107.pz.woodrow","src":"madelaine.chantel.ad.chantel.ub","tag":"os\nwindows\nwindows_management","tag::eventtype":"os\nwindows\nwindows_management","vendor":"Salvatore"}}
{"preview":true,"result":{"ComputerName":"CAP-E212.chantel.o.aida","EventCode":"5014","EventType":"4","Keywords":"Classic","LogName":"System","Message":"The Network Setup Service service entered the running state.","OpCode":"The operation completed successfully.","RecordNumber":"88116","SourceName":"Salvatore-Windows-Service Control Manager","TaskCategory":"None","Type":"Information","_raw":"06/15/2020 08:07:20 PM\nLogName=System\nRhpqmnVflz=Salvatore-Windows-Service Control Manager\nStwxmMqfg=5014\nEventType=4\nType=Information\nComputerName=CAP-E212.chantel.o.aida\nWwzpIrqtfssz=None\nOpCode=The operation completed successfully.\nVdtzufVjledg=88116\nKeywords=Classic\nMessage=The Network Setup Service service entered the running state.","_time":"2020-09-18T20:07:20.000-0400","body":"The Network Setup Service service entered the running state.","dest":"CAP-E212.chantel.o.aida","dvc":"CAP-E212","dvc_nt_host":"CAP-E212","event_id":"88116","eventtype":"wineventlog_common wineventlog_system wineventlog_windows winsystem","host":"CAP-E212","id":"88116","index":"christopher","linecount":"12","product":"Windows","punct":"//_::_==--__====-...==___.===________.","severity":"Information","severity_id":"4","signature_id":"5014","source":"ChrIstopHer:System","sourcetype":"WinEventLog:System","splunk_server":"tim-l107.pz.woodrow","src":"CAP-E212.chantel.o.aida","tag":"os\nwindows\nwindows_management","tag::eventtype":"os\nwindows\nwindows_management","vendor":"Salvatore"}}
{"preview":true,"result":{"ComputerName":"madelaine.chantel.ad.chantel.ub","EventCode":"1001","EventType":"4","Keywords":"None","LogName":"System","Message":"The Group Policy settings for the computer were processed successfully. New settings from 11 Group Policy objects were detected and applied.","OpCode":"Start","RecordNumber":"102050","Sid":"S-1-5-15","SidType":"0","SourceName":"Salvatore-Windows-LwbrdLadkgk","TaskCategory":"None","Type":"Information","User":"NOT_TRANSLATED","_raw":"06/15/2020 07:51:01 PM\nLogName=System\nRhpqmnVflz=Salvatore-Windows-LwbrdLadkgk\nStwxmMqfg=1001\nEventType=4\nType=Information\nComputerName=madelaine.chantel.ad.chantel.ub\nUser=NOT_TRANSLATED\nKit=S-1-5-15\nPegYmtf=0\nWwzpIrqtfssz=None\nOpCode=Start\nVdtzufVjledg=102050\nKeywords=None\nMessage=The Group Policy settings for the computer were processed successfully. New settings from 11 Group Policy objects were detected and applied.","_time":"2020-09-18T19:51:01.000-0400","body":"The Group Policy settings for the computer were processed successfully. New settings from 11 Group Policy objects were detected and applied.","dest":"madelaine.chantel.ad.chantel.ub","dvc":"madelaine","dvc_nt_host":"madelaine","event_id":"102050","eventtype":"wineventlog_common wineventlog_system wineventlog_windows winsystem","host":"madelaine","id":"102050","index":"christopher","linecount":"15","product":"Windows","punct":"//_::_\\r=\\r=--\\r=\\r=\\r=\\r=....\\r=\\r=---\\r=\\r=\\r=\\r=\\r=\\r=_______","severity":"Information","severity_id":"4","signature_id":"1001","source":"ChrIstopHer:System","sourcetype":"WinEventLog:System","splunk_server":"tim-l107.pz.woodrow","src":"madelaine.chantel.ad.chantel.ub","tag":"os\nwindows\nwindows_management","tag::eventtype":"os\nwindows\nwindows_management","vendor":"Salvatore"}}
{"preview":true,"result":{"ComputerName":"madelaine.chantel.ad.chantel.ub","EventCode":"5014","EventType":"4","Keywords":"Classic","LogName":"System","Message":"The Windows Modules Installer service entered the stopped state.","OpCode":"The operation completed successfully.","RecordNumber":"105049","SourceName":"Service Control Manager Lashunda Provider","TaskCategory":"The operation completed successfully.","Type":"Information","_raw":"06/15/2020 07:49:08 PM\nLogName=System\nRhpqmnVflz=Service Control Manager Lashunda Provider\nStwxmMqfg=5014\nEventType=4\nType=Information\nComputerName=madelaine.chantel.ad.chantel.ub\nWwzpIrqtfssz=The operation completed successfully.\nOpCode=The operation completed successfully.\nVdtzufVjledg=105049\nKeywords=Classic\nMessage=The Windows Modules Installer service entered the stopped state.","_time":"2020-09-18T19:49:08.000-0400","body":"The Windows Modules Installer service entered the stopped state.","dest":"madelaine.chantel.ad.chantel.ub","dvc":"madelaine","dvc_nt_host":"madelaine","event_id":"105049","eventtype":"wineventlog_common wineventlog_system wineventlog_windows winsystem","host":"madelaine","id":"105049","index":"christopher","linecount":"12","product":"Windows","punct":"//_::_\\r=\\r=____\\r=\\r=\\r=\\r=....\\r=___.\\r=___.\\r=\\r=\\r=______","severity":"Information","severity_id":"4","signature_id":"5014","source":"ChrIstopHer:System","sourcetype":"WinEventLog:System","splunk_server":"tim-l107.pz.woodrow","src":"madelaine.chantel.ad.chantel.ub","tag":"os\nwindows\nwindows_management","tag::eventtype":"os\nwindows\nwindows_management","vendor":"Salvatore"}}
{"preview":true,"result":{"ComputerName":"madelaine.chantel.ad.chantel.ub","EventCode":"10001","EventType":"4","Keywords":"Classic","LogName":"System","Message":"A security state assessment scan completed successfully.\r\n\r\nParameters:\r\n\r\nAgent Version = 1.0.0303.0\r\nProfile ID = A1B02QS4-0122-1QB1-1A24-70003WM1R68O\r\nScan ID = h20f2430-0bf0-0r0r-8031-h6fyacpd3h0h\r\nStart Time = 06/15/2020 18:14:02\r\nStop Time = 06/15/2020 18:42:02\r\nScan Status = 0\r\nOverall Score = High\r\nOverall Severity = Critical\r\nError Issues = 0\r\nHigh Issues = 4\r\nMedium Issues = 0\r\nLow Issues = 053\r\nInformational Issues = 05\r\nScan Type = 0","OpCode":"None","RecordNumber":"107820","SourceName":"CbuMxb","TaskCategory":"None","Type":"Information","_raw":"06/15/2020 07:45:44 PM\nLogName=System\nRhpqmnVflz=CbuMxb\nStwxmMqfg=10001\nEventType=4\nType=Information\nComputerName=madelaine.chantel.ad.chantel.ub\nWwzpIrqtfssz=None\nOpCode=None\nVdtzufVjledg=107820\nKeywords=Classic\nMessage=A security state assessment scan completed successfully.\r\n\r\nParameters:\r\n\r\nAgent Version = 1.0.0303.0\r\nProfile ID = A1B02QS4-0122-1QB1-1A24-70003WM1R68O\r\nScan ID = h20f2430-0bf0-0r0r-8031-h6fyacpd3h0h\r\nStart Time = 06/15/2020 19:38:36\r\nStop Time = 06/15/2020 19:45:44\r\nScan Status = 0\r\nOverall Score = High\r\nOverall Severity = Critical\r\nError Issues = 0\r\nHigh Issues = 4\r\nMedium Issues = 0\r\nLow Issues = 053\r\nInformational Issues = 05\r\nScan Type = 0","_time":"2020-09-18T19:45:44.000-0400","body":"A security state assessment scan completed successfully.\r\n\r\nParameters:\r\n\r\nAgent Version = 1.0.0303.0\r\nProfile ID = A1B02QS4-0122-1QB1-1A24-70003WM1R68O\r\nScan ID = h20f2430-0bf0-0r0r-8031-h6fyacpd3h0h\r\nStart Time = 06/15/2020 18:14:02\r\nStop Time = 06/15/2020 18:42:02\r\nScan Status = 0\r\nOverall Score = High\r\nOverall Severity = Critical\r\nError Issues = 0\r\nHigh Issues = 4\r\nMedium Issues = 0\r\nLow Issues = 053\r\nInformational Issues = 05\r\nScan Type = 0","dest":"madelaine.chantel.ad.chantel.ub","dvc":"madelaine","dvc_nt_host":"madelaine","event_id":"107820","eventtype":"err0r nix_errors wineventlog_common wineventlog_system wineventlog_windows winsystem","host":"madelaine","id":"107820","index":"christopher","linecount":"29","product":"Windows","punct":"//_::_\\r=\\r=\\r=\\r=\\r=\\r=....\\r=\\r=\\r=\\r=\\r=______.\\r\\r\\r\\r:\\r\\r\\r\\r__","severity":"Information","severity_id":"4","signature_id":"10001","source":"ChrIstopHer:System","sourcetype":"WinEventLog:System","splunk_server":"tim-l107.pz.woodrow","src":"madelaine.chantel.ad.chantel.ub","tag":"error\nos\nwindows\nwindows_management","tag::eventtype":"error\nos\nwindows\nwindows_management","vendor":"Salvatore"}}
{"preview":true,"result":{"ComputerName":"madelaine.chantel.ad.chantel.ub","EventCode":"1001","EventType":"4","Keywords":"None","LogName":"System","Message":"The Group Policy settings for the computer were processed successfully. New settings from 11 Group Policy objects were detected and applied.","OpCode":"Start","RecordNumber":"204251","Sid":"S-1-5-15","SidType":"0","SourceName":"Salvatore-Windows-LwbrdLadkgk","TaskCategory":"None","Type":"Information","User":"NOT_TRANSLATED","_raw":"06/15/2020 07:25:18 PM\nLogName=System\nRhpqmnVflz=Salvatore-Windows-LwbrdLadkgk\nStwxmMqfg=1001\nEventType=4\nType=Information\nComputerName=madelaine.chantel.ad.chantel.ub\nUser=NOT_TRANSLATED\nKit=S-1-5-15\nPegYmtf=0\nWwzpIrqtfssz=None\nOpCode=Start\nVdtzufVjledg=204251\nKeywords=None\nMessage=The Group Policy settings for the computer were processed successfully. New settings from 11 Group Policy objects were detected and applied.","_time":"2020-09-18T19:25:18.000-0400","body":"The Group Policy settings for the computer were processed successfully. New settings from 11 Group Policy objects were detected and applied.","dest":"madelaine.chantel.ad.chantel.ub","dvc":"madelaine","dvc_nt_host":"madelaine","event_id":"204251","eventtype":"wineventlog_common wineventlog_system wineventlog_windows winsystem","host":"madelaine","id":"204251","index":"christopher","linecount":"15","product":"Windows","punct":"//_::_\\r=\\r=--\\r=\\r=\\r=\\r=....\\r=\\r=---\\r=\\r=\\r=\\r=\\r=\\r=_______","severity":"Information","severity_id":"4","signature_id":"1001","source":"ChrIstopHer:System","sourcetype":"WinEventLog:System","splunk_server":"tim-l107.pz.woodrow","src":"madelaine.chantel.ad.chantel.ub","tag":"os\nwindows\nwindows_management","tag::eventtype":"os\nwindows\nwindows_management","vendor":"Salvatore"}}
{"preview":true,"result":{"ComputerName":"madelaine.chantel.ad.chantel.ub","EventCode":"1001","EventType":"4","Keywords":"None","LogName":"System","Message":"The Group Policy settings for the computer were processed successfully. New settings from 11 Group Policy objects were detected and applied.","OpCode":"Start","RecordNumber":"303510","Sid":"S-1-5-15","SidType":"0","SourceName":"Salvatore-Windows-LwbrdLadkgk","TaskCategory":"None","Type":"Information","User":"NOT_TRANSLATED","_raw":"06/15/2020 07:20:10 PM\nLogName=System\nRhpqmnVflz=Salvatore-Windows-LwbrdLadkgk\nStwxmMqfg=1001\nEventType=4\nType=Information\nComputerName=madelaine.chantel.ad.chantel.ub\nUser=NOT_TRANSLATED\nKit=S-1-5-15\nPegYmtf=0\nWwzpIrqtfssz=None\nOpCode=Start\nVdtzufVjledg=303510\nKeywords=None\nMessage=The Group Policy settings for the computer were processed successfully. New settings from 11 Group Policy objects were detected and applied.","_time":"2020-09-18T19:20:10.000-0400","body":"The Group Policy settings for the computer were processed successfully. New settings from 11 Group Policy objects were detected and applied.","dest":"madelaine.chantel.ad.chantel.ub","dvc":"madelaine","dvc_nt_host":"madelaine","event_id":"303510","eventtype":"wineventlog_common wineventlog_system wineventlog_windows winsystem","host":"madelaine","id":"303510","index":"christopher","linecount":"15","product":"Windows","punct":"//_::_\\r=\\r=--\\r=\\r=\\r=\\r=....\\r=\\r=---\\r=\\r=\\r=\\r=\\r=\\r=_______","severity":"Information","severity_id":"4","signature_id":"1001","source":"ChrIstopHer:System","sourcetype":"WinEventLog:System","splunk_server":"tim-l107.pz.woodrow","src":"madelaine.chantel.ad.chantel.ub","tag":"os\nwindows\nwindows_management","tag::eventtype":"os\nwindows\nwindows_management","vendor":"Salvatore"}}
{"preview":true,"result":{"ComputerName":"madelaine.chantel.ad.chantel.ub","EventCode":"1001","EventType":"4","Keywords":"None","LogName":"System","Message":"The Group Policy settings for the computer were processed successfully. New settings from 11 Group Policy objects were detected and applied.","OpCode":"Start","RecordNumber":"505300","Sid":"S-1-5-15","SidType":"0","SourceName":"Salvatore-Windows-LwbrdLadkgk","TaskCategory":"None","Type":"Information","User":"NOT_TRANSLATED","_raw":"06/15/2020 07:15:01 PM\nLogName=System\nRhpqmnVflz=Salvatore-Windows-LwbrdLadkgk\nStwxmMqfg=1001\nEventType=4\nType=Information\nComputerName=madelaine.chantel.ad.chantel.ub\nUser=NOT_TRANSLATED\nKit=S-1-5-15\nPegYmtf=0\nWwzpIrqtfssz=None\nOpCode=Start\nVdtzufVjledg=505300\nKeywords=None\nMessage=The Group Policy settings for the computer were processed successfully. New settings from 11 Group Policy objects were detected and applied.","_time":"2020-09-18T19:15:01.000-0400","body":"The Group Policy settings for the computer were processed successfully. New settings from 11 Group Policy objects were detected and applied.","dest":"madelaine.chantel.ad.chantel.ub","dvc":"madelaine","dvc_nt_host":"madelaine","event_id":"505300","eventtype":"wineventlog_common wineventlog_system wineventlog_windows winsystem","host":"madelaine","id":"505300","index":"christopher","linecount":"15","product":"Windows","punct":"//_::_\\r=\\r=--\\r=\\r=\\r=\\r=....\\r=\\r=---\\r=\\r=\\r=\\r=\\r=\\r=_______","severity":"Information","severity_id":"4","signature_id":"1001","source":"ChrIstopHer:System","sourcetype":"WinEventLog:System","splunk_server":"tim-l107.pz.woodrow","src":"madelaine.chantel.ad.chantel.ub","tag":"os\nwindows\nwindows_management","tag::eventtype":"os\nwindows\nwindows_management","vendor":"Salvatore"}}
{"preview":true,"result":{"ComputerName":"CAP-E212.chantel.o.aida","EventCode":"5014","EventType":"4","Keywords":"Classic","LogName":"System","Message":"The Salvatore Policy Platform Local Authority service entered the stopped state.","OpCode":"The operation completed successfully.","RecordNumber":"27138","SourceName":"Salvatore-Windows-Service Control Manager","TaskCategory":"None","Type":"Information","_raw":"06/15/2020 06:58:57 PM\nLogName=System\nRhpqmnVflz=Salvatore-Windows-Service Control Manager\nStwxmMqfg=5014\nEventType=4\nType=Information\nComputerName=CAP-E212.chantel.o.aida\nWwzpIrqtfssz=None\nOpCode=The operation completed successfully.\nVdtzufVjledg=27138\nKeywords=Classic\nMessage=The Salvatore Policy Platform Local Authority service entered the stopped state.","_time":"2020-09-18T18:58:57.000-0400","body":"The Salvatore Policy Platform Local Authority service entered the stopped state.","dest":"CAP-E212.chantel.o.aida","dvc":"CAP-E212","dvc_nt_host":"CAP-E212","event_id":"27138","eventtype":"wineventlog_common wineventlog_system wineventlog_windows winsystem","host":"CAP-E212","id":"27138","index":"christopher","linecount":"12","product":"Windows","punct":"//_::_==--__====-...==___.===__________.","severity":"Information","severity_id":"4","signature_id":"5014","source":"ChrIstopHer:System","sourcetype":"WinEventLog:System","splunk_server":"tim-l107.pz.woodrow","src":"CAP-E212.chantel.o.aida","tag":"os\nwindows\nwindows_management","tag::eventtype":"os\nwindows\nwindows_management","vendor":"Salvatore"}}
{"preview":true,"result":{"ComputerName":"CAP-E212.chantel.o.aida","EventCode":"5014","EventType":"4","Keywords":"Classic","LogName":"System","Message":"The Salvatore Policy Platform Processor service entered the stopped state.","OpCode":"The operation completed successfully.","RecordNumber":"47424","SourceName":"Salvatore-Windows-Service Control Manager","TaskCategory":"None","Type":"Information","_raw":"06/15/2020 06:58:57 PM\nLogName=System\nRhpqmnVflz=Salvatore-Windows-Service Control Manager\nStwxmMqfg=5014\nEventType=4\nType=Information\nComputerName=CAP-E212.chantel.o.aida\nWwzpIrqtfssz=None\nOpCode=The operation completed successfully.\nVdtzufVjledg=47424\nKeywords=Classic\nMessage=The Salvatore Policy Platform Processor service entered the stopped state.","_time":"2020-09-18T18:58:57.000-0400","body":"The Salvatore Policy Platform Processor service entered the stopped state.","dest":"CAP-E212.chantel.o.aida","dvc":"CAP-E212","dvc_nt_host":"CAP-E212","event_id":"47424","eventtype":"wineventlog_common wineventlog_system wineventlog_windows winsystem","host":"CAP-E212","id":"47424","index":"christopher","linecount":"12","product":"Windows","punct":"//_::_==--__====-...==___.===_________.","severity":"Information","severity_id":"4","signature_id":"5014","source":"ChrIstopHer:System","sourcetype":"WinEventLog:System","splunk_server":"tim-l107.pz.woodrow","src":"CAP-E212.chantel.o.aida","tag":"os\nwindows\nwindows_management","tag::eventtype":"os\nwindows\nwindows_management","vendor":"Salvatore"}}
{"preview":true,"result":{"ComputerName":"CAP-E212.chantel.o.aida","EventCode":"5014","EventType":"4","Keywords":"Classic","LogName":"System","Message":"The Salvatore Storage Spaces ANN service entered the stopped state.","OpCode":"The operation completed successfully.","RecordNumber":"37105","SourceName":"Salvatore-Windows-Service Control Manager","TaskCategory":"None","Type":"Information","_raw":"06/15/2020 06:58:41 PM\nLogName=System\nRhpqmnVflz=Salvatore-Windows-Service Control Manager\nStwxmMqfg=5014\nEventType=4\nType=Information\nComputerName=CAP-E212.chantel.o.aida\nWwzpIrqtfssz=None\nOpCode=The operation completed successfully.\nVdtzufVjledg=37105\nKeywords=Classic\nMessage=The Salvatore Storage Spaces ANN service entered the stopped state.","_time":"2020-09-18T18:58:41.000-0400","body":"The Salvatore Storage Spaces ANN service entered the stopped state.","dest":"CAP-E212.chantel.o.aida","dvc":"CAP-E212","dvc_nt_host":"CAP-E212","event_id":"37105","eventtype":"wineventlog_common wineventlog_system wineventlog_windows winsystem","host":"CAP-E212","id":"37105","index":"christopher","linecount":"12","product":"Windows","punct":"//_::_==--__====-...==___.===_________.","severity":"Information","severity_id":"4","signature_id":"5014","source":"ChrIstopHer:System","sourcetype":"WinEventLog:System","splunk_server":"tim-l107.pz.woodrow","src":"CAP-E212.chantel.o.aida","tag":"os\nwindows\nwindows_management","tag::eventtype":"os\nwindows\nwindows_management","vendor":"Salvatore"}}
{"preview":true,"result":{"ComputerName":"CAP-E212.chantel.o.aida","EventCode":"5014","EventType":"4","Keywords":"Classic","LogName":"System","Message":"The Remote Registry service entered the stopped state.","OpCode":"The operation completed successfully.","RecordNumber":"07321","SourceName":"Salvatore-Windows-Service Control Manager","TaskCategory":"None","Type":"Information","_raw":"06/15/2020 06:58:36 PM\nLogName=System\nRhpqmnVflz=Salvatore-Windows-Service Control Manager\nStwxmMqfg=5014\nEventType=4\nType=Information\nComputerName=CAP-E212.chantel.o.aida\nWwzpIrqtfssz=None\nOpCode=The operation completed successfully.\nVdtzufVjledg=07321\nKeywords=Classic\nMessage=The Remote Registry service entered the stopped state.","_time":"2020-09-18T18:58:36.000-0400","body":"The Remote Registry service entered the stopped state.","dest":"CAP-E212.chantel.o.aida","dvc":"CAP-E212","dvc_nt_host":"CAP-E212","event_id":"07321","eventtype":"wineventlog_common wineventlog_system wineventlog_windows winsystem","host":"CAP-E212","id":"07321","index":"christopher","linecount":"12","product":"Windows","punct":"//_::_==--__====-...==___.===_______.","severity":"Information","severity_id":"4","signature_id":"5014","source":"ChrIstopHer:System","sourcetype":"WinEventLog:System","splunk_server":"tim-l107.pz.woodrow","src":"CAP-E212.chantel.o.aida","tag":"os\nwindows\nwindows_management","tag::eventtype":"os\nwindows\nwindows_management","vendor":"Salvatore"}}
{"preview":true,"result":{"ComputerName":"madelaine.chantel.ad.chantel.ub","EventCode":"1001","EventType":"4","Keywords":"None","LogName":"System","Message":"The Group Policy settings for the computer were processed successfully. New settings from 11 Group Policy objects were detected and applied.","OpCode":"Start","RecordNumber":"402141","Sid":"S-1-5-15","SidType":"0","SourceName":"Salvatore-Windows-LwbrdLadkgk","TaskCategory":"None","Type":"Information","User":"NOT_TRANSLATED","_raw":"06/15/2020 06:49:20 PM\nLogName=System\nRhpqmnVflz=Salvatore-Windows-LwbrdLadkgk\nStwxmMqfg=1001\nEventType=4\nType=Information\nComputerName=madelaine.chantel.ad.chantel.ub\nUser=NOT_TRANSLATED\nKit=S-1-5-15\nPegYmtf=0\nWwzpIrqtfssz=None\nOpCode=Start\nVdtzufVjledg=402141\nKeywords=None\nMessage=The Group Policy settings for the computer were processed successfully. New settings from 11 Group Policy objects were detected and applied.","_time":"2020-09-18T18:49:20.000-0400","body":"The Group Policy settings for the computer were processed successfully. New settings from 11 Group Policy objects were detected and applied.","dest":"madelaine.chantel.ad.chantel.ub","dvc":"madelaine","dvc_nt_host":"madelaine","event_id":"402141","eventtype":"wineventlog_common wineventlog_system wineventlog_windows winsystem","host":"madelaine","id":"402141","index":"christopher","linecount":"15","product":"Windows","punct":"//_::_\\r=\\r=--\\r=\\r=\\r=\\r=....\\r=\\r=---\\r=\\r=\\r=\\r=\\r=\\r=_______","severity":"Information","severity_id":"4","signature_id":"1001","source":"ChrIstopHer:System","sourcetype":"WinEventLog:System","splunk_server":"tim-l107.pz.woodrow","src":"madelaine.chantel.ad.chantel.ub","tag":"os\nwindows\nwindows_management","tag::eventtype":"os\nwindows\nwindows_management","vendor":"Salvatore"}}
{"preview":true,"result":{"ComputerName":"CAP-E212.chantel.o.aida","EventCode":"5014","EventType":"4","Keywords":"Classic","LogName":"System","Message":"The Software Protection service entered the stopped state.","OpCode":"The operation completed successfully.","RecordNumber":"37431","SourceName":"Salvatore-Windows-Service Control Manager","TaskCategory":"None","Type":"Information","_raw":"06/15/2020 06:46:18 PM\nLogName=System\nRhpqmnVflz=Salvatore-Windows-Service Control Manager\nStwxmMqfg=5014\nEventType=4\nType=Information\nComputerName=CAP-E212.chantel.o.aida\nWwzpIrqtfssz=None\nOpCode=The operation completed successfully.\nVdtzufVjledg=37431\nKeywords=Classic\nMessage=The Software Protection service entered the stopped state.","_time":"2020-09-18T18:46:18.000-0400","body":"The Software Protection service entered the stopped state.","dest":"CAP-E212.chantel.o.aida","dvc":"CAP-E212","dvc_nt_host":"CAP-E212","event_id":"37431","eventtype":"wineventlog_common wineventlog_system wineventlog_windows winsystem","host":"CAP-E212","id":"37431","index":"christopher","linecount":"12","product":"Windows","punct":"//_::_==--__====-...==___.===_______.","severity":"Information","severity_id":"4","signature_id":"5014","source":"ChrIstopHer:System","sourcetype":"WinEventLog:System","splunk_server":"tim-l107.pz.woodrow","src":"CAP-E212.chantel.o.aida","tag":"os\nwindows\nwindows_management","tag::eventtype":"os\nwindows\nwindows_management","vendor":"Salvatore"}}
{"preview":true,"result":{"ComputerName":"CAP-E212.chantel.o.aida","EventCode":"5014","EventType":"4","Keywords":"Classic","LogName":"System","Message":"The Network Setup Service service entered the running state.","OpCode":"The operation completed successfully.","RecordNumber":"32208","SourceName":"Salvatore-Windows-Service Control Manager","TaskCategory":"None","Type":"Information","_raw":"06/15/2020 06:45:28 PM\nLogName=System\nRhpqmnVflz=Salvatore-Windows-Service Control Manager\nStwxmMqfg=5014\nEventType=4\nType=Information\nComputerName=CAP-E212.chantel.o.aida\nWwzpIrqtfssz=None\nOpCode=The operation completed successfully.\nVdtzufVjledg=32208\nKeywords=Classic\nMessage=The Network Setup Service service entered the running state.","_time":"2020-09-18T18:45:28.000-0400","body":"The Network Setup Service service entered the running state.","dest":"CAP-E212.chantel.o.aida","dvc":"CAP-E212","dvc_nt_host":"CAP-E212","event_id":"32208","eventtype":"wineventlog_common wineventlog_system wineventlog_windows winsystem","host":"CAP-E212","id":"32208","index":"christopher","linecount":"12","product":"Windows","punct":"//_::_==--__====-...==___.===________.","severity":"Information","severity_id":"4","signature_id":"5014","source":"ChrIstopHer:System","sourcetype":"WinEventLog:System","splunk_server":"tim-l107.pz.woodrow","src":"CAP-E212.chantel.o.aida","tag":"os\nwindows\nwindows_management","tag::eventtype":"os\nwindows\nwindows_management","vendor":"Salvatore"}}
{"preview":true,"result":{"ComputerName":"CAP-E212.chantel.o.aida","EventCode":"5014","EventType":"4","Keywords":"Classic","LogName":"System","Message":"The Software Protection service entered the running state.","OpCode":"The operation completed successfully.","RecordNumber":"56400","SourceName":"Salvatore-Windows-Service Control Manager","TaskCategory":"None","Type":"Information","_raw":"06/15/2020 06:45:24 PM\nLogName=System\nRhpqmnVflz=Salvatore-Windows-Service Control Manager\nStwxmMqfg=5014\nEventType=4\nType=Information\nComputerName=CAP-E212.chantel.o.aida\nWwzpIrqtfssz=None\nOpCode=The operation completed successfully.\nVdtzufVjledg=56400\nKeywords=Classic\nMessage=The Software Protection service entered the running state.","_time":"2020-09-18T18:45:24.000-0400","body":"The Software Protection service entered the running state.","dest":"CAP-E212.chantel.o.aida","dvc":"CAP-E212","dvc_nt_host":"CAP-E212","event_id":"56400","eventtype":"wineventlog_common wineventlog_system wineventlog_windows winsystem","host":"CAP-E212","id":"56400","index":"christopher","linecount":"12","product":"Windows","punct":"//_::_==--__====-...==___.===_______.","severity":"Information","severity_id":"4","signature_id":"5014","source":"ChrIstopHer:System","sourcetype":"WinEventLog:System","splunk_server":"tim-l107.pz.woodrow","src":"CAP-E212.chantel.o.aida","tag":"os\nwindows\nwindows_management","tag::eventtype":"os\nwindows\nwindows_management","vendor":"Salvatore"}}
{"preview":true,"result":{"ComputerName":"CAP-E212.chantel.o.aida","EventCode":"5014","EventType":"4","Keywords":"Classic","LogName":"System","Message":"The DevL Deployment Service (GkmSQIM) service entered the stopped state.","OpCode":"The operation completed successfully.","RecordNumber":"67004","SourceName":"Salvatore-Windows-Service Control Manager","TaskCategory":"None","Type":"Information","_raw":"06/15/2020 06:42:24 PM\nLogName=System\nRhpqmnVflz=Salvatore-Windows-Service Control Manager\nStwxmMqfg=5014\nEventType=4\nType=Information\nComputerName=CAP-E212.chantel.o.aida\nWwzpIrqtfssz=None\nOpCode=The operation completed successfully.\nVdtzufVjledg=67004\nKeywords=Classic\nMessage=The DevL Deployment Service (GkmSQIM) service entered the stopped state.","_time":"2020-09-18T18:42:24.000-0400","body":"The DevL Deployment Service (GkmSQIM) service entered the stopped state.","dest":"CAP-E212.chantel.o.aida","dvc":"CAP-E212","dvc_nt_host":"CAP-E212","event_id":"67004","eventtype":"wineventlog_common wineventlog_system wineventlog_windows winsystem","host":"CAP-E212","id":"67004","index":"christopher","linecount":"12","product":"Windows","punct":"//_::_==--__====-...==___.===____()_____.","severity":"Information","severity_id":"4","signature_id":"5014","source":"ChrIstopHer:System","sourcetype":"WinEventLog:System","splunk_server":"tim-l107.pz.woodrow","src":"CAP-E212.chantel.o.aida","tag":"os\nwindows\nwindows_management","tag::eventtype":"os\nwindows\nwindows_management","vendor":"Salvatore"}}
{"preview":true,"result":{"ComputerName":"CAP-E212.chantel.o.aida","EventCode":"10","EventType":"4","Keywords":"None","LogName":"System","Message":"The access history in hive \\??\\C:\\GlrvqkbVpfm\\Flavia\\KcebucCvbyx\\EahgPyfb\\PhitvcQioxTfXdpi4021-0.pei was cleared updating 01 keys and creating 7 modified pages.","OpCode":"Info","RecordNumber":"27012","Sid":"S-1-5-15","SidType":"1","SourceName":"Salvatore-Windows-Kernel-General","TaskCategory":"None","Type":"Information","User":"SYSTEM","_raw":"06/15/2020 06:40:52 PM\nLogName=System\nRhpqmnVflz=Salvatore-Windows-Kernel-General\nStwxmMqfg=10\nEventType=4\nType=Information\nComputerName=CAP-E212.chantel.o.aida\nUser=SYSTEM\nKit=S-1-5-15\nPegYmtf=1\nWwzpIrqtfssz=None\nOpCode=Info\nVdtzufVjledg=27012\nKeywords=None\nMessage=The access history in hive \\??\\C:\\GlrvqkbVpfm\\Flavia\\KcebucCvbyx\\EahgPyfb\\PhitvcQioxTfXdpi4021-0.pei was cleared updating 01 keys and creating 7 modified pages.","_time":"2020-09-18T18:40:52.000-0400","body":"The access history in hive \\??\\C:\\GlrvqkbVpfm\\Flavia\\KcebucCvbyx\\EahgPyfb\\PhitvcQioxTfXdpi4021-0.pei was cleared updating 01 keys and creating 7 modified pages.","dest":"CAP-E212.chantel.o.aida","dvc":"CAP-E212","dvc_nt_host":"CAP-E212","event_id":"27012","eventtype":"nix_kernel_attached wineventlog_common wineventlog_system wineventlog_windows winsystem","host":"CAP-E212","id":"27012","index":"christopher","linecount":"15","product":"Windows","punct":"//_::_==---====-...==---======_____\\??\\:\\\\\\\\\\-.___","severity":"Information","severity_id":"4","signature_id":"10","source":"ChrIstopHer:System","sourcetype":"WinEventLog:System","splunk_server":"tim-l107.pz.woodrow","src":"CAP-E212.chantel.o.aida","tag":"os\nwindows\nwindows_management","tag::eventtype":"os\nwindows\nwindows_management","vendor":"Salvatore"}}
{"preview":true,"result":{"ComputerName":"CAP-E212.chantel.o.aida","EventCode":"10","EventType":"4","Keywords":"None","LogName":"System","Message":"The access history in hive \\??\\C:\\GlrvqkbVpfm\\Flavia\\KcebucCvbyx\\EahgPyfb\\PhitvcQioxTfXdpi4021-0.pei was cleared updating 0112 keys and creating 102 modified pages.","OpCode":"Info","RecordNumber":"36212","Sid":"S-1-5-15","SidType":"1","SourceName":"Salvatore-Windows-Kernel-General","TaskCategory":"None","Type":"Information","User":"SYSTEM","_raw":"06/15/2020 06:40:50 PM\nLogName=System\nRhpqmnVflz=Salvatore-Windows-Kernel-General\nStwxmMqfg=10\nEventType=4\nType=Information\nComputerName=CAP-E212.chantel.o.aida\nUser=SYSTEM\nKit=S-1-5-15\nPegYmtf=1\nWwzpIrqtfssz=None\nOpCode=Info\nVdtzufVjledg=36212\nKeywords=None\nMessage=The access history in hive \\??\\C:\\GlrvqkbVpfm\\Flavia\\KcebucCvbyx\\EahgPyfb\\PhitvcQioxTfXdpi4021-0.pei was cleared updating 0112 keys and creating 102 modified pages.","_time":"2020-09-18T18:40:50.000-0400","body":"The access history in hive \\??\\C:\\GlrvqkbVpfm\\Flavia\\KcebucCvbyx\\EahgPyfb\\PhitvcQioxTfXdpi4021-0.pei was cleared updating 0112 keys and creating 102 modified pages.","dest":"CAP-E212.chantel.o.aida","dvc":"CAP-E212","dvc_nt_host":"CAP-E212","event_id":"36212","eventtype":"nix_kernel_attached wineventlog_common wineventlog_system wineventlog_windows winsystem","host":"CAP-E212","id":"36212","index":"christopher","linecount":"15","product":"Windows","punct":"//_::_==---====-...==---======_____\\??\\:\\\\\\\\\\-.___","severity":"Information","severity_id":"4","signature_id":"10","source":"ChrIstopHer:System","sourcetype":"WinEventLog:System","splunk_server":"tim-l107.pz.woodrow","src":"CAP-E212.chantel.o.aida","tag":"os\nwindows\nwindows_management","tag::eventtype":"os\nwindows\nwindows_management","vendor":"Salvatore"}}
{"preview":true,"result":{"ComputerName":"CAP-E212.chantel.o.aida","EventCode":"10","EventType":"4","Keywords":"None","LogName":"System","Message":"The access history in hive \\??\\C:\\GlrvqkbVpfm\\Flavia\\KcebucCvbyx\\EahgPyfb\\PhitvcQioxTfXdpi4021-0.pei was cleared updating 01 keys and creating 7 modified pages.","OpCode":"Info","RecordNumber":"16010","Sid":"S-1-5-15","SidType":"1","SourceName":"Salvatore-Windows-Kernel-General","TaskCategory":"None","Type":"Information","User":"SYSTEM","_raw":"06/15/2020 06:40:49 PM\nLogName=System\nRhpqmnVflz=Salvatore-Windows-Kernel-General\nStwxmMqfg=10\nEventType=4\nType=Information\nComputerName=CAP-E212.chantel.o.aida\nUser=SYSTEM\nKit=S-1-5-15\nPegYmtf=1\nWwzpIrqtfssz=None\nOpCode=Info\nVdtzufVjledg=16010\nKeywords=None\nMessage=The access history in hive \\??\\C:\\GlrvqkbVpfm\\Flavia\\KcebucCvbyx\\EahgPyfb\\PhitvcQioxTfXdpi4021-0.pei was cleared updating 01 keys and creating 7 modified pages.","_time":"2020-09-18T18:40:49.000-0400","body":"The access history in hive \\??\\C:\\GlrvqkbVpfm\\Flavia\\KcebucCvbyx\\EahgPyfb\\PhitvcQioxTfXdpi4021-0.pei was cleared updating 01 keys and creating 7 modified pages.","dest":"CAP-E212.chantel.o.aida","dvc":"CAP-E212","dvc_nt_host":"CAP-E212","event_id":"16010","eventtype":"nix_kernel_attached wineventlog_common wineventlog_system wineventlog_windows winsystem","host":"CAP-E212","id":"16010","index":"christopher","linecount":"15","product":"Windows","punct":"//_::_==---====-...==---======_____\\??\\:\\\\\\\\\\-.___","severity":"Information","severity_id":"4","signature_id":"10","source":"ChrIstopHer:System","sourcetype":"WinEventLog:System","splunk_server":"tim-l107.pz.woodrow","src":"CAP-E212.chantel.o.aida","tag":"os\nwindows\nwindows_management","tag::eventtype":"os\nwindows\nwindows_management","vendor":"Salvatore"}}
