{"preview":true,"result":{"ComputerName":"CAP-E212.chantel.o.aida","EventCode":"10","EventType":"4","Keywords":"None","LogName":"System","Message":"The access history in hive \\??\\C:\\GlrvqkbVpfm\\Flavia\\KcebucCvbyx\\EahgPyfb\\PcuxmcUnlyMpQpqv5100-0.pei was cleared updating 01 keys and creating 7 modified pages.","OpCode":"Info","RecordNumber":"60501","Sid":"S-1-5-15","SidType":"1","SourceName":"Salvatore-Windows-Kernel-General","TaskCategory":"None","Type":"Information","User":"SYSTEM","_raw":"06/18/2020 05:27:02 PM\nLogName=System\nRhpqmnVflz=Salvatore-Windows-Kernel-General\nStwxmMqfg=10\nEventType=4\nType=Information\nComputerName=CAP-E212.chantel.o.aida\nUser=SYSTEM\nKit=S-1-5-15\nPegYmtf=1\nWwzpIrqtfssz=None\nOpCode=Info\nVdtzufVjledg=60501\nKeywords=None\nMessage=The access history in hive \\??\\C:\\GlrvqkbVpfm\\Flavia\\KcebucCvbyx\\EahgPyfb\\PcuxmcUnlyMpQpqv5100-0.pei was cleared updating 01 keys and creating 7 modified pages.","_time":"2020-09-19T17:27:02.000-0400","body":"The access history in hive \\??\\C:\\GlrvqkbVpfm\\Flavia\\KcebucCvbyx\\EahgPyfb\\PcuxmcUnlyMpQpqv5100-0.pei was cleared updating 01 keys and creating 7 modified pages.","dest":"CAP-E212.chantel.o.aida","dvc":"CAP-E212","dvc_nt_host":"CAP-E212","event_id":"60501","eventtype":"nix_kernel_attached wineventlog_common wineventlog_system wineventlog_windows winsystem","host":"CAP-E212","id":"60501","index":"christopher","linecount":"15","product":"Windows","punct":"//_::_==---====-...==---======_____\\??\\:\\\\\\\\\\-.___","severity":"Information","severity_id":"4","signature_id":"10","source":"ChrIstopHer:System","sourcetype":"WinEventLog:System","splunk_server":"TIM-Y113","src":"CAP-E212.chantel.o.aida","tag":"os\nwindows\nwindows_management","tag::eventtype":"os\nwindows\nwindows_management","vendor":"Salvatore"}}
{"preview":true,"result":{"ComputerName":"CAP-E212.chantel.o.aida","EventCode":"10","EventType":"4","Keywords":"None","LogName":"System","Message":"The access history in hive \\??\\C:\\GlrvqkbVpfm\\Flavia\\KcebucCvbyx\\EahgPyfb\\PcuxmcUnlyMpQpqv5100-0.pei was cleared updating 01 keys and creating 7 modified pages.","OpCode":"Info","RecordNumber":"34000","Sid":"S-1-5-15","SidType":"1","SourceName":"Salvatore-Windows-Kernel-General","TaskCategory":"None","Type":"Information","User":"SYSTEM","_raw":"06/18/2020 05:27:02 PM\nLogName=System\nRhpqmnVflz=Salvatore-Windows-Kernel-General\nStwxmMqfg=10\nEventType=4\nType=Information\nComputerName=CAP-E212.chantel.o.aida\nUser=SYSTEM\nKit=S-1-5-15\nPegYmtf=1\nWwzpIrqtfssz=None\nOpCode=Info\nVdtzufVjledg=34000\nKeywords=None\nMessage=The access history in hive \\??\\C:\\GlrvqkbVpfm\\Flavia\\KcebucCvbyx\\EahgPyfb\\PcuxmcUnlyMpQpqv5100-0.pei was cleared updating 01 keys and creating 7 modified pages.","_time":"2020-09-19T17:27:02.000-0400","body":"The access history in hive \\??\\C:\\GlrvqkbVpfm\\Flavia\\KcebucCvbyx\\EahgPyfb\\PcuxmcUnlyMpQpqv5100-0.pei was cleared updating 01 keys and creating 7 modified pages.","dest":"CAP-E212.chantel.o.aida","dvc":"CAP-E212","dvc_nt_host":"CAP-E212","event_id":"34000","eventtype":"nix_kernel_attached wineventlog_common wineventlog_system wineventlog_windows winsystem","host":"CAP-E212","id":"34000","index":"christopher","linecount":"15","product":"Windows","punct":"//_::_==---====-...==---======_____\\??\\:\\\\\\\\\\-.___","severity":"Information","severity_id":"4","signature_id":"10","source":"ChrIstopHer:System","sourcetype":"WinEventLog:System","splunk_server":"TIM-Y113","src":"CAP-E212.chantel.o.aida","tag":"os\nwindows\nwindows_management","tag::eventtype":"os\nwindows\nwindows_management","vendor":"Salvatore"}}
{"preview":true,"result":{"ComputerName":"CAP-E212.chantel.o.aida","EventCode":"10","EventType":"4","Keywords":"None","LogName":"System","Message":"The access history in hive \\??\\C:\\GlrvqkbVpfm\\Flavia\\KcebucCvbyx\\EahgPyfb\\PcuxmcUnlyMpQpqv5100-0.pei was cleared updating 0112 keys and creating 102 modified pages.","OpCode":"Info","RecordNumber":"10066","Sid":"S-1-5-15","SidType":"1","SourceName":"Salvatore-Windows-Kernel-General","TaskCategory":"None","Type":"Information","User":"SYSTEM","_raw":"06/18/2020 05:27:01 PM\nLogName=System\nRhpqmnVflz=Salvatore-Windows-Kernel-General\nStwxmMqfg=10\nEventType=4\nType=Information\nComputerName=CAP-E212.chantel.o.aida\nUser=SYSTEM\nKit=S-1-5-15\nPegYmtf=1\nWwzpIrqtfssz=None\nOpCode=Info\nVdtzufVjledg=10066\nKeywords=None\nMessage=The access history in hive \\??\\C:\\GlrvqkbVpfm\\Flavia\\KcebucCvbyx\\EahgPyfb\\PcuxmcUnlyMpQpqv5100-0.pei was cleared updating 0112 keys and creating 102 modified pages.","_time":"2020-09-19T17:27:01.000-0400","body":"The access history in hive \\??\\C:\\GlrvqkbVpfm\\Flavia\\KcebucCvbyx\\EahgPyfb\\PcuxmcUnlyMpQpqv5100-0.pei was cleared updating 0112 keys and creating 102 modified pages.","dest":"CAP-E212.chantel.o.aida","dvc":"CAP-E212","dvc_nt_host":"CAP-E212","event_id":"10066","eventtype":"nix_kernel_attached wineventlog_common wineventlog_system wineventlog_windows winsystem","host":"CAP-E212","id":"10066","index":"christopher","linecount":"15","product":"Windows","punct":"//_::_==---====-...==---======_____\\??\\:\\\\\\\\\\-.___","severity":"Information","severity_id":"4","signature_id":"10","source":"ChrIstopHer:System","sourcetype":"WinEventLog:System","splunk_server":"TIM-Y113","src":"CAP-E212.chantel.o.aida","tag":"os\nwindows\nwindows_management","tag::eventtype":"os\nwindows\nwindows_management","vendor":"Salvatore"}}
{"preview":true,"result":{"ComputerName":"CAP-E212.chantel.o.aida","EventCode":"10","EventType":"4","Keywords":"None","LogName":"System","Message":"The access history in hive \\??\\C:\\GlrvqkbVpfm\\Flavia\\KcebucCvbyx\\EahgPyfb\\PcuxmcUnlyMpQpqv5100-0.pei was cleared updating 01 keys and creating 7 modified pages.","OpCode":"Info","RecordNumber":"74187","Sid":"S-1-5-15","SidType":"1","SourceName":"Salvatore-Windows-Kernel-General","TaskCategory":"None","Type":"Information","User":"SYSTEM","_raw":"06/18/2020 05:27:01 PM\nLogName=System\nRhpqmnVflz=Salvatore-Windows-Kernel-General\nStwxmMqfg=10\nEventType=4\nType=Information\nComputerName=CAP-E212.chantel.o.aida\nUser=SYSTEM\nKit=S-1-5-15\nPegYmtf=1\nWwzpIrqtfssz=None\nOpCode=Info\nVdtzufVjledg=74187\nKeywords=None\nMessage=The access history in hive \\??\\C:\\GlrvqkbVpfm\\Flavia\\KcebucCvbyx\\EahgPyfb\\PcuxmcUnlyMpQpqv5100-0.pei was cleared updating 01 keys and creating 7 modified pages.","_time":"2020-09-19T17:27:01.000-0400","body":"The access history in hive \\??\\C:\\GlrvqkbVpfm\\Flavia\\KcebucCvbyx\\EahgPyfb\\PcuxmcUnlyMpQpqv5100-0.pei was cleared updating 01 keys and creating 7 modified pages.","dest":"CAP-E212.chantel.o.aida","dvc":"CAP-E212","dvc_nt_host":"CAP-E212","event_id":"74187","eventtype":"nix_kernel_attached wineventlog_common wineventlog_system wineventlog_windows winsystem","host":"CAP-E212","id":"74187","index":"christopher","linecount":"15","product":"Windows","punct":"//_::_==---====-...==---======_____\\??\\:\\\\\\\\\\-.___","severity":"Information","severity_id":"4","signature_id":"10","source":"ChrIstopHer:System","sourcetype":"WinEventLog:System","splunk_server":"TIM-Y113","src":"CAP-E212.chantel.o.aida","tag":"os\nwindows\nwindows_management","tag::eventtype":"os\nwindows\nwindows_management","vendor":"Salvatore"}}
{"preview":true,"result":{"ComputerName":"CAP-E212.chantel.o.aida","EventCode":"10","EventType":"4","Keywords":"None","LogName":"System","Message":"The access history in hive \\??\\C:\\GlrvqkbVpfm\\Flavia\\KcebucCvbyx\\EahgPyfb\\PcuxmcUnlyMpQpqv5100-0.pei was cleared updating 01 keys and creating 7 modified pages.","OpCode":"Info","RecordNumber":"55011","Sid":"S-1-5-15","SidType":"1","SourceName":"Salvatore-Windows-Kernel-General","TaskCategory":"None","Type":"Information","User":"SYSTEM","_raw":"06/18/2020 05:27:00 PM\nLogName=System\nRhpqmnVflz=Salvatore-Windows-Kernel-General\nStwxmMqfg=10\nEventType=4\nType=Information\nComputerName=CAP-E212.chantel.o.aida\nUser=SYSTEM\nKit=S-1-5-15\nPegYmtf=1\nWwzpIrqtfssz=None\nOpCode=Info\nVdtzufVjledg=55011\nKeywords=None\nMessage=The access history in hive \\??\\C:\\GlrvqkbVpfm\\Flavia\\KcebucCvbyx\\EahgPyfb\\PcuxmcUnlyMpQpqv5100-0.pei was cleared updating 01 keys and creating 7 modified pages.","_time":"2020-09-19T17:27:00.000-0400","body":"The access history in hive \\??\\C:\\GlrvqkbVpfm\\Flavia\\KcebucCvbyx\\EahgPyfb\\PcuxmcUnlyMpQpqv5100-0.pei was cleared updating 01 keys and creating 7 modified pages.","dest":"CAP-E212.chantel.o.aida","dvc":"CAP-E212","dvc_nt_host":"CAP-E212","event_id":"55011","eventtype":"nix_kernel_attached wineventlog_common wineventlog_system wineventlog_windows winsystem","host":"CAP-E212","id":"55011","index":"christopher","linecount":"15","product":"Windows","punct":"//_::_==---====-...==---======_____\\??\\:\\\\\\\\\\-.___","severity":"Information","severity_id":"4","signature_id":"10","source":"ChrIstopHer:System","sourcetype":"WinEventLog:System","splunk_server":"TIM-Y113","src":"CAP-E212.chantel.o.aida","tag":"os\nwindows\nwindows_management","tag::eventtype":"os\nwindows\nwindows_management","vendor":"Salvatore"}}
{"preview":true,"result":{"ComputerName":"CAP-E212.chantel.o.aida","EventCode":"10","EventType":"4","Keywords":"None","LogName":"System","Message":"The access history in hive \\??\\C:\\GlrvqkbVpfm\\Flavia\\KcebucCvbyx\\EahgPyfb\\PcuxmcUnlyMpQpqv5100-0.pei was cleared updating 0112 keys and creating 102 modified pages.","OpCode":"Info","RecordNumber":"80430","Sid":"S-1-5-15","SidType":"1","SourceName":"Salvatore-Windows-Kernel-General","TaskCategory":"None","Type":"Information","User":"SYSTEM","_raw":"06/18/2020 05:27:00 PM\nLogName=System\nRhpqmnVflz=Salvatore-Windows-Kernel-General\nStwxmMqfg=10\nEventType=4\nType=Information\nComputerName=CAP-E212.chantel.o.aida\nUser=SYSTEM\nKit=S-1-5-15\nPegYmtf=1\nWwzpIrqtfssz=None\nOpCode=Info\nVdtzufVjledg=80430\nKeywords=None\nMessage=The access history in hive \\??\\C:\\GlrvqkbVpfm\\Flavia\\KcebucCvbyx\\EahgPyfb\\PcuxmcUnlyMpQpqv5100-0.pei was cleared updating 0112 keys and creating 102 modified pages.","_time":"2020-09-19T17:27:00.000-0400","body":"The access history in hive \\??\\C:\\GlrvqkbVpfm\\Flavia\\KcebucCvbyx\\EahgPyfb\\PcuxmcUnlyMpQpqv5100-0.pei was cleared updating 0112 keys and creating 102 modified pages.","dest":"CAP-E212.chantel.o.aida","dvc":"CAP-E212","dvc_nt_host":"CAP-E212","event_id":"80430","eventtype":"nix_kernel_attached wineventlog_common wineventlog_system wineventlog_windows winsystem","host":"CAP-E212","id":"80430","index":"christopher","linecount":"15","product":"Windows","punct":"//_::_==---====-...==---======_____\\??\\:\\\\\\\\\\-.___","severity":"Information","severity_id":"4","signature_id":"10","source":"ChrIstopHer:System","sourcetype":"WinEventLog:System","splunk_server":"TIM-Y113","src":"CAP-E212.chantel.o.aida","tag":"os\nwindows\nwindows_management","tag::eventtype":"os\nwindows\nwindows_management","vendor":"Salvatore"}}
{"preview":true,"result":{"ComputerName":"CAP-E212.chantel.o.aida","EventCode":"10","EventType":"4","Keywords":"None","LogName":"System","Message":"The access history in hive \\??\\C:\\GlrvqkbVpfm\\Flavia\\KcebucCvbyx\\EahgPyfb\\PcuxmcUnlyMpQpqv5100-0.pei was cleared updating 01 keys and creating 7 modified pages.","OpCode":"Info","RecordNumber":"75553","Sid":"S-1-5-15","SidType":"1","SourceName":"Salvatore-Windows-Kernel-General","TaskCategory":"None","Type":"Information","User":"SYSTEM","_raw":"06/18/2020 05:26:59 PM\nLogName=System\nRhpqmnVflz=Salvatore-Windows-Kernel-General\nStwxmMqfg=10\nEventType=4\nType=Information\nComputerName=CAP-E212.chantel.o.aida\nUser=SYSTEM\nKit=S-1-5-15\nPegYmtf=1\nWwzpIrqtfssz=None\nOpCode=Info\nVdtzufVjledg=75553\nKeywords=None\nMessage=The access history in hive \\??\\C:\\GlrvqkbVpfm\\Flavia\\KcebucCvbyx\\EahgPyfb\\PcuxmcUnlyMpQpqv5100-0.pei was cleared updating 01 keys and creating 7 modified pages.","_time":"2020-09-19T17:26:59.000-0400","body":"The access history in hive \\??\\C:\\GlrvqkbVpfm\\Flavia\\KcebucCvbyx\\EahgPyfb\\PcuxmcUnlyMpQpqv5100-0.pei was cleared updating 01 keys and creating 7 modified pages.","dest":"CAP-E212.chantel.o.aida","dvc":"CAP-E212","dvc_nt_host":"CAP-E212","event_id":"75553","eventtype":"nix_kernel_attached wineventlog_common wineventlog_system wineventlog_windows winsystem","host":"CAP-E212","id":"75553","index":"christopher","linecount":"15","product":"Windows","punct":"//_::_==---====-...==---======_____\\??\\:\\\\\\\\\\-.___","severity":"Information","severity_id":"4","signature_id":"10","source":"ChrIstopHer:System","sourcetype":"WinEventLog:System","splunk_server":"TIM-Y113","src":"CAP-E212.chantel.o.aida","tag":"os\nwindows\nwindows_management","tag::eventtype":"os\nwindows\nwindows_management","vendor":"Salvatore"}}
{"preview":true,"result":{"ComputerName":"CAP-E212.chantel.o.aida","EventCode":"10","EventType":"4","Keywords":"None","LogName":"System","Message":"The access history in hive \\??\\C:\\GlrvqkbVpfm\\Flavia\\KcebucCvbyx\\EahgPyfb\\PcuxmcUnlyMpQpqv5100-0.pei was cleared updating 01 keys and creating 7 modified pages.","OpCode":"Info","RecordNumber":"87202","Sid":"S-1-5-15","SidType":"1","SourceName":"Salvatore-Windows-Kernel-General","TaskCategory":"None","Type":"Information","User":"SYSTEM","_raw":"06/18/2020 05:26:57 PM\nLogName=System\nRhpqmnVflz=Salvatore-Windows-Kernel-General\nStwxmMqfg=10\nEventType=4\nType=Information\nComputerName=CAP-E212.chantel.o.aida\nUser=SYSTEM\nKit=S-1-5-15\nPegYmtf=1\nWwzpIrqtfssz=None\nOpCode=Info\nVdtzufVjledg=87202\nKeywords=None\nMessage=The access history in hive \\??\\C:\\GlrvqkbVpfm\\Flavia\\KcebucCvbyx\\EahgPyfb\\PcuxmcUnlyMpQpqv5100-0.pei was cleared updating 01 keys and creating 7 modified pages.","_time":"2020-09-19T17:26:57.000-0400","body":"The access history in hive \\??\\C:\\GlrvqkbVpfm\\Flavia\\KcebucCvbyx\\EahgPyfb\\PcuxmcUnlyMpQpqv5100-0.pei was cleared updating 01 keys and creating 7 modified pages.","dest":"CAP-E212.chantel.o.aida","dvc":"CAP-E212","dvc_nt_host":"CAP-E212","event_id":"87202","eventtype":"nix_kernel_attached wineventlog_common wineventlog_system wineventlog_windows winsystem","host":"CAP-E212","id":"87202","index":"christopher","linecount":"15","product":"Windows","punct":"//_::_==---====-...==---======_____\\??\\:\\\\\\\\\\-.___","severity":"Information","severity_id":"4","signature_id":"10","source":"ChrIstopHer:System","sourcetype":"WinEventLog:System","splunk_server":"TIM-Y113","src":"CAP-E212.chantel.o.aida","tag":"os\nwindows\nwindows_management","tag::eventtype":"os\nwindows\nwindows_management","vendor":"Salvatore"}}
{"preview":true,"result":{"ComputerName":"CAP-E212.chantel.o.aida","EventCode":"10","EventType":"4","Keywords":"None","LogName":"System","Message":"The access history in hive \\??\\C:\\GlrvqkbVpfm\\Flavia\\KcebucCvbyx\\EahgPyfb\\PcuxmcUnlyMpQpqv5100-0.pei was cleared updating 0112 keys and creating 102 modified pages.","OpCode":"Info","RecordNumber":"58022","Sid":"S-1-5-15","SidType":"1","SourceName":"Salvatore-Windows-Kernel-General","TaskCategory":"None","Type":"Information","User":"SYSTEM","_raw":"06/18/2020 05:26:57 PM\nLogName=System\nRhpqmnVflz=Salvatore-Windows-Kernel-General\nStwxmMqfg=10\nEventType=4\nType=Information\nComputerName=CAP-E212.chantel.o.aida\nUser=SYSTEM\nKit=S-1-5-15\nPegYmtf=1\nWwzpIrqtfssz=None\nOpCode=Info\nVdtzufVjledg=58022\nKeywords=None\nMessage=The access history in hive \\??\\C:\\GlrvqkbVpfm\\Flavia\\KcebucCvbyx\\EahgPyfb\\PcuxmcUnlyMpQpqv5100-0.pei was cleared updating 0112 keys and creating 102 modified pages.","_time":"2020-09-19T17:26:57.000-0400","body":"The access history in hive \\??\\C:\\GlrvqkbVpfm\\Flavia\\KcebucCvbyx\\EahgPyfb\\PcuxmcUnlyMpQpqv5100-0.pei was cleared updating 0112 keys and creating 102 modified pages.","dest":"CAP-E212.chantel.o.aida","dvc":"CAP-E212","dvc_nt_host":"CAP-E212","event_id":"58022","eventtype":"nix_kernel_attached wineventlog_common wineventlog_system wineventlog_windows winsystem","host":"CAP-E212","id":"58022","index":"christopher","linecount":"15","product":"Windows","punct":"//_::_==---====-...==---======_____\\??\\:\\\\\\\\\\-.___","severity":"Information","severity_id":"4","signature_id":"10","source":"ChrIstopHer:System","sourcetype":"WinEventLog:System","splunk_server":"TIM-Y113","src":"CAP-E212.chantel.o.aida","tag":"os\nwindows\nwindows_management","tag::eventtype":"os\nwindows\nwindows_management","vendor":"Salvatore"}}
{"preview":true,"result":{"ComputerName":"CAP-E212.chantel.o.aida","EventCode":"10","EventType":"4","Keywords":"None","LogName":"System","Message":"The access history in hive \\??\\C:\\GlrvqkbVpfm\\Flavia\\KcebucCvbyx\\EahgPyfb\\PcuxmcUnlyMpQpqv5100-0.pei was cleared updating 01 keys and creating 7 modified pages.","OpCode":"Info","RecordNumber":"12020","Sid":"S-1-5-15","SidType":"1","SourceName":"Salvatore-Windows-Kernel-General","TaskCategory":"None","Type":"Information","User":"SYSTEM","_raw":"06/18/2020 05:26:57 PM\nLogName=System\nRhpqmnVflz=Salvatore-Windows-Kernel-General\nStwxmMqfg=10\nEventType=4\nType=Information\nComputerName=CAP-E212.chantel.o.aida\nUser=SYSTEM\nKit=S-1-5-15\nPegYmtf=1\nWwzpIrqtfssz=None\nOpCode=Info\nVdtzufVjledg=12020\nKeywords=None\nMessage=The access history in hive \\??\\C:\\GlrvqkbVpfm\\Flavia\\KcebucCvbyx\\EahgPyfb\\PcuxmcUnlyMpQpqv5100-0.pei was cleared updating 01 keys and creating 7 modified pages.","_time":"2020-09-19T17:26:57.000-0400","body":"The access history in hive \\??\\C:\\GlrvqkbVpfm\\Flavia\\KcebucCvbyx\\EahgPyfb\\PcuxmcUnlyMpQpqv5100-0.pei was cleared updating 01 keys and creating 7 modified pages.","dest":"CAP-E212.chantel.o.aida","dvc":"CAP-E212","dvc_nt_host":"CAP-E212","event_id":"12020","eventtype":"nix_kernel_attached wineventlog_common wineventlog_system wineventlog_windows winsystem","host":"CAP-E212","id":"12020","index":"christopher","linecount":"15","product":"Windows","punct":"//_::_==---====-...==---======_____\\??\\:\\\\\\\\\\-.___","severity":"Information","severity_id":"4","signature_id":"10","source":"ChrIstopHer:System","sourcetype":"WinEventLog:System","splunk_server":"TIM-Y113","src":"CAP-E212.chantel.o.aida","tag":"os\nwindows\nwindows_management","tag::eventtype":"os\nwindows\nwindows_management","vendor":"Salvatore"}}
{"preview":true,"result":{"ComputerName":"CAP-E212.chantel.o.aida","EventCode":"10","EventType":"4","Keywords":"None","LogName":"System","Message":"The access history in hive \\??\\C:\\GlrvqkbVpfm\\Flavia\\KcebucCvbyx\\EahgPyfb\\PcuxmcUnlyMpQpqv5100-0.pei was cleared updating 01 keys and creating 7 modified pages.","OpCode":"Info","RecordNumber":"48320","Sid":"S-1-5-15","SidType":"1","SourceName":"Salvatore-Windows-Kernel-General","TaskCategory":"None","Type":"Information","User":"SYSTEM","_raw":"06/18/2020 05:26:56 PM\nLogName=System\nRhpqmnVflz=Salvatore-Windows-Kernel-General\nStwxmMqfg=10\nEventType=4\nType=Information\nComputerName=CAP-E212.chantel.o.aida\nUser=SYSTEM\nKit=S-1-5-15\nPegYmtf=1\nWwzpIrqtfssz=None\nOpCode=Info\nVdtzufVjledg=48320\nKeywords=None\nMessage=The access history in hive \\??\\C:\\GlrvqkbVpfm\\Flavia\\KcebucCvbyx\\EahgPyfb\\PcuxmcUnlyMpQpqv5100-0.pei was cleared updating 01 keys and creating 7 modified pages.","_time":"2020-09-19T17:26:56.000-0400","body":"The access history in hive \\??\\C:\\GlrvqkbVpfm\\Flavia\\KcebucCvbyx\\EahgPyfb\\PcuxmcUnlyMpQpqv5100-0.pei was cleared updating 01 keys and creating 7 modified pages.","dest":"CAP-E212.chantel.o.aida","dvc":"CAP-E212","dvc_nt_host":"CAP-E212","event_id":"48320","eventtype":"nix_kernel_attached wineventlog_common wineventlog_system wineventlog_windows winsystem","host":"CAP-E212","id":"48320","index":"christopher","linecount":"15","product":"Windows","punct":"//_::_==---====-...==---======_____\\??\\:\\\\\\\\\\-.___","severity":"Information","severity_id":"4","signature_id":"10","source":"ChrIstopHer:System","sourcetype":"WinEventLog:System","splunk_server":"TIM-Y113","src":"CAP-E212.chantel.o.aida","tag":"os\nwindows\nwindows_management","tag::eventtype":"os\nwindows\nwindows_management","vendor":"Salvatore"}}
{"preview":true,"result":{"ComputerName":"CAP-E212.chantel.o.aida","EventCode":"10","EventType":"4","Keywords":"None","LogName":"System","Message":"The access history in hive \\??\\C:\\GlrvqkbVpfm\\Flavia\\KcebucCvbyx\\EahgPyfb\\PcuxmcUnlyMpQpqv5100-0.pei was cleared updating 0112 keys and creating 102 modified pages.","OpCode":"Info","RecordNumber":"19340","Sid":"S-1-5-15","SidType":"1","SourceName":"Salvatore-Windows-Kernel-General","TaskCategory":"None","Type":"Information","User":"SYSTEM","_raw":"06/18/2020 05:26:55 PM\nLogName=System\nRhpqmnVflz=Salvatore-Windows-Kernel-General\nStwxmMqfg=10\nEventType=4\nType=Information\nComputerName=CAP-E212.chantel.o.aida\nUser=SYSTEM\nKit=S-1-5-15\nPegYmtf=1\nWwzpIrqtfssz=None\nOpCode=Info\nVdtzufVjledg=19340\nKeywords=None\nMessage=The access history in hive \\??\\C:\\GlrvqkbVpfm\\Flavia\\KcebucCvbyx\\EahgPyfb\\PcuxmcUnlyMpQpqv5100-0.pei was cleared updating 0112 keys and creating 102 modified pages.","_time":"2020-09-19T17:26:55.000-0400","body":"The access history in hive \\??\\C:\\GlrvqkbVpfm\\Flavia\\KcebucCvbyx\\EahgPyfb\\PcuxmcUnlyMpQpqv5100-0.pei was cleared updating 0112 keys and creating 102 modified pages.","dest":"CAP-E212.chantel.o.aida","dvc":"CAP-E212","dvc_nt_host":"CAP-E212","event_id":"19340","eventtype":"nix_kernel_attached wineventlog_common wineventlog_system wineventlog_windows winsystem","host":"CAP-E212","id":"19340","index":"christopher","linecount":"15","product":"Windows","punct":"//_::_==---====-...==---======_____\\??\\:\\\\\\\\\\-.___","severity":"Information","severity_id":"4","signature_id":"10","source":"ChrIstopHer:System","sourcetype":"WinEventLog:System","splunk_server":"TIM-Y113","src":"CAP-E212.chantel.o.aida","tag":"os\nwindows\nwindows_management","tag::eventtype":"os\nwindows\nwindows_management","vendor":"Salvatore"}}
{"preview":true,"result":{"ComputerName":"CAP-E212.chantel.o.aida","EventCode":"10","EventType":"4","Keywords":"None","LogName":"System","Message":"The access history in hive \\??\\C:\\GlrvqkbVpfm\\Flavia\\KcebucCvbyx\\EahgPyfb\\PcuxmcUnlyMpQpqv5100-0.pei was cleared updating 01 keys and creating 7 modified pages.","OpCode":"Info","RecordNumber":"03183","Sid":"S-1-5-15","SidType":"1","SourceName":"Salvatore-Windows-Kernel-General","TaskCategory":"None","Type":"Information","User":"SYSTEM","_raw":"06/18/2020 05:26:54 PM\nLogName=System\nRhpqmnVflz=Salvatore-Windows-Kernel-General\nStwxmMqfg=10\nEventType=4\nType=Information\nComputerName=CAP-E212.chantel.o.aida\nUser=SYSTEM\nKit=S-1-5-15\nPegYmtf=1\nWwzpIrqtfssz=None\nOpCode=Info\nVdtzufVjledg=03183\nKeywords=None\nMessage=The access history in hive \\??\\C:\\GlrvqkbVpfm\\Flavia\\KcebucCvbyx\\EahgPyfb\\PcuxmcUnlyMpQpqv5100-0.pei was cleared updating 01 keys and creating 7 modified pages.","_time":"2020-09-19T17:26:54.000-0400","body":"The access history in hive \\??\\C:\\GlrvqkbVpfm\\Flavia\\KcebucCvbyx\\EahgPyfb\\PcuxmcUnlyMpQpqv5100-0.pei was cleared updating 01 keys and creating 7 modified pages.","dest":"CAP-E212.chantel.o.aida","dvc":"CAP-E212","dvc_nt_host":"CAP-E212","event_id":"03183","eventtype":"nix_kernel_attached wineventlog_common wineventlog_system wineventlog_windows winsystem","host":"CAP-E212","id":"03183","index":"christopher","linecount":"15","product":"Windows","punct":"//_::_==---====-...==---======_____\\??\\:\\\\\\\\\\-.___","severity":"Information","severity_id":"4","signature_id":"10","source":"ChrIstopHer:System","sourcetype":"WinEventLog:System","splunk_server":"TIM-Y113","src":"CAP-E212.chantel.o.aida","tag":"os\nwindows\nwindows_management","tag::eventtype":"os\nwindows\nwindows_management","vendor":"Salvatore"}}
{"preview":true,"result":{"ComputerName":"CAP-E212.chantel.o.aida","EventCode":"10","EventType":"4","Keywords":"None","LogName":"System","Message":"The access history in hive \\??\\C:\\GlrvqkbVpfm\\Flavia\\KcebucCvbyx\\EahgPyfb\\PcuxmcUnlyMpQpqv5100-0.pei was cleared updating 01 keys and creating 7 modified pages.","OpCode":"Info","RecordNumber":"26481","Sid":"S-1-5-15","SidType":"1","SourceName":"Salvatore-Windows-Kernel-General","TaskCategory":"None","Type":"Information","User":"SYSTEM","_raw":"06/18/2020 05:26:53 PM\nLogName=System\nRhpqmnVflz=Salvatore-Windows-Kernel-General\nStwxmMqfg=10\nEventType=4\nType=Information\nComputerName=CAP-E212.chantel.o.aida\nUser=SYSTEM\nKit=S-1-5-15\nPegYmtf=1\nWwzpIrqtfssz=None\nOpCode=Info\nVdtzufVjledg=26481\nKeywords=None\nMessage=The access history in hive \\??\\C:\\GlrvqkbVpfm\\Flavia\\KcebucCvbyx\\EahgPyfb\\PcuxmcUnlyMpQpqv5100-0.pei was cleared updating 01 keys and creating 7 modified pages.","_time":"2020-09-19T17:26:53.000-0400","body":"The access history in hive \\??\\C:\\GlrvqkbVpfm\\Flavia\\KcebucCvbyx\\EahgPyfb\\PcuxmcUnlyMpQpqv5100-0.pei was cleared updating 01 keys and creating 7 modified pages.","dest":"CAP-E212.chantel.o.aida","dvc":"CAP-E212","dvc_nt_host":"CAP-E212","event_id":"26481","eventtype":"nix_kernel_attached wineventlog_common wineventlog_system wineventlog_windows winsystem","host":"CAP-E212","id":"26481","index":"christopher","linecount":"15","product":"Windows","punct":"//_::_==---====-...==---======_____\\??\\:\\\\\\\\\\-.___","severity":"Information","severity_id":"4","signature_id":"10","source":"ChrIstopHer:System","sourcetype":"WinEventLog:System","splunk_server":"TIM-Y113","src":"CAP-E212.chantel.o.aida","tag":"os\nwindows\nwindows_management","tag::eventtype":"os\nwindows\nwindows_management","vendor":"Salvatore"}}
{"preview":true,"result":{"ComputerName":"CAP-E212.chantel.o.aida","EventCode":"10","EventType":"4","Keywords":"None","LogName":"System","Message":"The access history in hive \\??\\C:\\GlrvqkbVpfm\\Flavia\\KcebucCvbyx\\EahgPyfb\\PcuxmcUnlyMpQpqv5100-0.pei was cleared updating 0112 keys and creating 102 modified pages.","OpCode":"Info","RecordNumber":"49500","Sid":"S-1-5-15","SidType":"1","SourceName":"Salvatore-Windows-Kernel-General","TaskCategory":"None","Type":"Information","User":"SYSTEM","_raw":"06/18/2020 05:26:52 PM\nLogName=System\nRhpqmnVflz=Salvatore-Windows-Kernel-General\nStwxmMqfg=10\nEventType=4\nType=Information\nComputerName=CAP-E212.chantel.o.aida\nUser=SYSTEM\nKit=S-1-5-15\nPegYmtf=1\nWwzpIrqtfssz=None\nOpCode=Info\nVdtzufVjledg=49500\nKeywords=None\nMessage=The access history in hive \\??\\C:\\GlrvqkbVpfm\\Flavia\\KcebucCvbyx\\EahgPyfb\\PcuxmcUnlyMpQpqv5100-0.pei was cleared updating 0112 keys and creating 102 modified pages.","_time":"2020-09-19T17:26:52.000-0400","body":"The access history in hive \\??\\C:\\GlrvqkbVpfm\\Flavia\\KcebucCvbyx\\EahgPyfb\\PcuxmcUnlyMpQpqv5100-0.pei was cleared updating 0112 keys and creating 102 modified pages.","dest":"CAP-E212.chantel.o.aida","dvc":"CAP-E212","dvc_nt_host":"CAP-E212","event_id":"49500","eventtype":"nix_kernel_attached wineventlog_common wineventlog_system wineventlog_windows winsystem","host":"CAP-E212","id":"49500","index":"christopher","linecount":"15","product":"Windows","punct":"//_::_==---====-...==---======_____\\??\\:\\\\\\\\\\-.___","severity":"Information","severity_id":"4","signature_id":"10","source":"ChrIstopHer:System","sourcetype":"WinEventLog:System","splunk_server":"TIM-Y113","src":"CAP-E212.chantel.o.aida","tag":"os\nwindows\nwindows_management","tag::eventtype":"os\nwindows\nwindows_management","vendor":"Salvatore"}}
{"preview":true,"result":{"ComputerName":"CAP-E212.chantel.o.aida","EventCode":"10","EventType":"4","Keywords":"None","LogName":"System","Message":"The access history in hive \\??\\C:\\GlrvqkbVpfm\\Flavia\\KcebucCvbyx\\EahgPyfb\\PcuxmcUnlyMpQpqv5100-0.pei was cleared updating 01 keys and creating 7 modified pages.","OpCode":"Info","RecordNumber":"33185","Sid":"S-1-5-15","SidType":"1","SourceName":"Salvatore-Windows-Kernel-General","TaskCategory":"None","Type":"Information","User":"SYSTEM","_raw":"06/18/2020 05:26:52 PM\nLogName=System\nRhpqmnVflz=Salvatore-Windows-Kernel-General\nStwxmMqfg=10\nEventType=4\nType=Information\nComputerName=CAP-E212.chantel.o.aida\nUser=SYSTEM\nKit=S-1-5-15\nPegYmtf=1\nWwzpIrqtfssz=None\nOpCode=Info\nVdtzufVjledg=33185\nKeywords=None\nMessage=The access history in hive \\??\\C:\\GlrvqkbVpfm\\Flavia\\KcebucCvbyx\\EahgPyfb\\PcuxmcUnlyMpQpqv5100-0.pei was cleared updating 01 keys and creating 7 modified pages.","_time":"2020-09-19T17:26:52.000-0400","body":"The access history in hive \\??\\C:\\GlrvqkbVpfm\\Flavia\\KcebucCvbyx\\EahgPyfb\\PcuxmcUnlyMpQpqv5100-0.pei was cleared updating 01 keys and creating 7 modified pages.","dest":"CAP-E212.chantel.o.aida","dvc":"CAP-E212","dvc_nt_host":"CAP-E212","event_id":"33185","eventtype":"nix_kernel_attached wineventlog_common wineventlog_system wineventlog_windows winsystem","host":"CAP-E212","id":"33185","index":"christopher","linecount":"15","product":"Windows","punct":"//_::_==---====-...==---======_____\\??\\:\\\\\\\\\\-.___","severity":"Information","severity_id":"4","signature_id":"10","source":"ChrIstopHer:System","sourcetype":"WinEventLog:System","splunk_server":"TIM-Y113","src":"CAP-E212.chantel.o.aida","tag":"os\nwindows\nwindows_management","tag::eventtype":"os\nwindows\nwindows_management","vendor":"Salvatore"}}
{"preview":true,"result":{"ComputerName":"madelaine.chantel.ad.chantel.ub","EventCode":"1001","EventType":"4","Keywords":"None","LogName":"System","Message":"The Group Policy settings for the computer were processed successfully. New settings from 11 Group Policy objects were detected and applied.","OpCode":"Start","RecordNumber":"305013","Sid":"S-1-5-15","SidType":"0","SourceName":"Salvatore-Windows-LwbrdLadkgk","TaskCategory":"None","Type":"Information","User":"NOT_TRANSLATED","_raw":"06/18/2020 05:25:17 PM\nLogName=System\nRhpqmnVflz=Salvatore-Windows-LwbrdLadkgk\nStwxmMqfg=1001\nEventType=4\nType=Information\nComputerName=madelaine.chantel.ad.chantel.ub\nUser=NOT_TRANSLATED\nKit=S-1-5-15\nPegYmtf=0\nWwzpIrqtfssz=None\nOpCode=Start\nVdtzufVjledg=305013\nKeywords=None\nMessage=The Group Policy settings for the computer were processed successfully. New settings from 11 Group Policy objects were detected and applied.","_time":"2020-09-19T17:25:17.000-0400","body":"The Group Policy settings for the computer were processed successfully. New settings from 11 Group Policy objects were detected and applied.","dest":"madelaine.chantel.ad.chantel.ub","dvc":"madelaine","dvc_nt_host":"madelaine","event_id":"305013","eventtype":"wineventlog_common wineventlog_system wineventlog_windows winsystem","host":"madelaine","id":"305013","index":"christopher","linecount":"15","product":"Windows","punct":"//_::_\\r=\\r=--\\r=\\r=\\r=\\r=....\\r=\\r=---\\r=\\r=\\r=\\r=\\r=\\r=_______","severity":"Information","severity_id":"4","signature_id":"1001","source":"ChrIstopHer:System","sourcetype":"WinEventLog:System","splunk_server":"tim-m105.pz.woodrow","src":"madelaine.chantel.ad.chantel.ub","tag":"os\nwindows\nwindows_management","tag::eventtype":"os\nwindows\nwindows_management","vendor":"Salvatore"}}
{"preview":true,"result":{"ComputerName":"madelaine.chantel.ad.chantel.ub","EventCode":"1001","EventType":"4","Keywords":"None","LogName":"System","Message":"The Group Policy settings for the computer were processed successfully. New settings from 11 Group Policy objects were detected and applied.","OpCode":"Start","RecordNumber":"407110","Sid":"S-1-5-15","SidType":"0","SourceName":"Salvatore-Windows-LwbrdLadkgk","TaskCategory":"None","Type":"Information","User":"NOT_TRANSLATED","_raw":"06/18/2020 05:20:09 PM\nLogName=System\nRhpqmnVflz=Salvatore-Windows-LwbrdLadkgk\nStwxmMqfg=1001\nEventType=4\nType=Information\nComputerName=madelaine.chantel.ad.chantel.ub\nUser=NOT_TRANSLATED\nKit=S-1-5-15\nPegYmtf=0\nWwzpIrqtfssz=None\nOpCode=Start\nVdtzufVjledg=407110\nKeywords=None\nMessage=The Group Policy settings for the computer were processed successfully. New settings from 11 Group Policy objects were detected and applied.","_time":"2020-09-19T17:20:09.000-0400","body":"The Group Policy settings for the computer were processed successfully. New settings from 11 Group Policy objects were detected and applied.","dest":"madelaine.chantel.ad.chantel.ub","dvc":"madelaine","dvc_nt_host":"madelaine","event_id":"407110","eventtype":"wineventlog_common wineventlog_system wineventlog_windows winsystem","host":"madelaine","id":"407110","index":"christopher","linecount":"15","product":"Windows","punct":"//_::_\\r=\\r=--\\r=\\r=\\r=\\r=....\\r=\\r=---\\r=\\r=\\r=\\r=\\r=\\r=_______","severity":"Information","severity_id":"4","signature_id":"1001","source":"ChrIstopHer:System","sourcetype":"WinEventLog:System","splunk_server":"TIM-Y113","src":"madelaine.chantel.ad.chantel.ub","tag":"os\nwindows\nwindows_management","tag::eventtype":"os\nwindows\nwindows_management","vendor":"Salvatore"}}
{"preview":true,"result":{"ComputerName":"CAP-E212.chantel.o.aida","EventCode":"5014","EventType":"4","Keywords":"Classic","LogName":"System","Message":"The Background Intelligent Transfer Service service entered the stopped state.","OpCode":"The operation completed successfully.","RecordNumber":"68213","SourceName":"Salvatore-Windows-Service Control Manager","TaskCategory":"None","Type":"Information","_raw":"06/18/2020 05:17:31 PM\nLogName=System\nRhpqmnVflz=Salvatore-Windows-Service Control Manager\nStwxmMqfg=5014\nEventType=4\nType=Information\nComputerName=CAP-E212.chantel.o.aida\nWwzpIrqtfssz=None\nOpCode=The operation completed successfully.\nVdtzufVjledg=68213\nKeywords=Classic\nMessage=The Background Intelligent Transfer Service service entered the stopped state.","_time":"2020-09-19T17:17:31.000-0400","body":"The Background Intelligent Transfer Service service entered the stopped state.","dest":"CAP-E212.chantel.o.aida","dvc":"CAP-E212","dvc_nt_host":"CAP-E212","event_id":"68213","eventtype":"wineventlog_common wineventlog_system wineventlog_windows winsystem","host":"CAP-E212","id":"68213","index":"christopher","linecount":"12","product":"Windows","punct":"//_::_==--__====-...==___.===_________.","severity":"Information","severity_id":"4","signature_id":"5014","source":"ChrIstopHer:System","sourcetype":"WinEventLog:System","splunk_server":"tim-l107.pz.woodrow","src":"CAP-E212.chantel.o.aida","tag":"os\nwindows\nwindows_management","tag::eventtype":"os\nwindows\nwindows_management","vendor":"Salvatore"}}
{"preview":true,"result":{"ComputerName":"CAP-E212.chantel.o.aida","EventCode":"5000","EventType":"4","Keywords":"Classic","LogName":"System","Message":"The start type of the Background Intelligent Transfer Service service was changed from auto start to demand start.","OpCode":"The operation completed successfully.","RecordNumber":"35104","Sid":"S-1-5-15","SidType":"1","SourceName":"Salvatore-Windows-Service Control Manager","TaskCategory":"None","Type":"Information","User":"SYSTEM","_raw":"06/18/2020 05:17:31 PM\nLogName=System\nRhpqmnVflz=Salvatore-Windows-Service Control Manager\nStwxmMqfg=5000\nEventType=4\nType=Information\nComputerName=CAP-E212.chantel.o.aida\nUser=SYSTEM\nKit=S-1-5-15\nPegYmtf=1\nWwzpIrqtfssz=None\nOpCode=The operation completed successfully.\nVdtzufVjledg=35104\nKeywords=Classic\nMessage=The start type of the Background Intelligent Transfer Service service was changed from auto start to demand start.","_time":"2020-09-19T17:17:31.000-0400","body":"The start type of the Background Intelligent Transfer Service service was changed from auto start to demand start.","dest":"CAP-E212.chantel.o.aida","dvc":"CAP-E212","dvc_nt_host":"CAP-E212","event_id":"35104","eventtype":"wineventlog_common wineventlog_system wineventlog_windows winsystem","host":"CAP-E212","id":"35104","index":"christopher","linecount":"15","product":"Windows","punct":"//_::_==--__====-...==---===___.===_______________","severity":"Information","severity_id":"4","signature_id":"5000","source":"ChrIstopHer:System","sourcetype":"WinEventLog:System","splunk_server":"tim-l107.pz.woodrow","src":"CAP-E212.chantel.o.aida","tag":"os\nwindows\nwindows_management","tag::eventtype":"os\nwindows\nwindows_management","vendor":"Salvatore"}}
{"preview":true,"result":{"ComputerName":"CAP-E212.chantel.o.aida","EventCode":"5014","EventType":"4","Keywords":"Classic","LogName":"System","Message":"The Background Intelligent Transfer Service service entered the running state.","OpCode":"The operation completed successfully.","RecordNumber":"13251","SourceName":"Salvatore-Windows-Service Control Manager","TaskCategory":"None","Type":"Information","_raw":"06/18/2020 05:15:30 PM\nLogName=System\nRhpqmnVflz=Salvatore-Windows-Service Control Manager\nStwxmMqfg=5014\nEventType=4\nType=Information\nComputerName=CAP-E212.chantel.o.aida\nWwzpIrqtfssz=None\nOpCode=The operation completed successfully.\nVdtzufVjledg=13251\nKeywords=Classic\nMessage=The Background Intelligent Transfer Service service entered the running state.","_time":"2020-09-19T17:15:30.000-0400","body":"The Background Intelligent Transfer Service service entered the running state.","dest":"CAP-E212.chantel.o.aida","dvc":"CAP-E212","dvc_nt_host":"CAP-E212","event_id":"13251","eventtype":"wineventlog_common wineventlog_system wineventlog_windows winsystem","host":"CAP-E212","id":"13251","index":"christopher","linecount":"12","product":"Windows","punct":"//_::_==--__====-...==___.===_________.","severity":"Information","severity_id":"4","signature_id":"5014","source":"ChrIstopHer:System","sourcetype":"WinEventLog:System","splunk_server":"tim-l107.pz.woodrow","src":"CAP-E212.chantel.o.aida","tag":"os\nwindows\nwindows_management","tag::eventtype":"os\nwindows\nwindows_management","vendor":"Salvatore"}}
{"preview":true,"result":{"ComputerName":"CAP-E212.chantel.o.aida","EventCode":"5000","EventType":"4","Keywords":"Classic","LogName":"System","Message":"The start type of the Background Intelligent Transfer Service service was changed from demand start to auto start.","OpCode":"The operation completed successfully.","RecordNumber":"57112","Sid":"S-1-5-15","SidType":"1","SourceName":"Salvatore-Windows-Service Control Manager","TaskCategory":"None","Type":"Information","User":"SYSTEM","_raw":"06/18/2020 05:15:30 PM\nLogName=System\nRhpqmnVflz=Salvatore-Windows-Service Control Manager\nStwxmMqfg=5000\nEventType=4\nType=Information\nComputerName=CAP-E212.chantel.o.aida\nUser=SYSTEM\nKit=S-1-5-15\nPegYmtf=1\nWwzpIrqtfssz=None\nOpCode=The operation completed successfully.\nVdtzufVjledg=57112\nKeywords=Classic\nMessage=The start type of the Background Intelligent Transfer Service service was changed from demand start to auto start.","_time":"2020-09-19T17:15:30.000-0400","body":"The start type of the Background Intelligent Transfer Service service was changed from demand start to auto start.","dest":"CAP-E212.chantel.o.aida","dvc":"CAP-E212","dvc_nt_host":"CAP-E212","event_id":"57112","eventtype":"wineventlog_common wineventlog_system wineventlog_windows winsystem","host":"CAP-E212","id":"57112","index":"christopher","linecount":"15","product":"Windows","punct":"//_::_==--__====-...==---===___.===_______________","severity":"Information","severity_id":"4","signature_id":"5000","source":"ChrIstopHer:System","sourcetype":"WinEventLog:System","splunk_server":"tim-l107.pz.woodrow","src":"CAP-E212.chantel.o.aida","tag":"os\nwindows\nwindows_management","tag::eventtype":"os\nwindows\nwindows_management","vendor":"Salvatore"}}
{"preview":true,"result":{"ComputerName":"madelaine.chantel.ad.chantel.ub","EventCode":"1001","EventType":"4","Keywords":"None","LogName":"System","Message":"The Group Policy settings for the computer were processed successfully. New settings from 11 Group Policy objects were detected and applied.","OpCode":"Start","RecordNumber":"500121","Sid":"S-1-5-15","SidType":"0","SourceName":"Salvatore-Windows-LwbrdLadkgk","TaskCategory":"None","Type":"Information","User":"NOT_TRANSLATED","_raw":"06/18/2020 05:15:01 PM\nLogName=System\nRhpqmnVflz=Salvatore-Windows-LwbrdLadkgk\nStwxmMqfg=1001\nEventType=4\nType=Information\nComputerName=madelaine.chantel.ad.chantel.ub\nUser=NOT_TRANSLATED\nKit=S-1-5-15\nPegYmtf=0\nWwzpIrqtfssz=None\nOpCode=Start\nVdtzufVjledg=500121\nKeywords=None\nMessage=The Group Policy settings for the computer were processed successfully. New settings from 11 Group Policy objects were detected and applied.","_time":"2020-09-19T17:15:01.000-0400","body":"The Group Policy settings for the computer were processed successfully. New settings from 11 Group Policy objects were detected and applied.","dest":"madelaine.chantel.ad.chantel.ub","dvc":"madelaine","dvc_nt_host":"madelaine","event_id":"500121","eventtype":"wineventlog_common wineventlog_system wineventlog_windows winsystem","host":"madelaine","id":"500121","index":"christopher","linecount":"15","product":"Windows","punct":"//_::_\\r=\\r=--\\r=\\r=\\r=\\r=....\\r=\\r=---\\r=\\r=\\r=\\r=\\r=\\r=_______","severity":"Information","severity_id":"4","signature_id":"1001","source":"ChrIstopHer:System","sourcetype":"WinEventLog:System","splunk_server":"tim-l107.pz.woodrow","src":"madelaine.chantel.ad.chantel.ub","tag":"os\nwindows\nwindows_management","tag::eventtype":"os\nwindows\nwindows_management","vendor":"Salvatore"}}
{"preview":true,"result":{"ComputerName":"CAP-E212.chantel.o.aida","EventCode":"5014","EventType":"4","Keywords":"Classic","LogName":"System","Message":"The Network Setup Service service entered the stopped state.","OpCode":"The operation completed successfully.","RecordNumber":"72241","SourceName":"Salvatore-Windows-Service Control Manager","TaskCategory":"None","Type":"Information","_raw":"06/18/2020 05:10:21 PM\nLogName=System\nRhpqmnVflz=Salvatore-Windows-Service Control Manager\nStwxmMqfg=5014\nEventType=4\nType=Information\nComputerName=CAP-E212.chantel.o.aida\nWwzpIrqtfssz=None\nOpCode=The operation completed successfully.\nVdtzufVjledg=72241\nKeywords=Classic\nMessage=The Network Setup Service service entered the stopped state.","_time":"2020-09-19T17:10:21.000-0400","body":"The Network Setup Service service entered the stopped state.","dest":"CAP-E212.chantel.o.aida","dvc":"CAP-E212","dvc_nt_host":"CAP-E212","event_id":"72241","eventtype":"wineventlog_common wineventlog_system wineventlog_windows winsystem","host":"CAP-E212","id":"72241","index":"christopher","linecount":"12","product":"Windows","punct":"//_::_==--__====-...==___.===________.","severity":"Information","severity_id":"4","signature_id":"5014","source":"ChrIstopHer:System","sourcetype":"WinEventLog:System","splunk_server":"TIM-S107","src":"CAP-E212.chantel.o.aida","tag":"os\nwindows\nwindows_management","tag::eventtype":"os\nwindows\nwindows_management","vendor":"Salvatore"}}
{"preview":true,"result":{"ComputerName":"madelaine.chantel.ad.chantel.ub","EventCode":"1001","EventType":"4","Keywords":"None","LogName":"System","Message":"The Group Policy settings for the computer were processed successfully. New settings from 11 Group Policy objects were detected and applied.","OpCode":"Start","RecordNumber":"203020","Sid":"S-1-5-15","SidType":"0","SourceName":"Salvatore-Windows-LwbrdLadkgk","TaskCategory":"None","Type":"Information","User":"NOT_TRANSLATED","_raw":"06/18/2020 05:09:53 PM\nLogName=System\nRhpqmnVflz=Salvatore-Windows-LwbrdLadkgk\nStwxmMqfg=1001\nEventType=4\nType=Information\nComputerName=madelaine.chantel.ad.chantel.ub\nUser=NOT_TRANSLATED\nKit=S-1-5-15\nPegYmtf=0\nWwzpIrqtfssz=None\nOpCode=Start\nVdtzufVjledg=203020\nKeywords=None\nMessage=The Group Policy settings for the computer were processed successfully. New settings from 11 Group Policy objects were detected and applied.","_time":"2020-09-19T17:09:53.000-0400","body":"The Group Policy settings for the computer were processed successfully. New settings from 11 Group Policy objects were detected and applied.","dest":"madelaine.chantel.ad.chantel.ub","dvc":"madelaine","dvc_nt_host":"madelaine","event_id":"203020","eventtype":"wineventlog_common wineventlog_system wineventlog_windows winsystem","host":"madelaine","id":"203020","index":"christopher","linecount":"15","product":"Windows","punct":"//_::_\\r=\\r=--\\r=\\r=\\r=\\r=....\\r=\\r=---\\r=\\r=\\r=\\r=\\r=\\r=_______","severity":"Information","severity_id":"4","signature_id":"1001","source":"ChrIstopHer:System","sourcetype":"WinEventLog:System","splunk_server":"TIM-Y113","src":"madelaine.chantel.ad.chantel.ub","tag":"os\nwindows\nwindows_management","tag::eventtype":"os\nwindows\nwindows_management","vendor":"Salvatore"}}
{"preview":true,"result":{"ComputerName":"CAP-E212.chantel.o.aida","EventCode":"5014","EventType":"4","Keywords":"Classic","LogName":"System","Message":"The Network Setup Service service entered the running state.","OpCode":"The operation completed successfully.","RecordNumber":"75270","SourceName":"Salvatore-Windows-Service Control Manager","TaskCategory":"None","Type":"Information","_raw":"06/18/2020 05:07:20 PM\nLogName=System\nRhpqmnVflz=Salvatore-Windows-Service Control Manager\nStwxmMqfg=5014\nEventType=4\nType=Information\nComputerName=CAP-E212.chantel.o.aida\nWwzpIrqtfssz=None\nOpCode=The operation completed successfully.\nVdtzufVjledg=75270\nKeywords=Classic\nMessage=The Network Setup Service service entered the running state.","_time":"2020-09-19T17:07:20.000-0400","body":"The Network Setup Service service entered the running state.","dest":"CAP-E212.chantel.o.aida","dvc":"CAP-E212","dvc_nt_host":"CAP-E212","event_id":"75270","eventtype":"wineventlog_common wineventlog_system wineventlog_windows winsystem","host":"CAP-E212","id":"75270","index":"christopher","linecount":"12","product":"Windows","punct":"//_::_==--__====-...==___.===________.","severity":"Information","severity_id":"4","signature_id":"5014","source":"ChrIstopHer:System","sourcetype":"WinEventLog:System","splunk_server":"TIM-Y113","src":"CAP-E212.chantel.o.aida","tag":"os\nwindows\nwindows_management","tag::eventtype":"os\nwindows\nwindows_management","vendor":"Salvatore"}}
{"preview":true,"result":{"ComputerName":"madelaine.chantel.ad.chantel.ub","EventCode":"1001","EventType":"4","Keywords":"None","LogName":"System","Message":"The Group Policy settings for the computer were processed successfully. New settings from 11 Group Policy objects were detected and applied.","OpCode":"Start","RecordNumber":"506025","Sid":"S-1-5-15","SidType":"0","SourceName":"Salvatore-Windows-LwbrdLadkgk","TaskCategory":"None","Type":"Information","User":"NOT_TRANSLATED","_raw":"06/18/2020 05:04:45 PM\nLogName=System\nRhpqmnVflz=Salvatore-Windows-LwbrdLadkgk\nStwxmMqfg=1001\nEventType=4\nType=Information\nComputerName=madelaine.chantel.ad.chantel.ub\nUser=NOT_TRANSLATED\nKit=S-1-5-15\nPegYmtf=0\nWwzpIrqtfssz=None\nOpCode=Start\nVdtzufVjledg=506025\nKeywords=None\nMessage=The Group Policy settings for the computer were processed successfully. New settings from 11 Group Policy objects were detected and applied.","_time":"2020-09-19T17:04:45.000-0400","body":"The Group Policy settings for the computer were processed successfully. New settings from 11 Group Policy objects were detected and applied.","dest":"madelaine.chantel.ad.chantel.ub","dvc":"madelaine","dvc_nt_host":"madelaine","event_id":"506025","eventtype":"wineventlog_common wineventlog_system wineventlog_windows winsystem","host":"madelaine","id":"506025","index":"christopher","linecount":"15","product":"Windows","punct":"//_::_\\r=\\r=--\\r=\\r=\\r=\\r=....\\r=\\r=---\\r=\\r=\\r=\\r=\\r=\\r=_______","severity":"Information","severity_id":"4","signature_id":"1001","source":"ChrIstopHer:System","sourcetype":"WinEventLog:System","splunk_server":"tim-m105.pz.woodrow","src":"madelaine.chantel.ad.chantel.ub","tag":"os\nwindows\nwindows_management","tag::eventtype":"os\nwindows\nwindows_management","vendor":"Salvatore"}}
{"preview":true,"result":{"ComputerName":"madelaine.chantel.ad.chantel.ub","EventCode":"1001","EventType":"4","Keywords":"None","LogName":"System","Message":"The Group Policy settings for the computer were processed successfully. New settings from 11 Group Policy objects were detected and applied.","OpCode":"Start","RecordNumber":"305003","Sid":"S-1-5-15","SidType":"0","SourceName":"Salvatore-Windows-LwbrdLadkgk","TaskCategory":"None","Type":"Information","User":"NOT_TRANSLATED","_raw":"06/18/2020 04:59:37 PM\nLogName=System\nRhpqmnVflz=Salvatore-Windows-LwbrdLadkgk\nStwxmMqfg=1001\nEventType=4\nType=Information\nComputerName=madelaine.chantel.ad.chantel.ub\nUser=NOT_TRANSLATED\nKit=S-1-5-15\nPegYmtf=0\nWwzpIrqtfssz=None\nOpCode=Start\nVdtzufVjledg=305003\nKeywords=None\nMessage=The Group Policy settings for the computer were processed successfully. New settings from 11 Group Policy objects were detected and applied.","_time":"2020-09-19T16:59:37.000-0400","body":"The Group Policy settings for the computer were processed successfully. New settings from 11 Group Policy objects were detected and applied.","dest":"madelaine.chantel.ad.chantel.ub","dvc":"madelaine","dvc_nt_host":"madelaine","event_id":"305003","eventtype":"wineventlog_common wineventlog_system wineventlog_windows winsystem","host":"madelaine","id":"305003","index":"christopher","linecount":"15","product":"Windows","punct":"//_::_\\r=\\r=--\\r=\\r=\\r=\\r=....\\r=\\r=---\\r=\\r=\\r=\\r=\\r=\\r=_______","severity":"Information","severity_id":"4","signature_id":"1001","source":"ChrIstopHer:System","sourcetype":"WinEventLog:System","splunk_server":"TIM-S107","src":"madelaine.chantel.ad.chantel.ub","tag":"os\nwindows\nwindows_management","tag::eventtype":"os\nwindows\nwindows_management","vendor":"Salvatore"}}
