{"preview":true,"result":{"ComputerName":"CAP-E212.chantel.o.aida","EventCode":"10","EventType":"4","Keywords":"None","LogName":"System","Message":"The access history in hive \\??\\C:\\GlrvqkbVpfm\\Flavia\\KcebucCvbyx\\EahgPyfb\\RzzblmJfzxXbPftc0010-0.pei was cleared updating 01 keys and creating 7 modified pages.","OpCode":"Info","RecordNumber":"45210","Sid":"S-1-5-15","SidType":"1","SourceName":"Salvatore-Windows-Kernel-General","TaskCategory":"None","Type":"Information","User":"SYSTEM","_raw":"06/18/2020 09:12:01 PM\nLogName=System\nRhpqmnVflz=Salvatore-Windows-Kernel-General\nStwxmMqfg=10\nEventType=4\nType=Information\nComputerName=CAP-E212.chantel.o.aida\nUser=SYSTEM\nKit=S-1-5-15\nPegYmtf=1\nWwzpIrqtfssz=None\nOpCode=Info\nVdtzufVjledg=45210\nKeywords=None\nMessage=The access history in hive \\??\\C:\\GlrvqkbVpfm\\Flavia\\KcebucCvbyx\\EahgPyfb\\RzzblmJfzxXbPftc0010-0.pei was cleared updating 01 keys and creating 7 modified pages.","_time":"2020-09-19T21:12:01.000-0400","body":"The access history in hive \\??\\C:\\GlrvqkbVpfm\\Flavia\\KcebucCvbyx\\EahgPyfb\\RzzblmJfzxXbPftc0010-0.pei was cleared updating 01 keys and creating 7 modified pages.","dest":"CAP-E212.chantel.o.aida","dvc":"CAP-E212","dvc_nt_host":"CAP-E212","event_id":"45210","eventtype":"nix_kernel_attached wineventlog_common wineventlog_system wineventlog_windows winsystem","host":"CAP-E212","id":"45210","index":"christopher","linecount":"15","product":"Windows","punct":"//_::_==---====-...==---======_____\\??\\:\\\\\\\\\\-.___","severity":"Information","severity_id":"4","signature_id":"10","source":"ChrIstopHer:System","sourcetype":"WinEventLog:System","splunk_server":"tim-l107.pz.woodrow","src":"CAP-E212.chantel.o.aida","tag":"os\nwindows\nwindows_management","tag::eventtype":"os\nwindows\nwindows_management","vendor":"Salvatore"}}
{"preview":true,"result":{"ComputerName":"CAP-E212.chantel.o.aida","EventCode":"10","EventType":"4","Keywords":"None","LogName":"System","Message":"The access history in hive \\??\\C:\\GlrvqkbVpfm\\Flavia\\KcebucCvbyx\\EahgPyfb\\RzzblmJfzxXbPftc0010-0.pei was cleared updating 01 keys and creating 7 modified pages.","OpCode":"Info","RecordNumber":"58411","Sid":"S-1-5-15","SidType":"1","SourceName":"Salvatore-Windows-Kernel-General","TaskCategory":"None","Type":"Information","User":"SYSTEM","_raw":"06/18/2020 09:12:00 PM\nLogName=System\nRhpqmnVflz=Salvatore-Windows-Kernel-General\nStwxmMqfg=10\nEventType=4\nType=Information\nComputerName=CAP-E212.chantel.o.aida\nUser=SYSTEM\nKit=S-1-5-15\nPegYmtf=1\nWwzpIrqtfssz=None\nOpCode=Info\nVdtzufVjledg=58411\nKeywords=None\nMessage=The access history in hive \\??\\C:\\GlrvqkbVpfm\\Flavia\\KcebucCvbyx\\EahgPyfb\\RzzblmJfzxXbPftc0010-0.pei was cleared updating 01 keys and creating 7 modified pages.","_time":"2020-09-19T21:12:00.000-0400","body":"The access history in hive \\??\\C:\\GlrvqkbVpfm\\Flavia\\KcebucCvbyx\\EahgPyfb\\RzzblmJfzxXbPftc0010-0.pei was cleared updating 01 keys and creating 7 modified pages.","dest":"CAP-E212.chantel.o.aida","dvc":"CAP-E212","dvc_nt_host":"CAP-E212","event_id":"58411","eventtype":"nix_kernel_attached wineventlog_common wineventlog_system wineventlog_windows winsystem","host":"CAP-E212","id":"58411","index":"christopher","linecount":"15","product":"Windows","punct":"//_::_==---====-...==---======_____\\??\\:\\\\\\\\\\-.___","severity":"Information","severity_id":"4","signature_id":"10","source":"ChrIstopHer:System","sourcetype":"WinEventLog:System","splunk_server":"tim-l107.pz.woodrow","src":"CAP-E212.chantel.o.aida","tag":"os\nwindows\nwindows_management","tag::eventtype":"os\nwindows\nwindows_management","vendor":"Salvatore"}}
{"preview":true,"result":{"ComputerName":"CAP-E212.chantel.o.aida","EventCode":"10","EventType":"4","Keywords":"None","LogName":"System","Message":"The access history in hive \\??\\C:\\GlrvqkbVpfm\\Flavia\\KcebucCvbyx\\EahgPyfb\\RzzblmJfzxXbPftc0010-0.pei was cleared updating 0112 keys and creating 102 modified pages.","OpCode":"Info","RecordNumber":"71810","Sid":"S-1-5-15","SidType":"1","SourceName":"Salvatore-Windows-Kernel-General","TaskCategory":"None","Type":"Information","User":"SYSTEM","_raw":"06/18/2020 09:11:59 PM\nLogName=System\nRhpqmnVflz=Salvatore-Windows-Kernel-General\nStwxmMqfg=10\nEventType=4\nType=Information\nComputerName=CAP-E212.chantel.o.aida\nUser=SYSTEM\nKit=S-1-5-15\nPegYmtf=1\nWwzpIrqtfssz=None\nOpCode=Info\nVdtzufVjledg=71810\nKeywords=None\nMessage=The access history in hive \\??\\C:\\GlrvqkbVpfm\\Flavia\\KcebucCvbyx\\EahgPyfb\\RzzblmJfzxXbPftc0010-0.pei was cleared updating 0112 keys and creating 102 modified pages.","_time":"2020-09-19T21:11:59.000-0400","body":"The access history in hive \\??\\C:\\GlrvqkbVpfm\\Flavia\\KcebucCvbyx\\EahgPyfb\\RzzblmJfzxXbPftc0010-0.pei was cleared updating 0112 keys and creating 102 modified pages.","dest":"CAP-E212.chantel.o.aida","dvc":"CAP-E212","dvc_nt_host":"CAP-E212","event_id":"71810","eventtype":"nix_kernel_attached wineventlog_common wineventlog_system wineventlog_windows winsystem","host":"CAP-E212","id":"71810","index":"christopher","linecount":"15","product":"Windows","punct":"//_::_==---====-...==---======_____\\??\\:\\\\\\\\\\-.___","severity":"Information","severity_id":"4","signature_id":"10","source":"ChrIstopHer:System","sourcetype":"WinEventLog:System","splunk_server":"tim-l107.pz.woodrow","src":"CAP-E212.chantel.o.aida","tag":"os\nwindows\nwindows_management","tag::eventtype":"os\nwindows\nwindows_management","vendor":"Salvatore"}}
{"preview":true,"result":{"ComputerName":"CAP-E212.chantel.o.aida","EventCode":"10","EventType":"4","Keywords":"None","LogName":"System","Message":"The access history in hive \\??\\C:\\GlrvqkbVpfm\\Flavia\\KcebucCvbyx\\EahgPyfb\\RzzblmJfzxXbPftc0010-0.pei was cleared updating 01 keys and creating 7 modified pages.","OpCode":"Info","RecordNumber":"38802","Sid":"S-1-5-15","SidType":"1","SourceName":"Salvatore-Windows-Kernel-General","TaskCategory":"None","Type":"Information","User":"SYSTEM","_raw":"06/18/2020 09:11:59 PM\nLogName=System\nRhpqmnVflz=Salvatore-Windows-Kernel-General\nStwxmMqfg=10\nEventType=4\nType=Information\nComputerName=CAP-E212.chantel.o.aida\nUser=SYSTEM\nKit=S-1-5-15\nPegYmtf=1\nWwzpIrqtfssz=None\nOpCode=Info\nVdtzufVjledg=38802\nKeywords=None\nMessage=The access history in hive \\??\\C:\\GlrvqkbVpfm\\Flavia\\KcebucCvbyx\\EahgPyfb\\RzzblmJfzxXbPftc0010-0.pei was cleared updating 01 keys and creating 7 modified pages.","_time":"2020-09-19T21:11:59.000-0400","body":"The access history in hive \\??\\C:\\GlrvqkbVpfm\\Flavia\\KcebucCvbyx\\EahgPyfb\\RzzblmJfzxXbPftc0010-0.pei was cleared updating 01 keys and creating 7 modified pages.","dest":"CAP-E212.chantel.o.aida","dvc":"CAP-E212","dvc_nt_host":"CAP-E212","event_id":"38802","eventtype":"nix_kernel_attached wineventlog_common wineventlog_system wineventlog_windows winsystem","host":"CAP-E212","id":"38802","index":"christopher","linecount":"15","product":"Windows","punct":"//_::_==---====-...==---======_____\\??\\:\\\\\\\\\\-.___","severity":"Information","severity_id":"4","signature_id":"10","source":"ChrIstopHer:System","sourcetype":"WinEventLog:System","splunk_server":"tim-l107.pz.woodrow","src":"CAP-E212.chantel.o.aida","tag":"os\nwindows\nwindows_management","tag::eventtype":"os\nwindows\nwindows_management","vendor":"Salvatore"}}
{"preview":true,"result":{"ComputerName":"CAP-E212.chantel.o.aida","EventCode":"10","EventType":"4","Keywords":"None","LogName":"System","Message":"The access history in hive \\??\\C:\\GlrvqkbVpfm\\Flavia\\KcebucCvbyx\\EahgPyfb\\RzzblmJfzxXbPftc0010-0.pei was cleared updating 01 keys and creating 7 modified pages.","OpCode":"Info","RecordNumber":"54112","Sid":"S-1-5-15","SidType":"1","SourceName":"Salvatore-Windows-Kernel-General","TaskCategory":"None","Type":"Information","User":"SYSTEM","_raw":"06/18/2020 09:11:58 PM\nLogName=System\nRhpqmnVflz=Salvatore-Windows-Kernel-General\nStwxmMqfg=10\nEventType=4\nType=Information\nComputerName=CAP-E212.chantel.o.aida\nUser=SYSTEM\nKit=S-1-5-15\nPegYmtf=1\nWwzpIrqtfssz=None\nOpCode=Info\nVdtzufVjledg=54112\nKeywords=None\nMessage=The access history in hive \\??\\C:\\GlrvqkbVpfm\\Flavia\\KcebucCvbyx\\EahgPyfb\\RzzblmJfzxXbPftc0010-0.pei was cleared updating 01 keys and creating 7 modified pages.","_time":"2020-09-19T21:11:58.000-0400","body":"The access history in hive \\??\\C:\\GlrvqkbVpfm\\Flavia\\KcebucCvbyx\\EahgPyfb\\RzzblmJfzxXbPftc0010-0.pei was cleared updating 01 keys and creating 7 modified pages.","dest":"CAP-E212.chantel.o.aida","dvc":"CAP-E212","dvc_nt_host":"CAP-E212","event_id":"54112","eventtype":"nix_kernel_attached wineventlog_common wineventlog_system wineventlog_windows winsystem","host":"CAP-E212","id":"54112","index":"christopher","linecount":"15","product":"Windows","punct":"//_::_==---====-...==---======_____\\??\\:\\\\\\\\\\-.___","severity":"Information","severity_id":"4","signature_id":"10","source":"ChrIstopHer:System","sourcetype":"WinEventLog:System","splunk_server":"tim-l107.pz.woodrow","src":"CAP-E212.chantel.o.aida","tag":"os\nwindows\nwindows_management","tag::eventtype":"os\nwindows\nwindows_management","vendor":"Salvatore"}}
{"preview":true,"result":{"ComputerName":"CAP-E212.chantel.o.aida","EventCode":"10","EventType":"4","Keywords":"None","LogName":"System","Message":"The access history in hive \\??\\C:\\GlrvqkbVpfm\\Flavia\\KcebucCvbyx\\EahgPyfb\\RzzblmJfzxXbPftc0010-0.pei was cleared updating 0112 keys and creating 102 modified pages.","OpCode":"Info","RecordNumber":"73102","Sid":"S-1-5-15","SidType":"1","SourceName":"Salvatore-Windows-Kernel-General","TaskCategory":"None","Type":"Information","User":"SYSTEM","_raw":"06/18/2020 09:11:58 PM\nLogName=System\nRhpqmnVflz=Salvatore-Windows-Kernel-General\nStwxmMqfg=10\nEventType=4\nType=Information\nComputerName=CAP-E212.chantel.o.aida\nUser=SYSTEM\nKit=S-1-5-15\nPegYmtf=1\nWwzpIrqtfssz=None\nOpCode=Info\nVdtzufVjledg=73102\nKeywords=None\nMessage=The access history in hive \\??\\C:\\GlrvqkbVpfm\\Flavia\\KcebucCvbyx\\EahgPyfb\\RzzblmJfzxXbPftc0010-0.pei was cleared updating 0112 keys and creating 102 modified pages.","_time":"2020-09-19T21:11:58.000-0400","body":"The access history in hive \\??\\C:\\GlrvqkbVpfm\\Flavia\\KcebucCvbyx\\EahgPyfb\\RzzblmJfzxXbPftc0010-0.pei was cleared updating 0112 keys and creating 102 modified pages.","dest":"CAP-E212.chantel.o.aida","dvc":"CAP-E212","dvc_nt_host":"CAP-E212","event_id":"73102","eventtype":"nix_kernel_attached wineventlog_common wineventlog_system wineventlog_windows winsystem","host":"CAP-E212","id":"73102","index":"christopher","linecount":"15","product":"Windows","punct":"//_::_==---====-...==---======_____\\??\\:\\\\\\\\\\-.___","severity":"Information","severity_id":"4","signature_id":"10","source":"ChrIstopHer:System","sourcetype":"WinEventLog:System","splunk_server":"tim-l107.pz.woodrow","src":"CAP-E212.chantel.o.aida","tag":"os\nwindows\nwindows_management","tag::eventtype":"os\nwindows\nwindows_management","vendor":"Salvatore"}}
{"preview":true,"result":{"ComputerName":"CAP-E212.chantel.o.aida","EventCode":"10","EventType":"4","Keywords":"None","LogName":"System","Message":"The access history in hive \\??\\C:\\GlrvqkbVpfm\\Flavia\\KcebucCvbyx\\EahgPyfb\\RzzblmJfzxXbPftc0010-0.pei was cleared updating 01 keys and creating 7 modified pages.","OpCode":"Info","RecordNumber":"55101","Sid":"S-1-5-15","SidType":"1","SourceName":"Salvatore-Windows-Kernel-General","TaskCategory":"None","Type":"Information","User":"SYSTEM","_raw":"06/18/2020 09:11:57 PM\nLogName=System\nRhpqmnVflz=Salvatore-Windows-Kernel-General\nStwxmMqfg=10\nEventType=4\nType=Information\nComputerName=CAP-E212.chantel.o.aida\nUser=SYSTEM\nKit=S-1-5-15\nPegYmtf=1\nWwzpIrqtfssz=None\nOpCode=Info\nVdtzufVjledg=55101\nKeywords=None\nMessage=The access history in hive \\??\\C:\\GlrvqkbVpfm\\Flavia\\KcebucCvbyx\\EahgPyfb\\RzzblmJfzxXbPftc0010-0.pei was cleared updating 01 keys and creating 7 modified pages.","_time":"2020-09-19T21:11:57.000-0400","body":"The access history in hive \\??\\C:\\GlrvqkbVpfm\\Flavia\\KcebucCvbyx\\EahgPyfb\\RzzblmJfzxXbPftc0010-0.pei was cleared updating 01 keys and creating 7 modified pages.","dest":"CAP-E212.chantel.o.aida","dvc":"CAP-E212","dvc_nt_host":"CAP-E212","event_id":"55101","eventtype":"nix_kernel_attached wineventlog_common wineventlog_system wineventlog_windows winsystem","host":"CAP-E212","id":"55101","index":"christopher","linecount":"15","product":"Windows","punct":"//_::_==---====-...==---======_____\\??\\:\\\\\\\\\\-.___","severity":"Information","severity_id":"4","signature_id":"10","source":"ChrIstopHer:System","sourcetype":"WinEventLog:System","splunk_server":"tim-l107.pz.woodrow","src":"CAP-E212.chantel.o.aida","tag":"os\nwindows\nwindows_management","tag::eventtype":"os\nwindows\nwindows_management","vendor":"Salvatore"}}
{"preview":true,"result":{"ComputerName":"CAP-E212.chantel.o.aida","EventCode":"10","EventType":"4","Keywords":"None","LogName":"System","Message":"The access history in hive \\??\\C:\\GlrvqkbVpfm\\Flavia\\KcebucCvbyx\\EahgPyfb\\RzzblmJfzxXbPftc0010-0.pei was cleared updating 01 keys and creating 7 modified pages.","OpCode":"Info","RecordNumber":"36711","Sid":"S-1-5-15","SidType":"1","SourceName":"Salvatore-Windows-Kernel-General","TaskCategory":"None","Type":"Information","User":"SYSTEM","_raw":"06/18/2020 09:11:57 PM\nLogName=System\nRhpqmnVflz=Salvatore-Windows-Kernel-General\nStwxmMqfg=10\nEventType=4\nType=Information\nComputerName=CAP-E212.chantel.o.aida\nUser=SYSTEM\nKit=S-1-5-15\nPegYmtf=1\nWwzpIrqtfssz=None\nOpCode=Info\nVdtzufVjledg=36711\nKeywords=None\nMessage=The access history in hive \\??\\C:\\GlrvqkbVpfm\\Flavia\\KcebucCvbyx\\EahgPyfb\\RzzblmJfzxXbPftc0010-0.pei was cleared updating 01 keys and creating 7 modified pages.","_time":"2020-09-19T21:11:57.000-0400","body":"The access history in hive \\??\\C:\\GlrvqkbVpfm\\Flavia\\KcebucCvbyx\\EahgPyfb\\RzzblmJfzxXbPftc0010-0.pei was cleared updating 01 keys and creating 7 modified pages.","dest":"CAP-E212.chantel.o.aida","dvc":"CAP-E212","dvc_nt_host":"CAP-E212","event_id":"36711","eventtype":"nix_kernel_attached wineventlog_common wineventlog_system wineventlog_windows winsystem","host":"CAP-E212","id":"36711","index":"christopher","linecount":"15","product":"Windows","punct":"//_::_==---====-...==---======_____\\??\\:\\\\\\\\\\-.___","severity":"Information","severity_id":"4","signature_id":"10","source":"ChrIstopHer:System","sourcetype":"WinEventLog:System","splunk_server":"tim-l107.pz.woodrow","src":"CAP-E212.chantel.o.aida","tag":"os\nwindows\nwindows_management","tag::eventtype":"os\nwindows\nwindows_management","vendor":"Salvatore"}}
{"preview":true,"result":{"ComputerName":"CAP-E212.chantel.o.aida","EventCode":"10","EventType":"4","Keywords":"None","LogName":"System","Message":"The access history in hive \\??\\C:\\GlrvqkbVpfm\\Flavia\\KcebucCvbyx\\EahgPyfb\\RzzblmJfzxXbPftc0010-0.pei was cleared updating 0112 keys and creating 102 modified pages.","OpCode":"Info","RecordNumber":"11802","Sid":"S-1-5-15","SidType":"1","SourceName":"Salvatore-Windows-Kernel-General","TaskCategory":"None","Type":"Information","User":"SYSTEM","_raw":"06/18/2020 09:11:56 PM\nLogName=System\nRhpqmnVflz=Salvatore-Windows-Kernel-General\nStwxmMqfg=10\nEventType=4\nType=Information\nComputerName=CAP-E212.chantel.o.aida\nUser=SYSTEM\nKit=S-1-5-15\nPegYmtf=1\nWwzpIrqtfssz=None\nOpCode=Info\nVdtzufVjledg=11802\nKeywords=None\nMessage=The access history in hive \\??\\C:\\GlrvqkbVpfm\\Flavia\\KcebucCvbyx\\EahgPyfb\\RzzblmJfzxXbPftc0010-0.pei was cleared updating 0112 keys and creating 102 modified pages.","_time":"2020-09-19T21:11:56.000-0400","body":"The access history in hive \\??\\C:\\GlrvqkbVpfm\\Flavia\\KcebucCvbyx\\EahgPyfb\\RzzblmJfzxXbPftc0010-0.pei was cleared updating 0112 keys and creating 102 modified pages.","dest":"CAP-E212.chantel.o.aida","dvc":"CAP-E212","dvc_nt_host":"CAP-E212","event_id":"11802","eventtype":"nix_kernel_attached wineventlog_common wineventlog_system wineventlog_windows winsystem","host":"CAP-E212","id":"11802","index":"christopher","linecount":"15","product":"Windows","punct":"//_::_==---====-...==---======_____\\??\\:\\\\\\\\\\-.___","severity":"Information","severity_id":"4","signature_id":"10","source":"ChrIstopHer:System","sourcetype":"WinEventLog:System","splunk_server":"tim-l107.pz.woodrow","src":"CAP-E212.chantel.o.aida","tag":"os\nwindows\nwindows_management","tag::eventtype":"os\nwindows\nwindows_management","vendor":"Salvatore"}}
{"preview":true,"result":{"ComputerName":"CAP-E212.chantel.o.aida","EventCode":"10","EventType":"4","Keywords":"None","LogName":"System","Message":"The access history in hive \\??\\C:\\GlrvqkbVpfm\\Flavia\\KcebucCvbyx\\EahgPyfb\\RzzblmJfzxXbPftc0010-0.pei was cleared updating 01 keys and creating 7 modified pages.","OpCode":"Info","RecordNumber":"47203","Sid":"S-1-5-15","SidType":"1","SourceName":"Salvatore-Windows-Kernel-General","TaskCategory":"None","Type":"Information","User":"SYSTEM","_raw":"06/18/2020 09:11:56 PM\nLogName=System\nRhpqmnVflz=Salvatore-Windows-Kernel-General\nStwxmMqfg=10\nEventType=4\nType=Information\nComputerName=CAP-E212.chantel.o.aida\nUser=SYSTEM\nKit=S-1-5-15\nPegYmtf=1\nWwzpIrqtfssz=None\nOpCode=Info\nVdtzufVjledg=47203\nKeywords=None\nMessage=The access history in hive \\??\\C:\\GlrvqkbVpfm\\Flavia\\KcebucCvbyx\\EahgPyfb\\RzzblmJfzxXbPftc0010-0.pei was cleared updating 01 keys and creating 7 modified pages.","_time":"2020-09-19T21:11:56.000-0400","body":"The access history in hive \\??\\C:\\GlrvqkbVpfm\\Flavia\\KcebucCvbyx\\EahgPyfb\\RzzblmJfzxXbPftc0010-0.pei was cleared updating 01 keys and creating 7 modified pages.","dest":"CAP-E212.chantel.o.aida","dvc":"CAP-E212","dvc_nt_host":"CAP-E212","event_id":"47203","eventtype":"nix_kernel_attached wineventlog_common wineventlog_system wineventlog_windows winsystem","host":"CAP-E212","id":"47203","index":"christopher","linecount":"15","product":"Windows","punct":"//_::_==---====-...==---======_____\\??\\:\\\\\\\\\\-.___","severity":"Information","severity_id":"4","signature_id":"10","source":"ChrIstopHer:System","sourcetype":"WinEventLog:System","splunk_server":"tim-l107.pz.woodrow","src":"CAP-E212.chantel.o.aida","tag":"os\nwindows\nwindows_management","tag::eventtype":"os\nwindows\nwindows_management","vendor":"Salvatore"}}
{"preview":true,"result":{"ComputerName":"CAP-E212.chantel.o.aida","EventCode":"10","EventType":"4","Keywords":"None","LogName":"System","Message":"The access history in hive \\??\\C:\\GlrvqkbVpfm\\Flavia\\KcebucCvbyx\\EahgPyfb\\RzzblmJfzxXbPftc0010-0.pei was cleared updating 01 keys and creating 7 modified pages.","OpCode":"Info","RecordNumber":"40800","Sid":"S-1-5-15","SidType":"1","SourceName":"Salvatore-Windows-Kernel-General","TaskCategory":"None","Type":"Information","User":"SYSTEM","_raw":"06/18/2020 09:11:54 PM\nLogName=System\nRhpqmnVflz=Salvatore-Windows-Kernel-General\nStwxmMqfg=10\nEventType=4\nType=Information\nComputerName=CAP-E212.chantel.o.aida\nUser=SYSTEM\nKit=S-1-5-15\nPegYmtf=1\nWwzpIrqtfssz=None\nOpCode=Info\nVdtzufVjledg=40800\nKeywords=None\nMessage=The access history in hive \\??\\C:\\GlrvqkbVpfm\\Flavia\\KcebucCvbyx\\EahgPyfb\\RzzblmJfzxXbPftc0010-0.pei was cleared updating 01 keys and creating 7 modified pages.","_time":"2020-09-19T21:11:54.000-0400","body":"The access history in hive \\??\\C:\\GlrvqkbVpfm\\Flavia\\KcebucCvbyx\\EahgPyfb\\RzzblmJfzxXbPftc0010-0.pei was cleared updating 01 keys and creating 7 modified pages.","dest":"CAP-E212.chantel.o.aida","dvc":"CAP-E212","dvc_nt_host":"CAP-E212","event_id":"40800","eventtype":"nix_kernel_attached wineventlog_common wineventlog_system wineventlog_windows winsystem","host":"CAP-E212","id":"40800","index":"christopher","linecount":"15","product":"Windows","punct":"//_::_==---====-...==---======_____\\??\\:\\\\\\\\\\-.___","severity":"Information","severity_id":"4","signature_id":"10","source":"ChrIstopHer:System","sourcetype":"WinEventLog:System","splunk_server":"tim-l107.pz.woodrow","src":"CAP-E212.chantel.o.aida","tag":"os\nwindows\nwindows_management","tag::eventtype":"os\nwindows\nwindows_management","vendor":"Salvatore"}}
{"preview":true,"result":{"ComputerName":"CAP-E212.chantel.o.aida","EventCode":"10","EventType":"4","Keywords":"None","LogName":"System","Message":"The access history in hive \\??\\C:\\GlrvqkbVpfm\\Flavia\\KcebucCvbyx\\EahgPyfb\\RzzblmJfzxXbPftc0010-0.pei was cleared updating 0112 keys and creating 102 modified pages.","OpCode":"Info","RecordNumber":"21101","Sid":"S-1-5-15","SidType":"1","SourceName":"Salvatore-Windows-Kernel-General","TaskCategory":"None","Type":"Information","User":"SYSTEM","_raw":"06/18/2020 09:11:54 PM\nLogName=System\nRhpqmnVflz=Salvatore-Windows-Kernel-General\nStwxmMqfg=10\nEventType=4\nType=Information\nComputerName=CAP-E212.chantel.o.aida\nUser=SYSTEM\nKit=S-1-5-15\nPegYmtf=1\nWwzpIrqtfssz=None\nOpCode=Info\nVdtzufVjledg=21101\nKeywords=None\nMessage=The access history in hive \\??\\C:\\GlrvqkbVpfm\\Flavia\\KcebucCvbyx\\EahgPyfb\\RzzblmJfzxXbPftc0010-0.pei was cleared updating 0112 keys and creating 102 modified pages.","_time":"2020-09-19T21:11:54.000-0400","body":"The access history in hive \\??\\C:\\GlrvqkbVpfm\\Flavia\\KcebucCvbyx\\EahgPyfb\\RzzblmJfzxXbPftc0010-0.pei was cleared updating 0112 keys and creating 102 modified pages.","dest":"CAP-E212.chantel.o.aida","dvc":"CAP-E212","dvc_nt_host":"CAP-E212","event_id":"21101","eventtype":"nix_kernel_attached wineventlog_common wineventlog_system wineventlog_windows winsystem","host":"CAP-E212","id":"21101","index":"christopher","linecount":"15","product":"Windows","punct":"//_::_==---====-...==---======_____\\??\\:\\\\\\\\\\-.___","severity":"Information","severity_id":"4","signature_id":"10","source":"ChrIstopHer:System","sourcetype":"WinEventLog:System","splunk_server":"tim-l107.pz.woodrow","src":"CAP-E212.chantel.o.aida","tag":"os\nwindows\nwindows_management","tag::eventtype":"os\nwindows\nwindows_management","vendor":"Salvatore"}}
{"preview":true,"result":{"ComputerName":"CAP-E212.chantel.o.aida","EventCode":"10","EventType":"4","Keywords":"None","LogName":"System","Message":"The access history in hive \\??\\C:\\GlrvqkbVpfm\\Flavia\\KcebucCvbyx\\EahgPyfb\\RzzblmJfzxXbPftc0010-0.pei was cleared updating 01 keys and creating 7 modified pages.","OpCode":"Info","RecordNumber":"57810","Sid":"S-1-5-15","SidType":"1","SourceName":"Salvatore-Windows-Kernel-General","TaskCategory":"None","Type":"Information","User":"SYSTEM","_raw":"06/18/2020 09:11:53 PM\nLogName=System\nRhpqmnVflz=Salvatore-Windows-Kernel-General\nStwxmMqfg=10\nEventType=4\nType=Information\nComputerName=CAP-E212.chantel.o.aida\nUser=SYSTEM\nKit=S-1-5-15\nPegYmtf=1\nWwzpIrqtfssz=None\nOpCode=Info\nVdtzufVjledg=57810\nKeywords=None\nMessage=The access history in hive \\??\\C:\\GlrvqkbVpfm\\Flavia\\KcebucCvbyx\\EahgPyfb\\RzzblmJfzxXbPftc0010-0.pei was cleared updating 01 keys and creating 7 modified pages.","_time":"2020-09-19T21:11:53.000-0400","body":"The access history in hive \\??\\C:\\GlrvqkbVpfm\\Flavia\\KcebucCvbyx\\EahgPyfb\\RzzblmJfzxXbPftc0010-0.pei was cleared updating 01 keys and creating 7 modified pages.","dest":"CAP-E212.chantel.o.aida","dvc":"CAP-E212","dvc_nt_host":"CAP-E212","event_id":"57810","eventtype":"nix_kernel_attached wineventlog_common wineventlog_system wineventlog_windows winsystem","host":"CAP-E212","id":"57810","index":"christopher","linecount":"15","product":"Windows","punct":"//_::_==---====-...==---======_____\\??\\:\\\\\\\\\\-.___","severity":"Information","severity_id":"4","signature_id":"10","source":"ChrIstopHer:System","sourcetype":"WinEventLog:System","splunk_server":"tim-l107.pz.woodrow","src":"CAP-E212.chantel.o.aida","tag":"os\nwindows\nwindows_management","tag::eventtype":"os\nwindows\nwindows_management","vendor":"Salvatore"}}
{"preview":true,"result":{"ComputerName":"CAP-E212.chantel.o.aida","EventCode":"10","EventType":"4","Keywords":"None","LogName":"System","Message":"The access history in hive \\??\\C:\\GlrvqkbVpfm\\Flavia\\KcebucCvbyx\\EahgPyfb\\RzzblmJfzxXbPftc0010-0.pei was cleared updating 01 keys and creating 7 modified pages.","OpCode":"Info","RecordNumber":"40507","Sid":"S-1-5-15","SidType":"1","SourceName":"Salvatore-Windows-Kernel-General","TaskCategory":"None","Type":"Information","User":"SYSTEM","_raw":"06/18/2020 09:11:52 PM\nLogName=System\nRhpqmnVflz=Salvatore-Windows-Kernel-General\nStwxmMqfg=10\nEventType=4\nType=Information\nComputerName=CAP-E212.chantel.o.aida\nUser=SYSTEM\nKit=S-1-5-15\nPegYmtf=1\nWwzpIrqtfssz=None\nOpCode=Info\nVdtzufVjledg=40507\nKeywords=None\nMessage=The access history in hive \\??\\C:\\GlrvqkbVpfm\\Flavia\\KcebucCvbyx\\EahgPyfb\\RzzblmJfzxXbPftc0010-0.pei was cleared updating 01 keys and creating 7 modified pages.","_time":"2020-09-19T21:11:52.000-0400","body":"The access history in hive \\??\\C:\\GlrvqkbVpfm\\Flavia\\KcebucCvbyx\\EahgPyfb\\RzzblmJfzxXbPftc0010-0.pei was cleared updating 01 keys and creating 7 modified pages.","dest":"CAP-E212.chantel.o.aida","dvc":"CAP-E212","dvc_nt_host":"CAP-E212","event_id":"40507","eventtype":"nix_kernel_attached wineventlog_common wineventlog_system wineventlog_windows winsystem","host":"CAP-E212","id":"40507","index":"christopher","linecount":"15","product":"Windows","punct":"//_::_==---====-...==---======_____\\??\\:\\\\\\\\\\-.___","severity":"Information","severity_id":"4","signature_id":"10","source":"ChrIstopHer:System","sourcetype":"WinEventLog:System","splunk_server":"tim-l107.pz.woodrow","src":"CAP-E212.chantel.o.aida","tag":"os\nwindows\nwindows_management","tag::eventtype":"os\nwindows\nwindows_management","vendor":"Salvatore"}}
{"preview":true,"result":{"ComputerName":"CAP-E212.chantel.o.aida","EventCode":"10","EventType":"4","Keywords":"None","LogName":"System","Message":"The access history in hive \\??\\C:\\GlrvqkbVpfm\\Flavia\\KcebucCvbyx\\EahgPyfb\\RzzblmJfzxXbPftc0010-0.pei was cleared updating 0112 keys and creating 102 modified pages.","OpCode":"Info","RecordNumber":"10108","Sid":"S-1-5-15","SidType":"1","SourceName":"Salvatore-Windows-Kernel-General","TaskCategory":"None","Type":"Information","User":"SYSTEM","_raw":"06/18/2020 09:11:52 PM\nLogName=System\nRhpqmnVflz=Salvatore-Windows-Kernel-General\nStwxmMqfg=10\nEventType=4\nType=Information\nComputerName=CAP-E212.chantel.o.aida\nUser=SYSTEM\nKit=S-1-5-15\nPegYmtf=1\nWwzpIrqtfssz=None\nOpCode=Info\nVdtzufVjledg=10108\nKeywords=None\nMessage=The access history in hive \\??\\C:\\GlrvqkbVpfm\\Flavia\\KcebucCvbyx\\EahgPyfb\\RzzblmJfzxXbPftc0010-0.pei was cleared updating 0112 keys and creating 102 modified pages.","_time":"2020-09-19T21:11:52.000-0400","body":"The access history in hive \\??\\C:\\GlrvqkbVpfm\\Flavia\\KcebucCvbyx\\EahgPyfb\\RzzblmJfzxXbPftc0010-0.pei was cleared updating 0112 keys and creating 102 modified pages.","dest":"CAP-E212.chantel.o.aida","dvc":"CAP-E212","dvc_nt_host":"CAP-E212","event_id":"10108","eventtype":"nix_kernel_attached wineventlog_common wineventlog_system wineventlog_windows winsystem","host":"CAP-E212","id":"10108","index":"christopher","linecount":"15","product":"Windows","punct":"//_::_==---====-...==---======_____\\??\\:\\\\\\\\\\-.___","severity":"Information","severity_id":"4","signature_id":"10","source":"ChrIstopHer:System","sourcetype":"WinEventLog:System","splunk_server":"tim-l107.pz.woodrow","src":"CAP-E212.chantel.o.aida","tag":"os\nwindows\nwindows_management","tag::eventtype":"os\nwindows\nwindows_management","vendor":"Salvatore"}}
{"preview":true,"result":{"ComputerName":"CAP-E212.chantel.o.aida","EventCode":"10","EventType":"4","Keywords":"None","LogName":"System","Message":"The access history in hive \\??\\C:\\GlrvqkbVpfm\\Flavia\\KcebucCvbyx\\EahgPyfb\\RzzblmJfzxXbPftc0010-0.pei was cleared updating 01 keys and creating 7 modified pages.","OpCode":"Info","RecordNumber":"39701","Sid":"S-1-5-15","SidType":"1","SourceName":"Salvatore-Windows-Kernel-General","TaskCategory":"None","Type":"Information","User":"SYSTEM","_raw":"06/18/2020 09:11:51 PM\nLogName=System\nRhpqmnVflz=Salvatore-Windows-Kernel-General\nStwxmMqfg=10\nEventType=4\nType=Information\nComputerName=CAP-E212.chantel.o.aida\nUser=SYSTEM\nKit=S-1-5-15\nPegYmtf=1\nWwzpIrqtfssz=None\nOpCode=Info\nVdtzufVjledg=39701\nKeywords=None\nMessage=The access history in hive \\??\\C:\\GlrvqkbVpfm\\Flavia\\KcebucCvbyx\\EahgPyfb\\RzzblmJfzxXbPftc0010-0.pei was cleared updating 01 keys and creating 7 modified pages.","_time":"2020-09-19T21:11:51.000-0400","body":"The access history in hive \\??\\C:\\GlrvqkbVpfm\\Flavia\\KcebucCvbyx\\EahgPyfb\\RzzblmJfzxXbPftc0010-0.pei was cleared updating 01 keys and creating 7 modified pages.","dest":"CAP-E212.chantel.o.aida","dvc":"CAP-E212","dvc_nt_host":"CAP-E212","event_id":"39701","eventtype":"nix_kernel_attached wineventlog_common wineventlog_system wineventlog_windows winsystem","host":"CAP-E212","id":"39701","index":"christopher","linecount":"15","product":"Windows","punct":"//_::_==---====-...==---======_____\\??\\:\\\\\\\\\\-.___","severity":"Information","severity_id":"4","signature_id":"10","source":"ChrIstopHer:System","sourcetype":"WinEventLog:System","splunk_server":"tim-l107.pz.woodrow","src":"CAP-E212.chantel.o.aida","tag":"os\nwindows\nwindows_management","tag::eventtype":"os\nwindows\nwindows_management","vendor":"Salvatore"}}
{"preview":true,"result":{"ComputerName":"CAP-E212.chantel.o.aida","EventCode":"10","EventType":"4","Keywords":"None","LogName":"System","Message":"The access history in hive \\??\\C:\\GlrvqkbVpfm\\Flavia\\KcebucCvbyx\\EahgPyfb\\RzzblmJfzxXbPftc0010-0.pei was cleared updating 01 keys and creating 7 modified pages.","OpCode":"Info","RecordNumber":"43100","Sid":"S-1-5-15","SidType":"1","SourceName":"Salvatore-Windows-Kernel-General","TaskCategory":"None","Type":"Information","User":"SYSTEM","_raw":"06/18/2020 09:11:51 PM\nLogName=System\nRhpqmnVflz=Salvatore-Windows-Kernel-General\nStwxmMqfg=10\nEventType=4\nType=Information\nComputerName=CAP-E212.chantel.o.aida\nUser=SYSTEM\nKit=S-1-5-15\nPegYmtf=1\nWwzpIrqtfssz=None\nOpCode=Info\nVdtzufVjledg=43100\nKeywords=None\nMessage=The access history in hive \\??\\C:\\GlrvqkbVpfm\\Flavia\\KcebucCvbyx\\EahgPyfb\\RzzblmJfzxXbPftc0010-0.pei was cleared updating 01 keys and creating 7 modified pages.","_time":"2020-09-19T21:11:51.000-0400","body":"The access history in hive \\??\\C:\\GlrvqkbVpfm\\Flavia\\KcebucCvbyx\\EahgPyfb\\RzzblmJfzxXbPftc0010-0.pei was cleared updating 01 keys and creating 7 modified pages.","dest":"CAP-E212.chantel.o.aida","dvc":"CAP-E212","dvc_nt_host":"CAP-E212","event_id":"43100","eventtype":"nix_kernel_attached wineventlog_common wineventlog_system wineventlog_windows winsystem","host":"CAP-E212","id":"43100","index":"christopher","linecount":"15","product":"Windows","punct":"//_::_==---====-...==---======_____\\??\\:\\\\\\\\\\-.___","severity":"Information","severity_id":"4","signature_id":"10","source":"ChrIstopHer:System","sourcetype":"WinEventLog:System","splunk_server":"tim-l107.pz.woodrow","src":"CAP-E212.chantel.o.aida","tag":"os\nwindows\nwindows_management","tag::eventtype":"os\nwindows\nwindows_management","vendor":"Salvatore"}}
{"preview":true,"result":{"ComputerName":"CAP-E212.chantel.o.aida","EventCode":"10","EventType":"4","Keywords":"None","LogName":"System","Message":"The access history in hive \\??\\C:\\GlrvqkbVpfm\\Flavia\\KcebucCvbyx\\EahgPyfb\\RzzblmJfzxXbPftc0010-0.pei was cleared updating 0112 keys and creating 102 modified pages.","OpCode":"Info","RecordNumber":"75602","Sid":"S-1-5-15","SidType":"1","SourceName":"Salvatore-Windows-Kernel-General","TaskCategory":"None","Type":"Information","User":"SYSTEM","_raw":"06/18/2020 09:11:50 PM\nLogName=System\nRhpqmnVflz=Salvatore-Windows-Kernel-General\nStwxmMqfg=10\nEventType=4\nType=Information\nComputerName=CAP-E212.chantel.o.aida\nUser=SYSTEM\nKit=S-1-5-15\nPegYmtf=1\nWwzpIrqtfssz=None\nOpCode=Info\nVdtzufVjledg=75602\nKeywords=None\nMessage=The access history in hive \\??\\C:\\GlrvqkbVpfm\\Flavia\\KcebucCvbyx\\EahgPyfb\\RzzblmJfzxXbPftc0010-0.pei was cleared updating 0112 keys and creating 102 modified pages.","_time":"2020-09-19T21:11:50.000-0400","body":"The access history in hive \\??\\C:\\GlrvqkbVpfm\\Flavia\\KcebucCvbyx\\EahgPyfb\\RzzblmJfzxXbPftc0010-0.pei was cleared updating 0112 keys and creating 102 modified pages.","dest":"CAP-E212.chantel.o.aida","dvc":"CAP-E212","dvc_nt_host":"CAP-E212","event_id":"75602","eventtype":"nix_kernel_attached wineventlog_common wineventlog_system wineventlog_windows winsystem","host":"CAP-E212","id":"75602","index":"christopher","linecount":"15","product":"Windows","punct":"//_::_==---====-...==---======_____\\??\\:\\\\\\\\\\-.___","severity":"Information","severity_id":"4","signature_id":"10","source":"ChrIstopHer:System","sourcetype":"WinEventLog:System","splunk_server":"tim-l107.pz.woodrow","src":"CAP-E212.chantel.o.aida","tag":"os\nwindows\nwindows_management","tag::eventtype":"os\nwindows\nwindows_management","vendor":"Salvatore"}}
{"preview":true,"result":{"ComputerName":"CAP-E212.chantel.o.aida","EventCode":"10","EventType":"4","Keywords":"None","LogName":"System","Message":"The access history in hive \\??\\C:\\GlrvqkbVpfm\\Flavia\\KcebucCvbyx\\EahgPyfb\\RzzblmJfzxXbPftc0010-0.pei was cleared updating 01 keys and creating 7 modified pages.","OpCode":"Info","RecordNumber":"74304","Sid":"S-1-5-15","SidType":"1","SourceName":"Salvatore-Windows-Kernel-General","TaskCategory":"None","Type":"Information","User":"SYSTEM","_raw":"06/18/2020 09:11:49 PM\nLogName=System\nRhpqmnVflz=Salvatore-Windows-Kernel-General\nStwxmMqfg=10\nEventType=4\nType=Information\nComputerName=CAP-E212.chantel.o.aida\nUser=SYSTEM\nKit=S-1-5-15\nPegYmtf=1\nWwzpIrqtfssz=None\nOpCode=Info\nVdtzufVjledg=74304\nKeywords=None\nMessage=The access history in hive \\??\\C:\\GlrvqkbVpfm\\Flavia\\KcebucCvbyx\\EahgPyfb\\RzzblmJfzxXbPftc0010-0.pei was cleared updating 01 keys and creating 7 modified pages.","_time":"2020-09-19T21:11:49.000-0400","body":"The access history in hive \\??\\C:\\GlrvqkbVpfm\\Flavia\\KcebucCvbyx\\EahgPyfb\\RzzblmJfzxXbPftc0010-0.pei was cleared updating 01 keys and creating 7 modified pages.","dest":"CAP-E212.chantel.o.aida","dvc":"CAP-E212","dvc_nt_host":"CAP-E212","event_id":"74304","eventtype":"nix_kernel_attached wineventlog_common wineventlog_system wineventlog_windows winsystem","host":"CAP-E212","id":"74304","index":"christopher","linecount":"15","product":"Windows","punct":"//_::_==---====-...==---======_____\\??\\:\\\\\\\\\\-.___","severity":"Information","severity_id":"4","signature_id":"10","source":"ChrIstopHer:System","sourcetype":"WinEventLog:System","splunk_server":"tim-l107.pz.woodrow","src":"CAP-E212.chantel.o.aida","tag":"os\nwindows\nwindows_management","tag::eventtype":"os\nwindows\nwindows_management","vendor":"Salvatore"}}
{"preview":true,"result":{"ComputerName":"madelaine.chantel.ad.chantel.ub","EventCode":"1001","EventType":"4","Keywords":"None","LogName":"System","Message":"The Group Policy settings for the computer were processed successfully. New settings from 11 Group Policy objects were detected and applied.","OpCode":"Start","RecordNumber":"104125","Sid":"S-1-5-15","SidType":"0","SourceName":"Salvatore-Windows-LwbrdLadkgk","TaskCategory":"None","Type":"Information","User":"NOT_TRANSLATED","_raw":"06/18/2020 09:11:19 PM\nLogName=System\nRhpqmnVflz=Salvatore-Windows-LwbrdLadkgk\nStwxmMqfg=1001\nEventType=4\nType=Information\nComputerName=madelaine.chantel.ad.chantel.ub\nUser=NOT_TRANSLATED\nKit=S-1-5-15\nPegYmtf=0\nWwzpIrqtfssz=None\nOpCode=Start\nVdtzufVjledg=104125\nKeywords=None\nMessage=The Group Policy settings for the computer were processed successfully. New settings from 11 Group Policy objects were detected and applied.","_time":"2020-09-19T21:11:19.000-0400","body":"The Group Policy settings for the computer were processed successfully. New settings from 11 Group Policy objects were detected and applied.","dest":"madelaine.chantel.ad.chantel.ub","dvc":"madelaine","dvc_nt_host":"madelaine","event_id":"104125","eventtype":"wineventlog_common wineventlog_system wineventlog_windows winsystem","host":"madelaine","id":"104125","index":"christopher","linecount":"15","product":"Windows","punct":"//_::_\\r=\\r=--\\r=\\r=\\r=\\r=....\\r=\\r=---\\r=\\r=\\r=\\r=\\r=\\r=_______","severity":"Information","severity_id":"4","signature_id":"1001","source":"ChrIstopHer:System","sourcetype":"WinEventLog:System","splunk_server":"tim-m105.pz.woodrow","src":"madelaine.chantel.ad.chantel.ub","tag":"os\nwindows\nwindows_management","tag::eventtype":"os\nwindows\nwindows_management","vendor":"Salvatore"}}
{"preview":true,"result":{"ComputerName":"CAP-E212.chantel.o.aida","EventCode":"5014","EventType":"4","Keywords":"Classic","LogName":"System","Message":"The Network Setup Service service entered the stopped state.","OpCode":"The operation completed successfully.","RecordNumber":"36001","SourceName":"Salvatore-Windows-Service Control Manager","TaskCategory":"None","Type":"Information","_raw":"06/18/2020 09:10:21 PM\nLogName=System\nRhpqmnVflz=Salvatore-Windows-Service Control Manager\nStwxmMqfg=5014\nEventType=4\nType=Information\nComputerName=CAP-E212.chantel.o.aida\nWwzpIrqtfssz=None\nOpCode=The operation completed successfully.\nVdtzufVjledg=36001\nKeywords=Classic\nMessage=The Network Setup Service service entered the stopped state.","_time":"2020-09-19T21:10:21.000-0400","body":"The Network Setup Service service entered the stopped state.","dest":"CAP-E212.chantel.o.aida","dvc":"CAP-E212","dvc_nt_host":"CAP-E212","event_id":"36001","eventtype":"wineventlog_common wineventlog_system wineventlog_windows winsystem","host":"CAP-E212","id":"36001","index":"christopher","linecount":"12","product":"Windows","punct":"//_::_==--__====-...==___.===________.","severity":"Information","severity_id":"4","signature_id":"5014","source":"ChrIstopHer:System","sourcetype":"WinEventLog:System","splunk_server":"TIM-Y113","src":"CAP-E212.chantel.o.aida","tag":"os\nwindows\nwindows_management","tag::eventtype":"os\nwindows\nwindows_management","vendor":"Salvatore"}}
{"preview":true,"result":{"ComputerName":"CAP-E212.chantel.o.aida","EventCode":"5014","EventType":"4","Keywords":"Classic","LogName":"System","Message":"The Network Setup Service service entered the running state.","OpCode":"The operation completed successfully.","RecordNumber":"36600","SourceName":"Salvatore-Windows-Service Control Manager","TaskCategory":"None","Type":"Information","_raw":"06/18/2020 09:07:20 PM\nLogName=System\nRhpqmnVflz=Salvatore-Windows-Service Control Manager\nStwxmMqfg=5014\nEventType=4\nType=Information\nComputerName=CAP-E212.chantel.o.aida\nWwzpIrqtfssz=None\nOpCode=The operation completed successfully.\nVdtzufVjledg=36600\nKeywords=Classic\nMessage=The Network Setup Service service entered the running state.","_time":"2020-09-19T21:07:20.000-0400","body":"The Network Setup Service service entered the running state.","dest":"CAP-E212.chantel.o.aida","dvc":"CAP-E212","dvc_nt_host":"CAP-E212","event_id":"36600","eventtype":"wineventlog_common wineventlog_system wineventlog_windows winsystem","host":"CAP-E212","id":"36600","index":"christopher","linecount":"12","product":"Windows","punct":"//_::_==--__====-...==___.===________.","severity":"Information","severity_id":"4","signature_id":"5014","source":"ChrIstopHer:System","sourcetype":"WinEventLog:System","splunk_server":"TIM-Y113","src":"CAP-E212.chantel.o.aida","tag":"os\nwindows\nwindows_management","tag::eventtype":"os\nwindows\nwindows_management","vendor":"Salvatore"}}
{"preview":true,"result":{"ComputerName":"madelaine.chantel.ad.chantel.ub","EventCode":"1001","EventType":"4","Keywords":"None","LogName":"System","Message":"The Group Policy settings for the computer were processed successfully. New settings from 11 Group Policy objects were detected and applied.","OpCode":"Start","RecordNumber":"207112","Sid":"S-1-5-15","SidType":"0","SourceName":"Salvatore-Windows-LwbrdLadkgk","TaskCategory":"None","Type":"Information","User":"NOT_TRANSLATED","_raw":"06/18/2020 09:06:11 PM\nLogName=System\nRhpqmnVflz=Salvatore-Windows-LwbrdLadkgk\nStwxmMqfg=1001\nEventType=4\nType=Information\nComputerName=madelaine.chantel.ad.chantel.ub\nUser=NOT_TRANSLATED\nKit=S-1-5-15\nPegYmtf=0\nWwzpIrqtfssz=None\nOpCode=Start\nVdtzufVjledg=207112\nKeywords=None\nMessage=The Group Policy settings for the computer were processed successfully. New settings from 11 Group Policy objects were detected and applied.","_time":"2020-09-19T21:06:11.000-0400","body":"The Group Policy settings for the computer were processed successfully. New settings from 11 Group Policy objects were detected and applied.","dest":"madelaine.chantel.ad.chantel.ub","dvc":"madelaine","dvc_nt_host":"madelaine","event_id":"207112","eventtype":"wineventlog_common wineventlog_system wineventlog_windows winsystem","host":"madelaine","id":"207112","index":"christopher","linecount":"15","product":"Windows","punct":"//_::_\\r=\\r=--\\r=\\r=\\r=\\r=....\\r=\\r=---\\r=\\r=\\r=\\r=\\r=\\r=_______","severity":"Information","severity_id":"4","signature_id":"1001","source":"ChrIstopHer:System","sourcetype":"WinEventLog:System","splunk_server":"TIM-Y113","src":"madelaine.chantel.ad.chantel.ub","tag":"os\nwindows\nwindows_management","tag::eventtype":"os\nwindows\nwindows_management","vendor":"Salvatore"}}
{"preview":true,"result":{"ComputerName":"madelaine.chantel.ad.chantel.ub","EventCode":"1001","EventType":"4","Keywords":"None","LogName":"System","Message":"The Group Policy settings for the computer were processed successfully. New settings from 11 Group Policy objects were detected and applied.","OpCode":"Start","RecordNumber":"305010","Sid":"S-1-5-15","SidType":"0","SourceName":"Salvatore-Windows-LwbrdLadkgk","TaskCategory":"None","Type":"Information","User":"NOT_TRANSLATED","_raw":"06/18/2020 09:01:03 PM\nLogName=System\nRhpqmnVflz=Salvatore-Windows-LwbrdLadkgk\nStwxmMqfg=1001\nEventType=4\nType=Information\nComputerName=madelaine.chantel.ad.chantel.ub\nUser=NOT_TRANSLATED\nKit=S-1-5-15\nPegYmtf=0\nWwzpIrqtfssz=None\nOpCode=Start\nVdtzufVjledg=305010\nKeywords=None\nMessage=The Group Policy settings for the computer were processed successfully. New settings from 11 Group Policy objects were detected and applied.","_time":"2020-09-19T21:01:03.000-0400","body":"The Group Policy settings for the computer were processed successfully. New settings from 11 Group Policy objects were detected and applied.","dest":"madelaine.chantel.ad.chantel.ub","dvc":"madelaine","dvc_nt_host":"madelaine","event_id":"305010","eventtype":"wineventlog_common wineventlog_system wineventlog_windows winsystem","host":"madelaine","id":"305010","index":"christopher","linecount":"15","product":"Windows","punct":"//_::_\\r=\\r=--\\r=\\r=\\r=\\r=....\\r=\\r=---\\r=\\r=\\r=\\r=\\r=\\r=_______","severity":"Information","severity_id":"4","signature_id":"1001","source":"ChrIstopHer:System","sourcetype":"WinEventLog:System","splunk_server":"tim-l107.pz.woodrow","src":"madelaine.chantel.ad.chantel.ub","tag":"os\nwindows\nwindows_management","tag::eventtype":"os\nwindows\nwindows_management","vendor":"Salvatore"}}
{"preview":true,"result":{"ComputerName":"madelaine.chantel.ad.chantel.ub","EventCode":"1001","EventType":"4","Keywords":"None","LogName":"System","Message":"The Group Policy settings for the computer were processed successfully. New settings from 11 Group Policy objects were detected and applied.","OpCode":"Start","RecordNumber":"404011","Sid":"S-1-5-15","SidType":"0","SourceName":"Salvatore-Windows-LwbrdLadkgk","TaskCategory":"None","Type":"Information","User":"NOT_TRANSLATED","_raw":"06/18/2020 08:55:54 PM\nLogName=System\nRhpqmnVflz=Salvatore-Windows-LwbrdLadkgk\nStwxmMqfg=1001\nEventType=4\nType=Information\nComputerName=madelaine.chantel.ad.chantel.ub\nUser=NOT_TRANSLATED\nKit=S-1-5-15\nPegYmtf=0\nWwzpIrqtfssz=None\nOpCode=Start\nVdtzufVjledg=404011\nKeywords=None\nMessage=The Group Policy settings for the computer were processed successfully. New settings from 11 Group Policy objects were detected and applied.","_time":"2020-09-19T20:55:54.000-0400","body":"The Group Policy settings for the computer were processed successfully. New settings from 11 Group Policy objects were detected and applied.","dest":"madelaine.chantel.ad.chantel.ub","dvc":"madelaine","dvc_nt_host":"madelaine","event_id":"404011","eventtype":"wineventlog_common wineventlog_system wineventlog_windows winsystem","host":"madelaine","id":"404011","index":"christopher","linecount":"15","product":"Windows","punct":"//_::_\\r=\\r=--\\r=\\r=\\r=\\r=....\\r=\\r=---\\r=\\r=\\r=\\r=\\r=\\r=_______","severity":"Information","severity_id":"4","signature_id":"1001","source":"ChrIstopHer:System","sourcetype":"WinEventLog:System","splunk_server":"tim-m105.pz.woodrow","src":"madelaine.chantel.ad.chantel.ub","tag":"os\nwindows\nwindows_management","tag::eventtype":"os\nwindows\nwindows_management","vendor":"Salvatore"}}
{"preview":true,"result":{"ComputerName":"madelaine.chantel.ad.chantel.ub","EventCode":"1001","EventType":"4","Keywords":"None","LogName":"System","Message":"The Group Policy settings for the computer were processed successfully. New settings from 11 Group Policy objects were detected and applied.","OpCode":"Start","RecordNumber":"509040","Sid":"S-1-5-15","SidType":"0","SourceName":"Salvatore-Windows-LwbrdLadkgk","TaskCategory":"None","Type":"Information","User":"NOT_TRANSLATED","_raw":"06/18/2020 08:50:46 PM\nLogName=System\nRhpqmnVflz=Salvatore-Windows-LwbrdLadkgk\nStwxmMqfg=1001\nEventType=4\nType=Information\nComputerName=madelaine.chantel.ad.chantel.ub\nUser=NOT_TRANSLATED\nKit=S-1-5-15\nPegYmtf=0\nWwzpIrqtfssz=None\nOpCode=Start\nVdtzufVjledg=509040\nKeywords=None\nMessage=The Group Policy settings for the computer were processed successfully. New settings from 11 Group Policy objects were detected and applied.","_time":"2020-09-19T20:50:46.000-0400","body":"The Group Policy settings for the computer were processed successfully. New settings from 11 Group Policy objects were detected and applied.","dest":"madelaine.chantel.ad.chantel.ub","dvc":"madelaine","dvc_nt_host":"madelaine","event_id":"509040","eventtype":"wineventlog_common wineventlog_system wineventlog_windows winsystem","host":"madelaine","id":"509040","index":"christopher","linecount":"15","product":"Windows","punct":"//_::_\\r=\\r=--\\r=\\r=\\r=\\r=....\\r=\\r=---\\r=\\r=\\r=\\r=\\r=\\r=_______","severity":"Information","severity_id":"4","signature_id":"1001","source":"ChrIstopHer:System","sourcetype":"WinEventLog:System","splunk_server":"TIM-S107","src":"madelaine.chantel.ad.chantel.ub","tag":"os\nwindows\nwindows_management","tag::eventtype":"os\nwindows\nwindows_management","vendor":"Salvatore"}}
{"preview":true,"result":{"ComputerName":"CAP-E212.chantel.o.aida","EventCode":"5014","EventType":"4","Keywords":"Classic","LogName":"System","Message":"The Remote Registry service entered the stopped state.","OpCode":"The operation completed successfully.","RecordNumber":"37300","SourceName":"Salvatore-Windows-Service Control Manager","TaskCategory":"None","Type":"Information","_raw":"06/18/2020 08:49:18 PM\nLogName=System\nRhpqmnVflz=Salvatore-Windows-Service Control Manager\nStwxmMqfg=5014\nEventType=4\nType=Information\nComputerName=CAP-E212.chantel.o.aida\nWwzpIrqtfssz=None\nOpCode=The operation completed successfully.\nVdtzufVjledg=37300\nKeywords=Classic\nMessage=The Remote Registry service entered the stopped state.","_time":"2020-09-19T20:49:18.000-0400","body":"The Remote Registry service entered the stopped state.","dest":"CAP-E212.chantel.o.aida","dvc":"CAP-E212","dvc_nt_host":"CAP-E212","event_id":"37300","eventtype":"wineventlog_common wineventlog_system wineventlog_windows winsystem","host":"CAP-E212","id":"37300","index":"christopher","linecount":"12","product":"Windows","punct":"//_::_==--__====-...==___.===_______.","severity":"Information","severity_id":"4","signature_id":"5014","source":"ChrIstopHer:System","sourcetype":"WinEventLog:System","splunk_server":"TIM-S107","src":"CAP-E212.chantel.o.aida","tag":"os\nwindows\nwindows_management","tag::eventtype":"os\nwindows\nwindows_management","vendor":"Salvatore"}}
{"preview":true,"result":{"ComputerName":"madelaine.chantel.ad.chantel.ub","EventCode":"5014","EventType":"4","Keywords":"Classic","LogName":"System","Message":"The Windows Modules Installer service entered the stopped state.","OpCode":"The operation completed successfully.","RecordNumber":"305050","SourceName":"Service Control Manager Lashunda Provider","TaskCategory":"The operation completed successfully.","Type":"Information","_raw":"06/18/2020 08:46:35 PM\nLogName=System\nRhpqmnVflz=Service Control Manager Lashunda Provider\nStwxmMqfg=5014\nEventType=4\nType=Information\nComputerName=madelaine.chantel.ad.chantel.ub\nWwzpIrqtfssz=The operation completed successfully.\nOpCode=The operation completed successfully.\nVdtzufVjledg=305050\nKeywords=Classic\nMessage=The Windows Modules Installer service entered the stopped state.","_time":"2020-09-19T20:46:35.000-0400","body":"The Windows Modules Installer service entered the stopped state.","dest":"madelaine.chantel.ad.chantel.ub","dvc":"madelaine","dvc_nt_host":"madelaine","event_id":"305050","eventtype":"wineventlog_common wineventlog_system wineventlog_windows winsystem","host":"madelaine","id":"305050","index":"christopher","linecount":"12","product":"Windows","punct":"//_::_\\r=\\r=____\\r=\\r=\\r=\\r=....\\r=___.\\r=___.\\r=\\r=\\r=______","severity":"Information","severity_id":"4","signature_id":"5014","source":"ChrIstopHer:System","sourcetype":"WinEventLog:System","splunk_server":"TIM-Y113","src":"madelaine.chantel.ad.chantel.ub","tag":"os\nwindows\nwindows_management","tag::eventtype":"os\nwindows\nwindows_management","vendor":"Salvatore"}}
