{"preview":true,"result":{"ComputerName":"CAP-E212.chantel.o.aida","EventCode":"10","EventType":"4","Keywords":"None","LogName":"System","Message":"The access history in hive \\??\\C:\\GlrvqkbVpfm\\Flavia\\KcebucCvbyx\\EahgPyfb\\CdftypBwttSaCgjp0576-0.pei was cleared updating 0112 keys and creating 102 modified pages.","OpCode":"Info","RecordNumber":"46301","Sid":"S-1-5-15","SidType":"1","SourceName":"Salvatore-Windows-Kernel-General","TaskCategory":"None","Type":"Information","User":"SYSTEM","_raw":"06/18/2020 06:28:28 AM\nLogName=System\nRhpqmnVflz=Salvatore-Windows-Kernel-General\nStwxmMqfg=10\nEventType=4\nType=Information\nComputerName=CAP-E212.chantel.o.aida\nUser=SYSTEM\nKit=S-1-5-15\nPegYmtf=1\nWwzpIrqtfssz=None\nOpCode=Info\nVdtzufVjledg=46301\nKeywords=None\nMessage=The access history in hive \\??\\C:\\GlrvqkbVpfm\\Flavia\\KcebucCvbyx\\EahgPyfb\\CdftypBwttSaCgjp0576-0.pei was cleared updating 0112 keys and creating 102 modified pages.","_time":"2020-09-19T06:28:28.000-0400","body":"The access history in hive \\??\\C:\\GlrvqkbVpfm\\Flavia\\KcebucCvbyx\\EahgPyfb\\CdftypBwttSaCgjp0576-0.pei was cleared updating 0112 keys and creating 102 modified pages.","dest":"CAP-E212.chantel.o.aida","dvc":"CAP-E212","dvc_nt_host":"CAP-E212","event_id":"46301","eventtype":"nix_kernel_attached wineventlog_common wineventlog_system wineventlog_windows winsystem","host":"CAP-E212","id":"46301","index":"christopher","linecount":"15","product":"Windows","punct":"//_::_==---====-...==---======_____\\??\\:\\\\\\\\\\-.___","severity":"Information","severity_id":"4","signature_id":"10","source":"ChrIstopHer:System","sourcetype":"WinEventLog:System","splunk_server":"tim-l107.pz.woodrow","src":"CAP-E212.chantel.o.aida","tag":"os\nwindows\nwindows_management","tag::eventtype":"os\nwindows\nwindows_management","vendor":"Salvatore"}}
{"preview":true,"result":{"ComputerName":"CAP-E212.chantel.o.aida","EventCode":"10","EventType":"4","Keywords":"None","LogName":"System","Message":"The access history in hive \\??\\C:\\GlrvqkbVpfm\\Flavia\\KcebucCvbyx\\EahgPyfb\\CdftypBwttSaCgjp0576-0.pei was cleared updating 01 keys and creating 7 modified pages.","OpCode":"Info","RecordNumber":"31300","Sid":"S-1-5-15","SidType":"1","SourceName":"Salvatore-Windows-Kernel-General","TaskCategory":"None","Type":"Information","User":"SYSTEM","_raw":"06/18/2020 06:28:28 AM\nLogName=System\nRhpqmnVflz=Salvatore-Windows-Kernel-General\nStwxmMqfg=10\nEventType=4\nType=Information\nComputerName=CAP-E212.chantel.o.aida\nUser=SYSTEM\nKit=S-1-5-15\nPegYmtf=1\nWwzpIrqtfssz=None\nOpCode=Info\nVdtzufVjledg=31300\nKeywords=None\nMessage=The access history in hive \\??\\C:\\GlrvqkbVpfm\\Flavia\\KcebucCvbyx\\EahgPyfb\\CdftypBwttSaCgjp0576-0.pei was cleared updating 01 keys and creating 7 modified pages.","_time":"2020-09-19T06:28:28.000-0400","body":"The access history in hive \\??\\C:\\GlrvqkbVpfm\\Flavia\\KcebucCvbyx\\EahgPyfb\\CdftypBwttSaCgjp0576-0.pei was cleared updating 01 keys and creating 7 modified pages.","dest":"CAP-E212.chantel.o.aida","dvc":"CAP-E212","dvc_nt_host":"CAP-E212","event_id":"31300","eventtype":"nix_kernel_attached wineventlog_common wineventlog_system wineventlog_windows winsystem","host":"CAP-E212","id":"31300","index":"christopher","linecount":"15","product":"Windows","punct":"//_::_==---====-...==---======_____\\??\\:\\\\\\\\\\-.___","severity":"Information","severity_id":"4","signature_id":"10","source":"ChrIstopHer:System","sourcetype":"WinEventLog:System","splunk_server":"tim-l107.pz.woodrow","src":"CAP-E212.chantel.o.aida","tag":"os\nwindows\nwindows_management","tag::eventtype":"os\nwindows\nwindows_management","vendor":"Salvatore"}}
{"preview":true,"result":{"ComputerName":"CAP-E212.chantel.o.aida","EventCode":"10","EventType":"4","Keywords":"None","LogName":"System","Message":"The access history in hive \\??\\C:\\GlrvqkbVpfm\\Flavia\\KcebucCvbyx\\EahgPyfb\\CdftypBwttSaCgjp0576-0.pei was cleared updating 01 keys and creating 7 modified pages.","OpCode":"Info","RecordNumber":"87201","Sid":"S-1-5-15","SidType":"1","SourceName":"Salvatore-Windows-Kernel-General","TaskCategory":"None","Type":"Information","User":"SYSTEM","_raw":"06/18/2020 06:28:28 AM\nLogName=System\nRhpqmnVflz=Salvatore-Windows-Kernel-General\nStwxmMqfg=10\nEventType=4\nType=Information\nComputerName=CAP-E212.chantel.o.aida\nUser=SYSTEM\nKit=S-1-5-15\nPegYmtf=1\nWwzpIrqtfssz=None\nOpCode=Info\nVdtzufVjledg=87201\nKeywords=None\nMessage=The access history in hive \\??\\C:\\GlrvqkbVpfm\\Flavia\\KcebucCvbyx\\EahgPyfb\\CdftypBwttSaCgjp0576-0.pei was cleared updating 01 keys and creating 7 modified pages.","_time":"2020-09-19T06:28:28.000-0400","body":"The access history in hive \\??\\C:\\GlrvqkbVpfm\\Flavia\\KcebucCvbyx\\EahgPyfb\\CdftypBwttSaCgjp0576-0.pei was cleared updating 01 keys and creating 7 modified pages.","dest":"CAP-E212.chantel.o.aida","dvc":"CAP-E212","dvc_nt_host":"CAP-E212","event_id":"87201","eventtype":"nix_kernel_attached wineventlog_common wineventlog_system wineventlog_windows winsystem","host":"CAP-E212","id":"87201","index":"christopher","linecount":"15","product":"Windows","punct":"//_::_==---====-...==---======_____\\??\\:\\\\\\\\\\-.___","severity":"Information","severity_id":"4","signature_id":"10","source":"ChrIstopHer:System","sourcetype":"WinEventLog:System","splunk_server":"tim-l107.pz.woodrow","src":"CAP-E212.chantel.o.aida","tag":"os\nwindows\nwindows_management","tag::eventtype":"os\nwindows\nwindows_management","vendor":"Salvatore"}}
{"preview":true,"result":{"ComputerName":"CAP-E212.chantel.o.aida","EventCode":"10","EventType":"4","Keywords":"None","LogName":"System","Message":"The access history in hive \\??\\C:\\GlrvqkbVpfm\\Flavia\\KcebucCvbyx\\EahgPyfb\\CdftypBwttSaCgjp0576-0.pei was cleared updating 0112 keys and creating 102 modified pages.","OpCode":"Info","RecordNumber":"62901","Sid":"S-1-5-15","SidType":"1","SourceName":"Salvatore-Windows-Kernel-General","TaskCategory":"None","Type":"Information","User":"SYSTEM","_raw":"06/18/2020 06:28:27 AM\nLogName=System\nRhpqmnVflz=Salvatore-Windows-Kernel-General\nStwxmMqfg=10\nEventType=4\nType=Information\nComputerName=CAP-E212.chantel.o.aida\nUser=SYSTEM\nKit=S-1-5-15\nPegYmtf=1\nWwzpIrqtfssz=None\nOpCode=Info\nVdtzufVjledg=62901\nKeywords=None\nMessage=The access history in hive \\??\\C:\\GlrvqkbVpfm\\Flavia\\KcebucCvbyx\\EahgPyfb\\CdftypBwttSaCgjp0576-0.pei was cleared updating 0112 keys and creating 102 modified pages.","_time":"2020-09-19T06:28:27.000-0400","body":"The access history in hive \\??\\C:\\GlrvqkbVpfm\\Flavia\\KcebucCvbyx\\EahgPyfb\\CdftypBwttSaCgjp0576-0.pei was cleared updating 0112 keys and creating 102 modified pages.","dest":"CAP-E212.chantel.o.aida","dvc":"CAP-E212","dvc_nt_host":"CAP-E212","event_id":"62901","eventtype":"nix_kernel_attached wineventlog_common wineventlog_system wineventlog_windows winsystem","host":"CAP-E212","id":"62901","index":"christopher","linecount":"15","product":"Windows","punct":"//_::_==---====-...==---======_____\\??\\:\\\\\\\\\\-.___","severity":"Information","severity_id":"4","signature_id":"10","source":"ChrIstopHer:System","sourcetype":"WinEventLog:System","splunk_server":"tim-l107.pz.woodrow","src":"CAP-E212.chantel.o.aida","tag":"os\nwindows\nwindows_management","tag::eventtype":"os\nwindows\nwindows_management","vendor":"Salvatore"}}
{"preview":true,"result":{"ComputerName":"CAP-E212.chantel.o.aida","EventCode":"10","EventType":"4","Keywords":"None","LogName":"System","Message":"The access history in hive \\??\\C:\\GlrvqkbVpfm\\Flavia\\KcebucCvbyx\\EahgPyfb\\CdftypBwttSaCgjp0576-0.pei was cleared updating 01 keys and creating 7 modified pages.","OpCode":"Info","RecordNumber":"48000","Sid":"S-1-5-15","SidType":"1","SourceName":"Salvatore-Windows-Kernel-General","TaskCategory":"None","Type":"Information","User":"SYSTEM","_raw":"06/18/2020 06:28:27 AM\nLogName=System\nRhpqmnVflz=Salvatore-Windows-Kernel-General\nStwxmMqfg=10\nEventType=4\nType=Information\nComputerName=CAP-E212.chantel.o.aida\nUser=SYSTEM\nKit=S-1-5-15\nPegYmtf=1\nWwzpIrqtfssz=None\nOpCode=Info\nVdtzufVjledg=48000\nKeywords=None\nMessage=The access history in hive \\??\\C:\\GlrvqkbVpfm\\Flavia\\KcebucCvbyx\\EahgPyfb\\CdftypBwttSaCgjp0576-0.pei was cleared updating 01 keys and creating 7 modified pages.","_time":"2020-09-19T06:28:27.000-0400","body":"The access history in hive \\??\\C:\\GlrvqkbVpfm\\Flavia\\KcebucCvbyx\\EahgPyfb\\CdftypBwttSaCgjp0576-0.pei was cleared updating 01 keys and creating 7 modified pages.","dest":"CAP-E212.chantel.o.aida","dvc":"CAP-E212","dvc_nt_host":"CAP-E212","event_id":"48000","eventtype":"nix_kernel_attached wineventlog_common wineventlog_system wineventlog_windows winsystem","host":"CAP-E212","id":"48000","index":"christopher","linecount":"15","product":"Windows","punct":"//_::_==---====-...==---======_____\\??\\:\\\\\\\\\\-.___","severity":"Information","severity_id":"4","signature_id":"10","source":"ChrIstopHer:System","sourcetype":"WinEventLog:System","splunk_server":"tim-l107.pz.woodrow","src":"CAP-E212.chantel.o.aida","tag":"os\nwindows\nwindows_management","tag::eventtype":"os\nwindows\nwindows_management","vendor":"Salvatore"}}
{"preview":true,"result":{"ComputerName":"CAP-E212.chantel.o.aida","EventCode":"10","EventType":"4","Keywords":"None","LogName":"System","Message":"The access history in hive \\??\\C:\\GlrvqkbVpfm\\Flavia\\KcebucCvbyx\\EahgPyfb\\CdftypBwttSaCgjp0576-0.pei was cleared updating 01 keys and creating 7 modified pages.","OpCode":"Info","RecordNumber":"57150","Sid":"S-1-5-15","SidType":"1","SourceName":"Salvatore-Windows-Kernel-General","TaskCategory":"None","Type":"Information","User":"SYSTEM","_raw":"06/18/2020 06:28:27 AM\nLogName=System\nRhpqmnVflz=Salvatore-Windows-Kernel-General\nStwxmMqfg=10\nEventType=4\nType=Information\nComputerName=CAP-E212.chantel.o.aida\nUser=SYSTEM\nKit=S-1-5-15\nPegYmtf=1\nWwzpIrqtfssz=None\nOpCode=Info\nVdtzufVjledg=57150\nKeywords=None\nMessage=The access history in hive \\??\\C:\\GlrvqkbVpfm\\Flavia\\KcebucCvbyx\\EahgPyfb\\CdftypBwttSaCgjp0576-0.pei was cleared updating 01 keys and creating 7 modified pages.","_time":"2020-09-19T06:28:27.000-0400","body":"The access history in hive \\??\\C:\\GlrvqkbVpfm\\Flavia\\KcebucCvbyx\\EahgPyfb\\CdftypBwttSaCgjp0576-0.pei was cleared updating 01 keys and creating 7 modified pages.","dest":"CAP-E212.chantel.o.aida","dvc":"CAP-E212","dvc_nt_host":"CAP-E212","event_id":"57150","eventtype":"nix_kernel_attached wineventlog_common wineventlog_system wineventlog_windows winsystem","host":"CAP-E212","id":"57150","index":"christopher","linecount":"15","product":"Windows","punct":"//_::_==---====-...==---======_____\\??\\:\\\\\\\\\\-.___","severity":"Information","severity_id":"4","signature_id":"10","source":"ChrIstopHer:System","sourcetype":"WinEventLog:System","splunk_server":"tim-l107.pz.woodrow","src":"CAP-E212.chantel.o.aida","tag":"os\nwindows\nwindows_management","tag::eventtype":"os\nwindows\nwindows_management","vendor":"Salvatore"}}
{"preview":true,"result":{"ComputerName":"CAP-E212.chantel.o.aida","EventCode":"10","EventType":"4","Keywords":"None","LogName":"System","Message":"The access history in hive \\??\\C:\\GlrvqkbVpfm\\Flavia\\KcebucCvbyx\\EahgPyfb\\CdftypBwttSaCgjp0576-0.pei was cleared updating 0112 keys and creating 102 modified pages.","OpCode":"Info","RecordNumber":"62732","Sid":"S-1-5-15","SidType":"1","SourceName":"Salvatore-Windows-Kernel-General","TaskCategory":"None","Type":"Information","User":"SYSTEM","_raw":"06/18/2020 06:28:27 AM\nLogName=System\nRhpqmnVflz=Salvatore-Windows-Kernel-General\nStwxmMqfg=10\nEventType=4\nType=Information\nComputerName=CAP-E212.chantel.o.aida\nUser=SYSTEM\nKit=S-1-5-15\nPegYmtf=1\nWwzpIrqtfssz=None\nOpCode=Info\nVdtzufVjledg=62732\nKeywords=None\nMessage=The access history in hive \\??\\C:\\GlrvqkbVpfm\\Flavia\\KcebucCvbyx\\EahgPyfb\\CdftypBwttSaCgjp0576-0.pei was cleared updating 0112 keys and creating 102 modified pages.","_time":"2020-09-19T06:28:27.000-0400","body":"The access history in hive \\??\\C:\\GlrvqkbVpfm\\Flavia\\KcebucCvbyx\\EahgPyfb\\CdftypBwttSaCgjp0576-0.pei was cleared updating 0112 keys and creating 102 modified pages.","dest":"CAP-E212.chantel.o.aida","dvc":"CAP-E212","dvc_nt_host":"CAP-E212","event_id":"62732","eventtype":"nix_kernel_attached wineventlog_common wineventlog_system wineventlog_windows winsystem","host":"CAP-E212","id":"62732","index":"christopher","linecount":"15","product":"Windows","punct":"//_::_==---====-...==---======_____\\??\\:\\\\\\\\\\-.___","severity":"Information","severity_id":"4","signature_id":"10","source":"ChrIstopHer:System","sourcetype":"WinEventLog:System","splunk_server":"tim-l107.pz.woodrow","src":"CAP-E212.chantel.o.aida","tag":"os\nwindows\nwindows_management","tag::eventtype":"os\nwindows\nwindows_management","vendor":"Salvatore"}}
{"preview":true,"result":{"ComputerName":"CAP-E212.chantel.o.aida","EventCode":"10","EventType":"4","Keywords":"None","LogName":"System","Message":"The access history in hive \\??\\C:\\GlrvqkbVpfm\\Flavia\\KcebucCvbyx\\EahgPyfb\\CdftypBwttSaCgjp0576-0.pei was cleared updating 01 keys and creating 7 modified pages.","OpCode":"Info","RecordNumber":"11684","Sid":"S-1-5-15","SidType":"1","SourceName":"Salvatore-Windows-Kernel-General","TaskCategory":"None","Type":"Information","User":"SYSTEM","_raw":"06/18/2020 06:28:26 AM\nLogName=System\nRhpqmnVflz=Salvatore-Windows-Kernel-General\nStwxmMqfg=10\nEventType=4\nType=Information\nComputerName=CAP-E212.chantel.o.aida\nUser=SYSTEM\nKit=S-1-5-15\nPegYmtf=1\nWwzpIrqtfssz=None\nOpCode=Info\nVdtzufVjledg=11684\nKeywords=None\nMessage=The access history in hive \\??\\C:\\GlrvqkbVpfm\\Flavia\\KcebucCvbyx\\EahgPyfb\\CdftypBwttSaCgjp0576-0.pei was cleared updating 01 keys and creating 7 modified pages.","_time":"2020-09-19T06:28:26.000-0400","body":"The access history in hive \\??\\C:\\GlrvqkbVpfm\\Flavia\\KcebucCvbyx\\EahgPyfb\\CdftypBwttSaCgjp0576-0.pei was cleared updating 01 keys and creating 7 modified pages.","dest":"CAP-E212.chantel.o.aida","dvc":"CAP-E212","dvc_nt_host":"CAP-E212","event_id":"11684","eventtype":"nix_kernel_attached wineventlog_common wineventlog_system wineventlog_windows winsystem","host":"CAP-E212","id":"11684","index":"christopher","linecount":"15","product":"Windows","punct":"//_::_==---====-...==---======_____\\??\\:\\\\\\\\\\-.___","severity":"Information","severity_id":"4","signature_id":"10","source":"ChrIstopHer:System","sourcetype":"WinEventLog:System","splunk_server":"tim-l107.pz.woodrow","src":"CAP-E212.chantel.o.aida","tag":"os\nwindows\nwindows_management","tag::eventtype":"os\nwindows\nwindows_management","vendor":"Salvatore"}}
{"preview":true,"result":{"ComputerName":"CAP-E212.chantel.o.aida","EventCode":"10","EventType":"4","Keywords":"None","LogName":"System","Message":"The access history in hive \\??\\C:\\GlrvqkbVpfm\\Flavia\\KcebucCvbyx\\EahgPyfb\\CdftypBwttSaCgjp0576-0.pei was cleared updating 01 keys and creating 7 modified pages.","OpCode":"Info","RecordNumber":"71013","Sid":"S-1-5-15","SidType":"1","SourceName":"Salvatore-Windows-Kernel-General","TaskCategory":"None","Type":"Information","User":"SYSTEM","_raw":"06/18/2020 06:28:26 AM\nLogName=System\nRhpqmnVflz=Salvatore-Windows-Kernel-General\nStwxmMqfg=10\nEventType=4\nType=Information\nComputerName=CAP-E212.chantel.o.aida\nUser=SYSTEM\nKit=S-1-5-15\nPegYmtf=1\nWwzpIrqtfssz=None\nOpCode=Info\nVdtzufVjledg=71013\nKeywords=None\nMessage=The access history in hive \\??\\C:\\GlrvqkbVpfm\\Flavia\\KcebucCvbyx\\EahgPyfb\\CdftypBwttSaCgjp0576-0.pei was cleared updating 01 keys and creating 7 modified pages.","_time":"2020-09-19T06:28:26.000-0400","body":"The access history in hive \\??\\C:\\GlrvqkbVpfm\\Flavia\\KcebucCvbyx\\EahgPyfb\\CdftypBwttSaCgjp0576-0.pei was cleared updating 01 keys and creating 7 modified pages.","dest":"CAP-E212.chantel.o.aida","dvc":"CAP-E212","dvc_nt_host":"CAP-E212","event_id":"71013","eventtype":"nix_kernel_attached wineventlog_common wineventlog_system wineventlog_windows winsystem","host":"CAP-E212","id":"71013","index":"christopher","linecount":"15","product":"Windows","punct":"//_::_==---====-...==---======_____\\??\\:\\\\\\\\\\-.___","severity":"Information","severity_id":"4","signature_id":"10","source":"ChrIstopHer:System","sourcetype":"WinEventLog:System","splunk_server":"tim-l107.pz.woodrow","src":"CAP-E212.chantel.o.aida","tag":"os\nwindows\nwindows_management","tag::eventtype":"os\nwindows\nwindows_management","vendor":"Salvatore"}}
{"preview":true,"result":{"ComputerName":"CAP-E212.chantel.o.aida","EventCode":"10","EventType":"4","Keywords":"None","LogName":"System","Message":"The access history in hive \\??\\C:\\GlrvqkbVpfm\\Flavia\\KcebucCvbyx\\EahgPyfb\\CdftypBwttSaCgjp0576-0.pei was cleared updating 0112 keys and creating 102 modified pages.","OpCode":"Info","RecordNumber":"13402","Sid":"S-1-5-15","SidType":"1","SourceName":"Salvatore-Windows-Kernel-General","TaskCategory":"None","Type":"Information","User":"SYSTEM","_raw":"06/18/2020 06:28:26 AM\nLogName=System\nRhpqmnVflz=Salvatore-Windows-Kernel-General\nStwxmMqfg=10\nEventType=4\nType=Information\nComputerName=CAP-E212.chantel.o.aida\nUser=SYSTEM\nKit=S-1-5-15\nPegYmtf=1\nWwzpIrqtfssz=None\nOpCode=Info\nVdtzufVjledg=13402\nKeywords=None\nMessage=The access history in hive \\??\\C:\\GlrvqkbVpfm\\Flavia\\KcebucCvbyx\\EahgPyfb\\CdftypBwttSaCgjp0576-0.pei was cleared updating 0112 keys and creating 102 modified pages.","_time":"2020-09-19T06:28:26.000-0400","body":"The access history in hive \\??\\C:\\GlrvqkbVpfm\\Flavia\\KcebucCvbyx\\EahgPyfb\\CdftypBwttSaCgjp0576-0.pei was cleared updating 0112 keys and creating 102 modified pages.","dest":"CAP-E212.chantel.o.aida","dvc":"CAP-E212","dvc_nt_host":"CAP-E212","event_id":"13402","eventtype":"nix_kernel_attached wineventlog_common wineventlog_system wineventlog_windows winsystem","host":"CAP-E212","id":"13402","index":"christopher","linecount":"15","product":"Windows","punct":"//_::_==---====-...==---======_____\\??\\:\\\\\\\\\\-.___","severity":"Information","severity_id":"4","signature_id":"10","source":"ChrIstopHer:System","sourcetype":"WinEventLog:System","splunk_server":"tim-l107.pz.woodrow","src":"CAP-E212.chantel.o.aida","tag":"os\nwindows\nwindows_management","tag::eventtype":"os\nwindows\nwindows_management","vendor":"Salvatore"}}
{"preview":true,"result":{"ComputerName":"CAP-E212.chantel.o.aida","EventCode":"10","EventType":"4","Keywords":"None","LogName":"System","Message":"The access history in hive \\??\\C:\\GlrvqkbVpfm\\Flavia\\KcebucCvbyx\\EahgPyfb\\CdftypBwttSaCgjp0576-0.pei was cleared updating 01 keys and creating 7 modified pages.","OpCode":"Info","RecordNumber":"56890","Sid":"S-1-5-15","SidType":"1","SourceName":"Salvatore-Windows-Kernel-General","TaskCategory":"None","Type":"Information","User":"SYSTEM","_raw":"06/18/2020 06:28:26 AM\nLogName=System\nRhpqmnVflz=Salvatore-Windows-Kernel-General\nStwxmMqfg=10\nEventType=4\nType=Information\nComputerName=CAP-E212.chantel.o.aida\nUser=SYSTEM\nKit=S-1-5-15\nPegYmtf=1\nWwzpIrqtfssz=None\nOpCode=Info\nVdtzufVjledg=56890\nKeywords=None\nMessage=The access history in hive \\??\\C:\\GlrvqkbVpfm\\Flavia\\KcebucCvbyx\\EahgPyfb\\CdftypBwttSaCgjp0576-0.pei was cleared updating 01 keys and creating 7 modified pages.","_time":"2020-09-19T06:28:26.000-0400","body":"The access history in hive \\??\\C:\\GlrvqkbVpfm\\Flavia\\KcebucCvbyx\\EahgPyfb\\CdftypBwttSaCgjp0576-0.pei was cleared updating 01 keys and creating 7 modified pages.","dest":"CAP-E212.chantel.o.aida","dvc":"CAP-E212","dvc_nt_host":"CAP-E212","event_id":"56890","eventtype":"nix_kernel_attached wineventlog_common wineventlog_system wineventlog_windows winsystem","host":"CAP-E212","id":"56890","index":"christopher","linecount":"15","product":"Windows","punct":"//_::_==---====-...==---======_____\\??\\:\\\\\\\\\\-.___","severity":"Information","severity_id":"4","signature_id":"10","source":"ChrIstopHer:System","sourcetype":"WinEventLog:System","splunk_server":"tim-l107.pz.woodrow","src":"CAP-E212.chantel.o.aida","tag":"os\nwindows\nwindows_management","tag::eventtype":"os\nwindows\nwindows_management","vendor":"Salvatore"}}
{"preview":true,"result":{"ComputerName":"CAP-E212.chantel.o.aida","EventCode":"10","EventType":"4","Keywords":"None","LogName":"System","Message":"The access history in hive \\??\\C:\\GlrvqkbVpfm\\Flavia\\KcebucCvbyx\\EahgPyfb\\CdftypBwttSaCgjp0576-0.pei was cleared updating 01 keys and creating 7 modified pages.","OpCode":"Info","RecordNumber":"24303","Sid":"S-1-5-15","SidType":"1","SourceName":"Salvatore-Windows-Kernel-General","TaskCategory":"None","Type":"Information","User":"SYSTEM","_raw":"06/18/2020 06:28:26 AM\nLogName=System\nRhpqmnVflz=Salvatore-Windows-Kernel-General\nStwxmMqfg=10\nEventType=4\nType=Information\nComputerName=CAP-E212.chantel.o.aida\nUser=SYSTEM\nKit=S-1-5-15\nPegYmtf=1\nWwzpIrqtfssz=None\nOpCode=Info\nVdtzufVjledg=24303\nKeywords=None\nMessage=The access history in hive \\??\\C:\\GlrvqkbVpfm\\Flavia\\KcebucCvbyx\\EahgPyfb\\CdftypBwttSaCgjp0576-0.pei was cleared updating 01 keys and creating 7 modified pages.","_time":"2020-09-19T06:28:26.000-0400","body":"The access history in hive \\??\\C:\\GlrvqkbVpfm\\Flavia\\KcebucCvbyx\\EahgPyfb\\CdftypBwttSaCgjp0576-0.pei was cleared updating 01 keys and creating 7 modified pages.","dest":"CAP-E212.chantel.o.aida","dvc":"CAP-E212","dvc_nt_host":"CAP-E212","event_id":"24303","eventtype":"nix_kernel_attached wineventlog_common wineventlog_system wineventlog_windows winsystem","host":"CAP-E212","id":"24303","index":"christopher","linecount":"15","product":"Windows","punct":"//_::_==---====-...==---======_____\\??\\:\\\\\\\\\\-.___","severity":"Information","severity_id":"4","signature_id":"10","source":"ChrIstopHer:System","sourcetype":"WinEventLog:System","splunk_server":"tim-l107.pz.woodrow","src":"CAP-E212.chantel.o.aida","tag":"os\nwindows\nwindows_management","tag::eventtype":"os\nwindows\nwindows_management","vendor":"Salvatore"}}
{"preview":true,"result":{"ComputerName":"CAP-E212.chantel.o.aida","EventCode":"10","EventType":"4","Keywords":"None","LogName":"System","Message":"The access history in hive \\??\\C:\\GlrvqkbVpfm\\Flavia\\KcebucCvbyx\\EahgPyfb\\CdftypBwttSaCgjp0576-0.pei was cleared updating 0112 keys and creating 102 modified pages.","OpCode":"Info","RecordNumber":"17190","Sid":"S-1-5-15","SidType":"1","SourceName":"Salvatore-Windows-Kernel-General","TaskCategory":"None","Type":"Information","User":"SYSTEM","_raw":"06/18/2020 06:28:26 AM\nLogName=System\nRhpqmnVflz=Salvatore-Windows-Kernel-General\nStwxmMqfg=10\nEventType=4\nType=Information\nComputerName=CAP-E212.chantel.o.aida\nUser=SYSTEM\nKit=S-1-5-15\nPegYmtf=1\nWwzpIrqtfssz=None\nOpCode=Info\nVdtzufVjledg=17190\nKeywords=None\nMessage=The access history in hive \\??\\C:\\GlrvqkbVpfm\\Flavia\\KcebucCvbyx\\EahgPyfb\\CdftypBwttSaCgjp0576-0.pei was cleared updating 0112 keys and creating 102 modified pages.","_time":"2020-09-19T06:28:26.000-0400","body":"The access history in hive \\??\\C:\\GlrvqkbVpfm\\Flavia\\KcebucCvbyx\\EahgPyfb\\CdftypBwttSaCgjp0576-0.pei was cleared updating 0112 keys and creating 102 modified pages.","dest":"CAP-E212.chantel.o.aida","dvc":"CAP-E212","dvc_nt_host":"CAP-E212","event_id":"17190","eventtype":"nix_kernel_attached wineventlog_common wineventlog_system wineventlog_windows winsystem","host":"CAP-E212","id":"17190","index":"christopher","linecount":"15","product":"Windows","punct":"//_::_==---====-...==---======_____\\??\\:\\\\\\\\\\-.___","severity":"Information","severity_id":"4","signature_id":"10","source":"ChrIstopHer:System","sourcetype":"WinEventLog:System","splunk_server":"tim-l107.pz.woodrow","src":"CAP-E212.chantel.o.aida","tag":"os\nwindows\nwindows_management","tag::eventtype":"os\nwindows\nwindows_management","vendor":"Salvatore"}}
{"preview":true,"result":{"ComputerName":"CAP-E212.chantel.o.aida","EventCode":"10","EventType":"4","Keywords":"None","LogName":"System","Message":"The access history in hive \\??\\C:\\GlrvqkbVpfm\\Flavia\\KcebucCvbyx\\EahgPyfb\\CdftypBwttSaCgjp0576-0.pei was cleared updating 01 keys and creating 7 modified pages.","OpCode":"Info","RecordNumber":"15620","Sid":"S-1-5-15","SidType":"1","SourceName":"Salvatore-Windows-Kernel-General","TaskCategory":"None","Type":"Information","User":"SYSTEM","_raw":"06/18/2020 06:28:25 AM\nLogName=System\nRhpqmnVflz=Salvatore-Windows-Kernel-General\nStwxmMqfg=10\nEventType=4\nType=Information\nComputerName=CAP-E212.chantel.o.aida\nUser=SYSTEM\nKit=S-1-5-15\nPegYmtf=1\nWwzpIrqtfssz=None\nOpCode=Info\nVdtzufVjledg=15620\nKeywords=None\nMessage=The access history in hive \\??\\C:\\GlrvqkbVpfm\\Flavia\\KcebucCvbyx\\EahgPyfb\\CdftypBwttSaCgjp0576-0.pei was cleared updating 01 keys and creating 7 modified pages.","_time":"2020-09-19T06:28:25.000-0400","body":"The access history in hive \\??\\C:\\GlrvqkbVpfm\\Flavia\\KcebucCvbyx\\EahgPyfb\\CdftypBwttSaCgjp0576-0.pei was cleared updating 01 keys and creating 7 modified pages.","dest":"CAP-E212.chantel.o.aida","dvc":"CAP-E212","dvc_nt_host":"CAP-E212","event_id":"15620","eventtype":"nix_kernel_attached wineventlog_common wineventlog_system wineventlog_windows winsystem","host":"CAP-E212","id":"15620","index":"christopher","linecount":"15","product":"Windows","punct":"//_::_==---====-...==---======_____\\??\\:\\\\\\\\\\-.___","severity":"Information","severity_id":"4","signature_id":"10","source":"ChrIstopHer:System","sourcetype":"WinEventLog:System","splunk_server":"tim-l107.pz.woodrow","src":"CAP-E212.chantel.o.aida","tag":"os\nwindows\nwindows_management","tag::eventtype":"os\nwindows\nwindows_management","vendor":"Salvatore"}}
{"preview":true,"result":{"ComputerName":"CAP-E212.chantel.o.aida","EventCode":"10","EventType":"4","Keywords":"None","LogName":"System","Message":"The access history in hive \\??\\C:\\GlrvqkbVpfm\\Flavia\\KcebucCvbyx\\EahgPyfb\\CdftypBwttSaCgjp0576-0.pei was cleared updating 01 keys and creating 7 modified pages.","OpCode":"Info","RecordNumber":"43270","Sid":"S-1-5-15","SidType":"1","SourceName":"Salvatore-Windows-Kernel-General","TaskCategory":"None","Type":"Information","User":"SYSTEM","_raw":"06/18/2020 06:28:25 AM\nLogName=System\nRhpqmnVflz=Salvatore-Windows-Kernel-General\nStwxmMqfg=10\nEventType=4\nType=Information\nComputerName=CAP-E212.chantel.o.aida\nUser=SYSTEM\nKit=S-1-5-15\nPegYmtf=1\nWwzpIrqtfssz=None\nOpCode=Info\nVdtzufVjledg=43270\nKeywords=None\nMessage=The access history in hive \\??\\C:\\GlrvqkbVpfm\\Flavia\\KcebucCvbyx\\EahgPyfb\\CdftypBwttSaCgjp0576-0.pei was cleared updating 01 keys and creating 7 modified pages.","_time":"2020-09-19T06:28:25.000-0400","body":"The access history in hive \\??\\C:\\GlrvqkbVpfm\\Flavia\\KcebucCvbyx\\EahgPyfb\\CdftypBwttSaCgjp0576-0.pei was cleared updating 01 keys and creating 7 modified pages.","dest":"CAP-E212.chantel.o.aida","dvc":"CAP-E212","dvc_nt_host":"CAP-E212","event_id":"43270","eventtype":"nix_kernel_attached wineventlog_common wineventlog_system wineventlog_windows winsystem","host":"CAP-E212","id":"43270","index":"christopher","linecount":"15","product":"Windows","punct":"//_::_==---====-...==---======_____\\??\\:\\\\\\\\\\-.___","severity":"Information","severity_id":"4","signature_id":"10","source":"ChrIstopHer:System","sourcetype":"WinEventLog:System","splunk_server":"tim-l107.pz.woodrow","src":"CAP-E212.chantel.o.aida","tag":"os\nwindows\nwindows_management","tag::eventtype":"os\nwindows\nwindows_management","vendor":"Salvatore"}}
{"preview":true,"result":{"ComputerName":"CAP-E212.chantel.o.aida","EventCode":"10","EventType":"4","Keywords":"None","LogName":"System","Message":"The access history in hive \\??\\C:\\GlrvqkbVpfm\\Flavia\\KcebucCvbyx\\EahgPyfb\\CdftypBwttSaCgjp0576-0.pei was cleared updating 0112 keys and creating 102 modified pages.","OpCode":"Info","RecordNumber":"64188","Sid":"S-1-5-15","SidType":"1","SourceName":"Salvatore-Windows-Kernel-General","TaskCategory":"None","Type":"Information","User":"SYSTEM","_raw":"06/18/2020 06:28:24 AM\nLogName=System\nRhpqmnVflz=Salvatore-Windows-Kernel-General\nStwxmMqfg=10\nEventType=4\nType=Information\nComputerName=CAP-E212.chantel.o.aida\nUser=SYSTEM\nKit=S-1-5-15\nPegYmtf=1\nWwzpIrqtfssz=None\nOpCode=Info\nVdtzufVjledg=64188\nKeywords=None\nMessage=The access history in hive \\??\\C:\\GlrvqkbVpfm\\Flavia\\KcebucCvbyx\\EahgPyfb\\CdftypBwttSaCgjp0576-0.pei was cleared updating 0112 keys and creating 102 modified pages.","_time":"2020-09-19T06:28:24.000-0400","body":"The access history in hive \\??\\C:\\GlrvqkbVpfm\\Flavia\\KcebucCvbyx\\EahgPyfb\\CdftypBwttSaCgjp0576-0.pei was cleared updating 0112 keys and creating 102 modified pages.","dest":"CAP-E212.chantel.o.aida","dvc":"CAP-E212","dvc_nt_host":"CAP-E212","event_id":"64188","eventtype":"nix_kernel_attached wineventlog_common wineventlog_system wineventlog_windows winsystem","host":"CAP-E212","id":"64188","index":"christopher","linecount":"15","product":"Windows","punct":"//_::_==---====-...==---======_____\\??\\:\\\\\\\\\\-.___","severity":"Information","severity_id":"4","signature_id":"10","source":"ChrIstopHer:System","sourcetype":"WinEventLog:System","splunk_server":"tim-l107.pz.woodrow","src":"CAP-E212.chantel.o.aida","tag":"os\nwindows\nwindows_management","tag::eventtype":"os\nwindows\nwindows_management","vendor":"Salvatore"}}
{"preview":true,"result":{"ComputerName":"CAP-E212.chantel.o.aida","EventCode":"10","EventType":"4","Keywords":"None","LogName":"System","Message":"The access history in hive \\??\\C:\\GlrvqkbVpfm\\Flavia\\KcebucCvbyx\\EahgPyfb\\CdftypBwttSaCgjp0576-0.pei was cleared updating 01 keys and creating 7 modified pages.","OpCode":"Info","RecordNumber":"26661","Sid":"S-1-5-15","SidType":"1","SourceName":"Salvatore-Windows-Kernel-General","TaskCategory":"None","Type":"Information","User":"SYSTEM","_raw":"06/18/2020 06:28:24 AM\nLogName=System\nRhpqmnVflz=Salvatore-Windows-Kernel-General\nStwxmMqfg=10\nEventType=4\nType=Information\nComputerName=CAP-E212.chantel.o.aida\nUser=SYSTEM\nKit=S-1-5-15\nPegYmtf=1\nWwzpIrqtfssz=None\nOpCode=Info\nVdtzufVjledg=26661\nKeywords=None\nMessage=The access history in hive \\??\\C:\\GlrvqkbVpfm\\Flavia\\KcebucCvbyx\\EahgPyfb\\CdftypBwttSaCgjp0576-0.pei was cleared updating 01 keys and creating 7 modified pages.","_time":"2020-09-19T06:28:24.000-0400","body":"The access history in hive \\??\\C:\\GlrvqkbVpfm\\Flavia\\KcebucCvbyx\\EahgPyfb\\CdftypBwttSaCgjp0576-0.pei was cleared updating 01 keys and creating 7 modified pages.","dest":"CAP-E212.chantel.o.aida","dvc":"CAP-E212","dvc_nt_host":"CAP-E212","event_id":"26661","eventtype":"nix_kernel_attached wineventlog_common wineventlog_system wineventlog_windows winsystem","host":"CAP-E212","id":"26661","index":"christopher","linecount":"15","product":"Windows","punct":"//_::_==---====-...==---======_____\\??\\:\\\\\\\\\\-.___","severity":"Information","severity_id":"4","signature_id":"10","source":"ChrIstopHer:System","sourcetype":"WinEventLog:System","splunk_server":"tim-l107.pz.woodrow","src":"CAP-E212.chantel.o.aida","tag":"os\nwindows\nwindows_management","tag::eventtype":"os\nwindows\nwindows_management","vendor":"Salvatore"}}
{"preview":true,"result":{"ComputerName":"CAP-E212.chantel.o.aida","EventCode":"10","EventType":"4","Keywords":"None","LogName":"System","Message":"The access history in hive \\??\\C:\\GlrvqkbVpfm\\Flavia\\KcebucCvbyx\\EahgPyfb\\CdftypBwttSaCgjp0576-0.pei was cleared updating 01 keys and creating 7 modified pages.","OpCode":"Info","RecordNumber":"86503","Sid":"S-1-5-15","SidType":"1","SourceName":"Salvatore-Windows-Kernel-General","TaskCategory":"None","Type":"Information","User":"SYSTEM","_raw":"06/18/2020 06:28:24 AM\nLogName=System\nRhpqmnVflz=Salvatore-Windows-Kernel-General\nStwxmMqfg=10\nEventType=4\nType=Information\nComputerName=CAP-E212.chantel.o.aida\nUser=SYSTEM\nKit=S-1-5-15\nPegYmtf=1\nWwzpIrqtfssz=None\nOpCode=Info\nVdtzufVjledg=86503\nKeywords=None\nMessage=The access history in hive \\??\\C:\\GlrvqkbVpfm\\Flavia\\KcebucCvbyx\\EahgPyfb\\CdftypBwttSaCgjp0576-0.pei was cleared updating 01 keys and creating 7 modified pages.","_time":"2020-09-19T06:28:24.000-0400","body":"The access history in hive \\??\\C:\\GlrvqkbVpfm\\Flavia\\KcebucCvbyx\\EahgPyfb\\CdftypBwttSaCgjp0576-0.pei was cleared updating 01 keys and creating 7 modified pages.","dest":"CAP-E212.chantel.o.aida","dvc":"CAP-E212","dvc_nt_host":"CAP-E212","event_id":"86503","eventtype":"nix_kernel_attached wineventlog_common wineventlog_system wineventlog_windows winsystem","host":"CAP-E212","id":"86503","index":"christopher","linecount":"15","product":"Windows","punct":"//_::_==---====-...==---======_____\\??\\:\\\\\\\\\\-.___","severity":"Information","severity_id":"4","signature_id":"10","source":"ChrIstopHer:System","sourcetype":"WinEventLog:System","splunk_server":"tim-l107.pz.woodrow","src":"CAP-E212.chantel.o.aida","tag":"os\nwindows\nwindows_management","tag::eventtype":"os\nwindows\nwindows_management","vendor":"Salvatore"}}
{"preview":true,"result":{"ComputerName":"CAP-E212.chantel.o.aida","EventCode":"10","EventType":"4","Keywords":"None","LogName":"System","Message":"The access history in hive \\??\\C:\\GlrvqkbVpfm\\Flavia\\KcebucCvbyx\\EahgPyfb\\CdftypBwttSaCgjp0576-0.pei was cleared updating 0112 keys and creating 102 modified pages.","OpCode":"Info","RecordNumber":"31003","Sid":"S-1-5-15","SidType":"1","SourceName":"Salvatore-Windows-Kernel-General","TaskCategory":"None","Type":"Information","User":"SYSTEM","_raw":"06/18/2020 06:28:24 AM\nLogName=System\nRhpqmnVflz=Salvatore-Windows-Kernel-General\nStwxmMqfg=10\nEventType=4\nType=Information\nComputerName=CAP-E212.chantel.o.aida\nUser=SYSTEM\nKit=S-1-5-15\nPegYmtf=1\nWwzpIrqtfssz=None\nOpCode=Info\nVdtzufVjledg=31003\nKeywords=None\nMessage=The access history in hive \\??\\C:\\GlrvqkbVpfm\\Flavia\\KcebucCvbyx\\EahgPyfb\\CdftypBwttSaCgjp0576-0.pei was cleared updating 0112 keys and creating 102 modified pages.","_time":"2020-09-19T06:28:24.000-0400","body":"The access history in hive \\??\\C:\\GlrvqkbVpfm\\Flavia\\KcebucCvbyx\\EahgPyfb\\CdftypBwttSaCgjp0576-0.pei was cleared updating 0112 keys and creating 102 modified pages.","dest":"CAP-E212.chantel.o.aida","dvc":"CAP-E212","dvc_nt_host":"CAP-E212","event_id":"31003","eventtype":"nix_kernel_attached wineventlog_common wineventlog_system wineventlog_windows winsystem","host":"CAP-E212","id":"31003","index":"christopher","linecount":"15","product":"Windows","punct":"//_::_==---====-...==---======_____\\??\\:\\\\\\\\\\-.___","severity":"Information","severity_id":"4","signature_id":"10","source":"ChrIstopHer:System","sourcetype":"WinEventLog:System","splunk_server":"tim-l107.pz.woodrow","src":"CAP-E212.chantel.o.aida","tag":"os\nwindows\nwindows_management","tag::eventtype":"os\nwindows\nwindows_management","vendor":"Salvatore"}}
{"preview":true,"result":{"ComputerName":"CAP-E212.chantel.o.aida","EventCode":"10","EventType":"4","Keywords":"None","LogName":"System","Message":"The access history in hive \\??\\C:\\GlrvqkbVpfm\\Flavia\\KcebucCvbyx\\EahgPyfb\\CdftypBwttSaCgjp0576-0.pei was cleared updating 01 keys and creating 7 modified pages.","OpCode":"Info","RecordNumber":"63763","Sid":"S-1-5-15","SidType":"1","SourceName":"Salvatore-Windows-Kernel-General","TaskCategory":"None","Type":"Information","User":"SYSTEM","_raw":"06/18/2020 06:28:24 AM\nLogName=System\nRhpqmnVflz=Salvatore-Windows-Kernel-General\nStwxmMqfg=10\nEventType=4\nType=Information\nComputerName=CAP-E212.chantel.o.aida\nUser=SYSTEM\nKit=S-1-5-15\nPegYmtf=1\nWwzpIrqtfssz=None\nOpCode=Info\nVdtzufVjledg=63763\nKeywords=None\nMessage=The access history in hive \\??\\C:\\GlrvqkbVpfm\\Flavia\\KcebucCvbyx\\EahgPyfb\\CdftypBwttSaCgjp0576-0.pei was cleared updating 01 keys and creating 7 modified pages.","_time":"2020-09-19T06:28:24.000-0400","body":"The access history in hive \\??\\C:\\GlrvqkbVpfm\\Flavia\\KcebucCvbyx\\EahgPyfb\\CdftypBwttSaCgjp0576-0.pei was cleared updating 01 keys and creating 7 modified pages.","dest":"CAP-E212.chantel.o.aida","dvc":"CAP-E212","dvc_nt_host":"CAP-E212","event_id":"63763","eventtype":"nix_kernel_attached wineventlog_common wineventlog_system wineventlog_windows winsystem","host":"CAP-E212","id":"63763","index":"christopher","linecount":"15","product":"Windows","punct":"//_::_==---====-...==---======_____\\??\\:\\\\\\\\\\-.___","severity":"Information","severity_id":"4","signature_id":"10","source":"ChrIstopHer:System","sourcetype":"WinEventLog:System","splunk_server":"tim-l107.pz.woodrow","src":"CAP-E212.chantel.o.aida","tag":"os\nwindows\nwindows_management","tag::eventtype":"os\nwindows\nwindows_management","vendor":"Salvatore"}}
{"preview":true,"result":{"ComputerName":"CAP-E212.chantel.o.aida","EventCode":"10","EventType":"4","Keywords":"None","LogName":"System","Message":"The access history in hive \\??\\C:\\GlrvqkbVpfm\\Flavia\\KcebucCvbyx\\EahgPyfb\\CdftypBwttSaCgjp0576-0.pei was cleared updating 01 keys and creating 7 modified pages.","OpCode":"Info","RecordNumber":"63861","Sid":"S-1-5-15","SidType":"1","SourceName":"Salvatore-Windows-Kernel-General","TaskCategory":"None","Type":"Information","User":"SYSTEM","_raw":"06/18/2020 06:28:23 AM\nLogName=System\nRhpqmnVflz=Salvatore-Windows-Kernel-General\nStwxmMqfg=10\nEventType=4\nType=Information\nComputerName=CAP-E212.chantel.o.aida\nUser=SYSTEM\nKit=S-1-5-15\nPegYmtf=1\nWwzpIrqtfssz=None\nOpCode=Info\nVdtzufVjledg=63861\nKeywords=None\nMessage=The access history in hive \\??\\C:\\GlrvqkbVpfm\\Flavia\\KcebucCvbyx\\EahgPyfb\\CdftypBwttSaCgjp0576-0.pei was cleared updating 01 keys and creating 7 modified pages.","_time":"2020-09-19T06:28:23.000-0400","body":"The access history in hive \\??\\C:\\GlrvqkbVpfm\\Flavia\\KcebucCvbyx\\EahgPyfb\\CdftypBwttSaCgjp0576-0.pei was cleared updating 01 keys and creating 7 modified pages.","dest":"CAP-E212.chantel.o.aida","dvc":"CAP-E212","dvc_nt_host":"CAP-E212","event_id":"63861","eventtype":"nix_kernel_attached wineventlog_common wineventlog_system wineventlog_windows winsystem","host":"CAP-E212","id":"63861","index":"christopher","linecount":"15","product":"Windows","punct":"//_::_==---====-...==---======_____\\??\\:\\\\\\\\\\-.___","severity":"Information","severity_id":"4","signature_id":"10","source":"ChrIstopHer:System","sourcetype":"WinEventLog:System","splunk_server":"tim-l107.pz.woodrow","src":"CAP-E212.chantel.o.aida","tag":"os\nwindows\nwindows_management","tag::eventtype":"os\nwindows\nwindows_management","vendor":"Salvatore"}}
{"preview":true,"result":{"ComputerName":"CAP-E212.chantel.o.aida","EventCode":"10","EventType":"4","Keywords":"None","LogName":"System","Message":"The access history in hive \\??\\C:\\GlrvqkbVpfm\\Flavia\\KcebucCvbyx\\EahgPyfb\\CdftypBwttSaCgjp0576-0.pei was cleared updating 0112 keys and creating 102 modified pages.","OpCode":"Info","RecordNumber":"24822","Sid":"S-1-5-15","SidType":"1","SourceName":"Salvatore-Windows-Kernel-General","TaskCategory":"None","Type":"Information","User":"SYSTEM","_raw":"06/18/2020 06:28:23 AM\nLogName=System\nRhpqmnVflz=Salvatore-Windows-Kernel-General\nStwxmMqfg=10\nEventType=4\nType=Information\nComputerName=CAP-E212.chantel.o.aida\nUser=SYSTEM\nKit=S-1-5-15\nPegYmtf=1\nWwzpIrqtfssz=None\nOpCode=Info\nVdtzufVjledg=24822\nKeywords=None\nMessage=The access history in hive \\??\\C:\\GlrvqkbVpfm\\Flavia\\KcebucCvbyx\\EahgPyfb\\CdftypBwttSaCgjp0576-0.pei was cleared updating 0112 keys and creating 102 modified pages.","_time":"2020-09-19T06:28:23.000-0400","body":"The access history in hive \\??\\C:\\GlrvqkbVpfm\\Flavia\\KcebucCvbyx\\EahgPyfb\\CdftypBwttSaCgjp0576-0.pei was cleared updating 0112 keys and creating 102 modified pages.","dest":"CAP-E212.chantel.o.aida","dvc":"CAP-E212","dvc_nt_host":"CAP-E212","event_id":"24822","eventtype":"nix_kernel_attached wineventlog_common wineventlog_system wineventlog_windows winsystem","host":"CAP-E212","id":"24822","index":"christopher","linecount":"15","product":"Windows","punct":"//_::_==---====-...==---======_____\\??\\:\\\\\\\\\\-.___","severity":"Information","severity_id":"4","signature_id":"10","source":"ChrIstopHer:System","sourcetype":"WinEventLog:System","splunk_server":"tim-l107.pz.woodrow","src":"CAP-E212.chantel.o.aida","tag":"os\nwindows\nwindows_management","tag::eventtype":"os\nwindows\nwindows_management","vendor":"Salvatore"}}
{"preview":true,"result":{"ComputerName":"CAP-E212.chantel.o.aida","EventCode":"10","EventType":"4","Keywords":"None","LogName":"System","Message":"The access history in hive \\??\\C:\\GlrvqkbVpfm\\Flavia\\KcebucCvbyx\\EahgPyfb\\CdftypBwttSaCgjp0576-0.pei was cleared updating 01 keys and creating 7 modified pages.","OpCode":"Info","RecordNumber":"45760","Sid":"S-1-5-15","SidType":"1","SourceName":"Salvatore-Windows-Kernel-General","TaskCategory":"None","Type":"Information","User":"SYSTEM","_raw":"06/18/2020 06:28:22 AM\nLogName=System\nRhpqmnVflz=Salvatore-Windows-Kernel-General\nStwxmMqfg=10\nEventType=4\nType=Information\nComputerName=CAP-E212.chantel.o.aida\nUser=SYSTEM\nKit=S-1-5-15\nPegYmtf=1\nWwzpIrqtfssz=None\nOpCode=Info\nVdtzufVjledg=45760\nKeywords=None\nMessage=The access history in hive \\??\\C:\\GlrvqkbVpfm\\Flavia\\KcebucCvbyx\\EahgPyfb\\CdftypBwttSaCgjp0576-0.pei was cleared updating 01 keys and creating 7 modified pages.","_time":"2020-09-19T06:28:22.000-0400","body":"The access history in hive \\??\\C:\\GlrvqkbVpfm\\Flavia\\KcebucCvbyx\\EahgPyfb\\CdftypBwttSaCgjp0576-0.pei was cleared updating 01 keys and creating 7 modified pages.","dest":"CAP-E212.chantel.o.aida","dvc":"CAP-E212","dvc_nt_host":"CAP-E212","event_id":"45760","eventtype":"nix_kernel_attached wineventlog_common wineventlog_system wineventlog_windows winsystem","host":"CAP-E212","id":"45760","index":"christopher","linecount":"15","product":"Windows","punct":"//_::_==---====-...==---======_____\\??\\:\\\\\\\\\\-.___","severity":"Information","severity_id":"4","signature_id":"10","source":"ChrIstopHer:System","sourcetype":"WinEventLog:System","splunk_server":"tim-l107.pz.woodrow","src":"CAP-E212.chantel.o.aida","tag":"os\nwindows\nwindows_management","tag::eventtype":"os\nwindows\nwindows_management","vendor":"Salvatore"}}
{"preview":true,"result":{"ComputerName":"CAP-E212.chantel.o.aida","EventCode":"10","EventType":"4","Keywords":"None","LogName":"System","Message":"The access history in hive \\??\\C:\\GlrvqkbVpfm\\Flavia\\KcebucCvbyx\\EahgPyfb\\CdftypBwttSaCgjp0576-0.pei was cleared updating 01 keys and creating 7 modified pages.","OpCode":"Info","RecordNumber":"38570","Sid":"S-1-5-15","SidType":"1","SourceName":"Salvatore-Windows-Kernel-General","TaskCategory":"None","Type":"Information","User":"SYSTEM","_raw":"06/18/2020 06:28:20 AM\nLogName=System\nRhpqmnVflz=Salvatore-Windows-Kernel-General\nStwxmMqfg=10\nEventType=4\nType=Information\nComputerName=CAP-E212.chantel.o.aida\nUser=SYSTEM\nKit=S-1-5-15\nPegYmtf=1\nWwzpIrqtfssz=None\nOpCode=Info\nVdtzufVjledg=38570\nKeywords=None\nMessage=The access history in hive \\??\\C:\\GlrvqkbVpfm\\Flavia\\KcebucCvbyx\\EahgPyfb\\CdftypBwttSaCgjp0576-0.pei was cleared updating 01 keys and creating 7 modified pages.","_time":"2020-09-19T06:28:20.000-0400","body":"The access history in hive \\??\\C:\\GlrvqkbVpfm\\Flavia\\KcebucCvbyx\\EahgPyfb\\CdftypBwttSaCgjp0576-0.pei was cleared updating 01 keys and creating 7 modified pages.","dest":"CAP-E212.chantel.o.aida","dvc":"CAP-E212","dvc_nt_host":"CAP-E212","event_id":"38570","eventtype":"nix_kernel_attached wineventlog_common wineventlog_system wineventlog_windows winsystem","host":"CAP-E212","id":"38570","index":"christopher","linecount":"15","product":"Windows","punct":"//_::_==---====-...==---======_____\\??\\:\\\\\\\\\\-.___","severity":"Information","severity_id":"4","signature_id":"10","source":"ChrIstopHer:System","sourcetype":"WinEventLog:System","splunk_server":"tim-l107.pz.woodrow","src":"CAP-E212.chantel.o.aida","tag":"os\nwindows\nwindows_management","tag::eventtype":"os\nwindows\nwindows_management","vendor":"Salvatore"}}
{"preview":true,"result":{"ComputerName":"CAP-E212.chantel.o.aida","EventCode":"10","EventType":"4","Keywords":"None","LogName":"System","Message":"The access history in hive \\??\\C:\\GlrvqkbVpfm\\Flavia\\KcebucCvbyx\\EahgPyfb\\CdftypBwttSaCgjp0576-0.pei was cleared updating 0112 keys and creating 102 modified pages.","OpCode":"Info","RecordNumber":"41870","Sid":"S-1-5-15","SidType":"1","SourceName":"Salvatore-Windows-Kernel-General","TaskCategory":"None","Type":"Information","User":"SYSTEM","_raw":"06/18/2020 06:28:19 AM\nLogName=System\nRhpqmnVflz=Salvatore-Windows-Kernel-General\nStwxmMqfg=10\nEventType=4\nType=Information\nComputerName=CAP-E212.chantel.o.aida\nUser=SYSTEM\nKit=S-1-5-15\nPegYmtf=1\nWwzpIrqtfssz=None\nOpCode=Info\nVdtzufVjledg=41870\nKeywords=None\nMessage=The access history in hive \\??\\C:\\GlrvqkbVpfm\\Flavia\\KcebucCvbyx\\EahgPyfb\\CdftypBwttSaCgjp0576-0.pei was cleared updating 0112 keys and creating 102 modified pages.","_time":"2020-09-19T06:28:19.000-0400","body":"The access history in hive \\??\\C:\\GlrvqkbVpfm\\Flavia\\KcebucCvbyx\\EahgPyfb\\CdftypBwttSaCgjp0576-0.pei was cleared updating 0112 keys and creating 102 modified pages.","dest":"CAP-E212.chantel.o.aida","dvc":"CAP-E212","dvc_nt_host":"CAP-E212","event_id":"41870","eventtype":"nix_kernel_attached wineventlog_common wineventlog_system wineventlog_windows winsystem","host":"CAP-E212","id":"41870","index":"christopher","linecount":"15","product":"Windows","punct":"//_::_==---====-...==---======_____\\??\\:\\\\\\\\\\-.___","severity":"Information","severity_id":"4","signature_id":"10","source":"ChrIstopHer:System","sourcetype":"WinEventLog:System","splunk_server":"tim-l107.pz.woodrow","src":"CAP-E212.chantel.o.aida","tag":"os\nwindows\nwindows_management","tag::eventtype":"os\nwindows\nwindows_management","vendor":"Salvatore"}}
{"preview":true,"result":{"ComputerName":"CAP-E212.chantel.o.aida","EventCode":"10","EventType":"4","Keywords":"None","LogName":"System","Message":"The access history in hive \\??\\C:\\GlrvqkbVpfm\\Flavia\\KcebucCvbyx\\EahgPyfb\\CdftypBwttSaCgjp0576-0.pei was cleared updating 01 keys and creating 7 modified pages.","OpCode":"Info","RecordNumber":"72831","Sid":"S-1-5-15","SidType":"1","SourceName":"Salvatore-Windows-Kernel-General","TaskCategory":"None","Type":"Information","User":"SYSTEM","_raw":"06/18/2020 06:28:19 AM\nLogName=System\nRhpqmnVflz=Salvatore-Windows-Kernel-General\nStwxmMqfg=10\nEventType=4\nType=Information\nComputerName=CAP-E212.chantel.o.aida\nUser=SYSTEM\nKit=S-1-5-15\nPegYmtf=1\nWwzpIrqtfssz=None\nOpCode=Info\nVdtzufVjledg=72831\nKeywords=None\nMessage=The access history in hive \\??\\C:\\GlrvqkbVpfm\\Flavia\\KcebucCvbyx\\EahgPyfb\\CdftypBwttSaCgjp0576-0.pei was cleared updating 01 keys and creating 7 modified pages.","_time":"2020-09-19T06:28:19.000-0400","body":"The access history in hive \\??\\C:\\GlrvqkbVpfm\\Flavia\\KcebucCvbyx\\EahgPyfb\\CdftypBwttSaCgjp0576-0.pei was cleared updating 01 keys and creating 7 modified pages.","dest":"CAP-E212.chantel.o.aida","dvc":"CAP-E212","dvc_nt_host":"CAP-E212","event_id":"72831","eventtype":"nix_kernel_attached wineventlog_common wineventlog_system wineventlog_windows winsystem","host":"CAP-E212","id":"72831","index":"christopher","linecount":"15","product":"Windows","punct":"//_::_==---====-...==---======_____\\??\\:\\\\\\\\\\-.___","severity":"Information","severity_id":"4","signature_id":"10","source":"ChrIstopHer:System","sourcetype":"WinEventLog:System","splunk_server":"tim-l107.pz.woodrow","src":"CAP-E212.chantel.o.aida","tag":"os\nwindows\nwindows_management","tag::eventtype":"os\nwindows\nwindows_management","vendor":"Salvatore"}}
{"preview":true,"result":{"ComputerName":"CAP-E212.chantel.o.aida","EventCode":"10","EventType":"4","Keywords":"None","LogName":"System","Message":"The access history in hive \\??\\C:\\GlrvqkbVpfm\\Flavia\\KcebucCvbyx\\EahgPyfb\\CdftypBwttSaCgjp0576-0.pei was cleared updating 01 keys and creating 7 modified pages.","OpCode":"Info","RecordNumber":"60032","Sid":"S-1-5-15","SidType":"1","SourceName":"Salvatore-Windows-Kernel-General","TaskCategory":"None","Type":"Information","User":"SYSTEM","_raw":"06/18/2020 06:28:18 AM\nLogName=System\nRhpqmnVflz=Salvatore-Windows-Kernel-General\nStwxmMqfg=10\nEventType=4\nType=Information\nComputerName=CAP-E212.chantel.o.aida\nUser=SYSTEM\nKit=S-1-5-15\nPegYmtf=1\nWwzpIrqtfssz=None\nOpCode=Info\nVdtzufVjledg=60032\nKeywords=None\nMessage=The access history in hive \\??\\C:\\GlrvqkbVpfm\\Flavia\\KcebucCvbyx\\EahgPyfb\\CdftypBwttSaCgjp0576-0.pei was cleared updating 01 keys and creating 7 modified pages.","_time":"2020-09-19T06:28:18.000-0400","body":"The access history in hive \\??\\C:\\GlrvqkbVpfm\\Flavia\\KcebucCvbyx\\EahgPyfb\\CdftypBwttSaCgjp0576-0.pei was cleared updating 01 keys and creating 7 modified pages.","dest":"CAP-E212.chantel.o.aida","dvc":"CAP-E212","dvc_nt_host":"CAP-E212","event_id":"60032","eventtype":"nix_kernel_attached wineventlog_common wineventlog_system wineventlog_windows winsystem","host":"CAP-E212","id":"60032","index":"christopher","linecount":"15","product":"Windows","punct":"//_::_==---====-...==---======_____\\??\\:\\\\\\\\\\-.___","severity":"Information","severity_id":"4","signature_id":"10","source":"ChrIstopHer:System","sourcetype":"WinEventLog:System","splunk_server":"tim-l107.pz.woodrow","src":"CAP-E212.chantel.o.aida","tag":"os\nwindows\nwindows_management","tag::eventtype":"os\nwindows\nwindows_management","vendor":"Salvatore"}}
