{"preview":true,"result":{"ComputerName":"shantelle.sharita.ad.sharita.vz","EventCode":"0200","EventType":"4","Keywords":"None","LogName":"System","Message":"The Group Policy settings for the computer were processed successfully. New settings from 10 Group Policy objects were detected and applied.","OpCode":"Start","RecordNumber":"304081","Sid":"S-1-5-12","SidType":"0","SourceName":"Cassandra-Windows-WhnssAwuqlx","TaskCategory":"None","Type":"Information","User":"NOT_TRANSLATED","_raw":"10/12/0020 02:41:36 PM\nLogName=System\nRgvopzTvgc=Cassandra-Windows-WhnssAwuqlx\nJymsuIxmy=0200\nEventType=4\nType=Information\nComputerName=shantelle.sharita.ad.sharita.vz\nUser=NOT_TRANSLATED\nRia=S-1-5-12\nIyrSiny=0\nCtugVxdeopon=None\nOpCode=Start\nHsfvjsSnkwfu=304081\nKeywords=None\nMessage=The Group Policy settings for the computer were processed successfully. New settings from 10 Group Policy objects were detected and applied.","_time":"2020-10-18T14:41:36.000-0400","body":"The Group Policy settings for the computer were processed successfully. New settings from 10 Group Policy objects were detected and applied.","dest":"shantelle.sharita.ad.sharita.vz","dvc":"shantelle","dvc_nt_host":"shantelle","event_id":"304081","eventtype":"wineventlog_common wineventlog_system wineventlog_windows winsystem","host":"shantelle","id":"304081","index":"providencia","linecount":"15","product":"Windows","punct":"//_::_\\r=\\r=--\\r=\\r=\\r=\\r=....\\r=\\r=---\\r=\\r=\\r=\\r=\\r=\\r=_______","severity":"Information","severity_id":"4","signature_id":"0200","source":"ProVidenCia:System","sourcetype":"WinEventLog:System","splunk_server":"rex-z000.nk.branden","src":"shantelle.sharita.ad.sharita.vz","tag":"os\nwindows\nwindows_management","tag::eventtype":"os\nwindows\nwindows_management","vendor":"Cassandra"}}
{"preview":true,"result":{"ComputerName":"shantelle.sharita.ad.sharita.vz","EventCode":"0200","EventType":"4","Keywords":"None","LogName":"System","Message":"The Group Policy settings for the computer were processed successfully. New settings from 10 Group Policy objects were detected and applied.","OpCode":"Start","RecordNumber":"007080","Sid":"S-1-5-12","SidType":"0","SourceName":"Cassandra-Windows-WhnssAwuqlx","TaskCategory":"None","Type":"Information","User":"NOT_TRANSLATED","_raw":"10/12/0020 02:36:28 PM\nLogName=System\nRgvopzTvgc=Cassandra-Windows-WhnssAwuqlx\nJymsuIxmy=0200\nEventType=4\nType=Information\nComputerName=shantelle.sharita.ad.sharita.vz\nUser=NOT_TRANSLATED\nRia=S-1-5-12\nIyrSiny=0\nCtugVxdeopon=None\nOpCode=Start\nHsfvjsSnkwfu=007080\nKeywords=None\nMessage=The Group Policy settings for the computer were processed successfully. New settings from 10 Group Policy objects were detected and applied.","_time":"2020-10-18T14:36:28.000-0400","body":"The Group Policy settings for the computer were processed successfully. New settings from 10 Group Policy objects were detected and applied.","dest":"shantelle.sharita.ad.sharita.vz","dvc":"shantelle","dvc_nt_host":"shantelle","event_id":"007080","eventtype":"wineventlog_common wineventlog_system wineventlog_windows winsystem","host":"shantelle","id":"007080","index":"providencia","linecount":"15","product":"Windows","punct":"//_::_\\r=\\r=--\\r=\\r=\\r=\\r=....\\r=\\r=---\\r=\\r=\\r=\\r=\\r=\\r=_______","severity":"Information","severity_id":"4","signature_id":"0200","source":"ProVidenCia:System","sourcetype":"WinEventLog:System","splunk_server":"rex-k002.nk.branden","src":"shantelle.sharita.ad.sharita.vz","tag":"os\nwindows\nwindows_management","tag::eventtype":"os\nwindows\nwindows_management","vendor":"Cassandra"}}
{"preview":true,"result":{"ComputerName":"shantelle.sharita.ad.sharita.vz","EventCode":"0200","EventType":"4","Keywords":"None","LogName":"System","Message":"The Group Policy settings for the computer were processed successfully. New settings from 10 Group Policy objects were detected and applied.","OpCode":"Start","RecordNumber":"115124","Sid":"S-1-5-12","SidType":"0","SourceName":"Cassandra-Windows-WhnssAwuqlx","TaskCategory":"None","Type":"Information","User":"NOT_TRANSLATED","_raw":"10/12/0020 02:31:20 PM\nLogName=System\nRgvopzTvgc=Cassandra-Windows-WhnssAwuqlx\nJymsuIxmy=0200\nEventType=4\nType=Information\nComputerName=shantelle.sharita.ad.sharita.vz\nUser=NOT_TRANSLATED\nRia=S-1-5-12\nIyrSiny=0\nCtugVxdeopon=None\nOpCode=Start\nHsfvjsSnkwfu=115124\nKeywords=None\nMessage=The Group Policy settings for the computer were processed successfully. New settings from 10 Group Policy objects were detected and applied.","_time":"2020-10-18T14:31:20.000-0400","body":"The Group Policy settings for the computer were processed successfully. New settings from 10 Group Policy objects were detected and applied.","dest":"shantelle.sharita.ad.sharita.vz","dvc":"shantelle","dvc_nt_host":"shantelle","event_id":"115124","eventtype":"wineventlog_common wineventlog_system wineventlog_windows winsystem","host":"shantelle","id":"115124","index":"providencia","linecount":"15","product":"Windows","punct":"//_::_\\r=\\r=--\\r=\\r=\\r=\\r=....\\r=\\r=---\\r=\\r=\\r=\\r=\\r=\\r=_______","severity":"Information","severity_id":"4","signature_id":"0200","source":"ProVidenCia:System","sourcetype":"WinEventLog:System","splunk_server":"REX-F102","src":"shantelle.sharita.ad.sharita.vz","tag":"os\nwindows\nwindows_management","tag::eventtype":"os\nwindows\nwindows_management","vendor":"Cassandra"}}
{"preview":true,"result":{"ComputerName":"shantelle.sharita.ad.sharita.vz","EventCode":"0200","EventType":"4","Keywords":"None","LogName":"System","Message":"The Group Policy settings for the computer were processed successfully. New settings from 10 Group Policy objects were detected and applied.","OpCode":"Start","RecordNumber":"317015","Sid":"S-1-5-12","SidType":"0","SourceName":"Cassandra-Windows-WhnssAwuqlx","TaskCategory":"None","Type":"Information","User":"NOT_TRANSLATED","_raw":"10/12/0020 02:26:12 PM\nLogName=System\nRgvopzTvgc=Cassandra-Windows-WhnssAwuqlx\nJymsuIxmy=0200\nEventType=4\nType=Information\nComputerName=shantelle.sharita.ad.sharita.vz\nUser=NOT_TRANSLATED\nRia=S-1-5-12\nIyrSiny=0\nCtugVxdeopon=None\nOpCode=Start\nHsfvjsSnkwfu=317015\nKeywords=None\nMessage=The Group Policy settings for the computer were processed successfully. New settings from 10 Group Policy objects were detected and applied.","_time":"2020-10-18T14:26:12.000-0400","body":"The Group Policy settings for the computer were processed successfully. New settings from 10 Group Policy objects were detected and applied.","dest":"shantelle.sharita.ad.sharita.vz","dvc":"shantelle","dvc_nt_host":"shantelle","event_id":"317015","eventtype":"wineventlog_common wineventlog_system wineventlog_windows winsystem","host":"shantelle","id":"317015","index":"providencia","linecount":"15","product":"Windows","punct":"//_::_\\r=\\r=--\\r=\\r=\\r=\\r=....\\r=\\r=---\\r=\\r=\\r=\\r=\\r=\\r=_______","severity":"Information","severity_id":"4","signature_id":"0200","source":"ProVidenCia:System","sourcetype":"WinEventLog:System","splunk_server":"REX-F102","src":"shantelle.sharita.ad.sharita.vz","tag":"os\nwindows\nwindows_management","tag::eventtype":"os\nwindows\nwindows_management","vendor":"Cassandra"}}
{"preview":true,"result":{"ComputerName":"shantelle.sharita.ad.sharita.vz","EventCode":"0200","EventType":"4","Keywords":"None","LogName":"System","Message":"The Group Policy settings for the computer were processed successfully. New settings from 10 Group Policy objects were detected and applied.","OpCode":"Start","RecordNumber":"411036","Sid":"S-1-5-12","SidType":"0","SourceName":"Cassandra-Windows-WhnssAwuqlx","TaskCategory":"None","Type":"Information","User":"NOT_TRANSLATED","_raw":"10/12/0020 02:21:08 PM\nLogName=System\nRgvopzTvgc=Cassandra-Windows-WhnssAwuqlx\nJymsuIxmy=0200\nEventType=4\nType=Information\nComputerName=shantelle.sharita.ad.sharita.vz\nUser=NOT_TRANSLATED\nRia=S-1-5-12\nIyrSiny=0\nCtugVxdeopon=None\nOpCode=Start\nHsfvjsSnkwfu=411036\nKeywords=None\nMessage=The Group Policy settings for the computer were processed successfully. New settings from 10 Group Policy objects were detected and applied.","_time":"2020-10-18T14:21:08.000-0400","body":"The Group Policy settings for the computer were processed successfully. New settings from 10 Group Policy objects were detected and applied.","dest":"shantelle.sharita.ad.sharita.vz","dvc":"shantelle","dvc_nt_host":"shantelle","event_id":"411036","eventtype":"wineventlog_common wineventlog_system wineventlog_windows winsystem","host":"shantelle","id":"411036","index":"providencia","linecount":"15","product":"Windows","punct":"//_::_\\r=\\r=--\\r=\\r=\\r=\\r=....\\r=\\r=---\\r=\\r=\\r=\\r=\\r=\\r=_______","severity":"Information","severity_id":"4","signature_id":"0200","source":"ProVidenCia:System","sourcetype":"WinEventLog:System","splunk_server":"REX-K026","src":"shantelle.sharita.ad.sharita.vz","tag":"os\nwindows\nwindows_management","tag::eventtype":"os\nwindows\nwindows_management","vendor":"Cassandra"}}
{"preview":true,"result":{"ComputerName":"shantelle.sharita.ad.sharita.vz","EventCode":"0200","EventType":"4","Keywords":"None","LogName":"System","Message":"The Group Policy settings for the computer were processed successfully. New settings from 10 Group Policy objects were detected and applied.","OpCode":"Start","RecordNumber":"504061","Sid":"S-1-5-12","SidType":"0","SourceName":"Cassandra-Windows-WhnssAwuqlx","TaskCategory":"None","Type":"Information","User":"NOT_TRANSLATED","_raw":"10/12/0020 02:16:00 PM\nLogName=System\nRgvopzTvgc=Cassandra-Windows-WhnssAwuqlx\nJymsuIxmy=0200\nEventType=4\nType=Information\nComputerName=shantelle.sharita.ad.sharita.vz\nUser=NOT_TRANSLATED\nRia=S-1-5-12\nIyrSiny=0\nCtugVxdeopon=None\nOpCode=Start\nHsfvjsSnkwfu=504061\nKeywords=None\nMessage=The Group Policy settings for the computer were processed successfully. New settings from 10 Group Policy objects were detected and applied.","_time":"2020-10-18T14:16:00.000-0400","body":"The Group Policy settings for the computer were processed successfully. New settings from 10 Group Policy objects were detected and applied.","dest":"shantelle.sharita.ad.sharita.vz","dvc":"shantelle","dvc_nt_host":"shantelle","event_id":"504061","eventtype":"wineventlog_common wineventlog_system wineventlog_windows winsystem","host":"shantelle","id":"504061","index":"providencia","linecount":"15","product":"Windows","punct":"//_::_\\r=\\r=--\\r=\\r=\\r=\\r=....\\r=\\r=---\\r=\\r=\\r=\\r=\\r=\\r=_______","severity":"Information","severity_id":"4","signature_id":"0200","source":"ProVidenCia:System","sourcetype":"WinEventLog:System","splunk_server":"REX-K026","src":"shantelle.sharita.ad.sharita.vz","tag":"os\nwindows\nwindows_management","tag::eventtype":"os\nwindows\nwindows_management","vendor":"Cassandra"}}
{"preview":true,"result":{"ComputerName":"shantelle.sharita.ad.sharita.vz","EventCode":"0200","EventType":"4","Keywords":"None","LogName":"System","Message":"The Group Policy settings for the computer were processed successfully. New settings from 10 Group Policy objects were detected and applied.","OpCode":"Start","RecordNumber":"208141","Sid":"S-1-5-12","SidType":"0","SourceName":"Cassandra-Windows-WhnssAwuqlx","TaskCategory":"None","Type":"Information","User":"NOT_TRANSLATED","_raw":"10/12/0020 02:10:51 PM\nLogName=System\nRgvopzTvgc=Cassandra-Windows-WhnssAwuqlx\nJymsuIxmy=0200\nEventType=4\nType=Information\nComputerName=shantelle.sharita.ad.sharita.vz\nUser=NOT_TRANSLATED\nRia=S-1-5-12\nIyrSiny=0\nCtugVxdeopon=None\nOpCode=Start\nHsfvjsSnkwfu=208141\nKeywords=None\nMessage=The Group Policy settings for the computer were processed successfully. New settings from 10 Group Policy objects were detected and applied.","_time":"2020-10-18T14:10:51.000-0400","body":"The Group Policy settings for the computer were processed successfully. New settings from 10 Group Policy objects were detected and applied.","dest":"shantelle.sharita.ad.sharita.vz","dvc":"shantelle","dvc_nt_host":"shantelle","event_id":"208141","eventtype":"wineventlog_common wineventlog_system wineventlog_windows winsystem","host":"shantelle","id":"208141","index":"providencia","linecount":"15","product":"Windows","punct":"//_::_\\r=\\r=--\\r=\\r=\\r=\\r=....\\r=\\r=---\\r=\\r=\\r=\\r=\\r=\\r=_______","severity":"Information","severity_id":"4","signature_id":"0200","source":"ProVidenCia:System","sourcetype":"WinEventLog:System","splunk_server":"rex-z000.nk.branden","src":"shantelle.sharita.ad.sharita.vz","tag":"os\nwindows\nwindows_management","tag::eventtype":"os\nwindows\nwindows_management","vendor":"Cassandra"}}
{"preview":true,"result":{"ComputerName":"CAP-S232.sharita.o.jann","EventCode":"3005","EventType":"4","Keywords":"Classic","LogName":"System","Message":"The Network Setup Service service entered the stopped state.","OpCode":"The operation completed successfully.","RecordNumber":"120011","SourceName":"Cassandra-Windows-Service Control Manager","TaskCategory":"None","Type":"Information","_raw":"10/12/0020 02:10:20 PM\nLogName=System\nRgvopzTvgc=Cassandra-Windows-Service Control Manager\nJymsuIxmy=3005\nEventType=4\nType=Information\nComputerName=CAP-S232.sharita.o.jann\nCtugVxdeopon=None\nOpCode=The operation completed successfully.\nHsfvjsSnkwfu=120011\nKeywords=Classic\nMessage=The Network Setup Service service entered the stopped state.","_time":"2020-10-18T14:10:20.000-0400","body":"The Network Setup Service service entered the stopped state.","dest":"CAP-S232.sharita.o.jann","dvc":"CAP-S232","dvc_nt_host":"CAP-S232","event_id":"120011","eventtype":"wineventlog_common wineventlog_system wineventlog_windows winsystem","host":"CAP-S232","id":"120011","index":"providencia","linecount":"12","product":"Windows","punct":"//_::_==--__====-...==___.===________.","severity":"Information","severity_id":"4","signature_id":"3005","source":"ProVidenCia:System","sourcetype":"WinEventLog:System","splunk_server":"REX-K026","src":"CAP-S232.sharita.o.jann","tag":"os\nwindows\nwindows_management","tag::eventtype":"os\nwindows\nwindows_management","vendor":"Cassandra"}}
{"preview":true,"result":{"ComputerName":"CAP-S232.sharita.o.jann","EventCode":"03","EventType":"4","Keywords":"None","LogName":"System","Message":"The access history in hive \\??\\C:\\AxjrbyiDzcw\\Mathew\\YyrtbwQoskx\\BablYkma\\MqtlnzRasnVzHgeu00000-0.tod was cleared updating 3 keys and creating 2 modified pages.","OpCode":"Info","RecordNumber":"121010","Sid":"S-1-5-12","SidType":"1","SourceName":"Cassandra-Windows-Kernel-General","TaskCategory":"None","Type":"Information","User":"SYSTEM","_raw":"10/12/0020 02:09:55 PM\nLogName=System\nRgvopzTvgc=Cassandra-Windows-Kernel-General\nJymsuIxmy=03\nEventType=4\nType=Information\nComputerName=CAP-S232.sharita.o.jann\nUser=SYSTEM\nRia=S-1-5-12\nIyrSiny=1\nCtugVxdeopon=None\nOpCode=Info\nHsfvjsSnkwfu=121010\nKeywords=None\nMessage=The access history in hive \\??\\C:\\AxjrbyiDzcw\\Mathew\\YyrtbwQoskx\\BablYkma\\MqtlnzRasnVzHgeu00000-0.tod was cleared updating 3 keys and creating 2 modified pages.","_time":"2020-10-18T14:09:55.000-0400","body":"The access history in hive \\??\\C:\\AxjrbyiDzcw\\Mathew\\YyrtbwQoskx\\BablYkma\\MqtlnzRasnVzHgeu00000-0.tod was cleared updating 3 keys and creating 2 modified pages.","dest":"CAP-S232.sharita.o.jann","dvc":"CAP-S232","dvc_nt_host":"CAP-S232","event_id":"121010","eventtype":"nix_kernel_attached wineventlog_common wineventlog_system wineventlog_windows winsystem","host":"CAP-S232","id":"121010","index":"providencia","linecount":"15","product":"Windows","punct":"//_::_==---====-...==---======_____\\??\\:\\\\\\\\\\-.___","severity":"Information","severity_id":"4","signature_id":"03","source":"ProVidenCia:System","sourcetype":"WinEventLog:System","splunk_server":"rex-k002.nk.branden","src":"CAP-S232.sharita.o.jann","tag":"os\nwindows\nwindows_management","tag::eventtype":"os\nwindows\nwindows_management","vendor":"Cassandra"}}
{"preview":true,"result":{"ComputerName":"CAP-S232.sharita.o.jann","EventCode":"03","EventType":"4","Keywords":"None","LogName":"System","Message":"The access history in hive \\??\\C:\\AxjrbyiDzcw\\Mathew\\YyrtbwQoskx\\BablYkma\\MqtlnzRasnVzHgeu00000-0.tod was cleared updating 3 keys and creating 2 modified pages.","OpCode":"Info","RecordNumber":"001001","Sid":"S-1-5-12","SidType":"1","SourceName":"Cassandra-Windows-Kernel-General","TaskCategory":"None","Type":"Information","User":"SYSTEM","_raw":"10/12/0020 02:09:54 PM\nLogName=System\nRgvopzTvgc=Cassandra-Windows-Kernel-General\nJymsuIxmy=03\nEventType=4\nType=Information\nComputerName=CAP-S232.sharita.o.jann\nUser=SYSTEM\nRia=S-1-5-12\nIyrSiny=1\nCtugVxdeopon=None\nOpCode=Info\nHsfvjsSnkwfu=001001\nKeywords=None\nMessage=The access history in hive \\??\\C:\\AxjrbyiDzcw\\Mathew\\YyrtbwQoskx\\BablYkma\\MqtlnzRasnVzHgeu00000-0.tod was cleared updating 3 keys and creating 2 modified pages.","_time":"2020-10-18T14:09:54.000-0400","body":"The access history in hive \\??\\C:\\AxjrbyiDzcw\\Mathew\\YyrtbwQoskx\\BablYkma\\MqtlnzRasnVzHgeu00000-0.tod was cleared updating 3 keys and creating 2 modified pages.","dest":"CAP-S232.sharita.o.jann","dvc":"CAP-S232","dvc_nt_host":"CAP-S232","event_id":"001001","eventtype":"nix_kernel_attached wineventlog_common wineventlog_system wineventlog_windows winsystem","host":"CAP-S232","id":"001001","index":"providencia","linecount":"15","product":"Windows","punct":"//_::_==---====-...==---======_____\\??\\:\\\\\\\\\\-.___","severity":"Information","severity_id":"4","signature_id":"03","source":"ProVidenCia:System","sourcetype":"WinEventLog:System","splunk_server":"rex-k002.nk.branden","src":"CAP-S232.sharita.o.jann","tag":"os\nwindows\nwindows_management","tag::eventtype":"os\nwindows\nwindows_management","vendor":"Cassandra"}}
{"preview":true,"result":{"ComputerName":"CAP-S232.sharita.o.jann","EventCode":"03","EventType":"4","Keywords":"None","LogName":"System","Message":"The access history in hive \\??\\C:\\AxjrbyiDzcw\\Mathew\\YyrtbwQoskx\\BablYkma\\MqtlnzRasnVzHgeu00000-0.tod was cleared updating 3 keys and creating 2 modified pages.","OpCode":"Info","RecordNumber":"021027","Sid":"S-1-5-12","SidType":"1","SourceName":"Cassandra-Windows-Kernel-General","TaskCategory":"None","Type":"Information","User":"SYSTEM","_raw":"10/12/0020 02:09:54 PM\nLogName=System\nRgvopzTvgc=Cassandra-Windows-Kernel-General\nJymsuIxmy=03\nEventType=4\nType=Information\nComputerName=CAP-S232.sharita.o.jann\nUser=SYSTEM\nRia=S-1-5-12\nIyrSiny=1\nCtugVxdeopon=None\nOpCode=Info\nHsfvjsSnkwfu=021027\nKeywords=None\nMessage=The access history in hive \\??\\C:\\AxjrbyiDzcw\\Mathew\\YyrtbwQoskx\\BablYkma\\MqtlnzRasnVzHgeu00000-0.tod was cleared updating 3 keys and creating 2 modified pages.","_time":"2020-10-18T14:09:54.000-0400","body":"The access history in hive \\??\\C:\\AxjrbyiDzcw\\Mathew\\YyrtbwQoskx\\BablYkma\\MqtlnzRasnVzHgeu00000-0.tod was cleared updating 3 keys and creating 2 modified pages.","dest":"CAP-S232.sharita.o.jann","dvc":"CAP-S232","dvc_nt_host":"CAP-S232","event_id":"021027","eventtype":"nix_kernel_attached wineventlog_common wineventlog_system wineventlog_windows winsystem","host":"CAP-S232","id":"021027","index":"providencia","linecount":"15","product":"Windows","punct":"//_::_==---====-...==---======_____\\??\\:\\\\\\\\\\-.___","severity":"Information","severity_id":"4","signature_id":"03","source":"ProVidenCia:System","sourcetype":"WinEventLog:System","splunk_server":"rex-k002.nk.branden","src":"CAP-S232.sharita.o.jann","tag":"os\nwindows\nwindows_management","tag::eventtype":"os\nwindows\nwindows_management","vendor":"Cassandra"}}
{"preview":true,"result":{"ComputerName":"CAP-S232.sharita.o.jann","EventCode":"03","EventType":"4","Keywords":"None","LogName":"System","Message":"The access history in hive \\??\\C:\\AxjrbyiDzcw\\Mathew\\YyrtbwQoskx\\BablYkma\\MqtlnzRasnVzHgeu00000-0.tod was cleared updating 3 keys and creating 2 modified pages.","OpCode":"Info","RecordNumber":"110015","Sid":"S-1-5-12","SidType":"1","SourceName":"Cassandra-Windows-Kernel-General","TaskCategory":"None","Type":"Information","User":"SYSTEM","_raw":"10/12/0020 02:09:53 PM\nLogName=System\nRgvopzTvgc=Cassandra-Windows-Kernel-General\nJymsuIxmy=03\nEventType=4\nType=Information\nComputerName=CAP-S232.sharita.o.jann\nUser=SYSTEM\nRia=S-1-5-12\nIyrSiny=1\nCtugVxdeopon=None\nOpCode=Info\nHsfvjsSnkwfu=110015\nKeywords=None\nMessage=The access history in hive \\??\\C:\\AxjrbyiDzcw\\Mathew\\YyrtbwQoskx\\BablYkma\\MqtlnzRasnVzHgeu00000-0.tod was cleared updating 3 keys and creating 2 modified pages.","_time":"2020-10-18T14:09:53.000-0400","body":"The access history in hive \\??\\C:\\AxjrbyiDzcw\\Mathew\\YyrtbwQoskx\\BablYkma\\MqtlnzRasnVzHgeu00000-0.tod was cleared updating 3 keys and creating 2 modified pages.","dest":"CAP-S232.sharita.o.jann","dvc":"CAP-S232","dvc_nt_host":"CAP-S232","event_id":"110015","eventtype":"nix_kernel_attached wineventlog_common wineventlog_system wineventlog_windows winsystem","host":"CAP-S232","id":"110015","index":"providencia","linecount":"15","product":"Windows","punct":"//_::_==---====-...==---======_____\\??\\:\\\\\\\\\\-.___","severity":"Information","severity_id":"4","signature_id":"03","source":"ProVidenCia:System","sourcetype":"WinEventLog:System","splunk_server":"rex-k002.nk.branden","src":"CAP-S232.sharita.o.jann","tag":"os\nwindows\nwindows_management","tag::eventtype":"os\nwindows\nwindows_management","vendor":"Cassandra"}}
{"preview":true,"result":{"ComputerName":"CAP-S232.sharita.o.jann","EventCode":"03","EventType":"4","Keywords":"None","LogName":"System","Message":"The access history in hive \\??\\C:\\AxjrbyiDzcw\\Mathew\\YyrtbwQoskx\\BablYkma\\MqtlnzRasnVzHgeu00000-0.tod was cleared updating 3 keys and creating 2 modified pages.","OpCode":"Info","RecordNumber":"011004","Sid":"S-1-5-12","SidType":"1","SourceName":"Cassandra-Windows-Kernel-General","TaskCategory":"None","Type":"Information","User":"SYSTEM","_raw":"10/12/0020 02:09:52 PM\nLogName=System\nRgvopzTvgc=Cassandra-Windows-Kernel-General\nJymsuIxmy=03\nEventType=4\nType=Information\nComputerName=CAP-S232.sharita.o.jann\nUser=SYSTEM\nRia=S-1-5-12\nIyrSiny=1\nCtugVxdeopon=None\nOpCode=Info\nHsfvjsSnkwfu=011004\nKeywords=None\nMessage=The access history in hive \\??\\C:\\AxjrbyiDzcw\\Mathew\\YyrtbwQoskx\\BablYkma\\MqtlnzRasnVzHgeu00000-0.tod was cleared updating 3 keys and creating 2 modified pages.","_time":"2020-10-18T14:09:52.000-0400","body":"The access history in hive \\??\\C:\\AxjrbyiDzcw\\Mathew\\YyrtbwQoskx\\BablYkma\\MqtlnzRasnVzHgeu00000-0.tod was cleared updating 3 keys and creating 2 modified pages.","dest":"CAP-S232.sharita.o.jann","dvc":"CAP-S232","dvc_nt_host":"CAP-S232","event_id":"011004","eventtype":"nix_kernel_attached wineventlog_common wineventlog_system wineventlog_windows winsystem","host":"CAP-S232","id":"011004","index":"providencia","linecount":"15","product":"Windows","punct":"//_::_==---====-...==---======_____\\??\\:\\\\\\\\\\-.___","severity":"Information","severity_id":"4","signature_id":"03","source":"ProVidenCia:System","sourcetype":"WinEventLog:System","splunk_server":"rex-k002.nk.branden","src":"CAP-S232.sharita.o.jann","tag":"os\nwindows\nwindows_management","tag::eventtype":"os\nwindows\nwindows_management","vendor":"Cassandra"}}
{"preview":true,"result":{"ComputerName":"CAP-S232.sharita.o.jann","EventCode":"03","EventType":"4","Keywords":"None","LogName":"System","Message":"The access history in hive \\??\\C:\\AxjrbyiDzcw\\Mathew\\YyrtbwQoskx\\BablYkma\\MqtlnzRasnVzHgeu00000-0.tod was cleared updating 3 keys and creating 2 modified pages.","OpCode":"Info","RecordNumber":"111010","Sid":"S-1-5-12","SidType":"1","SourceName":"Cassandra-Windows-Kernel-General","TaskCategory":"None","Type":"Information","User":"SYSTEM","_raw":"10/12/0020 02:09:51 PM\nLogName=System\nRgvopzTvgc=Cassandra-Windows-Kernel-General\nJymsuIxmy=03\nEventType=4\nType=Information\nComputerName=CAP-S232.sharita.o.jann\nUser=SYSTEM\nRia=S-1-5-12\nIyrSiny=1\nCtugVxdeopon=None\nOpCode=Info\nHsfvjsSnkwfu=111010\nKeywords=None\nMessage=The access history in hive \\??\\C:\\AxjrbyiDzcw\\Mathew\\YyrtbwQoskx\\BablYkma\\MqtlnzRasnVzHgeu00000-0.tod was cleared updating 3 keys and creating 2 modified pages.","_time":"2020-10-18T14:09:51.000-0400","body":"The access history in hive \\??\\C:\\AxjrbyiDzcw\\Mathew\\YyrtbwQoskx\\BablYkma\\MqtlnzRasnVzHgeu00000-0.tod was cleared updating 3 keys and creating 2 modified pages.","dest":"CAP-S232.sharita.o.jann","dvc":"CAP-S232","dvc_nt_host":"CAP-S232","event_id":"111010","eventtype":"nix_kernel_attached wineventlog_common wineventlog_system wineventlog_windows winsystem","host":"CAP-S232","id":"111010","index":"providencia","linecount":"15","product":"Windows","punct":"//_::_==---====-...==---======_____\\??\\:\\\\\\\\\\-.___","severity":"Information","severity_id":"4","signature_id":"03","source":"ProVidenCia:System","sourcetype":"WinEventLog:System","splunk_server":"rex-k002.nk.branden","src":"CAP-S232.sharita.o.jann","tag":"os\nwindows\nwindows_management","tag::eventtype":"os\nwindows\nwindows_management","vendor":"Cassandra"}}
{"preview":true,"result":{"ComputerName":"CAP-S232.sharita.o.jann","EventCode":"03","EventType":"4","Keywords":"None","LogName":"System","Message":"The access history in hive \\??\\C:\\AxjrbyiDzcw\\Mathew\\YyrtbwQoskx\\BablYkma\\MqtlnzRasnVzHgeu00000-0.tod was cleared updating 3 keys and creating 2 modified pages.","OpCode":"Info","RecordNumber":"120024","Sid":"S-1-5-12","SidType":"1","SourceName":"Cassandra-Windows-Kernel-General","TaskCategory":"None","Type":"Information","User":"SYSTEM","_raw":"10/12/0020 02:09:51 PM\nLogName=System\nRgvopzTvgc=Cassandra-Windows-Kernel-General\nJymsuIxmy=03\nEventType=4\nType=Information\nComputerName=CAP-S232.sharita.o.jann\nUser=SYSTEM\nRia=S-1-5-12\nIyrSiny=1\nCtugVxdeopon=None\nOpCode=Info\nHsfvjsSnkwfu=120024\nKeywords=None\nMessage=The access history in hive \\??\\C:\\AxjrbyiDzcw\\Mathew\\YyrtbwQoskx\\BablYkma\\MqtlnzRasnVzHgeu00000-0.tod was cleared updating 3 keys and creating 2 modified pages.","_time":"2020-10-18T14:09:51.000-0400","body":"The access history in hive \\??\\C:\\AxjrbyiDzcw\\Mathew\\YyrtbwQoskx\\BablYkma\\MqtlnzRasnVzHgeu00000-0.tod was cleared updating 3 keys and creating 2 modified pages.","dest":"CAP-S232.sharita.o.jann","dvc":"CAP-S232","dvc_nt_host":"CAP-S232","event_id":"120024","eventtype":"nix_kernel_attached wineventlog_common wineventlog_system wineventlog_windows winsystem","host":"CAP-S232","id":"120024","index":"providencia","linecount":"15","product":"Windows","punct":"//_::_==---====-...==---======_____\\??\\:\\\\\\\\\\-.___","severity":"Information","severity_id":"4","signature_id":"03","source":"ProVidenCia:System","sourcetype":"WinEventLog:System","splunk_server":"rex-k002.nk.branden","src":"CAP-S232.sharita.o.jann","tag":"os\nwindows\nwindows_management","tag::eventtype":"os\nwindows\nwindows_management","vendor":"Cassandra"}}
{"preview":true,"result":{"ComputerName":"CAP-S232.sharita.o.jann","EventCode":"03","EventType":"4","Keywords":"None","LogName":"System","Message":"The access history in hive \\??\\C:\\AxjrbyiDzcw\\Mathew\\YyrtbwQoskx\\BablYkma\\MqtlnzRasnVzHgeu00000-0.tod was cleared updating 3 keys and creating 2 modified pages.","OpCode":"Info","RecordNumber":"011021","Sid":"S-1-5-12","SidType":"1","SourceName":"Cassandra-Windows-Kernel-General","TaskCategory":"None","Type":"Information","User":"SYSTEM","_raw":"10/12/0020 02:09:51 PM\nLogName=System\nRgvopzTvgc=Cassandra-Windows-Kernel-General\nJymsuIxmy=03\nEventType=4\nType=Information\nComputerName=CAP-S232.sharita.o.jann\nUser=SYSTEM\nRia=S-1-5-12\nIyrSiny=1\nCtugVxdeopon=None\nOpCode=Info\nHsfvjsSnkwfu=011021\nKeywords=None\nMessage=The access history in hive \\??\\C:\\AxjrbyiDzcw\\Mathew\\YyrtbwQoskx\\BablYkma\\MqtlnzRasnVzHgeu00000-0.tod was cleared updating 3 keys and creating 2 modified pages.","_time":"2020-10-18T14:09:51.000-0400","body":"The access history in hive \\??\\C:\\AxjrbyiDzcw\\Mathew\\YyrtbwQoskx\\BablYkma\\MqtlnzRasnVzHgeu00000-0.tod was cleared updating 3 keys and creating 2 modified pages.","dest":"CAP-S232.sharita.o.jann","dvc":"CAP-S232","dvc_nt_host":"CAP-S232","event_id":"011021","eventtype":"nix_kernel_attached wineventlog_common wineventlog_system wineventlog_windows winsystem","host":"CAP-S232","id":"011021","index":"providencia","linecount":"15","product":"Windows","punct":"//_::_==---====-...==---======_____\\??\\:\\\\\\\\\\-.___","severity":"Information","severity_id":"4","signature_id":"03","source":"ProVidenCia:System","sourcetype":"WinEventLog:System","splunk_server":"rex-k002.nk.branden","src":"CAP-S232.sharita.o.jann","tag":"os\nwindows\nwindows_management","tag::eventtype":"os\nwindows\nwindows_management","vendor":"Cassandra"}}
{"preview":true,"result":{"ComputerName":"CAP-S232.sharita.o.jann","EventCode":"03","EventType":"4","Keywords":"None","LogName":"System","Message":"The access history in hive \\??\\C:\\AxjrbyiDzcw\\Mathew\\YyrtbwQoskx\\BablYkma\\MqtlnzRasnVzHgeu00000-0.tod was cleared updating 3 keys and creating 2 modified pages.","OpCode":"Info","RecordNumber":"120001","Sid":"S-1-5-12","SidType":"1","SourceName":"Cassandra-Windows-Kernel-General","TaskCategory":"None","Type":"Information","User":"SYSTEM","_raw":"10/12/0020 02:09:50 PM\nLogName=System\nRgvopzTvgc=Cassandra-Windows-Kernel-General\nJymsuIxmy=03\nEventType=4\nType=Information\nComputerName=CAP-S232.sharita.o.jann\nUser=SYSTEM\nRia=S-1-5-12\nIyrSiny=1\nCtugVxdeopon=None\nOpCode=Info\nHsfvjsSnkwfu=120001\nKeywords=None\nMessage=The access history in hive \\??\\C:\\AxjrbyiDzcw\\Mathew\\YyrtbwQoskx\\BablYkma\\MqtlnzRasnVzHgeu00000-0.tod was cleared updating 3 keys and creating 2 modified pages.","_time":"2020-10-18T14:09:50.000-0400","body":"The access history in hive \\??\\C:\\AxjrbyiDzcw\\Mathew\\YyrtbwQoskx\\BablYkma\\MqtlnzRasnVzHgeu00000-0.tod was cleared updating 3 keys and creating 2 modified pages.","dest":"CAP-S232.sharita.o.jann","dvc":"CAP-S232","dvc_nt_host":"CAP-S232","event_id":"120001","eventtype":"nix_kernel_attached wineventlog_common wineventlog_system wineventlog_windows winsystem","host":"CAP-S232","id":"120001","index":"providencia","linecount":"15","product":"Windows","punct":"//_::_==---====-...==---======_____\\??\\:\\\\\\\\\\-.___","severity":"Information","severity_id":"4","signature_id":"03","source":"ProVidenCia:System","sourcetype":"WinEventLog:System","splunk_server":"rex-k002.nk.branden","src":"CAP-S232.sharita.o.jann","tag":"os\nwindows\nwindows_management","tag::eventtype":"os\nwindows\nwindows_management","vendor":"Cassandra"}}
{"preview":true,"result":{"ComputerName":"CAP-S232.sharita.o.jann","EventCode":"03","EventType":"4","Keywords":"None","LogName":"System","Message":"The access history in hive \\??\\C:\\AxjrbyiDzcw\\Mathew\\YyrtbwQoskx\\BablYkma\\MqtlnzRasnVzHgeu00000-0.tod was cleared updating 3 keys and creating 2 modified pages.","OpCode":"Info","RecordNumber":"120000","Sid":"S-1-5-12","SidType":"1","SourceName":"Cassandra-Windows-Kernel-General","TaskCategory":"None","Type":"Information","User":"SYSTEM","_raw":"10/12/0020 02:09:49 PM\nLogName=System\nRgvopzTvgc=Cassandra-Windows-Kernel-General\nJymsuIxmy=03\nEventType=4\nType=Information\nComputerName=CAP-S232.sharita.o.jann\nUser=SYSTEM\nRia=S-1-5-12\nIyrSiny=1\nCtugVxdeopon=None\nOpCode=Info\nHsfvjsSnkwfu=120000\nKeywords=None\nMessage=The access history in hive \\??\\C:\\AxjrbyiDzcw\\Mathew\\YyrtbwQoskx\\BablYkma\\MqtlnzRasnVzHgeu00000-0.tod was cleared updating 3 keys and creating 2 modified pages.","_time":"2020-10-18T14:09:49.000-0400","body":"The access history in hive \\??\\C:\\AxjrbyiDzcw\\Mathew\\YyrtbwQoskx\\BablYkma\\MqtlnzRasnVzHgeu00000-0.tod was cleared updating 3 keys and creating 2 modified pages.","dest":"CAP-S232.sharita.o.jann","dvc":"CAP-S232","dvc_nt_host":"CAP-S232","event_id":"120000","eventtype":"nix_kernel_attached wineventlog_common wineventlog_system wineventlog_windows winsystem","host":"CAP-S232","id":"120000","index":"providencia","linecount":"15","product":"Windows","punct":"//_::_==---====-...==---======_____\\??\\:\\\\\\\\\\-.___","severity":"Information","severity_id":"4","signature_id":"03","source":"ProVidenCia:System","sourcetype":"WinEventLog:System","splunk_server":"rex-k002.nk.branden","src":"CAP-S232.sharita.o.jann","tag":"os\nwindows\nwindows_management","tag::eventtype":"os\nwindows\nwindows_management","vendor":"Cassandra"}}
{"preview":true,"result":{"ComputerName":"CAP-S232.sharita.o.jann","EventCode":"03","EventType":"4","Keywords":"None","LogName":"System","Message":"The access history in hive \\??\\C:\\AxjrbyiDzcw\\Mathew\\YyrtbwQoskx\\BablYkma\\MqtlnzRasnVzHgeu00000-0.tod was cleared updating 3 keys and creating 2 modified pages.","OpCode":"Info","RecordNumber":"111010","Sid":"S-1-5-12","SidType":"1","SourceName":"Cassandra-Windows-Kernel-General","TaskCategory":"None","Type":"Information","User":"SYSTEM","_raw":"10/12/0020 02:09:49 PM\nLogName=System\nRgvopzTvgc=Cassandra-Windows-Kernel-General\nJymsuIxmy=03\nEventType=4\nType=Information\nComputerName=CAP-S232.sharita.o.jann\nUser=SYSTEM\nRia=S-1-5-12\nIyrSiny=1\nCtugVxdeopon=None\nOpCode=Info\nHsfvjsSnkwfu=111010\nKeywords=None\nMessage=The access history in hive \\??\\C:\\AxjrbyiDzcw\\Mathew\\YyrtbwQoskx\\BablYkma\\MqtlnzRasnVzHgeu00000-0.tod was cleared updating 3 keys and creating 2 modified pages.","_time":"2020-10-18T14:09:49.000-0400","body":"The access history in hive \\??\\C:\\AxjrbyiDzcw\\Mathew\\YyrtbwQoskx\\BablYkma\\MqtlnzRasnVzHgeu00000-0.tod was cleared updating 3 keys and creating 2 modified pages.","dest":"CAP-S232.sharita.o.jann","dvc":"CAP-S232","dvc_nt_host":"CAP-S232","event_id":"111010","eventtype":"nix_kernel_attached wineventlog_common wineventlog_system wineventlog_windows winsystem","host":"CAP-S232","id":"111010","index":"providencia","linecount":"15","product":"Windows","punct":"//_::_==---====-...==---======_____\\??\\:\\\\\\\\\\-.___","severity":"Information","severity_id":"4","signature_id":"03","source":"ProVidenCia:System","sourcetype":"WinEventLog:System","splunk_server":"rex-k002.nk.branden","src":"CAP-S232.sharita.o.jann","tag":"os\nwindows\nwindows_management","tag::eventtype":"os\nwindows\nwindows_management","vendor":"Cassandra"}}
{"preview":true,"result":{"ComputerName":"CAP-S232.sharita.o.jann","EventCode":"03","EventType":"4","Keywords":"None","LogName":"System","Message":"The access history in hive \\??\\C:\\AxjrbyiDzcw\\Mathew\\YyrtbwQoskx\\BablYkma\\MqtlnzRasnVzHgeu00000-0.tod was cleared updating 3 keys and creating 2 modified pages.","OpCode":"Info","RecordNumber":"111000","Sid":"S-1-5-12","SidType":"1","SourceName":"Cassandra-Windows-Kernel-General","TaskCategory":"None","Type":"Information","User":"SYSTEM","_raw":"10/12/0020 02:09:49 PM\nLogName=System\nRgvopzTvgc=Cassandra-Windows-Kernel-General\nJymsuIxmy=03\nEventType=4\nType=Information\nComputerName=CAP-S232.sharita.o.jann\nUser=SYSTEM\nRia=S-1-5-12\nIyrSiny=1\nCtugVxdeopon=None\nOpCode=Info\nHsfvjsSnkwfu=111000\nKeywords=None\nMessage=The access history in hive \\??\\C:\\AxjrbyiDzcw\\Mathew\\YyrtbwQoskx\\BablYkma\\MqtlnzRasnVzHgeu00000-0.tod was cleared updating 3 keys and creating 2 modified pages.","_time":"2020-10-18T14:09:49.000-0400","body":"The access history in hive \\??\\C:\\AxjrbyiDzcw\\Mathew\\YyrtbwQoskx\\BablYkma\\MqtlnzRasnVzHgeu00000-0.tod was cleared updating 3 keys and creating 2 modified pages.","dest":"CAP-S232.sharita.o.jann","dvc":"CAP-S232","dvc_nt_host":"CAP-S232","event_id":"111000","eventtype":"nix_kernel_attached wineventlog_common wineventlog_system wineventlog_windows winsystem","host":"CAP-S232","id":"111000","index":"providencia","linecount":"15","product":"Windows","punct":"//_::_==---====-...==---======_____\\??\\:\\\\\\\\\\-.___","severity":"Information","severity_id":"4","signature_id":"03","source":"ProVidenCia:System","sourcetype":"WinEventLog:System","splunk_server":"rex-k002.nk.branden","src":"CAP-S232.sharita.o.jann","tag":"os\nwindows\nwindows_management","tag::eventtype":"os\nwindows\nwindows_management","vendor":"Cassandra"}}
{"preview":true,"result":{"ComputerName":"CAP-S232.sharita.o.jann","EventCode":"03","EventType":"4","Keywords":"None","LogName":"System","Message":"The access history in hive \\??\\C:\\AxjrbyiDzcw\\Mathew\\YyrtbwQoskx\\BablYkma\\MqtlnzRasnVzHgeu00000-0.tod was cleared updating 3 keys and creating 2 modified pages.","OpCode":"Info","RecordNumber":"010010","Sid":"S-1-5-12","SidType":"1","SourceName":"Cassandra-Windows-Kernel-General","TaskCategory":"None","Type":"Information","User":"SYSTEM","_raw":"10/12/0020 02:09:49 PM\nLogName=System\nRgvopzTvgc=Cassandra-Windows-Kernel-General\nJymsuIxmy=03\nEventType=4\nType=Information\nComputerName=CAP-S232.sharita.o.jann\nUser=SYSTEM\nRia=S-1-5-12\nIyrSiny=1\nCtugVxdeopon=None\nOpCode=Info\nHsfvjsSnkwfu=010010\nKeywords=None\nMessage=The access history in hive \\??\\C:\\AxjrbyiDzcw\\Mathew\\YyrtbwQoskx\\BablYkma\\MqtlnzRasnVzHgeu00000-0.tod was cleared updating 3 keys and creating 2 modified pages.","_time":"2020-10-18T14:09:49.000-0400","body":"The access history in hive \\??\\C:\\AxjrbyiDzcw\\Mathew\\YyrtbwQoskx\\BablYkma\\MqtlnzRasnVzHgeu00000-0.tod was cleared updating 3 keys and creating 2 modified pages.","dest":"CAP-S232.sharita.o.jann","dvc":"CAP-S232","dvc_nt_host":"CAP-S232","event_id":"010010","eventtype":"nix_kernel_attached wineventlog_common wineventlog_system wineventlog_windows winsystem","host":"CAP-S232","id":"010010","index":"providencia","linecount":"15","product":"Windows","punct":"//_::_==---====-...==---======_____\\??\\:\\\\\\\\\\-.___","severity":"Information","severity_id":"4","signature_id":"03","source":"ProVidenCia:System","sourcetype":"WinEventLog:System","splunk_server":"rex-k002.nk.branden","src":"CAP-S232.sharita.o.jann","tag":"os\nwindows\nwindows_management","tag::eventtype":"os\nwindows\nwindows_management","vendor":"Cassandra"}}
{"preview":true,"result":{"ComputerName":"CAP-S232.sharita.o.jann","EventCode":"03","EventType":"4","Keywords":"None","LogName":"System","Message":"The access history in hive \\??\\C:\\AxjrbyiDzcw\\Mathew\\YyrtbwQoskx\\BablYkma\\MqtlnzRasnVzHgeu00000-0.tod was cleared updating 3 keys and creating 2 modified pages.","OpCode":"Info","RecordNumber":"110010","Sid":"S-1-5-12","SidType":"1","SourceName":"Cassandra-Windows-Kernel-General","TaskCategory":"None","Type":"Information","User":"SYSTEM","_raw":"10/12/0020 02:09:49 PM\nLogName=System\nRgvopzTvgc=Cassandra-Windows-Kernel-General\nJymsuIxmy=03\nEventType=4\nType=Information\nComputerName=CAP-S232.sharita.o.jann\nUser=SYSTEM\nRia=S-1-5-12\nIyrSiny=1\nCtugVxdeopon=None\nOpCode=Info\nHsfvjsSnkwfu=110010\nKeywords=None\nMessage=The access history in hive \\??\\C:\\AxjrbyiDzcw\\Mathew\\YyrtbwQoskx\\BablYkma\\MqtlnzRasnVzHgeu00000-0.tod was cleared updating 3 keys and creating 2 modified pages.","_time":"2020-10-18T14:09:49.000-0400","body":"The access history in hive \\??\\C:\\AxjrbyiDzcw\\Mathew\\YyrtbwQoskx\\BablYkma\\MqtlnzRasnVzHgeu00000-0.tod was cleared updating 3 keys and creating 2 modified pages.","dest":"CAP-S232.sharita.o.jann","dvc":"CAP-S232","dvc_nt_host":"CAP-S232","event_id":"110010","eventtype":"nix_kernel_attached wineventlog_common wineventlog_system wineventlog_windows winsystem","host":"CAP-S232","id":"110010","index":"providencia","linecount":"15","product":"Windows","punct":"//_::_==---====-...==---======_____\\??\\:\\\\\\\\\\-.___","severity":"Information","severity_id":"4","signature_id":"03","source":"ProVidenCia:System","sourcetype":"WinEventLog:System","splunk_server":"rex-k002.nk.branden","src":"CAP-S232.sharita.o.jann","tag":"os\nwindows\nwindows_management","tag::eventtype":"os\nwindows\nwindows_management","vendor":"Cassandra"}}
{"preview":true,"result":{"ComputerName":"CAP-S232.sharita.o.jann","EventCode":"03","EventType":"4","Keywords":"None","LogName":"System","Message":"The access history in hive \\??\\C:\\AxjrbyiDzcw\\Mathew\\YyrtbwQoskx\\BablYkma\\MqtlnzRasnVzHgeu00000-0.tod was cleared updating 3 keys and creating 2 modified pages.","OpCode":"Info","RecordNumber":"010005","Sid":"S-1-5-12","SidType":"1","SourceName":"Cassandra-Windows-Kernel-General","TaskCategory":"None","Type":"Information","User":"SYSTEM","_raw":"10/12/0020 02:09:48 PM\nLogName=System\nRgvopzTvgc=Cassandra-Windows-Kernel-General\nJymsuIxmy=03\nEventType=4\nType=Information\nComputerName=CAP-S232.sharita.o.jann\nUser=SYSTEM\nRia=S-1-5-12\nIyrSiny=1\nCtugVxdeopon=None\nOpCode=Info\nHsfvjsSnkwfu=010005\nKeywords=None\nMessage=The access history in hive \\??\\C:\\AxjrbyiDzcw\\Mathew\\YyrtbwQoskx\\BablYkma\\MqtlnzRasnVzHgeu00000-0.tod was cleared updating 3 keys and creating 2 modified pages.","_time":"2020-10-18T14:09:48.000-0400","body":"The access history in hive \\??\\C:\\AxjrbyiDzcw\\Mathew\\YyrtbwQoskx\\BablYkma\\MqtlnzRasnVzHgeu00000-0.tod was cleared updating 3 keys and creating 2 modified pages.","dest":"CAP-S232.sharita.o.jann","dvc":"CAP-S232","dvc_nt_host":"CAP-S232","event_id":"010005","eventtype":"nix_kernel_attached wineventlog_common wineventlog_system wineventlog_windows winsystem","host":"CAP-S232","id":"010005","index":"providencia","linecount":"15","product":"Windows","punct":"//_::_==---====-...==---======_____\\??\\:\\\\\\\\\\-.___","severity":"Information","severity_id":"4","signature_id":"03","source":"ProVidenCia:System","sourcetype":"WinEventLog:System","splunk_server":"rex-k002.nk.branden","src":"CAP-S232.sharita.o.jann","tag":"os\nwindows\nwindows_management","tag::eventtype":"os\nwindows\nwindows_management","vendor":"Cassandra"}}
{"preview":true,"result":{"ComputerName":"CAP-S232.sharita.o.jann","EventCode":"03","EventType":"4","Keywords":"None","LogName":"System","Message":"The access history in hive \\??\\C:\\AxjrbyiDzcw\\Mathew\\YyrtbwQoskx\\BablYkma\\MqtlnzRasnVzHgeu00000-0.tod was cleared updating 3 keys and creating 2 modified pages.","OpCode":"Info","RecordNumber":"121010","Sid":"S-1-5-12","SidType":"1","SourceName":"Cassandra-Windows-Kernel-General","TaskCategory":"None","Type":"Information","User":"SYSTEM","_raw":"10/12/0020 02:09:47 PM\nLogName=System\nRgvopzTvgc=Cassandra-Windows-Kernel-General\nJymsuIxmy=03\nEventType=4\nType=Information\nComputerName=CAP-S232.sharita.o.jann\nUser=SYSTEM\nRia=S-1-5-12\nIyrSiny=1\nCtugVxdeopon=None\nOpCode=Info\nHsfvjsSnkwfu=121010\nKeywords=None\nMessage=The access history in hive \\??\\C:\\AxjrbyiDzcw\\Mathew\\YyrtbwQoskx\\BablYkma\\MqtlnzRasnVzHgeu00000-0.tod was cleared updating 3 keys and creating 2 modified pages.","_time":"2020-10-18T14:09:47.000-0400","body":"The access history in hive \\??\\C:\\AxjrbyiDzcw\\Mathew\\YyrtbwQoskx\\BablYkma\\MqtlnzRasnVzHgeu00000-0.tod was cleared updating 3 keys and creating 2 modified pages.","dest":"CAP-S232.sharita.o.jann","dvc":"CAP-S232","dvc_nt_host":"CAP-S232","event_id":"121010","eventtype":"nix_kernel_attached wineventlog_common wineventlog_system wineventlog_windows winsystem","host":"CAP-S232","id":"121010","index":"providencia","linecount":"15","product":"Windows","punct":"//_::_==---====-...==---======_____\\??\\:\\\\\\\\\\-.___","severity":"Information","severity_id":"4","signature_id":"03","source":"ProVidenCia:System","sourcetype":"WinEventLog:System","splunk_server":"rex-k002.nk.branden","src":"CAP-S232.sharita.o.jann","tag":"os\nwindows\nwindows_management","tag::eventtype":"os\nwindows\nwindows_management","vendor":"Cassandra"}}
{"preview":true,"result":{"ComputerName":"CAP-S232.sharita.o.jann","EventCode":"03","EventType":"4","Keywords":"None","LogName":"System","Message":"The access history in hive \\??\\C:\\AxjrbyiDzcw\\Mathew\\YyrtbwQoskx\\BablYkma\\MqtlnzRasnVzHgeu00000-0.tod was cleared updating 3 keys and creating 2 modified pages.","OpCode":"Info","RecordNumber":"101010","Sid":"S-1-5-12","SidType":"1","SourceName":"Cassandra-Windows-Kernel-General","TaskCategory":"None","Type":"Information","User":"SYSTEM","_raw":"10/12/0020 02:09:47 PM\nLogName=System\nRgvopzTvgc=Cassandra-Windows-Kernel-General\nJymsuIxmy=03\nEventType=4\nType=Information\nComputerName=CAP-S232.sharita.o.jann\nUser=SYSTEM\nRia=S-1-5-12\nIyrSiny=1\nCtugVxdeopon=None\nOpCode=Info\nHsfvjsSnkwfu=101010\nKeywords=None\nMessage=The access history in hive \\??\\C:\\AxjrbyiDzcw\\Mathew\\YyrtbwQoskx\\BablYkma\\MqtlnzRasnVzHgeu00000-0.tod was cleared updating 3 keys and creating 2 modified pages.","_time":"2020-10-18T14:09:47.000-0400","body":"The access history in hive \\??\\C:\\AxjrbyiDzcw\\Mathew\\YyrtbwQoskx\\BablYkma\\MqtlnzRasnVzHgeu00000-0.tod was cleared updating 3 keys and creating 2 modified pages.","dest":"CAP-S232.sharita.o.jann","dvc":"CAP-S232","dvc_nt_host":"CAP-S232","event_id":"101010","eventtype":"nix_kernel_attached wineventlog_common wineventlog_system wineventlog_windows winsystem","host":"CAP-S232","id":"101010","index":"providencia","linecount":"15","product":"Windows","punct":"//_::_==---====-...==---======_____\\??\\:\\\\\\\\\\-.___","severity":"Information","severity_id":"4","signature_id":"03","source":"ProVidenCia:System","sourcetype":"WinEventLog:System","splunk_server":"rex-k002.nk.branden","src":"CAP-S232.sharita.o.jann","tag":"os\nwindows\nwindows_management","tag::eventtype":"os\nwindows\nwindows_management","vendor":"Cassandra"}}
{"preview":true,"result":{"ComputerName":"CAP-S232.sharita.o.jann","EventCode":"03","EventType":"4","Keywords":"None","LogName":"System","Message":"The access history in hive \\??\\C:\\AxjrbyiDzcw\\Mathew\\YyrtbwQoskx\\BablYkma\\MqtlnzRasnVzHgeu00000-0.tod was cleared updating 3 keys and creating 2 modified pages.","OpCode":"Info","RecordNumber":"120011","Sid":"S-1-5-12","SidType":"1","SourceName":"Cassandra-Windows-Kernel-General","TaskCategory":"None","Type":"Information","User":"SYSTEM","_raw":"10/12/0020 02:09:46 PM\nLogName=System\nRgvopzTvgc=Cassandra-Windows-Kernel-General\nJymsuIxmy=03\nEventType=4\nType=Information\nComputerName=CAP-S232.sharita.o.jann\nUser=SYSTEM\nRia=S-1-5-12\nIyrSiny=1\nCtugVxdeopon=None\nOpCode=Info\nHsfvjsSnkwfu=120011\nKeywords=None\nMessage=The access history in hive \\??\\C:\\AxjrbyiDzcw\\Mathew\\YyrtbwQoskx\\BablYkma\\MqtlnzRasnVzHgeu00000-0.tod was cleared updating 3 keys and creating 2 modified pages.","_time":"2020-10-18T14:09:46.000-0400","body":"The access history in hive \\??\\C:\\AxjrbyiDzcw\\Mathew\\YyrtbwQoskx\\BablYkma\\MqtlnzRasnVzHgeu00000-0.tod was cleared updating 3 keys and creating 2 modified pages.","dest":"CAP-S232.sharita.o.jann","dvc":"CAP-S232","dvc_nt_host":"CAP-S232","event_id":"120011","eventtype":"nix_kernel_attached wineventlog_common wineventlog_system wineventlog_windows winsystem","host":"CAP-S232","id":"120011","index":"providencia","linecount":"15","product":"Windows","punct":"//_::_==---====-...==---======_____\\??\\:\\\\\\\\\\-.___","severity":"Information","severity_id":"4","signature_id":"03","source":"ProVidenCia:System","sourcetype":"WinEventLog:System","splunk_server":"rex-k002.nk.branden","src":"CAP-S232.sharita.o.jann","tag":"os\nwindows\nwindows_management","tag::eventtype":"os\nwindows\nwindows_management","vendor":"Cassandra"}}
{"preview":true,"result":{"ComputerName":"CAP-S232.sharita.o.jann","EventCode":"03","EventType":"4","Keywords":"None","LogName":"System","Message":"The access history in hive \\??\\C:\\AxjrbyiDzcw\\Mathew\\YyrtbwQoskx\\BablYkma\\MqtlnzRasnVzHgeu00000-0.tod was cleared updating 3 keys and creating 2 modified pages.","OpCode":"Info","RecordNumber":"100012","Sid":"S-1-5-12","SidType":"1","SourceName":"Cassandra-Windows-Kernel-General","TaskCategory":"None","Type":"Information","User":"SYSTEM","_raw":"10/12/0020 02:09:46 PM\nLogName=System\nRgvopzTvgc=Cassandra-Windows-Kernel-General\nJymsuIxmy=03\nEventType=4\nType=Information\nComputerName=CAP-S232.sharita.o.jann\nUser=SYSTEM\nRia=S-1-5-12\nIyrSiny=1\nCtugVxdeopon=None\nOpCode=Info\nHsfvjsSnkwfu=100012\nKeywords=None\nMessage=The access history in hive \\??\\C:\\AxjrbyiDzcw\\Mathew\\YyrtbwQoskx\\BablYkma\\MqtlnzRasnVzHgeu00000-0.tod was cleared updating 3 keys and creating 2 modified pages.","_time":"2020-10-18T14:09:46.000-0400","body":"The access history in hive \\??\\C:\\AxjrbyiDzcw\\Mathew\\YyrtbwQoskx\\BablYkma\\MqtlnzRasnVzHgeu00000-0.tod was cleared updating 3 keys and creating 2 modified pages.","dest":"CAP-S232.sharita.o.jann","dvc":"CAP-S232","dvc_nt_host":"CAP-S232","event_id":"100012","eventtype":"nix_kernel_attached wineventlog_common wineventlog_system wineventlog_windows winsystem","host":"CAP-S232","id":"100012","index":"providencia","linecount":"15","product":"Windows","punct":"//_::_==---====-...==---======_____\\??\\:\\\\\\\\\\-.___","severity":"Information","severity_id":"4","signature_id":"03","source":"ProVidenCia:System","sourcetype":"WinEventLog:System","splunk_server":"rex-k002.nk.branden","src":"CAP-S232.sharita.o.jann","tag":"os\nwindows\nwindows_management","tag::eventtype":"os\nwindows\nwindows_management","vendor":"Cassandra"}}
