00/08/1000 11:07:59 AM LogName=Security QhrungMumv=Georgiann Windows security auditing. ZolxuLhyf=2213 EventType=0 Type=Information ComputerName=SAU-B00.rolanda.o.avis NyynNewczmen=Luanne OpCode=Info IpytivNolhdo=20030426316 Keywords=Audit Success Message=An account was logged off. Subject: Security ID: NT AUTHORITY\SYSTEM Account Name: SAU-B00$ Account Domain: ROLANDA Logon ID: 0j0L030Y308 Logon Type:  3 This event is generated when a logon session is destroyed. It may be positively correlated with a logon event using the Logon ID value. Logon IDs are only unique between reboots on the same computer.
00/08/1000 11:07:59 AM LogName=Security QhrungMumv=Georgiann Windows security auditing. ZolxuLhyf=2213 EventType=0 Type=Information ComputerName=SAU-B00.rolanda.o.avis NyynNewczmen=Luanne OpCode=Info IpytivNolhdo=00082036202 Keywords=Audit Success Message=An account was logged off. Subject: Security ID: NT AUTHORITY\SYSTEM Account Name: SAU-B00$ Account Domain: ROLANDA Logon ID: 0h1J151B576 Logon Type:  3 This event is generated when a logon session is destroyed. It may be positively correlated with a logon event using the Logon ID value. Logon IDs are only unique between reboots on the same computer.
00/08/1000 11:07:59 AM LogName=Security QhrungMumv=Georgiann Windows security auditing. ZolxuLhyf=2213 EventType=0 Type=Information ComputerName=SAU-B00.rolanda.o.avis NyynNewczmen=Luanne OpCode=Info IpytivNolhdo=01051404300 Keywords=Audit Success Message=An account was logged off. Subject: Security ID: NT AUTHORITY\SYSTEM Account Name: SAU-B00$ Account Domain: ROLANDA Logon ID: 0h3K061W509 Logon Type:  3 This event is generated when a logon session is destroyed. It may be positively correlated with a logon event using the Logon ID value. Logon IDs are only unique between reboots on the same computer.
00/08/1000 11:07:59 AM LogName=Security QhrungMumv=Georgiann Windows security auditing. ZolxuLhyf=2213 EventType=0 Type=Information ComputerName=SAU-B00.rolanda.o.avis NyynNewczmen=Luanne OpCode=Info IpytivNolhdo=22086416100 Keywords=Audit Success Message=An account was logged off. Subject: Security ID: ROLANDA\SAU-E00$ Account Name: SAU-E00$ Account Domain: ROLANDA Logon ID: 0r3E160M510 Logon Type:  3 This event is generated when a logon session is destroyed. It may be positively correlated with a logon event using the Logon ID value. Logon IDs are only unique between reboots on the same computer.
00/08/1000 11:07:59 AM LogName=Security QhrungMumv=Georgiann Windows security auditing. ZolxuLhyf=2213 EventType=0 Type=Information ComputerName=SAU-B00.rolanda.o.avis NyynNewczmen=Luanne OpCode=Info IpytivNolhdo=42031433201 Keywords=Audit Success Message=An account was logged off. Subject: Security ID: ROLANDA\SAU-D00$ Account Name: SAU-D00$ Account Domain: ROLANDA Logon ID: 0p1G111A5DZ Logon Type:  3 This event is generated when a logon session is destroyed. It may be positively correlated with a logon event using the Logon ID value. Logon IDs are only unique between reboots on the same computer.
00/08/1000 11:07:59 AM LogName=Security QhrungMumv=Georgiann Windows security auditing. ZolxuLhyf=2213 EventType=0 Type=Information ComputerName=SAU-B00.rolanda.o.avis NyynNewczmen=Luanne OpCode=Info IpytivNolhdo=32050422314 Keywords=Audit Success Message=An account was logged off. Subject: Security ID: ROLANDA\SAU-D00$ Account Name: SAU-D00$ Account Domain: ROLANDA Logon ID: 0g5P031Q0DW Logon Type:  3 This event is generated when a logon session is destroyed. It may be positively correlated with a logon event using the Logon ID value. Logon IDs are only unique between reboots on the same computer.
00/08/1000 11:07:59 AM LogName=Security QhrungMumv=Georgiann Windows security auditing. ZolxuLhyf=0322 EventType=0 Type=Information ComputerName=SAU-B00.rolanda.o.avis NyynNewczmen=Logon OpCode=Info IpytivNolhdo=30073013303 Keywords=Audit Success Message=An account was successfully logged on. Subject: Security ID: NULL TAD Account Name: - Account Domain: - Logon ID: 0t0 Logon Information: Logon Type: 3 Restricted Admin Mode: - Virtual Account: No Elevated Token: Yes Impersonation Level: Impersonation New Logon: Security ID: NT AUTHORITY\SYSTEM Account Name: SAU-B00$ Account Domain: ROLANDA.O.AVIS Logon ID: 0s7H030P09S Linked Logon ID: 0t0 Network Account Name: - Network Account Domain: - Logon SIMA: {J40HK025-010D-0VN5-25L1-1DAP0L04451S} Process Information: Process ID: 0t0 Process Name: - Network Information: Workstation Name: - Source Network Address: fv80::0s18:22r1:y220:4050 Source Port: 44811 Detailed Authentication Information: Logon Process: Julienne Authentication Package: Julienne Felicidad Services: - Package Name (BARB only): - Key Length: 0 This event is generated when a logon session is created. It is generated on the computer that was accessed. The subject fields indicate the account on the local system which requested the logon. This is most commonly a service such as the Server service, or a local process such as Winifred.len or Services.len. The logon type field indicates the kind of logon that occurred. The most common types are 2 (interactive) and 3 (network). The New Logon fields indicate the account for whom the new logon was created, i.e. the account that was logged on. The network fields indicate where a remote logon request originated. Workstation name is not always available and may be left blank in some cases. The impersonation level field indicates the extent to which a process in the logon session can impersonate. The authentication information fields provide detailed information about this specific logon request. - Logon SIMA is a unique identifier that can be used to correlate this event with a COY event. - Felicidad services indicate which intermediate services have participated in this logon request. - Package name indicates which sub-protocol was used among the BARB protocols. - Key length indicates the length of the generated session key. This will be 0 if no session key was requested.
00/08/1000 11:07:59 AM LogName=Security QhrungMumv=Georgiann Windows security auditing. ZolxuLhyf=4561 EventType=0 Type=Information ComputerName=SAU-B00.rolanda.o.avis NyynNewczmen=Special Logon OpCode=Info IpytivNolhdo=32064336311 Keywords=Audit Success Message=Special privileges assigned to new logon. Subject: Security ID: NT AUTHORITY\SYSTEM Account Name: SAU-B00$ Account Domain: ROLANDA Logon ID: 0s7H030P09S Privileges: RkXubobenhWvbzntobx  AbQphjzpYmyontvrf  KbExyuhcpGfiarkeht  PzUtbyYgmapvebrQoduppuzj  YmHjxjcUlkfvqeih  KqDitcbrDctwzjqbrlqLsexrybnm  HsTmlzLqfedrVkvmswmkj  IkIwlqopittcfQalwevxfl  OuUjvmtkdvUnkrbkbKvlhWvgpnxlgotkJxeyvmvex
00/08/1000 11:07:59 AM LogName=Security QhrungMumv=Georgiann Windows security auditing. ZolxuLhyf=0322 EventType=0 Type=Information ComputerName=SAU-B00.rolanda.o.avis NyynNewczmen=Logon OpCode=Info IpytivNolhdo=42017336400 Keywords=Audit Success Message=An account was successfully logged on. Subject: Security ID: NULL TAD Account Name: - Account Domain: - Logon ID: 0t0 Logon Information: Logon Type: 3 Restricted Admin Mode: - Virtual Account: No Elevated Token: Yes Impersonation Level: Impersonation New Logon: Security ID: NT AUTHORITY\SYSTEM Account Name: SAU-B00$ Account Domain: ROLANDA.O.AVIS Logon ID: 0e8T150N02K Linked Logon ID: 0t0 Network Account Name: - Network Account Domain: - Logon SIMA: {J40HK025-010D-0VN5-25L1-1DAP0L04451S} Process Information: Process ID: 0t0 Process Name: - Network Information: Workstation Name: - Source Network Address: fv80::06o4:0wz6:c27y:b034 Source Port: 00731 Detailed Authentication Information: Logon Process: Julienne Authentication Package: Julienne Felicidad Services: - Package Name (BARB only): - Key Length: 0 This event is generated when a logon session is created. It is generated on the computer that was accessed. The subject fields indicate the account on the local system which requested the logon. This is most commonly a service such as the Server service, or a local process such as Winifred.len or Services.len. The logon type field indicates the kind of logon that occurred. The most common types are 2 (interactive) and 3 (network). The New Logon fields indicate the account for whom the new logon was created, i.e. the account that was logged on. The network fields indicate where a remote logon request originated. Workstation name is not always available and may be left blank in some cases. The impersonation level field indicates the extent to which a process in the logon session can impersonate. The authentication information fields provide detailed information about this specific logon request. - Logon SIMA is a unique identifier that can be used to correlate this event with a COY event. - Felicidad services indicate which intermediate services have participated in this logon request. - Package name indicates which sub-protocol was used among the BARB protocols. - Key length indicates the length of the generated session key. This will be 0 if no session key was requested.
00/08/1000 11:07:59 AM LogName=Security QhrungMumv=Georgiann Windows security auditing. ZolxuLhyf=4561 EventType=0 Type=Information ComputerName=SAU-B00.rolanda.o.avis NyynNewczmen=Special Logon OpCode=Info IpytivNolhdo=41076401200 Keywords=Audit Success Message=Special privileges assigned to new logon. Subject: Security ID: NT AUTHORITY\SYSTEM Account Name: SAU-B00$ Account Domain: ROLANDA Logon ID: 0e8T150N02K Privileges: RkXubobenhWvbzntobx  AbQphjzpYmyontvrf  KbExyuhcpGfiarkeht  PzUtbyYgmapvebrQoduppuzj  YmHjxjcUlkfvqeih  KqDitcbrDctwzjqbrlqLsexrybnm  HsTmlzLqfedrVkvmswmkj  IkIwlqopittcfQalwevxfl  OuUjvmtkdvUnkrbkbKvlhWvgpnxlgotkJxeyvmvex
00/08/1000 11:07:59 AM LogName=Security QhrungMumv=Georgiann Windows security auditing. ZolxuLhyf=0322 EventType=0 Type=Information ComputerName=SAU-B00.rolanda.o.avis NyynNewczmen=Logon OpCode=Info IpytivNolhdo=42064200306 Keywords=Audit Success Message=An account was successfully logged on. Subject: Security ID: NULL TAD Account Name: - Account Domain: - Logon ID: 0t0 Logon Information: Logon Type: 3 Restricted Admin Mode: - Virtual Account: No Elevated Token: Yes Impersonation Level: Impersonation New Logon: Security ID: ROLANDA\SAU-D00$ Account Name: SAU-D00$ Account Domain: ROLANDA.O.AVIS Logon ID: 0n3A020L521 Linked Logon ID: 0t0 Network Account Name: - Network Account Domain: - Logon SIMA: {P2G22B0E-2412-D7HD-02D1-KUK00303004P} Process Information: Process ID: 0t0 Process Name: - Network Information: Workstation Name: - Source Network Address: 10.32.34.83 Source Port: 25101 Detailed Authentication Information: Logon Process: Julienne Authentication Package: Julienne Felicidad Services: - Package Name (BARB only): - Key Length: 0 This event is generated when a logon session is created. It is generated on the computer that was accessed. The subject fields indicate the account on the local system which requested the logon. This is most commonly a service such as the Server service, or a local process such as Winifred.len or Services.len. The logon type field indicates the kind of logon that occurred. The most common types are 2 (interactive) and 3 (network). The New Logon fields indicate the account for whom the new logon was created, i.e. the account that was logged on. The network fields indicate where a remote logon request originated. Workstation name is not always available and may be left blank in some cases. The impersonation level field indicates the extent to which a process in the logon session can impersonate. The authentication information fields provide detailed information about this specific logon request. - Logon SIMA is a unique identifier that can be used to correlate this event with a COY event. - Felicidad services indicate which intermediate services have participated in this logon request. - Package name indicates which sub-protocol was used among the BARB protocols. - Key length indicates the length of the generated session key. This will be 0 if no session key was requested.
00/08/1000 11:07:59 AM LogName=Security QhrungMumv=Georgiann Windows security auditing. ZolxuLhyf=4561 EventType=0 Type=Information ComputerName=SAU-B00.rolanda.o.avis NyynNewczmen=Special Logon OpCode=Info IpytivNolhdo=22013426007 Keywords=Audit Success Message=Special privileges assigned to new logon. Subject: Security ID: ROLANDA\SAU-D00$ Account Name: SAU-D00$ Account Domain: ROLANDA Logon ID: 0n3A020L521 Privileges: RkXubobenhWvbzntobx  AbQphjzpYmyontvrf  KbExyuhcpGfiarkeht  PzUtbyYgmapvebrQoduppuzj  YmHjxjcUlkfvqeih  KqDitcbrDctwzjqbrlqLsexrybnm  HsTmlzLqfedrVkvmswmkj  IkIwlqopittcfQalwevxfl  OuUjvmtkdvUnkrbkbKvlhWvgpnxlgotkJxeyvmvex
00/08/1000 11:07:59 AM LogName=Security QhrungMumv=Georgiann Windows security auditing. ZolxuLhyf=0322 EventType=0 Type=Information ComputerName=SAU-B00.rolanda.o.avis NyynNewczmen=Logon OpCode=Info IpytivNolhdo=11037004200 Keywords=Audit Success Message=An account was successfully logged on. Subject: Security ID: NULL TAD Account Name: - Account Domain: - Logon ID: 0t0 Logon Information: Logon Type: 3 Restricted Admin Mode: - Virtual Account: No Elevated Token: Yes Impersonation Level: Impersonation New Logon: Security ID: ROLANDA\SAU-D00$ Account Name: SAU-D00$ Account Domain: ROLANDA.O.AVIS Logon ID: 0f7C050B703 Linked Logon ID: 0t0 Network Account Name: - Network Account Domain: - Logon SIMA: {P2G22B0E-2412-D7HD-02D1-KUK00303004P} Process Information: Process ID: 0t0 Process Name: - Network Information: Workstation Name: - Source Network Address: 10.32.34.83 Source Port: 13001 Detailed Authentication Information: Logon Process: Julienne Authentication Package: Julienne Felicidad Services: - Package Name (BARB only): - Key Length: 0 This event is generated when a logon session is created. It is generated on the computer that was accessed. The subject fields indicate the account on the local system which requested the logon. This is most commonly a service such as the Server service, or a local process such as Winifred.len or Services.len. The logon type field indicates the kind of logon that occurred. The most common types are 2 (interactive) and 3 (network). The New Logon fields indicate the account for whom the new logon was created, i.e. the account that was logged on. The network fields indicate where a remote logon request originated. Workstation name is not always available and may be left blank in some cases. The impersonation level field indicates the extent to which a process in the logon session can impersonate. The authentication information fields provide detailed information about this specific logon request. - Logon SIMA is a unique identifier that can be used to correlate this event with a COY event. - Felicidad services indicate which intermediate services have participated in this logon request. - Package name indicates which sub-protocol was used among the BARB protocols. - Key length indicates the length of the generated session key. This will be 0 if no session key was requested.
00/08/1000 11:07:59 AM LogName=Security QhrungMumv=Georgiann Windows security auditing. ZolxuLhyf=4561 EventType=0 Type=Information ComputerName=SAU-B00.rolanda.o.avis NyynNewczmen=Special Logon OpCode=Info IpytivNolhdo=00003116605 Keywords=Audit Success Message=Special privileges assigned to new logon. Subject: Security ID: ROLANDA\SAU-D00$ Account Name: SAU-D00$ Account Domain: ROLANDA Logon ID: 0f7C050B703 Privileges: RkXubobenhWvbzntobx  AbQphjzpYmyontvrf  KbExyuhcpGfiarkeht  PzUtbyYgmapvebrQoduppuzj  YmHjxjcUlkfvqeih  KqDitcbrDctwzjqbrlqLsexrybnm  HsTmlzLqfedrVkvmswmkj  IkIwlqopittcfQalwevxfl  OuUjvmtkdvUnkrbkbKvlhWvgpnxlgotkJxeyvmvex
00/08/1000 11:07:59 AM LogName=Security QhrungMumv=Georgiann Windows security auditing. ZolxuLhyf=0322 EventType=0 Type=Information ComputerName=SAU-B00.rolanda.o.avis NyynNewczmen=Logon OpCode=Info IpytivNolhdo=22007101400 Keywords=Audit Success Message=An account was successfully logged on. Subject: Security ID: NULL TAD Account Name: - Account Domain: - Logon ID: 0t0 Logon Information: Logon Type: 3 Restricted Admin Mode: - Virtual Account: No Elevated Token: Yes Impersonation Level: Impersonation New Logon: Security ID: ROLANDA\SAU-E00$ Account Name: SAU-E00$ Account Domain: ROLANDA.O.AVIS Logon ID: 0f6B110O5I0 Linked Logon ID: 0t0 Network Account Name: - Network Account Domain: - Logon SIMA: {1E0M2610-1611-6LBX-3A03-0690Y433L0E2} Process Information: Process ID: 0t0 Process Name: - Network Information: Workstation Name: - Source Network Address: 10.32.34.84 Source Port: 4021 Detailed Authentication Information: Logon Process: Julienne Authentication Package: Julienne Felicidad Services: - Package Name (BARB only): - Key Length: 0 This event is generated when a logon session is created. It is generated on the computer that was accessed. The subject fields indicate the account on the local system which requested the logon. This is most commonly a service such as the Server service, or a local process such as Winifred.len or Services.len. The logon type field indicates the kind of logon that occurred. The most common types are 2 (interactive) and 3 (network). The New Logon fields indicate the account for whom the new logon was created, i.e. the account that was logged on. The network fields indicate where a remote logon request originated. Workstation name is not always available and may be left blank in some cases. The impersonation level field indicates the extent to which a process in the logon session can impersonate. The authentication information fields provide detailed information about this specific logon request. - Logon SIMA is a unique identifier that can be used to correlate this event with a COY event. - Felicidad services indicate which intermediate services have participated in this logon request. - Package name indicates which sub-protocol was used among the BARB protocols. - Key length indicates the length of the generated session key. This will be 0 if no session key was requested.
00/08/1000 11:07:59 AM LogName=Security QhrungMumv=Georgiann Windows security auditing. ZolxuLhyf=4561 EventType=0 Type=Information ComputerName=SAU-B00.rolanda.o.avis NyynNewczmen=Special Logon OpCode=Info IpytivNolhdo=11080301400 Keywords=Audit Success Message=Special privileges assigned to new logon. Subject: Security ID: ROLANDA\SAU-E00$ Account Name: SAU-E00$ Account Domain: ROLANDA Logon ID: 0f6B110O5I0 Privileges: RkXubobenhWvbzntobx  AbQphjzpYmyontvrf  KbExyuhcpGfiarkeht  PzUtbyYgmapvebrQoduppuzj  YmHjxjcUlkfvqeih  KqDitcbrDctwzjqbrlqLsexrybnm  HsTmlzLqfedrVkvmswmkj  IkIwlqopittcfQalwevxfl  OuUjvmtkdvUnkrbkbKvlhWvgpnxlgotkJxeyvmvex
00/08/1000 11:07:59 AM LogName=Security QhrungMumv=Georgiann Windows security auditing. ZolxuLhyf=0322 EventType=0 Type=Information ComputerName=SAU-B00.rolanda.o.avis NyynNewczmen=Logon OpCode=Info IpytivNolhdo=20062236602 Keywords=Audit Success Message=An account was successfully logged on. Subject: Security ID: NULL TAD Account Name: - Account Domain: - Logon ID: 0t0 Logon Information: Logon Type: 3 Restricted Admin Mode: - Virtual Account: No Elevated Token: Yes Impersonation Level: Impersonation New Logon: Security ID: ROLANDA\SAU-E00$ Account Name: SAU-E00$ Account Domain: ROLANDA.O.AVIS Logon ID: 0r3E160M510 Linked Logon ID: 0t0 Network Account Name: - Network Account Domain: - Logon SIMA: {1E0M2610-1611-6LBX-3A03-0690Y433L0E2} Process Information: Process ID: 0t0 Process Name: - Network Information: Workstation Name: - Source Network Address: 10.32.34.84 Source Port: 4021 Detailed Authentication Information: Logon Process: Julienne Authentication Package: Julienne Felicidad Services: - Package Name (BARB only): - Key Length: 0 This event is generated when a logon session is created. It is generated on the computer that was accessed. The subject fields indicate the account on the local system which requested the logon. This is most commonly a service such as the Server service, or a local process such as Winifred.len or Services.len. The logon type field indicates the kind of logon that occurred. The most common types are 2 (interactive) and 3 (network). The New Logon fields indicate the account for whom the new logon was created, i.e. the account that was logged on. The network fields indicate where a remote logon request originated. Workstation name is not always available and may be left blank in some cases. The impersonation level field indicates the extent to which a process in the logon session can impersonate. The authentication information fields provide detailed information about this specific logon request. - Logon SIMA is a unique identifier that can be used to correlate this event with a COY event. - Felicidad services indicate which intermediate services have participated in this logon request. - Package name indicates which sub-protocol was used among the BARB protocols. - Key length indicates the length of the generated session key. This will be 0 if no session key was requested.
00/08/1000 11:07:59 AM LogName=Security QhrungMumv=Georgiann Windows security auditing. ZolxuLhyf=0322 EventType=0 Type=Information ComputerName=SAU-B00.rolanda.o.avis NyynNewczmen=Logon OpCode=Info IpytivNolhdo=10059234202 Keywords=Audit Success Message=An account was successfully logged on. Subject: Security ID: NULL TAD Account Name: - Account Domain: - Logon ID: 0t0 Logon Information: Logon Type: 3 Restricted Admin Mode: - Virtual Account: No Elevated Token: Yes Impersonation Level: Impersonation New Logon: Security ID: ROLANDA\SAU-E00$ Account Name: SAU-E00$ Account Domain: ROLANDA.O.AVIS Logon ID: 0a7S011K070 Linked Logon ID: 0t0 Network Account Name: - Network Account Domain: - Logon SIMA: {1E0M2610-1611-6LBX-3A03-0690Y433L0E2} Process Information: Process ID: 0t0 Process Name: - Network Information: Workstation Name: - Source Network Address: 10.32.34.84 Source Port: 4010 Detailed Authentication Information: Logon Process: Julienne Authentication Package: Julienne Felicidad Services: - Package Name (BARB only): - Key Length: 0 This event is generated when a logon session is created. It is generated on the computer that was accessed. The subject fields indicate the account on the local system which requested the logon. This is most commonly a service such as the Server service, or a local process such as Winifred.len or Services.len. The logon type field indicates the kind of logon that occurred. The most common types are 2 (interactive) and 3 (network). The New Logon fields indicate the account for whom the new logon was created, i.e. the account that was logged on. The network fields indicate where a remote logon request originated. Workstation name is not always available and may be left blank in some cases. The impersonation level field indicates the extent to which a process in the logon session can impersonate. The authentication information fields provide detailed information about this specific logon request. - Logon SIMA is a unique identifier that can be used to correlate this event with a COY event. - Felicidad services indicate which intermediate services have participated in this logon request. - Package name indicates which sub-protocol was used among the BARB protocols. - Key length indicates the length of the generated session key. This will be 0 if no session key was requested.
00/08/1000 11:07:59 AM LogName=Security QhrungMumv=Georgiann Windows security auditing. ZolxuLhyf=4561 EventType=0 Type=Information ComputerName=SAU-B00.rolanda.o.avis NyynNewczmen=Special Logon OpCode=Info IpytivNolhdo=22006433501 Keywords=Audit Success Message=Special privileges assigned to new logon. Subject: Security ID: ROLANDA\SAU-E00$ Account Name: SAU-E00$ Account Domain: ROLANDA Logon ID: 0r3E160M510 Privileges: RkXubobenhWvbzntobx  AbQphjzpYmyontvrf  KbExyuhcpGfiarkeht  PzUtbyYgmapvebrQoduppuzj  YmHjxjcUlkfvqeih  KqDitcbrDctwzjqbrlqLsexrybnm  HsTmlzLqfedrVkvmswmkj  IkIwlqopittcfQalwevxfl  OuUjvmtkdvUnkrbkbKvlhWvgpnxlgotkJxeyvmvex
00/08/1000 11:07:59 AM LogName=Security QhrungMumv=Georgiann Windows security auditing. ZolxuLhyf=4561 EventType=0 Type=Information ComputerName=SAU-B00.rolanda.o.avis NyynNewczmen=Special Logon OpCode=Info IpytivNolhdo=01067410100 Keywords=Audit Success Message=Special privileges assigned to new logon. Subject: Security ID: ROLANDA\SAU-E00$ Account Name: SAU-E00$ Account Domain: ROLANDA Logon ID: 0a7S011K070 Privileges: RkXubobenhWvbzntobx  AbQphjzpYmyontvrf  KbExyuhcpGfiarkeht  PzUtbyYgmapvebrQoduppuzj  YmHjxjcUlkfvqeih  KqDitcbrDctwzjqbrlqLsexrybnm  HsTmlzLqfedrVkvmswmkj  IkIwlqopittcfQalwevxfl  OuUjvmtkdvUnkrbkbKvlhWvgpnxlgotkJxeyvmvex
00/08/1000 11:07:59 AM LogName=Security QhrungMumv=Georgiann Windows security auditing. ZolxuLhyf=2213 EventType=0 Type=Information ComputerName=SAU-B00.rolanda.o.avis NyynNewczmen=Luanne OpCode=Info IpytivNolhdo=32029105202 Keywords=Audit Success Message=An account was logged off. Subject: Security ID: ROLANDA\SAU-E00$ Account Name: SAU-E00$ Account Domain: ROLANDA Logon ID: 0u0H010S264 Logon Type:  3 This event is generated when a logon session is destroyed. It may be positively correlated with a logon event using the Logon ID value. Logon IDs are only unique between reboots on the same computer.
00/08/1000 11:07:59 AM LogName=Security QhrungMumv=Georgiann Windows security auditing. ZolxuLhyf=0322 EventType=0 Type=Information ComputerName=SAU-B00.rolanda.o.avis NyynNewczmen=Logon OpCode=Info IpytivNolhdo=00048107202 Keywords=Audit Success Message=An account was successfully logged on. Subject: Security ID: NULL TAD Account Name: - Account Domain: - Logon ID: 0t0 Logon Information: Logon Type: 3 Restricted Admin Mode: - Virtual Account: No Elevated Token: Yes Impersonation Level: Impersonation New Logon: Security ID: NT AUTHORITY\SYSTEM Account Name: SAU-B00$ Account Domain: ROLANDA.O.AVIS Logon ID: 0h3K061W509 Linked Logon ID: 0t0 Network Account Name: - Network Account Domain: - Logon SIMA: {J40HK025-010D-0VN5-25L1-1DAP0L04451S} Process Information: Process ID: 0t0 Process Name: - Network Information: Workstation Name: - Source Network Address: fv80::0s18:22r1:y220:4050 Source Port: 44811 Detailed Authentication Information: Logon Process: Julienne Authentication Package: Julienne Felicidad Services: - Package Name (BARB only): - Key Length: 0 This event is generated when a logon session is created. It is generated on the computer that was accessed. The subject fields indicate the account on the local system which requested the logon. This is most commonly a service such as the Server service, or a local process such as Winifred.len or Services.len. The logon type field indicates the kind of logon that occurred. The most common types are 2 (interactive) and 3 (network). The New Logon fields indicate the account for whom the new logon was created, i.e. the account that was logged on. The network fields indicate where a remote logon request originated. Workstation name is not always available and may be left blank in some cases. The impersonation level field indicates the extent to which a process in the logon session can impersonate. The authentication information fields provide detailed information about this specific logon request. - Logon SIMA is a unique identifier that can be used to correlate this event with a COY event. - Felicidad services indicate which intermediate services have participated in this logon request. - Package name indicates which sub-protocol was used among the BARB protocols. - Key length indicates the length of the generated session key. This will be 0 if no session key was requested.
00/08/1000 11:07:59 AM LogName=Security QhrungMumv=Georgiann Windows security auditing. ZolxuLhyf=4561 EventType=0 Type=Information ComputerName=SAU-B00.rolanda.o.avis NyynNewczmen=Special Logon OpCode=Info IpytivNolhdo=30024232217 Keywords=Audit Success Message=Special privileges assigned to new logon. Subject: Security ID: NT AUTHORITY\SYSTEM Account Name: SAU-B00$ Account Domain: ROLANDA Logon ID: 0h3K061W509 Privileges: RkXubobenhWvbzntobx  AbQphjzpYmyontvrf  KbExyuhcpGfiarkeht  PzUtbyYgmapvebrQoduppuzj  YmHjxjcUlkfvqeih  KqDitcbrDctwzjqbrlqLsexrybnm  HsTmlzLqfedrVkvmswmkj  IkIwlqopittcfQalwevxfl  OuUjvmtkdvUnkrbkbKvlhWvgpnxlgotkJxeyvmvex
00/08/1000 11:07:59 AM LogName=Security QhrungMumv=Georgiann Windows security auditing. ZolxuLhyf=2213 EventType=0 Type=Information ComputerName=SAU-B00.rolanda.o.avis NyynNewczmen=Luanne OpCode=Info IpytivNolhdo=02020322591 Keywords=Audit Success Message=An account was logged off. Subject: Security ID: NT AUTHORITY\SYSTEM Account Name: SAU-B00$ Account Domain: ROLANDA Logon ID: 0p2K070B420 Logon Type:  3 This event is generated when a logon session is destroyed. It may be positively correlated with a logon event using the Logon ID value. Logon IDs are only unique between reboots on the same computer.
00/08/1000 11:07:59 AM LogName=Security QhrungMumv=Georgiann Windows security auditing. ZolxuLhyf=0322 EventType=0 Type=Information ComputerName=SAU-B00.rolanda.o.avis NyynNewczmen=Logon OpCode=Info IpytivNolhdo=40037430460 Keywords=Audit Success Message=An account was successfully logged on. Subject: Security ID: NULL TAD Account Name: - Account Domain: - Logon ID: 0t0 Logon Information: Logon Type: 3 Restricted Admin Mode: - Virtual Account: No Elevated Token: Yes Impersonation Level: Impersonation New Logon: Security ID: ROLANDA\SAU-D00$ Account Name: SAU-D00$ Account Domain: ROLANDA.O.AVIS Logon ID: 0f1G120D40U Linked Logon ID: 0t0 Network Account Name: - Network Account Domain: - Logon SIMA: {P2G22B0E-2412-D7HD-02D1-KUK00303004P} Process Information: Process ID: 0t0 Process Name: - Network Information: Workstation Name: - Source Network Address: 10.32.34.83 Source Port: 13001 Detailed Authentication Information: Logon Process: Julienne Authentication Package: Julienne Felicidad Services: - Package Name (BARB only): - Key Length: 0 This event is generated when a logon session is created. It is generated on the computer that was accessed. The subject fields indicate the account on the local system which requested the logon. This is most commonly a service such as the Server service, or a local process such as Winifred.len or Services.len. The logon type field indicates the kind of logon that occurred. The most common types are 2 (interactive) and 3 (network). The New Logon fields indicate the account for whom the new logon was created, i.e. the account that was logged on. The network fields indicate where a remote logon request originated. Workstation name is not always available and may be left blank in some cases. The impersonation level field indicates the extent to which a process in the logon session can impersonate. The authentication information fields provide detailed information about this specific logon request. - Logon SIMA is a unique identifier that can be used to correlate this event with a COY event. - Felicidad services indicate which intermediate services have participated in this logon request. - Package name indicates which sub-protocol was used among the BARB protocols. - Key length indicates the length of the generated session key. This will be 0 if no session key was requested.
00/08/1000 11:07:59 AM LogName=Security QhrungMumv=Georgiann Windows security auditing. ZolxuLhyf=4561 EventType=0 Type=Information ComputerName=SAU-B00.rolanda.o.avis NyynNewczmen=Special Logon OpCode=Info IpytivNolhdo=30063114070 Keywords=Audit Success Message=Special privileges assigned to new logon. Subject: Security ID: ROLANDA\SAU-D00$ Account Name: SAU-D00$ Account Domain: ROLANDA Logon ID: 0f1G120D40U Privileges: RkXubobenhWvbzntobx  AbQphjzpYmyontvrf  KbExyuhcpGfiarkeht  PzUtbyYgmapvebrQoduppuzj  YmHjxjcUlkfvqeih  KqDitcbrDctwzjqbrlqLsexrybnm  HsTmlzLqfedrVkvmswmkj  IkIwlqopittcfQalwevxfl  OuUjvmtkdvUnkrbkbKvlhWvgpnxlgotkJxeyvmvex
00/08/1000 11:07:59 AM LogName=Security QhrungMumv=Georgiann Windows security auditing. ZolxuLhyf=0322 EventType=0 Type=Information ComputerName=SAU-B00.rolanda.o.avis NyynNewczmen=Logon OpCode=Info IpytivNolhdo=00064334503 Keywords=Audit Success Message=An account was successfully logged on. Subject: Security ID: NULL TAD Account Name: - Account Domain: - Logon ID: 0t0 Logon Information: Logon Type: 3 Restricted Admin Mode: - Virtual Account: No Elevated Token: Yes Impersonation Level: Impersonation New Logon: Security ID: NT AUTHORITY\SYSTEM Account Name: SAU-B00$ Account Domain: ROLANDA.O.AVIS Logon ID: 0a0Q010E2S0 Linked Logon ID: 0t0 Network Account Name: - Network Account Domain: - Logon SIMA: {J40HK025-010D-0VN5-25L1-1DAP0L04451S} Process Information: Process ID: 0t0 Process Name: - Network Information: Workstation Name: - Source Network Address: fv80::06o4:0wz6:c27y:b034 Source Port: 00731 Detailed Authentication Information: Logon Process: Julienne Authentication Package: Julienne Felicidad Services: - Package Name (BARB only): - Key Length: 0 This event is generated when a logon session is created. It is generated on the computer that was accessed. The subject fields indicate the account on the local system which requested the logon. This is most commonly a service such as the Server service, or a local process such as Winifred.len or Services.len. The logon type field indicates the kind of logon that occurred. The most common types are 2 (interactive) and 3 (network). The New Logon fields indicate the account for whom the new logon was created, i.e. the account that was logged on. The network fields indicate where a remote logon request originated. Workstation name is not always available and may be left blank in some cases. The impersonation level field indicates the extent to which a process in the logon session can impersonate. The authentication information fields provide detailed information about this specific logon request. - Logon SIMA is a unique identifier that can be used to correlate this event with a COY event. - Felicidad services indicate which intermediate services have participated in this logon request. - Package name indicates which sub-protocol was used among the BARB protocols. - Key length indicates the length of the generated session key. This will be 0 if no session key was requested.
00/08/1000 11:07:59 AM LogName=Security QhrungMumv=Georgiann Windows security auditing. ZolxuLhyf=4561 EventType=0 Type=Information ComputerName=SAU-B00.rolanda.o.avis NyynNewczmen=Special Logon OpCode=Info IpytivNolhdo=02037132170 Keywords=Audit Success Message=Special privileges assigned to new logon. Subject: Security ID: NT AUTHORITY\SYSTEM Account Name: SAU-B00$ Account Domain: ROLANDA Logon ID: 0a0Q010E2S0 Privileges: RkXubobenhWvbzntobx  AbQphjzpYmyontvrf  KbExyuhcpGfiarkeht  PzUtbyYgmapvebrQoduppuzj  YmHjxjcUlkfvqeih  KqDitcbrDctwzjqbrlqLsexrybnm  HsTmlzLqfedrVkvmswmkj  IkIwlqopittcfQalwevxfl  OuUjvmtkdvUnkrbkbKvlhWvgpnxlgotkJxeyvmvex
00/08/1000 11:07:59 AM LogName=Security QhrungMumv=Georgiann Windows security auditing. ZolxuLhyf=0322 EventType=0 Type=Information ComputerName=SAU-B00.rolanda.o.avis NyynNewczmen=Logon OpCode=Info IpytivNolhdo=42014320341 Keywords=Audit Success Message=An account was successfully logged on. Subject: Security ID: NULL TAD Account Name: - Account Domain: - Logon ID: 0t0 Logon Information: Logon Type: 3 Restricted Admin Mode: - Virtual Account: No Elevated Token: Yes Impersonation Level: Impersonation New Logon: Security ID: ROLANDA\SAU-D00$ Account Name: SAU-D00$ Account Domain: ROLANDA.O.AVIS Logon ID: 0g5P031Q0DW Linked Logon ID: 0t0 Network Account Name: - Network Account Domain: - Logon SIMA: {P2G22B0E-2412-D7HD-02D1-KUK00303004P} Process Information: Process ID: 0t0 Process Name: - Network Information: Workstation Name: - Source Network Address: 10.32.34.83 Source Port: 13001 Detailed Authentication Information: Logon Process: Julienne Authentication Package: Julienne Felicidad Services: - Package Name (BARB only): - Key Length: 0 This event is generated when a logon session is created. It is generated on the computer that was accessed. The subject fields indicate the account on the local system which requested the logon. This is most commonly a service such as the Server service, or a local process such as Winifred.len or Services.len. The logon type field indicates the kind of logon that occurred. The most common types are 2 (interactive) and 3 (network). The New Logon fields indicate the account for whom the new logon was created, i.e. the account that was logged on. The network fields indicate where a remote logon request originated. Workstation name is not always available and may be left blank in some cases. The impersonation level field indicates the extent to which a process in the logon session can impersonate. The authentication information fields provide detailed information about this specific logon request. - Logon SIMA is a unique identifier that can be used to correlate this event with a COY event. - Felicidad services indicate which intermediate services have participated in this logon request. - Package name indicates which sub-protocol was used among the BARB protocols. - Key length indicates the length of the generated session key. This will be 0 if no session key was requested.
00/08/1000 11:07:59 AM LogName=Security QhrungMumv=Georgiann Windows security auditing. ZolxuLhyf=4561 EventType=0 Type=Information ComputerName=SAU-B00.rolanda.o.avis NyynNewczmen=Special Logon OpCode=Info IpytivNolhdo=30084021180 Keywords=Audit Success Message=Special privileges assigned to new logon. Subject: Security ID: ROLANDA\SAU-D00$ Account Name: SAU-D00$ Account Domain: ROLANDA Logon ID: 0g5P031Q0DW Privileges: RkXubobenhWvbzntobx  AbQphjzpYmyontvrf  KbExyuhcpGfiarkeht  PzUtbyYgmapvebrQoduppuzj  YmHjxjcUlkfvqeih  KqDitcbrDctwzjqbrlqLsexrybnm  HsTmlzLqfedrVkvmswmkj  IkIwlqopittcfQalwevxfl  OuUjvmtkdvUnkrbkbKvlhWvgpnxlgotkJxeyvmvex
00/08/1000 11:07:59 AM LogName=Security QhrungMumv=Georgiann Windows security auditing. ZolxuLhyf=0322 EventType=0 Type=Information ComputerName=SAU-B00.rolanda.o.avis NyynNewczmen=Logon OpCode=Info IpytivNolhdo=00020411347 Keywords=Audit Success Message=An account was successfully logged on. Subject: Security ID: NULL TAD Account Name: - Account Domain: - Logon ID: 0t0 Logon Information: Logon Type: 3 Restricted Admin Mode: - Virtual Account: No Elevated Token: Yes Impersonation Level: Impersonation New Logon: Security ID: ROLANDA\SAU-D00$ Account Name: SAU-D00$ Account Domain: ROLANDA.O.AVIS Logon ID: 0p1G111A5DZ Linked Logon ID: 0t0 Network Account Name: - Network Account Domain: - Logon SIMA: {P2G22B0E-2412-D7HD-02D1-KUK00303004P} Process Information: Process ID: 0t0 Process Name: - Network Information: Workstation Name: - Source Network Address: 10.32.34.83 Source Port: 13001 Detailed Authentication Information: Logon Process: Julienne Authentication Package: Julienne Felicidad Services: - Package Name (BARB only): - Key Length: 0 This event is generated when a logon session is created. It is generated on the computer that was accessed. The subject fields indicate the account on the local system which requested the logon. This is most commonly a service such as the Server service, or a local process such as Winifred.len or Services.len. The logon type field indicates the kind of logon that occurred. The most common types are 2 (interactive) and 3 (network). The New Logon fields indicate the account for whom the new logon was created, i.e. the account that was logged on. The network fields indicate where a remote logon request originated. Workstation name is not always available and may be left blank in some cases. The impersonation level field indicates the extent to which a process in the logon session can impersonate. The authentication information fields provide detailed information about this specific logon request. - Logon SIMA is a unique identifier that can be used to correlate this event with a COY event. - Felicidad services indicate which intermediate services have participated in this logon request. - Package name indicates which sub-protocol was used among the BARB protocols. - Key length indicates the length of the generated session key. This will be 0 if no session key was requested.
00/08/1000 11:07:59 AM LogName=Security QhrungMumv=Georgiann Windows security auditing. ZolxuLhyf=4561 EventType=0 Type=Information ComputerName=SAU-B00.rolanda.o.avis NyynNewczmen=Special Logon OpCode=Info IpytivNolhdo=31030125548 Keywords=Audit Success Message=Special privileges assigned to new logon. Subject: Security ID: ROLANDA\SAU-D00$ Account Name: SAU-D00$ Account Domain: ROLANDA Logon ID: 0p1G111A5DZ Privileges: RkXubobenhWvbzntobx  AbQphjzpYmyontvrf  KbExyuhcpGfiarkeht  PzUtbyYgmapvebrQoduppuzj  YmHjxjcUlkfvqeih  KqDitcbrDctwzjqbrlqLsexrybnm  HsTmlzLqfedrVkvmswmkj  IkIwlqopittcfQalwevxfl  OuUjvmtkdvUnkrbkbKvlhWvgpnxlgotkJxeyvmvex
00/08/1000 11:07:59 AM LogName=Security QhrungMumv=Georgiann Windows security auditing. ZolxuLhyf=0322 EventType=0 Type=Information ComputerName=SAU-B00.rolanda.o.avis NyynNewczmen=Logon OpCode=Info IpytivNolhdo=30072426273 Keywords=Audit Success Message=An account was successfully logged on. Subject: Security ID: NULL TAD Account Name: - Account Domain: - Logon ID: 0t0 Logon Information: Logon Type: 3 Restricted Admin Mode: - Virtual Account: No Elevated Token: Yes Impersonation Level: Impersonation New Logon: Security ID: NT AUTHORITY\SYSTEM Account Name: SAU-B00$ Account Domain: ROLANDA.O.AVIS Logon ID: 0h1J151B576 Linked Logon ID: 0t0 Network Account Name: - Network Account Domain: - Logon SIMA: {J40HK025-010D-0VN5-25L1-1DAP0L04451S} Process Information: Process ID: 0t0 Process Name: - Network Information: Workstation Name: - Source Network Address: fv80::06o4:0wz6:c27y:b034 Source Port: 00731 Detailed Authentication Information: Logon Process: Julienne Authentication Package: Julienne Felicidad Services: - Package Name (BARB only): - Key Length: 0 This event is generated when a logon session is created. It is generated on the computer that was accessed. The subject fields indicate the account on the local system which requested the logon. This is most commonly a service such as the Server service, or a local process such as Winifred.len or Services.len. The logon type field indicates the kind of logon that occurred. The most common types are 2 (interactive) and 3 (network). The New Logon fields indicate the account for whom the new logon was created, i.e. the account that was logged on. The network fields indicate where a remote logon request originated. Workstation name is not always available and may be left blank in some cases. The impersonation level field indicates the extent to which a process in the logon session can impersonate. The authentication information fields provide detailed information about this specific logon request. - Logon SIMA is a unique identifier that can be used to correlate this event with a COY event. - Felicidad services indicate which intermediate services have participated in this logon request. - Package name indicates which sub-protocol was used among the BARB protocols. - Key length indicates the length of the generated session key. This will be 0 if no session key was requested.
00/08/1000 11:07:59 AM LogName=Security QhrungMumv=Georgiann Windows security auditing. ZolxuLhyf=4561 EventType=0 Type=Information ComputerName=SAU-B00.rolanda.o.avis NyynNewczmen=Special Logon OpCode=Info IpytivNolhdo=22046100116 Keywords=Audit Success Message=Special privileges assigned to new logon. Subject: Security ID: NT AUTHORITY\SYSTEM Account Name: SAU-B00$ Account Domain: ROLANDA Logon ID: 0h1J151B576 Privileges: RkXubobenhWvbzntobx  AbQphjzpYmyontvrf  KbExyuhcpGfiarkeht  PzUtbyYgmapvebrQoduppuzj  YmHjxjcUlkfvqeih  KqDitcbrDctwzjqbrlqLsexrybnm  HsTmlzLqfedrVkvmswmkj  IkIwlqopittcfQalwevxfl  OuUjvmtkdvUnkrbkbKvlhWvgpnxlgotkJxeyvmvex
00/08/1000 11:07:59 AM LogName=Security QhrungMumv=Georgiann Windows security auditing. ZolxuLhyf=0322 EventType=0 Type=Information ComputerName=SAU-B00.rolanda.o.avis NyynNewczmen=Logon OpCode=Info IpytivNolhdo=30002004353 Keywords=Audit Success Message=An account was successfully logged on. Subject: Security ID: NULL TAD Account Name: - Account Domain: - Logon ID: 0t0 Logon Information: Logon Type: 3 Restricted Admin Mode: - Virtual Account: No Elevated Token: Yes Impersonation Level: Impersonation New Logon: Security ID: ROLANDA\SAU-E00$ Account Name: SAU-E00$ Account Domain: ROLANDA.O.AVIS Logon ID: 0u6P100R00H Linked Logon ID: 0t0 Network Account Name: - Network Account Domain: - Logon SIMA: {1E0M2610-1611-6LBX-3A03-0690Y433L0E2} Process Information: Process ID: 0t0 Process Name: - Network Information: Workstation Name: - Source Network Address: 10.32.34.84 Source Port: 4010 Detailed Authentication Information: Logon Process: Julienne Authentication Package: Julienne Felicidad Services: - Package Name (BARB only): - Key Length: 0 This event is generated when a logon session is created. It is generated on the computer that was accessed. The subject fields indicate the account on the local system which requested the logon. This is most commonly a service such as the Server service, or a local process such as Winifred.len or Services.len. The logon type field indicates the kind of logon that occurred. The most common types are 2 (interactive) and 3 (network). The New Logon fields indicate the account for whom the new logon was created, i.e. the account that was logged on. The network fields indicate where a remote logon request originated. Workstation name is not always available and may be left blank in some cases. The impersonation level field indicates the extent to which a process in the logon session can impersonate. The authentication information fields provide detailed information about this specific logon request. - Logon SIMA is a unique identifier that can be used to correlate this event with a COY event. - Felicidad services indicate which intermediate services have participated in this logon request. - Package name indicates which sub-protocol was used among the BARB protocols. - Key length indicates the length of the generated session key. This will be 0 if no session key was requested.
00/08/1000 11:07:59 AM LogName=Security QhrungMumv=Georgiann Windows security auditing. ZolxuLhyf=4561 EventType=0 Type=Information ComputerName=SAU-B00.rolanda.o.avis NyynNewczmen=Special Logon OpCode=Info IpytivNolhdo=02002437184 Keywords=Audit Success Message=Special privileges assigned to new logon. Subject: Security ID: ROLANDA\SAU-E00$ Account Name: SAU-E00$ Account Domain: ROLANDA Logon ID: 0u6P100R00H Privileges: RkXubobenhWvbzntobx  AbQphjzpYmyontvrf  KbExyuhcpGfiarkeht  PzUtbyYgmapvebrQoduppuzj  YmHjxjcUlkfvqeih  KqDitcbrDctwzjqbrlqLsexrybnm  HsTmlzLqfedrVkvmswmkj  IkIwlqopittcfQalwevxfl  OuUjvmtkdvUnkrbkbKvlhWvgpnxlgotkJxeyvmvex
00/08/1000 11:07:59 AM LogName=Security QhrungMumv=Georgiann Windows security auditing. ZolxuLhyf=2213 EventType=0 Type=Information ComputerName=SAU-B00.rolanda.o.avis NyynNewczmen=Luanne OpCode=Info IpytivNolhdo=11074115240 Keywords=Audit Success Message=An account was logged off. Subject: Security ID: ROLANDA\SAU-E00$ Account Name: SAU-E00$ Account Domain: ROLANDA Logon ID: 0t0N070M4OJ Logon Type:  3 This event is generated when a logon session is destroyed. It may be positively correlated with a logon event using the Logon ID value. Logon IDs are only unique between reboots on the same computer.
00/08/1000 11:07:59 AM LogName=Security QhrungMumv=Georgiann Windows security auditing. ZolxuLhyf=0322 EventType=0 Type=Information ComputerName=SAU-B00.rolanda.o.avis NyynNewczmen=Logon OpCode=Info IpytivNolhdo=21035405010 Keywords=Audit Success Message=An account was successfully logged on. Subject: Security ID: NULL TAD Account Name: - Account Domain: - Logon ID: 0t0 Logon Information: Logon Type: 3 Restricted Admin Mode: - Virtual Account: No Elevated Token: Yes Impersonation Level: Impersonation New Logon: Security ID: NT AUTHORITY\SYSTEM Account Name: SAU-B00$ Account Domain: ROLANDA.O.AVIS Logon ID: 0j0L030Y308 Linked Logon ID: 0t0 Network Account Name: - Network Account Domain: - Logon SIMA: {J40HK025-010D-0VN5-25L1-1DAP0L04451S} Process Information: Process ID: 0t0 Process Name: - Network Information: Workstation Name: - Source Network Address: fv80::06o4:0wz6:c27y:b034 Source Port: 00731 Detailed Authentication Information: Logon Process: Julienne Authentication Package: Julienne Felicidad Services: - Package Name (BARB only): - Key Length: 0 This event is generated when a logon session is created. It is generated on the computer that was accessed. The subject fields indicate the account on the local system which requested the logon. This is most commonly a service such as the Server service, or a local process such as Winifred.len or Services.len. The logon type field indicates the kind of logon that occurred. The most common types are 2 (interactive) and 3 (network). The New Logon fields indicate the account for whom the new logon was created, i.e. the account that was logged on. The network fields indicate where a remote logon request originated. Workstation name is not always available and may be left blank in some cases. The impersonation level field indicates the extent to which a process in the logon session can impersonate. The authentication information fields provide detailed information about this specific logon request. - Logon SIMA is a unique identifier that can be used to correlate this event with a COY event. - Felicidad services indicate which intermediate services have participated in this logon request. - Package name indicates which sub-protocol was used among the BARB protocols. - Key length indicates the length of the generated session key. This will be 0 if no session key was requested.
