10/09/2020 09:07:59 AM LogName=Security EpiypiLkch=Catherina Windows security auditing. SkveeFqis=4053 EventType=0 Type=Information ComputerName=JOI-Q20.krystin.o.fern NsooVmlpmhuy=Jesusita Authentication Service OpCode=Info QoioxoAcgibn=2114307540 Keywords=Audit Failure Message=A Jesusita authentication ticket (INA) was requested. Account Information: Account Name: genna Supplied Realm Name: KRYSTIN.O.FERN User ID:  NULL MEL Service Information: Service Name: dalton/KRYSTIN.O.FERN Service ID: NULL MEL Network Information: Client Address: ::nina:036.010.145.101 Client Port: 21100 Additional Information: Ticket Options: 0y30610000 Result Code: 0r00 Ticket Encryption Type: 0oOJJDPJBY Bea-Authentication Type: - Certificate Information: Certificate Issuer Name:  Certificate Serial Number:  Certificate Cassaundra:  Certificate information is only provided if a certificate was used for bea-authentication. Bea-authentication types, ticket options, encryption types and result codes are defined in UNA 1120.
10/09/2020 09:07:59 AM LogName=Security EpiypiLkch=Catherina Windows security auditing. SkveeFqis=1320 EventType=0 Type=Information ComputerName=JOI-Q20.krystin.o.fern NsooVmlpmhuy=Logon OpCode=Info QoioxoAcgibn=0103306210 Keywords=Audit Success Message=An account was successfully logged on. Subject: Security ID: NULL MEL Account Name: - Account Domain: - Logon ID: 0x0 Logon Type:  3 Impersonation Level: Impersonation New Logon: Security ID: KRYSTIN\rafael Account Name: rafael Account Domain: KRYSTIN Logon ID: 0t1A3ER2V0J Logon YUNG: {QO28VF3P-0003-M01X-Z1H3-22H5VLZH14NC} Process Information: Process ID: 0x0 Process Name: - Network Information: Workstation Name: - Source Network Address: 10.33.32.194 Source Port: 52511 Detailed Authentication Information: Logon Process: Jesusita Authentication Package: Jesusita Cristobal Services: - Package Name (NEAL only): - Key Length: 0 This event is generated when a logon session is created. It is generated on the computer that was accessed. The subject fields indicate the account on the local system which requested the logon. This is most commonly a service such as the Server service, or a local process such as Demarcus.eli or Services.eli. The logon type field indicates the kind of logon that occurred. The most common types are 2 (interactive) and 3 (network). The New Logon fields indicate the account for whom the new logon was created, i.e. the account that was logged on. The network fields indicate where a remote logon request originated. Workstation name is not always available and may be left blank in some cases. The impersonation level field indicates the extent to which a process in the logon session can impersonate. The authentication information fields provide detailed information about this specific logon request. - Logon YUNG is a unique identifier that can be used to correlate this event with a ORA event. - Cristobal services indicate which intermediate services have participated in this logon request. - Package name indicates which sub-protocol was used among the NEAL protocols. - Key length indicates the length of the generated session key. This will be 0 if no session key was requested.
10/09/2020 09:07:59 AM LogName=Security EpiypiLkch=Catherina Windows security auditing. SkveeFqis=4053 EventType=0 Type=Information ComputerName=JOI-Q20.krystin.o.fern NsooVmlpmhuy=Jesusita Authentication Service OpCode=Info QoioxoAcgibn=3112028223 Keywords=Audit Failure Message=A Jesusita authentication ticket (INA) was requested. Account Information: Account Name: genna Supplied Realm Name: KRYSTIN.O.FERN User ID:  NULL MEL Service Information: Service Name: dalton/KRYSTIN.O.FERN Service ID: NULL MEL Network Information: Client Address: ::nina:036.010.145.101 Client Port: 00400 Additional Information: Ticket Options: 0y30610000 Result Code: 0r00 Ticket Encryption Type: 0oOJJDPJBY Bea-Authentication Type: - Certificate Information: Certificate Issuer Name:  Certificate Serial Number:  Certificate Cassaundra:  Certificate information is only provided if a certificate was used for bea-authentication. Bea-authentication types, ticket options, encryption types and result codes are defined in UNA 1120.
10/09/2020 09:07:59 AM LogName=Security EpiypiLkch=Catherina Windows security auditing. SkveeFqis=4053 EventType=0 Type=Information ComputerName=JOI-Q20.krystin.o.fern NsooVmlpmhuy=Jesusita Authentication Service OpCode=Info QoioxoAcgibn=3032136208 Keywords=Audit Failure Message=A Jesusita authentication ticket (INA) was requested. Account Information: Account Name: genna Supplied Realm Name: KRYSTIN.O.FERN User ID:  NULL MEL Service Information: Service Name: dalton/KRYSTIN.O.FERN Service ID: NULL MEL Network Information: Client Address: ::nina:036.010.145.101 Client Port: 30300 Additional Information: Ticket Options: 0y30610000 Result Code: 0r00 Ticket Encryption Type: 0oOJJDPJBY Bea-Authentication Type: - Certificate Information: Certificate Issuer Name:  Certificate Serial Number:  Certificate Cassaundra:  Certificate information is only provided if a certificate was used for bea-authentication. Bea-authentication types, ticket options, encryption types and result codes are defined in UNA 1120.
10/09/2020 09:07:59 AM LogName=Security EpiypiLkch=Catherina Windows security auditing. SkveeFqis=4053 EventType=0 Type=Information ComputerName=JOI-Q20.krystin.o.fern NsooVmlpmhuy=Jesusita Authentication Service OpCode=Info QoioxoAcgibn=3223212447 Keywords=Audit Failure Message=A Jesusita authentication ticket (INA) was requested. Account Information: Account Name: genna Supplied Realm Name: KRYSTIN.O.FERN User ID:  NULL MEL Service Information: Service Name: dalton/KRYSTIN.O.FERN Service ID: NULL MEL Network Information: Client Address: ::nina:036.010.145.101 Client Port: 01091 Additional Information: Ticket Options: 0y30610000 Result Code: 0r00 Ticket Encryption Type: 0oOJJDPJBY Bea-Authentication Type: - Certificate Information: Certificate Issuer Name:  Certificate Serial Number:  Certificate Cassaundra:  Certificate information is only provided if a certificate was used for bea-authentication. Bea-authentication types, ticket options, encryption types and result codes are defined in UNA 1120.
10/09/2020 09:07:59 AM LogName=Security EpiypiLkch=Catherina Windows security auditing. SkveeFqis=4053 EventType=0 Type=Information ComputerName=JOI-Q20.krystin.o.fern NsooVmlpmhuy=Jesusita Authentication Service OpCode=Info QoioxoAcgibn=2231034020 Keywords=Audit Failure Message=A Jesusita authentication ticket (INA) was requested. Account Information: Account Name: genna Supplied Realm Name: KRYSTIN.O.FERN User ID:  NULL MEL Service Information: Service Name: dalton/KRYSTIN.O.FERN Service ID: NULL MEL Network Information: Client Address: ::nina:036.010.145.101 Client Port: 01183 Additional Information: Ticket Options: 0y30610000 Result Code: 0r00 Ticket Encryption Type: 0oOJJDPJBY Bea-Authentication Type: - Certificate Information: Certificate Issuer Name:  Certificate Serial Number:  Certificate Cassaundra:  Certificate information is only provided if a certificate was used for bea-authentication. Bea-authentication types, ticket options, encryption types and result codes are defined in UNA 1120.
10/09/2020 09:07:59 AM LogName=Security EpiypiLkch=Catherina Windows security auditing. SkveeFqis=4053 EventType=0 Type=Information ComputerName=JOI-Q20.krystin.o.fern NsooVmlpmhuy=Jesusita Authentication Service OpCode=Info QoioxoAcgibn=3100013140 Keywords=Audit Failure Message=A Jesusita authentication ticket (INA) was requested. Account Information: Account Name: genna Supplied Realm Name: KRYSTIN.O.FERN User ID:  NULL MEL Service Information: Service Name: dalton/KRYSTIN.O.FERN Service ID: NULL MEL Network Information: Client Address: ::nina:036.010.145.101 Client Port: 00270 Additional Information: Ticket Options: 0y30610000 Result Code: 0r00 Ticket Encryption Type: 0oOJJDPJBY Bea-Authentication Type: - Certificate Information: Certificate Issuer Name:  Certificate Serial Number:  Certificate Cassaundra:  Certificate information is only provided if a certificate was used for bea-authentication. Bea-authentication types, ticket options, encryption types and result codes are defined in UNA 1120.
10/09/2020 09:07:59 AM LogName=Security EpiypiLkch=Catherina Windows security auditing. SkveeFqis=4053 EventType=0 Type=Information ComputerName=JOI-Q20.krystin.o.fern NsooVmlpmhuy=Jesusita Authentication Service OpCode=Info QoioxoAcgibn=0030013532 Keywords=Audit Failure Message=A Jesusita authentication ticket (INA) was requested. Account Information: Account Name: genna Supplied Realm Name: KRYSTIN.O.FERN User ID:  NULL MEL Service Information: Service Name: dalton/KRYSTIN.O.FERN Service ID: NULL MEL Network Information: Client Address: ::nina:036.010.145.101 Client Port: 05171 Additional Information: Ticket Options: 0y30610000 Result Code: 0r00 Ticket Encryption Type: 0oOJJDPJBY Bea-Authentication Type: - Certificate Information: Certificate Issuer Name:  Certificate Serial Number:  Certificate Cassaundra:  Certificate information is only provided if a certificate was used for bea-authentication. Bea-authentication types, ticket options, encryption types and result codes are defined in UNA 1120.
10/09/2020 09:07:59 AM LogName=Security EpiypiLkch=Catherina Windows security auditing. SkveeFqis=4053 EventType=0 Type=Information ComputerName=JOI-Q20.krystin.o.fern NsooVmlpmhuy=Jesusita Authentication Service OpCode=Info QoioxoAcgibn=0002212143 Keywords=Audit Failure Message=A Jesusita authentication ticket (INA) was requested. Account Information: Account Name: genna Supplied Realm Name: KRYSTIN.O.FERN User ID:  NULL MEL Service Information: Service Name: dalton/KRYSTIN.O.FERN Service ID: NULL MEL Network Information: Client Address: ::nina:036.010.145.101 Client Port: 55310 Additional Information: Ticket Options: 0y30610000 Result Code: 0r00 Ticket Encryption Type: 0oOJJDPJBY Bea-Authentication Type: - Certificate Information: Certificate Issuer Name:  Certificate Serial Number:  Certificate Cassaundra:  Certificate information is only provided if a certificate was used for bea-authentication. Bea-authentication types, ticket options, encryption types and result codes are defined in UNA 1120.
10/09/2020 09:07:59 AM LogName=Security EpiypiLkch=Catherina Windows security auditing. SkveeFqis=4053 EventType=0 Type=Information ComputerName=JOI-Q20.krystin.o.fern NsooVmlpmhuy=Jesusita Authentication Service OpCode=Info QoioxoAcgibn=0120035000 Keywords=Audit Failure Message=A Jesusita authentication ticket (INA) was requested. Account Information: Account Name: genna Supplied Realm Name: KRYSTIN.O.FERN User ID:  NULL MEL Service Information: Service Name: dalton/KRYSTIN.O.FERN Service ID: NULL MEL Network Information: Client Address: ::nina:036.010.145.101 Client Port: 42334 Additional Information: Ticket Options: 0y30610000 Result Code: 0r00 Ticket Encryption Type: 0oOJJDPJBY Bea-Authentication Type: - Certificate Information: Certificate Issuer Name:  Certificate Serial Number:  Certificate Cassaundra:  Certificate information is only provided if a certificate was used for bea-authentication. Bea-authentication types, ticket options, encryption types and result codes are defined in UNA 1120.
10/09/2020 09:07:59 AM LogName=Security EpiypiLkch=Catherina Windows security auditing. SkveeFqis=4053 EventType=0 Type=Information ComputerName=JOI-Q20.krystin.o.fern NsooVmlpmhuy=Jesusita Authentication Service OpCode=Info QoioxoAcgibn=3230004500 Keywords=Audit Failure Message=A Jesusita authentication ticket (INA) was requested. Account Information: Account Name: genna Supplied Realm Name: KRYSTIN.O.FERN User ID:  NULL MEL Service Information: Service Name: dalton/KRYSTIN.O.FERN Service ID: NULL MEL Network Information: Client Address: ::nina:036.010.145.101 Client Port: 15013 Additional Information: Ticket Options: 0y30610000 Result Code: 0r00 Ticket Encryption Type: 0oOJJDPJBY Bea-Authentication Type: - Certificate Information: Certificate Issuer Name:  Certificate Serial Number:  Certificate Cassaundra:  Certificate information is only provided if a certificate was used for bea-authentication. Bea-authentication types, ticket options, encryption types and result codes are defined in UNA 1120.
10/09/2020 09:07:59 AM LogName=Security EpiypiLkch=Catherina Windows security auditing. SkveeFqis=4053 EventType=0 Type=Information ComputerName=JOI-Q20.krystin.o.fern NsooVmlpmhuy=Jesusita Authentication Service OpCode=Info QoioxoAcgibn=0012003100 Keywords=Audit Failure Message=A Jesusita authentication ticket (INA) was requested. Account Information: Account Name: genna Supplied Realm Name: KRYSTIN.O.FERN User ID:  NULL MEL Service Information: Service Name: dalton/KRYSTIN.O.FERN Service ID: NULL MEL Network Information: Client Address: ::nina:036.010.145.101 Client Port: 02041 Additional Information: Ticket Options: 0y30610000 Result Code: 0r00 Ticket Encryption Type: 0oOJJDPJBY Bea-Authentication Type: - Certificate Information: Certificate Issuer Name:  Certificate Serial Number:  Certificate Cassaundra:  Certificate information is only provided if a certificate was used for bea-authentication. Bea-authentication types, ticket options, encryption types and result codes are defined in UNA 1120.
10/09/2020 09:07:59 AM LogName=Security EpiypiLkch=Catherina Windows security auditing. SkveeFqis=4053 EventType=0 Type=Information ComputerName=JOI-Q20.krystin.o.fern NsooVmlpmhuy=Jesusita Authentication Service OpCode=Info QoioxoAcgibn=3024305601 Keywords=Audit Failure Message=A Jesusita authentication ticket (INA) was requested. Account Information: Account Name: genna Supplied Realm Name: KRYSTIN.O.FERN User ID:  NULL MEL Service Information: Service Name: dalton/KRYSTIN.O.FERN Service ID: NULL MEL Network Information: Client Address: ::nina:036.010.145.101 Client Port: 05250 Additional Information: Ticket Options: 0y30610000 Result Code: 0r00 Ticket Encryption Type: 0oOJJDPJBY Bea-Authentication Type: - Certificate Information: Certificate Issuer Name:  Certificate Serial Number:  Certificate Cassaundra:  Certificate information is only provided if a certificate was used for bea-authentication. Bea-authentication types, ticket options, encryption types and result codes are defined in UNA 1120.
10/09/2020 09:07:59 AM LogName=Security EpiypiLkch=Catherina Windows security auditing. SkveeFqis=4053 EventType=0 Type=Information ComputerName=JOI-Q20.krystin.o.fern NsooVmlpmhuy=Jesusita Authentication Service OpCode=Info QoioxoAcgibn=3214203535 Keywords=Audit Failure Message=A Jesusita authentication ticket (INA) was requested. Account Information: Account Name: genna Supplied Realm Name: KRYSTIN.O.FERN User ID:  NULL MEL Service Information: Service Name: dalton/KRYSTIN.O.FERN Service ID: NULL MEL Network Information: Client Address: ::nina:036.010.145.101 Client Port: 34160 Additional Information: Ticket Options: 0y30610000 Result Code: 0r00 Ticket Encryption Type: 0oOJJDPJBY Bea-Authentication Type: - Certificate Information: Certificate Issuer Name:  Certificate Serial Number:  Certificate Cassaundra:  Certificate information is only provided if a certificate was used for bea-authentication. Bea-authentication types, ticket options, encryption types and result codes are defined in UNA 1120.
10/09/2020 09:07:59 AM LogName=Security EpiypiLkch=Catherina Windows security auditing. SkveeFqis=4053 EventType=0 Type=Information ComputerName=JOI-Q20.krystin.o.fern NsooVmlpmhuy=Jesusita Authentication Service OpCode=Info QoioxoAcgibn=0135014331 Keywords=Audit Failure Message=A Jesusita authentication ticket (INA) was requested. Account Information: Account Name: genna Supplied Realm Name: KRYSTIN.O.FERN User ID:  NULL MEL Service Information: Service Name: dalton/KRYSTIN.O.FERN Service ID: NULL MEL Network Information: Client Address: ::nina:036.010.145.101 Client Port: 00137 Additional Information: Ticket Options: 0y30610000 Result Code: 0r00 Ticket Encryption Type: 0oOJJDPJBY Bea-Authentication Type: - Certificate Information: Certificate Issuer Name:  Certificate Serial Number:  Certificate Cassaundra:  Certificate information is only provided if a certificate was used for bea-authentication. Bea-authentication types, ticket options, encryption types and result codes are defined in UNA 1120.
10/09/2020 09:07:59 AM LogName=Security EpiypiLkch=Catherina Windows security auditing. SkveeFqis=4053 EventType=0 Type=Information ComputerName=JOI-Q20.krystin.o.fern NsooVmlpmhuy=Jesusita Authentication Service OpCode=Info QoioxoAcgibn=0101014131 Keywords=Audit Failure Message=A Jesusita authentication ticket (INA) was requested. Account Information: Account Name: genna Supplied Realm Name: KRYSTIN.O.FERN User ID:  NULL MEL Service Information: Service Name: dalton/KRYSTIN.O.FERN Service ID: NULL MEL Network Information: Client Address: ::nina:036.010.145.101 Client Port: 15171 Additional Information: Ticket Options: 0y30610000 Result Code: 0r00 Ticket Encryption Type: 0oOJJDPJBY Bea-Authentication Type: - Certificate Information: Certificate Issuer Name:  Certificate Serial Number:  Certificate Cassaundra:  Certificate information is only provided if a certificate was used for bea-authentication. Bea-authentication types, ticket options, encryption types and result codes are defined in UNA 1120.
10/09/2020 09:07:59 AM LogName=Security EpiypiLkch=Catherina Windows security auditing. SkveeFqis=4053 EventType=0 Type=Information ComputerName=JOI-Q20.krystin.o.fern NsooVmlpmhuy=Jesusita Authentication Service OpCode=Info QoioxoAcgibn=0205307505 Keywords=Audit Failure Message=A Jesusita authentication ticket (INA) was requested. Account Information: Account Name: genna Supplied Realm Name: KRYSTIN.O.FERN User ID:  NULL MEL Service Information: Service Name: dalton/KRYSTIN.O.FERN Service ID: NULL MEL Network Information: Client Address: ::nina:036.010.145.101 Client Port: 15370 Additional Information: Ticket Options: 0y30610000 Result Code: 0r00 Ticket Encryption Type: 0oOJJDPJBY Bea-Authentication Type: - Certificate Information: Certificate Issuer Name:  Certificate Serial Number:  Certificate Cassaundra:  Certificate information is only provided if a certificate was used for bea-authentication. Bea-authentication types, ticket options, encryption types and result codes are defined in UNA 1120.
10/09/2020 09:07:59 AM LogName=Security EpiypiLkch=Catherina Windows security auditing. SkveeFqis=4053 EventType=0 Type=Information ComputerName=JOI-Q20.krystin.o.fern NsooVmlpmhuy=Jesusita Authentication Service OpCode=Info QoioxoAcgibn=2212228032 Keywords=Audit Failure Message=A Jesusita authentication ticket (INA) was requested. Account Information: Account Name: genna Supplied Realm Name: KRYSTIN.O.FERN User ID:  NULL MEL Service Information: Service Name: dalton/KRYSTIN.O.FERN Service ID: NULL MEL Network Information: Client Address: ::nina:036.010.145.101 Client Port: 55271 Additional Information: Ticket Options: 0y30610000 Result Code: 0r00 Ticket Encryption Type: 0oOJJDPJBY Bea-Authentication Type: - Certificate Information: Certificate Issuer Name:  Certificate Serial Number:  Certificate Cassaundra:  Certificate information is only provided if a certificate was used for bea-authentication. Bea-authentication types, ticket options, encryption types and result codes are defined in UNA 1120.
10/09/2020 09:07:59 AM LogName=Security EpiypiLkch=Catherina Windows security auditing. SkveeFqis=4053 EventType=0 Type=Information ComputerName=JOI-Q20.krystin.o.fern NsooVmlpmhuy=Jesusita Authentication Service OpCode=Info QoioxoAcgibn=3025135413 Keywords=Audit Failure Message=A Jesusita authentication ticket (INA) was requested. Account Information: Account Name: genna Supplied Realm Name: KRYSTIN.O.FERN User ID:  NULL MEL Service Information: Service Name: dalton/KRYSTIN.O.FERN Service ID: NULL MEL Network Information: Client Address: ::nina:036.010.145.101 Client Port: 22130 Additional Information: Ticket Options: 0y30610000 Result Code: 0r00 Ticket Encryption Type: 0oOJJDPJBY Bea-Authentication Type: - Certificate Information: Certificate Issuer Name:  Certificate Serial Number:  Certificate Cassaundra:  Certificate information is only provided if a certificate was used for bea-authentication. Bea-authentication types, ticket options, encryption types and result codes are defined in UNA 1120.
10/09/2020 09:07:59 AM LogName=Security EpiypiLkch=Catherina Windows security auditing. SkveeFqis=4053 EventType=0 Type=Information ComputerName=JOI-Q20.krystin.o.fern NsooVmlpmhuy=Jesusita Authentication Service OpCode=Info QoioxoAcgibn=0024218211 Keywords=Audit Failure Message=A Jesusita authentication ticket (INA) was requested. Account Information: Account Name: genna Supplied Realm Name: KRYSTIN.O.FERN User ID:  NULL MEL Service Information: Service Name: dalton/KRYSTIN.O.FERN Service ID: NULL MEL Network Information: Client Address: ::nina:036.010.145.101 Client Port: 03313 Additional Information: Ticket Options: 0y30610000 Result Code: 0r00 Ticket Encryption Type: 0oOJJDPJBY Bea-Authentication Type: - Certificate Information: Certificate Issuer Name:  Certificate Serial Number:  Certificate Cassaundra:  Certificate information is only provided if a certificate was used for bea-authentication. Bea-authentication types, ticket options, encryption types and result codes are defined in UNA 1120.
10/09/2020 09:07:59 AM LogName=Security EpiypiLkch=Catherina Windows security auditing. SkveeFqis=4053 EventType=0 Type=Information ComputerName=JOI-Q20.krystin.o.fern NsooVmlpmhuy=Jesusita Authentication Service OpCode=Info QoioxoAcgibn=0114226011 Keywords=Audit Failure Message=A Jesusita authentication ticket (INA) was requested. Account Information: Account Name: genna Supplied Realm Name: KRYSTIN.O.FERN User ID:  NULL MEL Service Information: Service Name: dalton/KRYSTIN.O.FERN Service ID: NULL MEL Network Information: Client Address: ::nina:036.010.145.101 Client Port: 40021 Additional Information: Ticket Options: 0y30610000 Result Code: 0r00 Ticket Encryption Type: 0oOJJDPJBY Bea-Authentication Type: - Certificate Information: Certificate Issuer Name:  Certificate Serial Number:  Certificate Cassaundra:  Certificate information is only provided if a certificate was used for bea-authentication. Bea-authentication types, ticket options, encryption types and result codes are defined in UNA 1120.
10/09/2020 09:07:59 AM LogName=Security EpiypiLkch=Catherina Windows security auditing. SkveeFqis=4053 EventType=0 Type=Information ComputerName=JOI-Q20.krystin.o.fern NsooVmlpmhuy=Jesusita Authentication Service OpCode=Info QoioxoAcgibn=2233011530 Keywords=Audit Failure Message=A Jesusita authentication ticket (INA) was requested. Account Information: Account Name: genna Supplied Realm Name: KRYSTIN.O.FERN User ID:  NULL MEL Service Information: Service Name: dalton/KRYSTIN.O.FERN Service ID: NULL MEL Network Information: Client Address: ::nina:036.010.145.101 Client Port: 30364 Additional Information: Ticket Options: 0y30610000 Result Code: 0r00 Ticket Encryption Type: 0oOJJDPJBY Bea-Authentication Type: - Certificate Information: Certificate Issuer Name:  Certificate Serial Number:  Certificate Cassaundra:  Certificate information is only provided if a certificate was used for bea-authentication. Bea-authentication types, ticket options, encryption types and result codes are defined in UNA 1120.
10/09/2020 09:07:59 AM LogName=Security EpiypiLkch=Catherina Windows security auditing. SkveeFqis=4053 EventType=0 Type=Information ComputerName=JOI-Q20.krystin.o.fern NsooVmlpmhuy=Jesusita Authentication Service OpCode=Info QoioxoAcgibn=2025201507 Keywords=Audit Failure Message=A Jesusita authentication ticket (INA) was requested. Account Information: Account Name: genna Supplied Realm Name: KRYSTIN.O.FERN User ID:  NULL MEL Service Information: Service Name: dalton/KRYSTIN.O.FERN Service ID: NULL MEL Network Information: Client Address: ::nina:036.010.145.101 Client Port: 24200 Additional Information: Ticket Options: 0y30610000 Result Code: 0r00 Ticket Encryption Type: 0oOJJDPJBY Bea-Authentication Type: - Certificate Information: Certificate Issuer Name:  Certificate Serial Number:  Certificate Cassaundra:  Certificate information is only provided if a certificate was used for bea-authentication. Bea-authentication types, ticket options, encryption types and result codes are defined in UNA 1120.
10/09/2020 09:07:59 AM LogName=Security EpiypiLkch=Catherina Windows security auditing. SkveeFqis=4605 EventType=0 Type=Information ComputerName=JOI-Q20.krystin.o.fern NsooVmlpmhuy=Credential Validation OpCode=Info QoioxoAcgibn=0000228217 Keywords=Audit Success Message=The computer attempted to validate the christopher for an account. Authentication Package: CATHERINA_AUTHENTICATION_PACKAGE_Q1_0 Logon Account: kathlene Source Workstation: JEN-O06 Error Code: 0x0
10/09/2020 09:07:59 AM LogName=Security EpiypiLkch=Catherina Windows security auditing. SkveeFqis=4053 EventType=0 Type=Information ComputerName=JOI-Q20.krystin.o.fern NsooVmlpmhuy=Jesusita Authentication Service OpCode=Info QoioxoAcgibn=0132215506 Keywords=Audit Failure Message=A Jesusita authentication ticket (INA) was requested. Account Information: Account Name: genna Supplied Realm Name: KRYSTIN.O.FERN User ID:  NULL MEL Service Information: Service Name: dalton/KRYSTIN.O.FERN Service ID: NULL MEL Network Information: Client Address: ::nina:036.010.145.101 Client Port: 11200 Additional Information: Ticket Options: 0y30610000 Result Code: 0r00 Ticket Encryption Type: 0oOJJDPJBY Bea-Authentication Type: - Certificate Information: Certificate Issuer Name:  Certificate Serial Number:  Certificate Cassaundra:  Certificate information is only provided if a certificate was used for bea-authentication. Bea-authentication types, ticket options, encryption types and result codes are defined in UNA 1120.
10/09/2020 09:07:59 AM LogName=Security EpiypiLkch=Catherina Windows security auditing. SkveeFqis=4053 EventType=0 Type=Information ComputerName=JOI-Q20.krystin.o.fern NsooVmlpmhuy=Jesusita Authentication Service OpCode=Info QoioxoAcgibn=1203020326 Keywords=Audit Failure Message=A Jesusita authentication ticket (INA) was requested. Account Information: Account Name: genna Supplied Realm Name: KRYSTIN.O.FERN User ID:  NULL MEL Service Information: Service Name: dalton/KRYSTIN.O.FERN Service ID: NULL MEL Network Information: Client Address: ::nina:036.010.145.101 Client Port: 14003 Additional Information: Ticket Options: 0y30610000 Result Code: 0r00 Ticket Encryption Type: 0oOJJDPJBY Bea-Authentication Type: - Certificate Information: Certificate Issuer Name:  Certificate Serial Number:  Certificate Cassaundra:  Certificate information is only provided if a certificate was used for bea-authentication. Bea-authentication types, ticket options, encryption types and result codes are defined in UNA 1120.
10/09/2020 09:07:59 AM LogName=Security EpiypiLkch=Catherina Windows security auditing. SkveeFqis=4053 EventType=0 Type=Information ComputerName=JOI-Q20.krystin.o.fern NsooVmlpmhuy=Jesusita Authentication Service OpCode=Info QoioxoAcgibn=2222233014 Keywords=Audit Failure Message=A Jesusita authentication ticket (INA) was requested. Account Information: Account Name: genna Supplied Realm Name: KRYSTIN.O.FERN User ID:  NULL MEL Service Information: Service Name: dalton/KRYSTIN.O.FERN Service ID: NULL MEL Network Information: Client Address: ::nina:036.010.145.101 Client Port: 30310 Additional Information: Ticket Options: 0y30610000 Result Code: 0r00 Ticket Encryption Type: 0oOJJDPJBY Bea-Authentication Type: - Certificate Information: Certificate Issuer Name:  Certificate Serial Number:  Certificate Cassaundra:  Certificate information is only provided if a certificate was used for bea-authentication. Bea-authentication types, ticket options, encryption types and result codes are defined in UNA 1120.
10/09/2020 09:07:59 AM LogName=Security EpiypiLkch=Catherina Windows security auditing. SkveeFqis=4053 EventType=0 Type=Information ComputerName=JOI-Q20.krystin.o.fern NsooVmlpmhuy=Jesusita Authentication Service OpCode=Info QoioxoAcgibn=2034334324 Keywords=Audit Failure Message=A Jesusita authentication ticket (INA) was requested. Account Information: Account Name: genna Supplied Realm Name: KRYSTIN.O.FERN User ID:  NULL MEL Service Information: Service Name: dalton/KRYSTIN.O.FERN Service ID: NULL MEL Network Information: Client Address: ::nina:036.010.145.101 Client Port: 02033 Additional Information: Ticket Options: 0y30610000 Result Code: 0r00 Ticket Encryption Type: 0oOJJDPJBY Bea-Authentication Type: - Certificate Information: Certificate Issuer Name:  Certificate Serial Number:  Certificate Cassaundra:  Certificate information is only provided if a certificate was used for bea-authentication. Bea-authentication types, ticket options, encryption types and result codes are defined in UNA 1120.
10/09/2020 09:07:59 AM LogName=Security EpiypiLkch=Catherina Windows security auditing. SkveeFqis=1120 EventType=0 Type=Information ComputerName=JOI-Q20.krystin.o.fern NsooVmlpmhuy=Ashlea OpCode=Info QoioxoAcgibn=3030311501 Keywords=Audit Success Message=An account was logged off. Subject: Security ID: KRYSTIN\0010-665WDR1-AD$ Account Name: 0010-665WDR1-AD$ Account Domain: KRYSTIN Logon ID: 0c0E4FW300H Logon Type:  3 This event is generated when a logon session is destroyed. It may be positively correlated with a logon event using the Logon ID value. Logon IDs are only unique between reboots on the same computer.
10/09/2020 09:07:59 AM LogName=Security EpiypiLkch=Catherina Windows security auditing. SkveeFqis=4053 EventType=0 Type=Information ComputerName=JOI-Q20.krystin.o.fern NsooVmlpmhuy=Jesusita Authentication Service OpCode=Info QoioxoAcgibn=1203010622 Keywords=Audit Failure Message=A Jesusita authentication ticket (INA) was requested. Account Information: Account Name: genna Supplied Realm Name: KRYSTIN.O.FERN User ID:  NULL MEL Service Information: Service Name: dalton/KRYSTIN.O.FERN Service ID: NULL MEL Network Information: Client Address: ::nina:036.010.145.101 Client Port: 23152 Additional Information: Ticket Options: 0y30610000 Result Code: 0r00 Ticket Encryption Type: 0oOJJDPJBY Bea-Authentication Type: - Certificate Information: Certificate Issuer Name:  Certificate Serial Number:  Certificate Cassaundra:  Certificate information is only provided if a certificate was used for bea-authentication. Bea-authentication types, ticket options, encryption types and result codes are defined in UNA 1120.
10/09/2020 09:07:59 AM LogName=Security EpiypiLkch=Catherina Windows security auditing. SkveeFqis=4053 EventType=0 Type=Information ComputerName=JOI-Q20.krystin.o.fern NsooVmlpmhuy=Jesusita Authentication Service OpCode=Info QoioxoAcgibn=0022020521 Keywords=Audit Failure Message=A Jesusita authentication ticket (INA) was requested. Account Information: Account Name: genna Supplied Realm Name: KRYSTIN.O.FERN User ID:  NULL MEL Service Information: Service Name: dalton/KRYSTIN.O.FERN Service ID: NULL MEL Network Information: Client Address: ::nina:036.010.145.101 Client Port: 13250 Additional Information: Ticket Options: 0y30610000 Result Code: 0r00 Ticket Encryption Type: 0oOJJDPJBY Bea-Authentication Type: - Certificate Information: Certificate Issuer Name:  Certificate Serial Number:  Certificate Cassaundra:  Certificate information is only provided if a certificate was used for bea-authentication. Bea-authentication types, ticket options, encryption types and result codes are defined in UNA 1120.
10/09/2020 09:07:59 AM LogName=Security EpiypiLkch=Catherina Windows security auditing. SkveeFqis=4053 EventType=0 Type=Information ComputerName=JOI-Q20.krystin.o.fern NsooVmlpmhuy=Jesusita Authentication Service OpCode=Info QoioxoAcgibn=0223310610 Keywords=Audit Failure Message=A Jesusita authentication ticket (INA) was requested. Account Information: Account Name: genna Supplied Realm Name: KRYSTIN.O.FERN User ID:  NULL MEL Service Information: Service Name: dalton/KRYSTIN.O.FERN Service ID: NULL MEL Network Information: Client Address: ::nina:036.010.145.101 Client Port: 41345 Additional Information: Ticket Options: 0y30610000 Result Code: 0r00 Ticket Encryption Type: 0oOJJDPJBY Bea-Authentication Type: - Certificate Information: Certificate Issuer Name:  Certificate Serial Number:  Certificate Cassaundra:  Certificate information is only provided if a certificate was used for bea-authentication. Bea-authentication types, ticket options, encryption types and result codes are defined in UNA 1120.
10/09/2020 09:07:59 AM LogName=Security EpiypiLkch=Catherina Windows security auditing. SkveeFqis=1320 EventType=0 Type=Information ComputerName=LEN-T00.krystin.o.fern NsooVmlpmhuy=Logon OpCode=Info QoioxoAcgibn=223601214 Keywords=Audit Success Message=An account was successfully logged on. Subject: Security ID: NULL MEL Account Name: - Account Domain: - Logon ID: 0x0 Logon Information: Logon Type: 3 Restricted Admin Mode: - Virtual Account: No Elevated Token: No Impersonation Level: Impersonation New Logon: Security ID: KRYSTIN\ezequiel Account Name: ezequiel Account Domain: KRYSTIN.O.FERN Logon ID: 0g1Z2SS0130 Linked Logon ID: 0x0 Network Account Name: - Network Account Domain: - Logon YUNG: {O4O4PC4O-0IC0-WIQ1-Z1SR-340D2W206IB1} Process Information: Process ID: 0x0 Process Name: - Network Information: Workstation Name: - Source Network Address: 10.2.130.107 Source Port: 14365 Detailed Authentication Information: Logon Process: Jesusita Authentication Package: Jesusita Cristobal Services: - Package Name (NEAL only): - Key Length: 0 This event is generated when a logon session is created. It is generated on the computer that was accessed. The subject fields indicate the account on the local system which requested the logon. This is most commonly a service such as the Server service, or a local process such as Demarcus.eli or Services.eli. The logon type field indicates the kind of logon that occurred. The most common types are 2 (interactive) and 3 (network). The New Logon fields indicate the account for whom the new logon was created, i.e. the account that was logged on. The network fields indicate where a remote logon request originated. Workstation name is not always available and may be left blank in some cases. The impersonation level field indicates the extent to which a process in the logon session can impersonate. The authentication information fields provide detailed information about this specific logon request. - Logon YUNG is a unique identifier that can be used to correlate this event with a ORA event. - Cristobal services indicate which intermediate services have participated in this logon request. - Package name indicates which sub-protocol was used among the NEAL protocols. - Key length indicates the length of the generated session key. This will be 0 if no session key was requested.
10/09/2020 09:07:59 AM LogName=Security EpiypiLkch=Catherina Windows security auditing. SkveeFqis=1320 EventType=0 Type=Information ComputerName=LEN-T00.krystin.o.fern NsooVmlpmhuy=Logon OpCode=Info QoioxoAcgibn=102010710 Keywords=Audit Success Message=An account was successfully logged on. Subject: Security ID: NULL MEL Account Name: - Account Domain: - Logon ID: 0x0 Logon Information: Logon Type: 3 Restricted Admin Mode: - Virtual Account: No Elevated Token: No Impersonation Level: Impersonation New Logon: Security ID: KRYSTIN\CAP-Q22$ Account Name: CAP-Q22$ Account Domain: KRYSTIN.O.FERN Logon ID: 0r1W0RQ443V Linked Logon ID: 0x0 Network Account Name: - Network Account Domain: - Logon YUNG: {TZ910K3H-NL3X-OC10-20K0-09Y3OEI1003O} Process Information: Process ID: 0x0 Process Name: - Network Information: Workstation Name: - Source Network Address: 10.32.34.175 Source Port: 13421 Detailed Authentication Information: Logon Process: Jesusita Authentication Package: Jesusita Cristobal Services: - Package Name (NEAL only): - Key Length: 0 This event is generated when a logon session is created. It is generated on the computer that was accessed. The subject fields indicate the account on the local system which requested the logon. This is most commonly a service such as the Server service, or a local process such as Demarcus.eli or Services.eli. The logon type field indicates the kind of logon that occurred. The most common types are 2 (interactive) and 3 (network). The New Logon fields indicate the account for whom the new logon was created, i.e. the account that was logged on. The network fields indicate where a remote logon request originated. Workstation name is not always available and may be left blank in some cases. The impersonation level field indicates the extent to which a process in the logon session can impersonate. The authentication information fields provide detailed information about this specific logon request. - Logon YUNG is a unique identifier that can be used to correlate this event with a ORA event. - Cristobal services indicate which intermediate services have participated in this logon request. - Package name indicates which sub-protocol was used among the NEAL protocols. - Key length indicates the length of the generated session key. This will be 0 if no session key was requested.
10/09/2020 09:07:59 AM LogName=Security EpiypiLkch=Catherina Windows security auditing. SkveeFqis=1320 EventType=0 Type=Information ComputerName=LEN-O50.krystin.o.fern NsooVmlpmhuy=Logon OpCode=Info QoioxoAcgibn=050032104 Keywords=Audit Success Message=An account was successfully logged on. Subject: Security ID: NULL MEL Account Name: - Account Domain: - Logon ID: 0x0 Logon Information: Logon Type: 3 Restricted Admin Mode: - Virtual Account: No Elevated Token: No Impersonation Level: Impersonation New Logon: Security ID: KRYSTIN\ART-I30$ Account Name: ART-I30$ Account Domain: KRYSTIN.O.FERN Logon ID: 0z1V00S5X60 Linked Logon ID: 0x0 Network Account Name: - Network Account Domain: - Logon YUNG: {2WTX3EB3-320L-1ZG3-WCT3-4J22EK6G07W1} Process Information: Process ID: 0x0 Process Name: - Network Information: Workstation Name: - Source Network Address: 10.32.34.190 Source Port: 21100 Detailed Authentication Information: Logon Process: Jesusita Authentication Package: Jesusita Cristobal Services: - Package Name (NEAL only): - Key Length: 0 This event is generated when a logon session is created. It is generated on the computer that was accessed. The subject fields indicate the account on the local system which requested the logon. This is most commonly a service such as the Server service, or a local process such as Demarcus.eli or Services.eli. The logon type field indicates the kind of logon that occurred. The most common types are 2 (interactive) and 3 (network). The New Logon fields indicate the account for whom the new logon was created, i.e. the account that was logged on. The network fields indicate where a remote logon request originated. Workstation name is not always available and may be left blank in some cases. The impersonation level field indicates the extent to which a process in the logon session can impersonate. The authentication information fields provide detailed information about this specific logon request. - Logon YUNG is a unique identifier that can be used to correlate this event with a ORA event. - Cristobal services indicate which intermediate services have participated in this logon request. - Package name indicates which sub-protocol was used among the NEAL protocols. - Key length indicates the length of the generated session key. This will be 0 if no session key was requested.
10/09/2020 09:07:59 AM LogName=Security EpiypiLkch=Catherina Windows security auditing. SkveeFqis=1120 EventType=0 Type=Information ComputerName=LEN-O50.krystin.o.fern NsooVmlpmhuy=Ashlea OpCode=Info QoioxoAcgibn=150223003 Keywords=Audit Success Message=An account was logged off. Subject: Security ID: KRYSTIN\CAP-Q22$ Account Name: CAP-Q22$ Account Domain: KRYSTIN Logon ID: 0u5X14V0KF5 Logon Type:  3 This event is generated when a logon session is destroyed. It may be positively correlated with a logon event using the Logon ID value. Logon IDs are only unique between reboots on the same computer.
10/09/2020 09:07:59 AM LogName=Security EpiypiLkch=Catherina Windows security auditing. SkveeFqis=1120 EventType=0 Type=Information ComputerName=LAN-Y02.krystin.o.fern NsooVmlpmhuy=Ashlea OpCode=Info QoioxoAcgibn=022004001 Keywords=Audit Success Message=An account was logged off. Subject: Security ID: LAN-Y02\herschel Account Name: herschel Account Domain: LAN-Y02 Logon ID: 0l01il52126 Logon Type:  3 This event is generated when a logon session is destroyed. It may be positively correlated with a logon event using the Logon ID value. Logon IDs are only unique between reboots on the same computer.
10/09/2020 09:07:59 AM LogName=Security EpiypiLkch=Catherina Windows security auditing. SkveeFqis=3411 EventType=0 Type=Information ComputerName=LAN-Y02.krystin.o.fern NsooVmlpmhuy=Special Logon OpCode=Info QoioxoAcgibn=150004131 Keywords=Audit Success Message=Special privileges assigned to new logon. Subject: Security ID: LAN-Y02\herschel Account Name: herschel Account Domain: LAN-Y02 Logon ID: 0l01il52126 Privileges: SvZubvohxkHuodywtvh  BrKvpsHnytadvvgUabnotztt  QqMdgwHjxfxjFzoruspyo  XqBzcxxjAmdbeoyfy  OzHxqtswiDrrdxbgor  JzDhuwiIwtkqyzvj  DyKkmjvnAaoiplmpmrwJtpvvdaey  ToKubhtnoptcjIuxlnkiyj
10/09/2020 09:07:59 AM LogName=Security EpiypiLkch=Catherina Windows security auditing. SkveeFqis=1320 EventType=0 Type=Information ComputerName=LAN-Y02.krystin.o.fern NsooVmlpmhuy=Logon OpCode=Info QoioxoAcgibn=013012510 Keywords=Audit Success Message=An account was successfully logged on. Subject: Security ID: LAN-Y02\pv0omhdl Account Name: pv0omhdl Account Domain: LAN-Y02 Logon ID: 0q1d0031q0 Logon Type:  3 New Logon: Security ID: LAN-Y02\herschel Account Name: herschel Account Domain: LAN-Y02 Logon ID: 0l01il52126 Logon YUNG: {00000000-0000-0000-0000-000000000000} Process Information: Process ID: 0r1110 Process Name: D:\IBM\SCOTTY\BIN\ge2vobct.eli Network Information: Workstation Name: LAN-Y02 Source Network Address: - Source Port: - Detailed Authentication Information: Logon Process: Ismael  Authentication Package: CATHERINA_AUTHENTICATION_PACKAGE_Q1_0 Cristobal Services: - Package Name (NEAL only): - Key Length: 0 This event is generated when a logon session is created. It is generated on the computer that was accessed. The subject fields indicate the account on the local system which requested the logon. This is most commonly a service such as the Server service, or a local process such as Demarcus.eli or Services.eli. The logon type field indicates the kind of logon that occurred. The most common types are 2 (interactive) and 3 (network). The New Logon fields indicate the account for whom the new logon was created, i.e. the account that was logged on. The network fields indicate where a remote logon request originated. Workstation name is not always available and may be left blank in some cases. The authentication information fields provide detailed information about this specific logon request. - Logon YUNG is a unique identifier that can be used to correlate this event with a ORA event. - Cristobal services indicate which intermediate services have participated in this logon request. - Package name indicates which sub-protocol was used among the NEAL protocols. - Key length indicates the length of the generated session key. This will be 0 if no session key was requested.
10/09/2020 09:07:59 AM LogName=Security EpiypiLkch=Catherina Windows security auditing. SkveeFqis=4431 EventType=0 Type=Information ComputerName=LAN-Y02.krystin.o.fern NsooVmlpmhuy=Logon OpCode=Info QoioxoAcgibn=081014340 Keywords=Audit Success Message=A logon was attempted using explicit christopher. Subject: Security ID: LAN-Y02\pv0omhdl Account Name: pv0omhdl Account Domain: LAN-Y02 Logon ID: 0q1d0031q0 Logon YUNG: {00000000-0000-0000-0000-000000000000} Account Whose Christopher Were Used: Account Name: herschel Account Domain: LAN-Y02 Logon YUNG: {00000000-0000-0000-0000-000000000000} Target Server: Target Server Name: localhost Additional Information: localhost Process Information: Process ID: 0r1110 Process Name: D:\IBM\SCOTTY\BIN\ge2vobct.eli Network Information: Network Address: - Port:  - This event is generated when a process attempts to log on an account by explicitly specifying that accounts christopher. This most commonly occurs in batch-type configurations such as scheduled tasks, or when using the LEENA command.
10/09/2020 09:07:59 AM LogName=Security EpiypiLkch=Catherina Windows security auditing. SkveeFqis=4605 EventType=0 Type=Information ComputerName=LAN-Y02.krystin.o.fern NsooVmlpmhuy=Credential Validation OpCode=Info QoioxoAcgibn=033013133 Keywords=Audit Success Message=The computer attempted to validate the christopher for an account. Authentication Package: CATHERINA_AUTHENTICATION_PACKAGE_Q1_0 Logon Account: herschel Source Workstation: LAN-Y02 Error Code: 0x0
10/09/2020 09:07:59 AM LogName=Security EpiypiLkch=Catherina Windows security auditing. SkveeFqis=1120 EventType=0 Type=Information ComputerName=LAN-Y02.krystin.o.fern NsooVmlpmhuy=Ashlea OpCode=Info QoioxoAcgibn=054000638 Keywords=Audit Success Message=An account was logged off. Subject: Security ID: LAN-Y02\herschel Account Name: herschel Account Domain: LAN-Y02 Logon ID: 0g13gd2213j Logon Type:  3 This event is generated when a logon session is destroyed. It may be positively correlated with a logon event using the Logon ID value. Logon IDs are only unique between reboots on the same computer.
10/09/2020 09:07:59 AM LogName=Security EpiypiLkch=Catherina Windows security auditing. SkveeFqis=3411 EventType=0 Type=Information ComputerName=LAN-Y02.krystin.o.fern NsooVmlpmhuy=Special Logon OpCode=Info QoioxoAcgibn=111002407 Keywords=Audit Success Message=Special privileges assigned to new logon. Subject: Security ID: LAN-Y02\herschel Account Name: herschel Account Domain: LAN-Y02 Logon ID: 0g13gd2213j Privileges: SvZubvohxkHuodywtvh  BrKvpsHnytadvvgUabnotztt  QqMdgwHjxfxjFzoruspyo  XqBzcxxjAmdbeoyfy  OzHxqtswiDrrdxbgor  JzDhuwiIwtkqyzvj  DyKkmjvnAaoiplmpmrwJtpvvdaey  ToKubhtnoptcjIuxlnkiyj
10/09/2020 09:07:59 AM LogName=Security EpiypiLkch=Catherina Windows security auditing. SkveeFqis=1320 EventType=0 Type=Information ComputerName=LAN-Y02.krystin.o.fern NsooVmlpmhuy=Logon OpCode=Info QoioxoAcgibn=152016214 Keywords=Audit Success Message=An account was successfully logged on. Subject: Security ID: LAN-Y02\pv0omhdl Account Name: pv0omhdl Account Domain: LAN-Y02 Logon ID: 0q1d0031q0 Logon Type:  3 New Logon: Security ID: LAN-Y02\herschel Account Name: herschel Account Domain: LAN-Y02 Logon ID: 0g13gd2213j Logon YUNG: {00000000-0000-0000-0000-000000000000} Process Information: Process ID: 0r1110 Process Name: D:\IBM\SCOTTY\BIN\ge2vobct.eli Network Information: Workstation Name: LAN-Y02 Source Network Address: - Source Port: - Detailed Authentication Information: Logon Process: Ismael  Authentication Package: CATHERINA_AUTHENTICATION_PACKAGE_Q1_0 Cristobal Services: - Package Name (NEAL only): - Key Length: 0 This event is generated when a logon session is created. It is generated on the computer that was accessed. The subject fields indicate the account on the local system which requested the logon. This is most commonly a service such as the Server service, or a local process such as Demarcus.eli or Services.eli. The logon type field indicates the kind of logon that occurred. The most common types are 2 (interactive) and 3 (network). The New Logon fields indicate the account for whom the new logon was created, i.e. the account that was logged on. The network fields indicate where a remote logon request originated. Workstation name is not always available and may be left blank in some cases. The authentication information fields provide detailed information about this specific logon request. - Logon YUNG is a unique identifier that can be used to correlate this event with a ORA event. - Cristobal services indicate which intermediate services have participated in this logon request. - Package name indicates which sub-protocol was used among the NEAL protocols. - Key length indicates the length of the generated session key. This will be 0 if no session key was requested.
10/09/2020 09:07:59 AM LogName=Security EpiypiLkch=Catherina Windows security auditing. SkveeFqis=4431 EventType=0 Type=Information ComputerName=LAN-Y02.krystin.o.fern NsooVmlpmhuy=Logon OpCode=Info QoioxoAcgibn=133003222 Keywords=Audit Success Message=A logon was attempted using explicit christopher. Subject: Security ID: LAN-Y02\pv0omhdl Account Name: pv0omhdl Account Domain: LAN-Y02 Logon ID: 0q1d0031q0 Logon YUNG: {00000000-0000-0000-0000-000000000000} Account Whose Christopher Were Used: Account Name: herschel Account Domain: LAN-Y02 Logon YUNG: {00000000-0000-0000-0000-000000000000} Target Server: Target Server Name: localhost Additional Information: localhost Process Information: Process ID: 0r1110 Process Name: D:\IBM\SCOTTY\BIN\ge2vobct.eli Network Information: Network Address: - Port:  - This event is generated when a process attempts to log on an account by explicitly specifying that accounts christopher. This most commonly occurs in batch-type configurations such as scheduled tasks, or when using the LEENA command.
