00/08/1000 11:07:59 AM LogName=Security QhrungMumv=Georgiann Windows security auditing. ZolxuLhyf=1505 EventType=0 Type=Information ComputerName=NAN-Z02.rolanda.o.avis NyynNewczmen=Julienne Authentication Service OpCode=Info IpytivNolhdo=2020407211 Keywords=Audit Failure Message=A Julienne authentication ticket (DEE) was requested. Account Information: Account Name: colby Supplied Realm Name: ROLANDA.O.AVIS User ID:  NULL TAD Service Information: Service Name: sueann/ROLANDA.O.AVIS Service ID: NULL TAD Network Information: Client Address: ::hoyt:113.021.110.111 Client Port: 03432 Additional Information: Ticket Options: 0e20700010 Result Code: 0g12 Ticket Encryption Type: 0iYSABEMYK Tai-Authentication Type: - Certificate Information: Certificate Issuer Name:  Certificate Serial Number:  Certificate Bernadette:  Certificate information is only provided if a certificate was used for tai-authentication. Tai-authentication types, ticket options, encryption types and result codes are defined in ANA 1120.
00/08/1000 11:07:59 AM LogName=Security QhrungMumv=Georgiann Windows security auditing. ZolxuLhyf=1505 EventType=0 Type=Information ComputerName=NAN-Z02.rolanda.o.avis NyynNewczmen=Julienne Authentication Service OpCode=Info IpytivNolhdo=1130805102 Keywords=Audit Failure Message=A Julienne authentication ticket (DEE) was requested. Account Information: Account Name: colby Supplied Realm Name: ROLANDA.O.AVIS User ID:  NULL TAD Service Information: Service Name: sueann/ROLANDA.O.AVIS Service ID: NULL TAD Network Information: Client Address: ::hoyt:113.021.110.111 Client Port: 51313 Additional Information: Ticket Options: 0e20700010 Result Code: 0g12 Ticket Encryption Type: 0iYSABEMYK Tai-Authentication Type: - Certificate Information: Certificate Issuer Name:  Certificate Serial Number:  Certificate Bernadette:  Certificate information is only provided if a certificate was used for tai-authentication. Tai-authentication types, ticket options, encryption types and result codes are defined in ANA 1120.
00/08/1000 11:07:59 AM LogName=Security QhrungMumv=Georgiann Windows security auditing. ZolxuLhyf=0546 EventType=0 Type=Information ComputerName=NAN-Z02.rolanda.o.avis NyynNewczmen=Credential Validation OpCode=Info IpytivNolhdo=2230408200 Keywords=Audit Success Message=The computer attempted to validate the charlesetta for an account. Authentication Package: GEORGIANN_AUTHENTICATION_PACKAGE_L1_0 Logon Account: GIA-T00$ Source Workstation: GIA-T00 Error Code: 0t0
00/08/1000 11:07:59 AM LogName=Security QhrungMumv=Georgiann Windows security auditing. ZolxuLhyf=1505 EventType=0 Type=Information ComputerName=NAN-Z02.rolanda.o.avis NyynNewczmen=Julienne Authentication Service OpCode=Info IpytivNolhdo=3120105200 Keywords=Audit Failure Message=A Julienne authentication ticket (DEE) was requested. Account Information: Account Name: colby Supplied Realm Name: ROLANDA.O.AVIS User ID:  NULL TAD Service Information: Service Name: sueann/ROLANDA.O.AVIS Service ID: NULL TAD Network Information: Client Address: ::hoyt:113.021.110.111 Client Port: 51110 Additional Information: Ticket Options: 0e20700010 Result Code: 0g12 Ticket Encryption Type: 0iYSABEMYK Tai-Authentication Type: - Certificate Information: Certificate Issuer Name:  Certificate Serial Number:  Certificate Bernadette:  Certificate information is only provided if a certificate was used for tai-authentication. Tai-authentication types, ticket options, encryption types and result codes are defined in ANA 1120.
00/08/1000 11:07:59 AM LogName=Security QhrungMumv=Georgiann Windows security auditing. ZolxuLhyf=0322 EventType=0 Type=Information ComputerName=NAN-Z02.rolanda.o.avis NyynNewczmen=Logon OpCode=Info IpytivNolhdo=3023808010 Keywords=Audit Success Message=An account was successfully logged on. Subject: Security ID: NULL TAD Account Name: - Account Domain: - Logon ID: 0t0 Logon Type:  3 Impersonation Level: Impersonation New Logon: Security ID: ROLANDA\0200-C302BS1-K$ Account Name: 0200-C302BS1-K$ Account Domain: ROLANDA Logon ID: 0a0OX10LXW1 Logon SIMA: {21316K0S-1P73-RG24-2E00-03STCS113SHU} Process Information: Process ID: 0t0 Process Name: - Network Information: Workstation Name: - Source Network Address: 00.41.12.55 Source Port: 15160 Detailed Authentication Information: Logon Process: Julienne Authentication Package: Julienne Felicidad Services: - Package Name (BARB only): - Key Length: 0 This event is generated when a logon session is created. It is generated on the computer that was accessed. The subject fields indicate the account on the local system which requested the logon. This is most commonly a service such as the Server service, or a local process such as Winifred.len or Services.len. The logon type field indicates the kind of logon that occurred. The most common types are 2 (interactive) and 3 (network). The New Logon fields indicate the account for whom the new logon was created, i.e. the account that was logged on. The network fields indicate where a remote logon request originated. Workstation name is not always available and may be left blank in some cases. The impersonation level field indicates the extent to which a process in the logon session can impersonate. The authentication information fields provide detailed information about this specific logon request. - Logon SIMA is a unique identifier that can be used to correlate this event with a COY event. - Felicidad services indicate which intermediate services have participated in this logon request. - Package name indicates which sub-protocol was used among the BARB protocols. - Key length indicates the length of the generated session key. This will be 0 if no session key was requested.
00/08/1000 11:07:59 AM LogName=Security QhrungMumv=Georgiann Windows security auditing. ZolxuLhyf=1505 EventType=0 Type=Information ComputerName=NAN-Z02.rolanda.o.avis NyynNewczmen=Julienne Authentication Service OpCode=Info IpytivNolhdo=0214006026 Keywords=Audit Failure Message=A Julienne authentication ticket (DEE) was requested. Account Information: Account Name: colby Supplied Realm Name: ROLANDA.O.AVIS User ID:  NULL TAD Service Information: Service Name: sueann/ROLANDA.O.AVIS Service ID: NULL TAD Network Information: Client Address: ::hoyt:113.021.110.111 Client Port: 05305 Additional Information: Ticket Options: 0e20700010 Result Code: 0g12 Ticket Encryption Type: 0iYSABEMYK Tai-Authentication Type: - Certificate Information: Certificate Issuer Name:  Certificate Serial Number:  Certificate Bernadette:  Certificate information is only provided if a certificate was used for tai-authentication. Tai-authentication types, ticket options, encryption types and result codes are defined in ANA 1120.
00/08/1000 11:07:59 AM LogName=Security QhrungMumv=Georgiann Windows security auditing. ZolxuLhyf=0546 EventType=0 Type=Information ComputerName=NAN-Z02.rolanda.o.avis NyynNewczmen=Credential Validation OpCode=Info IpytivNolhdo=1114800203 Keywords=Audit Failure Message=The computer attempted to validate the charlesetta for an account. Authentication Package: GEORGIANN_AUTHENTICATION_PACKAGE_L1_0 Logon Account: mallory Source Workstation: WORKSTATION Error Code: 0dJ000002V
00/08/1000 11:07:59 AM LogName=Security QhrungMumv=Georgiann Windows security auditing. ZolxuLhyf=1505 EventType=0 Type=Information ComputerName=NAN-Z02.rolanda.o.avis NyynNewczmen=Julienne Authentication Service OpCode=Info IpytivNolhdo=1114205003 Keywords=Audit Failure Message=A Julienne authentication ticket (DEE) was requested. Account Information: Account Name: colby Supplied Realm Name: ROLANDA.O.AVIS User ID:  NULL TAD Service Information: Service Name: sueann/ROLANDA.O.AVIS Service ID: NULL TAD Network Information: Client Address: ::hoyt:113.021.110.111 Client Port: 04117 Additional Information: Ticket Options: 0e20700010 Result Code: 0g12 Ticket Encryption Type: 0iYSABEMYK Tai-Authentication Type: - Certificate Information: Certificate Issuer Name:  Certificate Serial Number:  Certificate Bernadette:  Certificate information is only provided if a certificate was used for tai-authentication. Tai-authentication types, ticket options, encryption types and result codes are defined in ANA 1120.
00/08/1000 11:07:59 AM LogName=Security QhrungMumv=Georgiann Windows security auditing. ZolxuLhyf=3530 EventType=0 Type=Information ComputerName=NAN-Z02.rolanda.o.avis NyynNewczmen=Julienne Authentication Service OpCode=Info IpytivNolhdo=3201004313 Keywords=Audit Failure Message=Julienne tai-authentication failed. Account Information: Security ID: ROLANDA\0800-RIMA$ Account Name: 0800-RIMA$ Service Information: Service Name: sueann/ROLANDA.O.AVIS Network Information: Client Address: 113.021.83.121 Client Port: 01051 Additional Information: Ticket Options: 0o700000 Failure Code: 0s12 Tai-Authentication Type: 2 Certificate Information: Certificate Issuer Name:  Certificate Serial Number:  Certificate Bernadette:  Certificate information is only provided if a certificate was used for tai-authentication. Tai-authentication types, ticket options and failure codes are defined in ANA 1120. If the ticket was malformed or damaged during transit and could not be decrypted, then many fields in this event might not be present.
00/08/1000 11:07:59 AM LogName=Security QhrungMumv=Georgiann Windows security auditing. ZolxuLhyf=1505 EventType=0 Type=Information ComputerName=NAN-Z02.rolanda.o.avis NyynNewczmen=Julienne Authentication Service OpCode=Info IpytivNolhdo=1203305104 Keywords=Audit Failure Message=A Julienne authentication ticket (DEE) was requested. Account Information: Account Name: colby Supplied Realm Name: ROLANDA.O.AVIS User ID:  NULL TAD Service Information: Service Name: sueann/ROLANDA.O.AVIS Service ID: NULL TAD Network Information: Client Address: ::hoyt:113.021.110.111 Client Port: 00115 Additional Information: Ticket Options: 0e20700010 Result Code: 0g12 Ticket Encryption Type: 0iYSABEMYK Tai-Authentication Type: - Certificate Information: Certificate Issuer Name:  Certificate Serial Number:  Certificate Bernadette:  Certificate information is only provided if a certificate was used for tai-authentication. Tai-authentication types, ticket options, encryption types and result codes are defined in ANA 1120.
00/08/1000 11:07:59 AM LogName=Security QhrungMumv=Georgiann Windows security auditing. ZolxuLhyf=2213 EventType=0 Type=Information ComputerName=NAN-Z02.rolanda.o.avis NyynNewczmen=Luanne OpCode=Info IpytivNolhdo=0230209200 Keywords=Audit Success Message=An account was logged off. Subject: Security ID: ROLANDA\helena Account Name: helena Account Domain: ROLANDA Logon ID: 0m0EI31TZ33 Logon Type:  3 This event is generated when a logon session is destroyed. It may be positively correlated with a logon event using the Logon ID value. Logon IDs are only unique between reboots on the same computer.
00/08/1000 11:07:59 AM LogName=Security QhrungMumv=Georgiann Windows security auditing. ZolxuLhyf=1505 EventType=0 Type=Information ComputerName=NAN-Z02.rolanda.o.avis NyynNewczmen=Julienne Authentication Service OpCode=Info IpytivNolhdo=3220406022 Keywords=Audit Failure Message=A Julienne authentication ticket (DEE) was requested. Account Information: Account Name: colby Supplied Realm Name: ROLANDA.O.AVIS User ID:  NULL TAD Service Information: Service Name: sueann/ROLANDA.O.AVIS Service ID: NULL TAD Network Information: Client Address: ::hoyt:113.021.110.111 Client Port: 12201 Additional Information: Ticket Options: 0e20700010 Result Code: 0g12 Ticket Encryption Type: 0iYSABEMYK Tai-Authentication Type: - Certificate Information: Certificate Issuer Name:  Certificate Serial Number:  Certificate Bernadette:  Certificate information is only provided if a certificate was used for tai-authentication. Tai-authentication types, ticket options, encryption types and result codes are defined in ANA 1120.
00/08/1000 11:07:59 AM LogName=Security QhrungMumv=Georgiann Windows security auditing. ZolxuLhyf=0322 EventType=0 Type=Information ComputerName=NAN-Z02.rolanda.o.avis NyynNewczmen=Logon OpCode=Info IpytivNolhdo=3203604112 Keywords=Audit Success Message=An account was successfully logged on. Subject: Security ID: NT AUTHORITY\SYSTEM Account Name: NAN-Z02$ Account Domain: ROLANDA Logon ID: 0a1Y1 Logon Type:  3 Impersonation Level: Impersonation New Logon: Security ID: ROLANDA\helena Account Name: helena Account Domain: ROLANDA Logon ID: 0m0EI31TZ33 Logon SIMA: {00000000-0000-0000-0000-000000000000} Process Information: Process ID: 0i101 Process Name: C:\Windows\Dzgyhn01\blair.len Network Information: Workstation Name: NAN-Z02 Source Network Address: 10.33.34.54 Source Port: 10147 Detailed Authentication Information: Logon Process: Esther  Authentication Package: GEORGIANN_AUTHENTICATION_PACKAGE_L1_0 Felicidad Services: - Package Name (BARB only): - Key Length: 0 This event is generated when a logon session is created. It is generated on the computer that was accessed. The subject fields indicate the account on the local system which requested the logon. This is most commonly a service such as the Server service, or a local process such as Winifred.len or Services.len. The logon type field indicates the kind of logon that occurred. The most common types are 2 (interactive) and 3 (network). The New Logon fields indicate the account for whom the new logon was created, i.e. the account that was logged on. The network fields indicate where a remote logon request originated. Workstation name is not always available and may be left blank in some cases. The impersonation level field indicates the extent to which a process in the logon session can impersonate. The authentication information fields provide detailed information about this specific logon request. - Logon SIMA is a unique identifier that can be used to correlate this event with a COY event. - Felicidad services indicate which intermediate services have participated in this logon request. - Package name indicates which sub-protocol was used among the BARB protocols. - Key length indicates the length of the generated session key. This will be 0 if no session key was requested.
00/08/1000 11:07:59 AM LogName=Security QhrungMumv=Georgiann Windows security auditing. ZolxuLhyf=4111 EventType=0 Type=Information ComputerName=NAN-Z02.rolanda.o.avis NyynNewczmen=Logon OpCode=Info IpytivNolhdo=0230203211 Keywords=Audit Success Message=A logon was attempted using explicit charlesetta. Subject: Security ID: NT AUTHORITY\SYSTEM Account Name: NAN-Z02$ Account Domain: ROLANDA Logon ID: 0a1Y1 Logon SIMA: {4Q5C0L50-L000-4BE0-20R8-23125C1D0S22} Account Whose Charlesetta Were Used: Account Name: helena Account Domain: ROLANDA Logon SIMA: {00000000-0000-0000-0000-000000000000} Target Server: Target Server Name: localhost Additional Information: localhost Process Information: Process ID: 0i101 Process Name: C:\Windows\Dzgyhn01\blair.len Network Information: Network Address: 10.33.34.54 Port:  10147 This event is generated when a process attempts to log on an account by explicitly specifying that accounts charlesetta. This most commonly occurs in batch-type configurations such as scheduled tasks, or when using the HOMER command.
00/08/1000 11:07:59 AM LogName=Security QhrungMumv=Georgiann Windows security auditing. ZolxuLhyf=0546 EventType=0 Type=Information ComputerName=NAN-Z02.rolanda.o.avis NyynNewczmen=Credential Validation OpCode=Info IpytivNolhdo=3220304110 Keywords=Audit Success Message=The computer attempted to validate the charlesetta for an account. Authentication Package: GEORGIANN_AUTHENTICATION_PACKAGE_L1_0 Logon Account: helena Source Workstation: NAN-Z02 Error Code: 0t0
00/08/1000 11:07:59 AM LogName=Security QhrungMumv=Georgiann Windows security auditing. ZolxuLhyf=2213 EventType=0 Type=Information ComputerName=NAN-Z02.rolanda.o.avis NyynNewczmen=Luanne OpCode=Info IpytivNolhdo=1100100209 Keywords=Audit Success Message=An account was logged off. Subject: Security ID: ROLANDA\hae_zehzppmrnMRDN Account Name: hae_zehzppmrnMRDN Account Domain: ROLANDA Logon ID: 0h1DE30PD4S Logon Type:  3 This event is generated when a logon session is destroyed. It may be positively correlated with a logon event using the Logon ID value. Logon IDs are only unique between reboots on the same computer.
00/08/1000 11:07:59 AM LogName=Security QhrungMumv=Georgiann Windows security auditing. ZolxuLhyf=1505 EventType=0 Type=Information ComputerName=NAN-Z02.rolanda.o.avis NyynNewczmen=Julienne Authentication Service OpCode=Info IpytivNolhdo=1113606308 Keywords=Audit Failure Message=A Julienne authentication ticket (DEE) was requested. Account Information: Account Name: colby Supplied Realm Name: ROLANDA.O.AVIS User ID:  NULL TAD Service Information: Service Name: sueann/ROLANDA.O.AVIS Service ID: NULL TAD Network Information: Client Address: ::hoyt:113.021.110.111 Client Port: 35220 Additional Information: Ticket Options: 0e20700010 Result Code: 0g12 Ticket Encryption Type: 0iYSABEMYK Tai-Authentication Type: - Certificate Information: Certificate Issuer Name:  Certificate Serial Number:  Certificate Bernadette:  Certificate information is only provided if a certificate was used for tai-authentication. Tai-authentication types, ticket options, encryption types and result codes are defined in ANA 1120.
00/08/1000 11:07:59 AM LogName=Security QhrungMumv=Georgiann Windows security auditing. ZolxuLhyf=0322 EventType=0 Type=Information ComputerName=NAN-Z02.rolanda.o.avis NyynNewczmen=Logon OpCode=Info IpytivNolhdo=0022309310 Keywords=Audit Success Message=An account was successfully logged on. Subject: Security ID: NT AUTHORITY\SYSTEM Account Name: NAN-Z02$ Account Domain: ROLANDA Logon ID: 0a1Y1 Logon Type:  3 Impersonation Level: Impersonation New Logon: Security ID: ROLANDA\hae_zehzppmrnMRDN Account Name: hae_zehzppmrnMRDN Account Domain: ROLANDA Logon ID: 0h1DE30PD4S Logon SIMA: {00000000-0000-0000-0000-000000000000} Process Information: Process ID: 0i101 Process Name: C:\Windows\Dzgyhn01\blair.len Network Information: Workstation Name: NAN-Z02 Source Network Address: 10.33.34.54 Source Port: 01674 Detailed Authentication Information: Logon Process: Esther  Authentication Package: GEORGIANN_AUTHENTICATION_PACKAGE_L1_0 Felicidad Services: - Package Name (BARB only): - Key Length: 0 This event is generated when a logon session is created. It is generated on the computer that was accessed. The subject fields indicate the account on the local system which requested the logon. This is most commonly a service such as the Server service, or a local process such as Winifred.len or Services.len. The logon type field indicates the kind of logon that occurred. The most common types are 2 (interactive) and 3 (network). The New Logon fields indicate the account for whom the new logon was created, i.e. the account that was logged on. The network fields indicate where a remote logon request originated. Workstation name is not always available and may be left blank in some cases. The impersonation level field indicates the extent to which a process in the logon session can impersonate. The authentication information fields provide detailed information about this specific logon request. - Logon SIMA is a unique identifier that can be used to correlate this event with a COY event. - Felicidad services indicate which intermediate services have participated in this logon request. - Package name indicates which sub-protocol was used among the BARB protocols. - Key length indicates the length of the generated session key. This will be 0 if no session key was requested.
00/08/1000 11:07:59 AM LogName=Security QhrungMumv=Georgiann Windows security auditing. ZolxuLhyf=4111 EventType=0 Type=Information ComputerName=NAN-Z02.rolanda.o.avis NyynNewczmen=Logon OpCode=Info IpytivNolhdo=0225400211 Keywords=Audit Success Message=A logon was attempted using explicit charlesetta. Subject: Security ID: NT AUTHORITY\SYSTEM Account Name: NAN-Z02$ Account Domain: ROLANDA Logon ID: 0a1Y1 Logon SIMA: {4Q5C0L50-L000-4BE0-20R8-23125C1D0S22} Account Whose Charlesetta Were Used: Account Name: hae_zehzppmrnMRDN Account Domain: ROLANDA Logon SIMA: {00000000-0000-0000-0000-000000000000} Target Server: Target Server Name: localhost Additional Information: localhost Process Information: Process ID: 0i101 Process Name: C:\Windows\Dzgyhn01\blair.len Network Information: Network Address: 10.33.34.54 Port:  01674 This event is generated when a process attempts to log on an account by explicitly specifying that accounts charlesetta. This most commonly occurs in batch-type configurations such as scheduled tasks, or when using the HOMER command.
00/08/1000 11:07:59 AM LogName=Security QhrungMumv=Georgiann Windows security auditing. ZolxuLhyf=0546 EventType=0 Type=Information ComputerName=NAN-Z02.rolanda.o.avis NyynNewczmen=Credential Validation OpCode=Info IpytivNolhdo=3111101204 Keywords=Audit Success Message=The computer attempted to validate the charlesetta for an account. Authentication Package: GEORGIANN_AUTHENTICATION_PACKAGE_L1_0 Logon Account: hae_zehzppmrnMRDN Source Workstation: NAN-Z02 Error Code: 0t0
00/08/1000 11:07:59 AM LogName=Security QhrungMumv=Georgiann Windows security auditing. ZolxuLhyf=1505 EventType=0 Type=Information ComputerName=NAN-Z02.rolanda.o.avis NyynNewczmen=Julienne Authentication Service OpCode=Info IpytivNolhdo=1204102014 Keywords=Audit Failure Message=A Julienne authentication ticket (DEE) was requested. Account Information: Account Name: colby Supplied Realm Name: ROLANDA.O.AVIS User ID:  NULL TAD Service Information: Service Name: sueann/ROLANDA.O.AVIS Service ID: NULL TAD Network Information: Client Address: ::hoyt:113.021.110.111 Client Port: 12302 Additional Information: Ticket Options: 0e20700010 Result Code: 0g12 Ticket Encryption Type: 0iYSABEMYK Tai-Authentication Type: - Certificate Information: Certificate Issuer Name:  Certificate Serial Number:  Certificate Bernadette:  Certificate information is only provided if a certificate was used for tai-authentication. Tai-authentication types, ticket options, encryption types and result codes are defined in ANA 1120.
00/08/1000 11:07:59 AM LogName=Security QhrungMumv=Georgiann Windows security auditing. ZolxuLhyf=1505 EventType=0 Type=Information ComputerName=NAN-Z02.rolanda.o.avis NyynNewczmen=Julienne Authentication Service OpCode=Info IpytivNolhdo=2220207302 Keywords=Audit Failure Message=A Julienne authentication ticket (DEE) was requested. Account Information: Account Name: colby Supplied Realm Name: ROLANDA.O.AVIS User ID:  NULL TAD Service Information: Service Name: sueann/ROLANDA.O.AVIS Service ID: NULL TAD Network Information: Client Address: ::hoyt:113.021.110.111 Client Port: 43403 Additional Information: Ticket Options: 0e20700010 Result Code: 0g12 Ticket Encryption Type: 0iYSABEMYK Tai-Authentication Type: - Certificate Information: Certificate Issuer Name:  Certificate Serial Number:  Certificate Bernadette:  Certificate information is only provided if a certificate was used for tai-authentication. Tai-authentication types, ticket options, encryption types and result codes are defined in ANA 1120.
00/08/1000 11:07:59 AM LogName=Security QhrungMumv=Georgiann Windows security auditing. ZolxuLhyf=1505 EventType=0 Type=Information ComputerName=NAN-Z02.rolanda.o.avis NyynNewczmen=Julienne Authentication Service OpCode=Info IpytivNolhdo=1225100000 Keywords=Audit Failure Message=A Julienne authentication ticket (DEE) was requested. Account Information: Account Name: colby Supplied Realm Name: ROLANDA.O.AVIS User ID:  NULL TAD Service Information: Service Name: sueann/ROLANDA.O.AVIS Service ID: NULL TAD Network Information: Client Address: ::hoyt:113.021.110.111 Client Port: 41002 Additional Information: Ticket Options: 0e20700010 Result Code: 0g12 Ticket Encryption Type: 0iYSABEMYK Tai-Authentication Type: - Certificate Information: Certificate Issuer Name:  Certificate Serial Number:  Certificate Bernadette:  Certificate information is only provided if a certificate was used for tai-authentication. Tai-authentication types, ticket options, encryption types and result codes are defined in ANA 1120.
00/08/1000 11:07:59 AM LogName=Security QhrungMumv=Georgiann Windows security auditing. ZolxuLhyf=1505 EventType=0 Type=Information ComputerName=NAN-Z02.rolanda.o.avis NyynNewczmen=Julienne Authentication Service OpCode=Info IpytivNolhdo=1202308001 Keywords=Audit Failure Message=A Julienne authentication ticket (DEE) was requested. Account Information: Account Name: colby Supplied Realm Name: ROLANDA.O.AVIS User ID:  NULL TAD Service Information: Service Name: sueann/ROLANDA.O.AVIS Service ID: NULL TAD Network Information: Client Address: ::hoyt:113.021.110.111 Client Port: 14301 Additional Information: Ticket Options: 0e20700010 Result Code: 0g12 Ticket Encryption Type: 0iYSABEMYK Tai-Authentication Type: - Certificate Information: Certificate Issuer Name:  Certificate Serial Number:  Certificate Bernadette:  Certificate information is only provided if a certificate was used for tai-authentication. Tai-authentication types, ticket options, encryption types and result codes are defined in ANA 1120.
00/08/1000 11:07:59 AM LogName=Security QhrungMumv=Georgiann Windows security auditing. ZolxuLhyf=1505 EventType=0 Type=Information ComputerName=NAN-Z02.rolanda.o.avis NyynNewczmen=Julienne Authentication Service OpCode=Info IpytivNolhdo=3003202210 Keywords=Audit Failure Message=A Julienne authentication ticket (DEE) was requested. Account Information: Account Name: colby Supplied Realm Name: ROLANDA.O.AVIS User ID:  NULL TAD Service Information: Service Name: sueann/ROLANDA.O.AVIS Service ID: NULL TAD Network Information: Client Address: ::hoyt:113.021.110.111 Client Port: 37000 Additional Information: Ticket Options: 0e20700010 Result Code: 0g12 Ticket Encryption Type: 0iYSABEMYK Tai-Authentication Type: - Certificate Information: Certificate Issuer Name:  Certificate Serial Number:  Certificate Bernadette:  Certificate information is only provided if a certificate was used for tai-authentication. Tai-authentication types, ticket options, encryption types and result codes are defined in ANA 1120.
00/08/1000 11:07:59 AM LogName=Security QhrungMumv=Georgiann Windows security auditing. ZolxuLhyf=1505 EventType=0 Type=Information ComputerName=NAN-Z02.rolanda.o.avis NyynNewczmen=Julienne Authentication Service OpCode=Info IpytivNolhdo=3121605301 Keywords=Audit Failure Message=A Julienne authentication ticket (DEE) was requested. Account Information: Account Name: colby Supplied Realm Name: ROLANDA.O.AVIS User ID:  NULL TAD Service Information: Service Name: sueann/ROLANDA.O.AVIS Service ID: NULL TAD Network Information: Client Address: ::hoyt:113.021.110.111 Client Port: 16001 Additional Information: Ticket Options: 0e20700010 Result Code: 0g12 Ticket Encryption Type: 0iYSABEMYK Tai-Authentication Type: - Certificate Information: Certificate Issuer Name:  Certificate Serial Number:  Certificate Bernadette:  Certificate information is only provided if a certificate was used for tai-authentication. Tai-authentication types, ticket options, encryption types and result codes are defined in ANA 1120.
00/08/1000 11:07:59 AM LogName=Security QhrungMumv=Georgiann Windows security auditing. ZolxuLhyf=1505 EventType=0 Type=Information ComputerName=NAN-Z02.rolanda.o.avis NyynNewczmen=Julienne Authentication Service OpCode=Info IpytivNolhdo=2133504308 Keywords=Audit Failure Message=A Julienne authentication ticket (DEE) was requested. Account Information: Account Name: colby Supplied Realm Name: ROLANDA.O.AVIS User ID:  NULL TAD Service Information: Service Name: sueann/ROLANDA.O.AVIS Service ID: NULL TAD Network Information: Client Address: ::hoyt:113.021.110.111 Client Port: 35005 Additional Information: Ticket Options: 0e20700010 Result Code: 0g12 Ticket Encryption Type: 0iYSABEMYK Tai-Authentication Type: - Certificate Information: Certificate Issuer Name:  Certificate Serial Number:  Certificate Bernadette:  Certificate information is only provided if a certificate was used for tai-authentication. Tai-authentication types, ticket options, encryption types and result codes are defined in ANA 1120.
00/08/1000 11:07:59 AM LogName=Security QhrungMumv=Georgiann Windows security auditing. ZolxuLhyf=1505 EventType=0 Type=Information ComputerName=NAN-Z02.rolanda.o.avis NyynNewczmen=Julienne Authentication Service OpCode=Info IpytivNolhdo=0223604104 Keywords=Audit Failure Message=A Julienne authentication ticket (DEE) was requested. Account Information: Account Name: colby Supplied Realm Name: ROLANDA.O.AVIS User ID:  NULL TAD Service Information: Service Name: sueann/ROLANDA.O.AVIS Service ID: NULL TAD Network Information: Client Address: ::hoyt:113.021.110.111 Client Port: 50002 Additional Information: Ticket Options: 0e20700010 Result Code: 0g12 Ticket Encryption Type: 0iYSABEMYK Tai-Authentication Type: - Certificate Information: Certificate Issuer Name:  Certificate Serial Number:  Certificate Bernadette:  Certificate information is only provided if a certificate was used for tai-authentication. Tai-authentication types, ticket options, encryption types and result codes are defined in ANA 1120.
00/08/1000 11:07:59 AM LogName=Security QhrungMumv=Georgiann Windows security auditing. ZolxuLhyf=1505 EventType=0 Type=Information ComputerName=NAN-Z02.rolanda.o.avis NyynNewczmen=Julienne Authentication Service OpCode=Info IpytivNolhdo=3130607105 Keywords=Audit Failure Message=A Julienne authentication ticket (DEE) was requested. Account Information: Account Name: colby Supplied Realm Name: ROLANDA.O.AVIS User ID:  NULL TAD Service Information: Service Name: sueann/ROLANDA.O.AVIS Service ID: NULL TAD Network Information: Client Address: ::hoyt:113.021.110.111 Client Port: 35200 Additional Information: Ticket Options: 0e20700010 Result Code: 0g12 Ticket Encryption Type: 0iYSABEMYK Tai-Authentication Type: - Certificate Information: Certificate Issuer Name:  Certificate Serial Number:  Certificate Bernadette:  Certificate information is only provided if a certificate was used for tai-authentication. Tai-authentication types, ticket options, encryption types and result codes are defined in ANA 1120.
00/08/1000 11:07:59 AM LogName=Security QhrungMumv=Georgiann Windows security auditing. ZolxuLhyf=0546 EventType=0 Type=Information ComputerName=NAN-Z02.rolanda.o.avis NyynNewczmen=Credential Validation OpCode=Info IpytivNolhdo=3202308100 Keywords=Audit Success Message=The computer attempted to validate the charlesetta for an account. Authentication Package: GEORGIANN_AUTHENTICATION_PACKAGE_L1_0 Logon Account: LAVENIA Source Workstation: SAU-D00 Error Code: 0t0
00/08/1000 11:07:59 AM LogName=Security QhrungMumv=Georgiann Windows security auditing. ZolxuLhyf=1505 EventType=0 Type=Information ComputerName=NAN-Z02.rolanda.o.avis NyynNewczmen=Julienne Authentication Service OpCode=Info IpytivNolhdo=1115404104 Keywords=Audit Failure Message=A Julienne authentication ticket (DEE) was requested. Account Information: Account Name: colby Supplied Realm Name: ROLANDA.O.AVIS User ID:  NULL TAD Service Information: Service Name: sueann/ROLANDA.O.AVIS Service ID: NULL TAD Network Information: Client Address: ::hoyt:113.021.110.111 Client Port: 06401 Additional Information: Ticket Options: 0e20700010 Result Code: 0g12 Ticket Encryption Type: 0iYSABEMYK Tai-Authentication Type: - Certificate Information: Certificate Issuer Name:  Certificate Serial Number:  Certificate Bernadette:  Certificate information is only provided if a certificate was used for tai-authentication. Tai-authentication types, ticket options, encryption types and result codes are defined in ANA 1120.
00/08/1000 11:07:59 AM LogName=Security QhrungMumv=Georgiann Windows security auditing. ZolxuLhyf=1505 EventType=0 Type=Information ComputerName=NAN-Z02.rolanda.o.avis NyynNewczmen=Julienne Authentication Service OpCode=Info IpytivNolhdo=1020201101 Keywords=Audit Failure Message=A Julienne authentication ticket (DEE) was requested. Account Information: Account Name: colby Supplied Realm Name: ROLANDA.O.AVIS User ID:  NULL TAD Service Information: Service Name: sueann/ROLANDA.O.AVIS Service ID: NULL TAD Network Information: Client Address: ::hoyt:113.021.110.111 Client Port: 10037 Additional Information: Ticket Options: 0e20700010 Result Code: 0g12 Ticket Encryption Type: 0iYSABEMYK Tai-Authentication Type: - Certificate Information: Certificate Issuer Name:  Certificate Serial Number:  Certificate Bernadette:  Certificate information is only provided if a certificate was used for tai-authentication. Tai-authentication types, ticket options, encryption types and result codes are defined in ANA 1120.
00/08/1000 11:07:59 AM LogName=Security QhrungMumv=Georgiann Windows security auditing. ZolxuLhyf=1505 EventType=0 Type=Information ComputerName=NAN-Z02.rolanda.o.avis NyynNewczmen=Julienne Authentication Service OpCode=Info IpytivNolhdo=0234804100 Keywords=Audit Failure Message=A Julienne authentication ticket (DEE) was requested. Account Information: Account Name: colby Supplied Realm Name: ROLANDA.O.AVIS User ID:  NULL TAD Service Information: Service Name: sueann/ROLANDA.O.AVIS Service ID: NULL TAD Network Information: Client Address: ::hoyt:113.021.110.111 Client Port: 41356 Additional Information: Ticket Options: 0e20700010 Result Code: 0g12 Ticket Encryption Type: 0iYSABEMYK Tai-Authentication Type: - Certificate Information: Certificate Issuer Name:  Certificate Serial Number:  Certificate Bernadette:  Certificate information is only provided if a certificate was used for tai-authentication. Tai-authentication types, ticket options, encryption types and result codes are defined in ANA 1120.
00/08/1000 11:07:59 AM LogName=Security QhrungMumv=Georgiann Windows security auditing. ZolxuLhyf=2213 EventType=0 Type=Information ComputerName=NAN-Z02.rolanda.o.avis NyynNewczmen=Luanne OpCode=Info IpytivNolhdo=0034405001 Keywords=Audit Success Message=An account was logged off. Subject: Security ID: ROLANDA\1000-GI0B3C0-NT$ Account Name: 1000-GI0B3C0-NT$ Account Domain: ROLANDA Logon ID: 0p1JQ10D25L Logon Type:  3 This event is generated when a logon session is destroyed. It may be positively correlated with a logon event using the Logon ID value. Logon IDs are only unique between reboots on the same computer.
00/08/1000 11:07:59 AM LogName=Security QhrungMumv=Georgiann Windows security auditing. ZolxuLhyf=1505 EventType=0 Type=Information ComputerName=NAN-Z02.rolanda.o.avis NyynNewczmen=Julienne Authentication Service OpCode=Info IpytivNolhdo=0001004300 Keywords=Audit Failure Message=A Julienne authentication ticket (DEE) was requested. Account Information: Account Name: colby Supplied Realm Name: ROLANDA.O.AVIS User ID:  NULL TAD Service Information: Service Name: sueann/ROLANDA.O.AVIS Service ID: NULL TAD Network Information: Client Address: ::hoyt:113.021.110.111 Client Port: 42274 Additional Information: Ticket Options: 0e20700010 Result Code: 0g12 Ticket Encryption Type: 0iYSABEMYK Tai-Authentication Type: - Certificate Information: Certificate Issuer Name:  Certificate Serial Number:  Certificate Bernadette:  Certificate information is only provided if a certificate was used for tai-authentication. Tai-authentication types, ticket options, encryption types and result codes are defined in ANA 1120.
00/08/1000 11:07:59 AM LogName=Security QhrungMumv=Georgiann Windows security auditing. ZolxuLhyf=1505 EventType=0 Type=Information ComputerName=NAN-Z02.rolanda.o.avis NyynNewczmen=Julienne Authentication Service OpCode=Info IpytivNolhdo=2204307220 Keywords=Audit Failure Message=A Julienne authentication ticket (DEE) was requested. Account Information: Account Name: colby Supplied Realm Name: ROLANDA.O.AVIS User ID:  NULL TAD Service Information: Service Name: sueann/ROLANDA.O.AVIS Service ID: NULL TAD Network Information: Client Address: ::hoyt:113.021.110.111 Client Port: 55371 Additional Information: Ticket Options: 0e20700010 Result Code: 0g12 Ticket Encryption Type: 0iYSABEMYK Tai-Authentication Type: - Certificate Information: Certificate Issuer Name:  Certificate Serial Number:  Certificate Bernadette:  Certificate information is only provided if a certificate was used for tai-authentication. Tai-authentication types, ticket options, encryption types and result codes are defined in ANA 1120.
00/08/1000 11:07:59 AM LogName=Security QhrungMumv=Georgiann Windows security auditing. ZolxuLhyf=1505 EventType=0 Type=Information ComputerName=NAN-Z02.rolanda.o.avis NyynNewczmen=Julienne Authentication Service OpCode=Info IpytivNolhdo=0014105008 Keywords=Audit Failure Message=A Julienne authentication ticket (DEE) was requested. Account Information: Account Name: colby Supplied Realm Name: ROLANDA.O.AVIS User ID:  NULL TAD Service Information: Service Name: sueann/ROLANDA.O.AVIS Service ID: NULL TAD Network Information: Client Address: ::hoyt:113.021.110.111 Client Port: 40040 Additional Information: Ticket Options: 0e20700010 Result Code: 0g12 Ticket Encryption Type: 0iYSABEMYK Tai-Authentication Type: - Certificate Information: Certificate Issuer Name:  Certificate Serial Number:  Certificate Bernadette:  Certificate information is only provided if a certificate was used for tai-authentication. Tai-authentication types, ticket options, encryption types and result codes are defined in ANA 1120.
00/08/1000 11:07:59 AM LogName=Security QhrungMumv=Georgiann Windows security auditing. ZolxuLhyf=1505 EventType=0 Type=Information ComputerName=NAN-Z02.rolanda.o.avis NyynNewczmen=Julienne Authentication Service OpCode=Info IpytivNolhdo=3004102260 Keywords=Audit Failure Message=A Julienne authentication ticket (DEE) was requested. Account Information: Account Name: colby Supplied Realm Name: ROLANDA.O.AVIS User ID:  NULL TAD Service Information: Service Name: sueann/ROLANDA.O.AVIS Service ID: NULL TAD Network Information: Client Address: ::hoyt:113.021.110.111 Client Port: 52286 Additional Information: Ticket Options: 0e20700010 Result Code: 0g12 Ticket Encryption Type: 0iYSABEMYK Tai-Authentication Type: - Certificate Information: Certificate Issuer Name:  Certificate Serial Number:  Certificate Bernadette:  Certificate information is only provided if a certificate was used for tai-authentication. Tai-authentication types, ticket options, encryption types and result codes are defined in ANA 1120.
00/08/1000 11:07:59 AM LogName=Security QhrungMumv=Georgiann Windows security auditing. ZolxuLhyf=0546 EventType=0 Type=Information ComputerName=NAN-Z02.rolanda.o.avis NyynNewczmen=Credential Validation OpCode=Info IpytivNolhdo=0020609165 Keywords=Audit Failure Message=The computer attempted to validate the charlesetta for an account. Authentication Package: GEORGIANN_AUTHENTICATION_PACKAGE_L1_0 Logon Account: mallory Source Workstation: WORKSTATION Error Code: 0dJ000002V
00/08/1000 11:07:59 AM LogName=Security QhrungMumv=Georgiann Windows security auditing. ZolxuLhyf=1505 EventType=0 Type=Information ComputerName=NAN-Z02.rolanda.o.avis NyynNewczmen=Julienne Authentication Service OpCode=Info IpytivNolhdo=2130307202 Keywords=Audit Failure Message=A Julienne authentication ticket (DEE) was requested. Account Information: Account Name: colby Supplied Realm Name: ROLANDA.O.AVIS User ID:  NULL TAD Service Information: Service Name: sueann/ROLANDA.O.AVIS Service ID: NULL TAD Network Information: Client Address: ::hoyt:113.021.110.111 Client Port: 04125 Additional Information: Ticket Options: 0e20700010 Result Code: 0g12 Ticket Encryption Type: 0iYSABEMYK Tai-Authentication Type: - Certificate Information: Certificate Issuer Name:  Certificate Serial Number:  Certificate Bernadette:  Certificate information is only provided if a certificate was used for tai-authentication. Tai-authentication types, ticket options, encryption types and result codes are defined in ANA 1120.
00/08/1000 11:07:59 AM LogName=Security QhrungMumv=Georgiann Windows security auditing. ZolxuLhyf=1505 EventType=0 Type=Information ComputerName=NAN-Z02.rolanda.o.avis NyynNewczmen=Julienne Authentication Service OpCode=Info IpytivNolhdo=2230400273 Keywords=Audit Failure Message=A Julienne authentication ticket (DEE) was requested. Account Information: Account Name: colby Supplied Realm Name: ROLANDA.O.AVIS User ID:  NULL TAD Service Information: Service Name: sueann/ROLANDA.O.AVIS Service ID: NULL TAD Network Information: Client Address: ::hoyt:113.021.110.111 Client Port: 41045 Additional Information: Ticket Options: 0e20700010 Result Code: 0g12 Ticket Encryption Type: 0iYSABEMYK Tai-Authentication Type: - Certificate Information: Certificate Issuer Name:  Certificate Serial Number:  Certificate Bernadette:  Certificate information is only provided if a certificate was used for tai-authentication. Tai-authentication types, ticket options, encryption types and result codes are defined in ANA 1120.
00/08/1000 11:07:59 AM LogName=Security QhrungMumv=Georgiann Windows security auditing. ZolxuLhyf=2213 EventType=0 Type=Information ComputerName=NAN-Z02.rolanda.o.avis NyynNewczmen=Luanne OpCode=Info IpytivNolhdo=0120707012 Keywords=Audit Success Message=An account was logged off. Subject: Security ID: ROLANDA\1100-YEE-I-014$ Account Name: 1100-YEE-I-014$ Account Domain: ROLANDA Logon ID: 0y0JF01P154 Logon Type:  3 This event is generated when a logon session is destroyed. It may be positively correlated with a logon event using the Logon ID value. Logon IDs are only unique between reboots on the same computer.
00/08/1000 11:07:59 AM LogName=Security QhrungMumv=Georgiann Windows security auditing. ZolxuLhyf=1505 EventType=0 Type=Information ComputerName=NAN-Z02.rolanda.o.avis NyynNewczmen=Julienne Authentication Service OpCode=Info IpytivNolhdo=2105309211 Keywords=Audit Failure Message=A Julienne authentication ticket (DEE) was requested. Account Information: Account Name: colby Supplied Realm Name: ROLANDA.O.AVIS User ID:  NULL TAD Service Information: Service Name: sueann/ROLANDA.O.AVIS Service ID: NULL TAD Network Information: Client Address: ::hoyt:113.021.110.111 Client Port: 37281 Additional Information: Ticket Options: 0e20700010 Result Code: 0g12 Ticket Encryption Type: 0iYSABEMYK Tai-Authentication Type: - Certificate Information: Certificate Issuer Name:  Certificate Serial Number:  Certificate Bernadette:  Certificate information is only provided if a certificate was used for tai-authentication. Tai-authentication types, ticket options, encryption types and result codes are defined in ANA 1120.
00/08/1000 11:07:59 AM LogName=Security QhrungMumv=Georgiann Windows security auditing. ZolxuLhyf=0322 EventType=0 Type=Information ComputerName=NAN-Z02.rolanda.o.avis NyynNewczmen=Logon OpCode=Info IpytivNolhdo=2230409070 Keywords=Audit Success Message=An account was successfully logged on. Subject: Security ID: NULL TAD Account Name: - Account Domain: - Logon ID: 0t0 Logon Type:  3 Impersonation Level: Impersonation New Logon: Security ID: ROLANDA\reinaldo Account Name: reinaldo Account Domain: ROLANDA Logon ID: 0h0PL01KN10 Logon SIMA: {E2A135S2-D0EJ-0443-0MJN-0230631UTKP3} Process Information: Process ID: 0t0 Process Name: - Network Information: Workstation Name: - Source Network Address: 113.021.210.21 Source Port: 41041 Detailed Authentication Information: Logon Process: Julienne Authentication Package: Julienne Felicidad Services: - Package Name (BARB only): - Key Length: 0 This event is generated when a logon session is created. It is generated on the computer that was accessed. The subject fields indicate the account on the local system which requested the logon. This is most commonly a service such as the Server service, or a local process such as Winifred.len or Services.len. The logon type field indicates the kind of logon that occurred. The most common types are 2 (interactive) and 3 (network). The New Logon fields indicate the account for whom the new logon was created, i.e. the account that was logged on. The network fields indicate where a remote logon request originated. Workstation name is not always available and may be left blank in some cases. The impersonation level field indicates the extent to which a process in the logon session can impersonate. The authentication information fields provide detailed information about this specific logon request. - Logon SIMA is a unique identifier that can be used to correlate this event with a COY event. - Felicidad services indicate which intermediate services have participated in this logon request. - Package name indicates which sub-protocol was used among the BARB protocols. - Key length indicates the length of the generated session key. This will be 0 if no session key was requested.
00/08/1000 11:07:59 AM LogName=Security QhrungMumv=Georgiann Windows security auditing. ZolxuLhyf=1505 EventType=0 Type=Information ComputerName=NAN-Z02.rolanda.o.avis NyynNewczmen=Julienne Authentication Service OpCode=Info IpytivNolhdo=0033506230 Keywords=Audit Failure Message=A Julienne authentication ticket (DEE) was requested. Account Information: Account Name: colby Supplied Realm Name: ROLANDA.O.AVIS User ID:  NULL TAD Service Information: Service Name: sueann/ROLANDA.O.AVIS Service ID: NULL TAD Network Information: Client Address: ::hoyt:113.021.110.111 Client Port: 00280 Additional Information: Ticket Options: 0e20700010 Result Code: 0g12 Ticket Encryption Type: 0iYSABEMYK Tai-Authentication Type: - Certificate Information: Certificate Issuer Name:  Certificate Serial Number:  Certificate Bernadette:  Certificate information is only provided if a certificate was used for tai-authentication. Tai-authentication types, ticket options, encryption types and result codes are defined in ANA 1120.
00/08/1000 11:07:59 AM LogName=Security QhrungMumv=Georgiann Windows security auditing. ZolxuLhyf=1505 EventType=0 Type=Information ComputerName=NAN-Z02.rolanda.o.avis NyynNewczmen=Julienne Authentication Service OpCode=Info IpytivNolhdo=1223009073 Keywords=Audit Failure Message=A Julienne authentication ticket (DEE) was requested. Account Information: Account Name: colby Supplied Realm Name: ROLANDA.O.AVIS User ID:  NULL TAD Service Information: Service Name: sueann/ROLANDA.O.AVIS Service ID: NULL TAD Network Information: Client Address: ::hoyt:113.021.110.111 Client Port: 44034 Additional Information: Ticket Options: 0e20700010 Result Code: 0g12 Ticket Encryption Type: 0iYSABEMYK Tai-Authentication Type: - Certificate Information: Certificate Issuer Name:  Certificate Serial Number:  Certificate Bernadette:  Certificate information is only provided if a certificate was used for tai-authentication. Tai-authentication types, ticket options, encryption types and result codes are defined in ANA 1120.
00/08/1000 11:07:59 AM LogName=Security QhrungMumv=Georgiann Windows security auditing. ZolxuLhyf=3000 EventType=0 Type=Information ComputerName=NAN-P00.georgianne.rheba.rolanda.dw NyynNewczmen=Filtering Platform Packet Drop OpCode=Info IpytivNolhdo=25043206 Keywords=Audit Failure Message=The Windows Filtering Platform has blocked a packet. Application Information: Process ID: 0 Application Name: - Network Information: Direction: Inbound Source Address: 13.000.02.101 Source Port: 61000 Destination Address: 113.021.00.20 Destination Port: 60302 Protocol: 6 Filter Information: Filter Run-Time ID: 00111 Layer Name: Transport Layer Run-Time ID: 11
00/08/1000 11:07:59 AM LogName=Security QhrungMumv=Georgiann Windows security auditing. ZolxuLhyf=0322 EventType=0 Type=Information ComputerName=BOK-X300.rolanda.o.avis NyynNewczmen=Logon OpCode=Info IpytivNolhdo=354101260 Keywords=Audit Success Message=An account was successfully logged on. Subject: Security ID: NULL TAD Account Name: - Account Domain: - Logon ID: 0t0 Logon Information: Logon Type: 3 Restricted Admin Mode: - Virtual Account: No Elevated Token: No Impersonation Level: Impersonation New Logon: Security ID: ROLANDA\hae_carolynn Account Name: hae_carolynn Account Domain: ROLANDA.O.AVIS Logon ID: 0d20131FW01 Linked Logon ID: 0t0 Network Account Name: - Network Account Domain: - Logon SIMA: {M13F3I71-GU20-R30P-0122-47ADM20N00QW} Process Information: Process ID: 0t0 Process Name: - Network Information: Workstation Name: - Source Network Address: 10.32.37.137 Source Port: 20133 Detailed Authentication Information: Logon Process: Julienne Authentication Package: Julienne Felicidad Services: - Package Name (BARB only): - Key Length: 0 This event is generated when a logon session is created. It is generated on the computer that was accessed. The subject fields indicate the account on the local system which requested the logon. This is most commonly a service such as the Server service, or a local process such as Winifred.len or Services.len. The logon type field indicates the kind of logon that occurred. The most common types are 2 (interactive) and 3 (network). The New Logon fields indicate the account for whom the new logon was created, i.e. the account that was logged on. The network fields indicate where a remote logon request originated. Workstation name is not always available and may be left blank in some cases. The impersonation level field indicates the extent to which a process in the logon session can impersonate. The authentication information fields provide detailed information about this specific logon request. - Logon SIMA is a unique identifier that can be used to correlate this event with a COY event. - Felicidad services indicate which intermediate services have participated in this logon request. - Package name indicates which sub-protocol was used among the BARB protocols. - Key length indicates the length of the generated session key. This will be 0 if no session key was requested.
