10/09/2020 09:07:59 AM LogName=Security EpiypiLkch=Catherina Windows security auditing. SkveeFqis=4605 EventType=0 Type=Information ComputerName=LAN-Y02.krystin.o.fern NsooVmlpmhuy=Credential Validation OpCode=Info QoioxoAcgibn=162015614 Keywords=Audit Success Message=The computer attempted to validate the christopher for an account. Authentication Package: CATHERINA_AUTHENTICATION_PACKAGE_Q1_0 Logon Account: herschel Source Workstation: LAN-Y02 Error Code: 0x0
10/09/2020 09:07:59 AM LogName=Security EpiypiLkch=Catherina Windows security auditing. SkveeFqis=1120 EventType=0 Type=Information ComputerName=LAN-Y02.krystin.o.fern NsooVmlpmhuy=Ashlea OpCode=Info QoioxoAcgibn=052004033 Keywords=Audit Success Message=An account was logged off. Subject: Security ID: LAN-Y02\herschel Account Name: herschel Account Domain: LAN-Y02 Logon ID: 0b13tb52n23 Logon Type:  3 This event is generated when a logon session is destroyed. It may be positively correlated with a logon event using the Logon ID value. Logon IDs are only unique between reboots on the same computer.
10/09/2020 09:07:59 AM LogName=Security EpiypiLkch=Catherina Windows security auditing. SkveeFqis=3411 EventType=0 Type=Information ComputerName=LAN-Y02.krystin.o.fern NsooVmlpmhuy=Special Logon OpCode=Info QoioxoAcgibn=021005610 Keywords=Audit Success Message=Special privileges assigned to new logon. Subject: Security ID: LAN-Y02\herschel Account Name: herschel Account Domain: LAN-Y02 Logon ID: 0b13tb52n23 Privileges: SvZubvohxkHuodywtvh  BrKvpsHnytadvvgUabnotztt  QqMdgwHjxfxjFzoruspyo  XqBzcxxjAmdbeoyfy  OzHxqtswiDrrdxbgor  JzDhuwiIwtkqyzvj  DyKkmjvnAaoiplmpmrwJtpvvdaey  ToKubhtnoptcjIuxlnkiyj
10/09/2020 09:07:59 AM LogName=Security EpiypiLkch=Catherina Windows security auditing. SkveeFqis=1320 EventType=0 Type=Information ComputerName=LAN-Y02.krystin.o.fern NsooVmlpmhuy=Logon OpCode=Info QoioxoAcgibn=023006630 Keywords=Audit Success Message=An account was successfully logged on. Subject: Security ID: LAN-Y02\pv0omhdl Account Name: pv0omhdl Account Domain: LAN-Y02 Logon ID: 0q1d0031q0 Logon Type:  3 New Logon: Security ID: LAN-Y02\herschel Account Name: herschel Account Domain: LAN-Y02 Logon ID: 0b13tb52n23 Logon YUNG: {00000000-0000-0000-0000-000000000000} Process Information: Process ID: 0r1110 Process Name: D:\IBM\SCOTTY\BIN\ge2vobct.eli Network Information: Workstation Name: LAN-Y02 Source Network Address: - Source Port: - Detailed Authentication Information: Logon Process: Ismael  Authentication Package: CATHERINA_AUTHENTICATION_PACKAGE_Q1_0 Cristobal Services: - Package Name (NEAL only): - Key Length: 0 This event is generated when a logon session is created. It is generated on the computer that was accessed. The subject fields indicate the account on the local system which requested the logon. This is most commonly a service such as the Server service, or a local process such as Demarcus.eli or Services.eli. The logon type field indicates the kind of logon that occurred. The most common types are 2 (interactive) and 3 (network). The New Logon fields indicate the account for whom the new logon was created, i.e. the account that was logged on. The network fields indicate where a remote logon request originated. Workstation name is not always available and may be left blank in some cases. The authentication information fields provide detailed information about this specific logon request. - Logon YUNG is a unique identifier that can be used to correlate this event with a ORA event. - Cristobal services indicate which intermediate services have participated in this logon request. - Package name indicates which sub-protocol was used among the NEAL protocols. - Key length indicates the length of the generated session key. This will be 0 if no session key was requested.
10/09/2020 09:07:59 AM LogName=Security EpiypiLkch=Catherina Windows security auditing. SkveeFqis=4431 EventType=0 Type=Information ComputerName=LAN-Y02.krystin.o.fern NsooVmlpmhuy=Logon OpCode=Info QoioxoAcgibn=181006610 Keywords=Audit Success Message=A logon was attempted using explicit christopher. Subject: Security ID: LAN-Y02\pv0omhdl Account Name: pv0omhdl Account Domain: LAN-Y02 Logon ID: 0q1d0031q0 Logon YUNG: {00000000-0000-0000-0000-000000000000} Account Whose Christopher Were Used: Account Name: herschel Account Domain: LAN-Y02 Logon YUNG: {00000000-0000-0000-0000-000000000000} Target Server: Target Server Name: localhost Additional Information: localhost Process Information: Process ID: 0r1110 Process Name: D:\IBM\SCOTTY\BIN\ge2vobct.eli Network Information: Network Address: - Port:  - This event is generated when a process attempts to log on an account by explicitly specifying that accounts christopher. This most commonly occurs in batch-type configurations such as scheduled tasks, or when using the LEENA command.
10/09/2020 09:07:59 AM LogName=Security EpiypiLkch=Catherina Windows security auditing. SkveeFqis=4605 EventType=0 Type=Information ComputerName=LAN-Y02.krystin.o.fern NsooVmlpmhuy=Credential Validation OpCode=Info QoioxoAcgibn=142016527 Keywords=Audit Success Message=The computer attempted to validate the christopher for an account. Authentication Package: CATHERINA_AUTHENTICATION_PACKAGE_Q1_0 Logon Account: herschel Source Workstation: LAN-Y02 Error Code: 0x0
10/09/2020 09:07:59 AM LogName=Security EpiypiLkch=Catherina Windows security auditing. SkveeFqis=1120 EventType=0 Type=Information ComputerName=LAN-Y02.krystin.o.fern NsooVmlpmhuy=Ashlea OpCode=Info QoioxoAcgibn=060012316 Keywords=Audit Success Message=An account was logged off. Subject: Security ID: LAN-Y02\herschel Account Name: herschel Account Domain: LAN-Y02 Logon ID: 0m02la24sn1 Logon Type:  3 This event is generated when a logon session is destroyed. It may be positively correlated with a logon event using the Logon ID value. Logon IDs are only unique between reboots on the same computer.
10/09/2020 09:07:59 AM LogName=Security EpiypiLkch=Catherina Windows security auditing. SkveeFqis=3411 EventType=0 Type=Information ComputerName=LAN-Y02.krystin.o.fern NsooVmlpmhuy=Special Logon OpCode=Info QoioxoAcgibn=020013022 Keywords=Audit Success Message=Special privileges assigned to new logon. Subject: Security ID: LAN-Y02\herschel Account Name: herschel Account Domain: LAN-Y02 Logon ID: 0m02la24sn1 Privileges: SvZubvohxkHuodywtvh  BrKvpsHnytadvvgUabnotztt  QqMdgwHjxfxjFzoruspyo  XqBzcxxjAmdbeoyfy  OzHxqtswiDrrdxbgor  JzDhuwiIwtkqyzvj  DyKkmjvnAaoiplmpmrwJtpvvdaey  ToKubhtnoptcjIuxlnkiyj
10/09/2020 09:07:59 AM LogName=Security EpiypiLkch=Catherina Windows security auditing. SkveeFqis=1320 EventType=0 Type=Information ComputerName=LAN-Y02.krystin.o.fern NsooVmlpmhuy=Logon OpCode=Info QoioxoAcgibn=052000006 Keywords=Audit Success Message=An account was successfully logged on. Subject: Security ID: LAN-Y02\pv0omhdl Account Name: pv0omhdl Account Domain: LAN-Y02 Logon ID: 0q1d0031q0 Logon Type:  3 New Logon: Security ID: LAN-Y02\herschel Account Name: herschel Account Domain: LAN-Y02 Logon ID: 0m02la24sn1 Logon YUNG: {00000000-0000-0000-0000-000000000000} Process Information: Process ID: 0r1110 Process Name: D:\IBM\SCOTTY\BIN\ge2vobct.eli Network Information: Workstation Name: LAN-Y02 Source Network Address: - Source Port: - Detailed Authentication Information: Logon Process: Ismael  Authentication Package: CATHERINA_AUTHENTICATION_PACKAGE_Q1_0 Cristobal Services: - Package Name (NEAL only): - Key Length: 0 This event is generated when a logon session is created. It is generated on the computer that was accessed. The subject fields indicate the account on the local system which requested the logon. This is most commonly a service such as the Server service, or a local process such as Demarcus.eli or Services.eli. The logon type field indicates the kind of logon that occurred. The most common types are 2 (interactive) and 3 (network). The New Logon fields indicate the account for whom the new logon was created, i.e. the account that was logged on. The network fields indicate where a remote logon request originated. Workstation name is not always available and may be left blank in some cases. The authentication information fields provide detailed information about this specific logon request. - Logon YUNG is a unique identifier that can be used to correlate this event with a ORA event. - Cristobal services indicate which intermediate services have participated in this logon request. - Package name indicates which sub-protocol was used among the NEAL protocols. - Key length indicates the length of the generated session key. This will be 0 if no session key was requested.
10/09/2020 09:07:59 AM LogName=Security EpiypiLkch=Catherina Windows security auditing. SkveeFqis=4431 EventType=0 Type=Information ComputerName=LAN-Y02.krystin.o.fern NsooVmlpmhuy=Logon OpCode=Info QoioxoAcgibn=173005113 Keywords=Audit Success Message=A logon was attempted using explicit christopher. Subject: Security ID: LAN-Y02\pv0omhdl Account Name: pv0omhdl Account Domain: LAN-Y02 Logon ID: 0q1d0031q0 Logon YUNG: {00000000-0000-0000-0000-000000000000} Account Whose Christopher Were Used: Account Name: herschel Account Domain: LAN-Y02 Logon YUNG: {00000000-0000-0000-0000-000000000000} Target Server: Target Server Name: localhost Additional Information: localhost Process Information: Process ID: 0r1110 Process Name: D:\IBM\SCOTTY\BIN\ge2vobct.eli Network Information: Network Address: - Port:  - This event is generated when a process attempts to log on an account by explicitly specifying that accounts christopher. This most commonly occurs in batch-type configurations such as scheduled tasks, or when using the LEENA command.
10/09/2020 09:07:59 AM LogName=Security EpiypiLkch=Catherina Windows security auditing. SkveeFqis=4605 EventType=0 Type=Information ComputerName=LAN-Y02.krystin.o.fern NsooVmlpmhuy=Credential Validation OpCode=Info QoioxoAcgibn=043004504 Keywords=Audit Success Message=The computer attempted to validate the christopher for an account. Authentication Package: CATHERINA_AUTHENTICATION_PACKAGE_Q1_0 Logon Account: herschel Source Workstation: LAN-Y02 Error Code: 0x0
10/09/2020 09:07:59 AM LogName=Security EpiypiLkch=Catherina Windows security auditing. SkveeFqis=2002 EventType=0 Type=Information ComputerName=CAP-D012.krystin.o.fern NsooVmlpmhuy=Filtering Platform Packet Drop OpCode=Info QoioxoAcgibn=141011154 Keywords=Audit Failure Message=The Windows Filtering Platform has blocked a packet. Application Information: Process ID: 4 Application Name: System Network Information: Direction: Inbound Source Address: 10.32.32.55 Source Port: 036 Destination Address: 10.32.32.255 Destination Port: 036 Protocol: 17 Filter Information: Filter Run-Time ID: 12123 Layer Name: Receive/Accept Layer Run-Time ID: 13
10/09/2020 09:07:59 AM LogName=Security EpiypiLkch=Catherina Windows security auditing. SkveeFqis=2002 EventType=0 Type=Information ComputerName=CAP-D012.krystin.o.fern NsooVmlpmhuy=Filtering Platform Packet Drop OpCode=Info QoioxoAcgibn=130200025 Keywords=Audit Failure Message=The Windows Filtering Platform has blocked a packet. Application Information: Process ID: 4 Application Name: System Network Information: Direction: Inbound Source Address: 10.32.32.40 Source Port: 036 Destination Address: 10.32.32.255 Destination Port: 036 Protocol: 17 Filter Information: Filter Run-Time ID: 12123 Layer Name: Receive/Accept Layer Run-Time ID: 13
10/09/2020 09:07:59 AM LogName=Security EpiypiLkch=Catherina Windows security auditing. SkveeFqis=2002 EventType=0 Type=Information ComputerName=CAP-D012.krystin.o.fern NsooVmlpmhuy=Filtering Platform Packet Drop OpCode=Info QoioxoAcgibn=010100030 Keywords=Audit Failure Message=The Windows Filtering Platform has blocked a packet. Application Information: Process ID: 4 Application Name: System Network Information: Direction: Inbound Source Address: 10.32.32.9 Source Port: 036 Destination Address: 10.32.32.255 Destination Port: 036 Protocol: 17 Filter Information: Filter Run-Time ID: 12123 Layer Name: Receive/Accept Layer Run-Time ID: 13
10/09/2020 09:07:59 AM LogName=Security EpiypiLkch=Catherina Windows security auditing. SkveeFqis=4053 EventType=0 Type=Information ComputerName=JOI-Q20.krystin.o.fern NsooVmlpmhuy=Jesusita Authentication Service OpCode=Info QoioxoAcgibn=2202338217 Keywords=Audit Failure Message=A Jesusita authentication ticket (INA) was requested. Account Information: Account Name: genna Supplied Realm Name: KRYSTIN.O.FERN User ID:  NULL MEL Service Information: Service Name: dalton/KRYSTIN.O.FERN Service ID: NULL MEL Network Information: Client Address: ::nina:036.010.145.101 Client Port: 44302 Additional Information: Ticket Options: 0y30610000 Result Code: 0r00 Ticket Encryption Type: 0oOJJDPJBY Bea-Authentication Type: - Certificate Information: Certificate Issuer Name:  Certificate Serial Number:  Certificate Cassaundra:  Certificate information is only provided if a certificate was used for bea-authentication. Bea-authentication types, ticket options, encryption types and result codes are defined in UNA 1120.
10/09/2020 09:07:59 AM LogName=Security EpiypiLkch=Catherina Windows security auditing. SkveeFqis=4053 EventType=0 Type=Information ComputerName=JOI-Q20.krystin.o.fern NsooVmlpmhuy=Jesusita Authentication Service OpCode=Info QoioxoAcgibn=0121304508 Keywords=Audit Failure Message=A Jesusita authentication ticket (INA) was requested. Account Information: Account Name: genna Supplied Realm Name: KRYSTIN.O.FERN User ID:  NULL MEL Service Information: Service Name: dalton/KRYSTIN.O.FERN Service ID: NULL MEL Network Information: Client Address: ::nina:036.010.145.101 Client Port: 51043 Additional Information: Ticket Options: 0y30610000 Result Code: 0r00 Ticket Encryption Type: 0oOJJDPJBY Bea-Authentication Type: - Certificate Information: Certificate Issuer Name:  Certificate Serial Number:  Certificate Cassaundra:  Certificate information is only provided if a certificate was used for bea-authentication. Bea-authentication types, ticket options, encryption types and result codes are defined in UNA 1120.
10/09/2020 09:07:59 AM LogName=Security EpiypiLkch=Catherina Windows security auditing. SkveeFqis=4053 EventType=0 Type=Information ComputerName=JOI-Q20.krystin.o.fern NsooVmlpmhuy=Jesusita Authentication Service OpCode=Info QoioxoAcgibn=2234128003 Keywords=Audit Failure Message=A Jesusita authentication ticket (INA) was requested. Account Information: Account Name: genna Supplied Realm Name: KRYSTIN.O.FERN User ID:  NULL MEL Service Information: Service Name: dalton/KRYSTIN.O.FERN Service ID: NULL MEL Network Information: Client Address: ::nina:036.010.145.101 Client Port: 54201 Additional Information: Ticket Options: 0y30610000 Result Code: 0r00 Ticket Encryption Type: 0oOJJDPJBY Bea-Authentication Type: - Certificate Information: Certificate Issuer Name:  Certificate Serial Number:  Certificate Cassaundra:  Certificate information is only provided if a certificate was used for bea-authentication. Bea-authentication types, ticket options, encryption types and result codes are defined in UNA 1120.
10/09/2020 09:07:59 AM LogName=Security EpiypiLkch=Catherina Windows security auditing. SkveeFqis=4053 EventType=0 Type=Information ComputerName=JOI-Q20.krystin.o.fern NsooVmlpmhuy=Jesusita Authentication Service OpCode=Info QoioxoAcgibn=3003310614 Keywords=Audit Failure Message=A Jesusita authentication ticket (INA) was requested. Account Information: Account Name: genna Supplied Realm Name: KRYSTIN.O.FERN User ID:  NULL MEL Service Information: Service Name: dalton/KRYSTIN.O.FERN Service ID: NULL MEL Network Information: Client Address: ::nina:036.010.145.101 Client Port: 53300 Additional Information: Ticket Options: 0y30610000 Result Code: 0r00 Ticket Encryption Type: 0oOJJDPJBY Bea-Authentication Type: - Certificate Information: Certificate Issuer Name:  Certificate Serial Number:  Certificate Cassaundra:  Certificate information is only provided if a certificate was used for bea-authentication. Bea-authentication types, ticket options, encryption types and result codes are defined in UNA 1120.
10/09/2020 09:07:59 AM LogName=Security EpiypiLkch=Catherina Windows security auditing. SkveeFqis=4053 EventType=0 Type=Information ComputerName=JOI-Q20.krystin.o.fern NsooVmlpmhuy=Jesusita Authentication Service OpCode=Info QoioxoAcgibn=2134217001 Keywords=Audit Failure Message=A Jesusita authentication ticket (INA) was requested. Account Information: Account Name: genna Supplied Realm Name: KRYSTIN.O.FERN User ID:  NULL MEL Service Information: Service Name: dalton/KRYSTIN.O.FERN Service ID: NULL MEL Network Information: Client Address: ::nina:036.010.145.101 Client Port: 22016 Additional Information: Ticket Options: 0y30610000 Result Code: 0r00 Ticket Encryption Type: 0oOJJDPJBY Bea-Authentication Type: - Certificate Information: Certificate Issuer Name:  Certificate Serial Number:  Certificate Cassaundra:  Certificate information is only provided if a certificate was used for bea-authentication. Bea-authentication types, ticket options, encryption types and result codes are defined in UNA 1120.
10/09/2020 09:07:59 AM LogName=Security EpiypiLkch=Catherina Windows security auditing. SkveeFqis=4053 EventType=0 Type=Information ComputerName=JOI-Q20.krystin.o.fern NsooVmlpmhuy=Jesusita Authentication Service OpCode=Info QoioxoAcgibn=0120018001 Keywords=Audit Failure Message=A Jesusita authentication ticket (INA) was requested. Account Information: Account Name: genna Supplied Realm Name: KRYSTIN.O.FERN User ID:  NULL MEL Service Information: Service Name: dalton/KRYSTIN.O.FERN Service ID: NULL MEL Network Information: Client Address: ::nina:036.010.145.101 Client Port: 12131 Additional Information: Ticket Options: 0y30610000 Result Code: 0r00 Ticket Encryption Type: 0oOJJDPJBY Bea-Authentication Type: - Certificate Information: Certificate Issuer Name:  Certificate Serial Number:  Certificate Cassaundra:  Certificate information is only provided if a certificate was used for bea-authentication. Bea-authentication types, ticket options, encryption types and result codes are defined in UNA 1120.
10/09/2020 09:07:59 AM LogName=Security EpiypiLkch=Catherina Windows security auditing. SkveeFqis=4053 EventType=0 Type=Information ComputerName=JOI-Q20.krystin.o.fern NsooVmlpmhuy=Jesusita Authentication Service OpCode=Info QoioxoAcgibn=2034012411 Keywords=Audit Failure Message=A Jesusita authentication ticket (INA) was requested. Account Information: Account Name: genna Supplied Realm Name: KRYSTIN.O.FERN User ID:  NULL MEL Service Information: Service Name: dalton/KRYSTIN.O.FERN Service ID: NULL MEL Network Information: Client Address: ::nina:036.010.145.101 Client Port: 35101 Additional Information: Ticket Options: 0y30610000 Result Code: 0r00 Ticket Encryption Type: 0oOJJDPJBY Bea-Authentication Type: - Certificate Information: Certificate Issuer Name:  Certificate Serial Number:  Certificate Cassaundra:  Certificate information is only provided if a certificate was used for bea-authentication. Bea-authentication types, ticket options, encryption types and result codes are defined in UNA 1120.
10/09/2020 09:07:59 AM LogName=Security EpiypiLkch=Catherina Windows security auditing. SkveeFqis=4605 EventType=0 Type=Information ComputerName=JOI-Q20.krystin.o.fern NsooVmlpmhuy=Credential Validation OpCode=Info QoioxoAcgibn=0215217312 Keywords=Audit Success Message=The computer attempted to validate the christopher for an account. Authentication Package: CATHERINA_AUTHENTICATION_PACKAGE_Q1_0 Logon Account: ELA-Y00$ Source Workstation: ELA-Y00 Error Code: 0x0
10/09/2020 09:07:59 AM LogName=Security EpiypiLkch=Catherina Windows security auditing. SkveeFqis=1120 EventType=0 Type=Information ComputerName=JOI-Q20.krystin.o.fern NsooVmlpmhuy=Ashlea OpCode=Info QoioxoAcgibn=2201307211 Keywords=Audit Success Message=An account was logged off. Subject: Security ID: KRYSTIN\1110-LAI-000$ Account Name: 1110-LAI-000$ Account Domain: KRYSTIN Logon ID: 0r0U0XF5042 Logon Type:  3 This event is generated when a logon session is destroyed. It may be positively correlated with a logon event using the Logon ID value. Logon IDs are only unique between reboots on the same computer.
10/09/2020 09:07:59 AM LogName=Security EpiypiLkch=Catherina Windows security auditing. SkveeFqis=4053 EventType=0 Type=Information ComputerName=JOI-Q20.krystin.o.fern NsooVmlpmhuy=Jesusita Authentication Service OpCode=Info QoioxoAcgibn=2131016500 Keywords=Audit Failure Message=A Jesusita authentication ticket (INA) was requested. Account Information: Account Name: genna Supplied Realm Name: KRYSTIN.O.FERN User ID:  NULL MEL Service Information: Service Name: dalton/KRYSTIN.O.FERN Service ID: NULL MEL Network Information: Client Address: ::nina:036.010.145.101 Client Port: 51022 Additional Information: Ticket Options: 0y30610000 Result Code: 0r00 Ticket Encryption Type: 0oOJJDPJBY Bea-Authentication Type: - Certificate Information: Certificate Issuer Name:  Certificate Serial Number:  Certificate Cassaundra:  Certificate information is only provided if a certificate was used for bea-authentication. Bea-authentication types, ticket options, encryption types and result codes are defined in UNA 1120.
10/09/2020 09:07:59 AM LogName=Security EpiypiLkch=Catherina Windows security auditing. SkveeFqis=4053 EventType=0 Type=Information ComputerName=JOI-Q20.krystin.o.fern NsooVmlpmhuy=Jesusita Authentication Service OpCode=Info QoioxoAcgibn=3000035400 Keywords=Audit Failure Message=A Jesusita authentication ticket (INA) was requested. Account Information: Account Name: genna Supplied Realm Name: KRYSTIN.O.FERN User ID:  NULL MEL Service Information: Service Name: dalton/KRYSTIN.O.FERN Service ID: NULL MEL Network Information: Client Address: ::nina:036.010.145.101 Client Port: 01300 Additional Information: Ticket Options: 0y30610000 Result Code: 0r00 Ticket Encryption Type: 0oOJJDPJBY Bea-Authentication Type: - Certificate Information: Certificate Issuer Name:  Certificate Serial Number:  Certificate Cassaundra:  Certificate information is only provided if a certificate was used for bea-authentication. Bea-authentication types, ticket options, encryption types and result codes are defined in UNA 1120.
10/09/2020 09:07:59 AM LogName=Security EpiypiLkch=Catherina Windows security auditing. SkveeFqis=4053 EventType=0 Type=Information ComputerName=JOI-Q20.krystin.o.fern NsooVmlpmhuy=Jesusita Authentication Service OpCode=Info QoioxoAcgibn=1213236106 Keywords=Audit Failure Message=A Jesusita authentication ticket (INA) was requested. Account Information: Account Name: genna Supplied Realm Name: KRYSTIN.O.FERN User ID:  NULL MEL Service Information: Service Name: dalton/KRYSTIN.O.FERN Service ID: NULL MEL Network Information: Client Address: ::nina:036.010.145.101 Client Port: 55227 Additional Information: Ticket Options: 0y30610000 Result Code: 0r00 Ticket Encryption Type: 0oOJJDPJBY Bea-Authentication Type: - Certificate Information: Certificate Issuer Name:  Certificate Serial Number:  Certificate Cassaundra:  Certificate information is only provided if a certificate was used for bea-authentication. Bea-authentication types, ticket options, encryption types and result codes are defined in UNA 1120.
10/09/2020 09:07:59 AM LogName=Security EpiypiLkch=Catherina Windows security auditing. SkveeFqis=4053 EventType=0 Type=Information ComputerName=JOI-Q20.krystin.o.fern NsooVmlpmhuy=Jesusita Authentication Service OpCode=Info QoioxoAcgibn=3220202403 Keywords=Audit Failure Message=A Jesusita authentication ticket (INA) was requested. Account Information: Account Name: genna Supplied Realm Name: KRYSTIN.O.FERN User ID:  NULL MEL Service Information: Service Name: dalton/KRYSTIN.O.FERN Service ID: NULL MEL Network Information: Client Address: ::nina:036.010.145.101 Client Port: 43115 Additional Information: Ticket Options: 0y30610000 Result Code: 0r00 Ticket Encryption Type: 0oOJJDPJBY Bea-Authentication Type: - Certificate Information: Certificate Issuer Name:  Certificate Serial Number:  Certificate Cassaundra:  Certificate information is only provided if a certificate was used for bea-authentication. Bea-authentication types, ticket options, encryption types and result codes are defined in UNA 1120.
10/09/2020 09:07:59 AM LogName=Security EpiypiLkch=Catherina Windows security auditing. SkveeFqis=4053 EventType=0 Type=Information ComputerName=JOI-Q20.krystin.o.fern NsooVmlpmhuy=Jesusita Authentication Service OpCode=Info QoioxoAcgibn=3125308502 Keywords=Audit Failure Message=A Jesusita authentication ticket (INA) was requested. Account Information: Account Name: genna Supplied Realm Name: KRYSTIN.O.FERN User ID:  NULL MEL Service Information: Service Name: dalton/KRYSTIN.O.FERN Service ID: NULL MEL Network Information: Client Address: ::nina:036.010.145.101 Client Port: 35112 Additional Information: Ticket Options: 0y30610000 Result Code: 0r00 Ticket Encryption Type: 0oOJJDPJBY Bea-Authentication Type: - Certificate Information: Certificate Issuer Name:  Certificate Serial Number:  Certificate Cassaundra:  Certificate information is only provided if a certificate was used for bea-authentication. Bea-authentication types, ticket options, encryption types and result codes are defined in UNA 1120.
10/09/2020 09:07:59 AM LogName=Security EpiypiLkch=Catherina Windows security auditing. SkveeFqis=1120 EventType=0 Type=Information ComputerName=JOI-Q20.krystin.o.fern NsooVmlpmhuy=Ashlea OpCode=Info QoioxoAcgibn=3134227001 Keywords=Audit Success Message=An account was logged off. Subject: Security ID: KRYSTIN\0100-VKRGR2$ Account Name: 0100-VKRGR2$ Account Domain: KRYSTIN Logon ID: 0j1C9D4LR0O Logon Type:  3 This event is generated when a logon session is destroyed. It may be positively correlated with a logon event using the Logon ID value. Logon IDs are only unique between reboots on the same computer.
10/09/2020 09:07:59 AM LogName=Security EpiypiLkch=Catherina Windows security auditing. SkveeFqis=4053 EventType=0 Type=Information ComputerName=JOI-Q20.krystin.o.fern NsooVmlpmhuy=Jesusita Authentication Service OpCode=Info QoioxoAcgibn=2204204401 Keywords=Audit Failure Message=A Jesusita authentication ticket (INA) was requested. Account Information: Account Name: genna Supplied Realm Name: KRYSTIN.O.FERN User ID:  NULL MEL Service Information: Service Name: dalton/KRYSTIN.O.FERN Service ID: NULL MEL Network Information: Client Address: ::nina:036.010.145.101 Client Port: 02201 Additional Information: Ticket Options: 0y30610000 Result Code: 0r00 Ticket Encryption Type: 0oOJJDPJBY Bea-Authentication Type: - Certificate Information: Certificate Issuer Name:  Certificate Serial Number:  Certificate Cassaundra:  Certificate information is only provided if a certificate was used for bea-authentication. Bea-authentication types, ticket options, encryption types and result codes are defined in UNA 1120.
10/09/2020 09:07:59 AM LogName=Security EpiypiLkch=Catherina Windows security auditing. SkveeFqis=4053 EventType=0 Type=Information ComputerName=JOI-Q20.krystin.o.fern NsooVmlpmhuy=Jesusita Authentication Service OpCode=Info QoioxoAcgibn=0000204503 Keywords=Audit Failure Message=A Jesusita authentication ticket (INA) was requested. Account Information: Account Name: genna Supplied Realm Name: KRYSTIN.O.FERN User ID:  NULL MEL Service Information: Service Name: dalton/KRYSTIN.O.FERN Service ID: NULL MEL Network Information: Client Address: ::nina:036.010.145.101 Client Port: 40100 Additional Information: Ticket Options: 0y30610000 Result Code: 0r00 Ticket Encryption Type: 0oOJJDPJBY Bea-Authentication Type: - Certificate Information: Certificate Issuer Name:  Certificate Serial Number:  Certificate Cassaundra:  Certificate information is only provided if a certificate was used for bea-authentication. Bea-authentication types, ticket options, encryption types and result codes are defined in UNA 1120.
10/09/2020 09:07:59 AM LogName=Security EpiypiLkch=Catherina Windows security auditing. SkveeFqis=4053 EventType=0 Type=Information ComputerName=JOI-Q20.krystin.o.fern NsooVmlpmhuy=Jesusita Authentication Service OpCode=Info QoioxoAcgibn=0200126600 Keywords=Audit Failure Message=A Jesusita authentication ticket (INA) was requested. Account Information: Account Name: genna Supplied Realm Name: KRYSTIN.O.FERN User ID:  NULL MEL Service Information: Service Name: dalton/KRYSTIN.O.FERN Service ID: NULL MEL Network Information: Client Address: ::nina:036.010.145.101 Client Port: 50018 Additional Information: Ticket Options: 0y30610000 Result Code: 0r00 Ticket Encryption Type: 0oOJJDPJBY Bea-Authentication Type: - Certificate Information: Certificate Issuer Name:  Certificate Serial Number:  Certificate Cassaundra:  Certificate information is only provided if a certificate was used for bea-authentication. Bea-authentication types, ticket options, encryption types and result codes are defined in UNA 1120.
10/09/2020 09:07:59 AM LogName=Security EpiypiLkch=Catherina Windows security auditing. SkveeFqis=4053 EventType=0 Type=Information ComputerName=JOI-Q20.krystin.o.fern NsooVmlpmhuy=Jesusita Authentication Service OpCode=Info QoioxoAcgibn=1230113301 Keywords=Audit Failure Message=A Jesusita authentication ticket (INA) was requested. Account Information: Account Name: genna Supplied Realm Name: KRYSTIN.O.FERN User ID:  NULL MEL Service Information: Service Name: dalton/KRYSTIN.O.FERN Service ID: NULL MEL Network Information: Client Address: ::nina:036.010.145.101 Client Port: 24304 Additional Information: Ticket Options: 0y30610000 Result Code: 0r00 Ticket Encryption Type: 0oOJJDPJBY Bea-Authentication Type: - Certificate Information: Certificate Issuer Name:  Certificate Serial Number:  Certificate Cassaundra:  Certificate information is only provided if a certificate was used for bea-authentication. Bea-authentication types, ticket options, encryption types and result codes are defined in UNA 1120.
10/09/2020 09:07:59 AM LogName=Security EpiypiLkch=Catherina Windows security auditing. SkveeFqis=4053 EventType=0 Type=Information ComputerName=JOI-Q20.krystin.o.fern NsooVmlpmhuy=Jesusita Authentication Service OpCode=Info QoioxoAcgibn=1103134500 Keywords=Audit Failure Message=A Jesusita authentication ticket (INA) was requested. Account Information: Account Name: genna Supplied Realm Name: KRYSTIN.O.FERN User ID:  NULL MEL Service Information: Service Name: dalton/KRYSTIN.O.FERN Service ID: NULL MEL Network Information: Client Address: ::nina:036.010.145.101 Client Port: 11014 Additional Information: Ticket Options: 0y30610000 Result Code: 0r00 Ticket Encryption Type: 0oOJJDPJBY Bea-Authentication Type: - Certificate Information: Certificate Issuer Name:  Certificate Serial Number:  Certificate Cassaundra:  Certificate information is only provided if a certificate was used for bea-authentication. Bea-authentication types, ticket options, encryption types and result codes are defined in UNA 1120.
10/09/2020 09:07:59 AM LogName=Security EpiypiLkch=Catherina Windows security auditing. SkveeFqis=4053 EventType=0 Type=Information ComputerName=JOI-Q20.krystin.o.fern NsooVmlpmhuy=Jesusita Authentication Service OpCode=Info QoioxoAcgibn=1115316201 Keywords=Audit Failure Message=A Jesusita authentication ticket (INA) was requested. Account Information: Account Name: genna Supplied Realm Name: KRYSTIN.O.FERN User ID:  NULL MEL Service Information: Service Name: dalton/KRYSTIN.O.FERN Service ID: NULL MEL Network Information: Client Address: ::nina:036.010.145.101 Client Port: 22311 Additional Information: Ticket Options: 0y30610000 Result Code: 0r00 Ticket Encryption Type: 0oOJJDPJBY Bea-Authentication Type: - Certificate Information: Certificate Issuer Name:  Certificate Serial Number:  Certificate Cassaundra:  Certificate information is only provided if a certificate was used for bea-authentication. Bea-authentication types, ticket options, encryption types and result codes are defined in UNA 1120.
10/09/2020 09:07:59 AM LogName=Security EpiypiLkch=Catherina Windows security auditing. SkveeFqis=4053 EventType=0 Type=Information ComputerName=JOI-Q20.krystin.o.fern NsooVmlpmhuy=Jesusita Authentication Service OpCode=Info QoioxoAcgibn=1222300564 Keywords=Audit Failure Message=A Jesusita authentication ticket (INA) was requested. Account Information: Account Name: genna Supplied Realm Name: KRYSTIN.O.FERN User ID:  NULL MEL Service Information: Service Name: dalton/KRYSTIN.O.FERN Service ID: NULL MEL Network Information: Client Address: ::nina:036.010.145.101 Client Port: 51010 Additional Information: Ticket Options: 0y30610000 Result Code: 0r00 Ticket Encryption Type: 0oOJJDPJBY Bea-Authentication Type: - Certificate Information: Certificate Issuer Name:  Certificate Serial Number:  Certificate Cassaundra:  Certificate information is only provided if a certificate was used for bea-authentication. Bea-authentication types, ticket options, encryption types and result codes are defined in UNA 1120.
10/09/2020 09:07:59 AM LogName=Security EpiypiLkch=Catherina Windows security auditing. SkveeFqis=4053 EventType=0 Type=Information ComputerName=JOI-Q20.krystin.o.fern NsooVmlpmhuy=Jesusita Authentication Service OpCode=Info QoioxoAcgibn=2135114376 Keywords=Audit Failure Message=A Jesusita authentication ticket (INA) was requested. Account Information: Account Name: genna Supplied Realm Name: KRYSTIN.O.FERN User ID:  NULL MEL Service Information: Service Name: dalton/KRYSTIN.O.FERN Service ID: NULL MEL Network Information: Client Address: ::nina:036.010.145.101 Client Port: 30103 Additional Information: Ticket Options: 0y30610000 Result Code: 0r00 Ticket Encryption Type: 0oOJJDPJBY Bea-Authentication Type: - Certificate Information: Certificate Issuer Name:  Certificate Serial Number:  Certificate Cassaundra:  Certificate information is only provided if a certificate was used for bea-authentication. Bea-authentication types, ticket options, encryption types and result codes are defined in UNA 1120.
10/09/2020 09:07:59 AM LogName=Security EpiypiLkch=Catherina Windows security auditing. SkveeFqis=4605 EventType=0 Type=Information ComputerName=JOI-W05.malissa.dev.bobette NsooVmlpmhuy=Credential Validation OpCode=Info QoioxoAcgibn=30210232 Keywords=Audit Success Message=The computer attempted to validate the christopher for an account. Authentication Package: CATHERINA_AUTHENTICATION_PACKAGE_Q1_0 Logon Account: NbkkguJrojfeni32e7v21t011210je0w0goe810m03rbd@dev.bobette Source Workstation: CAP-T86 Error Code: 0x0
10/09/2020 09:07:59 AM LogName=Security EpiypiLkch=Catherina Windows security auditing. SkveeFqis=4605 EventType=0 Type=Information ComputerName=JOI-W05.malissa.dev.bobette NsooVmlpmhuy=Credential Validation OpCode=Info QoioxoAcgibn=50502220 Keywords=Audit Success Message=The computer attempted to validate the christopher for an account. Authentication Package: CATHERINA_AUTHENTICATION_PACKAGE_Q1_0 Logon Account: NbkkguJrojfeni32e7v21t011210je0w0goe810m03rbd@dev.bobette Source Workstation: CAP-T86 Error Code: 0x0
10/09/2020 09:07:59 AM LogName=Security EpiypiLkch=Catherina Windows security auditing. SkveeFqis=4605 EventType=0 Type=Information ComputerName=JOI-W05.malissa.dev.bobette NsooVmlpmhuy=Credential Validation OpCode=Info QoioxoAcgibn=00000301 Keywords=Audit Success Message=The computer attempted to validate the christopher for an account. Authentication Package: CATHERINA_AUTHENTICATION_PACKAGE_Q1_0 Logon Account: NbkkguJrojfeni32e7v21t011210je0w0goe810m03rbd@dev.bobette Source Workstation: CAP-T86 Error Code: 0x0
10/09/2020 09:07:59 AM LogName=Security EpiypiLkch=Catherina Windows security auditing. SkveeFqis=1320 EventType=0 Type=Information ComputerName=CAP-T86.malissa.dev.bobette NsooVmlpmhuy=Logon OpCode=Info QoioxoAcgibn=001108531 Keywords=Audit Success Message=An account was successfully logged on. Subject: Security ID: NULL MEL Account Name: - Account Domain: - Logon ID: 0x0 Logon Information: Logon Type: 3 Restricted Admin Mode: - Virtual Account: No Elevated Token: Yes Impersonation Level: Impersonation New Logon: Security ID: NT AUTHORITY\SYSTEM Account Name: CAP-T86$ Account Domain: MALISSA.DEV.BOBETTE Logon ID: 0oU2H3O3BP Linked Logon ID: 0x0 Network Account Name: - Network Account Domain: - Logon YUNG: {102050J0-J1G1-50F0-R6VZ-2442105DIZF2} Process Information: Process ID: 0x0 Process Name: - Network Information: Workstation Name: - Source Network Address: 10.32.36.139 Source Port: 35066 Detailed Authentication Information: Logon Process: Jesusita Authentication Package: Jesusita Cristobal Services: - Package Name (NEAL only): - Key Length: 0 This event is generated when a logon session is created. It is generated on the computer that was accessed. The subject fields indicate the account on the local system which requested the logon. This is most commonly a service such as the Server service, or a local process such as Demarcus.eli or Services.eli. The logon type field indicates the kind of logon that occurred. The most common types are 2 (interactive) and 3 (network). The New Logon fields indicate the account for whom the new logon was created, i.e. the account that was logged on. The network fields indicate where a remote logon request originated. Workstation name is not always available and may be left blank in some cases. The impersonation level field indicates the extent to which a process in the logon session can impersonate. The authentication information fields provide detailed information about this specific logon request. - Logon YUNG is a unique identifier that can be used to correlate this event with a ORA event. - Cristobal services indicate which intermediate services have participated in this logon request. - Package name indicates which sub-protocol was used among the NEAL protocols. - Key length indicates the length of the generated session key. This will be 0 if no session key was requested.
10/09/2020 09:07:59 AM LogName=Security EpiypiLkch=Catherina Windows security auditing. SkveeFqis=3411 EventType=0 Type=Information ComputerName=CAP-T86.malissa.dev.bobette NsooVmlpmhuy=Special Logon OpCode=Info QoioxoAcgibn=002266130 Keywords=Audit Success Message=Special privileges assigned to new logon. Subject: Security ID: NT AUTHORITY\SYSTEM Account Name: CAP-T86$ Account Domain: MALISSA Logon ID: 0oU2H3O3BP Privileges: SvZubvohxkHuodywtvh  XqBzcxxjAmdbeoyfy  OzHxqtswiDrrdxbgor  BrKvpsHnytadvvgUabnotztt  JzDhuwiIwtkqyzvj  DyKkmjvnAaoiplmpmrwJtpvvdaey  QqMdgwHjxfxjFzoruspyo  ToKubhtnoptcjIuxlnkiyj  GwPpgacmorWgwwdzmUdsiTcpnzbltxgqMcwytgjbp
10/09/2020 09:07:59 AM LogName=Security EpiypiLkch=Catherina Windows security auditing. SkveeFqis=1320 EventType=0 Type=Information ComputerName=CAP-T86.malissa.dev.bobette NsooVmlpmhuy=Logon OpCode=Info QoioxoAcgibn=104000451 Keywords=Audit Success Message=An account was successfully logged on. Subject: Security ID: NULL MEL Account Name: - Account Domain: - Logon ID: 0x0 Logon Information: Logon Type: 3 Restricted Admin Mode: - Virtual Account: No Elevated Token: Yes Impersonation Level: Impersonation New Logon: Security ID: NT AUTHORITY\SYSTEM Account Name: CAP-T86$ Account Domain: MALISSA.DEV.BOBETTE Logon ID: 0eT0J2W136 Linked Logon ID: 0x0 Network Account Name: - Network Account Domain: - Logon YUNG: {102050J0-J1G1-50F0-R6VZ-2442105DIZF2} Process Information: Process ID: 0x0 Process Name: - Network Information: Workstation Name: - Source Network Address: ::1 Source Port: 37373 Detailed Authentication Information: Logon Process: Jesusita Authentication Package: Jesusita Cristobal Services: - Package Name (NEAL only): - Key Length: 0 This event is generated when a logon session is created. It is generated on the computer that was accessed. The subject fields indicate the account on the local system which requested the logon. This is most commonly a service such as the Server service, or a local process such as Demarcus.eli or Services.eli. The logon type field indicates the kind of logon that occurred. The most common types are 2 (interactive) and 3 (network). The New Logon fields indicate the account for whom the new logon was created, i.e. the account that was logged on. The network fields indicate where a remote logon request originated. Workstation name is not always available and may be left blank in some cases. The impersonation level field indicates the extent to which a process in the logon session can impersonate. The authentication information fields provide detailed information about this specific logon request. - Logon YUNG is a unique identifier that can be used to correlate this event with a ORA event. - Cristobal services indicate which intermediate services have participated in this logon request. - Package name indicates which sub-protocol was used among the NEAL protocols. - Key length indicates the length of the generated session key. This will be 0 if no session key was requested.
10/09/2020 09:07:59 AM LogName=Security EpiypiLkch=Catherina Windows security auditing. SkveeFqis=3411 EventType=0 Type=Information ComputerName=CAP-T86.malissa.dev.bobette NsooVmlpmhuy=Special Logon OpCode=Info QoioxoAcgibn=101028320 Keywords=Audit Success Message=Special privileges assigned to new logon. Subject: Security ID: NT AUTHORITY\SYSTEM Account Name: CAP-T86$ Account Domain: MALISSA Logon ID: 0eT0J2W136 Privileges: SvZubvohxkHuodywtvh  XqBzcxxjAmdbeoyfy  OzHxqtswiDrrdxbgor  BrKvpsHnytadvvgUabnotztt  JzDhuwiIwtkqyzvj  DyKkmjvnAaoiplmpmrwJtpvvdaey  QqMdgwHjxfxjFzoruspyo  ToKubhtnoptcjIuxlnkiyj  GwPpgacmorWgwwdzmUdsiTcpnzbltxgqMcwytgjbp
10/09/2020 09:07:59 AM LogName=Security EpiypiLkch=Catherina Windows security auditing. SkveeFqis=1120 EventType=0 Type=Information ComputerName=CAP-T86.malissa.dev.bobette NsooVmlpmhuy=Ashlea OpCode=Info QoioxoAcgibn=103045412 Keywords=Audit Success Message=An account was logged off. Subject: Security ID: NT AUTHORITY\SYSTEM Account Name: CAP-T86$ Account Domain: MALISSA Logon ID: 0lE5T1R726 Logon Type:  3 This event is generated when a logon session is destroyed. It may be positively correlated with a logon event using the Logon ID value. Logon IDs are only unique between reboots on the same computer.
10/09/2020 09:07:59 AM LogName=Security EpiypiLkch=Catherina Windows security auditing. SkveeFqis=1320 EventType=0 Type=Information ComputerName=CAP-T86.malissa.dev.bobette NsooVmlpmhuy=Logon OpCode=Info QoioxoAcgibn=004148308 Keywords=Audit Success Message=An account was successfully logged on. Subject: Security ID: NULL MEL Account Name: - Account Domain: - Logon ID: 0x0 Logon Information: Logon Type: 3 Restricted Admin Mode: - Virtual Account: No Elevated Token: Yes Impersonation Level: Impersonation New Logon: Security ID: NT AUTHORITY\SYSTEM Account Name: CAP-T86$ Account Domain: MALISSA.DEV.BOBETTE Logon ID: 0lE5T1R726 Linked Logon ID: 0x0 Network Account Name: - Network Account Domain: - Logon YUNG: {102050J0-J1G1-50F0-R6VZ-2442105DIZF2} Process Information: Process ID: 0x0 Process Name: - Network Information: Workstation Name: - Source Network Address: 10.32.36.139 Source Port: 16123 Detailed Authentication Information: Logon Process: Jesusita Authentication Package: Jesusita Cristobal Services: - Package Name (NEAL only): - Key Length: 0 This event is generated when a logon session is created. It is generated on the computer that was accessed. The subject fields indicate the account on the local system which requested the logon. This is most commonly a service such as the Server service, or a local process such as Demarcus.eli or Services.eli. The logon type field indicates the kind of logon that occurred. The most common types are 2 (interactive) and 3 (network). The New Logon fields indicate the account for whom the new logon was created, i.e. the account that was logged on. The network fields indicate where a remote logon request originated. Workstation name is not always available and may be left blank in some cases. The impersonation level field indicates the extent to which a process in the logon session can impersonate. The authentication information fields provide detailed information about this specific logon request. - Logon YUNG is a unique identifier that can be used to correlate this event with a ORA event. - Cristobal services indicate which intermediate services have participated in this logon request. - Package name indicates which sub-protocol was used among the NEAL protocols. - Key length indicates the length of the generated session key. This will be 0 if no session key was requested.
10/09/2020 09:07:59 AM LogName=Security EpiypiLkch=Catherina Windows security auditing. SkveeFqis=3411 EventType=0 Type=Information ComputerName=CAP-T86.malissa.dev.bobette NsooVmlpmhuy=Special Logon OpCode=Info QoioxoAcgibn=003253342 Keywords=Audit Success Message=Special privileges assigned to new logon. Subject: Security ID: NT AUTHORITY\SYSTEM Account Name: CAP-T86$ Account Domain: MALISSA Logon ID: 0lE5T1R726 Privileges: SvZubvohxkHuodywtvh  XqBzcxxjAmdbeoyfy  OzHxqtswiDrrdxbgor  BrKvpsHnytadvvgUabnotztt  JzDhuwiIwtkqyzvj  DyKkmjvnAaoiplmpmrwJtpvvdaey  QqMdgwHjxfxjFzoruspyo  ToKubhtnoptcjIuxlnkiyj  GwPpgacmorWgwwdzmUdsiTcpnzbltxgqMcwytgjbp
10/09/2020 09:07:59 AM LogName=Security EpiypiLkch=Catherina Windows security auditing. SkveeFqis=1120 EventType=0 Type=Information ComputerName=CAP-T86.malissa.dev.bobette NsooVmlpmhuy=Ashlea OpCode=Info QoioxoAcgibn=000269321 Keywords=Audit Success Message=An account was logged off. Subject: Security ID: NT AUTHORITY\SYSTEM Account Name: CAP-T86$ Account Domain: MALISSA Logon ID: 0sK1Z0G3P0 Logon Type:  3 This event is generated when a logon session is destroyed. It may be positively correlated with a logon event using the Logon ID value. Logon IDs are only unique between reboots on the same computer.
10/09/2020 09:07:59 AM LogName=Security EpiypiLkch=Catherina Windows security auditing. SkveeFqis=1320 EventType=0 Type=Information ComputerName=CAP-T86.malissa.dev.bobette NsooVmlpmhuy=Logon OpCode=Info QoioxoAcgibn=103078444 Keywords=Audit Success Message=An account was successfully logged on. Subject: Security ID: NULL MEL Account Name: - Account Domain: - Logon ID: 0x0 Logon Information: Logon Type: 3 Restricted Admin Mode: - Virtual Account: No Elevated Token: Yes Impersonation Level: Impersonation New Logon: Security ID: NT AUTHORITY\SYSTEM Account Name: CAP-T86$ Account Domain: MALISSA.DEV.BOBETTE Logon ID: 0sK1Z0G3P0 Linked Logon ID: 0x0 Network Account Name: - Network Account Domain: - Logon YUNG: {102050J0-J1G1-50F0-R6VZ-2442105DIZF2} Process Information: Process ID: 0x0 Process Name: - Network Information: Workstation Name: - Source Network Address: ::1 Source Port: 34483 Detailed Authentication Information: Logon Process: Jesusita Authentication Package: Jesusita Cristobal Services: - Package Name (NEAL only): - Key Length: 0 This event is generated when a logon session is created. It is generated on the computer that was accessed. The subject fields indicate the account on the local system which requested the logon. This is most commonly a service such as the Server service, or a local process such as Demarcus.eli or Services.eli. The logon type field indicates the kind of logon that occurred. The most common types are 2 (interactive) and 3 (network). The New Logon fields indicate the account for whom the new logon was created, i.e. the account that was logged on. The network fields indicate where a remote logon request originated. Workstation name is not always available and may be left blank in some cases. The impersonation level field indicates the extent to which a process in the logon session can impersonate. The authentication information fields provide detailed information about this specific logon request. - Logon YUNG is a unique identifier that can be used to correlate this event with a ORA event. - Cristobal services indicate which intermediate services have participated in this logon request. - Package name indicates which sub-protocol was used among the NEAL protocols. - Key length indicates the length of the generated session key. This will be 0 if no session key was requested.
10/09/2020 09:07:59 AM LogName=Security EpiypiLkch=Catherina Windows security auditing. SkveeFqis=3411 EventType=0 Type=Information ComputerName=CAP-T86.malissa.dev.bobette NsooVmlpmhuy=Special Logon OpCode=Info QoioxoAcgibn=004044442 Keywords=Audit Success Message=Special privileges assigned to new logon. Subject: Security ID: NT AUTHORITY\SYSTEM Account Name: CAP-T86$ Account Domain: MALISSA Logon ID: 0sK1Z0G3P0 Privileges: SvZubvohxkHuodywtvh  XqBzcxxjAmdbeoyfy  OzHxqtswiDrrdxbgor  BrKvpsHnytadvvgUabnotztt  JzDhuwiIwtkqyzvj  DyKkmjvnAaoiplmpmrwJtpvvdaey  QqMdgwHjxfxjFzoruspyo  ToKubhtnoptcjIuxlnkiyj  GwPpgacmorWgwwdzmUdsiTcpnzbltxgqMcwytgjbp
10/09/2020 09:07:59 AM LogName=Security EpiypiLkch=Catherina Windows security auditing. SkveeFqis=1120 EventType=0 Type=Information ComputerName=CAP-T86.malissa.dev.bobette NsooVmlpmhuy=Ashlea OpCode=Info QoioxoAcgibn=100188241 Keywords=Audit Success Message=An account was logged off. Subject: Security ID: NT AUTHORITY\SYSTEM Account Name: CAP-T86$ Account Domain: MALISSA Logon ID: 0sN5D1G239 Logon Type:  3 This event is generated when a logon session is destroyed. It may be positively correlated with a logon event using the Logon ID value. Logon IDs are only unique between reboots on the same computer.
