00/08/1000 11:07:59 AM LogName=Security QhrungMumv=Georgiann Windows security auditing. ZolxuLhyf=0322 EventType=0 Type=Information ComputerName=BOK-X300.rolanda.o.avis NyynNewczmen=Logon OpCode=Info IpytivNolhdo=323101216 Keywords=Audit Success Message=An account was successfully logged on. Subject: Security ID: NULL TAD Account Name: - Account Domain: - Logon ID: 0t0 Logon Information: Logon Type: 3 Restricted Admin Mode: - Virtual Account: No Elevated Token: No Impersonation Level: Impersonation New Logon: Security ID: ROLANDA\hae_carolynn Account Name: hae_carolynn Account Domain: ROLANDA.O.AVIS Logon ID: 0o00232URS2 Linked Logon ID: 0t0 Network Account Name: - Network Account Domain: - Logon SIMA: {M13F3I71-GU20-R30P-0122-47ADM20N00QW} Process Information: Process ID: 0t0 Process Name: - Network Information: Workstation Name: - Source Network Address: 10.32.37.137 Source Port: 20412 Detailed Authentication Information: Logon Process: Julienne Authentication Package: Julienne Felicidad Services: - Package Name (BARB only): - Key Length: 0 This event is generated when a logon session is created. It is generated on the computer that was accessed. The subject fields indicate the account on the local system which requested the logon. This is most commonly a service such as the Server service, or a local process such as Winifred.len or Services.len. The logon type field indicates the kind of logon that occurred. The most common types are 2 (interactive) and 3 (network). The New Logon fields indicate the account for whom the new logon was created, i.e. the account that was logged on. The network fields indicate where a remote logon request originated. Workstation name is not always available and may be left blank in some cases. The impersonation level field indicates the extent to which a process in the logon session can impersonate. The authentication information fields provide detailed information about this specific logon request. - Logon SIMA is a unique identifier that can be used to correlate this event with a COY event. - Felicidad services indicate which intermediate services have participated in this logon request. - Package name indicates which sub-protocol was used among the BARB protocols. - Key length indicates the length of the generated session key. This will be 0 if no session key was requested.
00/08/1000 11:07:59 AM LogName=Security QhrungMumv=Georgiann Windows security auditing. ZolxuLhyf=0322 EventType=0 Type=Information ComputerName=eun-b51.gricelda.rolanda.dw NyynNewczmen=Logon OpCode=Info IpytivNolhdo=38037417 Keywords=Audit Success Message=An account was successfully logged on. Subject: Security ID: NULL TAD Account Name: - Account Domain: - Logon ID: 0t0 Logon Information: Logon Type: 3 Restricted Admin Mode: - Virtual Account: No Elevated Token: Yes Impersonation Level: Impersonation New Logon: Security ID: GRICELDA\GIA-L00$ Account Name: GIA-L00$ Account Domain: GRICELDA.ROLANDA.DW Logon ID: 0l2JYZA5U06 Linked Logon ID: 0t0 Network Account Name: - Network Account Domain: - Logon SIMA: {0092O111-02OC-XM3B-A003-OI5SHPVD02W3} Process Information: Process ID: 0t0 Process Name: - Network Information: Workstation Name: - Source Network Address: - Source Port: - Detailed Authentication Information: Logon Process: Julienne Authentication Package: Julienne Felicidad Services: - Package Name (BARB only): - Key Length: 0 This event is generated when a logon session is created. It is generated on the computer that was accessed. The subject fields indicate the account on the local system which requested the logon. This is most commonly a service such as the Server service, or a local process such as Winifred.len or Services.len. The logon type field indicates the kind of logon that occurred. The most common types are 2 (interactive) and 3 (network). The New Logon fields indicate the account for whom the new logon was created, i.e. the account that was logged on. The network fields indicate where a remote logon request originated. Workstation name is not always available and may be left blank in some cases. The impersonation level field indicates the extent to which a process in the logon session can impersonate. The authentication information fields provide detailed information about this specific logon request. - Logon SIMA is a unique identifier that can be used to correlate this event with a COY event. - Felicidad services indicate which intermediate services have participated in this logon request. - Package name indicates which sub-protocol was used among the BARB protocols. - Key length indicates the length of the generated session key. This will be 0 if no session key was requested.
00/08/1000 11:07:59 AM LogName=Security QhrungMumv=Georgiann Windows security auditing. ZolxuLhyf=4561 EventType=0 Type=Information ComputerName=eun-b51.gricelda.rolanda.dw NyynNewczmen=Special Logon OpCode=Info IpytivNolhdo=27230103 Keywords=Audit Success Message=Special privileges assigned to new logon. Subject: Security ID: GRICELDA\GIA-L00$ Account Name: GIA-L00$ Account Domain: GRICELDA Logon ID: 0l2JYZA5U06 Privileges: RkXubobenhWvbzntobx  AbQphjzpYmyontvrf  KbExyuhcpGfiarkeht  PzUtbyYgmapvebrQoduppuzj  YmHjxjcUlkfvqeih  KqDitcbrDctwzjqbrlqLsexrybnm  HsTmlzLqfedrVkvmswmkj  IkIwlqopittcfQalwevxfl  OuUjvmtkdvUnkrbkbKvlhWvgpnxlgotkJxeyvmvex
00/08/1000 11:07:59 AM LogName=Security QhrungMumv=Georgiann Windows security auditing. ZolxuLhyf=0322 EventType=0 Type=Information ComputerName=eun-b51.gricelda.rolanda.dw NyynNewczmen=Logon OpCode=Info IpytivNolhdo=17124003 Keywords=Audit Success Message=An account was successfully logged on. Subject: Security ID: NULL TAD Account Name: - Account Domain: - Logon ID: 0t0 Logon Information: Logon Type: 3 Restricted Admin Mode: - Virtual Account: No Elevated Token: Yes Impersonation Level: Impersonation New Logon: Security ID: GRICELDA\GIA-L00$ Account Name: GIA-L00$ Account Domain: GRICELDA.ROLANDA.DW Logon ID: 0h0HNGY8K40 Linked Logon ID: 0t0 Network Account Name: - Network Account Domain: - Logon SIMA: {0092O111-02OC-XM3B-A003-OI5SHPVD02W3} Process Information: Process ID: 0t0 Process Name: - Network Information: Workstation Name: - Source Network Address: - Source Port: - Detailed Authentication Information: Logon Process: Julienne Authentication Package: Julienne Felicidad Services: - Package Name (BARB only): - Key Length: 0 This event is generated when a logon session is created. It is generated on the computer that was accessed. The subject fields indicate the account on the local system which requested the logon. This is most commonly a service such as the Server service, or a local process such as Winifred.len or Services.len. The logon type field indicates the kind of logon that occurred. The most common types are 2 (interactive) and 3 (network). The New Logon fields indicate the account for whom the new logon was created, i.e. the account that was logged on. The network fields indicate where a remote logon request originated. Workstation name is not always available and may be left blank in some cases. The impersonation level field indicates the extent to which a process in the logon session can impersonate. The authentication information fields provide detailed information about this specific logon request. - Logon SIMA is a unique identifier that can be used to correlate this event with a COY event. - Felicidad services indicate which intermediate services have participated in this logon request. - Package name indicates which sub-protocol was used among the BARB protocols. - Key length indicates the length of the generated session key. This will be 0 if no session key was requested.
00/08/1000 11:07:59 AM LogName=Security QhrungMumv=Georgiann Windows security auditing. ZolxuLhyf=4561 EventType=0 Type=Information ComputerName=eun-b51.gricelda.rolanda.dw NyynNewczmen=Special Logon OpCode=Info IpytivNolhdo=28310012 Keywords=Audit Success Message=Special privileges assigned to new logon. Subject: Security ID: GRICELDA\GIA-L00$ Account Name: GIA-L00$ Account Domain: GRICELDA Logon ID: 0h0HNGY8K40 Privileges: RkXubobenhWvbzntobx  AbQphjzpYmyontvrf  KbExyuhcpGfiarkeht  PzUtbyYgmapvebrQoduppuzj  YmHjxjcUlkfvqeih  KqDitcbrDctwzjqbrlqLsexrybnm  HsTmlzLqfedrVkvmswmkj  IkIwlqopittcfQalwevxfl  OuUjvmtkdvUnkrbkbKvlhWvgpnxlgotkJxeyvmvex
00/08/1000 11:07:59 AM LogName=Security QhrungMumv=Georgiann Windows security auditing. ZolxuLhyf=3000 EventType=0 Type=Information ComputerName=CAP-Q317.rolanda.ad.rolanda.dw NyynNewczmen=Filtering Platform Packet Drop OpCode=Info IpytivNolhdo=10106018 Keywords=Audit Failure Message=The Windows Filtering Platform has blocked a packet. Application Information: Process ID: 0 Application Name: - Network Information: Direction: Inbound Source Address: 00.03.61.6 Source Port: 23248 Destination Address: 00.03.61.30 Destination Port: 012 Protocol: 6 Filter Information: Filter Run-Time ID: 50310 Layer Name: Transport Layer Run-Time ID: 11
00/08/1000 11:07:59 AM LogName=Security QhrungMumv=Georgiann Windows security auditing. ZolxuLhyf=3000 EventType=0 Type=Information ComputerName=CAP-Q317.rolanda.ad.rolanda.dw NyynNewczmen=Filtering Platform Packet Drop OpCode=Info IpytivNolhdo=10601517 Keywords=Audit Failure Message=The Windows Filtering Platform has blocked a packet. Application Information: Process ID: 0 Application Name: - Network Information: Direction: Inbound Source Address: 00.03.61.6 Source Port: 40001 Destination Address: 00.03.61.30 Destination Port: 70 Protocol: 6 Filter Information: Filter Run-Time ID: 50310 Layer Name: Transport Layer Run-Time ID: 11
00/08/1000 11:07:59 AM LogName=Security QhrungMumv=Georgiann Windows security auditing. ZolxuLhyf=1555 EventType=0 Type=Information ComputerName=CAP-T15.ad.rolanda.dw NyynNewczmen=Other Object Access Events OpCode=Info IpytivNolhdo=00320203502 Keywords=Audit Success Message=A handle to an object was requested. Subject: Security ID: NT AUTHORITY\SYSTEM Account Name: CAP-T15$ Account Domain: AD Logon ID: 0a1y1 Object: Object Server: HutcOdtrXggvfdf Object Type: Security Object Name: ZmtrVoujSgfiivqiBwvpmu Handle ID: 0t0 Process Information: Process ID: 0y1s0 Process Name: C:\Windows\Dzgyhn01\rosalba.len Access Request Information: Transaction ID: {00000000-0000-0000-0000-000000000000} Accesses: Unknown specific access (bit 1)    Access Reasons: - Access Mask: 0u2 Privileges Used for Access Check: - Restricted TAD Count: 0
00/08/1000 11:07:59 AM LogName=Security QhrungMumv=Georgiann Windows security auditing. ZolxuLhyf=1555 EventType=0 Type=Information ComputerName=CAP-T15.ad.rolanda.dw NyynNewczmen=Other Object Access Events OpCode=Info IpytivNolhdo=17130502400 Keywords=Audit Success Message=A handle to an object was requested. Subject: Security ID: NT AUTHORITY\SYSTEM Account Name: CAP-T15$ Account Domain: AD Logon ID: 0a1y1 Object: Object Server: HutcOdtrXggvfdf Object Type: Security Object Name: ZmtrVoujSgfiivqiBwvpmu Handle ID: 0t0 Process Information: Process ID: 0y1s0 Process Name: C:\Windows\Dzgyhn01\rosalba.len Access Request Information: Transaction ID: {00000000-0000-0000-0000-000000000000} Accesses: Unknown specific access (bit 1)    Access Reasons: - Access Mask: 0u2 Privileges Used for Access Check: - Restricted TAD Count: 0
00/08/1000 11:07:59 AM LogName=Security QhrungMumv=Georgiann Windows security auditing. ZolxuLhyf=1555 EventType=0 Type=Information ComputerName=CAP-T15.ad.rolanda.dw NyynNewczmen=Other Object Access Events OpCode=Info IpytivNolhdo=10011211802 Keywords=Audit Success Message=A handle to an object was requested. Subject: Security ID: NT AUTHORITY\SYSTEM Account Name: CAP-T15$ Account Domain: AD Logon ID: 0a1y1 Object: Object Server: HutcOdtrXggvfdf Object Type: Security Object Name: ZmtrVoujSgfiivqiBwvpmu Handle ID: 0t0 Process Information: Process ID: 0y1s0 Process Name: C:\Windows\Dzgyhn01\rosalba.len Access Request Information: Transaction ID: {00000000-0000-0000-0000-000000000000} Accesses: Unknown specific access (bit 1)    Access Reasons: - Access Mask: 0u2 Privileges Used for Access Check: - Restricted TAD Count: 0
00/08/1000 11:07:59 AM LogName=Security QhrungMumv=Georgiann Windows security auditing. ZolxuLhyf=1555 EventType=0 Type=Information ComputerName=CAP-T15.ad.rolanda.dw NyynNewczmen=Other Object Access Events OpCode=Info IpytivNolhdo=12260202902 Keywords=Audit Success Message=A handle to an object was requested. Subject: Security ID: NT AUTHORITY\SYSTEM Account Name: CAP-T15$ Account Domain: AD Logon ID: 0a1y1 Object: Object Server: HutcOdtrXggvfdf Object Type: Security Object Name: ZmtrVoujSgfiivqiBwvpmu Handle ID: 0t0 Process Information: Process ID: 0y1s0 Process Name: C:\Windows\Dzgyhn01\rosalba.len Access Request Information: Transaction ID: {00000000-0000-0000-0000-000000000000} Accesses: Unknown specific access (bit 1)    Access Reasons: - Access Mask: 0u2 Privileges Used for Access Check: - Restricted TAD Count: 0
00/08/1000 11:07:59 AM LogName=Security QhrungMumv=Georgiann Windows security auditing. ZolxuLhyf=1555 EventType=0 Type=Information ComputerName=CAP-T15.ad.rolanda.dw NyynNewczmen=Other Object Access Events OpCode=Info IpytivNolhdo=16221516701 Keywords=Audit Success Message=A handle to an object was requested. Subject: Security ID: NT AUTHORITY\SYSTEM Account Name: CAP-T15$ Account Domain: AD Logon ID: 0a1y1 Object: Object Server: HutcOdtrXggvfdf Object Type: Security Object Name: ZmtrVoujSgfiivqiBwvpmu Handle ID: 0t0 Process Information: Process ID: 0y1s0 Process Name: C:\Windows\Dzgyhn01\rosalba.len Access Request Information: Transaction ID: {00000000-0000-0000-0000-000000000000} Accesses: Unknown specific access (bit 1)    Access Reasons: - Access Mask: 0u2 Privileges Used for Access Check: - Restricted TAD Count: 0
00/08/1000 11:07:59 AM LogName=Security QhrungMumv=Georgiann Windows security auditing. ZolxuLhyf=1555 EventType=0 Type=Information ComputerName=CAP-T15.ad.rolanda.dw NyynNewczmen=Other Object Access Events OpCode=Info IpytivNolhdo=02113201403 Keywords=Audit Success Message=A handle to an object was requested. Subject: Security ID: NT AUTHORITY\SYSTEM Account Name: CAP-T15$ Account Domain: AD Logon ID: 0a1y1 Object: Object Server: HutcOdtrXggvfdf Object Type: Security Object Name: ZmtrVoujSgfiivqiBwvpmu Handle ID: 0t0 Process Information: Process ID: 0y1s0 Process Name: C:\Windows\Dzgyhn01\rosalba.len Access Request Information: Transaction ID: {00000000-0000-0000-0000-000000000000} Accesses: Unknown specific access (bit 1)    Access Reasons: - Access Mask: 0u2 Privileges Used for Access Check: - Restricted TAD Count: 0
00/08/1000 11:07:59 AM LogName=Security QhrungMumv=Georgiann Windows security auditing. ZolxuLhyf=1555 EventType=0 Type=Information ComputerName=CAP-T15.ad.rolanda.dw NyynNewczmen=Other Object Access Events OpCode=Info IpytivNolhdo=12143515502 Keywords=Audit Success Message=A handle to an object was requested. Subject: Security ID: NT AUTHORITY\SYSTEM Account Name: CAP-T15$ Account Domain: AD Logon ID: 0a1y1 Object: Object Server: HutcOdtrXggvfdf Object Type: Security Object Name: ZmtrVoujSgfiivqiBwvpmu Handle ID: 0t0 Process Information: Process ID: 0y1s0 Process Name: C:\Windows\Dzgyhn01\rosalba.len Access Request Information: Transaction ID: {00000000-0000-0000-0000-000000000000} Accesses: Unknown specific access (bit 1)    Access Reasons: - Access Mask: 0u2 Privileges Used for Access Check: - Restricted TAD Count: 0
00/08/1000 11:07:59 AM LogName=Security QhrungMumv=Georgiann Windows security auditing. ZolxuLhyf=1555 EventType=0 Type=Information ComputerName=CAP-T15.ad.rolanda.dw NyynNewczmen=Other Object Access Events OpCode=Info IpytivNolhdo=11271312101 Keywords=Audit Success Message=A handle to an object was requested. Subject: Security ID: NT AUTHORITY\SYSTEM Account Name: CAP-T15$ Account Domain: AD Logon ID: 0a1y1 Object: Object Server: HutcOdtrXggvfdf Object Type: Security Object Name: ZmtrVoujSgfiivqiBwvpmu Handle ID: 0t0 Process Information: Process ID: 0y1s0 Process Name: C:\Windows\Dzgyhn01\rosalba.len Access Request Information: Transaction ID: {00000000-0000-0000-0000-000000000000} Accesses: Unknown specific access (bit 1)    Access Reasons: - Access Mask: 0u2 Privileges Used for Access Check: - Restricted TAD Count: 0
00/08/1000 11:07:59 AM LogName=Security QhrungMumv=Georgiann Windows security auditing. ZolxuLhyf=1555 EventType=0 Type=Information ComputerName=CAP-T15.ad.rolanda.dw NyynNewczmen=Other Object Access Events OpCode=Info IpytivNolhdo=15121103800 Keywords=Audit Success Message=A handle to an object was requested. Subject: Security ID: NT AUTHORITY\SYSTEM Account Name: CAP-T15$ Account Domain: AD Logon ID: 0a1y1 Object: Object Server: HutcOdtrXggvfdf Object Type: Security Object Name: ZmtrVoujSgfiivqiBwvpmu Handle ID: 0t0 Process Information: Process ID: 0y1s0 Process Name: C:\Windows\Dzgyhn01\rosalba.len Access Request Information: Transaction ID: {00000000-0000-0000-0000-000000000000} Accesses: Unknown specific access (bit 1)    Access Reasons: - Access Mask: 0u2 Privileges Used for Access Check: - Restricted TAD Count: 0
00/08/1000 11:07:59 AM LogName=Security QhrungMumv=Georgiann Windows security auditing. ZolxuLhyf=1555 EventType=0 Type=Information ComputerName=CAP-T15.ad.rolanda.dw NyynNewczmen=Other Object Access Events OpCode=Info IpytivNolhdo=10041215614 Keywords=Audit Success Message=A handle to an object was requested. Subject: Security ID: NT AUTHORITY\SYSTEM Account Name: CAP-T15$ Account Domain: AD Logon ID: 0a1y1 Object: Object Server: HutcOdtrXggvfdf Object Type: Security Object Name: ZmtrVoujSgfiivqiBwvpmu Handle ID: 0t0 Process Information: Process ID: 0y1s0 Process Name: C:\Windows\Dzgyhn01\rosalba.len Access Request Information: Transaction ID: {00000000-0000-0000-0000-000000000000} Accesses: Unknown specific access (bit 1)    Access Reasons: - Access Mask: 0u2 Privileges Used for Access Check: - Restricted TAD Count: 0
00/08/1000 11:07:59 AM LogName=Security QhrungMumv=Georgiann Windows security auditing. ZolxuLhyf=1555 EventType=0 Type=Information ComputerName=CAP-T15.ad.rolanda.dw NyynNewczmen=Other Object Access Events OpCode=Info IpytivNolhdo=15273113588 Keywords=Audit Success Message=A handle to an object was requested. Subject: Security ID: NT AUTHORITY\SYSTEM Account Name: CAP-T15$ Account Domain: AD Logon ID: 0a1y1 Object: Object Server: HutcOdtrXggvfdf Object Type: Security Object Name: ZmtrVoujSgfiivqiBwvpmu Handle ID: 0t0 Process Information: Process ID: 0y1s0 Process Name: C:\Windows\Dzgyhn01\rosalba.len Access Request Information: Transaction ID: {00000000-0000-0000-0000-000000000000} Accesses: Unknown specific access (bit 1)    Access Reasons: - Access Mask: 0u2 Privileges Used for Access Check: - Restricted TAD Count: 0
00/08/1000 11:07:59 AM LogName=Security QhrungMumv=Georgiann Windows security auditing. ZolxuLhyf=1555 EventType=0 Type=Information ComputerName=CAP-T15.ad.rolanda.dw NyynNewczmen=Other Object Access Events OpCode=Info IpytivNolhdo=04001110296 Keywords=Audit Success Message=A handle to an object was requested. Subject: Security ID: NT AUTHORITY\SYSTEM Account Name: CAP-T15$ Account Domain: AD Logon ID: 0a1y1 Object: Object Server: HutcOdtrXggvfdf Object Type: Security Object Name: ZmtrVoujSgfiivqiBwvpmu Handle ID: 0t0 Process Information: Process ID: 0y1s0 Process Name: C:\Windows\Dzgyhn01\rosalba.len Access Request Information: Transaction ID: {00000000-0000-0000-0000-000000000000} Accesses: Unknown specific access (bit 1)    Access Reasons: - Access Mask: 0u2 Privileges Used for Access Check: - Restricted TAD Count: 0
00/08/1000 11:07:59 AM LogName=Security QhrungMumv=Georgiann Windows security auditing. ZolxuLhyf=1555 EventType=0 Type=Information ComputerName=CAP-T15.ad.rolanda.dw NyynNewczmen=Other Object Access Events OpCode=Info IpytivNolhdo=12120302300 Keywords=Audit Success Message=A handle to an object was requested. Subject: Security ID: NT AUTHORITY\SYSTEM Account Name: CAP-T15$ Account Domain: AD Logon ID: 0a1y1 Object: Object Server: HutcOdtrXggvfdf Object Type: Security Object Name: ZmtrVoujSgfiivqiBwvpmu Handle ID: 0t0 Process Information: Process ID: 0y1s0 Process Name: C:\Windows\Dzgyhn01\rosalba.len Access Request Information: Transaction ID: {00000000-0000-0000-0000-000000000000} Accesses: Unknown specific access (bit 1)    Access Reasons: - Access Mask: 0u2 Privileges Used for Access Check: - Restricted TAD Count: 0
00/08/1000 11:07:59 AM LogName=Security QhrungMumv=Georgiann Windows security auditing. ZolxuLhyf=1555 EventType=0 Type=Information ComputerName=CAP-T15.ad.rolanda.dw NyynNewczmen=Other Object Access Events OpCode=Info IpytivNolhdo=11130110733 Keywords=Audit Success Message=A handle to an object was requested. Subject: Security ID: NT AUTHORITY\SYSTEM Account Name: CAP-T15$ Account Domain: AD Logon ID: 0a1y1 Object: Object Server: HutcOdtrXggvfdf Object Type: Security Object Name: ZmtrVoujSgfiivqiBwvpmu Handle ID: 0t0 Process Information: Process ID: 0y1s0 Process Name: C:\Windows\Dzgyhn01\rosalba.len Access Request Information: Transaction ID: {00000000-0000-0000-0000-000000000000} Accesses: Unknown specific access (bit 1)    Access Reasons: - Access Mask: 0u2 Privileges Used for Access Check: - Restricted TAD Count: 0
00/08/1000 11:07:59 AM LogName=Security QhrungMumv=Georgiann Windows security auditing. ZolxuLhyf=1555 EventType=0 Type=Information ComputerName=CAP-T15.ad.rolanda.dw NyynNewczmen=Other Object Access Events OpCode=Info IpytivNolhdo=14171103713 Keywords=Audit Success Message=A handle to an object was requested. Subject: Security ID: NT AUTHORITY\SYSTEM Account Name: CAP-T15$ Account Domain: AD Logon ID: 0a1y1 Object: Object Server: HutcOdtrXggvfdf Object Type: Security Object Name: ZmtrVoujSgfiivqiBwvpmu Handle ID: 0t0 Process Information: Process ID: 0y1s0 Process Name: C:\Windows\Dzgyhn01\rosalba.len Access Request Information: Transaction ID: {00000000-0000-0000-0000-000000000000} Accesses: Unknown specific access (bit 1)    Access Reasons: - Access Mask: 0u2 Privileges Used for Access Check: - Restricted TAD Count: 0
00/08/1000 11:07:59 AM LogName=Security QhrungMumv=Georgiann Windows security auditing. ZolxuLhyf=1555 EventType=0 Type=Information ComputerName=CAP-T15.ad.rolanda.dw NyynNewczmen=Other Object Access Events OpCode=Info IpytivNolhdo=05353304730 Keywords=Audit Success Message=A handle to an object was requested. Subject: Security ID: NT AUTHORITY\SYSTEM Account Name: CAP-T15$ Account Domain: AD Logon ID: 0a1y1 Object: Object Server: HutcOdtrXggvfdf Object Type: Security Object Name: ZmtrVoujSgfiivqiBwvpmu Handle ID: 0t0 Process Information: Process ID: 0y1s0 Process Name: C:\Windows\Dzgyhn01\rosalba.len Access Request Information: Transaction ID: {00000000-0000-0000-0000-000000000000} Accesses: Unknown specific access (bit 1)    Access Reasons: - Access Mask: 0u2 Privileges Used for Access Check: - Restricted TAD Count: 0
00/08/1000 11:07:59 AM LogName=Security QhrungMumv=Georgiann Windows security auditing. ZolxuLhyf=1555 EventType=0 Type=Information ComputerName=CAP-T15.ad.rolanda.dw NyynNewczmen=Other Object Access Events OpCode=Info IpytivNolhdo=13221400331 Keywords=Audit Success Message=A handle to an object was requested. Subject: Security ID: NT AUTHORITY\SYSTEM Account Name: CAP-T15$ Account Domain: AD Logon ID: 0a1y1 Object: Object Server: HutcOdtrXggvfdf Object Type: Security Object Name: ZmtrVoujSgfiivqiBwvpmu Handle ID: 0t0 Process Information: Process ID: 0y1s0 Process Name: C:\Windows\Dzgyhn01\rosalba.len Access Request Information: Transaction ID: {00000000-0000-0000-0000-000000000000} Accesses: Unknown specific access (bit 1)    Access Reasons: - Access Mask: 0u2 Privileges Used for Access Check: - Restricted TAD Count: 0
00/08/1000 11:07:59 AM LogName=Security QhrungMumv=Georgiann Windows security auditing. ZolxuLhyf=1555 EventType=0 Type=Information ComputerName=CAP-T15.ad.rolanda.dw NyynNewczmen=Other Object Access Events OpCode=Info IpytivNolhdo=10302515761 Keywords=Audit Success Message=A handle to an object was requested. Subject: Security ID: NT AUTHORITY\SYSTEM Account Name: CAP-T15$ Account Domain: AD Logon ID: 0a1y1 Object: Object Server: HutcOdtrXggvfdf Object Type: Security Object Name: ZmtrVoujSgfiivqiBwvpmu Handle ID: 0t0 Process Information: Process ID: 0y1s0 Process Name: C:\Windows\Dzgyhn01\rosalba.len Access Request Information: Transaction ID: {00000000-0000-0000-0000-000000000000} Accesses: Unknown specific access (bit 1)    Access Reasons: - Access Mask: 0u2 Privileges Used for Access Check: - Restricted TAD Count: 0
00/08/1000 11:07:59 AM LogName=Security QhrungMumv=Georgiann Windows security auditing. ZolxuLhyf=1555 EventType=0 Type=Information ComputerName=CAP-T15.ad.rolanda.dw NyynNewczmen=Other Object Access Events OpCode=Info IpytivNolhdo=05142505170 Keywords=Audit Success Message=A handle to an object was requested. Subject: Security ID: NT AUTHORITY\SYSTEM Account Name: CAP-T15$ Account Domain: AD Logon ID: 0a1y1 Object: Object Server: HutcOdtrXggvfdf Object Type: Security Object Name: ZmtrVoujSgfiivqiBwvpmu Handle ID: 0t0 Process Information: Process ID: 0y1s0 Process Name: C:\Windows\Dzgyhn01\rosalba.len Access Request Information: Transaction ID: {00000000-0000-0000-0000-000000000000} Accesses: Unknown specific access (bit 1)    Access Reasons: - Access Mask: 0u2 Privileges Used for Access Check: - Restricted TAD Count: 0
00/08/1000 11:07:59 AM LogName=Security QhrungMumv=Georgiann Windows security auditing. ZolxuLhyf=1555 EventType=0 Type=Information ComputerName=CAP-T15.ad.rolanda.dw NyynNewczmen=Other Object Access Events OpCode=Info IpytivNolhdo=07262015288 Keywords=Audit Success Message=A handle to an object was requested. Subject: Security ID: NT AUTHORITY\SYSTEM Account Name: CAP-T15$ Account Domain: AD Logon ID: 0a1y1 Object: Object Server: HutcOdtrXggvfdf Object Type: Security Object Name: ZmtrVoujSgfiivqiBwvpmu Handle ID: 0t0 Process Information: Process ID: 0y1s0 Process Name: C:\Windows\Dzgyhn01\rosalba.len Access Request Information: Transaction ID: {00000000-0000-0000-0000-000000000000} Accesses: Unknown specific access (bit 1)    Access Reasons: - Access Mask: 0u2 Privileges Used for Access Check: - Restricted TAD Count: 0
00/08/1000 11:07:59 AM LogName=Security QhrungMumv=Georgiann Windows security auditing. ZolxuLhyf=1555 EventType=0 Type=Information ComputerName=CAP-T15.ad.rolanda.dw NyynNewczmen=Other Object Access Events OpCode=Info IpytivNolhdo=03373501877 Keywords=Audit Success Message=A handle to an object was requested. Subject: Security ID: NT AUTHORITY\SYSTEM Account Name: CAP-T15$ Account Domain: AD Logon ID: 0a1y1 Object: Object Server: HutcOdtrXggvfdf Object Type: Security Object Name: ZmtrVoujSgfiivqiBwvpmu Handle ID: 0t0 Process Information: Process ID: 0y1s0 Process Name: C:\Windows\Dzgyhn01\rosalba.len Access Request Information: Transaction ID: {00000000-0000-0000-0000-000000000000} Accesses: Unknown specific access (bit 1)    Access Reasons: - Access Mask: 0u2 Privileges Used for Access Check: - Restricted TAD Count: 0
00/08/1000 11:07:59 AM LogName=Security QhrungMumv=Georgiann Windows security auditing. ZolxuLhyf=1555 EventType=0 Type=Information ComputerName=CAP-T15.ad.rolanda.dw NyynNewczmen=Other Object Access Events OpCode=Info IpytivNolhdo=14153101386 Keywords=Audit Success Message=A handle to an object was requested. Subject: Security ID: NT AUTHORITY\SYSTEM Account Name: CAP-T15$ Account Domain: AD Logon ID: 0a1y1 Object: Object Server: HutcOdtrXggvfdf Object Type: Security Object Name: ZmtrVoujSgfiivqiBwvpmu Handle ID: 0t0 Process Information: Process ID: 0y1s0 Process Name: C:\Windows\Dzgyhn01\rosalba.len Access Request Information: Transaction ID: {00000000-0000-0000-0000-000000000000} Accesses: Unknown specific access (bit 1)    Access Reasons: - Access Mask: 0u2 Privileges Used for Access Check: - Restricted TAD Count: 0
00/08/1000 11:07:59 AM LogName=Security QhrungMumv=Georgiann Windows security auditing. ZolxuLhyf=1555 EventType=0 Type=Information ComputerName=CAP-T15.ad.rolanda.dw NyynNewczmen=Other Object Access Events OpCode=Info IpytivNolhdo=10062310024 Keywords=Audit Success Message=A handle to an object was requested. Subject: Security ID: NT AUTHORITY\SYSTEM Account Name: CAP-T15$ Account Domain: AD Logon ID: 0a1y1 Object: Object Server: HutcOdtrXggvfdf Object Type: Security Object Name: ZmtrVoujSgfiivqiBwvpmu Handle ID: 0t0 Process Information: Process ID: 0y1s0 Process Name: C:\Windows\Dzgyhn01\rosalba.len Access Request Information: Transaction ID: {00000000-0000-0000-0000-000000000000} Accesses: Unknown specific access (bit 1)    Access Reasons: - Access Mask: 0u2 Privileges Used for Access Check: - Restricted TAD Count: 0
00/08/1000 11:07:59 AM LogName=Security QhrungMumv=Georgiann Windows security auditing. ZolxuLhyf=1555 EventType=0 Type=Information ComputerName=CAP-T15.ad.rolanda.dw NyynNewczmen=Other Object Access Events OpCode=Info IpytivNolhdo=05220111451 Keywords=Audit Success Message=A handle to an object was requested. Subject: Security ID: NT AUTHORITY\SYSTEM Account Name: CAP-T15$ Account Domain: AD Logon ID: 0a1y1 Object: Object Server: HutcOdtrXggvfdf Object Type: Security Object Name: ZmtrVoujSgfiivqiBwvpmu Handle ID: 0t0 Process Information: Process ID: 0y1s0 Process Name: C:\Windows\Dzgyhn01\rosalba.len Access Request Information: Transaction ID: {00000000-0000-0000-0000-000000000000} Accesses: Unknown specific access (bit 1)    Access Reasons: - Access Mask: 0u2 Privileges Used for Access Check: - Restricted TAD Count: 0
00/08/1000 11:07:59 AM LogName=Security QhrungMumv=Georgiann Windows security auditing. ZolxuLhyf=1555 EventType=0 Type=Information ComputerName=CAP-T15.ad.rolanda.dw NyynNewczmen=Other Object Access Events OpCode=Info IpytivNolhdo=17012300200 Keywords=Audit Success Message=A handle to an object was requested. Subject: Security ID: NT AUTHORITY\SYSTEM Account Name: CAP-T15$ Account Domain: AD Logon ID: 0a1y1 Object: Object Server: HutcOdtrXggvfdf Object Type: Security Object Name: ZmtrVoujSgfiivqiBwvpmu Handle ID: 0t0 Process Information: Process ID: 0y1s0 Process Name: C:\Windows\Dzgyhn01\rosalba.len Access Request Information: Transaction ID: {00000000-0000-0000-0000-000000000000} Accesses: Unknown specific access (bit 1)    Access Reasons: - Access Mask: 0u2 Privileges Used for Access Check: - Restricted TAD Count: 0
00/08/1000 11:07:59 AM LogName=Security QhrungMumv=Georgiann Windows security auditing. ZolxuLhyf=1555 EventType=0 Type=Information ComputerName=CAP-T15.ad.rolanda.dw NyynNewczmen=Other Object Access Events OpCode=Info IpytivNolhdo=11351415233 Keywords=Audit Success Message=A handle to an object was requested. Subject: Security ID: NT AUTHORITY\SYSTEM Account Name: CAP-T15$ Account Domain: AD Logon ID: 0a1y1 Object: Object Server: HutcOdtrXggvfdf Object Type: Security Object Name: ZmtrVoujSgfiivqiBwvpmu Handle ID: 0t0 Process Information: Process ID: 0y1s0 Process Name: C:\Windows\Dzgyhn01\rosalba.len Access Request Information: Transaction ID: {00000000-0000-0000-0000-000000000000} Accesses: Unknown specific access (bit 1)    Access Reasons: - Access Mask: 0u2 Privileges Used for Access Check: - Restricted TAD Count: 0
00/08/1000 11:07:59 AM LogName=Security QhrungMumv=Georgiann Windows security auditing. ZolxuLhyf=1555 EventType=0 Type=Information ComputerName=CAP-T15.ad.rolanda.dw NyynNewczmen=Other Object Access Events OpCode=Info IpytivNolhdo=11372213602 Keywords=Audit Success Message=A handle to an object was requested. Subject: Security ID: NT AUTHORITY\SYSTEM Account Name: CAP-T15$ Account Domain: AD Logon ID: 0a1y1 Object: Object Server: HutcOdtrXggvfdf Object Type: Security Object Name: ZmtrVoujSgfiivqiBwvpmu Handle ID: 0t0 Process Information: Process ID: 0y1s0 Process Name: C:\Windows\Dzgyhn01\rosalba.len Access Request Information: Transaction ID: {00000000-0000-0000-0000-000000000000} Accesses: Unknown specific access (bit 1)    Access Reasons: - Access Mask: 0u2 Privileges Used for Access Check: - Restricted TAD Count: 0
00/08/1000 11:07:59 AM LogName=Security QhrungMumv=Georgiann Windows security auditing. ZolxuLhyf=1555 EventType=0 Type=Information ComputerName=CAP-T15.ad.rolanda.dw NyynNewczmen=Other Object Access Events OpCode=Info IpytivNolhdo=17123515121 Keywords=Audit Success Message=A handle to an object was requested. Subject: Security ID: NT AUTHORITY\SYSTEM Account Name: CAP-T15$ Account Domain: AD Logon ID: 0a1y1 Object: Object Server: HutcOdtrXggvfdf Object Type: Security Object Name: ZmtrVoujSgfiivqiBwvpmu Handle ID: 0t0 Process Information: Process ID: 0y1s0 Process Name: C:\Windows\Dzgyhn01\rosalba.len Access Request Information: Transaction ID: {00000000-0000-0000-0000-000000000000} Accesses: Unknown specific access (bit 1)    Access Reasons: - Access Mask: 0u2 Privileges Used for Access Check: - Restricted TAD Count: 0
00/08/1000 11:07:59 AM LogName=Security QhrungMumv=Georgiann Windows security auditing. ZolxuLhyf=1555 EventType=0 Type=Information ComputerName=CAP-T15.ad.rolanda.dw NyynNewczmen=Other Object Access Events OpCode=Info IpytivNolhdo=10350513440 Keywords=Audit Success Message=A handle to an object was requested. Subject: Security ID: NT AUTHORITY\SYSTEM Account Name: CAP-T15$ Account Domain: AD Logon ID: 0a1y1 Object: Object Server: HutcOdtrXggvfdf Object Type: Security Object Name: ZmtrVoujSgfiivqiBwvpmu Handle ID: 0t0 Process Information: Process ID: 0y1s0 Process Name: C:\Windows\Dzgyhn01\rosalba.len Access Request Information: Transaction ID: {00000000-0000-0000-0000-000000000000} Accesses: Unknown specific access (bit 1)    Access Reasons: - Access Mask: 0u2 Privileges Used for Access Check: - Restricted TAD Count: 0
00/08/1000 11:07:59 AM LogName=Security QhrungMumv=Georgiann Windows security auditing. ZolxuLhyf=1555 EventType=0 Type=Information ComputerName=CAP-T15.ad.rolanda.dw NyynNewczmen=Other Object Access Events OpCode=Info IpytivNolhdo=15361505630 Keywords=Audit Success Message=A handle to an object was requested. Subject: Security ID: NT AUTHORITY\SYSTEM Account Name: CAP-T15$ Account Domain: AD Logon ID: 0a1y1 Object: Object Server: HutcOdtrXggvfdf Object Type: Security Object Name: ZmtrVoujSgfiivqiBwvpmu Handle ID: 0t0 Process Information: Process ID: 0y1s0 Process Name: C:\Windows\Dzgyhn01\rosalba.len Access Request Information: Transaction ID: {00000000-0000-0000-0000-000000000000} Accesses: Unknown specific access (bit 1)    Access Reasons: - Access Mask: 0u2 Privileges Used for Access Check: - Restricted TAD Count: 0
00/08/1000 11:07:59 AM LogName=Security QhrungMumv=Georgiann Windows security auditing. ZolxuLhyf=1555 EventType=0 Type=Information ComputerName=CAP-T15.ad.rolanda.dw NyynNewczmen=Other Object Access Events OpCode=Info IpytivNolhdo=04002310174 Keywords=Audit Success Message=A handle to an object was requested. Subject: Security ID: NT AUTHORITY\SYSTEM Account Name: CAP-T15$ Account Domain: AD Logon ID: 0a1y1 Object: Object Server: HutcOdtrXggvfdf Object Type: Security Object Name: ZmtrVoujSgfiivqiBwvpmu Handle ID: 0t0 Process Information: Process ID: 0y1s0 Process Name: C:\Windows\Dzgyhn01\rosalba.len Access Request Information: Transaction ID: {00000000-0000-0000-0000-000000000000} Accesses: Unknown specific access (bit 1)    Access Reasons: - Access Mask: 0u2 Privileges Used for Access Check: - Restricted TAD Count: 0
00/08/1000 11:07:59 AM LogName=Security QhrungMumv=Georgiann Windows security auditing. ZolxuLhyf=1555 EventType=0 Type=Information ComputerName=CAP-T15.ad.rolanda.dw NyynNewczmen=Other Object Access Events OpCode=Info IpytivNolhdo=12033214635 Keywords=Audit Success Message=A handle to an object was requested. Subject: Security ID: NT AUTHORITY\SYSTEM Account Name: CAP-T15$ Account Domain: AD Logon ID: 0a1y1 Object: Object Server: HutcOdtrXggvfdf Object Type: Security Object Name: ZmtrVoujSgfiivqiBwvpmu Handle ID: 0t0 Process Information: Process ID: 0y1s0 Process Name: C:\Windows\Dzgyhn01\rosalba.len Access Request Information: Transaction ID: {00000000-0000-0000-0000-000000000000} Accesses: Unknown specific access (bit 1)    Access Reasons: - Access Mask: 0u2 Privileges Used for Access Check: - Restricted TAD Count: 0
00/08/1000 11:07:59 AM LogName=Security QhrungMumv=Georgiann Windows security auditing. ZolxuLhyf=1555 EventType=0 Type=Information ComputerName=CAP-T15.ad.rolanda.dw NyynNewczmen=Other Object Access Events OpCode=Info IpytivNolhdo=00031212810 Keywords=Audit Success Message=A handle to an object was requested. Subject: Security ID: NT AUTHORITY\SYSTEM Account Name: CAP-T15$ Account Domain: AD Logon ID: 0a1y1 Object: Object Server: HutcOdtrXggvfdf Object Type: Security Object Name: ZmtrVoujSgfiivqiBwvpmu Handle ID: 0t0 Process Information: Process ID: 0y1s0 Process Name: C:\Windows\Dzgyhn01\rosalba.len Access Request Information: Transaction ID: {00000000-0000-0000-0000-000000000000} Accesses: Unknown specific access (bit 1)    Access Reasons: - Access Mask: 0u2 Privileges Used for Access Check: - Restricted TAD Count: 0
00/08/1000 11:07:59 AM LogName=Security QhrungMumv=Georgiann Windows security auditing. ZolxuLhyf=1555 EventType=0 Type=Information ComputerName=CAP-T15.ad.rolanda.dw NyynNewczmen=Other Object Access Events OpCode=Info IpytivNolhdo=13173202060 Keywords=Audit Success Message=A handle to an object was requested. Subject: Security ID: NT AUTHORITY\SYSTEM Account Name: CAP-T15$ Account Domain: AD Logon ID: 0a1y1 Object: Object Server: HutcOdtrXggvfdf Object Type: Security Object Name: ZmtrVoujSgfiivqiBwvpmu Handle ID: 0t0 Process Information: Process ID: 0y1s0 Process Name: C:\Windows\Dzgyhn01\rosalba.len Access Request Information: Transaction ID: {00000000-0000-0000-0000-000000000000} Accesses: Unknown specific access (bit 1)    Access Reasons: - Access Mask: 0u2 Privileges Used for Access Check: - Restricted TAD Count: 0
00/08/1000 11:07:59 AM LogName=Security QhrungMumv=Georgiann Windows security auditing. ZolxuLhyf=1555 EventType=0 Type=Information ComputerName=CAP-T15.ad.rolanda.dw NyynNewczmen=Other Object Access Events OpCode=Info IpytivNolhdo=16030000810 Keywords=Audit Success Message=A handle to an object was requested. Subject: Security ID: NT AUTHORITY\SYSTEM Account Name: CAP-T15$ Account Domain: AD Logon ID: 0a1y1 Object: Object Server: HutcOdtrXggvfdf Object Type: Security Object Name: ZmtrVoujSgfiivqiBwvpmu Handle ID: 0t0 Process Information: Process ID: 0y1s0 Process Name: C:\Windows\Dzgyhn01\rosalba.len Access Request Information: Transaction ID: {00000000-0000-0000-0000-000000000000} Accesses: Unknown specific access (bit 1)    Access Reasons: - Access Mask: 0u2 Privileges Used for Access Check: - Restricted TAD Count: 0
00/08/1000 11:07:59 AM LogName=Security QhrungMumv=Georgiann Windows security auditing. ZolxuLhyf=1555 EventType=0 Type=Information ComputerName=CAP-T15.ad.rolanda.dw NyynNewczmen=Other Object Access Events OpCode=Info IpytivNolhdo=01051200820 Keywords=Audit Success Message=A handle to an object was requested. Subject: Security ID: NT AUTHORITY\SYSTEM Account Name: CAP-T15$ Account Domain: AD Logon ID: 0a1y1 Object: Object Server: HutcOdtrXggvfdf Object Type: Security Object Name: ZmtrVoujSgfiivqiBwvpmu Handle ID: 0t0 Process Information: Process ID: 0y1s0 Process Name: C:\Windows\Dzgyhn01\rosalba.len Access Request Information: Transaction ID: {00000000-0000-0000-0000-000000000000} Accesses: Unknown specific access (bit 1)    Access Reasons: - Access Mask: 0u2 Privileges Used for Access Check: - Restricted TAD Count: 0
00/08/1000 11:07:59 AM LogName=Security QhrungMumv=Georgiann Windows security auditing. ZolxuLhyf=1555 EventType=0 Type=Information ComputerName=CAP-T15.ad.rolanda.dw NyynNewczmen=Other Object Access Events OpCode=Info IpytivNolhdo=07033416062 Keywords=Audit Success Message=A handle to an object was requested. Subject: Security ID: NT AUTHORITY\SYSTEM Account Name: CAP-T15$ Account Domain: AD Logon ID: 0a1y1 Object: Object Server: HutcOdtrXggvfdf Object Type: Security Object Name: ZmtrVoujSgfiivqiBwvpmu Handle ID: 0t0 Process Information: Process ID: 0y1s0 Process Name: C:\Windows\Dzgyhn01\rosalba.len Access Request Information: Transaction ID: {00000000-0000-0000-0000-000000000000} Accesses: Unknown specific access (bit 1)    Access Reasons: - Access Mask: 0u2 Privileges Used for Access Check: - Restricted TAD Count: 0
00/08/1000 11:07:59 AM LogName=Security QhrungMumv=Georgiann Windows security auditing. ZolxuLhyf=1555 EventType=0 Type=Information ComputerName=CAP-T15.ad.rolanda.dw NyynNewczmen=Other Object Access Events OpCode=Info IpytivNolhdo=15162011031 Keywords=Audit Success Message=A handle to an object was requested. Subject: Security ID: NT AUTHORITY\SYSTEM Account Name: CAP-T15$ Account Domain: AD Logon ID: 0a1y1 Object: Object Server: HutcOdtrXggvfdf Object Type: Security Object Name: ZmtrVoujSgfiivqiBwvpmu Handle ID: 0t0 Process Information: Process ID: 0y1s0 Process Name: C:\Windows\Dzgyhn01\rosalba.len Access Request Information: Transaction ID: {00000000-0000-0000-0000-000000000000} Accesses: Unknown specific access (bit 1)    Access Reasons: - Access Mask: 0u2 Privileges Used for Access Check: - Restricted TAD Count: 0
00/08/1000 11:07:59 AM LogName=Security QhrungMumv=Georgiann Windows security auditing. ZolxuLhyf=1555 EventType=0 Type=Information ComputerName=CAP-T15.ad.rolanda.dw NyynNewczmen=Other Object Access Events OpCode=Info IpytivNolhdo=15332310320 Keywords=Audit Success Message=A handle to an object was requested. Subject: Security ID: NT AUTHORITY\SYSTEM Account Name: CAP-T15$ Account Domain: AD Logon ID: 0a1y1 Object: Object Server: HutcOdtrXggvfdf Object Type: Security Object Name: ZmtrVoujSgfiivqiBwvpmu Handle ID: 0t0 Process Information: Process ID: 0y1s0 Process Name: C:\Windows\Dzgyhn01\rosalba.len Access Request Information: Transaction ID: {00000000-0000-0000-0000-000000000000} Accesses: Unknown specific access (bit 1)    Access Reasons: - Access Mask: 0u2 Privileges Used for Access Check: - Restricted TAD Count: 0
00/08/1000 11:07:59 AM LogName=Security QhrungMumv=Georgiann Windows security auditing. ZolxuLhyf=1555 EventType=0 Type=Information ComputerName=CAP-T15.ad.rolanda.dw NyynNewczmen=Other Object Access Events OpCode=Info IpytivNolhdo=15361216427 Keywords=Audit Success Message=A handle to an object was requested. Subject: Security ID: NT AUTHORITY\SYSTEM Account Name: CAP-T15$ Account Domain: AD Logon ID: 0a1y1 Object: Object Server: HutcOdtrXggvfdf Object Type: Security Object Name: ZmtrVoujSgfiivqiBwvpmu Handle ID: 0t0 Process Information: Process ID: 0y1s0 Process Name: C:\Windows\Dzgyhn01\rosalba.len Access Request Information: Transaction ID: {00000000-0000-0000-0000-000000000000} Accesses: Unknown specific access (bit 1)    Access Reasons: - Access Mask: 0u2 Privileges Used for Access Check: - Restricted TAD Count: 0
00/08/1000 11:07:59 AM LogName=Security QhrungMumv=Georgiann Windows security auditing. ZolxuLhyf=1555 EventType=0 Type=Information ComputerName=CAP-T15.ad.rolanda.dw NyynNewczmen=Other Object Access Events OpCode=Info IpytivNolhdo=06272516027 Keywords=Audit Success Message=A handle to an object was requested. Subject: Security ID: NT AUTHORITY\SYSTEM Account Name: CAP-T15$ Account Domain: AD Logon ID: 0a1y1 Object: Object Server: HutcOdtrXggvfdf Object Type: Security Object Name: ZmtrVoujSgfiivqiBwvpmu Handle ID: 0t0 Process Information: Process ID: 0y1s0 Process Name: C:\Windows\Dzgyhn01\rosalba.len Access Request Information: Transaction ID: {00000000-0000-0000-0000-000000000000} Accesses: Unknown specific access (bit 1)    Access Reasons: - Access Mask: 0u2 Privileges Used for Access Check: - Restricted TAD Count: 0
00/08/1000 11:07:59 AM LogName=Security QhrungMumv=Georgiann Windows security auditing. ZolxuLhyf=1555 EventType=0 Type=Information ComputerName=CAP-T15.ad.rolanda.dw NyynNewczmen=Other Object Access Events OpCode=Info IpytivNolhdo=05161213437 Keywords=Audit Success Message=A handle to an object was requested. Subject: Security ID: NT AUTHORITY\SYSTEM Account Name: CAP-T15$ Account Domain: AD Logon ID: 0a1y1 Object: Object Server: HutcOdtrXggvfdf Object Type: Security Object Name: ZmtrVoujSgfiivqiBwvpmu Handle ID: 0t0 Process Information: Process ID: 0y1s0 Process Name: C:\Windows\Dzgyhn01\rosalba.len Access Request Information: Transaction ID: {00000000-0000-0000-0000-000000000000} Accesses: Unknown specific access (bit 1)    Access Reasons: - Access Mask: 0u2 Privileges Used for Access Check: - Restricted TAD Count: 0
00/08/1000 11:07:59 AM LogName=Security QhrungMumv=Georgiann Windows security auditing. ZolxuLhyf=1555 EventType=0 Type=Information ComputerName=CAP-T15.ad.rolanda.dw NyynNewczmen=Other Object Access Events OpCode=Info IpytivNolhdo=03132002354 Keywords=Audit Success Message=A handle to an object was requested. Subject: Security ID: NT AUTHORITY\SYSTEM Account Name: CAP-T15$ Account Domain: AD Logon ID: 0a1y1 Object: Object Server: HutcOdtrXggvfdf Object Type: Security Object Name: ZmtrVoujSgfiivqiBwvpmu Handle ID: 0t0 Process Information: Process ID: 0y1s0 Process Name: C:\Windows\Dzgyhn01\rosalba.len Access Request Information: Transaction ID: {00000000-0000-0000-0000-000000000000} Accesses: Unknown specific access (bit 1)    Access Reasons: - Access Mask: 0u2 Privileges Used for Access Check: - Restricted TAD Count: 0
00/08/1000 11:07:59 AM LogName=Security QhrungMumv=Georgiann Windows security auditing. ZolxuLhyf=1555 EventType=0 Type=Information ComputerName=CAP-T15.ad.rolanda.dw NyynNewczmen=Other Object Access Events OpCode=Info IpytivNolhdo=10050004233 Keywords=Audit Success Message=A handle to an object was requested. Subject: Security ID: NT AUTHORITY\SYSTEM Account Name: CAP-T15$ Account Domain: AD Logon ID: 0a1y1 Object: Object Server: HutcOdtrXggvfdf Object Type: Security Object Name: ZmtrVoujSgfiivqiBwvpmu Handle ID: 0t0 Process Information: Process ID: 0y1s0 Process Name: C:\Windows\Dzgyhn01\rosalba.len Access Request Information: Transaction ID: {00000000-0000-0000-0000-000000000000} Accesses: Unknown specific access (bit 1)    Access Reasons: - Access Mask: 0u2 Privileges Used for Access Check: - Restricted TAD Count: 0
00/08/1000 11:07:59 AM LogName=Security QhrungMumv=Georgiann Windows security auditing. ZolxuLhyf=1555 EventType=0 Type=Information ComputerName=CAP-T15.ad.rolanda.dw NyynNewczmen=Other Object Access Events OpCode=Info IpytivNolhdo=00130500441 Keywords=Audit Success Message=A handle to an object was requested. Subject: Security ID: NT AUTHORITY\SYSTEM Account Name: CAP-T15$ Account Domain: AD Logon ID: 0a1y1 Object: Object Server: HutcOdtrXggvfdf Object Type: Security Object Name: ZmtrVoujSgfiivqiBwvpmu Handle ID: 0t0 Process Information: Process ID: 0y1s0 Process Name: C:\Windows\Dzgyhn01\rosalba.len Access Request Information: Transaction ID: {00000000-0000-0000-0000-000000000000} Accesses: Unknown specific access (bit 1)    Access Reasons: - Access Mask: 0u2 Privileges Used for Access Check: - Restricted TAD Count: 0
00/08/1000 11:07:59 AM LogName=Security QhrungMumv=Georgiann Windows security auditing. ZolxuLhyf=1555 EventType=0 Type=Information ComputerName=CAP-T15.ad.rolanda.dw NyynNewczmen=Other Object Access Events OpCode=Info IpytivNolhdo=05240514521 Keywords=Audit Success Message=A handle to an object was requested. Subject: Security ID: NT AUTHORITY\SYSTEM Account Name: CAP-T15$ Account Domain: AD Logon ID: 0a1y1 Object: Object Server: HutcOdtrXggvfdf Object Type: Security Object Name: ZmtrVoujSgfiivqiBwvpmu Handle ID: 0t0 Process Information: Process ID: 0y1s0 Process Name: C:\Windows\Dzgyhn01\rosalba.len Access Request Information: Transaction ID: {00000000-0000-0000-0000-000000000000} Accesses: Unknown specific access (bit 1)    Access Reasons: - Access Mask: 0u2 Privileges Used for Access Check: - Restricted TAD Count: 0
00/08/1000 11:07:59 AM LogName=Security QhrungMumv=Georgiann Windows security auditing. ZolxuLhyf=1555 EventType=0 Type=Information ComputerName=CAP-T15.ad.rolanda.dw NyynNewczmen=Other Object Access Events OpCode=Info IpytivNolhdo=07033510732 Keywords=Audit Success Message=A handle to an object was requested. Subject: Security ID: NT AUTHORITY\SYSTEM Account Name: CAP-T15$ Account Domain: AD Logon ID: 0a1y1 Object: Object Server: HutcOdtrXggvfdf Object Type: Security Object Name: ZmtrVoujSgfiivqiBwvpmu Handle ID: 0t0 Process Information: Process ID: 0y1s0 Process Name: C:\Windows\Dzgyhn01\rosalba.len Access Request Information: Transaction ID: {00000000-0000-0000-0000-000000000000} Accesses: Unknown specific access (bit 1)    Access Reasons: - Access Mask: 0u2 Privileges Used for Access Check: - Restricted TAD Count: 0
