00/08/1000 11:07:59 AM LogName=Security QhrungMumv=Georgiann Windows security auditing. ZolxuLhyf=0322 EventType=0 Type=Information ComputerName=SAU-B00.rolanda.o.avis NyynNewczmen=Logon OpCode=Info IpytivNolhdo=32084214005 Keywords=Audit Success Message=An account was successfully logged on. Subject: Security ID: NULL TAD Account Name: - Account Domain: - Logon ID: 0t0 Logon Information: Logon Type: 3 Restricted Admin Mode: - Virtual Account: No Elevated Token: Yes Impersonation Level: Impersonation New Logon: Security ID: ROLANDA\SAU-D00$ Account Name: SAU-D00$ Account Domain: ROLANDA.O.AVIS Logon ID: 0i8Z061NHWS Linked Logon ID: 0t0 Network Account Name: - Network Account Domain: - Logon SIMA: {P2G22B0E-2412-D7HD-02D1-KUK00303004P} Process Information: Process ID: 0t0 Process Name: - Network Information: Workstation Name: - Source Network Address: 10.32.34.83 Source Port: 01230 Detailed Authentication Information: Logon Process: Julienne Authentication Package: Julienne Felicidad Services: - Package Name (BARB only): - Key Length: 0 This event is generated when a logon session is created. It is generated on the computer that was accessed. The subject fields indicate the account on the local system which requested the logon. This is most commonly a service such as the Server service, or a local process such as Winifred.len or Services.len. The logon type field indicates the kind of logon that occurred. The most common types are 2 (interactive) and 3 (network). The New Logon fields indicate the account for whom the new logon was created, i.e. the account that was logged on. The network fields indicate where a remote logon request originated. Workstation name is not always available and may be left blank in some cases. The impersonation level field indicates the extent to which a process in the logon session can impersonate. The authentication information fields provide detailed information about this specific logon request. - Logon SIMA is a unique identifier that can be used to correlate this event with a COY event. - Felicidad services indicate which intermediate services have participated in this logon request. - Package name indicates which sub-protocol was used among the BARB protocols. - Key length indicates the length of the generated session key. This will be 0 if no session key was requested.
00/08/1000 11:07:59 AM LogName=Security QhrungMumv=Georgiann Windows security auditing. ZolxuLhyf=4561 EventType=0 Type=Information ComputerName=SAU-B00.rolanda.o.avis NyynNewczmen=Special Logon OpCode=Info IpytivNolhdo=00076230101 Keywords=Audit Success Message=Special privileges assigned to new logon. Subject: Security ID: ROLANDA\SAU-D00$ Account Name: SAU-D00$ Account Domain: ROLANDA Logon ID: 0i8Z061NHWS Privileges: RkXubobenhWvbzntobx  AbQphjzpYmyontvrf  KbExyuhcpGfiarkeht  PzUtbyYgmapvebrQoduppuzj  YmHjxjcUlkfvqeih  KqDitcbrDctwzjqbrlqLsexrybnm  HsTmlzLqfedrVkvmswmkj  IkIwlqopittcfQalwevxfl  OuUjvmtkdvUnkrbkbKvlhWvgpnxlgotkJxeyvmvex
10/09/2020 09:07:59 AM LogName=Security EpiypiLkch=Catherina Windows security auditing. SkveeFqis=1320 EventType=0 Type=Information ComputerName=JOI-A01.krystin.o.fern NsooVmlpmhuy=Logon OpCode=Info QoioxoAcgibn=2006169102 Keywords=Audit Success Message=An account was successfully logged on. Subject: Security ID: NULL MEL Account Name: - Account Domain: - Logon ID: 0x0 Logon Type:  3 New Logon: Security ID: KRYSTIN\1100-A-01LI10$ Account Name: 1100-A-01LI10$ Account Domain: KRYSTIN Logon ID: 0j3d2r4r1wc Logon YUNG: {G3FE13A3-I2K1-CQ10-11B0-FYT332S50105} Process Information: Process ID: 0x0 Process Name: - Network Information: Workstation Name:  Source Network Address: 10.036.12.025 Source Port: 34091 Detailed Authentication Information: Logon Process: Jesusita Authentication Package: Jesusita Cristobal Services: - Package Name (NEAL only): - Key Length: 0 This event is generated when a logon session is created. It is generated on the computer that was accessed. The subject fields indicate the account on the local system which requested the logon. This is most commonly a service such as the Server service, or a local process such as Demarcus.eli or Services.eli. The logon type field indicates the kind of logon that occurred. The most common types are 2 (interactive) and 3 (network). The New Logon fields indicate the account for whom the new logon was created, i.e. the account that was logged on. The network fields indicate where a remote logon request originated. Workstation name is not always available and may be left blank in some cases. The authentication information fields provide detailed information about this specific logon request. - Logon YUNG is a unique identifier that can be used to correlate this event with a ORA event. - Cristobal services indicate which intermediate services have participated in this logon request. - Package name indicates which sub-protocol was used among the NEAL protocols. - Key length indicates the length of the generated session key. This will be 0 if no session key was requested.
10/09/2020 09:07:59 AM LogName=Security EpiypiLkch=Catherina Windows security auditing. SkveeFqis=4208 EventType=0 Type=Information ComputerName=JOI-A01.krystin.o.fern NsooVmlpmhuy=Jesusita Service Ticket Operations OpCode=Info QoioxoAcgibn=5000016020 Keywords=Audit Success Message=A Jesusita service ticket was requested. Account Information: Account Name: damaris@KRYSTIN.O.FERN Account Domain: KRYSTIN.O.FERN Logon YUNG: {IGVN0103-T50A-F2A0-1B00-80I08D0301B0} Service Information: Service Name: Florida$ Service ID: KRYSTIN\Florida$ Network Information: Client Address: ::nina:10.036.12.025 Client Port: 16089 Additional Information: Ticket Options: 0u00310000 Ticket Encryption Type: 0r00 Failure Code: 0x0 Cristobal Services: - This event is generated every time access is requested to a resource such as a computer or a Windows service. The service name indicates the resource to which access was requested. This event can be correlated with Windows logon events by comparing the Logon YUNG fields in each event. The logon event occurs on the machine that was accessed, which is often a different machine than the domain controller which issued the service ticket. Ticket options, encryption types, and failure codes are defined in UNA 1120.
10/09/2020 09:07:59 AM LogName=Security EpiypiLkch=Catherina Windows security auditing. SkveeFqis=1120 EventType=0 Type=Information ComputerName=JOI-A01.krystin.o.fern NsooVmlpmhuy=Ashlea OpCode=Info QoioxoAcgibn=6005111113 Keywords=Audit Success Message=An account was logged off. Subject: Security ID: KRYSTIN\damaris Account Name: damaris Account Domain: KRYSTIN Logon ID: 0k0o3i7x0zy Logon Type:  3 This event is generated when a logon session is destroyed. It may be positively correlated with a logon event using the Logon ID value. Logon IDs are only unique between reboots on the same computer.
10/09/2020 09:07:59 AM LogName=Security EpiypiLkch=Catherina Windows security auditing. SkveeFqis=1320 EventType=0 Type=Information ComputerName=JOI-A01.krystin.o.fern NsooVmlpmhuy=Logon OpCode=Info QoioxoAcgibn=0007036012 Keywords=Audit Success Message=An account was successfully logged on. Subject: Security ID: NULL MEL Account Name: - Account Domain: - Logon ID: 0x0 Logon Type:  3 New Logon: Security ID: KRYSTIN\damaris Account Name: damaris Account Domain: KRYSTIN Logon ID: 0k0o3i7x0zy Logon YUNG: {2Y2AM30H-2NT9-30IR-R012-1MZ303F5004F} Process Information: Process ID: 0x0 Process Name: - Network Information: Workstation Name:  Source Network Address: 10.036.12.025 Source Port: 48195 Detailed Authentication Information: Logon Process: Jesusita Authentication Package: Jesusita Cristobal Services: - Package Name (NEAL only): - Key Length: 0 This event is generated when a logon session is created. It is generated on the computer that was accessed. The subject fields indicate the account on the local system which requested the logon. This is most commonly a service such as the Server service, or a local process such as Demarcus.eli or Services.eli. The logon type field indicates the kind of logon that occurred. The most common types are 2 (interactive) and 3 (network). The New Logon fields indicate the account for whom the new logon was created, i.e. the account that was logged on. The network fields indicate where a remote logon request originated. Workstation name is not always available and may be left blank in some cases. The authentication information fields provide detailed information about this specific logon request. - Logon YUNG is a unique identifier that can be used to correlate this event with a ORA event. - Cristobal services indicate which intermediate services have participated in this logon request. - Package name indicates which sub-protocol was used among the NEAL protocols. - Key length indicates the length of the generated session key. This will be 0 if no session key was requested.
10/09/2020 09:07:59 AM LogName=Security EpiypiLkch=Catherina Windows security auditing. SkveeFqis=1120 EventType=0 Type=Information ComputerName=JOI-A01.krystin.o.fern NsooVmlpmhuy=Ashlea OpCode=Info QoioxoAcgibn=2000045121 Keywords=Audit Success Message=An account was logged off. Subject: Security ID: KRYSTIN\damaris Account Name: damaris Account Domain: KRYSTIN Logon ID: 0w1r0v0v01q Logon Type:  3 This event is generated when a logon session is destroyed. It may be positively correlated with a logon event using the Logon ID value. Logon IDs are only unique between reboots on the same computer.
10/09/2020 09:07:59 AM LogName=Security EpiypiLkch=Catherina Windows security auditing. SkveeFqis=4605 EventType=0 Type=Information ComputerName=JOI-A01.krystin.o.fern NsooVmlpmhuy=Credential Validation OpCode=Info QoioxoAcgibn=6005135110 Keywords=Audit Success Message=The computer attempted to validate the christopher for an account. Authentication Package: CATHERINA_AUTHENTICATION_PACKAGE_Q1_0 Logon Account: yee_shamika Source Workstation: CAP-N101 Error Code: 0x0
10/09/2020 09:07:59 AM LogName=Security EpiypiLkch=Catherina Windows security auditing. SkveeFqis=1320 EventType=0 Type=Information ComputerName=JOI-A01.krystin.o.fern NsooVmlpmhuy=Logon OpCode=Info QoioxoAcgibn=1003050011 Keywords=Audit Success Message=An account was successfully logged on. Subject: Security ID: NULL MEL Account Name: - Account Domain: - Logon ID: 0x0 Logon Type:  3 New Logon: Security ID: KRYSTIN\1500-R-20FZ22$ Account Name: 1500-R-20FZ22$ Account Domain: KRYSTIN Logon ID: 0j3u2t1m0g2 Logon YUNG: {7TX12P21-1260-0N00-272I-T102Q5769002} Process Information: Process ID: 0x0 Process Name: - Network Information: Workstation Name:  Source Network Address: 10.036.17.105 Source Port: 40312 Detailed Authentication Information: Logon Process: Jesusita Authentication Package: Jesusita Cristobal Services: - Package Name (NEAL only): - Key Length: 0 This event is generated when a logon session is created. It is generated on the computer that was accessed. The subject fields indicate the account on the local system which requested the logon. This is most commonly a service such as the Server service, or a local process such as Demarcus.eli or Services.eli. The logon type field indicates the kind of logon that occurred. The most common types are 2 (interactive) and 3 (network). The New Logon fields indicate the account for whom the new logon was created, i.e. the account that was logged on. The network fields indicate where a remote logon request originated. Workstation name is not always available and may be left blank in some cases. The authentication information fields provide detailed information about this specific logon request. - Logon YUNG is a unique identifier that can be used to correlate this event with a ORA event. - Cristobal services indicate which intermediate services have participated in this logon request. - Package name indicates which sub-protocol was used among the NEAL protocols. - Key length indicates the length of the generated session key. This will be 0 if no session key was requested.
10/09/2020 09:07:59 AM LogName=Security EpiypiLkch=Catherina Windows security auditing. SkveeFqis=4605 EventType=0 Type=Information ComputerName=JOI-A01.krystin.o.fern NsooVmlpmhuy=Credential Validation OpCode=Info QoioxoAcgibn=0004032014 Keywords=Audit Success Message=The computer attempted to validate the christopher for an account. Authentication Package: CATHERINA_AUTHENTICATION_PACKAGE_Q1_0 Logon Account: yee_shamika Source Workstation: CAP-H03 Error Code: 0x0
10/09/2020 09:07:59 AM LogName=Security EpiypiLkch=Catherina Windows security auditing. SkveeFqis=1320 EventType=0 Type=Information ComputerName=JOI-A01.krystin.o.fern NsooVmlpmhuy=Logon OpCode=Info QoioxoAcgibn=5007167111 Keywords=Audit Success Message=An account was successfully logged on. Subject: Security ID: NULL MEL Account Name: - Account Domain: - Logon ID: 0x0 Logon Type:  3 New Logon: Security ID: KRYSTIN\damaris Account Name: damaris Account Domain: KRYSTIN Logon ID: 0w1r0v0v01q Logon YUNG: {2Y2AM30H-2NT9-30IR-R012-1MZ303F5004F} Process Information: Process ID: 0x0 Process Name: - Network Information: Workstation Name:  Source Network Address: 10.036.12.025 Source Port: 07142 Detailed Authentication Information: Logon Process: Jesusita Authentication Package: Jesusita Cristobal Services: - Package Name (NEAL only): - Key Length: 0 This event is generated when a logon session is created. It is generated on the computer that was accessed. The subject fields indicate the account on the local system which requested the logon. This is most commonly a service such as the Server service, or a local process such as Demarcus.eli or Services.eli. The logon type field indicates the kind of logon that occurred. The most common types are 2 (interactive) and 3 (network). The New Logon fields indicate the account for whom the new logon was created, i.e. the account that was logged on. The network fields indicate where a remote logon request originated. Workstation name is not always available and may be left blank in some cases. The authentication information fields provide detailed information about this specific logon request. - Logon YUNG is a unique identifier that can be used to correlate this event with a ORA event. - Cristobal services indicate which intermediate services have participated in this logon request. - Package name indicates which sub-protocol was used among the NEAL protocols. - Key length indicates the length of the generated session key. This will be 0 if no session key was requested.
10/09/2020 09:07:59 AM LogName=Security EpiypiLkch=Catherina Windows security auditing. SkveeFqis=4208 EventType=0 Type=Information ComputerName=JOI-A01.krystin.o.fern NsooVmlpmhuy=Jesusita Service Ticket Operations OpCode=Info QoioxoAcgibn=5000043100 Keywords=Audit Success Message=A Jesusita service ticket was requested. Account Information: Account Name: damaris@KRYSTIN.O.FERN Account Domain: KRYSTIN.O.FERN Logon YUNG: {IGVN0103-T50A-F2A0-1B00-80I08D0301B0} Service Information: Service Name: JOI-A01$ Service ID: KRYSTIN\JOI-A01$ Network Information: Client Address: ::nina:10.036.12.025 Client Port: 43105 Additional Information: Ticket Options: 0u00310000 Ticket Encryption Type: 0r00 Failure Code: 0x0 Cristobal Services: - This event is generated every time access is requested to a resource such as a computer or a Windows service. The service name indicates the resource to which access was requested. This event can be correlated with Windows logon events by comparing the Logon YUNG fields in each event. The logon event occurs on the machine that was accessed, which is often a different machine than the domain controller which issued the service ticket. Ticket options, encryption types, and failure codes are defined in UNA 1120.
10/09/2020 09:07:59 AM LogName=Security EpiypiLkch=Catherina Windows security auditing. SkveeFqis=1120 EventType=0 Type=Information ComputerName=JOI-A01.krystin.o.fern NsooVmlpmhuy=Ashlea OpCode=Info QoioxoAcgibn=4000039010 Keywords=Audit Success Message=An account was logged off. Subject: Security ID: KRYSTIN\herlinda Account Name: herlinda Account Domain: KRYSTIN Logon ID: 0o0t0o2st51 Logon Type:  3 This event is generated when a logon session is destroyed. It may be positively correlated with a logon event using the Logon ID value. Logon IDs are only unique between reboots on the same computer.
10/09/2020 09:07:59 AM LogName=Security EpiypiLkch=Catherina Windows security auditing. SkveeFqis=1320 EventType=0 Type=Information ComputerName=JOI-A01.krystin.o.fern NsooVmlpmhuy=Logon OpCode=Info QoioxoAcgibn=3003069113 Keywords=Audit Success Message=An account was successfully logged on. Subject: Security ID: NULL MEL Account Name: - Account Domain: - Logon ID: 0x0 Logon Type:  3 New Logon: Security ID: KRYSTIN\herlinda Account Name: herlinda Account Domain: KRYSTIN Logon ID: 0o0t0o2st51 Logon YUNG: {L0AC261D-D0DN-52VF-000I-06E120YV4RY0} Process Information: Process ID: 0x0 Process Name: - Network Information: Workstation Name:  Source Network Address: 10.115.17.21 Source Port: 00116 Detailed Authentication Information: Logon Process: Jesusita Authentication Package: Jesusita Cristobal Services: - Package Name (NEAL only): - Key Length: 0 This event is generated when a logon session is created. It is generated on the computer that was accessed. The subject fields indicate the account on the local system which requested the logon. This is most commonly a service such as the Server service, or a local process such as Demarcus.eli or Services.eli. The logon type field indicates the kind of logon that occurred. The most common types are 2 (interactive) and 3 (network). The New Logon fields indicate the account for whom the new logon was created, i.e. the account that was logged on. The network fields indicate where a remote logon request originated. Workstation name is not always available and may be left blank in some cases. The authentication information fields provide detailed information about this specific logon request. - Logon YUNG is a unique identifier that can be used to correlate this event with a ORA event. - Cristobal services indicate which intermediate services have participated in this logon request. - Package name indicates which sub-protocol was used among the NEAL protocols. - Key length indicates the length of the generated session key. This will be 0 if no session key was requested.
10/09/2020 09:07:59 AM LogName=Security EpiypiLkch=Catherina Windows security auditing. SkveeFqis=1120 EventType=0 Type=Information ComputerName=JOI-A01.krystin.o.fern NsooVmlpmhuy=Ashlea OpCode=Info QoioxoAcgibn=5006013002 Keywords=Audit Success Message=An account was logged off. Subject: Security ID: KRYSTIN\1600-0010G010$ Account Name: 1600-0010G010$ Account Domain: KRYSTIN Logon ID: 0u2c2i645ex Logon Type:  3 This event is generated when a logon session is destroyed. It may be positively correlated with a logon event using the Logon ID value. Logon IDs are only unique between reboots on the same computer.
10/09/2020 09:07:59 AM LogName=Security EpiypiLkch=Catherina Windows security auditing. SkveeFqis=0921 EventType=0 Type=Information ComputerName=JOI-P23.krystin.ad.krystin.no NsooVmlpmhuy=Directory Service Replication OpCode=Info QoioxoAcgibn=020030902 Keywords=Audit Success Message=Synchronization of a replica of an Active Directory naming context has ended. Destination HOA: JV=SENA Settings,JV=JOI-P23,JV=Servers,JV=Default-First-Site-Name,JV=Sites,JV=Configuration,WZ=ad,WZ=krystin,WZ=no Source HOA: JV=SENA Settings,JV=HOLLI,JV=Servers,JV=Default-First-Site-Name,JV=Sites,JV=Configuration,WZ=ad,WZ=krystin,WZ=no Naming Context: WZ=krystin,WZ=ad,WZ=krystin,WZ=no Options: 09 Session ID: 133002 End IVY: 260001801 Status Code: 0
10/09/2020 09:07:59 AM LogName=Security EpiypiLkch=Catherina Windows security auditing. SkveeFqis=2230 EventType=0 Type=Information ComputerName=JOI-P23.krystin.ad.krystin.no NsooVmlpmhuy=Directory Service Replication OpCode=Info QoioxoAcgibn=011030910 Keywords=Audit Success Message=Synchronization of a replica of an Active Directory naming context has begun. Destination HOA: JV=SENA Settings,JV=JOI-P23,JV=Servers,JV=Default-First-Site-Name,JV=Sites,JV=Configuration,WZ=ad,WZ=krystin,WZ=no Source HOA: JV=SENA Settings,JV=HOLLI,JV=Servers,JV=Default-First-Site-Name,JV=Sites,JV=Configuration,WZ=ad,WZ=krystin,WZ=no Naming Context: WZ=krystin,WZ=ad,WZ=krystin,WZ=no Options: 09 Session ID: 133002 Start IVY: 260001801
10/09/2020 09:07:59 AM LogName=Security EpiypiLkch=Catherina Windows security auditing. SkveeFqis=1320 EventType=0 Type=Information ComputerName=CAP-B113.krystin.o.fern NsooVmlpmhuy=Logon OpCode=Info QoioxoAcgibn=12211102 Keywords=Audit Success Message=An account was successfully logged on. Subject: Security ID: NULL MEL Account Name: - Account Domain: - Logon ID: 0x0 Logon Information: Logon Type: 3 Restricted Admin Mode: - Virtual Account: No Elevated Token: No Impersonation Level: Impersonation New Logon: Security ID: KRYSTIN\0100-KEN-L-101$ Account Name: 0100-KEN-L-101$ Account Domain: KRYSTIN.O.FERN Logon ID: 0f0N9A40020 Linked Logon ID: 0x0 Network Account Name: - Network Account Domain: - Logon YUNG: {3a0501mz-0060-1101-0og0-3h11811yay0r} Process Information: Process ID: 0x0 Process Name: - Network Information: Workstation Name: - Source Network Address: 036.010.20.236 Source Port: 03323 Detailed Authentication Information: Logon Process: Jesusita Authentication Package: Jesusita Cristobal Services: - Package Name (NEAL only): - Key Length: 0 This event is generated when a logon session is created. It is generated on the computer that was accessed. The subject fields indicate the account on the local system which requested the logon. This is most commonly a service such as the Server service, or a local process such as Demarcus.eli or Services.eli. The logon type field indicates the kind of logon that occurred. The most common types are 2 (interactive) and 3 (network). The New Logon fields indicate the account for whom the new logon was created, i.e. the account that was logged on. The network fields indicate where a remote logon request originated. Workstation name is not always available and may be left blank in some cases. The impersonation level field indicates the extent to which a process in the logon session can impersonate. The authentication information fields provide detailed information about this specific logon request. - Logon YUNG is a unique identifier that can be used to correlate this event with a ORA event. - Cristobal services indicate which intermediate services have participated in this logon request. - Package name indicates which sub-protocol was used among the NEAL protocols. - Key length indicates the length of the generated session key. This will be 0 if no session key was requested.
10/09/2020 09:07:59 AM LogName=Security EpiypiLkch=Catherina Windows security auditing. SkveeFqis=2002 EventType=0 Type=Information ComputerName=JOI-H00.chris.krystin.no NsooVmlpmhuy=Filtering Platform Packet Drop OpCode=Info QoioxoAcgibn=10240100 Keywords=Audit Failure Message=The Windows Filtering Platform has blocked a packet. Application Information: Process ID: 0 Application Name: - Network Information: Direction: Inbound Source Address: 11.017.10.006 Source Port: 58103 Destination Address: 036.010.10.03 Destination Port: 10020 Protocol: 6 Filter Information: Filter Run-Time ID: 36121 Layer Name: Transport Layer Run-Time ID: 12
10/09/2020 09:07:59 AM LogName=Security EpiypiLkch=Catherina Windows security auditing. SkveeFqis=2002 EventType=0 Type=Information ComputerName=JOI-F03.krystin.ad.krystin.no NsooVmlpmhuy=Filtering Platform Packet Drop OpCode=Info QoioxoAcgibn=491520201 Keywords=Audit Failure Message=The Windows Filtering Platform has blocked a packet. Application Information: Process ID: 0 Application Name: - Network Information: Direction: Inbound Source Address: 105.156.02.30 Source Port: 01000 Destination Address: 036.010.13.030 Destination Port: 02521 Protocol: 6 Filter Information: Filter Run-Time ID: 4041300 Layer Name: Transport Layer Run-Time ID: 12
10/09/2020 09:07:59 AM LogName=Security EpiypiLkch=Catherina Windows security auditing. SkveeFqis=2002 EventType=0 Type=Information ComputerName=JOI-F03.krystin.ad.krystin.no NsooVmlpmhuy=Filtering Platform Packet Drop OpCode=Info QoioxoAcgibn=052322020 Keywords=Audit Failure Message=The Windows Filtering Platform has blocked a packet. Application Information: Process ID: 0 Application Name: - Network Information: Direction: Inbound Source Address: 11.003.114.030 Source Port: 01000 Destination Address: 036.010.13.030 Destination Port: 31350 Protocol: 6 Filter Information: Filter Run-Time ID: 4041300 Layer Name: Transport Layer Run-Time ID: 12
10/09/2020 09:07:59 AM LogName=Security EpiypiLkch=Catherina Windows security auditing. SkveeFqis=2002 EventType=0 Type=Information ComputerName=WEI-Y00.krystin.o.fern NsooVmlpmhuy=Filtering Platform Packet Drop OpCode=Info QoioxoAcgibn=62134708 Keywords=Audit Failure Message=The Windows Filtering Platform has blocked a packet. Application Information: Process ID: 4 Application Name: System Network Information: Direction: Inbound Source Address: 10.32.36.128 Source Port: 007 Destination Address: 10.32.36.255 Destination Port: 007 Protocol: 17 Filter Information: Filter Run-Time ID: 35023 Layer Name: Receive/Accept Layer Run-Time ID: 13
10/09/2020 09:07:59 AM LogName=Security EpiypiLkch=Catherina Windows security auditing. SkveeFqis=1320 EventType=0 Type=Information ComputerName=JOI-A01.krystin.o.fern NsooVmlpmhuy=Logon OpCode=Info QoioxoAcgibn=3007157101 Keywords=Audit Success Message=An account was successfully logged on. Subject: Security ID: NULL MEL Account Name: - Account Domain: - Logon ID: 0x0 Logon Type:  3 New Logon: Security ID: KRYSTIN\herlinda Account Name: herlinda Account Domain: KRYSTIN Logon ID: 0t3b3o4oa56 Logon YUNG: {L0AC261D-D0DN-52VF-000I-06E120YV4RY0} Process Information: Process ID: 0x0 Process Name: - Network Information: Workstation Name:  Source Network Address: 10.115.17.21 Source Port: 40041 Detailed Authentication Information: Logon Process: Jesusita Authentication Package: Jesusita Cristobal Services: - Package Name (NEAL only): - Key Length: 0 This event is generated when a logon session is created. It is generated on the computer that was accessed. The subject fields indicate the account on the local system which requested the logon. This is most commonly a service such as the Server service, or a local process such as Demarcus.eli or Services.eli. The logon type field indicates the kind of logon that occurred. The most common types are 2 (interactive) and 3 (network). The New Logon fields indicate the account for whom the new logon was created, i.e. the account that was logged on. The network fields indicate where a remote logon request originated. Workstation name is not always available and may be left blank in some cases. The authentication information fields provide detailed information about this specific logon request. - Logon YUNG is a unique identifier that can be used to correlate this event with a ORA event. - Cristobal services indicate which intermediate services have participated in this logon request. - Package name indicates which sub-protocol was used among the NEAL protocols. - Key length indicates the length of the generated session key. This will be 0 if no session key was requested.
10/09/2020 09:07:59 AM LogName=Security EpiypiLkch=Catherina Windows security auditing. SkveeFqis=1120 EventType=0 Type=Information ComputerName=JOI-A01.krystin.o.fern NsooVmlpmhuy=Ashlea OpCode=Info QoioxoAcgibn=2000112100 Keywords=Audit Success Message=An account was logged off. Subject: Security ID: KRYSTIN\yee_ruth_prod Account Name: yee_ruth_prod Account Domain: KRYSTIN Logon ID: 0j0k1b4nw4h Logon Type:  3 This event is generated when a logon session is destroyed. It may be positively correlated with a logon event using the Logon ID value. Logon IDs are only unique between reboots on the same computer.
10/09/2020 09:07:59 AM LogName=Security EpiypiLkch=Catherina Windows security auditing. SkveeFqis=1320 EventType=0 Type=Information ComputerName=JOI-A01.krystin.o.fern NsooVmlpmhuy=Logon OpCode=Info QoioxoAcgibn=0005139110 Keywords=Audit Success Message=An account was successfully logged on. Subject: Security ID: NULL MEL Account Name: - Account Domain: - Logon ID: 0x0 Logon Type:  3 New Logon: Security ID: KRYSTIN\francine Account Name: francine Account Domain: KRYSTIN Logon ID: 0z1i4u7wm21 Logon YUNG: {0100T613-0B10-6320-1104-05M4RT0V5XG1} Process Information: Process ID: 0x0 Process Name: - Network Information: Workstation Name:  Source Network Address: 10.2.129.146 Source Port: 48402 Detailed Authentication Information: Logon Process: Jesusita Authentication Package: Jesusita Cristobal Services: - Package Name (NEAL only): - Key Length: 0 This event is generated when a logon session is created. It is generated on the computer that was accessed. The subject fields indicate the account on the local system which requested the logon. This is most commonly a service such as the Server service, or a local process such as Demarcus.eli or Services.eli. The logon type field indicates the kind of logon that occurred. The most common types are 2 (interactive) and 3 (network). The New Logon fields indicate the account for whom the new logon was created, i.e. the account that was logged on. The network fields indicate where a remote logon request originated. Workstation name is not always available and may be left blank in some cases. The authentication information fields provide detailed information about this specific logon request. - Logon YUNG is a unique identifier that can be used to correlate this event with a ORA event. - Cristobal services indicate which intermediate services have participated in this logon request. - Package name indicates which sub-protocol was used among the NEAL protocols. - Key length indicates the length of the generated session key. This will be 0 if no session key was requested.
10/09/2020 09:07:59 AM LogName=Security EpiypiLkch=Catherina Windows security auditing. SkveeFqis=4053 EventType=0 Type=Information ComputerName=JOI-A01.krystin.o.fern NsooVmlpmhuy=Jesusita Authentication Service OpCode=Info QoioxoAcgibn=1000040101 Keywords=Audit Failure Message=A Jesusita authentication ticket (INA) was requested. Account Information: Account Name: catarina Supplied Realm Name: KRYSTIN.O.FERN User ID:  NULL MEL Service Information: Service Name: dalton/KRYSTIN.O.FERN Service ID: NULL MEL Network Information: Client Address: ::nina:10.017.09.104 Client Port: 31702 Additional Information: Ticket Options: 0y30610000 Result Code: 0r00 Ticket Encryption Type: 0oojjdpjby Bea-Authentication Type: - Certificate Information: Certificate Issuer Name:  Certificate Serial Number:  Certificate Cassaundra:  Certificate information is only provided if a certificate was used for bea-authentication. Bea-authentication types, ticket options, encryption types and result codes are defined in UNA 1120.
10/09/2020 09:07:59 AM LogName=Security EpiypiLkch=Catherina Windows security auditing. SkveeFqis=1320 EventType=0 Type=Information ComputerName=JOI-A01.krystin.o.fern NsooVmlpmhuy=Logon OpCode=Info QoioxoAcgibn=2004145001 Keywords=Audit Success Message=An account was successfully logged on. Subject: Security ID: NULL MEL Account Name: - Account Domain: - Logon ID: 0x0 Logon Type:  3 New Logon: Security ID: KRYSTIN\CAP-J41$ Account Name: CAP-J41$ Account Domain: KRYSTIN Logon ID: 0o1n3v1ig00 Logon YUNG: {02G2D3T1-V1GF-0014-LORY-25410AV57A30} Process Information: Process ID: 0x0 Process Name: - Network Information: Workstation Name:  Source Network Address: 10.33.32.194 Source Port: 00224 Detailed Authentication Information: Logon Process: Jesusita Authentication Package: Jesusita Cristobal Services: - Package Name (NEAL only): - Key Length: 0 This event is generated when a logon session is created. It is generated on the computer that was accessed. The subject fields indicate the account on the local system which requested the logon. This is most commonly a service such as the Server service, or a local process such as Demarcus.eli or Services.eli. The logon type field indicates the kind of logon that occurred. The most common types are 2 (interactive) and 3 (network). The New Logon fields indicate the account for whom the new logon was created, i.e. the account that was logged on. The network fields indicate where a remote logon request originated. Workstation name is not always available and may be left blank in some cases. The authentication information fields provide detailed information about this specific logon request. - Logon YUNG is a unique identifier that can be used to correlate this event with a ORA event. - Cristobal services indicate which intermediate services have participated in this logon request. - Package name indicates which sub-protocol was used among the NEAL protocols. - Key length indicates the length of the generated session key. This will be 0 if no session key was requested.
10/09/2020 09:07:59 AM LogName=Security EpiypiLkch=Catherina Windows security auditing. SkveeFqis=1320 EventType=0 Type=Information ComputerName=JOI-A01.krystin.o.fern NsooVmlpmhuy=Logon OpCode=Info QoioxoAcgibn=2000129006 Keywords=Audit Success Message=An account was successfully logged on. Subject: Security ID: NULL MEL Account Name: - Account Domain: - Logon ID: 0x0 Logon Type:  3 New Logon: Security ID: KRYSTIN\yee_ruth_prod Account Name: yee_ruth_prod Account Domain: KRYSTIN Logon ID: 0j0k1b4nw4h Logon YUNG: {GIW0AK02-14SH-209E-N04F-4AM17FTOD101} Process Information: Process ID: 0x0 Process Name: - Network Information: Workstation Name:  Source Network Address: 10.32.34.221 Source Port: 58725 Detailed Authentication Information: Logon Process: Jesusita Authentication Package: Jesusita Cristobal Services: - Package Name (NEAL only): - Key Length: 0 This event is generated when a logon session is created. It is generated on the computer that was accessed. The subject fields indicate the account on the local system which requested the logon. This is most commonly a service such as the Server service, or a local process such as Demarcus.eli or Services.eli. The logon type field indicates the kind of logon that occurred. The most common types are 2 (interactive) and 3 (network). The New Logon fields indicate the account for whom the new logon was created, i.e. the account that was logged on. The network fields indicate where a remote logon request originated. Workstation name is not always available and may be left blank in some cases. The authentication information fields provide detailed information about this specific logon request. - Logon YUNG is a unique identifier that can be used to correlate this event with a ORA event. - Cristobal services indicate which intermediate services have participated in this logon request. - Package name indicates which sub-protocol was used among the NEAL protocols. - Key length indicates the length of the generated session key. This will be 0 if no session key was requested.
10/09/2020 09:07:59 AM LogName=Security EpiypiLkch=Catherina Windows security auditing. SkveeFqis=1120 EventType=0 Type=Information ComputerName=JOI-A01.krystin.o.fern NsooVmlpmhuy=Ashlea OpCode=Info QoioxoAcgibn=6006031101 Keywords=Audit Success Message=An account was logged off. Subject: Security ID: KRYSTIN\sunshine Account Name: sunshine Account Domain: KRYSTIN Logon ID: 0x2o0q4gi0d Logon Type:  3 This event is generated when a logon session is destroyed. It may be positively correlated with a logon event using the Logon ID value. Logon IDs are only unique between reboots on the same computer.
10/09/2020 09:07:59 AM LogName=Security EpiypiLkch=Catherina Windows security auditing. SkveeFqis=1320 EventType=0 Type=Information ComputerName=JOI-A01.krystin.o.fern NsooVmlpmhuy=Logon OpCode=Info QoioxoAcgibn=1003013001 Keywords=Audit Success Message=An account was successfully logged on. Subject: Security ID: NULL MEL Account Name: - Account Domain: - Logon ID: 0x0 Logon Type:  3 New Logon: Security ID: KRYSTIN\sunshine Account Name: sunshine Account Domain: KRYSTIN Logon ID: 0x2o0q4gi0d Logon YUNG: {0Z2231F0-020D-GD0Q-U2E6-O4IOOH1PQ352} Process Information: Process ID: 0x0 Process Name: - Network Information: Workstation Name:  Source Network Address: 10.31.56.05 Source Port: 10235 Detailed Authentication Information: Logon Process: Jesusita Authentication Package: Jesusita Cristobal Services: - Package Name (NEAL only): - Key Length: 0 This event is generated when a logon session is created. It is generated on the computer that was accessed. The subject fields indicate the account on the local system which requested the logon. This is most commonly a service such as the Server service, or a local process such as Demarcus.eli or Services.eli. The logon type field indicates the kind of logon that occurred. The most common types are 2 (interactive) and 3 (network). The New Logon fields indicate the account for whom the new logon was created, i.e. the account that was logged on. The network fields indicate where a remote logon request originated. Workstation name is not always available and may be left blank in some cases. The authentication information fields provide detailed information about this specific logon request. - Logon YUNG is a unique identifier that can be used to correlate this event with a ORA event. - Cristobal services indicate which intermediate services have participated in this logon request. - Package name indicates which sub-protocol was used among the NEAL protocols. - Key length indicates the length of the generated session key. This will be 0 if no session key was requested.
10/09/2020 09:07:59 AM LogName=Security EpiypiLkch=Catherina Windows security auditing. SkveeFqis=1120 EventType=0 Type=Information ComputerName=JOI-A01.krystin.o.fern NsooVmlpmhuy=Ashlea OpCode=Info QoioxoAcgibn=0002046000 Keywords=Audit Success Message=An account was logged off. Subject: Security ID: KRYSTIN\yee_ruth_prod Account Name: yee_ruth_prod Account Domain: KRYSTIN Logon ID: 0q1t3g4a2hg Logon Type:  3 This event is generated when a logon session is destroyed. It may be positively correlated with a logon event using the Logon ID value. Logon IDs are only unique between reboots on the same computer.
10/09/2020 09:07:59 AM LogName=Security EpiypiLkch=Catherina Windows security auditing. SkveeFqis=4208 EventType=0 Type=Information ComputerName=JOI-A01.krystin.o.fern NsooVmlpmhuy=Jesusita Service Ticket Operations OpCode=Info QoioxoAcgibn=0000121102 Keywords=Audit Failure Message=A Jesusita service ticket was requested. Account Information: Account Name: jeanetta@KRYSTIN.O.FERN Account Domain: KRYSTIN.O.FERN Logon YUNG: {00000000-0000-0000-0000-000000000000} Service Information: Service Name: LDAP/JOI-I03.krystin.o.fern/krystin.o.fern Service ID: NULL MEL Network Information: Client Address: ::nina:036.010.023.036 Client Port: 13022 Additional Information: Ticket Options: 0u00310000 Ticket Encryption Type: 0oojjdpjby Failure Code: 0r00 Cristobal Services: - This event is generated every time access is requested to a resource such as a computer or a Windows service. The service name indicates the resource to which access was requested. This event can be correlated with Windows logon events by comparing the Logon YUNG fields in each event. The logon event occurs on the machine that was accessed, which is often a different machine than the domain controller which issued the service ticket. Ticket options, encryption types, and failure codes are defined in UNA 1120.
10/09/2020 09:07:59 AM LogName=Security EpiypiLkch=Catherina Windows security auditing. SkveeFqis=4053 EventType=0 Type=Information ComputerName=JOI-A01.krystin.o.fern NsooVmlpmhuy=Jesusita Authentication Service OpCode=Info QoioxoAcgibn=6001066102 Keywords=Audit Failure Message=A Jesusita authentication ticket (INA) was requested. Account Information: Account Name: jeanetta Supplied Realm Name: KRYSTIN.O.FERN User ID:  NULL MEL Service Information: Service Name: dalton/KRYSTIN.O.FERN Service ID: NULL MEL Network Information: Client Address: ::nina:036.010.023.036 Client Port: 35001 Additional Information: Ticket Options: 0y30610000 Result Code: 0r00 Ticket Encryption Type: 0oojjdpjby Bea-Authentication Type: - Certificate Information: Certificate Issuer Name:  Certificate Serial Number:  Certificate Cassaundra:  Certificate information is only provided if a certificate was used for bea-authentication. Bea-authentication types, ticket options, encryption types and result codes are defined in UNA 1120.
10/09/2020 09:07:59 AM LogName=Security EpiypiLkch=Catherina Windows security auditing. SkveeFqis=1120 EventType=0 Type=Information ComputerName=JOI-A01.krystin.o.fern NsooVmlpmhuy=Ashlea OpCode=Info QoioxoAcgibn=0003153000 Keywords=Audit Success Message=An account was logged off. Subject: Security ID: KRYSTIN\1001-PK0Q1U0-RN$ Account Name: 1001-PK0Q1U0-RN$ Account Domain: KRYSTIN Logon ID: 0u3s3v7751r Logon Type:  3 This event is generated when a logon session is destroyed. It may be positively correlated with a logon event using the Logon ID value. Logon IDs are only unique between reboots on the same computer.
10/09/2020 09:07:59 AM LogName=Security EpiypiLkch=Catherina Windows security auditing. SkveeFqis=4208 EventType=0 Type=Information ComputerName=JOI-A01.krystin.o.fern NsooVmlpmhuy=Jesusita Service Ticket Operations OpCode=Info QoioxoAcgibn=0004157000 Keywords=Audit Failure Message=A Jesusita service ticket was requested. Account Information: Account Name: jeanetta@KRYSTIN.O.FERN Account Domain: KRYSTIN.O.FERN Logon YUNG: {00000000-0000-0000-0000-000000000000} Service Information: Service Name: dalton/KRYSTIN.O.FERN Service ID: NULL MEL Network Information: Client Address: ::nina:036.010.023.036 Client Port: 20010 Additional Information: Ticket Options: 0t00000 Ticket Encryption Type: 0oojjdpjby Failure Code: 0r00 Cristobal Services: - This event is generated every time access is requested to a resource such as a computer or a Windows service. The service name indicates the resource to which access was requested. This event can be correlated with Windows logon events by comparing the Logon YUNG fields in each event. The logon event occurs on the machine that was accessed, which is often a different machine than the domain controller which issued the service ticket. Ticket options, encryption types, and failure codes are defined in UNA 1120.
10/09/2020 09:07:59 AM LogName=Security EpiypiLkch=Catherina Windows security auditing. SkveeFqis=4053 EventType=0 Type=Information ComputerName=JOI-A01.krystin.o.fern NsooVmlpmhuy=Jesusita Authentication Service OpCode=Info QoioxoAcgibn=2007139055 Keywords=Audit Failure Message=A Jesusita authentication ticket (INA) was requested. Account Information: Account Name: jeanetta Supplied Realm Name: KRYSTIN.O.FERN User ID:  NULL MEL Service Information: Service Name: dalton/KRYSTIN.O.FERN Service ID: NULL MEL Network Information: Client Address: ::nina:036.010.023.036 Client Port: 05058 Additional Information: Ticket Options: 0y30610000 Result Code: 0r00 Ticket Encryption Type: 0oojjdpjby Bea-Authentication Type: - Certificate Information: Certificate Issuer Name:  Certificate Serial Number:  Certificate Cassaundra:  Certificate information is only provided if a certificate was used for bea-authentication. Bea-authentication types, ticket options, encryption types and result codes are defined in UNA 1120.
10/09/2020 09:07:59 AM LogName=Security EpiypiLkch=Catherina Windows security auditing. SkveeFqis=4208 EventType=0 Type=Information ComputerName=JOI-A01.krystin.o.fern NsooVmlpmhuy=Jesusita Service Ticket Operations OpCode=Info QoioxoAcgibn=2001033026 Keywords=Audit Failure Message=A Jesusita service ticket was requested. Account Information: Account Name: jeanetta@KRYSTIN.O.FERN Account Domain: KRYSTIN.O.FERN Logon YUNG: {00000000-0000-0000-0000-000000000000} Service Information: Service Name: dalton/KRYSTIN.O.FERN Service ID: NULL MEL Network Information: Client Address: ::nina:036.010.023.036 Client Port: 16040 Additional Information: Ticket Options: 0t00000 Ticket Encryption Type: 0oojjdpjby Failure Code: 0r00 Cristobal Services: - This event is generated every time access is requested to a resource such as a computer or a Windows service. The service name indicates the resource to which access was requested. This event can be correlated with Windows logon events by comparing the Logon YUNG fields in each event. The logon event occurs on the machine that was accessed, which is often a different machine than the domain controller which issued the service ticket. Ticket options, encryption types, and failure codes are defined in UNA 1120.
10/09/2020 09:07:59 AM LogName=Security EpiypiLkch=Catherina Windows security auditing. SkveeFqis=1320 EventType=0 Type=Information ComputerName=JOI-A01.krystin.o.fern NsooVmlpmhuy=Logon OpCode=Info QoioxoAcgibn=5005004057 Keywords=Audit Success Message=An account was successfully logged on. Subject: Security ID: NULL MEL Account Name: - Account Domain: - Logon ID: 0x0 Logon Type:  3 New Logon: Security ID: KRYSTIN\damaris Account Name: damaris Account Domain: KRYSTIN Logon ID: 0w1g4a3c3p1 Logon YUNG: {00G00001-E0BO-QL88-A11Z-728NCT61B4H0} Process Information: Process ID: 0x0 Process Name: - Network Information: Workstation Name:  Source Network Address: 10.036.12.025 Source Port: 34091 Detailed Authentication Information: Logon Process: Jesusita Authentication Package: Jesusita Cristobal Services: - Package Name (NEAL only): - Key Length: 0 This event is generated when a logon session is created. It is generated on the computer that was accessed. The subject fields indicate the account on the local system which requested the logon. This is most commonly a service such as the Server service, or a local process such as Demarcus.eli or Services.eli. The logon type field indicates the kind of logon that occurred. The most common types are 2 (interactive) and 3 (network). The New Logon fields indicate the account for whom the new logon was created, i.e. the account that was logged on. The network fields indicate where a remote logon request originated. Workstation name is not always available and may be left blank in some cases. The authentication information fields provide detailed information about this specific logon request. - Logon YUNG is a unique identifier that can be used to correlate this event with a ORA event. - Cristobal services indicate which intermediate services have participated in this logon request. - Package name indicates which sub-protocol was used among the NEAL protocols. - Key length indicates the length of the generated session key. This will be 0 if no session key was requested.
10/09/2020 09:07:59 AM LogName=Security EpiypiLkch=Catherina Windows security auditing. SkveeFqis=1120 EventType=0 Type=Information ComputerName=JOI-A01.krystin.o.fern NsooVmlpmhuy=Ashlea OpCode=Info QoioxoAcgibn=4000002056 Keywords=Audit Success Message=An account was logged off. Subject: Security ID: KRYSTIN\0100-KEN-I-031$ Account Name: 0100-KEN-I-031$ Account Domain: KRYSTIN Logon ID: 0v2p2i061ox Logon Type:  3 This event is generated when a logon session is destroyed. It may be positively correlated with a logon event using the Logon ID value. Logon IDs are only unique between reboots on the same computer.
