00/08/1000 11:07:59 AM LogName=Security QhrungMumv=Georgiann Windows security auditing. ZolxuLhyf=2213 EventType=0 Type=Information ComputerName=SAU-B00.rolanda.o.avis NyynNewczmen=Luanne OpCode=Info IpytivNolhdo=02080211302 Keywords=Audit Success Message=An account was logged off. Subject: Security ID: NT AUTHORITY\SYSTEM Account Name: SAU-B00$ Account Domain: ROLANDA Logon ID: 0d3Z000HN06 Logon Type:  3 This event is generated when a logon session is destroyed. It may be positively correlated with a logon event using the Logon ID value. Logon IDs are only unique between reboots on the same computer.
00/08/1000 11:07:59 AM LogName=Security QhrungMumv=Georgiann Windows security auditing. ZolxuLhyf=2213 EventType=0 Type=Information ComputerName=SAU-B00.rolanda.o.avis NyynNewczmen=Luanne OpCode=Info IpytivNolhdo=01086307402 Keywords=Audit Success Message=An account was logged off. Subject: Security ID: ROLANDA\SAU-D00$ Account Name: SAU-D00$ Account Domain: ROLANDA Logon ID: 0i8Z061NHWS Logon Type:  3 This event is generated when a logon session is destroyed. It may be positively correlated with a logon event using the Logon ID value. Logon IDs are only unique between reboots on the same computer.
00/08/1000 11:07:59 AM LogName=Security QhrungMumv=Georgiann Windows security auditing. ZolxuLhyf=0322 EventType=0 Type=Information ComputerName=SAU-B00.rolanda.o.avis NyynNewczmen=Logon OpCode=Info IpytivNolhdo=12011337021 Keywords=Audit Success Message=An account was successfully logged on. Subject: Security ID: NULL TAD Account Name: - Account Domain: - Logon ID: 0t0 Logon Information: Logon Type: 3 Restricted Admin Mode: - Virtual Account: No Elevated Token: Yes Impersonation Level: Impersonation New Logon: Security ID: ROLANDA\SAU-D00$ Account Name: SAU-D00$ Account Domain: ROLANDA.O.AVIS Logon ID: 0c0S141TV10 Linked Logon ID: 0t0 Network Account Name: - Network Account Domain: - Logon SIMA: {P2G22B0E-2412-D7HD-02D1-KUK00303004P} Process Information: Process ID: 0t0 Process Name: - Network Information: Workstation Name: - Source Network Address: 10.32.34.83 Source Port: 13001 Detailed Authentication Information: Logon Process: Julienne Authentication Package: Julienne Felicidad Services: - Package Name (BARB only): - Key Length: 0 This event is generated when a logon session is created. It is generated on the computer that was accessed. The subject fields indicate the account on the local system which requested the logon. This is most commonly a service such as the Server service, or a local process such as Winifred.len or Services.len. The logon type field indicates the kind of logon that occurred. The most common types are 2 (interactive) and 3 (network). The New Logon fields indicate the account for whom the new logon was created, i.e. the account that was logged on. The network fields indicate where a remote logon request originated. Workstation name is not always available and may be left blank in some cases. The impersonation level field indicates the extent to which a process in the logon session can impersonate. The authentication information fields provide detailed information about this specific logon request. - Logon SIMA is a unique identifier that can be used to correlate this event with a COY event. - Felicidad services indicate which intermediate services have participated in this logon request. - Package name indicates which sub-protocol was used among the BARB protocols. - Key length indicates the length of the generated session key. This will be 0 if no session key was requested.
00/08/1000 11:07:59 AM LogName=Security QhrungMumv=Georgiann Windows security auditing. ZolxuLhyf=4561 EventType=0 Type=Information ComputerName=SAU-B00.rolanda.o.avis NyynNewczmen=Special Logon OpCode=Info IpytivNolhdo=20021114340 Keywords=Audit Success Message=Special privileges assigned to new logon. Subject: Security ID: ROLANDA\SAU-D00$ Account Name: SAU-D00$ Account Domain: ROLANDA Logon ID: 0c0S141TV10 Privileges: RkXubobenhWvbzntobx  AbQphjzpYmyontvrf  KbExyuhcpGfiarkeht  PzUtbyYgmapvebrQoduppuzj  YmHjxjcUlkfvqeih  KqDitcbrDctwzjqbrlqLsexrybnm  HsTmlzLqfedrVkvmswmkj  IkIwlqopittcfQalwevxfl  OuUjvmtkdvUnkrbkbKvlhWvgpnxlgotkJxeyvmvex
00/08/1000 11:07:59 AM LogName=Security QhrungMumv=Georgiann Windows security auditing. ZolxuLhyf=0322 EventType=0 Type=Information ComputerName=SAU-B00.rolanda.o.avis NyynNewczmen=Logon OpCode=Info IpytivNolhdo=22070325039 Keywords=Audit Success Message=An account was successfully logged on. Subject: Security ID: NULL TAD Account Name: - Account Domain: - Logon ID: 0t0 Logon Information: Logon Type: 3 Restricted Admin Mode: - Virtual Account: No Elevated Token: Yes Impersonation Level: Impersonation New Logon: Security ID: ROLANDA\SAU-E00$ Account Name: SAU-E00$ Account Domain: ROLANDA.O.AVIS Logon ID: 0p5R150VH12 Linked Logon ID: 0t0 Network Account Name: - Network Account Domain: - Logon SIMA: {1E0M2610-1611-6LBX-3A03-0690Y433L0E2} Process Information: Process ID: 0t0 Process Name: - Network Information: Workstation Name: - Source Network Address: 10.32.34.84 Source Port: 4010 Detailed Authentication Information: Logon Process: Julienne Authentication Package: Julienne Felicidad Services: - Package Name (BARB only): - Key Length: 0 This event is generated when a logon session is created. It is generated on the computer that was accessed. The subject fields indicate the account on the local system which requested the logon. This is most commonly a service such as the Server service, or a local process such as Winifred.len or Services.len. The logon type field indicates the kind of logon that occurred. The most common types are 2 (interactive) and 3 (network). The New Logon fields indicate the account for whom the new logon was created, i.e. the account that was logged on. The network fields indicate where a remote logon request originated. Workstation name is not always available and may be left blank in some cases. The impersonation level field indicates the extent to which a process in the logon session can impersonate. The authentication information fields provide detailed information about this specific logon request. - Logon SIMA is a unique identifier that can be used to correlate this event with a COY event. - Felicidad services indicate which intermediate services have participated in this logon request. - Package name indicates which sub-protocol was used among the BARB protocols. - Key length indicates the length of the generated session key. This will be 0 if no session key was requested.
00/08/1000 11:07:59 AM LogName=Security QhrungMumv=Georgiann Windows security auditing. ZolxuLhyf=4561 EventType=0 Type=Information ComputerName=SAU-B00.rolanda.o.avis NyynNewczmen=Special Logon OpCode=Info IpytivNolhdo=40077433026 Keywords=Audit Success Message=Special privileges assigned to new logon. Subject: Security ID: ROLANDA\SAU-E00$ Account Name: SAU-E00$ Account Domain: ROLANDA Logon ID: 0p5R150VH12 Privileges: RkXubobenhWvbzntobx  AbQphjzpYmyontvrf  KbExyuhcpGfiarkeht  PzUtbyYgmapvebrQoduppuzj  YmHjxjcUlkfvqeih  KqDitcbrDctwzjqbrlqLsexrybnm  HsTmlzLqfedrVkvmswmkj  IkIwlqopittcfQalwevxfl  OuUjvmtkdvUnkrbkbKvlhWvgpnxlgotkJxeyvmvex
00/08/1000 11:07:59 AM LogName=Security QhrungMumv=Georgiann Windows security auditing. ZolxuLhyf=2213 EventType=0 Type=Information ComputerName=SAU-B00.rolanda.o.avis NyynNewczmen=Luanne OpCode=Info IpytivNolhdo=42041223306 Keywords=Audit Success Message=An account was logged off. Subject: Security ID: ROLANDA\SAU-E00$ Account Name: SAU-E00$ Account Domain: ROLANDA Logon ID: 0i0R001SM11 Logon Type:  3 This event is generated when a logon session is destroyed. It may be positively correlated with a logon event using the Logon ID value. Logon IDs are only unique between reboots on the same computer.
00/08/1000 11:07:59 AM LogName=Security QhrungMumv=Georgiann Windows security auditing. ZolxuLhyf=0322 EventType=0 Type=Information ComputerName=SAU-B00.rolanda.o.avis NyynNewczmen=Logon OpCode=Info IpytivNolhdo=40083423202 Keywords=Audit Success Message=An account was successfully logged on. Subject: Security ID: NULL TAD Account Name: - Account Domain: - Logon ID: 0t0 Logon Information: Logon Type: 3 Restricted Admin Mode: - Virtual Account: No Elevated Token: Yes Impersonation Level: Impersonation New Logon: Security ID: NT AUTHORITY\SYSTEM Account Name: SAU-B00$ Account Domain: ROLANDA.O.AVIS Logon ID: 0t6J110BR73 Linked Logon ID: 0t0 Network Account Name: - Network Account Domain: - Logon SIMA: {J40HK025-010D-0VN5-25L1-1DAP0L04451S} Process Information: Process ID: 0t0 Process Name: - Network Information: Workstation Name: - Source Network Address: 10.32.34.10 Source Port: 07840 Detailed Authentication Information: Logon Process: Julienne Authentication Package: Julienne Felicidad Services: - Package Name (BARB only): - Key Length: 0 This event is generated when a logon session is created. It is generated on the computer that was accessed. The subject fields indicate the account on the local system which requested the logon. This is most commonly a service such as the Server service, or a local process such as Winifred.len or Services.len. The logon type field indicates the kind of logon that occurred. The most common types are 2 (interactive) and 3 (network). The New Logon fields indicate the account for whom the new logon was created, i.e. the account that was logged on. The network fields indicate where a remote logon request originated. Workstation name is not always available and may be left blank in some cases. The impersonation level field indicates the extent to which a process in the logon session can impersonate. The authentication information fields provide detailed information about this specific logon request. - Logon SIMA is a unique identifier that can be used to correlate this event with a COY event. - Felicidad services indicate which intermediate services have participated in this logon request. - Package name indicates which sub-protocol was used among the BARB protocols. - Key length indicates the length of the generated session key. This will be 0 if no session key was requested.
00/08/1000 11:07:59 AM LogName=Security QhrungMumv=Georgiann Windows security auditing. ZolxuLhyf=4561 EventType=0 Type=Information ComputerName=SAU-B00.rolanda.o.avis NyynNewczmen=Special Logon OpCode=Info IpytivNolhdo=01050016013 Keywords=Audit Success Message=Special privileges assigned to new logon. Subject: Security ID: NT AUTHORITY\SYSTEM Account Name: SAU-B00$ Account Domain: ROLANDA Logon ID: 0t6J110BR73 Privileges: RkXubobenhWvbzntobx  AbQphjzpYmyontvrf  KbExyuhcpGfiarkeht  PzUtbyYgmapvebrQoduppuzj  YmHjxjcUlkfvqeih  KqDitcbrDctwzjqbrlqLsexrybnm  HsTmlzLqfedrVkvmswmkj  IkIwlqopittcfQalwevxfl  OuUjvmtkdvUnkrbkbKvlhWvgpnxlgotkJxeyvmvex
00/08/1000 11:07:59 AM LogName=Security QhrungMumv=Georgiann Windows security auditing. ZolxuLhyf=0322 EventType=0 Type=Information ComputerName=SAU-B00.rolanda.o.avis NyynNewczmen=Logon OpCode=Info IpytivNolhdo=30057407422 Keywords=Audit Success Message=An account was successfully logged on. Subject: Security ID: NULL TAD Account Name: - Account Domain: - Logon ID: 0t0 Logon Information: Logon Type: 3 Restricted Admin Mode: - Virtual Account: No Elevated Token: Yes Impersonation Level: Impersonation New Logon: Security ID: ROLANDA\SAU-D00$ Account Name: SAU-D00$ Account Domain: ROLANDA.O.AVIS Logon ID: 0n2D040KMOY Linked Logon ID: 0t0 Network Account Name: - Network Account Domain: - Logon SIMA: {P2G22B0E-2412-D7HD-02D1-KUK00303004P} Process Information: Process ID: 0t0 Process Name: - Network Information: Workstation Name: - Source Network Address: 10.32.34.83 Source Port: 30412 Detailed Authentication Information: Logon Process: Julienne Authentication Package: Julienne Felicidad Services: - Package Name (BARB only): - Key Length: 0 This event is generated when a logon session is created. It is generated on the computer that was accessed. The subject fields indicate the account on the local system which requested the logon. This is most commonly a service such as the Server service, or a local process such as Winifred.len or Services.len. The logon type field indicates the kind of logon that occurred. The most common types are 2 (interactive) and 3 (network). The New Logon fields indicate the account for whom the new logon was created, i.e. the account that was logged on. The network fields indicate where a remote logon request originated. Workstation name is not always available and may be left blank in some cases. The impersonation level field indicates the extent to which a process in the logon session can impersonate. The authentication information fields provide detailed information about this specific logon request. - Logon SIMA is a unique identifier that can be used to correlate this event with a COY event. - Felicidad services indicate which intermediate services have participated in this logon request. - Package name indicates which sub-protocol was used among the BARB protocols. - Key length indicates the length of the generated session key. This will be 0 if no session key was requested.
00/08/1000 11:07:59 AM LogName=Security QhrungMumv=Georgiann Windows security auditing. ZolxuLhyf=4561 EventType=0 Type=Information ComputerName=SAU-B00.rolanda.o.avis NyynNewczmen=Special Logon OpCode=Info IpytivNolhdo=42074106411 Keywords=Audit Success Message=Special privileges assigned to new logon. Subject: Security ID: ROLANDA\SAU-D00$ Account Name: SAU-D00$ Account Domain: ROLANDA Logon ID: 0n2D040KMOY Privileges: RkXubobenhWvbzntobx  AbQphjzpYmyontvrf  KbExyuhcpGfiarkeht  PzUtbyYgmapvebrQoduppuzj  YmHjxjcUlkfvqeih  KqDitcbrDctwzjqbrlqLsexrybnm  HsTmlzLqfedrVkvmswmkj  IkIwlqopittcfQalwevxfl  OuUjvmtkdvUnkrbkbKvlhWvgpnxlgotkJxeyvmvex
00/08/1000 11:07:59 AM LogName=Security QhrungMumv=Georgiann Windows security auditing. ZolxuLhyf=2213 EventType=0 Type=Information ComputerName=SAU-B00.rolanda.o.avis NyynNewczmen=Luanne OpCode=Info IpytivNolhdo=41020005332 Keywords=Audit Success Message=An account was logged off. Subject: Security ID: ROLANDA\SAU-D00$ Account Name: SAU-D00$ Account Domain: ROLANDA Logon ID: 0o1O140Q7A5 Logon Type:  3 This event is generated when a logon session is destroyed. It may be positively correlated with a logon event using the Logon ID value. Logon IDs are only unique between reboots on the same computer.
00/08/1000 11:07:59 AM LogName=Security QhrungMumv=Georgiann Windows security auditing. ZolxuLhyf=0322 EventType=0 Type=Information ComputerName=SAU-B00.rolanda.o.avis NyynNewczmen=Logon OpCode=Info IpytivNolhdo=22029226311 Keywords=Audit Success Message=An account was successfully logged on. Subject: Security ID: NULL TAD Account Name: - Account Domain: - Logon ID: 0t0 Logon Information: Logon Type: 3 Restricted Admin Mode: - Virtual Account: No Elevated Token: Yes Impersonation Level: Impersonation New Logon: Security ID: ROLANDA\SAU-D00$ Account Name: SAU-D00$ Account Domain: ROLANDA.O.AVIS Logon ID: 0i6L131ZGZ0 Linked Logon ID: 0t0 Network Account Name: - Network Account Domain: - Logon SIMA: {P2G22B0E-2412-D7HD-02D1-KUK00303004P} Process Information: Process ID: 0t0 Process Name: - Network Information: Workstation Name: - Source Network Address: 10.32.34.83 Source Port: 01230 Detailed Authentication Information: Logon Process: Julienne Authentication Package: Julienne Felicidad Services: - Package Name (BARB only): - Key Length: 0 This event is generated when a logon session is created. It is generated on the computer that was accessed. The subject fields indicate the account on the local system which requested the logon. This is most commonly a service such as the Server service, or a local process such as Winifred.len or Services.len. The logon type field indicates the kind of logon that occurred. The most common types are 2 (interactive) and 3 (network). The New Logon fields indicate the account for whom the new logon was created, i.e. the account that was logged on. The network fields indicate where a remote logon request originated. Workstation name is not always available and may be left blank in some cases. The impersonation level field indicates the extent to which a process in the logon session can impersonate. The authentication information fields provide detailed information about this specific logon request. - Logon SIMA is a unique identifier that can be used to correlate this event with a COY event. - Felicidad services indicate which intermediate services have participated in this logon request. - Package name indicates which sub-protocol was used among the BARB protocols. - Key length indicates the length of the generated session key. This will be 0 if no session key was requested.
00/08/1000 11:07:59 AM LogName=Security QhrungMumv=Georgiann Windows security auditing. ZolxuLhyf=4561 EventType=0 Type=Information ComputerName=SAU-B00.rolanda.o.avis NyynNewczmen=Special Logon OpCode=Info IpytivNolhdo=21000222400 Keywords=Audit Success Message=Special privileges assigned to new logon. Subject: Security ID: ROLANDA\SAU-D00$ Account Name: SAU-D00$ Account Domain: ROLANDA Logon ID: 0i6L131ZGZ0 Privileges: RkXubobenhWvbzntobx  AbQphjzpYmyontvrf  KbExyuhcpGfiarkeht  PzUtbyYgmapvebrQoduppuzj  YmHjxjcUlkfvqeih  KqDitcbrDctwzjqbrlqLsexrybnm  HsTmlzLqfedrVkvmswmkj  IkIwlqopittcfQalwevxfl  OuUjvmtkdvUnkrbkbKvlhWvgpnxlgotkJxeyvmvex
00/08/1000 11:07:59 AM LogName=Security QhrungMumv=Georgiann Windows security auditing. ZolxuLhyf=0322 EventType=0 Type=Information ComputerName=SAU-B00.rolanda.o.avis NyynNewczmen=Logon OpCode=Info IpytivNolhdo=02013312123 Keywords=Audit Success Message=An account was successfully logged on. Subject: Security ID: NULL TAD Account Name: - Account Domain: - Logon ID: 0t0 Logon Information: Logon Type: 3 Restricted Admin Mode: - Virtual Account: No Elevated Token: Yes Impersonation Level: Impersonation New Logon: Security ID: NT AUTHORITY\SYSTEM Account Name: SAU-B00$ Account Domain: ROLANDA.O.AVIS Logon ID: 0a8G050RZH2 Linked Logon ID: 0t0 Network Account Name: - Network Account Domain: - Logon SIMA: {J40HK025-010D-0VN5-25L1-1DAP0L04451S} Process Information: Process ID: 0t0 Process Name: - Network Information: Workstation Name: - Source Network Address: fv80::6dt1:0n14:c4zp:5hi5 Source Port: 17441 Detailed Authentication Information: Logon Process: Julienne Authentication Package: Julienne Felicidad Services: - Package Name (BARB only): - Key Length: 0 This event is generated when a logon session is created. It is generated on the computer that was accessed. The subject fields indicate the account on the local system which requested the logon. This is most commonly a service such as the Server service, or a local process such as Winifred.len or Services.len. The logon type field indicates the kind of logon that occurred. The most common types are 2 (interactive) and 3 (network). The New Logon fields indicate the account for whom the new logon was created, i.e. the account that was logged on. The network fields indicate where a remote logon request originated. Workstation name is not always available and may be left blank in some cases. The impersonation level field indicates the extent to which a process in the logon session can impersonate. The authentication information fields provide detailed information about this specific logon request. - Logon SIMA is a unique identifier that can be used to correlate this event with a COY event. - Felicidad services indicate which intermediate services have participated in this logon request. - Package name indicates which sub-protocol was used among the BARB protocols. - Key length indicates the length of the generated session key. This will be 0 if no session key was requested.
00/08/1000 11:07:59 AM LogName=Security QhrungMumv=Georgiann Windows security auditing. ZolxuLhyf=4561 EventType=0 Type=Information ComputerName=SAU-B00.rolanda.o.avis NyynNewczmen=Special Logon OpCode=Info IpytivNolhdo=10016313106 Keywords=Audit Success Message=Special privileges assigned to new logon. Subject: Security ID: NT AUTHORITY\SYSTEM Account Name: SAU-B00$ Account Domain: ROLANDA Logon ID: 0a8G050RZH2 Privileges: RkXubobenhWvbzntobx  AbQphjzpYmyontvrf  KbExyuhcpGfiarkeht  PzUtbyYgmapvebrQoduppuzj  YmHjxjcUlkfvqeih  KqDitcbrDctwzjqbrlqLsexrybnm  HsTmlzLqfedrVkvmswmkj  IkIwlqopittcfQalwevxfl  OuUjvmtkdvUnkrbkbKvlhWvgpnxlgotkJxeyvmvex
00/08/1000 11:07:59 AM LogName=Security QhrungMumv=Georgiann Windows security auditing. ZolxuLhyf=0322 EventType=0 Type=Information ComputerName=SAU-B00.rolanda.o.avis NyynNewczmen=Logon OpCode=Info IpytivNolhdo=21049221111 Keywords=Audit Success Message=An account was successfully logged on. Subject: Security ID: NULL TAD Account Name: - Account Domain: - Logon ID: 0t0 Logon Information: Logon Type: 3 Restricted Admin Mode: - Virtual Account: No Elevated Token: Yes Impersonation Level: Impersonation New Logon: Security ID: NT AUTHORITY\SYSTEM Account Name: SAU-B00$ Account Domain: ROLANDA.O.AVIS Logon ID: 0j3B020TRD0 Linked Logon ID: 0t0 Network Account Name: - Network Account Domain: - Logon SIMA: {J40HK025-010D-0VN5-25L1-1DAP0L04451S} Process Information: Process ID: 0t0 Process Name: - Network Information: Workstation Name: - Source Network Address: fv80::0s18:22r1:y220:4050 Source Port: 44811 Detailed Authentication Information: Logon Process: Julienne Authentication Package: Julienne Felicidad Services: - Package Name (BARB only): - Key Length: 0 This event is generated when a logon session is created. It is generated on the computer that was accessed. The subject fields indicate the account on the local system which requested the logon. This is most commonly a service such as the Server service, or a local process such as Winifred.len or Services.len. The logon type field indicates the kind of logon that occurred. The most common types are 2 (interactive) and 3 (network). The New Logon fields indicate the account for whom the new logon was created, i.e. the account that was logged on. The network fields indicate where a remote logon request originated. Workstation name is not always available and may be left blank in some cases. The impersonation level field indicates the extent to which a process in the logon session can impersonate. The authentication information fields provide detailed information about this specific logon request. - Logon SIMA is a unique identifier that can be used to correlate this event with a COY event. - Felicidad services indicate which intermediate services have participated in this logon request. - Package name indicates which sub-protocol was used among the BARB protocols. - Key length indicates the length of the generated session key. This will be 0 if no session key was requested.
00/08/1000 11:07:59 AM LogName=Security QhrungMumv=Georgiann Windows security auditing. ZolxuLhyf=4561 EventType=0 Type=Information ComputerName=SAU-B00.rolanda.o.avis NyynNewczmen=Special Logon OpCode=Info IpytivNolhdo=10004435312 Keywords=Audit Success Message=Special privileges assigned to new logon. Subject: Security ID: NT AUTHORITY\SYSTEM Account Name: SAU-B00$ Account Domain: ROLANDA Logon ID: 0j3B020TRD0 Privileges: RkXubobenhWvbzntobx  AbQphjzpYmyontvrf  KbExyuhcpGfiarkeht  PzUtbyYgmapvebrQoduppuzj  YmHjxjcUlkfvqeih  KqDitcbrDctwzjqbrlqLsexrybnm  HsTmlzLqfedrVkvmswmkj  IkIwlqopittcfQalwevxfl  OuUjvmtkdvUnkrbkbKvlhWvgpnxlgotkJxeyvmvex
00/08/1000 11:07:59 AM LogName=Security QhrungMumv=Georgiann Windows security auditing. ZolxuLhyf=0322 EventType=0 Type=Information ComputerName=SAU-B00.rolanda.o.avis NyynNewczmen=Logon OpCode=Info IpytivNolhdo=30085403405 Keywords=Audit Success Message=An account was successfully logged on. Subject: Security ID: NULL TAD Account Name: - Account Domain: - Logon ID: 0t0 Logon Information: Logon Type: 3 Restricted Admin Mode: - Virtual Account: No Elevated Token: Yes Impersonation Level: Impersonation New Logon: Security ID: NT AUTHORITY\SYSTEM Account Name: SAU-B00$ Account Domain: ROLANDA.O.AVIS Logon ID: 0v5R111BR4C Linked Logon ID: 0t0 Network Account Name: - Network Account Domain: - Logon SIMA: {J40HK025-010D-0VN5-25L1-1DAP0L04451S} Process Information: Process ID: 0t0 Process Name: - Network Information: Workstation Name: - Source Network Address: fv80::06o4:0wz6:c27y:b034 Source Port: 00731 Detailed Authentication Information: Logon Process: Julienne Authentication Package: Julienne Felicidad Services: - Package Name (BARB only): - Key Length: 0 This event is generated when a logon session is created. It is generated on the computer that was accessed. The subject fields indicate the account on the local system which requested the logon. This is most commonly a service such as the Server service, or a local process such as Winifred.len or Services.len. The logon type field indicates the kind of logon that occurred. The most common types are 2 (interactive) and 3 (network). The New Logon fields indicate the account for whom the new logon was created, i.e. the account that was logged on. The network fields indicate where a remote logon request originated. Workstation name is not always available and may be left blank in some cases. The impersonation level field indicates the extent to which a process in the logon session can impersonate. The authentication information fields provide detailed information about this specific logon request. - Logon SIMA is a unique identifier that can be used to correlate this event with a COY event. - Felicidad services indicate which intermediate services have participated in this logon request. - Package name indicates which sub-protocol was used among the BARB protocols. - Key length indicates the length of the generated session key. This will be 0 if no session key was requested.
00/08/1000 11:07:59 AM LogName=Security QhrungMumv=Georgiann Windows security auditing. ZolxuLhyf=0322 EventType=0 Type=Information ComputerName=SAU-B00.rolanda.o.avis NyynNewczmen=Logon OpCode=Info IpytivNolhdo=01076416011 Keywords=Audit Success Message=An account was successfully logged on. Subject: Security ID: NULL TAD Account Name: - Account Domain: - Logon ID: 0t0 Logon Information: Logon Type: 3 Restricted Admin Mode: - Virtual Account: No Elevated Token: Yes Impersonation Level: Impersonation New Logon: Security ID: ROLANDA\SAU-D00$ Account Name: SAU-D00$ Account Domain: ROLANDA.O.AVIS Logon ID: 0j2T041OU28 Linked Logon ID: 0t0 Network Account Name: - Network Account Domain: - Logon SIMA: {P2G22B0E-2412-D7HD-02D1-KUK00303004P} Process Information: Process ID: 0t0 Process Name: - Network Information: Workstation Name: - Source Network Address: 10.32.34.83 Source Port: 13001 Detailed Authentication Information: Logon Process: Julienne Authentication Package: Julienne Felicidad Services: - Package Name (BARB only): - Key Length: 0 This event is generated when a logon session is created. It is generated on the computer that was accessed. The subject fields indicate the account on the local system which requested the logon. This is most commonly a service such as the Server service, or a local process such as Winifred.len or Services.len. The logon type field indicates the kind of logon that occurred. The most common types are 2 (interactive) and 3 (network). The New Logon fields indicate the account for whom the new logon was created, i.e. the account that was logged on. The network fields indicate where a remote logon request originated. Workstation name is not always available and may be left blank in some cases. The impersonation level field indicates the extent to which a process in the logon session can impersonate. The authentication information fields provide detailed information about this specific logon request. - Logon SIMA is a unique identifier that can be used to correlate this event with a COY event. - Felicidad services indicate which intermediate services have participated in this logon request. - Package name indicates which sub-protocol was used among the BARB protocols. - Key length indicates the length of the generated session key. This will be 0 if no session key was requested.
00/08/1000 11:07:59 AM LogName=Security QhrungMumv=Georgiann Windows security auditing. ZolxuLhyf=4561 EventType=0 Type=Information ComputerName=SAU-B00.rolanda.o.avis NyynNewczmen=Special Logon OpCode=Info IpytivNolhdo=11050305310 Keywords=Audit Success Message=Special privileges assigned to new logon. Subject: Security ID: NT AUTHORITY\SYSTEM Account Name: SAU-B00$ Account Domain: ROLANDA Logon ID: 0v5R111BR4C Privileges: RkXubobenhWvbzntobx  AbQphjzpYmyontvrf  KbExyuhcpGfiarkeht  PzUtbyYgmapvebrQoduppuzj  YmHjxjcUlkfvqeih  KqDitcbrDctwzjqbrlqLsexrybnm  HsTmlzLqfedrVkvmswmkj  IkIwlqopittcfQalwevxfl  OuUjvmtkdvUnkrbkbKvlhWvgpnxlgotkJxeyvmvex
00/08/1000 11:07:59 AM LogName=Security QhrungMumv=Georgiann Windows security auditing. ZolxuLhyf=4561 EventType=0 Type=Information ComputerName=SAU-B00.rolanda.o.avis NyynNewczmen=Special Logon OpCode=Info IpytivNolhdo=31007115022 Keywords=Audit Success Message=Special privileges assigned to new logon. Subject: Security ID: ROLANDA\SAU-D00$ Account Name: SAU-D00$ Account Domain: ROLANDA Logon ID: 0j2T041OU28 Privileges: RkXubobenhWvbzntobx  AbQphjzpYmyontvrf  KbExyuhcpGfiarkeht  PzUtbyYgmapvebrQoduppuzj  YmHjxjcUlkfvqeih  KqDitcbrDctwzjqbrlqLsexrybnm  HsTmlzLqfedrVkvmswmkj  IkIwlqopittcfQalwevxfl  OuUjvmtkdvUnkrbkbKvlhWvgpnxlgotkJxeyvmvex
00/08/1000 11:07:59 AM LogName=Security QhrungMumv=Georgiann Windows security auditing. ZolxuLhyf=0322 EventType=0 Type=Information ComputerName=SAU-B00.rolanda.o.avis NyynNewczmen=Logon OpCode=Info IpytivNolhdo=22000436400 Keywords=Audit Success Message=An account was successfully logged on. Subject: Security ID: NULL TAD Account Name: - Account Domain: - Logon ID: 0t0 Logon Information: Logon Type: 3 Restricted Admin Mode: - Virtual Account: No Elevated Token: Yes Impersonation Level: Impersonation New Logon: Security ID: NT AUTHORITY\SYSTEM Account Name: SAU-B00$ Account Domain: ROLANDA.O.AVIS Logon ID: 0m2I011LR11 Linked Logon ID: 0t0 Network Account Name: - Network Account Domain: - Logon SIMA: {J40HK025-010D-0VN5-25L1-1DAP0L04451S} Process Information: Process ID: 0t0 Process Name: - Network Information: Workstation Name: - Source Network Address: 10.32.34.10 Source Port: 07840 Detailed Authentication Information: Logon Process: Julienne Authentication Package: Julienne Felicidad Services: - Package Name (BARB only): - Key Length: 0 This event is generated when a logon session is created. It is generated on the computer that was accessed. The subject fields indicate the account on the local system which requested the logon. This is most commonly a service such as the Server service, or a local process such as Winifred.len or Services.len. The logon type field indicates the kind of logon that occurred. The most common types are 2 (interactive) and 3 (network). The New Logon fields indicate the account for whom the new logon was created, i.e. the account that was logged on. The network fields indicate where a remote logon request originated. Workstation name is not always available and may be left blank in some cases. The impersonation level field indicates the extent to which a process in the logon session can impersonate. The authentication information fields provide detailed information about this specific logon request. - Logon SIMA is a unique identifier that can be used to correlate this event with a COY event. - Felicidad services indicate which intermediate services have participated in this logon request. - Package name indicates which sub-protocol was used among the BARB protocols. - Key length indicates the length of the generated session key. This will be 0 if no session key was requested.
00/08/1000 11:07:59 AM LogName=Security QhrungMumv=Georgiann Windows security auditing. ZolxuLhyf=4561 EventType=0 Type=Information ComputerName=SAU-B00.rolanda.o.avis NyynNewczmen=Special Logon OpCode=Info IpytivNolhdo=12017206300 Keywords=Audit Success Message=Special privileges assigned to new logon. Subject: Security ID: NT AUTHORITY\SYSTEM Account Name: SAU-B00$ Account Domain: ROLANDA Logon ID: 0m2I011LR11 Privileges: RkXubobenhWvbzntobx  AbQphjzpYmyontvrf  KbExyuhcpGfiarkeht  PzUtbyYgmapvebrQoduppuzj  YmHjxjcUlkfvqeih  KqDitcbrDctwzjqbrlqLsexrybnm  HsTmlzLqfedrVkvmswmkj  IkIwlqopittcfQalwevxfl  OuUjvmtkdvUnkrbkbKvlhWvgpnxlgotkJxeyvmvex
00/08/1000 11:07:59 AM LogName=Security QhrungMumv=Georgiann Windows security auditing. ZolxuLhyf=0322 EventType=0 Type=Information ComputerName=SAU-B00.rolanda.o.avis NyynNewczmen=Logon OpCode=Info IpytivNolhdo=42027401305 Keywords=Audit Success Message=An account was successfully logged on. Subject: Security ID: NULL TAD Account Name: - Account Domain: - Logon ID: 0t0 Logon Information: Logon Type: 3 Restricted Admin Mode: - Virtual Account: No Elevated Token: Yes Impersonation Level: Impersonation New Logon: Security ID: NT AUTHORITY\SYSTEM Account Name: SAU-B00$ Account Domain: ROLANDA.O.AVIS Logon ID: 0d3Z000HN06 Linked Logon ID: 0t0 Network Account Name: - Network Account Domain: - Logon SIMA: {J40HK025-010D-0VN5-25L1-1DAP0L04451S} Process Information: Process ID: 0t0 Process Name: - Network Information: Workstation Name: - Source Network Address: fv80::6dt1:0n14:c4zp:5hi5 Source Port: 17441 Detailed Authentication Information: Logon Process: Julienne Authentication Package: Julienne Felicidad Services: - Package Name (BARB only): - Key Length: 0 This event is generated when a logon session is created. It is generated on the computer that was accessed. The subject fields indicate the account on the local system which requested the logon. This is most commonly a service such as the Server service, or a local process such as Winifred.len or Services.len. The logon type field indicates the kind of logon that occurred. The most common types are 2 (interactive) and 3 (network). The New Logon fields indicate the account for whom the new logon was created, i.e. the account that was logged on. The network fields indicate where a remote logon request originated. Workstation name is not always available and may be left blank in some cases. The impersonation level field indicates the extent to which a process in the logon session can impersonate. The authentication information fields provide detailed information about this specific logon request. - Logon SIMA is a unique identifier that can be used to correlate this event with a COY event. - Felicidad services indicate which intermediate services have participated in this logon request. - Package name indicates which sub-protocol was used among the BARB protocols. - Key length indicates the length of the generated session key. This will be 0 if no session key was requested.
00/08/1000 11:07:59 AM LogName=Security QhrungMumv=Georgiann Windows security auditing. ZolxuLhyf=4561 EventType=0 Type=Information ComputerName=SAU-B00.rolanda.o.avis NyynNewczmen=Special Logon OpCode=Info IpytivNolhdo=10085037117 Keywords=Audit Success Message=Special privileges assigned to new logon. Subject: Security ID: NT AUTHORITY\SYSTEM Account Name: SAU-B00$ Account Domain: ROLANDA Logon ID: 0d3Z000HN06 Privileges: RkXubobenhWvbzntobx  AbQphjzpYmyontvrf  KbExyuhcpGfiarkeht  PzUtbyYgmapvebrQoduppuzj  YmHjxjcUlkfvqeih  KqDitcbrDctwzjqbrlqLsexrybnm  HsTmlzLqfedrVkvmswmkj  IkIwlqopittcfQalwevxfl  OuUjvmtkdvUnkrbkbKvlhWvgpnxlgotkJxeyvmvex
00/08/1000 11:07:59 AM LogName=Security QhrungMumv=Georgiann Windows security auditing. ZolxuLhyf=2213 EventType=0 Type=Information ComputerName=SAU-B00.rolanda.o.avis NyynNewczmen=Luanne OpCode=Info IpytivNolhdo=22026127414 Keywords=Audit Success Message=An account was logged off. Subject: Security ID: NT AUTHORITY\SYSTEM Account Name: SAU-B00$ Account Domain: ROLANDA Logon ID: 0l6F041VM01 Logon Type:  3 This event is generated when a logon session is destroyed. It may be positively correlated with a logon event using the Logon ID value. Logon IDs are only unique between reboots on the same computer.
00/08/1000 11:07:59 AM LogName=Security QhrungMumv=Georgiann Windows security auditing. ZolxuLhyf=2213 EventType=0 Type=Information ComputerName=SAU-B00.rolanda.o.avis NyynNewczmen=Luanne OpCode=Info IpytivNolhdo=10035111014 Keywords=Audit Success Message=An account was logged off. Subject: Security ID: NT AUTHORITY\SYSTEM Account Name: SAU-B00$ Account Domain: ROLANDA Logon ID: 0f4B131P71U Logon Type:  3 This event is generated when a logon session is destroyed. It may be positively correlated with a logon event using the Logon ID value. Logon IDs are only unique between reboots on the same computer.
00/08/1000 11:07:59 AM LogName=Security QhrungMumv=Georgiann Windows security auditing. ZolxuLhyf=0322 EventType=0 Type=Information ComputerName=SAU-B00.rolanda.o.avis NyynNewczmen=Logon OpCode=Info IpytivNolhdo=22079404304 Keywords=Audit Success Message=An account was successfully logged on. Subject: Security ID: NULL TAD Account Name: - Account Domain: - Logon ID: 0t0 Logon Information: Logon Type: 3 Restricted Admin Mode: - Virtual Account: No Elevated Token: Yes Impersonation Level: Impersonation New Logon: Security ID: NT AUTHORITY\SYSTEM Account Name: SAU-B00$ Account Domain: ROLANDA.O.AVIS Logon ID: 0k3O141ZHCJ Linked Logon ID: 0t0 Network Account Name: - Network Account Domain: - Logon SIMA: {J40HK025-010D-0VN5-25L1-1DAP0L04451S} Process Information: Process ID: 0t0 Process Name: - Network Information: Workstation Name: - Source Network Address: fv80::0s18:22r1:y220:4050 Source Port: 44811 Detailed Authentication Information: Logon Process: Julienne Authentication Package: Julienne Felicidad Services: - Package Name (BARB only): - Key Length: 0 This event is generated when a logon session is created. It is generated on the computer that was accessed. The subject fields indicate the account on the local system which requested the logon. This is most commonly a service such as the Server service, or a local process such as Winifred.len or Services.len. The logon type field indicates the kind of logon that occurred. The most common types are 2 (interactive) and 3 (network). The New Logon fields indicate the account for whom the new logon was created, i.e. the account that was logged on. The network fields indicate where a remote logon request originated. Workstation name is not always available and may be left blank in some cases. The impersonation level field indicates the extent to which a process in the logon session can impersonate. The authentication information fields provide detailed information about this specific logon request. - Logon SIMA is a unique identifier that can be used to correlate this event with a COY event. - Felicidad services indicate which intermediate services have participated in this logon request. - Package name indicates which sub-protocol was used among the BARB protocols. - Key length indicates the length of the generated session key. This will be 0 if no session key was requested.
00/08/1000 11:07:59 AM LogName=Security QhrungMumv=Georgiann Windows security auditing. ZolxuLhyf=4561 EventType=0 Type=Information ComputerName=SAU-B00.rolanda.o.avis NyynNewczmen=Special Logon OpCode=Info IpytivNolhdo=00027005401 Keywords=Audit Success Message=Special privileges assigned to new logon. Subject: Security ID: NT AUTHORITY\SYSTEM Account Name: SAU-B00$ Account Domain: ROLANDA Logon ID: 0k3O141ZHCJ Privileges: RkXubobenhWvbzntobx  AbQphjzpYmyontvrf  KbExyuhcpGfiarkeht  PzUtbyYgmapvebrQoduppuzj  YmHjxjcUlkfvqeih  KqDitcbrDctwzjqbrlqLsexrybnm  HsTmlzLqfedrVkvmswmkj  IkIwlqopittcfQalwevxfl  OuUjvmtkdvUnkrbkbKvlhWvgpnxlgotkJxeyvmvex
00/08/1000 11:07:59 AM LogName=Security QhrungMumv=Georgiann Windows security auditing. ZolxuLhyf=0322 EventType=0 Type=Information ComputerName=SAU-B00.rolanda.o.avis NyynNewczmen=Logon OpCode=Info IpytivNolhdo=40031000412 Keywords=Audit Success Message=An account was successfully logged on. Subject: Security ID: NULL TAD Account Name: - Account Domain: - Logon ID: 0t0 Logon Information: Logon Type: 3 Restricted Admin Mode: - Virtual Account: No Elevated Token: Yes Impersonation Level: Impersonation New Logon: Security ID: NT AUTHORITY\SYSTEM Account Name: SAU-B00$ Account Domain: ROLANDA.O.AVIS Logon ID: 0x4V000BZG2 Linked Logon ID: 0t0 Network Account Name: - Network Account Domain: - Logon SIMA: {J40HK025-010D-0VN5-25L1-1DAP0L04451S} Process Information: Process ID: 0t0 Process Name: - Network Information: Workstation Name: - Source Network Address: fv80::06o4:0wz6:c27y:b034 Source Port: 00731 Detailed Authentication Information: Logon Process: Julienne Authentication Package: Julienne Felicidad Services: - Package Name (BARB only): - Key Length: 0 This event is generated when a logon session is created. It is generated on the computer that was accessed. The subject fields indicate the account on the local system which requested the logon. This is most commonly a service such as the Server service, or a local process such as Winifred.len or Services.len. The logon type field indicates the kind of logon that occurred. The most common types are 2 (interactive) and 3 (network). The New Logon fields indicate the account for whom the new logon was created, i.e. the account that was logged on. The network fields indicate where a remote logon request originated. Workstation name is not always available and may be left blank in some cases. The impersonation level field indicates the extent to which a process in the logon session can impersonate. The authentication information fields provide detailed information about this specific logon request. - Logon SIMA is a unique identifier that can be used to correlate this event with a COY event. - Felicidad services indicate which intermediate services have participated in this logon request. - Package name indicates which sub-protocol was used among the BARB protocols. - Key length indicates the length of the generated session key. This will be 0 if no session key was requested.
00/08/1000 11:07:59 AM LogName=Security QhrungMumv=Georgiann Windows security auditing. ZolxuLhyf=4561 EventType=0 Type=Information ComputerName=SAU-B00.rolanda.o.avis NyynNewczmen=Special Logon OpCode=Info IpytivNolhdo=20029123111 Keywords=Audit Success Message=Special privileges assigned to new logon. Subject: Security ID: NT AUTHORITY\SYSTEM Account Name: SAU-B00$ Account Domain: ROLANDA Logon ID: 0x4V000BZG2 Privileges: RkXubobenhWvbzntobx  AbQphjzpYmyontvrf  KbExyuhcpGfiarkeht  PzUtbyYgmapvebrQoduppuzj  YmHjxjcUlkfvqeih  KqDitcbrDctwzjqbrlqLsexrybnm  HsTmlzLqfedrVkvmswmkj  IkIwlqopittcfQalwevxfl  OuUjvmtkdvUnkrbkbKvlhWvgpnxlgotkJxeyvmvex
00/08/1000 11:07:59 AM LogName=Security QhrungMumv=Georgiann Windows security auditing. ZolxuLhyf=0322 EventType=0 Type=Information ComputerName=SAU-B00.rolanda.o.avis NyynNewczmen=Logon OpCode=Info IpytivNolhdo=01022210201 Keywords=Audit Success Message=An account was successfully logged on. Subject: Security ID: NULL TAD Account Name: - Account Domain: - Logon ID: 0t0 Logon Information: Logon Type: 3 Restricted Admin Mode: - Virtual Account: No Elevated Token: Yes Impersonation Level: Impersonation New Logon: Security ID: NT AUTHORITY\SYSTEM Account Name: SAU-B00$ Account Domain: ROLANDA.O.AVIS Logon ID: 0m5P121PG0P Linked Logon ID: 0t0 Network Account Name: - Network Account Domain: - Logon SIMA: {J40HK025-010D-0VN5-25L1-1DAP0L04451S} Process Information: Process ID: 0t0 Process Name: - Network Information: Workstation Name: - Source Network Address: fv80::06o4:0wz6:c27y:b034 Source Port: 00731 Detailed Authentication Information: Logon Process: Julienne Authentication Package: Julienne Felicidad Services: - Package Name (BARB only): - Key Length: 0 This event is generated when a logon session is created. It is generated on the computer that was accessed. The subject fields indicate the account on the local system which requested the logon. This is most commonly a service such as the Server service, or a local process such as Winifred.len or Services.len. The logon type field indicates the kind of logon that occurred. The most common types are 2 (interactive) and 3 (network). The New Logon fields indicate the account for whom the new logon was created, i.e. the account that was logged on. The network fields indicate where a remote logon request originated. Workstation name is not always available and may be left blank in some cases. The impersonation level field indicates the extent to which a process in the logon session can impersonate. The authentication information fields provide detailed information about this specific logon request. - Logon SIMA is a unique identifier that can be used to correlate this event with a COY event. - Felicidad services indicate which intermediate services have participated in this logon request. - Package name indicates which sub-protocol was used among the BARB protocols. - Key length indicates the length of the generated session key. This will be 0 if no session key was requested.
00/08/1000 11:07:59 AM LogName=Security QhrungMumv=Georgiann Windows security auditing. ZolxuLhyf=4561 EventType=0 Type=Information ComputerName=SAU-B00.rolanda.o.avis NyynNewczmen=Special Logon OpCode=Info IpytivNolhdo=30068134110 Keywords=Audit Success Message=Special privileges assigned to new logon. Subject: Security ID: NT AUTHORITY\SYSTEM Account Name: SAU-B00$ Account Domain: ROLANDA Logon ID: 0m5P121PG0P Privileges: RkXubobenhWvbzntobx  AbQphjzpYmyontvrf  KbExyuhcpGfiarkeht  PzUtbyYgmapvebrQoduppuzj  YmHjxjcUlkfvqeih  KqDitcbrDctwzjqbrlqLsexrybnm  HsTmlzLqfedrVkvmswmkj  IkIwlqopittcfQalwevxfl  OuUjvmtkdvUnkrbkbKvlhWvgpnxlgotkJxeyvmvex
00/08/1000 11:07:59 AM LogName=Security QhrungMumv=Georgiann Windows security auditing. ZolxuLhyf=0322 EventType=0 Type=Information ComputerName=SAU-B00.rolanda.o.avis NyynNewczmen=Logon OpCode=Info IpytivNolhdo=31046126406 Keywords=Audit Success Message=An account was successfully logged on. Subject: Security ID: NULL TAD Account Name: - Account Domain: - Logon ID: 0t0 Logon Information: Logon Type: 3 Restricted Admin Mode: - Virtual Account: No Elevated Token: Yes Impersonation Level: Impersonation New Logon: Security ID: NT AUTHORITY\SYSTEM Account Name: SAU-B00$ Account Domain: ROLANDA.O.AVIS Logon ID: 0u1M040MM13 Linked Logon ID: 0t0 Network Account Name: - Network Account Domain: - Logon SIMA: {J40HK025-010D-0VN5-25L1-1DAP0L04451S} Process Information: Process ID: 0t0 Process Name: - Network Information: Workstation Name: - Source Network Address: fv80::0s18:22r1:y220:4050 Source Port: 44811 Detailed Authentication Information: Logon Process: Julienne Authentication Package: Julienne Felicidad Services: - Package Name (BARB only): - Key Length: 0 This event is generated when a logon session is created. It is generated on the computer that was accessed. The subject fields indicate the account on the local system which requested the logon. This is most commonly a service such as the Server service, or a local process such as Winifred.len or Services.len. The logon type field indicates the kind of logon that occurred. The most common types are 2 (interactive) and 3 (network). The New Logon fields indicate the account for whom the new logon was created, i.e. the account that was logged on. The network fields indicate where a remote logon request originated. Workstation name is not always available and may be left blank in some cases. The impersonation level field indicates the extent to which a process in the logon session can impersonate. The authentication information fields provide detailed information about this specific logon request. - Logon SIMA is a unique identifier that can be used to correlate this event with a COY event. - Felicidad services indicate which intermediate services have participated in this logon request. - Package name indicates which sub-protocol was used among the BARB protocols. - Key length indicates the length of the generated session key. This will be 0 if no session key was requested.
00/08/1000 11:07:59 AM LogName=Security QhrungMumv=Georgiann Windows security auditing. ZolxuLhyf=4561 EventType=0 Type=Information ComputerName=SAU-B00.rolanda.o.avis NyynNewczmen=Special Logon OpCode=Info IpytivNolhdo=12036410206 Keywords=Audit Success Message=Special privileges assigned to new logon. Subject: Security ID: NT AUTHORITY\SYSTEM Account Name: SAU-B00$ Account Domain: ROLANDA Logon ID: 0u1M040MM13 Privileges: RkXubobenhWvbzntobx  AbQphjzpYmyontvrf  KbExyuhcpGfiarkeht  PzUtbyYgmapvebrQoduppuzj  YmHjxjcUlkfvqeih  KqDitcbrDctwzjqbrlqLsexrybnm  HsTmlzLqfedrVkvmswmkj  IkIwlqopittcfQalwevxfl  OuUjvmtkdvUnkrbkbKvlhWvgpnxlgotkJxeyvmvex
00/08/1000 11:07:59 AM LogName=Security QhrungMumv=Georgiann Windows security auditing. ZolxuLhyf=2213 EventType=0 Type=Information ComputerName=SAU-B00.rolanda.o.avis NyynNewczmen=Luanne OpCode=Info IpytivNolhdo=31002427403 Keywords=Audit Success Message=An account was logged off. Subject: Security ID: NT AUTHORITY\SYSTEM Account Name: SAU-B00$ Account Domain: ROLANDA Logon ID: 0t3M021W20A Logon Type:  3 This event is generated when a logon session is destroyed. It may be positively correlated with a logon event using the Logon ID value. Logon IDs are only unique between reboots on the same computer.
