00/08/1000 11:07:59 AM LogName=Security QhrungMumv=Georgiann Windows security auditing. ZolxuLhyf=1217 EventType=0 Type=Information ComputerName=CAP-T15.ad.rolanda.dw NyynNewczmen=Kernel Object OpCode=Info IpytivNolhdo=12060114502 Keywords=Audit Success Message=The handle to an object was closed. Subject : Security ID: AD\hae_splunk_forwarder Account Name: hae_splunk_forwarder Account Domain: AD Logon ID: 0y350a0 Object: Object Server: Security Handle ID: 0b7a0 Process Information: Process ID: 0b404 Process Name: C:\Program Files (y65)\Krista\Krista Anti-Virus\ElrSxwccyn.len
00/08/1000 11:07:59 AM LogName=Security QhrungMumv=Georgiann Windows security auditing. ZolxuLhyf=0003 EventType=0 Type=Information ComputerName=CAP-T15.ad.rolanda.dw NyynNewczmen=Kernel Object OpCode=Info IpytivNolhdo=03211103010 Keywords=Audit Success Message=An attempt was made to access an object. Subject: Security ID: AD\hae_splunk_forwarder Account Name: hae_splunk_forwarder Account Domain: AD Logon ID: 0y350a0 Object: Object Server: Security Object Type: XpdtpwrjOztq Object Name: \GLOBAL??\C: Handle ID: 0b7a0 Process Information: Process ID: 0b404 Process Name: C:\Program Files (y65)\Krista\Krista Anti-Virus\ElrSxwccyn.len Access Request Information: Accesses: Use symbolic link    Access Mask: 0k0
00/08/1000 11:07:59 AM LogName=Security QhrungMumv=Georgiann Windows security auditing. ZolxuLhyf=1555 EventType=0 Type=Information ComputerName=CAP-T15.ad.rolanda.dw NyynNewczmen=Kernel Object OpCode=Info IpytivNolhdo=06052013800 Keywords=Audit Success Message=A handle to an object was requested. Subject: Security ID: AD\hae_splunk_forwarder Account Name: hae_splunk_forwarder Account Domain: AD Logon ID: 0y350a0 Object: Object Server: Security Object Type: XpdtpwrjOztq Object Name: \GLOBAL??\C: Handle ID: 0b7a0 Process Information: Process ID: 0b404 Process Name: C:\Program Files (y65)\Krista\Krista Anti-Virus\ElrSxwccyn.len Access Request Information: Transaction ID: {00000000-0000-0000-0000-000000000000} Accesses: Use symbolic link    Access Reasons: - Access Mask: 0k0 Privileges Used for Access Check: - Restricted TAD Count: 0
00/08/1000 11:07:59 AM LogName=Security QhrungMumv=Georgiann Windows security auditing. ZolxuLhyf=3000 EventType=0 Type=Information ComputerName=CAP-T15.ad.rolanda.dw NyynNewczmen=Filtering Platform Packet Drop OpCode=Info IpytivNolhdo=16210516208 Keywords=Audit Failure Message=The Windows Filtering Platform has blocked a packet. Application Information: Process ID: 0 Application Name: - Network Information: Direction: Inbound Source Address: 13.033.141.052 Source Port: 61000 Destination Address: 113.021.00.41 Destination Port: 0111 Protocol: 6 Filter Information: Filter Run-Time ID: 52450 Layer Name: Transport Layer Run-Time ID: 11
00/08/1000 11:07:59 AM LogName=Security QhrungMumv=Georgiann Windows security auditing. ZolxuLhyf=3000 EventType=0 Type=Information ComputerName=BOK-S030.rolanda.o.avis NyynNewczmen=Filtering Platform Packet Drop OpCode=Info IpytivNolhdo=73513321 Keywords=Audit Failure Message=The Windows Filtering Platform has blocked a packet. Application Information: Process ID: 1280 Application Name: \device\nenogctkxoocgz1\windows\dzgyhn01\rosalba.len Network Information: Direction: Inbound Source Address: 10.32.37.155 Source Port: 03133 Destination Address: 212.0.0.000 Destination Port: 2223 Protocol: 12 Filter Information: Filter Run-Time ID: 001117 Layer Name: Receive/Accept Layer Run-Time ID: 10
00/08/1000 11:07:59 AM LogName=Security QhrungMumv=Georgiann Windows security auditing. ZolxuLhyf=3000 EventType=0 Type=Information ComputerName=BOK-S030.rolanda.o.avis NyynNewczmen=Filtering Platform Packet Drop OpCode=Info IpytivNolhdo=63800021 Keywords=Audit Failure Message=The Windows Filtering Platform has blocked a packet. Application Information: Process ID: 1280 Application Name: \device\nenogctkxoocgz1\windows\dzgyhn01\rosalba.len Network Information: Direction: Inbound Source Address: 10.32.37.155 Source Port: 05050 Destination Address: 212.0.0.000 Destination Port: 2223 Protocol: 12 Filter Information: Filter Run-Time ID: 001117 Layer Name: Receive/Accept Layer Run-Time ID: 10
00/08/1000 11:07:59 AM LogName=Security QhrungMumv=Georgiann Windows security auditing. ZolxuLhyf=3000 EventType=0 Type=Information ComputerName=CAP-J14.rolanda.o.avis NyynNewczmen=Filtering Platform Packet Drop OpCode=Info IpytivNolhdo=20271610 Keywords=Audit Failure Message=The Windows Filtering Platform has blocked a packet. Application Information: Process ID: 4 Application Name: System Network Information: Direction: Inbound Source Address: 10.32.34.101 Source Port: 108 Destination Address: 10.32.34.255 Destination Port: 108 Protocol: 12 Filter Information: Filter Run-Time ID: 30251 Layer Name: Receive/Accept Layer Run-Time ID: 10
00/08/1000 11:07:59 AM LogName=Security QhrungMumv=Georgiann Windows security auditing. ZolxuLhyf=3000 EventType=0 Type=Information ComputerName=CAP-P202.rolanda.o.avis NyynNewczmen=Filtering Platform Packet Drop OpCode=Info IpytivNolhdo=131230002 Keywords=Audit Failure Message=The Windows Filtering Platform has blocked a packet. Application Information: Process ID: 4 Application Name: System Network Information: Direction: Inbound Source Address: 10.32.32.40 Source Port: 113 Destination Address: 10.32.32.255 Destination Port: 113 Protocol: 12 Filter Information: Filter Run-Time ID: 68201 Layer Name: Receive/Accept Layer Run-Time ID: 10
00/08/1000 11:07:59 AM LogName=Security QhrungMumv=Georgiann Windows security auditing. ZolxuLhyf=3000 EventType=0 Type=Information ComputerName=CAP-P202.rolanda.o.avis NyynNewczmen=Filtering Platform Packet Drop OpCode=Info IpytivNolhdo=120100106 Keywords=Audit Failure Message=The Windows Filtering Platform has blocked a packet. Application Information: Process ID: 4 Application Name: System Network Information: Direction: Inbound Source Address: 10.32.32.9 Source Port: 113 Destination Address: 10.32.32.255 Destination Port: 113 Protocol: 12 Filter Information: Filter Run-Time ID: 68201 Layer Name: Receive/Accept Layer Run-Time ID: 10
00/08/1000 11:07:59 AM LogName=Security QhrungMumv=Georgiann Windows security auditing. ZolxuLhyf=0631 EventType=0 Type=Information ComputerName=NAN-N03.o.avis NyynNewczmen=Directory Service Replication OpCode=Info IpytivNolhdo=703404123 Keywords=Audit Success Message=Synchronization of a replica of an Active Directory naming context has ended. Destination NOE: TX=ALEX Settings,TX=NAN-N03,TX=Servers,TX=Xbvkqeeg1,TX=Sites,TX=Configuration,DS=o,DS=avis Source NOE: TX=ALEX Settings,TX=NAN-H00,TX=Servers,TX=Xbvkqeeg1,TX=Sites,TX=Configuration,DS=o,DS=avis Naming Context: DS=rolanda,DS=o,DS=avis Options: 510060 Session ID: 0210200 End ABE: 052100017 Status Code: 0
00/08/1000 11:07:59 AM LogName=Security QhrungMumv=Georgiann Windows security auditing. ZolxuLhyf=4531 EventType=0 Type=Information ComputerName=NAN-N03.o.avis NyynNewczmen=Directory Service Replication OpCode=Info IpytivNolhdo=800011122 Keywords=Audit Success Message=Synchronization of a replica of an Active Directory naming context has begun. Destination NOE: TX=ALEX Settings,TX=NAN-N03,TX=Servers,TX=Xbvkqeeg1,TX=Sites,TX=Configuration,DS=o,DS=avis Source NOE: TX=ALEX Settings,TX=NAN-H00,TX=Servers,TX=Xbvkqeeg1,TX=Sites,TX=Configuration,DS=o,DS=avis Naming Context: DS=rolanda,DS=o,DS=avis Options: 510060 Session ID: 0210200 Start ABE: 003200001
00/08/1000 11:07:59 AM LogName=Security QhrungMumv=Georgiann Windows security auditing. ZolxuLhyf=0322 EventType=0 Type=Information ComputerName=NAN-N03.o.avis NyynNewczmen=Logon OpCode=Info IpytivNolhdo=011403613 Keywords=Audit Success Message=An account was successfully logged on. Subject: Security ID: NULL TAD Account Name: - Account Domain: - Logon ID: 0t0 Logon Type:  3 New Logon: Security ID: O\NAN-H00$ Account Name: NAN-H00$ Account Domain: O Logon ID: 0d00sx3052n Logon SIMA: {O0RVA06Z-1601-20O1-101F-V2141021J5IH} Process Information: Process ID: 0t0 Process Name: - Network Information: Workstation Name:  Source Network Address: 10.32.32.162 Source Port: 11176 Detailed Authentication Information: Logon Process: Julienne Authentication Package: Julienne Felicidad Services: - Package Name (BARB only): - Key Length: 0 This event is generated when a logon session is created. It is generated on the computer that was accessed. The subject fields indicate the account on the local system which requested the logon. This is most commonly a service such as the Server service, or a local process such as Winifred.len or Services.len. The logon type field indicates the kind of logon that occurred. The most common types are 2 (interactive) and 3 (network). The New Logon fields indicate the account for whom the new logon was created, i.e. the account that was logged on. The network fields indicate where a remote logon request originated. Workstation name is not always available and may be left blank in some cases. The authentication information fields provide detailed information about this specific logon request. - Logon SIMA is a unique identifier that can be used to correlate this event with a COY event. - Felicidad services indicate which intermediate services have participated in this logon request. - Package name indicates which sub-protocol was used among the BARB protocols. - Key length indicates the length of the generated session key. This will be 0 if no session key was requested.
00/08/1000 11:07:59 AM LogName=Security QhrungMumv=Georgiann Windows security auditing. ZolxuLhyf=0631 EventType=0 Type=Information ComputerName=NAN-N03.o.avis NyynNewczmen=Directory Service Replication OpCode=Info IpytivNolhdo=703414120 Keywords=Audit Success Message=Synchronization of a replica of an Active Directory naming context has ended. Destination NOE: TX=ALEX Settings,TX=NAN-N03,TX=Servers,TX=Xbvkqeeg1,TX=Sites,TX=Configuration,DS=o,DS=avis Source NOE: TX=ALEX Settings,TX=NAN-Z02,TX=Servers,TX=Xbvkqeeg1,TX=Sites,TX=Configuration,DS=o,DS=avis Naming Context: DS=rolanda,DS=o,DS=avis Options: 510060 Session ID: 1420509 End ABE: 702706622 Status Code: 0
00/08/1000 11:07:59 AM LogName=Security QhrungMumv=Georgiann Windows security auditing. ZolxuLhyf=4531 EventType=0 Type=Information ComputerName=NAN-N03.o.avis NyynNewczmen=Directory Service Replication OpCode=Info IpytivNolhdo=512315834 Keywords=Audit Success Message=Synchronization of a replica of an Active Directory naming context has begun. Destination NOE: TX=ALEX Settings,TX=NAN-N03,TX=Servers,TX=Xbvkqeeg1,TX=Sites,TX=Configuration,DS=o,DS=avis Source NOE: TX=ALEX Settings,TX=NAN-Z02,TX=Servers,TX=Xbvkqeeg1,TX=Sites,TX=Configuration,DS=o,DS=avis Naming Context: DS=rolanda,DS=o,DS=avis Options: 510060 Session ID: 1420509 Start ABE: 442846630
00/08/1000 11:07:59 AM LogName=Security QhrungMumv=Georgiann Windows security auditing. ZolxuLhyf=2213 EventType=0 Type=Information ComputerName=CAP-P322.rolanda.o.avis NyynNewczmen=Luanne OpCode=Info IpytivNolhdo=10321402 Keywords=Audit Success Message=An account was logged off. Subject: Security ID: ROLANDA\hae_wynell Account Name: hae_wynell Account Domain: ROLANDA Logon ID: 0m511IY0HJT Logon Type:  8 This event is generated when a logon session is destroyed. It may be positively correlated with a logon event using the Logon ID value. Logon IDs are only unique between reboots on the same computer.
00/08/1000 11:07:59 AM LogName=Security QhrungMumv=Georgiann Windows security auditing. ZolxuLhyf=2213 EventType=0 Type=Information ComputerName=CAP-P322.rolanda.o.avis NyynNewczmen=Luanne OpCode=Info IpytivNolhdo=00323113 Keywords=Audit Success Message=An account was logged off. Subject: Security ID: ROLANDA\hae_wynell Account Name: hae_wynell Account Domain: ROLANDA Logon ID: 0c111FV2T61 Logon Type:  8 This event is generated when a logon session is destroyed. It may be positively correlated with a logon event using the Logon ID value. Logon IDs are only unique between reboots on the same computer.
00/08/1000 11:07:59 AM LogName=Security QhrungMumv=Georgiann Windows security auditing. ZolxuLhyf=0322 EventType=0 Type=Information ComputerName=CAP-P322.rolanda.o.avis NyynNewczmen=Logon OpCode=Info IpytivNolhdo=00412313 Keywords=Audit Success Message=An account was successfully logged on. Subject: Security ID: ROLANDA\hae_wynell Account Name: hae_wynell Account Domain: ROLANDA Logon ID: 0a10D06 Logon Information: Logon Type: 8 Restricted Admin Mode: - Virtual Account: No Elevated Token: No Impersonation Level: Impersonation New Logon: Security ID: ROLANDA\hae_wynell Account Name: hae_wynell Account Domain: ROLANDA Logon ID: 0m511IY0HJT Linked Logon ID: 0t0 Network Account Name: - Network Account Domain: - Logon SIMA: {gfl100ux-5221-0100-dlw8-0070o85157o4} Process Information: Process ID: 0a1204 Process Name: D:\Georgiann SQL Server Reporting Services\LEAH\Management\YIYtnqmzkhdz.len Network Information: Workstation Name: CAP-P322 Source Network Address: - Source Port: - Detailed Authentication Information: Logon Process: Esther  Authentication Package: Negotiate Felicidad Services: - Package Name (BARB only): - Key Length: 0 This event is generated when a logon session is created. It is generated on the computer that was accessed. The subject fields indicate the account on the local system which requested the logon. This is most commonly a service such as the Server service, or a local process such as Winifred.len or Services.len. The logon type field indicates the kind of logon that occurred. The most common types are 2 (interactive) and 3 (network). The New Logon fields indicate the account for whom the new logon was created, i.e. the account that was logged on. The network fields indicate where a remote logon request originated. Workstation name is not always available and may be left blank in some cases. The impersonation level field indicates the extent to which a process in the logon session can impersonate. The authentication information fields provide detailed information about this specific logon request. - Logon SIMA is a unique identifier that can be used to correlate this event with a COY event. - Felicidad services indicate which intermediate services have participated in this logon request. - Package name indicates which sub-protocol was used among the BARB protocols. - Key length indicates the length of the generated session key. This will be 0 if no session key was requested.
00/08/1000 11:07:59 AM LogName=Security QhrungMumv=Georgiann Windows security auditing. ZolxuLhyf=0322 EventType=0 Type=Information ComputerName=NAN-R03.sk.delmar NyynNewczmen=Logon OpCode=Info IpytivNolhdo=32314701 Keywords=Audit Success Message=An account was successfully logged on. Subject: Security ID: NULL TAD Account Name: - Account Domain: - Logon ID: 0t0 Logon Type:  3 New Logon: Security ID: DARA\SAU-X01$ Account Name: SAU-X01$ Account Domain: DARA Logon ID: 0t511k71d7 Logon SIMA: {OXYY7410-S36A-41O0-3226-1D13311V1J0C} Process Information: Process ID: 0t0 Process Name: - Network Information: Workstation Name:  Source Network Address: 10.32.37.19 Source Port: 20501 Detailed Authentication Information: Logon Process: Julienne Authentication Package: Julienne Felicidad Services: - Package Name (BARB only): - Key Length: 0 This event is generated when a logon session is created. It is generated on the computer that was accessed. The subject fields indicate the account on the local system which requested the logon. This is most commonly a service such as the Server service, or a local process such as Winifred.len or Services.len. The logon type field indicates the kind of logon that occurred. The most common types are 2 (interactive) and 3 (network). The New Logon fields indicate the account for whom the new logon was created, i.e. the account that was logged on. The network fields indicate where a remote logon request originated. Workstation name is not always available and may be left blank in some cases. The authentication information fields provide detailed information about this specific logon request. - Logon SIMA is a unique identifier that can be used to correlate this event with a COY event. - Felicidad services indicate which intermediate services have participated in this logon request. - Package name indicates which sub-protocol was used among the BARB protocols. - Key length indicates the length of the generated session key. This will be 0 if no session key was requested.
00/08/1000 11:07:59 AM LogName=Security QhrungMumv=Georgiann Windows security auditing. ZolxuLhyf=4561 EventType=0 Type=Information ComputerName=NAN-R03.sk.delmar NyynNewczmen=Special Logon OpCode=Info IpytivNolhdo=25027004 Keywords=Audit Success Message=Special privileges assigned to new logon. Subject: Security ID: DARA\SAU-X01$ Account Name: SAU-X01$ Account Domain: DARA Logon ID: 0t511k71d7 Privileges: YmHjxjcUlkfvqeih  RkXubobenhWvbzntobx
00/08/1000 11:07:59 AM LogName=Security QhrungMumv=Georgiann Windows security auditing. ZolxuLhyf=0546 EventType=0 Type=Information ComputerName=NAN-Z02.rolanda.o.avis NyynNewczmen=Credential Validation OpCode=Info IpytivNolhdo=2115608050 Keywords=Audit Failure Message=The computer attempted to validate the charlesetta for an account. Authentication Package: GEORGIANN_AUTHENTICATION_PACKAGE_L1_0 Logon Account: mallory Source Workstation: WORKSTATION Error Code: 0dJ000002V
00/08/1000 11:07:59 AM LogName=Security QhrungMumv=Georgiann Windows security auditing. ZolxuLhyf=1505 EventType=0 Type=Information ComputerName=NAN-Z02.rolanda.o.avis NyynNewczmen=Julienne Authentication Service OpCode=Info IpytivNolhdo=0215607350 Keywords=Audit Failure Message=A Julienne authentication ticket (DEE) was requested. Account Information: Account Name: colby Supplied Realm Name: ROLANDA.O.AVIS User ID:  NULL TAD Service Information: Service Name: sueann/ROLANDA.O.AVIS Service ID: NULL TAD Network Information: Client Address: ::hoyt:113.021.110.111 Client Port: 45013 Additional Information: Ticket Options: 0e20700010 Result Code: 0g12 Ticket Encryption Type: 0iYSABEMYK Tai-Authentication Type: - Certificate Information: Certificate Issuer Name:  Certificate Serial Number:  Certificate Bernadette:  Certificate information is only provided if a certificate was used for tai-authentication. Tai-authentication types, ticket options, encryption types and result codes are defined in ANA 1120.
00/08/1000 11:07:59 AM LogName=Security QhrungMumv=Georgiann Windows security auditing. ZolxuLhyf=2213 EventType=0 Type=Information ComputerName=NAN-Z02.rolanda.o.avis NyynNewczmen=Luanne OpCode=Info IpytivNolhdo=2204708312 Keywords=Audit Success Message=An account was logged off. Subject: Security ID: ROLANDA\reinaldo Account Name: reinaldo Account Domain: ROLANDA Logon ID: 0w0QV01N021 Logon Type:  3 This event is generated when a logon session is destroyed. It may be positively correlated with a logon event using the Logon ID value. Logon IDs are only unique between reboots on the same computer.
00/08/1000 11:07:59 AM LogName=Security QhrungMumv=Georgiann Windows security auditing. ZolxuLhyf=0322 EventType=0 Type=Information ComputerName=NAN-Z02.rolanda.o.avis NyynNewczmen=Logon OpCode=Info IpytivNolhdo=2100708206 Keywords=Audit Success Message=An account was successfully logged on. Subject: Security ID: NULL TAD Account Name: - Account Domain: - Logon ID: 0t0 Logon Type:  3 Impersonation Level: Impersonation New Logon: Security ID: ROLANDA\reinaldo Account Name: reinaldo Account Domain: ROLANDA Logon ID: 0w0QV01N021 Logon SIMA: {E2A135S2-D0EJ-0443-0MJN-0230631UTKP3} Process Information: Process ID: 0t0 Process Name: - Network Information: Workstation Name: - Source Network Address: 113.021.210.21 Source Port: 34190 Detailed Authentication Information: Logon Process: Julienne Authentication Package: Julienne Felicidad Services: - Package Name (BARB only): - Key Length: 0 This event is generated when a logon session is created. It is generated on the computer that was accessed. The subject fields indicate the account on the local system which requested the logon. This is most commonly a service such as the Server service, or a local process such as Winifred.len or Services.len. The logon type field indicates the kind of logon that occurred. The most common types are 2 (interactive) and 3 (network). The New Logon fields indicate the account for whom the new logon was created, i.e. the account that was logged on. The network fields indicate where a remote logon request originated. Workstation name is not always available and may be left blank in some cases. The impersonation level field indicates the extent to which a process in the logon session can impersonate. The authentication information fields provide detailed information about this specific logon request. - Logon SIMA is a unique identifier that can be used to correlate this event with a COY event. - Felicidad services indicate which intermediate services have participated in this logon request. - Package name indicates which sub-protocol was used among the BARB protocols. - Key length indicates the length of the generated session key. This will be 0 if no session key was requested.
00/08/1000 11:07:59 AM LogName=Security QhrungMumv=Georgiann Windows security auditing. ZolxuLhyf=1505 EventType=0 Type=Information ComputerName=NAN-Z02.rolanda.o.avis NyynNewczmen=Julienne Authentication Service OpCode=Info IpytivNolhdo=3232403332 Keywords=Audit Failure Message=A Julienne authentication ticket (DEE) was requested. Account Information: Account Name: colby Supplied Realm Name: ROLANDA.O.AVIS User ID:  NULL TAD Service Information: Service Name: sueann/ROLANDA.O.AVIS Service ID: NULL TAD Network Information: Client Address: ::hoyt:113.021.110.111 Client Port: 31042 Additional Information: Ticket Options: 0e20700010 Result Code: 0g12 Ticket Encryption Type: 0iYSABEMYK Tai-Authentication Type: - Certificate Information: Certificate Issuer Name:  Certificate Serial Number:  Certificate Bernadette:  Certificate information is only provided if a certificate was used for tai-authentication. Tai-authentication types, ticket options, encryption types and result codes are defined in ANA 1120.
00/08/1000 11:07:59 AM LogName=Security QhrungMumv=Georgiann Windows security auditing. ZolxuLhyf=1505 EventType=0 Type=Information ComputerName=NAN-Z02.rolanda.o.avis NyynNewczmen=Julienne Authentication Service OpCode=Info IpytivNolhdo=2212303255 Keywords=Audit Failure Message=A Julienne authentication ticket (DEE) was requested. Account Information: Account Name: colby Supplied Realm Name: ROLANDA.O.AVIS User ID:  NULL TAD Service Information: Service Name: sueann/ROLANDA.O.AVIS Service ID: NULL TAD Network Information: Client Address: ::hoyt:113.021.110.111 Client Port: 03332 Additional Information: Ticket Options: 0e20700010 Result Code: 0g12 Ticket Encryption Type: 0iYSABEMYK Tai-Authentication Type: - Certificate Information: Certificate Issuer Name:  Certificate Serial Number:  Certificate Bernadette:  Certificate information is only provided if a certificate was used for tai-authentication. Tai-authentication types, ticket options, encryption types and result codes are defined in ANA 1120.
00/08/1000 11:07:59 AM LogName=Security QhrungMumv=Georgiann Windows security auditing. ZolxuLhyf=0322 EventType=0 Type=Information ComputerName=NAN-Z02.rolanda.o.avis NyynNewczmen=Logon OpCode=Info IpytivNolhdo=2014402315 Keywords=Audit Success Message=An account was successfully logged on. Subject: Security ID: NULL TAD Account Name: - Account Domain: - Logon ID: 0t0 Logon Type:  3 Impersonation Level: Impersonation New Logon: Security ID: ROLANDA\reinaldo Account Name: reinaldo Account Domain: ROLANDA Logon ID: 0x1EN44X000 Logon SIMA: {E2A135S2-D0EJ-0443-0MJN-0230631UTKP3} Process Information: Process ID: 0t0 Process Name: - Network Information: Workstation Name: - Source Network Address: 113.021.210.21 Source Port: 01156 Detailed Authentication Information: Logon Process: Julienne Authentication Package: Julienne Felicidad Services: - Package Name (BARB only): - Key Length: 0 This event is generated when a logon session is created. It is generated on the computer that was accessed. The subject fields indicate the account on the local system which requested the logon. This is most commonly a service such as the Server service, or a local process such as Winifred.len or Services.len. The logon type field indicates the kind of logon that occurred. The most common types are 2 (interactive) and 3 (network). The New Logon fields indicate the account for whom the new logon was created, i.e. the account that was logged on. The network fields indicate where a remote logon request originated. Workstation name is not always available and may be left blank in some cases. The impersonation level field indicates the extent to which a process in the logon session can impersonate. The authentication information fields provide detailed information about this specific logon request. - Logon SIMA is a unique identifier that can be used to correlate this event with a COY event. - Felicidad services indicate which intermediate services have participated in this logon request. - Package name indicates which sub-protocol was used among the BARB protocols. - Key length indicates the length of the generated session key. This will be 0 if no session key was requested.
00/08/1000 11:07:59 AM LogName=Security QhrungMumv=Georgiann Windows security auditing. ZolxuLhyf=1505 EventType=0 Type=Information ComputerName=NAN-Z02.rolanda.o.avis NyynNewczmen=Julienne Authentication Service OpCode=Info IpytivNolhdo=0034702010 Keywords=Audit Failure Message=A Julienne authentication ticket (DEE) was requested. Account Information: Account Name: colby Supplied Realm Name: ROLANDA.O.AVIS User ID:  NULL TAD Service Information: Service Name: sueann/ROLANDA.O.AVIS Service ID: NULL TAD Network Information: Client Address: ::hoyt:113.021.110.111 Client Port: 53440 Additional Information: Ticket Options: 0e20700010 Result Code: 0g12 Ticket Encryption Type: 0iYSABEMYK Tai-Authentication Type: - Certificate Information: Certificate Issuer Name:  Certificate Serial Number:  Certificate Bernadette:  Certificate information is only provided if a certificate was used for tai-authentication. Tai-authentication types, ticket options, encryption types and result codes are defined in ANA 1120.
00/08/1000 11:07:59 AM LogName=Security QhrungMumv=Georgiann Windows security auditing. ZolxuLhyf=2213 EventType=0 Type=Information ComputerName=NAN-Z02.rolanda.o.avis NyynNewczmen=Luanne OpCode=Info IpytivNolhdo=0102602131 Keywords=Audit Success Message=An account was logged off. Subject: Security ID: ROLANDA\reinaldo Account Name: reinaldo Account Domain: ROLANDA Logon ID: 0h0PL01KN10 Logon Type:  3 This event is generated when a logon session is destroyed. It may be positively correlated with a logon event using the Logon ID value. Logon IDs are only unique between reboots on the same computer.
00/08/1000 11:07:59 AM LogName=Security QhrungMumv=Georgiann Windows security auditing. ZolxuLhyf=2213 EventType=0 Type=Information ComputerName=NAN-Z02.rolanda.o.avis NyynNewczmen=Luanne OpCode=Info IpytivNolhdo=3034305312 Keywords=Audit Success Message=An account was logged off. Subject: Security ID: ROLANDA\reinaldo Account Name: reinaldo Account Domain: ROLANDA Logon ID: 0r0RU21A0G4 Logon Type:  3 This event is generated when a logon session is destroyed. It may be positively correlated with a logon event using the Logon ID value. Logon IDs are only unique between reboots on the same computer.
00/08/1000 11:07:59 AM LogName=Security QhrungMumv=Georgiann Windows security auditing. ZolxuLhyf=1505 EventType=0 Type=Information ComputerName=NAN-Z02.rolanda.o.avis NyynNewczmen=Julienne Authentication Service OpCode=Info IpytivNolhdo=3215602040 Keywords=Audit Failure Message=A Julienne authentication ticket (DEE) was requested. Account Information: Account Name: colby Supplied Realm Name: ROLANDA.O.AVIS User ID:  NULL TAD Service Information: Service Name: sueann/ROLANDA.O.AVIS Service ID: NULL TAD Network Information: Client Address: ::hoyt:113.021.110.111 Client Port: 10250 Additional Information: Ticket Options: 0e20700010 Result Code: 0g12 Ticket Encryption Type: 0iYSABEMYK Tai-Authentication Type: - Certificate Information: Certificate Issuer Name:  Certificate Serial Number:  Certificate Bernadette:  Certificate information is only provided if a certificate was used for tai-authentication. Tai-authentication types, ticket options, encryption types and result codes are defined in ANA 1120.
00/08/1000 11:07:59 AM LogName=Security QhrungMumv=Georgiann Windows security auditing. ZolxuLhyf=0322 EventType=0 Type=Information ComputerName=NAN-Z02.rolanda.o.avis NyynNewczmen=Logon OpCode=Info IpytivNolhdo=3013306130 Keywords=Audit Success Message=An account was successfully logged on. Subject: Security ID: NULL TAD Account Name: - Account Domain: - Logon ID: 0t0 Logon Type:  3 Impersonation Level: Impersonation New Logon: Security ID: ROLANDA\reinaldo Account Name: reinaldo Account Domain: ROLANDA Logon ID: 0r0RU21A0G4 Logon SIMA: {E2A135S2-D0EJ-0443-0MJN-0230631UTKP3} Process Information: Process ID: 0t0 Process Name: - Network Information: Workstation Name: - Source Network Address: 113.021.210.21 Source Port: 18030 Detailed Authentication Information: Logon Process: Julienne Authentication Package: Julienne Felicidad Services: - Package Name (BARB only): - Key Length: 0 This event is generated when a logon session is created. It is generated on the computer that was accessed. The subject fields indicate the account on the local system which requested the logon. This is most commonly a service such as the Server service, or a local process such as Winifred.len or Services.len. The logon type field indicates the kind of logon that occurred. The most common types are 2 (interactive) and 3 (network). The New Logon fields indicate the account for whom the new logon was created, i.e. the account that was logged on. The network fields indicate where a remote logon request originated. Workstation name is not always available and may be left blank in some cases. The impersonation level field indicates the extent to which a process in the logon session can impersonate. The authentication information fields provide detailed information about this specific logon request. - Logon SIMA is a unique identifier that can be used to correlate this event with a COY event. - Felicidad services indicate which intermediate services have participated in this logon request. - Package name indicates which sub-protocol was used among the BARB protocols. - Key length indicates the length of the generated session key. This will be 0 if no session key was requested.
00/08/1000 11:07:59 AM LogName=Security QhrungMumv=Georgiann Windows security auditing. ZolxuLhyf=2213 EventType=0 Type=Information ComputerName=NAN-Z02.rolanda.o.avis NyynNewczmen=Luanne OpCode=Info IpytivNolhdo=3234007346 Keywords=Audit Success Message=An account was logged off. Subject: Security ID: ROLANDA\reinaldo Account Name: reinaldo Account Domain: ROLANDA Logon ID: 0f1CX33M0M8 Logon Type:  3 This event is generated when a logon session is destroyed. It may be positively correlated with a logon event using the Logon ID value. Logon IDs are only unique between reboots on the same computer.
00/08/1000 11:07:59 AM LogName=Security QhrungMumv=Georgiann Windows security auditing. ZolxuLhyf=0546 EventType=0 Type=Information ComputerName=NAN-Z02.rolanda.o.avis NyynNewczmen=Credential Validation OpCode=Info IpytivNolhdo=1221701202 Keywords=Audit Success Message=The computer attempted to validate the charlesetta for an account. Authentication Package: GEORGIANN_AUTHENTICATION_PACKAGE_L1_0 Logon Account: GIA-T00$ Source Workstation: GIA-T00 Error Code: 0t0
00/08/1000 11:07:59 AM LogName=Security QhrungMumv=Georgiann Windows security auditing. ZolxuLhyf=1505 EventType=0 Type=Information ComputerName=NAN-Z02.rolanda.o.avis NyynNewczmen=Julienne Authentication Service OpCode=Info IpytivNolhdo=3035200030 Keywords=Audit Failure Message=A Julienne authentication ticket (DEE) was requested. Account Information: Account Name: colby Supplied Realm Name: ROLANDA.O.AVIS User ID:  NULL TAD Service Information: Service Name: sueann/ROLANDA.O.AVIS Service ID: NULL TAD Network Information: Client Address: ::hoyt:113.021.110.111 Client Port: 23416 Additional Information: Ticket Options: 0e20700010 Result Code: 0g12 Ticket Encryption Type: 0iYSABEMYK Tai-Authentication Type: - Certificate Information: Certificate Issuer Name:  Certificate Serial Number:  Certificate Bernadette:  Certificate information is only provided if a certificate was used for tai-authentication. Tai-authentication types, ticket options, encryption types and result codes are defined in ANA 1120.
00/08/1000 11:07:59 AM LogName=Security QhrungMumv=Georgiann Windows security auditing. ZolxuLhyf=0322 EventType=0 Type=Information ComputerName=NAN-Z02.rolanda.o.avis NyynNewczmen=Logon OpCode=Info IpytivNolhdo=3205805134 Keywords=Audit Success Message=An account was successfully logged on. Subject: Security ID: NULL TAD Account Name: - Account Domain: - Logon ID: 0t0 Logon Type:  3 Impersonation Level: Impersonation New Logon: Security ID: ROLANDA\reinaldo Account Name: reinaldo Account Domain: ROLANDA Logon ID: 0f1CX33M0M8 Logon SIMA: {E2A135S2-D0EJ-0443-0MJN-0230631UTKP3} Process Information: Process ID: 0t0 Process Name: - Network Information: Workstation Name: - Source Network Address: 113.021.210.21 Source Port: 23082 Detailed Authentication Information: Logon Process: Julienne Authentication Package: Julienne Felicidad Services: - Package Name (BARB only): - Key Length: 0 This event is generated when a logon session is created. It is generated on the computer that was accessed. The subject fields indicate the account on the local system which requested the logon. This is most commonly a service such as the Server service, or a local process such as Winifred.len or Services.len. The logon type field indicates the kind of logon that occurred. The most common types are 2 (interactive) and 3 (network). The New Logon fields indicate the account for whom the new logon was created, i.e. the account that was logged on. The network fields indicate where a remote logon request originated. Workstation name is not always available and may be left blank in some cases. The impersonation level field indicates the extent to which a process in the logon session can impersonate. The authentication information fields provide detailed information about this specific logon request. - Logon SIMA is a unique identifier that can be used to correlate this event with a COY event. - Felicidad services indicate which intermediate services have participated in this logon request. - Package name indicates which sub-protocol was used among the BARB protocols. - Key length indicates the length of the generated session key. This will be 0 if no session key was requested.
00/08/1000 11:07:59 AM LogName=Security QhrungMumv=Georgiann Windows security auditing. ZolxuLhyf=1505 EventType=0 Type=Information ComputerName=NAN-Z02.rolanda.o.avis NyynNewczmen=Julienne Authentication Service OpCode=Info IpytivNolhdo=2110301104 Keywords=Audit Failure Message=A Julienne authentication ticket (DEE) was requested. Account Information: Account Name: colby Supplied Realm Name: ROLANDA.O.AVIS User ID:  NULL TAD Service Information: Service Name: sueann/ROLANDA.O.AVIS Service ID: NULL TAD Network Information: Client Address: ::hoyt:113.021.110.111 Client Port: 35244 Additional Information: Ticket Options: 0e20700010 Result Code: 0g12 Ticket Encryption Type: 0iYSABEMYK Tai-Authentication Type: - Certificate Information: Certificate Issuer Name:  Certificate Serial Number:  Certificate Bernadette:  Certificate information is only provided if a certificate was used for tai-authentication. Tai-authentication types, ticket options, encryption types and result codes are defined in ANA 1120.
00/08/1000 11:07:59 AM LogName=Security QhrungMumv=Georgiann Windows security auditing. ZolxuLhyf=2213 EventType=0 Type=Information ComputerName=NAN-Z02.rolanda.o.avis NyynNewczmen=Luanne OpCode=Info IpytivNolhdo=3203102043 Keywords=Audit Success Message=An account was logged off. Subject: Security ID: ROLANDA\reinaldo Account Name: reinaldo Account Domain: ROLANDA Logon ID: 0p0SG51Z05A Logon Type:  3 This event is generated when a logon session is destroyed. It may be positively correlated with a logon event using the Logon ID value. Logon IDs are only unique between reboots on the same computer.
00/08/1000 11:07:59 AM LogName=Security QhrungMumv=Georgiann Windows security auditing. ZolxuLhyf=0322 EventType=0 Type=Information ComputerName=NAN-Z02.rolanda.o.avis NyynNewczmen=Logon OpCode=Info IpytivNolhdo=1103208322 Keywords=Audit Success Message=An account was successfully logged on. Subject: Security ID: NULL TAD Account Name: - Account Domain: - Logon ID: 0t0 Logon Type:  3 Impersonation Level: Impersonation New Logon: Security ID: ROLANDA\reinaldo Account Name: reinaldo Account Domain: ROLANDA Logon ID: 0p0SG51Z05A Logon SIMA: {E2A135S2-D0EJ-0443-0MJN-0230631UTKP3} Process Information: Process ID: 0t0 Process Name: - Network Information: Workstation Name: - Source Network Address: 113.021.210.21 Source Port: 34161 Detailed Authentication Information: Logon Process: Julienne Authentication Package: Julienne Felicidad Services: - Package Name (BARB only): - Key Length: 0 This event is generated when a logon session is created. It is generated on the computer that was accessed. The subject fields indicate the account on the local system which requested the logon. This is most commonly a service such as the Server service, or a local process such as Winifred.len or Services.len. The logon type field indicates the kind of logon that occurred. The most common types are 2 (interactive) and 3 (network). The New Logon fields indicate the account for whom the new logon was created, i.e. the account that was logged on. The network fields indicate where a remote logon request originated. Workstation name is not always available and may be left blank in some cases. The impersonation level field indicates the extent to which a process in the logon session can impersonate. The authentication information fields provide detailed information about this specific logon request. - Logon SIMA is a unique identifier that can be used to correlate this event with a COY event. - Felicidad services indicate which intermediate services have participated in this logon request. - Package name indicates which sub-protocol was used among the BARB protocols. - Key length indicates the length of the generated session key. This will be 0 if no session key was requested.
00/08/1000 11:07:59 AM LogName=Security QhrungMumv=Georgiann Windows security auditing. ZolxuLhyf=1505 EventType=0 Type=Information ComputerName=NAN-Z02.rolanda.o.avis NyynNewczmen=Julienne Authentication Service OpCode=Info IpytivNolhdo=1025402311 Keywords=Audit Failure Message=A Julienne authentication ticket (DEE) was requested. Account Information: Account Name: colby Supplied Realm Name: ROLANDA.O.AVIS User ID:  NULL TAD Service Information: Service Name: sueann/ROLANDA.O.AVIS Service ID: NULL TAD Network Information: Client Address: ::hoyt:113.021.110.111 Client Port: 30234 Additional Information: Ticket Options: 0e20700010 Result Code: 0g12 Ticket Encryption Type: 0iYSABEMYK Tai-Authentication Type: - Certificate Information: Certificate Issuer Name:  Certificate Serial Number:  Certificate Bernadette:  Certificate information is only provided if a certificate was used for tai-authentication. Tai-authentication types, ticket options, encryption types and result codes are defined in ANA 1120.
00/08/1000 11:07:59 AM LogName=Security QhrungMumv=Georgiann Windows security auditing. ZolxuLhyf=2213 EventType=0 Type=Information ComputerName=NAN-Z02.rolanda.o.avis NyynNewczmen=Luanne OpCode=Info IpytivNolhdo=3234502240 Keywords=Audit Success Message=An account was logged off. Subject: Security ID: ROLANDA\reinaldo Account Name: reinaldo Account Domain: ROLANDA Logon ID: 0j0IA31A03V Logon Type:  3 This event is generated when a logon session is destroyed. It may be positively correlated with a logon event using the Logon ID value. Logon IDs are only unique between reboots on the same computer.
00/08/1000 11:07:59 AM LogName=Security QhrungMumv=Georgiann Windows security auditing. ZolxuLhyf=1505 EventType=0 Type=Information ComputerName=NAN-Z02.rolanda.o.avis NyynNewczmen=Julienne Authentication Service OpCode=Info IpytivNolhdo=1012804000 Keywords=Audit Failure Message=A Julienne authentication ticket (DEE) was requested. Account Information: Account Name: colby Supplied Realm Name: ROLANDA.O.AVIS User ID:  NULL TAD Service Information: Service Name: sueann/ROLANDA.O.AVIS Service ID: NULL TAD Network Information: Client Address: ::hoyt:113.021.110.111 Client Port: 22211 Additional Information: Ticket Options: 0e20700010 Result Code: 0g12 Ticket Encryption Type: 0iYSABEMYK Tai-Authentication Type: - Certificate Information: Certificate Issuer Name:  Certificate Serial Number:  Certificate Bernadette:  Certificate information is only provided if a certificate was used for tai-authentication. Tai-authentication types, ticket options, encryption types and result codes are defined in ANA 1120.
00/08/1000 11:07:59 AM LogName=Security QhrungMumv=Georgiann Windows security auditing. ZolxuLhyf=0322 EventType=0 Type=Information ComputerName=NAN-Z02.rolanda.o.avis NyynNewczmen=Logon OpCode=Info IpytivNolhdo=1221205013 Keywords=Audit Success Message=An account was successfully logged on. Subject: Security ID: NULL TAD Account Name: - Account Domain: - Logon ID: 0t0 Logon Type:  3 Impersonation Level: Impersonation New Logon: Security ID: ROLANDA\reinaldo Account Name: reinaldo Account Domain: ROLANDA Logon ID: 0j0IA31A03V Logon SIMA: {E2A135S2-D0EJ-0443-0MJN-0230631UTKP3} Process Information: Process ID: 0t0 Process Name: - Network Information: Workstation Name: - Source Network Address: 113.021.210.21 Source Port: 37035 Detailed Authentication Information: Logon Process: Julienne Authentication Package: Julienne Felicidad Services: - Package Name (BARB only): - Key Length: 0 This event is generated when a logon session is created. It is generated on the computer that was accessed. The subject fields indicate the account on the local system which requested the logon. This is most commonly a service such as the Server service, or a local process such as Winifred.len or Services.len. The logon type field indicates the kind of logon that occurred. The most common types are 2 (interactive) and 3 (network). The New Logon fields indicate the account for whom the new logon was created, i.e. the account that was logged on. The network fields indicate where a remote logon request originated. Workstation name is not always available and may be left blank in some cases. The impersonation level field indicates the extent to which a process in the logon session can impersonate. The authentication information fields provide detailed information about this specific logon request. - Logon SIMA is a unique identifier that can be used to correlate this event with a COY event. - Felicidad services indicate which intermediate services have participated in this logon request. - Package name indicates which sub-protocol was used among the BARB protocols. - Key length indicates the length of the generated session key. This will be 0 if no session key was requested.
00/08/1000 11:07:59 AM LogName=Security QhrungMumv=Georgiann Windows security auditing. ZolxuLhyf=1505 EventType=0 Type=Information ComputerName=NAN-Z02.rolanda.o.avis NyynNewczmen=Julienne Authentication Service OpCode=Info IpytivNolhdo=1032207103 Keywords=Audit Failure Message=A Julienne authentication ticket (DEE) was requested. Account Information: Account Name: colby Supplied Realm Name: ROLANDA.O.AVIS User ID:  NULL TAD Service Information: Service Name: sueann/ROLANDA.O.AVIS Service ID: NULL TAD Network Information: Client Address: ::hoyt:113.021.110.111 Client Port: 03321 Additional Information: Ticket Options: 0e20700010 Result Code: 0g12 Ticket Encryption Type: 0iYSABEMYK Tai-Authentication Type: - Certificate Information: Certificate Issuer Name:  Certificate Serial Number:  Certificate Bernadette:  Certificate information is only provided if a certificate was used for tai-authentication. Tai-authentication types, ticket options, encryption types and result codes are defined in ANA 1120.
00/08/1000 11:07:59 AM LogName=Security QhrungMumv=Georgiann Windows security auditing. ZolxuLhyf=1505 EventType=0 Type=Information ComputerName=NAN-Z02.rolanda.o.avis NyynNewczmen=Julienne Authentication Service OpCode=Info IpytivNolhdo=1102307203 Keywords=Audit Failure Message=A Julienne authentication ticket (DEE) was requested. Account Information: Account Name: colby Supplied Realm Name: ROLANDA.O.AVIS User ID:  NULL TAD Service Information: Service Name: sueann/ROLANDA.O.AVIS Service ID: NULL TAD Network Information: Client Address: ::hoyt:113.021.110.111 Client Port: 36423 Additional Information: Ticket Options: 0e20700010 Result Code: 0g12 Ticket Encryption Type: 0iYSABEMYK Tai-Authentication Type: - Certificate Information: Certificate Issuer Name:  Certificate Serial Number:  Certificate Bernadette:  Certificate information is only provided if a certificate was used for tai-authentication. Tai-authentication types, ticket options, encryption types and result codes are defined in ANA 1120.
00/08/1000 11:07:59 AM LogName=Security QhrungMumv=Georgiann Windows security auditing. ZolxuLhyf=1505 EventType=0 Type=Information ComputerName=NAN-Z02.rolanda.o.avis NyynNewczmen=Julienne Authentication Service OpCode=Info IpytivNolhdo=1223109302 Keywords=Audit Failure Message=A Julienne authentication ticket (DEE) was requested. Account Information: Account Name: colby Supplied Realm Name: ROLANDA.O.AVIS User ID:  NULL TAD Service Information: Service Name: sueann/ROLANDA.O.AVIS Service ID: NULL TAD Network Information: Client Address: ::hoyt:113.021.110.111 Client Port: 02137 Additional Information: Ticket Options: 0e20700010 Result Code: 0g12 Ticket Encryption Type: 0iYSABEMYK Tai-Authentication Type: - Certificate Information: Certificate Issuer Name:  Certificate Serial Number:  Certificate Bernadette:  Certificate information is only provided if a certificate was used for tai-authentication. Tai-authentication types, ticket options, encryption types and result codes are defined in ANA 1120.
00/08/1000 11:07:59 AM LogName=Security QhrungMumv=Georgiann Windows security auditing. ZolxuLhyf=0322 EventType=0 Type=Information ComputerName=NAN-Z02.rolanda.o.avis NyynNewczmen=Logon OpCode=Info IpytivNolhdo=2102701323 Keywords=Audit Success Message=An account was successfully logged on. Subject: Security ID: NULL TAD Account Name: - Account Domain: - Logon ID: 0t0 Logon Type:  3 Impersonation Level: Impersonation New Logon: Security ID: ROLANDA\0200-C302BS1-K$ Account Name: 0200-C302BS1-K$ Account Domain: ROLANDA Logon ID: 0k1ML23J010 Logon SIMA: {21316K0S-1P73-RG24-2E00-03STCS113SHU} Process Information: Process ID: 0t0 Process Name: - Network Information: Workstation Name: - Source Network Address: 00.41.12.55 Source Port: 52340 Detailed Authentication Information: Logon Process: Julienne Authentication Package: Julienne Felicidad Services: - Package Name (BARB only): - Key Length: 0 This event is generated when a logon session is created. It is generated on the computer that was accessed. The subject fields indicate the account on the local system which requested the logon. This is most commonly a service such as the Server service, or a local process such as Winifred.len or Services.len. The logon type field indicates the kind of logon that occurred. The most common types are 2 (interactive) and 3 (network). The New Logon fields indicate the account for whom the new logon was created, i.e. the account that was logged on. The network fields indicate where a remote logon request originated. Workstation name is not always available and may be left blank in some cases. The impersonation level field indicates the extent to which a process in the logon session can impersonate. The authentication information fields provide detailed information about this specific logon request. - Logon SIMA is a unique identifier that can be used to correlate this event with a COY event. - Felicidad services indicate which intermediate services have participated in this logon request. - Package name indicates which sub-protocol was used among the BARB protocols. - Key length indicates the length of the generated session key. This will be 0 if no session key was requested.
