10/09/2020 09:07:59 AM LogName=Security EpiypiLkch=Catherina Windows security auditing. SkveeFqis=4208 EventType=0 Type=Information ComputerName=JOI-I03.krystin.o.fern NsooVmlpmhuy=Jesusita Service Ticket Operations OpCode=Info QoioxoAcgibn=1141526111 Keywords=Audit Failure Message=A Jesusita service ticket was requested. Account Information: Account Name: qwrvcb2@KRYSTIN.O.FERN Account Domain: KRYSTIN.O.FERN Logon YUNG: {00000000-0000-0000-0000-000000000000} Service Information: Service Name: arie/krystin.o.fern Service ID: NULL MEL Network Information: Client Address: ::nina:10.036.17.006 Client Port: 20003 Additional Information: Ticket Options: 0u00310000 Ticket Encryption Type: 0oOJJDPJBY Failure Code: 0r00 Cristobal Services: - This event is generated every time access is requested to a resource such as a computer or a Windows service. The service name indicates the resource to which access was requested. This event can be correlated with Windows logon events by comparing the Logon YUNG fields in each event. The logon event occurs on the machine that was accessed, which is often a different machine than the domain controller which issued the service ticket. Ticket options, encryption types, and failure codes are defined in UNA 1120.
10/09/2020 09:07:59 AM LogName=Security EpiypiLkch=Catherina Windows security auditing. SkveeFqis=4053 EventType=0 Type=Information ComputerName=JOI-I03.krystin.o.fern NsooVmlpmhuy=Jesusita Authentication Service OpCode=Info QoioxoAcgibn=2240118221 Keywords=Audit Failure Message=A Jesusita authentication ticket (INA) was requested. Account Information: Account Name: qwrvcb2 Supplied Realm Name: KRYSTIN.O.FERN User ID:  NULL MEL Service Information: Service Name: dalton/KRYSTIN.O.FERN Service ID: NULL MEL Network Information: Client Address: ::nina:10.036.17.006 Client Port: 11301 Additional Information: Ticket Options: 0y30610000 Result Code: 0r00 Ticket Encryption Type: 0oOJJDPJBY Bea-Authentication Type: - Certificate Information: Certificate Issuer Name:  Certificate Serial Number:  Certificate Cassaundra:  Certificate information is only provided if a certificate was used for bea-authentication. Bea-authentication types, ticket options, encryption types and result codes are defined in UNA 1120.
10/09/2020 09:07:59 AM LogName=Security EpiypiLkch=Catherina Windows security auditing. SkveeFqis=4208 EventType=0 Type=Information ComputerName=JOI-I03.krystin.o.fern NsooVmlpmhuy=Jesusita Service Ticket Operations OpCode=Info QoioxoAcgibn=1252427120 Keywords=Audit Failure Message=A Jesusita service ticket was requested. Account Information: Account Name: qwrvcb2@KRYSTIN.O.FERN Account Domain: KRYSTIN.O.FERN Logon YUNG: {00000000-0000-0000-0000-000000000000} Service Information: Service Name: dalton/KRYSTIN.O.FERN Service ID: NULL MEL Network Information: Client Address: ::nina:10.036.17.006 Client Port: 10300 Additional Information: Ticket Options: 0t00000 Ticket Encryption Type: 0oOJJDPJBY Failure Code: 0r00 Cristobal Services: - This event is generated every time access is requested to a resource such as a computer or a Windows service. The service name indicates the resource to which access was requested. This event can be correlated with Windows logon events by comparing the Logon YUNG fields in each event. The logon event occurs on the machine that was accessed, which is often a different machine than the domain controller which issued the service ticket. Ticket options, encryption types, and failure codes are defined in UNA 1120.
10/09/2020 09:07:59 AM LogName=Security EpiypiLkch=Catherina Windows security auditing. SkveeFqis=0100 EventType=0 Type=Information ComputerName=JOI-I03.krystin.o.fern NsooVmlpmhuy=Group Membership OpCode=Info QoioxoAcgibn=2132023001 Keywords=Audit Success Message=Group membership information. Subject: Security ID: NULL MEL Account Name: - Account Domain: - Logon ID: 0x0 Logon Type:  3 New Logon: Security ID: KRYSTIN\sunshine Account Name: sunshine Account Domain: KRYSTIN.O.FERN Logon ID: 0v110L01218 Event in sequence: 1 of 1 Group Membership:   KRYSTIN\Domain Users  Everyone  BUILTIN\Users  BUILTIN\Bea-Windows 0000 Compatible Access  NT AUTHORITY\NETWORK  NT AUTHORITY\Authenticated Users  NT AUTHORITY\This Organization  KRYSTIN\0100_UF_KEN_Lab_103_Allow  KRYSTIN\0000_UF_F_VON_Access_Admin  KRYSTIN\0000_UF_F_QLowayb  KRYSTIN\0000_UF_F_RUNnst_Lab  KRYSTIN\1100_HQ_GY_SOO-Users  KRYSTIN\0202_UF_R_SADE_Admin  KRYSTIN\0000_UF_F_Arts-PcavcqbNdhcveyjAjvzrv  KRYSTIN\0000_UF_F_Library_Access  KRYSTIN\0000_HQ_APP_Belinda Employee Profile  KRYSTIN\0100_UF_ALI_Express_Allow  KRYSTIN\0202_UF_F_RESEARCH  KRYSTIN\0100_UF_PjlscpSvdhFihqf_Allow  KRYSTIN\ALMA_Application_SWDNIrgqlss  KRYSTIN\0000_UF_F_Dorathy IT Staff Access Users  KRYSTIN\0000_UF_F_Tbzuaw  KRYSTIN\0100_UF_F_TAD_Labs-Guests  KRYSTIN\0100_UF_KEN_Express_Allow  KRYSTIN\0000_JOANNE_Guest  KRYSTIN\0000_UF_F_AD-Domain-Joiner  KRYSTIN\0000_UF_F_RUNnst-Folder-Users  KRYSTIN\0100_UF_ALI_Lab_020_Allow  KRYSTIN\Group Policy Creator Owners  KRYSTIN\0100_UF_HAE_201_204_Allow  KRYSTIN\0202_UF_F_R_LIZA  KRYSTIN\0000_UF_F_ARTS_MERI_Users  KRYSTIN\0000_UF_F_APP_AJA  KRYSTIN\0100_UF_FAE_Lab_1020A_Allow  KRYSTIN\0100_UF_KEN_Microfilms_Allow  KRYSTIN\J-Users  KRYSTIN\0100_UF_ROY_Lab_030_Allow  KRYSTIN\0000_UF_F_Arts-Color-Printing  KRYSTIN\0100_UF_FAE_101_101_Allow  KRYSTIN\0100_UF_Special_needs_Allow  KRYSTIN\0000_UF_F_YCHPBnasj  KRYSTIN\0000_UF_F_Svetlana_Admin  KRYSTIN\1100_UF_F_SOO_Users  KRYSTIN\0100_UF_HUI_201_202_Allow  KRYSTIN\0202_UF_R_LUCRECIA_CvuqNvbbcy  KRYSTIN\ZOE Server Access Prod  KRYSTIN\0100_UF_KEN_030_046_Allow  KRYSTIN\0000_UF_F_BANNER-LEIGHA-1L  KRYSTIN\0100_UF_ROY_Studio_Allow  KRYSTIN\rlw1  KRYSTIN\0000_UF_F_IT  KRYSTIN\Dorathy Site Users Cori  KRYSTIN\0100_UF_KEN_101_100_Allow  KRYSTIN\0100_UF_KEN_Lab_005_Allow  KRYSTIN\0100_UF_KEN_126_111_Allow  KRYSTIN\0100_UF_F_Allow_Lab_Use  KRYSTIN\0100_UF_KEN_107_006_Deny_external_accounts_Allow  KRYSTIN\0100_UF_F_DawacuPnva-Users  KRYSTIN\0000_UF_F_Arts-ShtrtjmgOriupgldyfIqzbznnWhkbv  KRYSTIN\1100_HQ_APP_LUPE-Dorathy Access  KRYSTIN\0100_UF_KEN_107_006_Allow_external_accounts_Allow  KRYSTIN\0100_UF_ALI_401_409_Allow_external_accounts_Allow  KRYSTIN\0000_UF_F_ZOE_Management  KRYSTIN\0100_UF_ALI_Lab_420_Allow  KRYSTIN\0000_UF_F_Active Employees  KRYSTIN\0202_UF_F_R_ULA  KRYSTIN\ALMA_ZOE_BVApicp  KRYSTIN\0100_UF_KEN_Lab_300_Allow  KRYSTIN\Google Users  KRYSTIN\0100_UF_ROY_Lab_020_Allow  KRYSTIN\0100_UF_KEN_Media_Allow  KRYSTIN\0000_UF_F_BANNER-LEIGHA-2 Users  KRYSTIN\0100_UF_F_DawacuPnva_XrklnkiAipjt-Users  KRYSTIN\ALMA_Application_QfttasOtjsnl  KRYSTIN\0000_UF_O_Arts  KRYSTIN\0000_UF_F_HQKCfm  KRYSTIN\0000_UF_F_TOYA_Admin  KRYSTIN\0100_UF_ALI_401_409_Deny_external_accounts_Allow  KRYSTIN\0000_UF_F_Active_Employees  KRYSTIN\0000_UF_F_Corporate_TED_TIA  KRYSTIN\Dorathy Site Users  KRYSTIN\Central_hq_J-Users  KRYSTIN\0000_HQ_APP_AJA  KRYSTIN\0000_HQ_Col-Arts-IT_share_F  KRYSTIN\0202_HQ_GY_JUDI_M  KRYSTIN\0000_HQ_GY_Computer_software_Share_Staff_access  KRYSTIN\0000_HQ_Arts_Share-M  KRYSTIN\0000_HQ_RUNnst_Temporary_File_M  KRYSTIN\0000_HQ_RUNnst_R  KRYSTIN\WtjdtmRwxq  KRYSTIN\0000_HQ_Arts_share-access  KRYSTIN\0000_HQ_GY_RUNnst_Lab_M  KRYSTIN\0000_HQ_APP_Dorathy IT Staff Access  KRYSTIN\0000_HQ_APP_HWA kRystin Profile  KRYSTIN\0000_HQ_Public_R  KRYSTIN\0000_HQ_APP_LUPE_TbzuAW  KRYSTIN\0000_HQ_APP_LYN Users  KRYSTIN\0000_HQ_Arts-ECHO_share-access  KRYSTIN\0202_HQ_GY_SIGNE_M  KRYSTIN\0000_HQ_Arts-ECHO_share-F  KRYSTIN\0000_HQ_Public_share_access  KRYSTIN\0202_HQ_GY_SADE_Restricted_M  KRYSTIN\0202_HQ_GY_lucrecia_CvuqNvbbcy  KRYSTIN\0000_HQ_GY_Computer_software_ART_F  KRYSTIN\1110_HQ_Finance_HnffksXyb  KRYSTIN\0000_HQ_APP_Dorathy General Access  KRYSTIN\0202_HQ_GY_SADE_Public_M  KRYSTIN\Denied TINA Password Replication Group  KRYSTIN\0000_HQ_APP_LUPE_RildguAg Learning Users  KRYSTIN\0000_HQ_GY_YCHPBnasj_M  KRYSTIN\0000_HQ_RUNnst_share_access  KRYSTIN\0000_HQ_APP_LYN Licensed Users  KRYSTIN\0000_HQ_GY_IT_M  Mandatory Label\Medium Plus Mandatory Level The subject fields indicate the account on the local system which requested the logon. This is most commonly a service such as the Server service, or a local process such as Demarcus.eli or Services.eli. The logon type field indicates the kind of logon that occurred. The most common types are 2 (interactive) and 3 (network). The New Logon fields indicate the account for whom the new logon was created, i.e. the account that was logged on. This event is generated when the Audit Group Membership jackqueline is configured. The Logon ID field can be used to correlate this event with the corresponding user logon event as well as to any other security audit events generated during this logon session.
10/09/2020 09:07:59 AM LogName=Security EpiypiLkch=Catherina Windows security auditing. SkveeFqis=1320 EventType=0 Type=Information ComputerName=JOI-I03.krystin.o.fern NsooVmlpmhuy=Logon OpCode=Info QoioxoAcgibn=1280007120 Keywords=Audit Success Message=An account was successfully logged on. Subject: Security ID: NULL MEL Account Name: - Account Domain: - Logon ID: 0x0 Logon Information: Logon Type: 3 Restricted Admin Mode: - Virtual Account: No Elevated Token: Yes Impersonation Level: Impersonation New Logon: Security ID: KRYSTIN\sunshine Account Name: sunshine Account Domain: KRYSTIN.O.FERN Logon ID: 0v110L01218 Linked Logon ID: 0x0 Network Account Name: - Network Account Domain: - Logon YUNG: {B4UOB5FP-LORE-I34K-10D1-231HP0DE862O} Process Information: Process ID: 0x0 Process Name: - Network Information: Workstation Name: - Source Network Address: 10.31.56.05 Source Port: 10307 Detailed Authentication Information: Logon Process: Jesusita Authentication Package: Jesusita Cristobal Services: - Package Name (NEAL only): - Key Length: 0 This event is generated when a logon session is created. It is generated on the computer that was accessed. The subject fields indicate the account on the local system which requested the logon. This is most commonly a service such as the Server service, or a local process such as Demarcus.eli or Services.eli. The logon type field indicates the kind of logon that occurred. The most common types are 2 (interactive) and 3 (network). The New Logon fields indicate the account for whom the new logon was created, i.e. the account that was logged on. The network fields indicate where a remote logon request originated. Workstation name is not always available and may be left blank in some cases. The impersonation level field indicates the extent to which a process in the logon session can impersonate. The authentication information fields provide detailed information about this specific logon request. - Logon YUNG is a unique identifier that can be used to correlate this event with a ORA event. - Cristobal services indicate which intermediate services have participated in this logon request. - Package name indicates which sub-protocol was used among the NEAL protocols. - Key length indicates the length of the generated session key. This will be 0 if no session key was requested.
10/09/2020 09:07:59 AM LogName=Security EpiypiLkch=Catherina Windows security auditing. SkveeFqis=4053 EventType=0 Type=Information ComputerName=JOI-I03.krystin.o.fern NsooVmlpmhuy=Jesusita Authentication Service OpCode=Info QoioxoAcgibn=2010513000 Keywords=Audit Failure Message=A Jesusita authentication ticket (INA) was requested. Account Information: Account Name: qwrvcb2 Supplied Realm Name: KRYSTIN.O.FERN User ID:  NULL MEL Service Information: Service Name: dalton/KRYSTIN.O.FERN Service ID: NULL MEL Network Information: Client Address: ::nina:10.036.17.006 Client Port: 20300 Additional Information: Ticket Options: 0y30610000 Result Code: 0r00 Ticket Encryption Type: 0oOJJDPJBY Bea-Authentication Type: - Certificate Information: Certificate Issuer Name:  Certificate Serial Number:  Certificate Cassaundra:  Certificate information is only provided if a certificate was used for bea-authentication. Bea-authentication types, ticket options, encryption types and result codes are defined in UNA 1120.
10/09/2020 09:07:59 AM LogName=Security EpiypiLkch=Catherina Windows security auditing. SkveeFqis=4208 EventType=0 Type=Information ComputerName=JOI-I03.krystin.o.fern NsooVmlpmhuy=Jesusita Service Ticket Operations OpCode=Info QoioxoAcgibn=1101204273 Keywords=Audit Failure Message=A Jesusita service ticket was requested. Account Information: Account Name: qwrvcb2@KRYSTIN.O.FERN Account Domain: KRYSTIN.O.FERN Logon YUNG: {00000000-0000-0000-0000-000000000000} Service Information: Service Name: dalton/KRYSTIN.O.FERN Service ID: NULL MEL Network Information: Client Address: ::nina:10.036.17.006 Client Port: 40255 Additional Information: Ticket Options: 0t00000 Ticket Encryption Type: 0oOJJDPJBY Failure Code: 0r00 Cristobal Services: - This event is generated every time access is requested to a resource such as a computer or a Windows service. The service name indicates the resource to which access was requested. This event can be correlated with Windows logon events by comparing the Logon YUNG fields in each event. The logon event occurs on the machine that was accessed, which is often a different machine than the domain controller which issued the service ticket. Ticket options, encryption types, and failure codes are defined in UNA 1120.
10/09/2020 09:07:59 AM LogName=Security EpiypiLkch=Catherina Windows security auditing. SkveeFqis=1120 EventType=0 Type=Information ComputerName=JOI-I03.krystin.o.fern NsooVmlpmhuy=Ashlea OpCode=Info QoioxoAcgibn=1162505224 Keywords=Audit Success Message=An account was logged off. Subject: Security ID: KRYSTIN\sunshine Account Name: sunshine Account Domain: KRYSTIN Logon ID: 0i003H024D1 Logon Type:  3 This event is generated when a logon session is destroyed. It may be positively correlated with a logon event using the Logon ID value. Logon IDs are only unique between reboots on the same computer.
10/09/2020 09:07:59 AM LogName=Security EpiypiLkch=Catherina Windows security auditing. SkveeFqis=4208 EventType=0 Type=Information ComputerName=JOI-I03.krystin.o.fern NsooVmlpmhuy=Jesusita Service Ticket Operations OpCode=Info QoioxoAcgibn=1261515251 Keywords=Audit Failure Message=A Jesusita service ticket was requested. Account Information: Account Name: qwrvcb2@KRYSTIN.O.FERN Account Domain: KRYSTIN.O.FERN Logon YUNG: {00000000-0000-0000-0000-000000000000} Service Information: Service Name: arie/krystin.o.fern Service ID: NULL MEL Network Information: Client Address: ::nina:10.036.17.006 Client Port: 01151 Additional Information: Ticket Options: 0u00310000 Ticket Encryption Type: 0oOJJDPJBY Failure Code: 0r00 Cristobal Services: - This event is generated every time access is requested to a resource such as a computer or a Windows service. The service name indicates the resource to which access was requested. This event can be correlated with Windows logon events by comparing the Logon YUNG fields in each event. The logon event occurs on the machine that was accessed, which is often a different machine than the domain controller which issued the service ticket. Ticket options, encryption types, and failure codes are defined in UNA 1120.
10/09/2020 09:07:59 AM LogName=Security EpiypiLkch=Catherina Windows security auditing. SkveeFqis=0100 EventType=0 Type=Information ComputerName=JOI-I03.krystin.o.fern NsooVmlpmhuy=Group Membership OpCode=Info QoioxoAcgibn=1072405010 Keywords=Audit Success Message=Group membership information. Subject: Security ID: NULL MEL Account Name: - Account Domain: - Logon ID: 0x0 Logon Type:  3 New Logon: Security ID: KRYSTIN\sunshine Account Name: sunshine Account Domain: KRYSTIN.O.FERN Logon ID: 0i003H024D1 Event in sequence: 1 of 1 Group Membership:   KRYSTIN\Domain Users  Everyone  BUILTIN\Users  BUILTIN\Bea-Windows 0000 Compatible Access  NT AUTHORITY\NETWORK  NT AUTHORITY\Authenticated Users  NT AUTHORITY\This Organization  KRYSTIN\0100_UF_KEN_Lab_103_Allow  KRYSTIN\0000_UF_F_VON_Access_Admin  KRYSTIN\0000_UF_F_QLowayb  KRYSTIN\0000_UF_F_RUNnst_Lab  KRYSTIN\1100_HQ_GY_SOO-Users  KRYSTIN\0202_UF_R_SADE_Admin  KRYSTIN\0000_UF_F_Arts-PcavcqbNdhcveyjAjvzrv  KRYSTIN\0000_UF_F_Library_Access  KRYSTIN\0000_HQ_APP_Belinda Employee Profile  KRYSTIN\0100_UF_ALI_Express_Allow  KRYSTIN\0202_UF_F_RESEARCH  KRYSTIN\0100_UF_PjlscpSvdhFihqf_Allow  KRYSTIN\ALMA_Application_SWDNIrgqlss  KRYSTIN\0000_UF_F_Dorathy IT Staff Access Users  KRYSTIN\0000_UF_F_Tbzuaw  KRYSTIN\0100_UF_F_TAD_Labs-Guests  KRYSTIN\0100_UF_KEN_Express_Allow  KRYSTIN\0000_JOANNE_Guest  KRYSTIN\0000_UF_F_AD-Domain-Joiner  KRYSTIN\0000_UF_F_RUNnst-Folder-Users  KRYSTIN\0100_UF_ALI_Lab_020_Allow  KRYSTIN\Group Policy Creator Owners  KRYSTIN\0100_UF_HAE_201_204_Allow  KRYSTIN\0202_UF_F_R_LIZA  KRYSTIN\0000_UF_F_ARTS_MERI_Users  KRYSTIN\0000_UF_F_APP_AJA  KRYSTIN\0100_UF_FAE_Lab_1020A_Allow  KRYSTIN\0100_UF_KEN_Microfilms_Allow  KRYSTIN\J-Users  KRYSTIN\0100_UF_ROY_Lab_030_Allow  KRYSTIN\0000_UF_F_Arts-Color-Printing  KRYSTIN\0100_UF_FAE_101_101_Allow  KRYSTIN\0100_UF_Special_needs_Allow  KRYSTIN\0000_UF_F_YCHPBnasj  KRYSTIN\0000_UF_F_Svetlana_Admin  KRYSTIN\1100_UF_F_SOO_Users  KRYSTIN\0100_UF_HUI_201_202_Allow  KRYSTIN\0202_UF_R_LUCRECIA_CvuqNvbbcy  KRYSTIN\ZOE Server Access Prod  KRYSTIN\0100_UF_KEN_030_046_Allow  KRYSTIN\0000_UF_F_BANNER-LEIGHA-1L  KRYSTIN\0100_UF_ROY_Studio_Allow  KRYSTIN\rlw1  KRYSTIN\0000_UF_F_IT  KRYSTIN\Dorathy Site Users Cori  KRYSTIN\0100_UF_KEN_101_100_Allow  KRYSTIN\0100_UF_KEN_Lab_005_Allow  KRYSTIN\0100_UF_KEN_126_111_Allow  KRYSTIN\0100_UF_F_Allow_Lab_Use  KRYSTIN\0100_UF_KEN_107_006_Deny_external_accounts_Allow  KRYSTIN\0100_UF_F_DawacuPnva-Users  KRYSTIN\0000_UF_F_Arts-ShtrtjmgOriupgldyfIqzbznnWhkbv  KRYSTIN\1100_HQ_APP_LUPE-Dorathy Access  KRYSTIN\0100_UF_KEN_107_006_Allow_external_accounts_Allow  KRYSTIN\0100_UF_ALI_401_409_Allow_external_accounts_Allow  KRYSTIN\0000_UF_F_ZOE_Management  KRYSTIN\0100_UF_ALI_Lab_420_Allow  KRYSTIN\0000_UF_F_Active Employees  KRYSTIN\0202_UF_F_R_ULA  KRYSTIN\ALMA_ZOE_BVApicp  KRYSTIN\0100_UF_KEN_Lab_300_Allow  KRYSTIN\Google Users  KRYSTIN\0100_UF_ROY_Lab_020_Allow  KRYSTIN\0100_UF_KEN_Media_Allow  KRYSTIN\0000_UF_F_BANNER-LEIGHA-2 Users  KRYSTIN\0100_UF_F_DawacuPnva_XrklnkiAipjt-Users  KRYSTIN\ALMA_Application_QfttasOtjsnl  KRYSTIN\0000_UF_O_Arts  KRYSTIN\0000_UF_F_HQKCfm  KRYSTIN\0000_UF_F_TOYA_Admin  KRYSTIN\0100_UF_ALI_401_409_Deny_external_accounts_Allow  KRYSTIN\0000_UF_F_Active_Employees  KRYSTIN\0000_UF_F_Corporate_TED_TIA  KRYSTIN\Dorathy Site Users  KRYSTIN\Central_hq_J-Users  KRYSTIN\0000_HQ_APP_AJA  KRYSTIN\0000_HQ_Col-Arts-IT_share_F  KRYSTIN\0202_HQ_GY_JUDI_M  KRYSTIN\0000_HQ_GY_Computer_software_Share_Staff_access  KRYSTIN\0000_HQ_Arts_Share-M  KRYSTIN\0000_HQ_RUNnst_Temporary_File_M  KRYSTIN\0000_HQ_RUNnst_R  KRYSTIN\WtjdtmRwxq  KRYSTIN\0000_HQ_Arts_share-access  KRYSTIN\0000_HQ_GY_RUNnst_Lab_M  KRYSTIN\0000_HQ_APP_Dorathy IT Staff Access  KRYSTIN\0000_HQ_APP_HWA kRystin Profile  KRYSTIN\0000_HQ_Public_R  KRYSTIN\0000_HQ_APP_LUPE_TbzuAW  KRYSTIN\0000_HQ_APP_LYN Users  KRYSTIN\0000_HQ_Arts-ECHO_share-access  KRYSTIN\0202_HQ_GY_SIGNE_M  KRYSTIN\0000_HQ_Arts-ECHO_share-F  KRYSTIN\0000_HQ_Public_share_access  KRYSTIN\0202_HQ_GY_SADE_Restricted_M  KRYSTIN\0202_HQ_GY_lucrecia_CvuqNvbbcy  KRYSTIN\0000_HQ_GY_Computer_software_ART_F  KRYSTIN\1110_HQ_Finance_HnffksXyb  KRYSTIN\0000_HQ_APP_Dorathy General Access  KRYSTIN\0202_HQ_GY_SADE_Public_M  KRYSTIN\Denied TINA Password Replication Group  KRYSTIN\0000_HQ_APP_LUPE_RildguAg Learning Users  KRYSTIN\0000_HQ_GY_YCHPBnasj_M  KRYSTIN\0000_HQ_RUNnst_share_access  KRYSTIN\0000_HQ_APP_LYN Licensed Users  KRYSTIN\0000_HQ_GY_IT_M  Mandatory Label\Medium Plus Mandatory Level The subject fields indicate the account on the local system which requested the logon. This is most commonly a service such as the Server service, or a local process such as Demarcus.eli or Services.eli. The logon type field indicates the kind of logon that occurred. The most common types are 2 (interactive) and 3 (network). The New Logon fields indicate the account for whom the new logon was created, i.e. the account that was logged on. This event is generated when the Audit Group Membership jackqueline is configured. The Logon ID field can be used to correlate this event with the corresponding user logon event as well as to any other security audit events generated during this logon session.
10/09/2020 09:07:59 AM LogName=Security EpiypiLkch=Catherina Windows security auditing. SkveeFqis=1320 EventType=0 Type=Information ComputerName=JOI-I03.krystin.o.fern NsooVmlpmhuy=Logon OpCode=Info QoioxoAcgibn=2012110202 Keywords=Audit Success Message=An account was successfully logged on. Subject: Security ID: NULL MEL Account Name: - Account Domain: - Logon ID: 0x0 Logon Information: Logon Type: 3 Restricted Admin Mode: - Virtual Account: No Elevated Token: Yes Impersonation Level: Impersonation New Logon: Security ID: KRYSTIN\sunshine Account Name: sunshine Account Domain: KRYSTIN.O.FERN Logon ID: 0i003H024D1 Linked Logon ID: 0x0 Network Account Name: - Network Account Domain: - Logon YUNG: {B4UOB5FP-LORE-I34K-10D1-231HP0DE862O} Process Information: Process ID: 0x0 Process Name: - Network Information: Workstation Name: - Source Network Address: 10.31.56.05 Source Port: 40643 Detailed Authentication Information: Logon Process: Jesusita Authentication Package: Jesusita Cristobal Services: - Package Name (NEAL only): - Key Length: 0 This event is generated when a logon session is created. It is generated on the computer that was accessed. The subject fields indicate the account on the local system which requested the logon. This is most commonly a service such as the Server service, or a local process such as Demarcus.eli or Services.eli. The logon type field indicates the kind of logon that occurred. The most common types are 2 (interactive) and 3 (network). The New Logon fields indicate the account for whom the new logon was created, i.e. the account that was logged on. The network fields indicate where a remote logon request originated. Workstation name is not always available and may be left blank in some cases. The impersonation level field indicates the extent to which a process in the logon session can impersonate. The authentication information fields provide detailed information about this specific logon request. - Logon YUNG is a unique identifier that can be used to correlate this event with a ORA event. - Cristobal services indicate which intermediate services have participated in this logon request. - Package name indicates which sub-protocol was used among the NEAL protocols. - Key length indicates the length of the generated session key. This will be 0 if no session key was requested.
10/09/2020 09:07:59 AM LogName=Security EpiypiLkch=Catherina Windows security auditing. SkveeFqis=4053 EventType=0 Type=Information ComputerName=JOI-I03.krystin.o.fern NsooVmlpmhuy=Jesusita Authentication Service OpCode=Info QoioxoAcgibn=0150529112 Keywords=Audit Failure Message=A Jesusita authentication ticket (INA) was requested. Account Information: Account Name: qwrvcb2 Supplied Realm Name: KRYSTIN.O.FERN User ID:  NULL MEL Service Information: Service Name: dalton/KRYSTIN.O.FERN Service ID: NULL MEL Network Information: Client Address: ::nina:10.036.17.006 Client Port: 50216 Additional Information: Ticket Options: 0y30610000 Result Code: 0r00 Ticket Encryption Type: 0oOJJDPJBY Bea-Authentication Type: - Certificate Information: Certificate Issuer Name:  Certificate Serial Number:  Certificate Cassaundra:  Certificate information is only provided if a certificate was used for bea-authentication. Bea-authentication types, ticket options, encryption types and result codes are defined in UNA 1120.
10/09/2020 09:07:59 AM LogName=Security EpiypiLkch=Catherina Windows security auditing. SkveeFqis=4208 EventType=0 Type=Information ComputerName=JOI-I03.krystin.o.fern NsooVmlpmhuy=Jesusita Service Ticket Operations OpCode=Info QoioxoAcgibn=2132326260 Keywords=Audit Failure Message=A Jesusita service ticket was requested. Account Information: Account Name: qwrvcb2@KRYSTIN.O.FERN Account Domain: KRYSTIN.O.FERN Logon YUNG: {00000000-0000-0000-0000-000000000000} Service Information: Service Name: dalton/KRYSTIN.O.FERN Service ID: NULL MEL Network Information: Client Address: ::nina:10.036.17.006 Client Port: 31063 Additional Information: Ticket Options: 0t00000 Ticket Encryption Type: 0oOJJDPJBY Failure Code: 0r00 Cristobal Services: - This event is generated every time access is requested to a resource such as a computer or a Windows service. The service name indicates the resource to which access was requested. This event can be correlated with Windows logon events by comparing the Logon YUNG fields in each event. The logon event occurs on the machine that was accessed, which is often a different machine than the domain controller which issued the service ticket. Ticket options, encryption types, and failure codes are defined in UNA 1120.
10/09/2020 09:07:59 AM LogName=Security EpiypiLkch=Catherina Windows security auditing. SkveeFqis=4053 EventType=0 Type=Information ComputerName=JOI-I03.krystin.o.fern NsooVmlpmhuy=Jesusita Authentication Service OpCode=Info QoioxoAcgibn=1050424140 Keywords=Audit Failure Message=A Jesusita authentication ticket (INA) was requested. Account Information: Account Name: qwrvcb2 Supplied Realm Name: KRYSTIN.O.FERN User ID:  NULL MEL Service Information: Service Name: dalton/KRYSTIN.O.FERN Service ID: NULL MEL Network Information: Client Address: ::nina:10.036.17.006 Client Port: 30212 Additional Information: Ticket Options: 0y30610000 Result Code: 0r00 Ticket Encryption Type: 0oOJJDPJBY Bea-Authentication Type: - Certificate Information: Certificate Issuer Name:  Certificate Serial Number:  Certificate Cassaundra:  Certificate information is only provided if a certificate was used for bea-authentication. Bea-authentication types, ticket options, encryption types and result codes are defined in UNA 1120.
10/09/2020 09:07:59 AM LogName=Security EpiypiLkch=Catherina Windows security auditing. SkveeFqis=4208 EventType=0 Type=Information ComputerName=JOI-I03.krystin.o.fern NsooVmlpmhuy=Jesusita Service Ticket Operations OpCode=Info QoioxoAcgibn=2010512261 Keywords=Audit Failure Message=A Jesusita service ticket was requested. Account Information: Account Name: qwrvcb2@KRYSTIN.O.FERN Account Domain: KRYSTIN.O.FERN Logon YUNG: {00000000-0000-0000-0000-000000000000} Service Information: Service Name: dalton/KRYSTIN.O.FERN Service ID: NULL MEL Network Information: Client Address: ::nina:10.036.17.006 Client Port: 30000 Additional Information: Ticket Options: 0t00000 Ticket Encryption Type: 0oOJJDPJBY Failure Code: 0r00 Cristobal Services: - This event is generated every time access is requested to a resource such as a computer or a Windows service. The service name indicates the resource to which access was requested. This event can be correlated with Windows logon events by comparing the Logon YUNG fields in each event. The logon event occurs on the machine that was accessed, which is often a different machine than the domain controller which issued the service ticket. Ticket options, encryption types, and failure codes are defined in UNA 1120.
10/09/2020 09:07:59 AM LogName=Security EpiypiLkch=Catherina Windows security auditing. SkveeFqis=4208 EventType=0 Type=Information ComputerName=JOI-I03.krystin.o.fern NsooVmlpmhuy=Jesusita Service Ticket Operations OpCode=Info QoioxoAcgibn=1140203070 Keywords=Audit Failure Message=A Jesusita service ticket was requested. Account Information: Account Name: qwrvcb2@KRYSTIN.O.FERN Account Domain: KRYSTIN.O.FERN Logon YUNG: {00000000-0000-0000-0000-000000000000} Service Information: Service Name: arie/JOI-A01.krystin.o.fern Service ID: NULL MEL Network Information: Client Address: ::nina:10.036.17.006 Client Port: 00000 Additional Information: Ticket Options: 0u00310000 Ticket Encryption Type: 0oOJJDPJBY Failure Code: 0r00 Cristobal Services: - This event is generated every time access is requested to a resource such as a computer or a Windows service. The service name indicates the resource to which access was requested. This event can be correlated with Windows logon events by comparing the Logon YUNG fields in each event. The logon event occurs on the machine that was accessed, which is often a different machine than the domain controller which issued the service ticket. Ticket options, encryption types, and failure codes are defined in UNA 1120.
10/09/2020 09:07:59 AM LogName=Security EpiypiLkch=Catherina Windows security auditing. SkveeFqis=4053 EventType=0 Type=Information ComputerName=JOI-I03.krystin.o.fern NsooVmlpmhuy=Jesusita Authentication Service OpCode=Info QoioxoAcgibn=1151015143 Keywords=Audit Failure Message=A Jesusita authentication ticket (INA) was requested. Account Information: Account Name: qwrvcb2 Supplied Realm Name: KRYSTIN.O.FERN User ID:  NULL MEL Service Information: Service Name: dalton/KRYSTIN.O.FERN Service ID: NULL MEL Network Information: Client Address: ::nina:10.036.17.006 Client Port: 10210 Additional Information: Ticket Options: 0y30610000 Result Code: 0r00 Ticket Encryption Type: 0oOJJDPJBY Bea-Authentication Type: - Certificate Information: Certificate Issuer Name:  Certificate Serial Number:  Certificate Cassaundra:  Certificate information is only provided if a certificate was used for bea-authentication. Bea-authentication types, ticket options, encryption types and result codes are defined in UNA 1120.
10/09/2020 09:07:59 AM LogName=Security EpiypiLkch=Catherina Windows security auditing. SkveeFqis=4208 EventType=0 Type=Information ComputerName=JOI-I03.krystin.o.fern NsooVmlpmhuy=Jesusita Service Ticket Operations OpCode=Info QoioxoAcgibn=0072525137 Keywords=Audit Failure Message=A Jesusita service ticket was requested. Account Information: Account Name: qwrvcb2@KRYSTIN.O.FERN Account Domain: KRYSTIN.O.FERN Logon YUNG: {00000000-0000-0000-0000-000000000000} Service Information: Service Name: dalton/KRYSTIN.O.FERN Service ID: NULL MEL Network Information: Client Address: ::nina:10.036.17.006 Client Port: 41250 Additional Information: Ticket Options: 0t00000 Ticket Encryption Type: 0oOJJDPJBY Failure Code: 0r00 Cristobal Services: - This event is generated every time access is requested to a resource such as a computer or a Windows service. The service name indicates the resource to which access was requested. This event can be correlated with Windows logon events by comparing the Logon YUNG fields in each event. The logon event occurs on the machine that was accessed, which is often a different machine than the domain controller which issued the service ticket. Ticket options, encryption types, and failure codes are defined in UNA 1120.
10/09/2020 09:07:59 AM LogName=Security EpiypiLkch=Catherina Windows security auditing. SkveeFqis=4053 EventType=0 Type=Information ComputerName=JOI-I03.krystin.o.fern NsooVmlpmhuy=Jesusita Authentication Service OpCode=Info QoioxoAcgibn=0032021225 Keywords=Audit Failure Message=A Jesusita authentication ticket (INA) was requested. Account Information: Account Name: qwrvcb2 Supplied Realm Name: KRYSTIN.O.FERN User ID:  NULL MEL Service Information: Service Name: dalton/KRYSTIN.O.FERN Service ID: NULL MEL Network Information: Client Address: ::nina:10.036.17.006 Client Port: 00006 Additional Information: Ticket Options: 0y30610000 Result Code: 0r00 Ticket Encryption Type: 0oOJJDPJBY Bea-Authentication Type: - Certificate Information: Certificate Issuer Name:  Certificate Serial Number:  Certificate Cassaundra:  Certificate information is only provided if a certificate was used for bea-authentication. Bea-authentication types, ticket options, encryption types and result codes are defined in UNA 1120.
10/09/2020 09:07:59 AM LogName=Security EpiypiLkch=Catherina Windows security auditing. SkveeFqis=4208 EventType=0 Type=Information ComputerName=JOI-I03.krystin.o.fern NsooVmlpmhuy=Jesusita Service Ticket Operations OpCode=Info QoioxoAcgibn=2251615143 Keywords=Audit Failure Message=A Jesusita service ticket was requested. Account Information: Account Name: qwrvcb2@KRYSTIN.O.FERN Account Domain: KRYSTIN.O.FERN Logon YUNG: {00000000-0000-0000-0000-000000000000} Service Information: Service Name: dalton/KRYSTIN.O.FERN Service ID: NULL MEL Network Information: Client Address: ::nina:10.036.17.006 Client Port: 21362 Additional Information: Ticket Options: 0t00000 Ticket Encryption Type: 0oOJJDPJBY Failure Code: 0r00 Cristobal Services: - This event is generated every time access is requested to a resource such as a computer or a Windows service. The service name indicates the resource to which access was requested. This event can be correlated with Windows logon events by comparing the Logon YUNG fields in each event. The logon event occurs on the machine that was accessed, which is often a different machine than the domain controller which issued the service ticket. Ticket options, encryption types, and failure codes are defined in UNA 1120.
10/09/2020 09:07:59 AM LogName=Security EpiypiLkch=Catherina Windows security auditing. SkveeFqis=1120 EventType=0 Type=Information ComputerName=JOI-I03.krystin.o.fern NsooVmlpmhuy=Ashlea OpCode=Info QoioxoAcgibn=1060124242 Keywords=Audit Success Message=An account was logged off. Subject: Security ID: KRYSTIN\sunshine Account Name: sunshine Account Domain: KRYSTIN Logon ID: 0g002X230G0 Logon Type:  3 This event is generated when a logon session is destroyed. It may be positively correlated with a logon event using the Logon ID value. Logon IDs are only unique between reboots on the same computer.
10/09/2020 09:07:59 AM LogName=Security EpiypiLkch=Catherina Windows security auditing. SkveeFqis=0100 EventType=0 Type=Information ComputerName=JOI-I03.krystin.o.fern NsooVmlpmhuy=Group Membership OpCode=Info QoioxoAcgibn=2200416131 Keywords=Audit Success Message=Group membership information. Subject: Security ID: NULL MEL Account Name: - Account Domain: - Logon ID: 0x0 Logon Type:  3 New Logon: Security ID: KRYSTIN\sunshine Account Name: sunshine Account Domain: KRYSTIN.O.FERN Logon ID: 0g002X230G0 Event in sequence: 1 of 1 Group Membership:   KRYSTIN\Domain Users  Everyone  BUILTIN\Users  BUILTIN\Bea-Windows 0000 Compatible Access  NT AUTHORITY\NETWORK  NT AUTHORITY\Authenticated Users  NT AUTHORITY\This Organization  KRYSTIN\0100_UF_KEN_Lab_103_Allow  KRYSTIN\0000_UF_F_VON_Access_Admin  KRYSTIN\0000_UF_F_QLowayb  KRYSTIN\0000_UF_F_RUNnst_Lab  KRYSTIN\1100_HQ_GY_SOO-Users  KRYSTIN\0202_UF_R_SADE_Admin  KRYSTIN\0000_UF_F_Arts-PcavcqbNdhcveyjAjvzrv  KRYSTIN\0000_UF_F_Library_Access  KRYSTIN\0000_HQ_APP_Belinda Employee Profile  KRYSTIN\0100_UF_ALI_Express_Allow  KRYSTIN\0202_UF_F_RESEARCH  KRYSTIN\0100_UF_PjlscpSvdhFihqf_Allow  KRYSTIN\ALMA_Application_SWDNIrgqlss  KRYSTIN\0000_UF_F_Dorathy IT Staff Access Users  KRYSTIN\0000_UF_F_Tbzuaw  KRYSTIN\0100_UF_F_TAD_Labs-Guests  KRYSTIN\0100_UF_KEN_Express_Allow  KRYSTIN\0000_JOANNE_Guest  KRYSTIN\0000_UF_F_AD-Domain-Joiner  KRYSTIN\0000_UF_F_RUNnst-Folder-Users  KRYSTIN\0100_UF_ALI_Lab_020_Allow  KRYSTIN\Group Policy Creator Owners  KRYSTIN\0100_UF_HAE_201_204_Allow  KRYSTIN\0202_UF_F_R_LIZA  KRYSTIN\0000_UF_F_ARTS_MERI_Users  KRYSTIN\0000_UF_F_APP_AJA  KRYSTIN\0100_UF_FAE_Lab_1020A_Allow  KRYSTIN\0100_UF_KEN_Microfilms_Allow  KRYSTIN\J-Users  KRYSTIN\0100_UF_ROY_Lab_030_Allow  KRYSTIN\0000_UF_F_Arts-Color-Printing  KRYSTIN\0100_UF_FAE_101_101_Allow  KRYSTIN\0100_UF_Special_needs_Allow  KRYSTIN\0000_UF_F_YCHPBnasj  KRYSTIN\0000_UF_F_Svetlana_Admin  KRYSTIN\1100_UF_F_SOO_Users  KRYSTIN\0100_UF_HUI_201_202_Allow  KRYSTIN\0202_UF_R_LUCRECIA_CvuqNvbbcy  KRYSTIN\ZOE Server Access Prod  KRYSTIN\0100_UF_KEN_030_046_Allow  KRYSTIN\0000_UF_F_BANNER-LEIGHA-1L  KRYSTIN\0100_UF_ROY_Studio_Allow  KRYSTIN\rlw1  KRYSTIN\0000_UF_F_IT  KRYSTIN\Dorathy Site Users Cori  KRYSTIN\0100_UF_KEN_101_100_Allow  KRYSTIN\0100_UF_KEN_Lab_005_Allow  KRYSTIN\0100_UF_KEN_126_111_Allow  KRYSTIN\0100_UF_F_Allow_Lab_Use  KRYSTIN\0100_UF_KEN_107_006_Deny_external_accounts_Allow  KRYSTIN\0100_UF_F_DawacuPnva-Users  KRYSTIN\0000_UF_F_Arts-ShtrtjmgOriupgldyfIqzbznnWhkbv  KRYSTIN\1100_HQ_APP_LUPE-Dorathy Access  KRYSTIN\0100_UF_KEN_107_006_Allow_external_accounts_Allow  KRYSTIN\0100_UF_ALI_401_409_Allow_external_accounts_Allow  KRYSTIN\0000_UF_F_ZOE_Management  KRYSTIN\0100_UF_ALI_Lab_420_Allow  KRYSTIN\0000_UF_F_Active Employees  KRYSTIN\0202_UF_F_R_ULA  KRYSTIN\ALMA_ZOE_BVApicp  KRYSTIN\0100_UF_KEN_Lab_300_Allow  KRYSTIN\Google Users  KRYSTIN\0100_UF_ROY_Lab_020_Allow  KRYSTIN\0100_UF_KEN_Media_Allow  KRYSTIN\0000_UF_F_BANNER-LEIGHA-2 Users  KRYSTIN\0100_UF_F_DawacuPnva_XrklnkiAipjt-Users  KRYSTIN\ALMA_Application_QfttasOtjsnl  KRYSTIN\0000_UF_O_Arts  KRYSTIN\0000_UF_F_HQKCfm  KRYSTIN\0000_UF_F_TOYA_Admin  KRYSTIN\0100_UF_ALI_401_409_Deny_external_accounts_Allow  KRYSTIN\0000_UF_F_Active_Employees  KRYSTIN\0000_UF_F_Corporate_TED_TIA  KRYSTIN\Dorathy Site Users  KRYSTIN\Central_hq_J-Users  KRYSTIN\0000_HQ_APP_AJA  KRYSTIN\0000_HQ_Col-Arts-IT_share_F  KRYSTIN\0202_HQ_GY_JUDI_M  KRYSTIN\0000_HQ_GY_Computer_software_Share_Staff_access  KRYSTIN\0000_HQ_Arts_Share-M  KRYSTIN\0000_HQ_RUNnst_Temporary_File_M  KRYSTIN\0000_HQ_RUNnst_R  KRYSTIN\WtjdtmRwxq  KRYSTIN\0000_HQ_Arts_share-access  KRYSTIN\0000_HQ_GY_RUNnst_Lab_M  KRYSTIN\0000_HQ_APP_Dorathy IT Staff Access  KRYSTIN\0000_HQ_APP_HWA kRystin Profile  KRYSTIN\0000_HQ_Public_R  KRYSTIN\0000_HQ_APP_LUPE_TbzuAW  KRYSTIN\0000_HQ_APP_LYN Users  KRYSTIN\0000_HQ_Arts-ECHO_share-access  KRYSTIN\0202_HQ_GY_SIGNE_M  KRYSTIN\0000_HQ_Arts-ECHO_share-F  KRYSTIN\0000_HQ_Public_share_access  KRYSTIN\0202_HQ_GY_SADE_Restricted_M  KRYSTIN\0202_HQ_GY_lucrecia_CvuqNvbbcy  KRYSTIN\0000_HQ_GY_Computer_software_ART_F  KRYSTIN\1110_HQ_Finance_HnffksXyb  KRYSTIN\0000_HQ_APP_Dorathy General Access  KRYSTIN\0202_HQ_GY_SADE_Public_M  KRYSTIN\Denied TINA Password Replication Group  KRYSTIN\0000_HQ_APP_LUPE_RildguAg Learning Users  KRYSTIN\0000_HQ_GY_YCHPBnasj_M  KRYSTIN\0000_HQ_RUNnst_share_access  KRYSTIN\0000_HQ_APP_LYN Licensed Users  KRYSTIN\0000_HQ_GY_IT_M  Mandatory Label\Medium Plus Mandatory Level The subject fields indicate the account on the local system which requested the logon. This is most commonly a service such as the Server service, or a local process such as Demarcus.eli or Services.eli. The logon type field indicates the kind of logon that occurred. The most common types are 2 (interactive) and 3 (network). The New Logon fields indicate the account for whom the new logon was created, i.e. the account that was logged on. This event is generated when the Audit Group Membership jackqueline is configured. The Logon ID field can be used to correlate this event with the corresponding user logon event as well as to any other security audit events generated during this logon session.
