10/09/2020 09:07:59 AM LogName=Security EpiypiLkch=Catherina Windows security auditing. SkveeFqis=4208 EventType=0 Type=Information ComputerName=JOI-I03.krystin.o.fern NsooVmlpmhuy=Jesusita Service Ticket Operations OpCode=Info QoioxoAcgibn=1250510205 Keywords=Audit Success Message=A Jesusita service ticket was requested. Account Information: Account Name: yee_estrella_read@KRYSTIN.O.FERN Account Domain: KRYSTIN.O.FERN Logon YUNG: {22K20314-5102-0460-REVA-4SE520320000} Service Information: Service Name: 1001-3D1VXO1-WQ$ Service ID: KRYSTIN\1001-3D1VXO1-WQ$ Network Information: Client Address: ::1 Client Port: 0 Additional Information: Ticket Options: 0u00310000 Ticket Encryption Type: 0r00 Failure Code: 0x0 Cristobal Services: - This event is generated every time access is requested to a resource such as a computer or a Windows service. The service name indicates the resource to which access was requested. This event can be correlated with Windows logon events by comparing the Logon YUNG fields in each event. The logon event occurs on the machine that was accessed, which is often a different machine than the domain controller which issued the service ticket. Ticket options, encryption types, and failure codes are defined in UNA 1120.
10/09/2020 09:07:59 AM LogName=Security EpiypiLkch=Catherina Windows security auditing. SkveeFqis=4208 EventType=0 Type=Information ComputerName=JOI-I03.krystin.o.fern NsooVmlpmhuy=Jesusita Service Ticket Operations OpCode=Info QoioxoAcgibn=0011404020 Keywords=Audit Failure Message=A Jesusita service ticket was requested. Account Information: Account Name: qwrvcb2@KRYSTIN.O.FERN Account Domain: KRYSTIN.O.FERN Logon YUNG: {00000000-0000-0000-0000-000000000000} Service Information: Service Name: arie/krystin.o.fern Service ID: NULL MEL Network Information: Client Address: ::nina:10.036.17.006 Client Port: 51000 Additional Information: Ticket Options: 0u00310000 Ticket Encryption Type: 0oOJJDPJBY Failure Code: 0r00 Cristobal Services: - This event is generated every time access is requested to a resource such as a computer or a Windows service. The service name indicates the resource to which access was requested. This event can be correlated with Windows logon events by comparing the Logon YUNG fields in each event. The logon event occurs on the machine that was accessed, which is often a different machine than the domain controller which issued the service ticket. Ticket options, encryption types, and failure codes are defined in UNA 1120.
10/09/2020 09:07:59 AM LogName=Security EpiypiLkch=Catherina Windows security auditing. SkveeFqis=4053 EventType=0 Type=Information ComputerName=JOI-I03.krystin.o.fern NsooVmlpmhuy=Jesusita Authentication Service OpCode=Info QoioxoAcgibn=2071122003 Keywords=Audit Failure Message=A Jesusita authentication ticket (INA) was requested. Account Information: Account Name: qwrvcb2 Supplied Realm Name: KRYSTIN.O.FERN User ID:  NULL MEL Service Information: Service Name: dalton/KRYSTIN.O.FERN Service ID: NULL MEL Network Information: Client Address: ::nina:10.036.17.006 Client Port: 50320 Additional Information: Ticket Options: 0y30610000 Result Code: 0r00 Ticket Encryption Type: 0oOJJDPJBY Bea-Authentication Type: - Certificate Information: Certificate Issuer Name:  Certificate Serial Number:  Certificate Cassaundra:  Certificate information is only provided if a certificate was used for bea-authentication. Bea-authentication types, ticket options, encryption types and result codes are defined in UNA 1120.
10/09/2020 09:07:59 AM LogName=Security EpiypiLkch=Catherina Windows security auditing. SkveeFqis=1120 EventType=0 Type=Information ComputerName=JOI-I03.krystin.o.fern NsooVmlpmhuy=Ashlea OpCode=Info QoioxoAcgibn=2261515111 Keywords=Audit Success Message=An account was logged off. Subject: Security ID: KRYSTIN\hector Account Name: hector Account Domain: KRYSTIN Logon ID: 0f103B030D7 Logon Type:  3 This event is generated when a logon session is destroyed. It may be positively correlated with a logon event using the Logon ID value. Logon IDs are only unique between reboots on the same computer.
10/09/2020 09:07:59 AM LogName=Security EpiypiLkch=Catherina Windows security auditing. SkveeFqis=4208 EventType=0 Type=Information ComputerName=JOI-I03.krystin.o.fern NsooVmlpmhuy=Jesusita Service Ticket Operations OpCode=Info QoioxoAcgibn=1230123000 Keywords=Audit Failure Message=A Jesusita service ticket was requested. Account Information: Account Name: qwrvcb2@KRYSTIN.O.FERN Account Domain: KRYSTIN.O.FERN Logon YUNG: {00000000-0000-0000-0000-000000000000} Service Information: Service Name: dalton/KRYSTIN.O.FERN Service ID: NULL MEL Network Information: Client Address: ::nina:10.036.17.006 Client Port: 51315 Additional Information: Ticket Options: 0t00000 Ticket Encryption Type: 0oOJJDPJBY Failure Code: 0r00 Cristobal Services: - This event is generated every time access is requested to a resource such as a computer or a Windows service. The service name indicates the resource to which access was requested. This event can be correlated with Windows logon events by comparing the Logon YUNG fields in each event. The logon event occurs on the machine that was accessed, which is often a different machine than the domain controller which issued the service ticket. Ticket options, encryption types, and failure codes are defined in UNA 1120.
10/09/2020 09:07:59 AM LogName=Security EpiypiLkch=Catherina Windows security auditing. SkveeFqis=2002 EventType=0 Type=Information ComputerName=JOI-I03.krystin.o.fern NsooVmlpmhuy=Filtering Platform Packet Drop OpCode=Info QoioxoAcgibn=1202621100 Keywords=Audit Failure Message=The Windows Filtering Platform has blocked a packet. Application Information: Process ID: 0 Application Name: - Network Information: Direction: Inbound Source Address: 10.34.0.121 Source Port: 01004 Destination Address: 10.32.32.144 Destination Port: 063 Protocol: 6 Filter Information: Filter Run-Time ID: 01114 Layer Name: Transport Layer Run-Time ID: 12
10/09/2020 09:07:59 AM LogName=Security EpiypiLkch=Catherina Windows security auditing. SkveeFqis=4053 EventType=0 Type=Information ComputerName=JOI-I03.krystin.o.fern NsooVmlpmhuy=Jesusita Authentication Service OpCode=Info QoioxoAcgibn=0002322310 Keywords=Audit Failure Message=A Jesusita authentication ticket (INA) was requested. Account Information: Account Name: qwrvcb2 Supplied Realm Name: KRYSTIN.O.FERN User ID:  NULL MEL Service Information: Service Name: dalton/KRYSTIN.O.FERN Service ID: NULL MEL Network Information: Client Address: ::nina:10.036.17.006 Client Port: 30410 Additional Information: Ticket Options: 0y30610000 Result Code: 0r00 Ticket Encryption Type: 0oOJJDPJBY Bea-Authentication Type: - Certificate Information: Certificate Issuer Name:  Certificate Serial Number:  Certificate Cassaundra:  Certificate information is only provided if a certificate was used for bea-authentication. Bea-authentication types, ticket options, encryption types and result codes are defined in UNA 1120.
10/09/2020 09:07:59 AM LogName=Security EpiypiLkch=Catherina Windows security auditing. SkveeFqis=4208 EventType=0 Type=Information ComputerName=JOI-I03.krystin.o.fern NsooVmlpmhuy=Jesusita Service Ticket Operations OpCode=Info QoioxoAcgibn=1042627314 Keywords=Audit Failure Message=A Jesusita service ticket was requested. Account Information: Account Name: qwrvcb2@KRYSTIN.O.FERN Account Domain: KRYSTIN.O.FERN Logon YUNG: {00000000-0000-0000-0000-000000000000} Service Information: Service Name: dalton/KRYSTIN.O.FERN Service ID: NULL MEL Network Information: Client Address: ::nina:10.036.17.006 Client Port: 00210 Additional Information: Ticket Options: 0t00000 Ticket Encryption Type: 0oOJJDPJBY Failure Code: 0r00 Cristobal Services: - This event is generated every time access is requested to a resource such as a computer or a Windows service. The service name indicates the resource to which access was requested. This event can be correlated with Windows logon events by comparing the Logon YUNG fields in each event. The logon event occurs on the machine that was accessed, which is often a different machine than the domain controller which issued the service ticket. Ticket options, encryption types, and failure codes are defined in UNA 1120.
10/09/2020 09:07:59 AM LogName=Security EpiypiLkch=Catherina Windows security auditing. SkveeFqis=4208 EventType=0 Type=Information ComputerName=JOI-I03.krystin.o.fern NsooVmlpmhuy=Jesusita Service Ticket Operations OpCode=Info QoioxoAcgibn=1021328100 Keywords=Audit Failure Message=A Jesusita service ticket was requested. Account Information: Account Name: qwrvcb2@KRYSTIN.O.FERN Account Domain: KRYSTIN.O.FERN Logon YUNG: {00000000-0000-0000-0000-000000000000} Service Information: Service Name: arie/krystin.o.fern Service ID: NULL MEL Network Information: Client Address: ::nina:10.036.17.006 Client Port: 30403 Additional Information: Ticket Options: 0u00310000 Ticket Encryption Type: 0oOJJDPJBY Failure Code: 0r00 Cristobal Services: - This event is generated every time access is requested to a resource such as a computer or a Windows service. The service name indicates the resource to which access was requested. This event can be correlated with Windows logon events by comparing the Logon YUNG fields in each event. The logon event occurs on the machine that was accessed, which is often a different machine than the domain controller which issued the service ticket. Ticket options, encryption types, and failure codes are defined in UNA 1120.
10/09/2020 09:07:59 AM LogName=Security EpiypiLkch=Catherina Windows security auditing. SkveeFqis=1120 EventType=0 Type=Information ComputerName=JOI-I03.krystin.o.fern NsooVmlpmhuy=Ashlea OpCode=Info QoioxoAcgibn=1080211110 Keywords=Audit Success Message=An account was logged off. Subject: Security ID: KRYSTIN\cristina Account Name: cristina Account Domain: KRYSTIN Logon ID: 0g010S46640 Logon Type:  3 This event is generated when a logon session is destroyed. It may be positively correlated with a logon event using the Logon ID value. Logon IDs are only unique between reboots on the same computer.
10/09/2020 09:07:59 AM LogName=Security EpiypiLkch=Catherina Windows security auditing. SkveeFqis=4053 EventType=0 Type=Information ComputerName=JOI-I03.krystin.o.fern NsooVmlpmhuy=Jesusita Authentication Service OpCode=Info QoioxoAcgibn=1100506000 Keywords=Audit Failure Message=A Jesusita authentication ticket (INA) was requested. Account Information: Account Name: qwrvcb2 Supplied Realm Name: KRYSTIN.O.FERN User ID:  NULL MEL Service Information: Service Name: dalton/KRYSTIN.O.FERN Service ID: NULL MEL Network Information: Client Address: ::nina:10.036.17.006 Client Port: 61110 Additional Information: Ticket Options: 0y30610000 Result Code: 0r00 Ticket Encryption Type: 0oOJJDPJBY Bea-Authentication Type: - Certificate Information: Certificate Issuer Name:  Certificate Serial Number:  Certificate Cassaundra:  Certificate information is only provided if a certificate was used for bea-authentication. Bea-authentication types, ticket options, encryption types and result codes are defined in UNA 1120.
10/09/2020 09:07:59 AM LogName=Security EpiypiLkch=Catherina Windows security auditing. SkveeFqis=4208 EventType=0 Type=Information ComputerName=JOI-I03.krystin.o.fern NsooVmlpmhuy=Jesusita Service Ticket Operations OpCode=Info QoioxoAcgibn=0000507203 Keywords=Audit Failure Message=A Jesusita service ticket was requested. Account Information: Account Name: qwrvcb2@KRYSTIN.O.FERN Account Domain: KRYSTIN.O.FERN Logon YUNG: {00000000-0000-0000-0000-000000000000} Service Information: Service Name: dalton/KRYSTIN.O.FERN Service ID: NULL MEL Network Information: Client Address: ::nina:10.036.17.006 Client Port: 30312 Additional Information: Ticket Options: 0t00000 Ticket Encryption Type: 0oOJJDPJBY Failure Code: 0r00 Cristobal Services: - This event is generated every time access is requested to a resource such as a computer or a Windows service. The service name indicates the resource to which access was requested. This event can be correlated with Windows logon events by comparing the Logon YUNG fields in each event. The logon event occurs on the machine that was accessed, which is often a different machine than the domain controller which issued the service ticket. Ticket options, encryption types, and failure codes are defined in UNA 1120.
10/09/2020 09:07:59 AM LogName=Security EpiypiLkch=Catherina Windows security auditing. SkveeFqis=4053 EventType=0 Type=Information ComputerName=JOI-I03.krystin.o.fern NsooVmlpmhuy=Jesusita Authentication Service OpCode=Info QoioxoAcgibn=2120213313 Keywords=Audit Failure Message=A Jesusita authentication ticket (INA) was requested. Account Information: Account Name: qwrvcb2 Supplied Realm Name: KRYSTIN.O.FERN User ID:  NULL MEL Service Information: Service Name: dalton/KRYSTIN.O.FERN Service ID: NULL MEL Network Information: Client Address: ::nina:10.036.17.006 Client Port: 50300 Additional Information: Ticket Options: 0y30610000 Result Code: 0r00 Ticket Encryption Type: 0oOJJDPJBY Bea-Authentication Type: - Certificate Information: Certificate Issuer Name:  Certificate Serial Number:  Certificate Cassaundra:  Certificate information is only provided if a certificate was used for bea-authentication. Bea-authentication types, ticket options, encryption types and result codes are defined in UNA 1120.
10/09/2020 09:07:59 AM LogName=Security EpiypiLkch=Catherina Windows security auditing. SkveeFqis=1120 EventType=0 Type=Information ComputerName=JOI-I03.krystin.o.fern NsooVmlpmhuy=Ashlea OpCode=Info QoioxoAcgibn=0050125301 Keywords=Audit Success Message=An account was logged off. Subject: Security ID: KRYSTIN\cristina Account Name: cristina Account Domain: KRYSTIN Logon ID: 0q113W11072 Logon Type:  3 This event is generated when a logon session is destroyed. It may be positively correlated with a logon event using the Logon ID value. Logon IDs are only unique between reboots on the same computer.
10/09/2020 09:07:59 AM LogName=Security EpiypiLkch=Catherina Windows security auditing. SkveeFqis=4208 EventType=0 Type=Information ComputerName=JOI-I03.krystin.o.fern NsooVmlpmhuy=Jesusita Service Ticket Operations OpCode=Info QoioxoAcgibn=2042515310 Keywords=Audit Failure Message=A Jesusita service ticket was requested. Account Information: Account Name: qwrvcb2@KRYSTIN.O.FERN Account Domain: KRYSTIN.O.FERN Logon YUNG: {00000000-0000-0000-0000-000000000000} Service Information: Service Name: dalton/KRYSTIN.O.FERN Service ID: NULL MEL Network Information: Client Address: ::nina:10.036.17.006 Client Port: 00200 Additional Information: Ticket Options: 0t00000 Ticket Encryption Type: 0oOJJDPJBY Failure Code: 0r00 Cristobal Services: - This event is generated every time access is requested to a resource such as a computer or a Windows service. The service name indicates the resource to which access was requested. This event can be correlated with Windows logon events by comparing the Logon YUNG fields in each event. The logon event occurs on the machine that was accessed, which is often a different machine than the domain controller which issued the service ticket. Ticket options, encryption types, and failure codes are defined in UNA 1120.
10/09/2020 09:07:59 AM LogName=Security EpiypiLkch=Catherina Windows security auditing. SkveeFqis=1120 EventType=0 Type=Information ComputerName=JOI-I03.krystin.o.fern NsooVmlpmhuy=Ashlea OpCode=Info QoioxoAcgibn=1060007310 Keywords=Audit Success Message=An account was logged off. Subject: Security ID: KRYSTIN\sunshine Account Name: sunshine Account Domain: KRYSTIN Logon ID: 0e002I08471 Logon Type:  3 This event is generated when a logon session is destroyed. It may be positively correlated with a logon event using the Logon ID value. Logon IDs are only unique between reboots on the same computer.
10/09/2020 09:07:59 AM LogName=Security EpiypiLkch=Catherina Windows security auditing. SkveeFqis=0100 EventType=0 Type=Information ComputerName=JOI-I03.krystin.o.fern NsooVmlpmhuy=Group Membership OpCode=Info QoioxoAcgibn=1112301305 Keywords=Audit Success Message=Group membership information. Subject: Security ID: NULL MEL Account Name: - Account Domain: - Logon ID: 0x0 Logon Type:  3 New Logon: Security ID: KRYSTIN\cristina Account Name: cristina Account Domain: KRYSTIN.O.FERN Logon ID: 0q113W11072 Event in sequence: 1 of 1 Group Membership:   KRYSTIN\Domain Users  Everyone  BUILTIN\Users  BUILTIN\Bea-Windows 0000 Compatible Access  NT AUTHORITY\NETWORK  NT AUTHORITY\Authenticated Users  NT AUTHORITY\This Organization  KRYSTIN\0100_UF_KEN_Lab_103_Allow  KRYSTIN\1100_HQ_GY_SOO-Users  KRYSTIN\RQYfhw View Margrett Access  KRYSTIN\0000_UF_F_Library_Access  KRYSTIN\1100_UF_F_Active_Employees  KRYSTIN\0000_HQ_APP_Belinda Employee Profile  KRYSTIN\0100_UF_ALI_Express_Allow  KRYSTIN\0100_UF_PjlscpSvdhFihqf_Allow  KRYSTIN\0000_UF_F_Dorathy IT Staff Access Users  KRYSTIN\4200_UF_O_NETA  KRYSTIN\0100_UF_F_TAD_Labs-Guests  KRYSTIN\2000_UF_F_O&M-Manuals_R  KRYSTIN\2000_IQ_ILA-006_C  KRYSTIN\0100_UF_KEN_Express_Allow  KRYSTIN\0000_JOANNE_Guest  KRYSTIN\2400_UF_App_BqvrgdsDkvz-Access  KRYSTIN\0000_UF_F_RUNnst-Folder-Users  KRYSTIN\0100_UF_ALI_Lab_020_Allow  KRYSTIN\4200_UF_F_see  KRYSTIN\0100_UF_HAE_201_204_Allow  KRYSTIN\2000_IQ_ILA-103A_C  KRYSTIN\2000_UF_F_Providencia-clementina_R  KRYSTIN\2400_UF_App_BqvrgdsDkvz-FS  KRYSTIN\0100_UF_FAE_Lab_1020A_Allow  KRYSTIN\0100_UF_KEN_Microfilms_Allow  KRYSTIN\ZOE Margrett - ZOE Margrett-Password Changes  KRYSTIN\0000_HQ_APP_Belinda Central IT Employee Profile  KRYSTIN\0100_UF_ROY_Lab_030_Allow  KRYSTIN\2000_UF_F_Archived(Completed)-Projects_R  KRYSTIN\0100_UF_FAE_101_101_Allow  KRYSTIN\1100_UF_F_Svetlana_Admin  KRYSTIN\2000_UF_F_Shared_Projects_R  KRYSTIN\0100_UF_Special_needs_Allow  KRYSTIN\1100_UF_F_Service-Management_JborgtoIbwh  KRYSTIN\1100_UF_F_SOO_Users  KRYSTIN\0100_UF_HUI_201_202_Allow  KRYSTIN\250_RIA_Telephony_I2  KRYSTIN\0100_UF_KEN_030_046_Allow  KRYSTIN\0000_UF_F_BANNER-LEIGHA-1L  KRYSTIN\2000_IQ_ILA-103_C  KRYSTIN\4200_UF_F_jong  KRYSTIN\0100_UF_ROY_Studio_Allow  KRYSTIN\0000_UF_F_LYN Bypass Management  KRYSTIN\Dorathy Site Users Cori  KRYSTIN\0100_UF_KEN_101_100_Allow  KRYSTIN\0100_UF_KEN_Lab_005_Allow  KRYSTIN\0100_UF_KEN_126_111_Allow  KRYSTIN\0100_UF_F_Allow_Lab_Use  KRYSTIN\2000_UF_F_QyxbnoBAIl_R  KRYSTIN\0100_UF_KEN_107_006_Deny_external_accounts_Allow  KRYSTIN\0100_UF_F_DawacuPnva-Users  KRYSTIN\2000_UF_F_KAY_CAMPUS_R  KRYSTIN\0000_UF_F_WILLOW_MERI_Users  KRYSTIN\1100_HQ_APP_LUPE-Dorathy Access  KRYSTIN\0100_UF_KEN_107_006_Allow_external_accounts_Allow  KRYSTIN\0100_UF_ALI_401_409_Allow_external_accounts_Allow  KRYSTIN\M-Users  KRYSTIN\1100_UF_O_RAE  KRYSTIN\0100_UF_ALI_Lab_420_Allow  KRYSTIN\0000_UF_F_Active Employees  KRYSTIN\1100_UF_F_Margrett-Bocmey224Zqn  KRYSTIN\2000_UF_F_LOVE_R  KRYSTIN\2000_UF_O_FACILITIES  KRYSTIN\ZOE IT Testing  KRYSTIN\2000_UF_F_Master-Campus-Map_R  KRYSTIN\0100_UF_KEN_Lab_300_Allow  KRYSTIN\2000_UF_GY_KAY-Campus_R  KRYSTIN\1100_UF_O_Service Desk Members  KRYSTIN\Google Users  KRYSTIN\2000_UF_F_Google-Sketch-Up_R  KRYSTIN\0100_UF_ROY_Lab_020_Allow  KRYSTIN\0100_UF_KEN_Media_Allow  KRYSTIN\1100_UF_F_Service-Management_Svetlana-Support_Procedures_R  KRYSTIN\0000_UF_F_BANNER-LEIGHA-2 Users  KRYSTIN\0100_UF_F_DawacuPnva_XrklnkiAipjt-Users  KRYSTIN\2000_IQ_ILA-143_C  KRYSTIN\2000_UF_F_VWVLfod_R  KRYSTIN\1100_UF_F_WffcdpsRnsnqueufc_JborgtoIbwh  KRYSTIN\0000_UF_F_Svetlana_Admin  KRYSTIN\2000_UF_F_Public-Data  KRYSTIN\0100_UF_ALI_401_409_Deny_external_accounts_Allow  KRYSTIN\0000_UF_F_Mildred_R  KRYSTIN\2000_HQ_GY_Google-Sketch-Up_R  KRYSTIN\0000_UF_F_Central IT Employee Luis Users  KRYSTIN\0000_UF_F_Corporate_TED_TIA  KRYSTIN\2000_UF_F_IT  KRYSTIN\ZOE Twanna Users  KRYSTIN\Dorathy Site Users  Authentication authority asserted identity  KRYSTIN\2000_HQ_GY_QyxbnoBAIl_R  KRYSTIN\4200_HQ_GY_see_M  KRYSTIN\1100_HQ_GY_Service-Management_Svetlana-Support_Procedures_R  KRYSTIN\1100_HQ_GY_RAE-Photos_M  KRYSTIN\1100_HQ_GY_Service-Management_JborgtoIbwh  KRYSTIN\2000_HQ_GY_Archived(Completed)-Projects_R  KRYSTIN\0000_HQ_RUNnst_Temporary_File_M  KRYSTIN\Central_hq_M-Users  KRYSTIN\0000_HQ_Mildred_Share-Access  KRYSTIN\0000_HQ_RUNnst_R  KRYSTIN\2000_HQ_GY_KAY-Campus_R  KRYSTIN\WtjdtmRwxq  KRYSTIN\2000_HQ_GY_Public-Data_M  KRYSTIN\0000_HQ_APP_Dorathy IT Staff Access  KRYSTIN\0000_HQ_APP_HWA kRystin Profile  KRYSTIN\2000_HQ_FACILITIES_Share-Access  KRYSTIN\0000_HQ_Public_R  KRYSTIN\1100_HQ_APP_Secret Server Service Desk Group Folder  KRYSTIN\2000_HQ_GY_VWVLfod_R  KRYSTIN\4200_HQ_NETA_Share-Access  KRYSTIN\1100_HQ_RAE-share-access  KRYSTIN\0000_HQ_APP_LYN Users  KRYSTIN\2000_HQ_GY_Providencia-clementina_R  KRYSTIN\0000_HQ_Public_share_access  KRYSTIN\2000_HQ_GY_Master-Campus-Map_R  KRYSTIN\2000_HQ_GY_LOVE_Deployments_Log_M  KRYSTIN\4200_HQ_GY_jong_M  KRYSTIN\1110_HQ_Finance_HnffksXyb  KRYSTIN\0000_HQ_APP_Dorathy General Access  KRYSTIN\2000_HQ_GY_LOVE_R  KRYSTIN\0000_HQ_APP_LUPE_RildguAg Learning Users  KRYSTIN\0000_HQ_RUNnst_share_access  KRYSTIN\0000_HQ_APP_LYN Licensed Users  KRYSTIN\2000_HQ_GY_Shared_Projects_R  KRYSTIN\2000_HQ_FACILITIES_Share-F  KRYSTIN\2000_HQ_GY_O&M-Manuals_R  KRYSTIN\1100_HQ_APP_Secret Server view IT Structure  KRYSTIN\0000_HQ_APP_LUPE_TbzuAW  Mandatory Label\Medium Plus Mandatory Level The subject fields indicate the account on the local system which requested the logon. This is most commonly a service such as the Server service, or a local process such as Demarcus.eli or Services.eli. The logon type field indicates the kind of logon that occurred. The most common types are 2 (interactive) and 3 (network). The New Logon fields indicate the account for whom the new logon was created, i.e. the account that was logged on. This event is generated when the Audit Group Membership jackqueline is configured. The Logon ID field can be used to correlate this event with the corresponding user logon event as well as to any other security audit events generated during this logon session.
10/09/2020 09:07:59 AM LogName=Security EpiypiLkch=Catherina Windows security auditing. SkveeFqis=1320 EventType=0 Type=Information ComputerName=JOI-I03.krystin.o.fern NsooVmlpmhuy=Logon OpCode=Info QoioxoAcgibn=1120018208 Keywords=Audit Success Message=An account was successfully logged on. Subject: Security ID: NULL MEL Account Name: - Account Domain: - Logon ID: 0x0 Logon Information: Logon Type: 3 Restricted Admin Mode: - Virtual Account: No Elevated Token: Yes Impersonation Level: Impersonation New Logon: Security ID: KRYSTIN\cristina Account Name: cristina Account Domain: KRYSTIN.O.FERN Logon ID: 0q113W11072 Linked Logon ID: 0x0 Network Account Name: - Network Account Domain: - Logon YUNG: {ZP1ZA112-2W60-C000-JD3I-V12C2U43Z62Y} Process Information: Process ID: 0x0 Process Name: - Network Information: Workstation Name: - Source Network Address: 10.25.6.061 Source Port: 10624 Detailed Authentication Information: Logon Process: Jesusita Authentication Package: Jesusita Cristobal Services: - Package Name (NEAL only): - Key Length: 0 This event is generated when a logon session is created. It is generated on the computer that was accessed. The subject fields indicate the account on the local system which requested the logon. This is most commonly a service such as the Server service, or a local process such as Demarcus.eli or Services.eli. The logon type field indicates the kind of logon that occurred. The most common types are 2 (interactive) and 3 (network). The New Logon fields indicate the account for whom the new logon was created, i.e. the account that was logged on. The network fields indicate where a remote logon request originated. Workstation name is not always available and may be left blank in some cases. The impersonation level field indicates the extent to which a process in the logon session can impersonate. The authentication information fields provide detailed information about this specific logon request. - Logon YUNG is a unique identifier that can be used to correlate this event with a ORA event. - Cristobal services indicate which intermediate services have participated in this logon request. - Package name indicates which sub-protocol was used among the NEAL protocols. - Key length indicates the length of the generated session key. This will be 0 if no session key was requested.
10/09/2020 09:07:59 AM LogName=Security EpiypiLkch=Catherina Windows security auditing. SkveeFqis=0100 EventType=0 Type=Information ComputerName=JOI-I03.krystin.o.fern NsooVmlpmhuy=Group Membership OpCode=Info QoioxoAcgibn=0030308007 Keywords=Audit Success Message=Group membership information. Subject: Security ID: NULL MEL Account Name: - Account Domain: - Logon ID: 0x0 Logon Type:  3 New Logon: Security ID: KRYSTIN\cristina Account Name: cristina Account Domain: KRYSTIN.O.FERN Logon ID: 0g010S46640 Event in sequence: 1 of 1 Group Membership:   KRYSTIN\Domain Users  Everyone  BUILTIN\Users  BUILTIN\Bea-Windows 0000 Compatible Access  NT AUTHORITY\NETWORK  NT AUTHORITY\Authenticated Users  NT AUTHORITY\This Organization  KRYSTIN\0100_UF_KEN_Lab_103_Allow  KRYSTIN\1100_HQ_GY_SOO-Users  KRYSTIN\RQYfhw View Margrett Access  KRYSTIN\0000_UF_F_Library_Access  KRYSTIN\1100_UF_F_Active_Employees  KRYSTIN\0000_HQ_APP_Belinda Employee Profile  KRYSTIN\0100_UF_ALI_Express_Allow  KRYSTIN\0100_UF_PjlscpSvdhFihqf_Allow  KRYSTIN\0000_UF_F_Dorathy IT Staff Access Users  KRYSTIN\4200_UF_O_NETA  KRYSTIN\0100_UF_F_TAD_Labs-Guests  KRYSTIN\2000_UF_F_O&M-Manuals_R  KRYSTIN\2000_IQ_ILA-006_C  KRYSTIN\0100_UF_KEN_Express_Allow  KRYSTIN\0000_JOANNE_Guest  KRYSTIN\2400_UF_App_BqvrgdsDkvz-Access  KRYSTIN\0000_UF_F_RUNnst-Folder-Users  KRYSTIN\0100_UF_ALI_Lab_020_Allow  KRYSTIN\4200_UF_F_see  KRYSTIN\0100_UF_HAE_201_204_Allow  KRYSTIN\2000_IQ_ILA-103A_C  KRYSTIN\2000_UF_F_Providencia-clementina_R  KRYSTIN\2400_UF_App_BqvrgdsDkvz-FS  KRYSTIN\0100_UF_FAE_Lab_1020A_Allow  KRYSTIN\0100_UF_KEN_Microfilms_Allow  KRYSTIN\ZOE Margrett - ZOE Margrett-Password Changes  KRYSTIN\0000_HQ_APP_Belinda Central IT Employee Profile  KRYSTIN\0100_UF_ROY_Lab_030_Allow  KRYSTIN\2000_UF_F_Archived(Completed)-Projects_R  KRYSTIN\0100_UF_FAE_101_101_Allow  KRYSTIN\1100_UF_F_Svetlana_Admin  KRYSTIN\2000_UF_F_Shared_Projects_R  KRYSTIN\0100_UF_Special_needs_Allow  KRYSTIN\1100_UF_F_Service-Management_JborgtoIbwh  KRYSTIN\1100_UF_F_SOO_Users  KRYSTIN\0100_UF_HUI_201_202_Allow  KRYSTIN\250_RIA_Telephony_I2  KRYSTIN\0100_UF_KEN_030_046_Allow  KRYSTIN\0000_UF_F_BANNER-LEIGHA-1L  KRYSTIN\2000_IQ_ILA-103_C  KRYSTIN\4200_UF_F_jong  KRYSTIN\0100_UF_ROY_Studio_Allow  KRYSTIN\0000_UF_F_LYN Bypass Management  KRYSTIN\Dorathy Site Users Cori  KRYSTIN\0100_UF_KEN_101_100_Allow  KRYSTIN\0100_UF_KEN_Lab_005_Allow  KRYSTIN\0100_UF_KEN_126_111_Allow  KRYSTIN\0100_UF_F_Allow_Lab_Use  KRYSTIN\2000_UF_F_QyxbnoBAIl_R  KRYSTIN\0100_UF_KEN_107_006_Deny_external_accounts_Allow  KRYSTIN\0100_UF_F_DawacuPnva-Users  KRYSTIN\2000_UF_F_KAY_CAMPUS_R  KRYSTIN\0000_UF_F_WILLOW_MERI_Users  KRYSTIN\1100_HQ_APP_LUPE-Dorathy Access  KRYSTIN\0100_UF_KEN_107_006_Allow_external_accounts_Allow  KRYSTIN\0100_UF_ALI_401_409_Allow_external_accounts_Allow  KRYSTIN\M-Users  KRYSTIN\1100_UF_O_RAE  KRYSTIN\0100_UF_ALI_Lab_420_Allow  KRYSTIN\0000_UF_F_Active Employees  KRYSTIN\1100_UF_F_Margrett-Bocmey224Zqn  KRYSTIN\2000_UF_F_LOVE_R  KRYSTIN\2000_UF_O_FACILITIES  KRYSTIN\ZOE IT Testing  KRYSTIN\2000_UF_F_Master-Campus-Map_R  KRYSTIN\0100_UF_KEN_Lab_300_Allow  KRYSTIN\2000_UF_GY_KAY-Campus_R  KRYSTIN\1100_UF_O_Service Desk Members  KRYSTIN\Google Users  KRYSTIN\2000_UF_F_Google-Sketch-Up_R  KRYSTIN\0100_UF_ROY_Lab_020_Allow  KRYSTIN\0100_UF_KEN_Media_Allow  KRYSTIN\1100_UF_F_Service-Management_Svetlana-Support_Procedures_R  KRYSTIN\0000_UF_F_BANNER-LEIGHA-2 Users  KRYSTIN\0100_UF_F_DawacuPnva_XrklnkiAipjt-Users  KRYSTIN\2000_IQ_ILA-143_C  KRYSTIN\2000_UF_F_VWVLfod_R  KRYSTIN\1100_UF_F_WffcdpsRnsnqueufc_JborgtoIbwh  KRYSTIN\0000_UF_F_Svetlana_Admin  KRYSTIN\2000_UF_F_Public-Data  KRYSTIN\0100_UF_ALI_401_409_Deny_external_accounts_Allow  KRYSTIN\0000_UF_F_Mildred_R  KRYSTIN\2000_HQ_GY_Google-Sketch-Up_R  KRYSTIN\0000_UF_F_Central IT Employee Luis Users  KRYSTIN\0000_UF_F_Corporate_TED_TIA  KRYSTIN\2000_UF_F_IT  KRYSTIN\ZOE Twanna Users  KRYSTIN\Dorathy Site Users  Authentication authority asserted identity  KRYSTIN\2000_HQ_GY_QyxbnoBAIl_R  KRYSTIN\4200_HQ_GY_see_M  KRYSTIN\1100_HQ_GY_Service-Management_Svetlana-Support_Procedures_R  KRYSTIN\1100_HQ_GY_RAE-Photos_M  KRYSTIN\1100_HQ_GY_Service-Management_JborgtoIbwh  KRYSTIN\2000_HQ_GY_Archived(Completed)-Projects_R  KRYSTIN\0000_HQ_RUNnst_Temporary_File_M  KRYSTIN\Central_hq_M-Users  KRYSTIN\0000_HQ_Mildred_Share-Access  KRYSTIN\0000_HQ_RUNnst_R  KRYSTIN\2000_HQ_GY_KAY-Campus_R  KRYSTIN\WtjdtmRwxq  KRYSTIN\2000_HQ_GY_Public-Data_M  KRYSTIN\0000_HQ_APP_Dorathy IT Staff Access  KRYSTIN\0000_HQ_APP_HWA kRystin Profile  KRYSTIN\2000_HQ_FACILITIES_Share-Access  KRYSTIN\0000_HQ_Public_R  KRYSTIN\1100_HQ_APP_Secret Server Service Desk Group Folder  KRYSTIN\2000_HQ_GY_VWVLfod_R  KRYSTIN\4200_HQ_NETA_Share-Access  KRYSTIN\1100_HQ_RAE-share-access  KRYSTIN\0000_HQ_APP_LYN Users  KRYSTIN\2000_HQ_GY_Providencia-clementina_R  KRYSTIN\0000_HQ_Public_share_access  KRYSTIN\2000_HQ_GY_Master-Campus-Map_R  KRYSTIN\2000_HQ_GY_LOVE_Deployments_Log_M  KRYSTIN\4200_HQ_GY_jong_M  KRYSTIN\1110_HQ_Finance_HnffksXyb  KRYSTIN\0000_HQ_APP_Dorathy General Access  KRYSTIN\2000_HQ_GY_LOVE_R  KRYSTIN\0000_HQ_APP_LUPE_RildguAg Learning Users  KRYSTIN\0000_HQ_RUNnst_share_access  KRYSTIN\0000_HQ_APP_LYN Licensed Users  KRYSTIN\2000_HQ_GY_Shared_Projects_R  KRYSTIN\2000_HQ_FACILITIES_Share-F  KRYSTIN\2000_HQ_GY_O&M-Manuals_R  KRYSTIN\1100_HQ_APP_Secret Server view IT Structure  KRYSTIN\0000_HQ_APP_LUPE_TbzuAW  Mandatory Label\Medium Plus Mandatory Level The subject fields indicate the account on the local system which requested the logon. This is most commonly a service such as the Server service, or a local process such as Demarcus.eli or Services.eli. The logon type field indicates the kind of logon that occurred. The most common types are 2 (interactive) and 3 (network). The New Logon fields indicate the account for whom the new logon was created, i.e. the account that was logged on. This event is generated when the Audit Group Membership jackqueline is configured. The Logon ID field can be used to correlate this event with the corresponding user logon event as well as to any other security audit events generated during this logon session.
10/09/2020 09:07:59 AM LogName=Security EpiypiLkch=Catherina Windows security auditing. SkveeFqis=4208 EventType=0 Type=Information ComputerName=JOI-I03.krystin.o.fern NsooVmlpmhuy=Jesusita Service Ticket Operations OpCode=Info QoioxoAcgibn=0000404005 Keywords=Audit Failure Message=A Jesusita service ticket was requested. Account Information: Account Name: qwrvcb2@KRYSTIN.O.FERN Account Domain: KRYSTIN.O.FERN Logon YUNG: {00000000-0000-0000-0000-000000000000} Service Information: Service Name: arie/JOI-A01.krystin.o.fern Service ID: NULL MEL Network Information: Client Address: ::nina:10.036.17.006 Client Port: 21200 Additional Information: Ticket Options: 0u00310000 Ticket Encryption Type: 0oOJJDPJBY Failure Code: 0r00 Cristobal Services: - This event is generated every time access is requested to a resource such as a computer or a Windows service. The service name indicates the resource to which access was requested. This event can be correlated with Windows logon events by comparing the Logon YUNG fields in each event. The logon event occurs on the machine that was accessed, which is often a different machine than the domain controller which issued the service ticket. Ticket options, encryption types, and failure codes are defined in UNA 1120.
10/09/2020 09:07:59 AM LogName=Security EpiypiLkch=Catherina Windows security auditing. SkveeFqis=1320 EventType=0 Type=Information ComputerName=JOI-I03.krystin.o.fern NsooVmlpmhuy=Logon OpCode=Info QoioxoAcgibn=1061212203 Keywords=Audit Success Message=An account was successfully logged on. Subject: Security ID: NULL MEL Account Name: - Account Domain: - Logon ID: 0x0 Logon Information: Logon Type: 3 Restricted Admin Mode: - Virtual Account: No Elevated Token: Yes Impersonation Level: Impersonation New Logon: Security ID: KRYSTIN\cristina Account Name: cristina Account Domain: KRYSTIN.O.FERN Logon ID: 0g010S46640 Linked Logon ID: 0x0 Network Account Name: - Network Account Domain: - Logon YUNG: {ZP1ZA112-2W60-C000-JD3I-V12C2U43Z62Y} Process Information: Process ID: 0x0 Process Name: - Network Information: Workstation Name: - Source Network Address: 10.25.6.061 Source Port: 11612 Detailed Authentication Information: Logon Process: Jesusita Authentication Package: Jesusita Cristobal Services: - Package Name (NEAL only): - Key Length: 0 This event is generated when a logon session is created. It is generated on the computer that was accessed. The subject fields indicate the account on the local system which requested the logon. This is most commonly a service such as the Server service, or a local process such as Demarcus.eli or Services.eli. The logon type field indicates the kind of logon that occurred. The most common types are 2 (interactive) and 3 (network). The New Logon fields indicate the account for whom the new logon was created, i.e. the account that was logged on. The network fields indicate where a remote logon request originated. Workstation name is not always available and may be left blank in some cases. The impersonation level field indicates the extent to which a process in the logon session can impersonate. The authentication information fields provide detailed information about this specific logon request. - Logon YUNG is a unique identifier that can be used to correlate this event with a ORA event. - Cristobal services indicate which intermediate services have participated in this logon request. - Package name indicates which sub-protocol was used among the NEAL protocols. - Key length indicates the length of the generated session key. This will be 0 if no session key was requested.
10/09/2020 09:07:59 AM LogName=Security EpiypiLkch=Catherina Windows security auditing. SkveeFqis=1120 EventType=0 Type=Information ComputerName=JOI-I03.krystin.o.fern NsooVmlpmhuy=Ashlea OpCode=Info QoioxoAcgibn=0281317204 Keywords=Audit Success Message=An account was logged off. Subject: Security ID: KRYSTIN\sunshine Account Name: sunshine Account Domain: KRYSTIN Logon ID: 0n003R4123M Logon Type:  3 This event is generated when a logon session is destroyed. It may be positively correlated with a logon event using the Logon ID value. Logon IDs are only unique between reboots on the same computer.
10/09/2020 09:07:59 AM LogName=Security EpiypiLkch=Catherina Windows security auditing. SkveeFqis=4053 EventType=0 Type=Information ComputerName=JOI-I03.krystin.o.fern NsooVmlpmhuy=Jesusita Authentication Service OpCode=Info QoioxoAcgibn=2120314200 Keywords=Audit Failure Message=A Jesusita authentication ticket (INA) was requested. Account Information: Account Name: qwrvcb2 Supplied Realm Name: KRYSTIN.O.FERN User ID:  NULL MEL Service Information: Service Name: dalton/KRYSTIN.O.FERN Service ID: NULL MEL Network Information: Client Address: ::nina:10.036.17.006 Client Port: 20204 Additional Information: Ticket Options: 0y30610000 Result Code: 0r00 Ticket Encryption Type: 0oOJJDPJBY Bea-Authentication Type: - Certificate Information: Certificate Issuer Name:  Certificate Serial Number:  Certificate Cassaundra:  Certificate information is only provided if a certificate was used for bea-authentication. Bea-authentication types, ticket options, encryption types and result codes are defined in UNA 1120.
10/09/2020 09:07:59 AM LogName=Security EpiypiLkch=Catherina Windows security auditing. SkveeFqis=4208 EventType=0 Type=Information ComputerName=JOI-I03.krystin.o.fern NsooVmlpmhuy=Jesusita Service Ticket Operations OpCode=Info QoioxoAcgibn=0111504200 Keywords=Audit Failure Message=A Jesusita service ticket was requested. Account Information: Account Name: qwrvcb2@KRYSTIN.O.FERN Account Domain: KRYSTIN.O.FERN Logon YUNG: {00000000-0000-0000-0000-000000000000} Service Information: Service Name: dalton/KRYSTIN.O.FERN Service ID: NULL MEL Network Information: Client Address: ::nina:10.036.17.006 Client Port: 30006 Additional Information: Ticket Options: 0t00000 Ticket Encryption Type: 0oOJJDPJBY Failure Code: 0r00 Cristobal Services: - This event is generated every time access is requested to a resource such as a computer or a Windows service. The service name indicates the resource to which access was requested. This event can be correlated with Windows logon events by comparing the Logon YUNG fields in each event. The logon event occurs on the machine that was accessed, which is often a different machine than the domain controller which issued the service ticket. Ticket options, encryption types, and failure codes are defined in UNA 1120.
10/09/2020 09:07:59 AM LogName=Security EpiypiLkch=Catherina Windows security auditing. SkveeFqis=4053 EventType=0 Type=Information ComputerName=JOI-I03.krystin.o.fern NsooVmlpmhuy=Jesusita Authentication Service OpCode=Info QoioxoAcgibn=1261008301 Keywords=Audit Failure Message=A Jesusita authentication ticket (INA) was requested. Account Information: Account Name: qwrvcb2 Supplied Realm Name: KRYSTIN.O.FERN User ID:  NULL MEL Service Information: Service Name: dalton/KRYSTIN.O.FERN Service ID: NULL MEL Network Information: Client Address: ::nina:10.036.17.006 Client Port: 30101 Additional Information: Ticket Options: 0y30610000 Result Code: 0r00 Ticket Encryption Type: 0oOJJDPJBY Bea-Authentication Type: - Certificate Information: Certificate Issuer Name:  Certificate Serial Number:  Certificate Cassaundra:  Certificate information is only provided if a certificate was used for bea-authentication. Bea-authentication types, ticket options, encryption types and result codes are defined in UNA 1120.
10/09/2020 09:07:59 AM LogName=Security EpiypiLkch=Catherina Windows security auditing. SkveeFqis=4208 EventType=0 Type=Information ComputerName=JOI-I03.krystin.o.fern NsooVmlpmhuy=Jesusita Service Ticket Operations OpCode=Info QoioxoAcgibn=1222029300 Keywords=Audit Failure Message=A Jesusita service ticket was requested. Account Information: Account Name: qwrvcb2@KRYSTIN.O.FERN Account Domain: KRYSTIN.O.FERN Logon YUNG: {00000000-0000-0000-0000-000000000000} Service Information: Service Name: dalton/KRYSTIN.O.FERN Service ID: NULL MEL Network Information: Client Address: ::nina:10.036.17.006 Client Port: 00200 Additional Information: Ticket Options: 0t00000 Ticket Encryption Type: 0oOJJDPJBY Failure Code: 0r00 Cristobal Services: - This event is generated every time access is requested to a resource such as a computer or a Windows service. The service name indicates the resource to which access was requested. This event can be correlated with Windows logon events by comparing the Logon YUNG fields in each event. The logon event occurs on the machine that was accessed, which is often a different machine than the domain controller which issued the service ticket. Ticket options, encryption types, and failure codes are defined in UNA 1120.
10/09/2020 09:07:59 AM LogName=Security EpiypiLkch=Catherina Windows security auditing. SkveeFqis=0100 EventType=0 Type=Information ComputerName=JOI-I03.krystin.o.fern NsooVmlpmhuy=Group Membership OpCode=Info QoioxoAcgibn=1222611000 Keywords=Audit Success Message=Group membership information. Subject: Security ID: NULL MEL Account Name: - Account Domain: - Logon ID: 0x0 Logon Type:  3 New Logon: Security ID: KRYSTIN\sunshine Account Name: sunshine Account Domain: KRYSTIN.O.FERN Logon ID: 0n003R4123M Event in sequence: 1 of 1 Group Membership:   KRYSTIN\Domain Users  Everyone  BUILTIN\Users  BUILTIN\Bea-Windows 0000 Compatible Access  NT AUTHORITY\NETWORK  NT AUTHORITY\Authenticated Users  NT AUTHORITY\This Organization  KRYSTIN\0100_UF_KEN_Lab_103_Allow  KRYSTIN\0000_UF_F_VON_Access_Admin  KRYSTIN\0000_UF_F_QLowayb  KRYSTIN\0000_UF_F_RUNnst_Lab  KRYSTIN\1100_HQ_GY_SOO-Users  KRYSTIN\0202_UF_R_SADE_Admin  KRYSTIN\0000_UF_F_Arts-PcavcqbNdhcveyjAjvzrv  KRYSTIN\0000_UF_F_Library_Access  KRYSTIN\0000_HQ_APP_Belinda Employee Profile  KRYSTIN\0100_UF_ALI_Express_Allow  KRYSTIN\0202_UF_F_RESEARCH  KRYSTIN\0100_UF_PjlscpSvdhFihqf_Allow  KRYSTIN\ALMA_Application_SWDNIrgqlss  KRYSTIN\0000_UF_F_Dorathy IT Staff Access Users  KRYSTIN\0000_UF_F_Tbzuaw  KRYSTIN\0100_UF_F_TAD_Labs-Guests  KRYSTIN\0100_UF_KEN_Express_Allow  KRYSTIN\0000_JOANNE_Guest  KRYSTIN\0000_UF_F_AD-Domain-Joiner  KRYSTIN\0000_UF_F_RUNnst-Folder-Users  KRYSTIN\0100_UF_ALI_Lab_020_Allow  KRYSTIN\Group Policy Creator Owners  KRYSTIN\0100_UF_HAE_201_204_Allow  KRYSTIN\0202_UF_F_R_LIZA  KRYSTIN\0000_UF_F_ARTS_MERI_Users  KRYSTIN\0000_UF_F_APP_AJA  KRYSTIN\0100_UF_FAE_Lab_1020A_Allow  KRYSTIN\0100_UF_KEN_Microfilms_Allow  KRYSTIN\J-Users  KRYSTIN\0100_UF_ROY_Lab_030_Allow  KRYSTIN\0000_UF_F_Arts-Color-Printing  KRYSTIN\0100_UF_FAE_101_101_Allow  KRYSTIN\0100_UF_Special_needs_Allow  KRYSTIN\0000_UF_F_YCHPBnasj  KRYSTIN\0000_UF_F_Svetlana_Admin  KRYSTIN\1100_UF_F_SOO_Users  KRYSTIN\0100_UF_HUI_201_202_Allow  KRYSTIN\0202_UF_R_LUCRECIA_CvuqNvbbcy  KRYSTIN\ZOE Server Access Prod  KRYSTIN\0100_UF_KEN_030_046_Allow  KRYSTIN\0000_UF_F_BANNER-LEIGHA-1L  KRYSTIN\0100_UF_ROY_Studio_Allow  KRYSTIN\rlw1  KRYSTIN\0000_UF_F_IT  KRYSTIN\Dorathy Site Users Cori  KRYSTIN\0100_UF_KEN_101_100_Allow  KRYSTIN\0100_UF_KEN_Lab_005_Allow  KRYSTIN\0100_UF_KEN_126_111_Allow  KRYSTIN\0100_UF_F_Allow_Lab_Use  KRYSTIN\0100_UF_KEN_107_006_Deny_external_accounts_Allow  KRYSTIN\0100_UF_F_DawacuPnva-Users  KRYSTIN\0000_UF_F_Arts-ShtrtjmgOriupgldyfIqzbznnWhkbv  KRYSTIN\1100_HQ_APP_LUPE-Dorathy Access  KRYSTIN\0100_UF_KEN_107_006_Allow_external_accounts_Allow  KRYSTIN\0100_UF_ALI_401_409_Allow_external_accounts_Allow  KRYSTIN\0000_UF_F_ZOE_Management  KRYSTIN\0100_UF_ALI_Lab_420_Allow  KRYSTIN\0000_UF_F_Active Employees  KRYSTIN\0202_UF_F_R_ULA  KRYSTIN\ALMA_ZOE_BVApicp  KRYSTIN\0100_UF_KEN_Lab_300_Allow  KRYSTIN\Google Users  KRYSTIN\0100_UF_ROY_Lab_020_Allow  KRYSTIN\0100_UF_KEN_Media_Allow  KRYSTIN\0000_UF_F_BANNER-LEIGHA-2 Users  KRYSTIN\0100_UF_F_DawacuPnva_XrklnkiAipjt-Users  KRYSTIN\ALMA_Application_QfttasOtjsnl  KRYSTIN\0000_UF_O_Arts  KRYSTIN\0000_UF_F_HQKCfm  KRYSTIN\0000_UF_F_TOYA_Admin  KRYSTIN\0100_UF_ALI_401_409_Deny_external_accounts_Allow  KRYSTIN\0000_UF_F_Active_Employees  KRYSTIN\0000_UF_F_Corporate_TED_TIA  KRYSTIN\Dorathy Site Users  KRYSTIN\Central_hq_J-Users  KRYSTIN\0000_HQ_APP_AJA  KRYSTIN\0000_HQ_Col-Arts-IT_share_F  KRYSTIN\0202_HQ_GY_JUDI_M  KRYSTIN\0000_HQ_GY_Computer_software_Share_Staff_access  KRYSTIN\0000_HQ_Arts_Share-M  KRYSTIN\0000_HQ_RUNnst_Temporary_File_M  KRYSTIN\0000_HQ_RUNnst_R  KRYSTIN\WtjdtmRwxq  KRYSTIN\0000_HQ_Arts_share-access  KRYSTIN\0000_HQ_GY_RUNnst_Lab_M  KRYSTIN\0000_HQ_APP_Dorathy IT Staff Access  KRYSTIN\0000_HQ_APP_HWA kRystin Profile  KRYSTIN\0000_HQ_Public_R  KRYSTIN\0000_HQ_APP_LUPE_TbzuAW  KRYSTIN\0000_HQ_APP_LYN Users  KRYSTIN\0000_HQ_Arts-ECHO_share-access  KRYSTIN\0202_HQ_GY_SIGNE_M  KRYSTIN\0000_HQ_Arts-ECHO_share-F  KRYSTIN\0000_HQ_Public_share_access  KRYSTIN\0202_HQ_GY_SADE_Restricted_M  KRYSTIN\0202_HQ_GY_lucrecia_CvuqNvbbcy  KRYSTIN\0000_HQ_GY_Computer_software_ART_F  KRYSTIN\1110_HQ_Finance_HnffksXyb  KRYSTIN\0000_HQ_APP_Dorathy General Access  KRYSTIN\0202_HQ_GY_SADE_Public_M  KRYSTIN\Denied TINA Password Replication Group  KRYSTIN\0000_HQ_APP_LUPE_RildguAg Learning Users  KRYSTIN\0000_HQ_GY_YCHPBnasj_M  KRYSTIN\0000_HQ_RUNnst_share_access  KRYSTIN\0000_HQ_APP_LYN Licensed Users  KRYSTIN\0000_HQ_GY_IT_M  Mandatory Label\Medium Plus Mandatory Level The subject fields indicate the account on the local system which requested the logon. This is most commonly a service such as the Server service, or a local process such as Demarcus.eli or Services.eli. The logon type field indicates the kind of logon that occurred. The most common types are 2 (interactive) and 3 (network). The New Logon fields indicate the account for whom the new logon was created, i.e. the account that was logged on. This event is generated when the Audit Group Membership jackqueline is configured. The Logon ID field can be used to correlate this event with the corresponding user logon event as well as to any other security audit events generated during this logon session.
10/09/2020 09:07:59 AM LogName=Security EpiypiLkch=Catherina Windows security auditing. SkveeFqis=1320 EventType=0 Type=Information ComputerName=JOI-I03.krystin.o.fern NsooVmlpmhuy=Logon OpCode=Info QoioxoAcgibn=2250122285 Keywords=Audit Success Message=An account was successfully logged on. Subject: Security ID: NULL MEL Account Name: - Account Domain: - Logon ID: 0x0 Logon Information: Logon Type: 3 Restricted Admin Mode: - Virtual Account: No Elevated Token: Yes Impersonation Level: Impersonation New Logon: Security ID: KRYSTIN\sunshine Account Name: sunshine Account Domain: KRYSTIN.O.FERN Logon ID: 0n003R4123M Linked Logon ID: 0x0 Network Account Name: - Network Account Domain: - Logon YUNG: {B4UOB5FP-LORE-I34K-10D1-231HP0DE862O} Process Information: Process ID: 0x0 Process Name: - Network Information: Workstation Name: - Source Network Address: 10.31.56.05 Source Port: 50624 Detailed Authentication Information: Logon Process: Jesusita Authentication Package: Jesusita Cristobal Services: - Package Name (NEAL only): - Key Length: 0 This event is generated when a logon session is created. It is generated on the computer that was accessed. The subject fields indicate the account on the local system which requested the logon. This is most commonly a service such as the Server service, or a local process such as Demarcus.eli or Services.eli. The logon type field indicates the kind of logon that occurred. The most common types are 2 (interactive) and 3 (network). The New Logon fields indicate the account for whom the new logon was created, i.e. the account that was logged on. The network fields indicate where a remote logon request originated. Workstation name is not always available and may be left blank in some cases. The impersonation level field indicates the extent to which a process in the logon session can impersonate. The authentication information fields provide detailed information about this specific logon request. - Logon YUNG is a unique identifier that can be used to correlate this event with a ORA event. - Cristobal services indicate which intermediate services have participated in this logon request. - Package name indicates which sub-protocol was used among the NEAL protocols. - Key length indicates the length of the generated session key. This will be 0 if no session key was requested.
10/09/2020 09:07:59 AM LogName=Security EpiypiLkch=Catherina Windows security auditing. SkveeFqis=1120 EventType=0 Type=Information ComputerName=JOI-I03.krystin.o.fern NsooVmlpmhuy=Ashlea OpCode=Info QoioxoAcgibn=2221526281 Keywords=Audit Success Message=An account was logged off. Subject: Security ID: KRYSTIN\1400-VPVNUQ4$ Account Name: 1400-VPVNUQ4$ Account Domain: KRYSTIN Logon ID: 0u001I152AN Logon Type:  3 This event is generated when a logon session is destroyed. It may be positively correlated with a logon event using the Logon ID value. Logon IDs are only unique between reboots on the same computer.
10/09/2020 09:07:59 AM LogName=Security EpiypiLkch=Catherina Windows security auditing. SkveeFqis=1120 EventType=0 Type=Information ComputerName=JOI-I03.krystin.o.fern NsooVmlpmhuy=Ashlea OpCode=Info QoioxoAcgibn=0071416181 Keywords=Audit Success Message=An account was logged off. Subject: Security ID: KRYSTIN\sunshine Account Name: sunshine Account Domain: KRYSTIN Logon ID: 0v110L01218 Logon Type:  3 This event is generated when a logon session is destroyed. It may be positively correlated with a logon event using the Logon ID value. Logon IDs are only unique between reboots on the same computer.
