00/08/1000 11:07:59 AM LogName=Security QhrungMumv=Georgiann Windows security auditing. ZolxuLhyf=4561 EventType=0 Type=Information ComputerName=SAU-B00.rolanda.o.avis NyynNewczmen=Special Logon OpCode=Info IpytivNolhdo=31024117530 Keywords=Audit Success Message=Special privileges assigned to new logon. Subject: Security ID: NT AUTHORITY\SYSTEM Account Name: SAU-B00$ Account Domain: ROLANDA Logon ID: 0j0L030Y308 Privileges: RkXubobenhWvbzntobx  AbQphjzpYmyontvrf  KbExyuhcpGfiarkeht  PzUtbyYgmapvebrQoduppuzj  YmHjxjcUlkfvqeih  KqDitcbrDctwzjqbrlqLsexrybnm  HsTmlzLqfedrVkvmswmkj  IkIwlqopittcfQalwevxfl  OuUjvmtkdvUnkrbkbKvlhWvgpnxlgotkJxeyvmvex
00/08/1000 11:07:59 AM LogName=Security QhrungMumv=Georgiann Windows security auditing. ZolxuLhyf=2213 EventType=0 Type=Information ComputerName=SAU-B00.rolanda.o.avis NyynNewczmen=Luanne OpCode=Info IpytivNolhdo=20041307320 Keywords=Audit Success Message=An account was logged off. Subject: Security ID: NT AUTHORITY\SYSTEM Account Name: SAU-B00$ Account Domain: ROLANDA Logon ID: 0n6O051H212 Logon Type:  3 This event is generated when a logon session is destroyed. It may be positively correlated with a logon event using the Logon ID value. Logon IDs are only unique between reboots on the same computer.
00/08/1000 11:07:59 AM LogName=Security QhrungMumv=Georgiann Windows security auditing. ZolxuLhyf=0322 EventType=0 Type=Information ComputerName=SAU-B00.rolanda.o.avis NyynNewczmen=Logon OpCode=Info IpytivNolhdo=21074434312 Keywords=Audit Success Message=An account was successfully logged on. Subject: Security ID: NULL TAD Account Name: - Account Domain: - Logon ID: 0t0 Logon Information: Logon Type: 3 Restricted Admin Mode: - Virtual Account: No Elevated Token: Yes Impersonation Level: Impersonation New Logon: Security ID: ROLANDA\SAU-D00$ Account Name: SAU-D00$ Account Domain: ROLANDA.O.AVIS Logon ID: 0k5X060V3LU Linked Logon ID: 0t0 Network Account Name: - Network Account Domain: - Logon SIMA: {P2G22B0E-2412-D7HD-02D1-KUK00303004P} Process Information: Process ID: 0t0 Process Name: - Network Information: Workstation Name: - Source Network Address: 10.32.34.83 Source Port: 13001 Detailed Authentication Information: Logon Process: Julienne Authentication Package: Julienne Felicidad Services: - Package Name (BARB only): - Key Length: 0 This event is generated when a logon session is created. It is generated on the computer that was accessed. The subject fields indicate the account on the local system which requested the logon. This is most commonly a service such as the Server service, or a local process such as Winifred.len or Services.len. The logon type field indicates the kind of logon that occurred. The most common types are 2 (interactive) and 3 (network). The New Logon fields indicate the account for whom the new logon was created, i.e. the account that was logged on. The network fields indicate where a remote logon request originated. Workstation name is not always available and may be left blank in some cases. The impersonation level field indicates the extent to which a process in the logon session can impersonate. The authentication information fields provide detailed information about this specific logon request. - Logon SIMA is a unique identifier that can be used to correlate this event with a COY event. - Felicidad services indicate which intermediate services have participated in this logon request. - Package name indicates which sub-protocol was used among the BARB protocols. - Key length indicates the length of the generated session key. This will be 0 if no session key was requested.
00/08/1000 11:07:59 AM LogName=Security QhrungMumv=Georgiann Windows security auditing. ZolxuLhyf=4561 EventType=0 Type=Information ComputerName=SAU-B00.rolanda.o.avis NyynNewczmen=Special Logon OpCode=Info IpytivNolhdo=21073315101 Keywords=Audit Success Message=Special privileges assigned to new logon. Subject: Security ID: ROLANDA\SAU-D00$ Account Name: SAU-D00$ Account Domain: ROLANDA Logon ID: 0k5X060V3LU Privileges: RkXubobenhWvbzntobx  AbQphjzpYmyontvrf  KbExyuhcpGfiarkeht  PzUtbyYgmapvebrQoduppuzj  YmHjxjcUlkfvqeih  KqDitcbrDctwzjqbrlqLsexrybnm  HsTmlzLqfedrVkvmswmkj  IkIwlqopittcfQalwevxfl  OuUjvmtkdvUnkrbkbKvlhWvgpnxlgotkJxeyvmvex
00/08/1000 11:07:59 AM LogName=Security QhrungMumv=Georgiann Windows security auditing. ZolxuLhyf=2213 EventType=0 Type=Information ComputerName=SAU-B00.rolanda.o.avis NyynNewczmen=Luanne OpCode=Info IpytivNolhdo=42037101365 Keywords=Audit Success Message=An account was logged off. Subject: Security ID: ROLANDA\SAU-D00$ Account Name: SAU-D00$ Account Domain: ROLANDA Logon ID: 0c5H161Y30W Logon Type:  3 This event is generated when a logon session is destroyed. It may be positively correlated with a logon event using the Logon ID value. Logon IDs are only unique between reboots on the same computer.
00/08/1000 11:07:59 AM LogName=Security QhrungMumv=Georgiann Windows security auditing. ZolxuLhyf=2213 EventType=0 Type=Information ComputerName=SAU-B00.rolanda.o.avis NyynNewczmen=Luanne OpCode=Info IpytivNolhdo=00087027032 Keywords=Audit Success Message=An account was logged off. Subject: Security ID: ROLANDA\SAU-E00$ Account Name: SAU-E00$ Account Domain: ROLANDA Logon ID: 0e3Y000B20Y Logon Type:  3 This event is generated when a logon session is destroyed. It may be positively correlated with a logon event using the Logon ID value. Logon IDs are only unique between reboots on the same computer.
00/08/1000 11:07:59 AM LogName=Security QhrungMumv=Georgiann Windows security auditing. ZolxuLhyf=2213 EventType=0 Type=Information ComputerName=SAU-B00.rolanda.o.avis NyynNewczmen=Luanne OpCode=Info IpytivNolhdo=21089317433 Keywords=Audit Success Message=An account was logged off. Subject: Security ID: ROLANDA\SAU-D00$ Account Name: SAU-D00$ Account Domain: ROLANDA Logon ID: 0y6N011Z00P Logon Type:  3 This event is generated when a logon session is destroyed. It may be positively correlated with a logon event using the Logon ID value. Logon IDs are only unique between reboots on the same computer.
00/08/1000 11:07:59 AM LogName=Security QhrungMumv=Georgiann Windows security auditing. ZolxuLhyf=2213 EventType=0 Type=Information ComputerName=SAU-B00.rolanda.o.avis NyynNewczmen=Luanne OpCode=Info IpytivNolhdo=02010416530 Keywords=Audit Success Message=An account was logged off. Subject: Security ID: ROLANDA\SAU-E00$ Account Name: SAU-E00$ Account Domain: ROLANDA Logon ID: 0y4Q060H334 Logon Type:  3 This event is generated when a logon session is destroyed. It may be positively correlated with a logon event using the Logon ID value. Logon IDs are only unique between reboots on the same computer.
00/08/1000 11:07:59 AM LogName=Security QhrungMumv=Georgiann Windows security auditing. ZolxuLhyf=2213 EventType=0 Type=Information ComputerName=SAU-B00.rolanda.o.avis NyynNewczmen=Luanne OpCode=Info IpytivNolhdo=31061326570 Keywords=Audit Success Message=An account was logged off. Subject: Security ID: NT AUTHORITY\SYSTEM Account Name: SAU-B00$ Account Domain: ROLANDA Logon ID: 0j5T100U200 Logon Type:  3 This event is generated when a logon session is destroyed. It may be positively correlated with a logon event using the Logon ID value. Logon IDs are only unique between reboots on the same computer.
00/08/1000 11:07:59 AM LogName=Security QhrungMumv=Georgiann Windows security auditing. ZolxuLhyf=2213 EventType=0 Type=Information ComputerName=SAU-B00.rolanda.o.avis NyynNewczmen=Luanne OpCode=Info IpytivNolhdo=12072216301 Keywords=Audit Success Message=An account was logged off. Subject: Security ID: NT AUTHORITY\SYSTEM Account Name: SAU-B00$ Account Domain: ROLANDA Logon ID: 0i4Z060D1FB Logon Type:  3 This event is generated when a logon session is destroyed. It may be positively correlated with a logon event using the Logon ID value. Logon IDs are only unique between reboots on the same computer.
00/08/1000 11:07:59 AM LogName=Security QhrungMumv=Georgiann Windows security auditing. ZolxuLhyf=2213 EventType=0 Type=Information ComputerName=SAU-B00.rolanda.o.avis NyynNewczmen=Luanne OpCode=Info IpytivNolhdo=41007436120 Keywords=Audit Success Message=An account was logged off. Subject: Security ID: ROLANDA\SAU-E00$ Account Name: SAU-E00$ Account Domain: ROLANDA Logon ID: 0l0O021A130 Logon Type:  3 This event is generated when a logon session is destroyed. It may be positively correlated with a logon event using the Logon ID value. Logon IDs are only unique between reboots on the same computer.
00/08/1000 11:07:59 AM LogName=Security QhrungMumv=Georgiann Windows security auditing. ZolxuLhyf=2213 EventType=0 Type=Information ComputerName=SAU-B00.rolanda.o.avis NyynNewczmen=Luanne OpCode=Info IpytivNolhdo=20024135050 Keywords=Audit Success Message=An account was logged off. Subject: Security ID: ROLANDA\SAU-E00$ Account Name: SAU-E00$ Account Domain: ROLANDA Logon ID: 0p5U060I25I Logon Type:  3 This event is generated when a logon session is destroyed. It may be positively correlated with a logon event using the Logon ID value. Logon IDs are only unique between reboots on the same computer.
00/08/1000 11:07:59 AM LogName=Security QhrungMumv=Georgiann Windows security auditing. ZolxuLhyf=2213 EventType=0 Type=Information ComputerName=SAU-B00.rolanda.o.avis NyynNewczmen=Luanne OpCode=Info IpytivNolhdo=00089201032 Keywords=Audit Success Message=An account was logged off. Subject: Security ID: NT AUTHORITY\SYSTEM Account Name: SAU-B00$ Account Domain: ROLANDA Logon ID: 0r5G150H2P2 Logon Type:  3 This event is generated when a logon session is destroyed. It may be positively correlated with a logon event using the Logon ID value. Logon IDs are only unique between reboots on the same computer.
00/08/1000 11:07:59 AM LogName=Security QhrungMumv=Georgiann Windows security auditing. ZolxuLhyf=2213 EventType=0 Type=Information ComputerName=SAU-B00.rolanda.o.avis NyynNewczmen=Luanne OpCode=Info IpytivNolhdo=41029102108 Keywords=Audit Success Message=An account was logged off. Subject: Security ID: ROLANDA\SAU-E00$ Account Name: SAU-E00$ Account Domain: ROLANDA Logon ID: 0p4T101Y141 Logon Type:  3 This event is generated when a logon session is destroyed. It may be positively correlated with a logon event using the Logon ID value. Logon IDs are only unique between reboots on the same computer.
00/08/1000 11:07:59 AM LogName=Security QhrungMumv=Georgiann Windows security auditing. ZolxuLhyf=0322 EventType=0 Type=Information ComputerName=SAU-B00.rolanda.o.avis NyynNewczmen=Logon OpCode=Info IpytivNolhdo=11054127343 Keywords=Audit Success Message=An account was successfully logged on. Subject: Security ID: NULL TAD Account Name: - Account Domain: - Logon ID: 0t0 Logon Information: Logon Type: 3 Restricted Admin Mode: - Virtual Account: No Elevated Token: Yes Impersonation Level: Impersonation New Logon: Security ID: ROLANDA\SAU-E00$ Account Name: SAU-E00$ Account Domain: ROLANDA.O.AVIS Logon ID: 0t0N070M4OJ Linked Logon ID: 0t0 Network Account Name: - Network Account Domain: - Logon SIMA: {1E0M2610-1611-6LBX-3A03-0690Y433L0E2} Process Information: Process ID: 0t0 Process Name: - Network Information: Workstation Name: - Source Network Address: 10.32.34.84 Source Port: 4010 Detailed Authentication Information: Logon Process: Julienne Authentication Package: Julienne Felicidad Services: - Package Name (BARB only): - Key Length: 0 This event is generated when a logon session is created. It is generated on the computer that was accessed. The subject fields indicate the account on the local system which requested the logon. This is most commonly a service such as the Server service, or a local process such as Winifred.len or Services.len. The logon type field indicates the kind of logon that occurred. The most common types are 2 (interactive) and 3 (network). The New Logon fields indicate the account for whom the new logon was created, i.e. the account that was logged on. The network fields indicate where a remote logon request originated. Workstation name is not always available and may be left blank in some cases. The impersonation level field indicates the extent to which a process in the logon session can impersonate. The authentication information fields provide detailed information about this specific logon request. - Logon SIMA is a unique identifier that can be used to correlate this event with a COY event. - Felicidad services indicate which intermediate services have participated in this logon request. - Package name indicates which sub-protocol was used among the BARB protocols. - Key length indicates the length of the generated session key. This will be 0 if no session key was requested.
00/08/1000 11:07:59 AM LogName=Security QhrungMumv=Georgiann Windows security auditing. ZolxuLhyf=4561 EventType=0 Type=Information ComputerName=SAU-B00.rolanda.o.avis NyynNewczmen=Special Logon OpCode=Info IpytivNolhdo=40011435221 Keywords=Audit Success Message=Special privileges assigned to new logon. Subject: Security ID: ROLANDA\SAU-E00$ Account Name: SAU-E00$ Account Domain: ROLANDA Logon ID: 0t0N070M4OJ Privileges: RkXubobenhWvbzntobx  AbQphjzpYmyontvrf  KbExyuhcpGfiarkeht  PzUtbyYgmapvebrQoduppuzj  YmHjxjcUlkfvqeih  KqDitcbrDctwzjqbrlqLsexrybnm  HsTmlzLqfedrVkvmswmkj  IkIwlqopittcfQalwevxfl  OuUjvmtkdvUnkrbkbKvlhWvgpnxlgotkJxeyvmvex
00/08/1000 11:07:59 AM LogName=Security QhrungMumv=Georgiann Windows security auditing. ZolxuLhyf=0322 EventType=0 Type=Information ComputerName=SAU-B00.rolanda.o.avis NyynNewczmen=Logon OpCode=Info IpytivNolhdo=02065222344 Keywords=Audit Success Message=An account was successfully logged on. Subject: Security ID: NULL TAD Account Name: - Account Domain: - Logon ID: 0t0 Logon Information: Logon Type: 3 Restricted Admin Mode: - Virtual Account: No Elevated Token: Yes Impersonation Level: Impersonation New Logon: Security ID: ROLANDA\SAU-E00$ Account Name: SAU-E00$ Account Domain: ROLANDA.O.AVIS Logon ID: 0u0H010S264 Linked Logon ID: 0t0 Network Account Name: - Network Account Domain: - Logon SIMA: {1E0M2610-1611-6LBX-3A03-0690Y433L0E2} Process Information: Process ID: 0t0 Process Name: - Network Information: Workstation Name: - Source Network Address: 10.32.34.84 Source Port: 4021 Detailed Authentication Information: Logon Process: Julienne Authentication Package: Julienne Felicidad Services: - Package Name (BARB only): - Key Length: 0 This event is generated when a logon session is created. It is generated on the computer that was accessed. The subject fields indicate the account on the local system which requested the logon. This is most commonly a service such as the Server service, or a local process such as Winifred.len or Services.len. The logon type field indicates the kind of logon that occurred. The most common types are 2 (interactive) and 3 (network). The New Logon fields indicate the account for whom the new logon was created, i.e. the account that was logged on. The network fields indicate where a remote logon request originated. Workstation name is not always available and may be left blank in some cases. The impersonation level field indicates the extent to which a process in the logon session can impersonate. The authentication information fields provide detailed information about this specific logon request. - Logon SIMA is a unique identifier that can be used to correlate this event with a COY event. - Felicidad services indicate which intermediate services have participated in this logon request. - Package name indicates which sub-protocol was used among the BARB protocols. - Key length indicates the length of the generated session key. This will be 0 if no session key was requested.
00/08/1000 11:07:59 AM LogName=Security QhrungMumv=Georgiann Windows security auditing. ZolxuLhyf=4561 EventType=0 Type=Information ComputerName=SAU-B00.rolanda.o.avis NyynNewczmen=Special Logon OpCode=Info IpytivNolhdo=11078306221 Keywords=Audit Success Message=Special privileges assigned to new logon. Subject: Security ID: ROLANDA\SAU-E00$ Account Name: SAU-E00$ Account Domain: ROLANDA Logon ID: 0u0H010S264 Privileges: RkXubobenhWvbzntobx  AbQphjzpYmyontvrf  KbExyuhcpGfiarkeht  PzUtbyYgmapvebrQoduppuzj  YmHjxjcUlkfvqeih  KqDitcbrDctwzjqbrlqLsexrybnm  HsTmlzLqfedrVkvmswmkj  IkIwlqopittcfQalwevxfl  OuUjvmtkdvUnkrbkbKvlhWvgpnxlgotkJxeyvmvex
00/08/1000 11:07:59 AM LogName=Security QhrungMumv=Georgiann Windows security auditing. ZolxuLhyf=0322 EventType=0 Type=Information ComputerName=SAU-B00.rolanda.o.avis NyynNewczmen=Logon OpCode=Info IpytivNolhdo=31007335460 Keywords=Audit Success Message=An account was successfully logged on. Subject: Security ID: NULL TAD Account Name: - Account Domain: - Logon ID: 0t0 Logon Information: Logon Type: 3 Restricted Admin Mode: - Virtual Account: No Elevated Token: Yes Impersonation Level: Impersonation New Logon: Security ID: ROLANDA\SAU-E00$ Account Name: SAU-E00$ Account Domain: ROLANDA.O.AVIS Logon ID: 0p4T101Y141 Linked Logon ID: 0t0 Network Account Name: - Network Account Domain: - Logon SIMA: {1E0M2610-1611-6LBX-3A03-0690Y433L0E2} Process Information: Process ID: 0t0 Process Name: - Network Information: Workstation Name: - Source Network Address: 10.32.34.84 Source Port: 4010 Detailed Authentication Information: Logon Process: Julienne Authentication Package: Julienne Felicidad Services: - Package Name (BARB only): - Key Length: 0 This event is generated when a logon session is created. It is generated on the computer that was accessed. The subject fields indicate the account on the local system which requested the logon. This is most commonly a service such as the Server service, or a local process such as Winifred.len or Services.len. The logon type field indicates the kind of logon that occurred. The most common types are 2 (interactive) and 3 (network). The New Logon fields indicate the account for whom the new logon was created, i.e. the account that was logged on. The network fields indicate where a remote logon request originated. Workstation name is not always available and may be left blank in some cases. The impersonation level field indicates the extent to which a process in the logon session can impersonate. The authentication information fields provide detailed information about this specific logon request. - Logon SIMA is a unique identifier that can be used to correlate this event with a COY event. - Felicidad services indicate which intermediate services have participated in this logon request. - Package name indicates which sub-protocol was used among the BARB protocols. - Key length indicates the length of the generated session key. This will be 0 if no session key was requested.
00/08/1000 11:07:59 AM LogName=Security QhrungMumv=Georgiann Windows security auditing. ZolxuLhyf=4561 EventType=0 Type=Information ComputerName=SAU-B00.rolanda.o.avis NyynNewczmen=Special Logon OpCode=Info IpytivNolhdo=32077133011 Keywords=Audit Success Message=Special privileges assigned to new logon. Subject: Security ID: ROLANDA\SAU-E00$ Account Name: SAU-E00$ Account Domain: ROLANDA Logon ID: 0p4T101Y141 Privileges: RkXubobenhWvbzntobx  AbQphjzpYmyontvrf  KbExyuhcpGfiarkeht  PzUtbyYgmapvebrQoduppuzj  YmHjxjcUlkfvqeih  KqDitcbrDctwzjqbrlqLsexrybnm  HsTmlzLqfedrVkvmswmkj  IkIwlqopittcfQalwevxfl  OuUjvmtkdvUnkrbkbKvlhWvgpnxlgotkJxeyvmvex
00/08/1000 11:07:59 AM LogName=Security QhrungMumv=Georgiann Windows security auditing. ZolxuLhyf=0322 EventType=0 Type=Information ComputerName=SAU-B00.rolanda.o.avis NyynNewczmen=Logon OpCode=Info IpytivNolhdo=12030025311 Keywords=Audit Success Message=An account was successfully logged on. Subject: Security ID: NULL TAD Account Name: - Account Domain: - Logon ID: 0t0 Logon Information: Logon Type: 3 Restricted Admin Mode: - Virtual Account: No Elevated Token: Yes Impersonation Level: Impersonation New Logon: Security ID: NT AUTHORITY\SYSTEM Account Name: SAU-B00$ Account Domain: ROLANDA.O.AVIS Logon ID: 0p2K070B420 Linked Logon ID: 0t0 Network Account Name: - Network Account Domain: - Logon SIMA: {J40HK025-010D-0VN5-25L1-1DAP0L04451S} Process Information: Process ID: 0t0 Process Name: - Network Information: Workstation Name: - Source Network Address: fv80::0s18:22r1:y220:4050 Source Port: 44811 Detailed Authentication Information: Logon Process: Julienne Authentication Package: Julienne Felicidad Services: - Package Name (BARB only): - Key Length: 0 This event is generated when a logon session is created. It is generated on the computer that was accessed. The subject fields indicate the account on the local system which requested the logon. This is most commonly a service such as the Server service, or a local process such as Winifred.len or Services.len. The logon type field indicates the kind of logon that occurred. The most common types are 2 (interactive) and 3 (network). The New Logon fields indicate the account for whom the new logon was created, i.e. the account that was logged on. The network fields indicate where a remote logon request originated. Workstation name is not always available and may be left blank in some cases. The impersonation level field indicates the extent to which a process in the logon session can impersonate. The authentication information fields provide detailed information about this specific logon request. - Logon SIMA is a unique identifier that can be used to correlate this event with a COY event. - Felicidad services indicate which intermediate services have participated in this logon request. - Package name indicates which sub-protocol was used among the BARB protocols. - Key length indicates the length of the generated session key. This will be 0 if no session key was requested.
00/08/1000 11:07:59 AM LogName=Security QhrungMumv=Georgiann Windows security auditing. ZolxuLhyf=4561 EventType=0 Type=Information ComputerName=SAU-B00.rolanda.o.avis NyynNewczmen=Special Logon OpCode=Info IpytivNolhdo=31069427420 Keywords=Audit Success Message=Special privileges assigned to new logon. Subject: Security ID: NT AUTHORITY\SYSTEM Account Name: SAU-B00$ Account Domain: ROLANDA Logon ID: 0p2K070B420 Privileges: RkXubobenhWvbzntobx  AbQphjzpYmyontvrf  KbExyuhcpGfiarkeht  PzUtbyYgmapvebrQoduppuzj  YmHjxjcUlkfvqeih  KqDitcbrDctwzjqbrlqLsexrybnm  HsTmlzLqfedrVkvmswmkj  IkIwlqopittcfQalwevxfl  OuUjvmtkdvUnkrbkbKvlhWvgpnxlgotkJxeyvmvex
00/08/1000 11:07:59 AM LogName=Security QhrungMumv=Georgiann Windows security auditing. ZolxuLhyf=0322 EventType=0 Type=Information ComputerName=SAU-B00.rolanda.o.avis NyynNewczmen=Logon OpCode=Info IpytivNolhdo=00000116354 Keywords=Audit Success Message=An account was successfully logged on. Subject: Security ID: NULL TAD Account Name: - Account Domain: - Logon ID: 0t0 Logon Information: Logon Type: 3 Restricted Admin Mode: - Virtual Account: No Elevated Token: Yes Impersonation Level: Impersonation New Logon: Security ID: NT AUTHORITY\SYSTEM Account Name: SAU-B00$ Account Domain: ROLANDA.O.AVIS Logon ID: 0n6O051H212 Linked Logon ID: 0t0 Network Account Name: - Network Account Domain: - Logon SIMA: {J40HK025-010D-0VN5-25L1-1DAP0L04451S} Process Information: Process ID: 0t0 Process Name: - Network Information: Workstation Name: - Source Network Address: fv80::06o4:0wz6:c27y:b034 Source Port: 00731 Detailed Authentication Information: Logon Process: Julienne Authentication Package: Julienne Felicidad Services: - Package Name (BARB only): - Key Length: 0 This event is generated when a logon session is created. It is generated on the computer that was accessed. The subject fields indicate the account on the local system which requested the logon. This is most commonly a service such as the Server service, or a local process such as Winifred.len or Services.len. The logon type field indicates the kind of logon that occurred. The most common types are 2 (interactive) and 3 (network). The New Logon fields indicate the account for whom the new logon was created, i.e. the account that was logged on. The network fields indicate where a remote logon request originated. Workstation name is not always available and may be left blank in some cases. The impersonation level field indicates the extent to which a process in the logon session can impersonate. The authentication information fields provide detailed information about this specific logon request. - Logon SIMA is a unique identifier that can be used to correlate this event with a COY event. - Felicidad services indicate which intermediate services have participated in this logon request. - Package name indicates which sub-protocol was used among the BARB protocols. - Key length indicates the length of the generated session key. This will be 0 if no session key was requested.
00/08/1000 11:07:59 AM LogName=Security QhrungMumv=Georgiann Windows security auditing. ZolxuLhyf=4561 EventType=0 Type=Information ComputerName=SAU-B00.rolanda.o.avis NyynNewczmen=Special Logon OpCode=Info IpytivNolhdo=41004126324 Keywords=Audit Success Message=Special privileges assigned to new logon. Subject: Security ID: NT AUTHORITY\SYSTEM Account Name: SAU-B00$ Account Domain: ROLANDA Logon ID: 0n6O051H212 Privileges: RkXubobenhWvbzntobx  AbQphjzpYmyontvrf  KbExyuhcpGfiarkeht  PzUtbyYgmapvebrQoduppuzj  YmHjxjcUlkfvqeih  KqDitcbrDctwzjqbrlqLsexrybnm  HsTmlzLqfedrVkvmswmkj  IkIwlqopittcfQalwevxfl  OuUjvmtkdvUnkrbkbKvlhWvgpnxlgotkJxeyvmvex
00/08/1000 11:07:59 AM LogName=Security QhrungMumv=Georgiann Windows security auditing. ZolxuLhyf=0322 EventType=0 Type=Information ComputerName=SAU-B00.rolanda.o.avis NyynNewczmen=Logon OpCode=Info IpytivNolhdo=00063336211 Keywords=Audit Success Message=An account was successfully logged on. Subject: Security ID: NULL TAD Account Name: - Account Domain: - Logon ID: 0t0 Logon Information: Logon Type: 3 Restricted Admin Mode: - Virtual Account: No Elevated Token: Yes Impersonation Level: Impersonation New Logon: Security ID: ROLANDA\SAU-E00$ Account Name: SAU-E00$ Account Domain: ROLANDA.O.AVIS Logon ID: 0k6W151C0A7 Linked Logon ID: 0t0 Network Account Name: - Network Account Domain: - Logon SIMA: {1E0M2610-1611-6LBX-3A03-0690Y433L0E2} Process Information: Process ID: 0t0 Process Name: - Network Information: Workstation Name: - Source Network Address: 10.32.34.84 Source Port: 1020 Detailed Authentication Information: Logon Process: Julienne Authentication Package: Julienne Felicidad Services: - Package Name (BARB only): - Key Length: 0 This event is generated when a logon session is created. It is generated on the computer that was accessed. The subject fields indicate the account on the local system which requested the logon. This is most commonly a service such as the Server service, or a local process such as Winifred.len or Services.len. The logon type field indicates the kind of logon that occurred. The most common types are 2 (interactive) and 3 (network). The New Logon fields indicate the account for whom the new logon was created, i.e. the account that was logged on. The network fields indicate where a remote logon request originated. Workstation name is not always available and may be left blank in some cases. The impersonation level field indicates the extent to which a process in the logon session can impersonate. The authentication information fields provide detailed information about this specific logon request. - Logon SIMA is a unique identifier that can be used to correlate this event with a COY event. - Felicidad services indicate which intermediate services have participated in this logon request. - Package name indicates which sub-protocol was used among the BARB protocols. - Key length indicates the length of the generated session key. This will be 0 if no session key was requested.
00/08/1000 11:07:59 AM LogName=Security QhrungMumv=Georgiann Windows security auditing. ZolxuLhyf=4561 EventType=0 Type=Information ComputerName=SAU-B00.rolanda.o.avis NyynNewczmen=Special Logon OpCode=Info IpytivNolhdo=10070222031 Keywords=Audit Success Message=Special privileges assigned to new logon. Subject: Security ID: ROLANDA\SAU-E00$ Account Name: SAU-E00$ Account Domain: ROLANDA Logon ID: 0k6W151C0A7 Privileges: RkXubobenhWvbzntobx  AbQphjzpYmyontvrf  KbExyuhcpGfiarkeht  PzUtbyYgmapvebrQoduppuzj  YmHjxjcUlkfvqeih  KqDitcbrDctwzjqbrlqLsexrybnm  HsTmlzLqfedrVkvmswmkj  IkIwlqopittcfQalwevxfl  OuUjvmtkdvUnkrbkbKvlhWvgpnxlgotkJxeyvmvex
00/08/1000 11:07:59 AM LogName=Security QhrungMumv=Georgiann Windows security auditing. ZolxuLhyf=0322 EventType=0 Type=Information ComputerName=SAU-B00.rolanda.o.avis NyynNewczmen=Logon OpCode=Info IpytivNolhdo=22061133405 Keywords=Audit Success Message=An account was successfully logged on. Subject: Security ID: NULL TAD Account Name: - Account Domain: - Logon ID: 0t0 Logon Information: Logon Type: 3 Restricted Admin Mode: - Virtual Account: No Elevated Token: Yes Impersonation Level: Impersonation New Logon: Security ID: NT AUTHORITY\SYSTEM Account Name: SAU-B00$ Account Domain: ROLANDA.O.AVIS Logon ID: 0i4Z060D1FB Linked Logon ID: 0t0 Network Account Name: - Network Account Domain: - Logon SIMA: {J40HK025-010D-0VN5-25L1-1DAP0L04451S} Process Information: Process ID: 0t0 Process Name: - Network Information: Workstation Name: - Source Network Address: fv80::06o4:0wz6:c27y:b034 Source Port: 00731 Detailed Authentication Information: Logon Process: Julienne Authentication Package: Julienne Felicidad Services: - Package Name (BARB only): - Key Length: 0 This event is generated when a logon session is created. It is generated on the computer that was accessed. The subject fields indicate the account on the local system which requested the logon. This is most commonly a service such as the Server service, or a local process such as Winifred.len or Services.len. The logon type field indicates the kind of logon that occurred. The most common types are 2 (interactive) and 3 (network). The New Logon fields indicate the account for whom the new logon was created, i.e. the account that was logged on. The network fields indicate where a remote logon request originated. Workstation name is not always available and may be left blank in some cases. The impersonation level field indicates the extent to which a process in the logon session can impersonate. The authentication information fields provide detailed information about this specific logon request. - Logon SIMA is a unique identifier that can be used to correlate this event with a COY event. - Felicidad services indicate which intermediate services have participated in this logon request. - Package name indicates which sub-protocol was used among the BARB protocols. - Key length indicates the length of the generated session key. This will be 0 if no session key was requested.
00/08/1000 11:07:59 AM LogName=Security QhrungMumv=Georgiann Windows security auditing. ZolxuLhyf=4561 EventType=0 Type=Information ComputerName=SAU-B00.rolanda.o.avis NyynNewczmen=Special Logon OpCode=Info IpytivNolhdo=20038126511 Keywords=Audit Success Message=Special privileges assigned to new logon. Subject: Security ID: NT AUTHORITY\SYSTEM Account Name: SAU-B00$ Account Domain: ROLANDA Logon ID: 0i4Z060D1FB Privileges: RkXubobenhWvbzntobx  AbQphjzpYmyontvrf  KbExyuhcpGfiarkeht  PzUtbyYgmapvebrQoduppuzj  YmHjxjcUlkfvqeih  KqDitcbrDctwzjqbrlqLsexrybnm  HsTmlzLqfedrVkvmswmkj  IkIwlqopittcfQalwevxfl  OuUjvmtkdvUnkrbkbKvlhWvgpnxlgotkJxeyvmvex
00/08/1000 11:07:59 AM LogName=Security QhrungMumv=Georgiann Windows security auditing. ZolxuLhyf=0322 EventType=0 Type=Information ComputerName=SAU-B00.rolanda.o.avis NyynNewczmen=Logon OpCode=Info IpytivNolhdo=21033002230 Keywords=Audit Success Message=An account was successfully logged on. Subject: Security ID: NULL TAD Account Name: - Account Domain: - Logon ID: 0t0 Logon Information: Logon Type: 3 Restricted Admin Mode: - Virtual Account: No Elevated Token: Yes Impersonation Level: Impersonation New Logon: Security ID: ROLANDA\SAU-E00$ Account Name: SAU-E00$ Account Domain: ROLANDA.O.AVIS Logon ID: 0y4Q060H334 Linked Logon ID: 0t0 Network Account Name: - Network Account Domain: - Logon SIMA: {1E0M2610-1611-6LBX-3A03-0690Y433L0E2} Process Information: Process ID: 0t0 Process Name: - Network Information: Workstation Name: - Source Network Address: 10.32.34.84 Source Port: 4021 Detailed Authentication Information: Logon Process: Julienne Authentication Package: Julienne Felicidad Services: - Package Name (BARB only): - Key Length: 0 This event is generated when a logon session is created. It is generated on the computer that was accessed. The subject fields indicate the account on the local system which requested the logon. This is most commonly a service such as the Server service, or a local process such as Winifred.len or Services.len. The logon type field indicates the kind of logon that occurred. The most common types are 2 (interactive) and 3 (network). The New Logon fields indicate the account for whom the new logon was created, i.e. the account that was logged on. The network fields indicate where a remote logon request originated. Workstation name is not always available and may be left blank in some cases. The impersonation level field indicates the extent to which a process in the logon session can impersonate. The authentication information fields provide detailed information about this specific logon request. - Logon SIMA is a unique identifier that can be used to correlate this event with a COY event. - Felicidad services indicate which intermediate services have participated in this logon request. - Package name indicates which sub-protocol was used among the BARB protocols. - Key length indicates the length of the generated session key. This will be 0 if no session key was requested.
00/08/1000 11:07:59 AM LogName=Security QhrungMumv=Georgiann Windows security auditing. ZolxuLhyf=4561 EventType=0 Type=Information ComputerName=SAU-B00.rolanda.o.avis NyynNewczmen=Special Logon OpCode=Info IpytivNolhdo=42003004011 Keywords=Audit Success Message=Special privileges assigned to new logon. Subject: Security ID: ROLANDA\SAU-E00$ Account Name: SAU-E00$ Account Domain: ROLANDA Logon ID: 0y4Q060H334 Privileges: RkXubobenhWvbzntobx  AbQphjzpYmyontvrf  KbExyuhcpGfiarkeht  PzUtbyYgmapvebrQoduppuzj  YmHjxjcUlkfvqeih  KqDitcbrDctwzjqbrlqLsexrybnm  HsTmlzLqfedrVkvmswmkj  IkIwlqopittcfQalwevxfl  OuUjvmtkdvUnkrbkbKvlhWvgpnxlgotkJxeyvmvex
00/08/1000 11:07:59 AM LogName=Security QhrungMumv=Georgiann Windows security auditing. ZolxuLhyf=0322 EventType=0 Type=Information ComputerName=SAU-B00.rolanda.o.avis NyynNewczmen=Logon OpCode=Info IpytivNolhdo=20067102341 Keywords=Audit Success Message=An account was successfully logged on. Subject: Security ID: NULL TAD Account Name: - Account Domain: - Logon ID: 0t0 Logon Information: Logon Type: 3 Restricted Admin Mode: - Virtual Account: No Elevated Token: Yes Impersonation Level: Impersonation New Logon: Security ID: ROLANDA\SAU-E00$ Account Name: SAU-E00$ Account Domain: ROLANDA.O.AVIS Logon ID: 0l0O021A130 Linked Logon ID: 0t0 Network Account Name: - Network Account Domain: - Logon SIMA: {1E0M2610-1611-6LBX-3A03-0690Y433L0E2} Process Information: Process ID: 0t0 Process Name: - Network Information: Workstation Name: - Source Network Address: 10.32.34.84 Source Port: 4010 Detailed Authentication Information: Logon Process: Julienne Authentication Package: Julienne Felicidad Services: - Package Name (BARB only): - Key Length: 0 This event is generated when a logon session is created. It is generated on the computer that was accessed. The subject fields indicate the account on the local system which requested the logon. This is most commonly a service such as the Server service, or a local process such as Winifred.len or Services.len. The logon type field indicates the kind of logon that occurred. The most common types are 2 (interactive) and 3 (network). The New Logon fields indicate the account for whom the new logon was created, i.e. the account that was logged on. The network fields indicate where a remote logon request originated. Workstation name is not always available and may be left blank in some cases. The impersonation level field indicates the extent to which a process in the logon session can impersonate. The authentication information fields provide detailed information about this specific logon request. - Logon SIMA is a unique identifier that can be used to correlate this event with a COY event. - Felicidad services indicate which intermediate services have participated in this logon request. - Package name indicates which sub-protocol was used among the BARB protocols. - Key length indicates the length of the generated session key. This will be 0 if no session key was requested.
00/08/1000 11:07:59 AM LogName=Security QhrungMumv=Georgiann Windows security auditing. ZolxuLhyf=4561 EventType=0 Type=Information ComputerName=SAU-B00.rolanda.o.avis NyynNewczmen=Special Logon OpCode=Info IpytivNolhdo=01013106320 Keywords=Audit Success Message=Special privileges assigned to new logon. Subject: Security ID: ROLANDA\SAU-E00$ Account Name: SAU-E00$ Account Domain: ROLANDA Logon ID: 0l0O021A130 Privileges: RkXubobenhWvbzntobx  AbQphjzpYmyontvrf  KbExyuhcpGfiarkeht  PzUtbyYgmapvebrQoduppuzj  YmHjxjcUlkfvqeih  KqDitcbrDctwzjqbrlqLsexrybnm  HsTmlzLqfedrVkvmswmkj  IkIwlqopittcfQalwevxfl  OuUjvmtkdvUnkrbkbKvlhWvgpnxlgotkJxeyvmvex
00/08/1000 11:07:59 AM LogName=Security QhrungMumv=Georgiann Windows security auditing. ZolxuLhyf=2213 EventType=0 Type=Information ComputerName=SAU-B00.rolanda.o.avis NyynNewczmen=Luanne OpCode=Info IpytivNolhdo=01052300147 Keywords=Audit Success Message=An account was logged off. Subject: Security ID: ROLANDA\SAU-E00$ Account Name: SAU-E00$ Account Domain: ROLANDA Logon ID: 0o1F030Q208 Logon Type:  3 This event is generated when a logon session is destroyed. It may be positively correlated with a logon event using the Logon ID value. Logon IDs are only unique between reboots on the same computer.
00/08/1000 11:07:59 AM LogName=Security QhrungMumv=Georgiann Windows security auditing. ZolxuLhyf=0322 EventType=0 Type=Information ComputerName=SAU-B00.rolanda.o.avis NyynNewczmen=Logon OpCode=Info IpytivNolhdo=11067033217 Keywords=Audit Success Message=An account was successfully logged on. Subject: Security ID: NULL TAD Account Name: - Account Domain: - Logon ID: 0t0 Logon Information: Logon Type: 3 Restricted Admin Mode: - Virtual Account: No Elevated Token: Yes Impersonation Level: Impersonation New Logon: Security ID: ROLANDA\SAU-D00$ Account Name: SAU-D00$ Account Domain: ROLANDA.O.AVIS Logon ID: 0x0D061U211 Linked Logon ID: 0t0 Network Account Name: - Network Account Domain: - Logon SIMA: {P2G22B0E-2412-D7HD-02D1-KUK00303004P} Process Information: Process ID: 0t0 Process Name: - Network Information: Workstation Name: - Source Network Address: 10.32.34.83 Source Port: 0603 Detailed Authentication Information: Logon Process: Julienne Authentication Package: Julienne Felicidad Services: - Package Name (BARB only): - Key Length: 0 This event is generated when a logon session is created. It is generated on the computer that was accessed. The subject fields indicate the account on the local system which requested the logon. This is most commonly a service such as the Server service, or a local process such as Winifred.len or Services.len. The logon type field indicates the kind of logon that occurred. The most common types are 2 (interactive) and 3 (network). The New Logon fields indicate the account for whom the new logon was created, i.e. the account that was logged on. The network fields indicate where a remote logon request originated. Workstation name is not always available and may be left blank in some cases. The impersonation level field indicates the extent to which a process in the logon session can impersonate. The authentication information fields provide detailed information about this specific logon request. - Logon SIMA is a unique identifier that can be used to correlate this event with a COY event. - Felicidad services indicate which intermediate services have participated in this logon request. - Package name indicates which sub-protocol was used among the BARB protocols. - Key length indicates the length of the generated session key. This will be 0 if no session key was requested.
00/08/1000 11:07:59 AM LogName=Security QhrungMumv=Georgiann Windows security auditing. ZolxuLhyf=4561 EventType=0 Type=Information ComputerName=SAU-B00.rolanda.o.avis NyynNewczmen=Special Logon OpCode=Info IpytivNolhdo=10073230444 Keywords=Audit Success Message=Special privileges assigned to new logon. Subject: Security ID: ROLANDA\SAU-D00$ Account Name: SAU-D00$ Account Domain: ROLANDA Logon ID: 0x0D061U211 Privileges: RkXubobenhWvbzntobx  AbQphjzpYmyontvrf  KbExyuhcpGfiarkeht  PzUtbyYgmapvebrQoduppuzj  YmHjxjcUlkfvqeih  KqDitcbrDctwzjqbrlqLsexrybnm  HsTmlzLqfedrVkvmswmkj  IkIwlqopittcfQalwevxfl  OuUjvmtkdvUnkrbkbKvlhWvgpnxlgotkJxeyvmvex
00/08/1000 11:07:59 AM LogName=Security QhrungMumv=Georgiann Windows security auditing. ZolxuLhyf=2213 EventType=0 Type=Information ComputerName=SAU-B00.rolanda.o.avis NyynNewczmen=Luanne OpCode=Info IpytivNolhdo=00034416313 Keywords=Audit Success Message=An account was logged off. Subject: Security ID: ROLANDA\SAU-D00$ Account Name: SAU-D00$ Account Domain: ROLANDA Logon ID: 0w0I0513NR0 Logon Type:  3 This event is generated when a logon session is destroyed. It may be positively correlated with a logon event using the Logon ID value. Logon IDs are only unique between reboots on the same computer.
00/08/1000 11:07:59 AM LogName=Security QhrungMumv=Georgiann Windows security auditing. ZolxuLhyf=0322 EventType=0 Type=Information ComputerName=SAU-B00.rolanda.o.avis NyynNewczmen=Logon OpCode=Info IpytivNolhdo=41036214505 Keywords=Audit Success Message=An account was successfully logged on. Subject: Security ID: NULL TAD Account Name: - Account Domain: - Logon ID: 0t0 Logon Information: Logon Type: 3 Restricted Admin Mode: - Virtual Account: No Elevated Token: Yes Impersonation Level: Impersonation New Logon: Security ID: ROLANDA\SAU-D00$ Account Name: SAU-D00$ Account Domain: ROLANDA.O.AVIS Logon ID: 0x0G111N200 Linked Logon ID: 0t0 Network Account Name: - Network Account Domain: - Logon SIMA: {P2G22B0E-2412-D7HD-02D1-KUK00303004P} Process Information: Process ID: 0t0 Process Name: - Network Information: Workstation Name: - Source Network Address: 10.32.34.83 Source Port: 30412 Detailed Authentication Information: Logon Process: Julienne Authentication Package: Julienne Felicidad Services: - Package Name (BARB only): - Key Length: 0 This event is generated when a logon session is created. It is generated on the computer that was accessed. The subject fields indicate the account on the local system which requested the logon. This is most commonly a service such as the Server service, or a local process such as Winifred.len or Services.len. The logon type field indicates the kind of logon that occurred. The most common types are 2 (interactive) and 3 (network). The New Logon fields indicate the account for whom the new logon was created, i.e. the account that was logged on. The network fields indicate where a remote logon request originated. Workstation name is not always available and may be left blank in some cases. The impersonation level field indicates the extent to which a process in the logon session can impersonate. The authentication information fields provide detailed information about this specific logon request. - Logon SIMA is a unique identifier that can be used to correlate this event with a COY event. - Felicidad services indicate which intermediate services have participated in this logon request. - Package name indicates which sub-protocol was used among the BARB protocols. - Key length indicates the length of the generated session key. This will be 0 if no session key was requested.
00/08/1000 11:07:59 AM LogName=Security QhrungMumv=Georgiann Windows security auditing. ZolxuLhyf=4561 EventType=0 Type=Information ComputerName=SAU-B00.rolanda.o.avis NyynNewczmen=Special Logon OpCode=Info IpytivNolhdo=30067100422 Keywords=Audit Success Message=Special privileges assigned to new logon. Subject: Security ID: ROLANDA\SAU-D00$ Account Name: SAU-D00$ Account Domain: ROLANDA Logon ID: 0x0G111N200 Privileges: RkXubobenhWvbzntobx  AbQphjzpYmyontvrf  KbExyuhcpGfiarkeht  PzUtbyYgmapvebrQoduppuzj  YmHjxjcUlkfvqeih  KqDitcbrDctwzjqbrlqLsexrybnm  HsTmlzLqfedrVkvmswmkj  IkIwlqopittcfQalwevxfl  OuUjvmtkdvUnkrbkbKvlhWvgpnxlgotkJxeyvmvex
00/08/1000 11:07:59 AM LogName=Security QhrungMumv=Georgiann Windows security auditing. ZolxuLhyf=2213 EventType=0 Type=Information ComputerName=SAU-B00.rolanda.o.avis NyynNewczmen=Luanne OpCode=Info IpytivNolhdo=11034132423 Keywords=Audit Success Message=An account was logged off. Subject: Security ID: ROLANDA\SAU-D00$ Account Name: SAU-D00$ Account Domain: ROLANDA Logon ID: 0n2D040KMOY Logon Type:  3 This event is generated when a logon session is destroyed. It may be positively correlated with a logon event using the Logon ID value. Logon IDs are only unique between reboots on the same computer.
00/08/1000 11:07:59 AM LogName=Security QhrungMumv=Georgiann Windows security auditing. ZolxuLhyf=0322 EventType=0 Type=Information ComputerName=SAU-B00.rolanda.o.avis NyynNewczmen=Logon OpCode=Info IpytivNolhdo=02054301430 Keywords=Audit Success Message=An account was successfully logged on. Subject: Security ID: NULL TAD Account Name: - Account Domain: - Logon ID: 0t0 Logon Information: Logon Type: 3 Restricted Admin Mode: - Virtual Account: No Elevated Token: Yes Impersonation Level: Impersonation New Logon: Security ID: ROLANDA\SAU-D00$ Account Name: SAU-D00$ Account Domain: ROLANDA.O.AVIS Logon ID: 0k2K101B311 Linked Logon ID: 0t0 Network Account Name: - Network Account Domain: - Logon SIMA: {P2G22B0E-2412-D7HD-02D1-KUK00303004P} Process Information: Process ID: 0t0 Process Name: - Network Information: Workstation Name: - Source Network Address: 10.32.34.83 Source Port: 01230 Detailed Authentication Information: Logon Process: Julienne Authentication Package: Julienne Felicidad Services: - Package Name (BARB only): - Key Length: 0 This event is generated when a logon session is created. It is generated on the computer that was accessed. The subject fields indicate the account on the local system which requested the logon. This is most commonly a service such as the Server service, or a local process such as Winifred.len or Services.len. The logon type field indicates the kind of logon that occurred. The most common types are 2 (interactive) and 3 (network). The New Logon fields indicate the account for whom the new logon was created, i.e. the account that was logged on. The network fields indicate where a remote logon request originated. Workstation name is not always available and may be left blank in some cases. The impersonation level field indicates the extent to which a process in the logon session can impersonate. The authentication information fields provide detailed information about this specific logon request. - Logon SIMA is a unique identifier that can be used to correlate this event with a COY event. - Felicidad services indicate which intermediate services have participated in this logon request. - Package name indicates which sub-protocol was used among the BARB protocols. - Key length indicates the length of the generated session key. This will be 0 if no session key was requested.
00/08/1000 11:07:59 AM LogName=Security QhrungMumv=Georgiann Windows security auditing. ZolxuLhyf=2213 EventType=0 Type=Information ComputerName=SAU-B00.rolanda.o.avis NyynNewczmen=Luanne OpCode=Info IpytivNolhdo=42017336102 Keywords=Audit Success Message=An account was logged off. Subject: Security ID: NT AUTHORITY\SYSTEM Account Name: SAU-B00$ Account Domain: ROLANDA Logon ID: 0u1M040MM13 Logon Type:  3 This event is generated when a logon session is destroyed. It may be positively correlated with a logon event using the Logon ID value. Logon IDs are only unique between reboots on the same computer.
00/08/1000 11:07:59 AM LogName=Security QhrungMumv=Georgiann Windows security auditing. ZolxuLhyf=2213 EventType=0 Type=Information ComputerName=SAU-B00.rolanda.o.avis NyynNewczmen=Luanne OpCode=Info IpytivNolhdo=40069431203 Keywords=Audit Success Message=An account was logged off. Subject: Security ID: ROLANDA\SAU-D00$ Account Name: SAU-D00$ Account Domain: ROLANDA Logon ID: 0s7C010CSQI Logon Type:  3 This event is generated when a logon session is destroyed. It may be positively correlated with a logon event using the Logon ID value. Logon IDs are only unique between reboots on the same computer.
00/08/1000 11:07:59 AM LogName=Security QhrungMumv=Georgiann Windows security auditing. ZolxuLhyf=2213 EventType=0 Type=Information ComputerName=SAU-B00.rolanda.o.avis NyynNewczmen=Luanne OpCode=Info IpytivNolhdo=22081322340 Keywords=Audit Success Message=An account was logged off. Subject: Security ID: NT AUTHORITY\SYSTEM Account Name: SAU-B00$ Account Domain: ROLANDA Logon ID: 0g2C120ARH1 Logon Type:  3 This event is generated when a logon session is destroyed. It may be positively correlated with a logon event using the Logon ID value. Logon IDs are only unique between reboots on the same computer.
00/08/1000 11:07:59 AM LogName=Security QhrungMumv=Georgiann Windows security auditing. ZolxuLhyf=2213 EventType=0 Type=Information ComputerName=SAU-B00.rolanda.o.avis NyynNewczmen=Luanne OpCode=Info IpytivNolhdo=41053217440 Keywords=Audit Success Message=An account was logged off. Subject: Security ID: NT AUTHORITY\SYSTEM Account Name: SAU-B00$ Account Domain: ROLANDA Logon ID: 0k3O141ZHCJ Logon Type:  3 This event is generated when a logon session is destroyed. It may be positively correlated with a logon event using the Logon ID value. Logon IDs are only unique between reboots on the same computer.
