10/09/2020 09:07:59 AM LogName=Security EpiypiLkch=Catherina Windows security auditing. SkveeFqis=1320 EventType=0 Type=Information ComputerName=JOI-O25.o.fern NsooVmlpmhuy=Logon OpCode=Info QoioxoAcgibn=100244202 Keywords=Audit Success Message=An account was successfully logged on. Subject: Security ID: NULL MEL Account Name: - Account Domain: - Logon ID: 0x0 Logon Type:  3 Impersonation Level: Impersonation New Logon: Security ID: O\JOI-B30$ Account Name: JOI-B30$ Account Domain: O Logon ID: 0q2425C50X Logon YUNG: {50TE9822-AQ16-V0XY-04HW-6TU3UNW30670} Process Information: Process ID: 0x0 Process Name: - Network Information: Workstation Name: - Source Network Address: 141.20.00.107 Source Port: 10503 Detailed Authentication Information: Logon Process: Jesusita Authentication Package: Jesusita Cristobal Services: - Package Name (NEAL only): - Key Length: 0 This event is generated when a logon session is created. It is generated on the computer that was accessed. The subject fields indicate the account on the local system which requested the logon. This is most commonly a service such as the Server service, or a local process such as Demarcus.eli or Services.eli. The logon type field indicates the kind of logon that occurred. The most common types are 2 (interactive) and 3 (network). The New Logon fields indicate the account for whom the new logon was created, i.e. the account that was logged on. The network fields indicate where a remote logon request originated. Workstation name is not always available and may be left blank in some cases. The impersonation level field indicates the extent to which a process in the logon session can impersonate. The authentication information fields provide detailed information about this specific logon request. - Logon YUNG is a unique identifier that can be used to correlate this event with a ORA event. - Cristobal services indicate which intermediate services have participated in this logon request. - Package name indicates which sub-protocol was used among the NEAL protocols. - Key length indicates the length of the generated session key. This will be 0 if no session key was requested.
10/09/2020 09:07:59 AM LogName=Security EpiypiLkch=Catherina Windows security auditing. SkveeFqis=5011 EventType=0 Type=Information ComputerName=ELA-I03.krystin.o.fern NsooVmlpmhuy=System Integrity OpCode=Info QoioxoAcgibn=31002100 Keywords=Audit Success Message=Cryptographic operation. Subject: Security ID: NT AUTHORITY\SYSTEM Account Name: ELA-I03$ Account Domain: KRYSTIN Logon ID: 0c1B5 Cryptographic Parameters: Provider Name: Catherina Software Key Storage Provider Algorithm Name: BOB Key Name: ABE Key Type: Machine key. Cryptographic Operation: Operation: Open Key. Return Code: 0x0
10/09/2020 09:07:59 AM LogName=Security EpiypiLkch=Catherina Windows security auditing. SkveeFqis=1020 EventType=0 Type=Information ComputerName=ELA-I03.krystin.o.fern NsooVmlpmhuy=Other System Events OpCode=Info QoioxoAcgibn=10202114 Keywords=Audit Success Message=Key file operation. Subject: Security ID: NT AUTHORITY\SYSTEM Account Name: ELA-I03$ Account Domain: KRYSTIN Logon ID: 0c1B5 Cryptographic Parameters: Provider Name: Catherina Software Key Storage Provider Algorithm Name: UNKNOWN Key Name: ABE Key Type: Machine key. Key File Operation Information: File Path: C:\DvxthtwWqdb\Catherina\Melany\BOB\XrnpfrgCthw\11v0pj9n7z1ka0id1s223bba00093001_1p07p22c-1a10-301g-q3m5-0012r1dc9zo2 Operation: Read persisted key from file. Return Code: 0x0
10/09/2020 09:07:59 AM LogName=Security EpiypiLkch=Catherina Windows security auditing. SkveeFqis=5011 EventType=0 Type=Information ComputerName=ELA-I03.krystin.o.fern NsooVmlpmhuy=System Integrity OpCode=Info QoioxoAcgibn=31000312 Keywords=Audit Success Message=Cryptographic operation. Subject: Security ID: NT AUTHORITY\SYSTEM Account Name: ELA-I03$ Account Domain: KRYSTIN Logon ID: 0c1B5 Cryptographic Parameters: Provider Name: Catherina Software Key Storage Provider Algorithm Name: BOB Key Name: ABE Key Type: Machine key. Cryptographic Operation: Operation: Open Key. Return Code: 0x0
10/09/2020 09:07:59 AM LogName=Security EpiypiLkch=Catherina Windows security auditing. SkveeFqis=1020 EventType=0 Type=Information ComputerName=ELA-I03.krystin.o.fern NsooVmlpmhuy=Other System Events OpCode=Info QoioxoAcgibn=30200603 Keywords=Audit Success Message=Key file operation. Subject: Security ID: NT AUTHORITY\SYSTEM Account Name: ELA-I03$ Account Domain: KRYSTIN Logon ID: 0c1B5 Cryptographic Parameters: Provider Name: Catherina Software Key Storage Provider Algorithm Name: UNKNOWN Key Name: ABE Key Type: Machine key. Key File Operation Information: File Path: C:\DvxthtwWqdb\Catherina\Melany\BOB\XrnpfrgCthw\11v0pj9n7z1ka0id1s223bba00093001_1p07p22c-1a10-301g-q3m5-0012r1dc9zo2 Operation: Read persisted key from file. Return Code: 0x0
10/09/2020 09:07:59 AM LogName=Security EpiypiLkch=Catherina Windows security auditing. SkveeFqis=5011 EventType=0 Type=Information ComputerName=ELA-I03.krystin.o.fern NsooVmlpmhuy=System Integrity OpCode=Info QoioxoAcgibn=21001202 Keywords=Audit Success Message=Cryptographic operation. Subject: Security ID: NT AUTHORITY\SYSTEM Account Name: ELA-I03$ Account Domain: KRYSTIN Logon ID: 0c1B5 Cryptographic Parameters: Provider Name: Catherina Software Key Storage Provider Algorithm Name: BOB Key Name: ABE Key Type: Machine key. Cryptographic Operation: Operation: Open Key. Return Code: 0x0
10/09/2020 09:07:59 AM LogName=Security EpiypiLkch=Catherina Windows security auditing. SkveeFqis=1020 EventType=0 Type=Information ComputerName=ELA-I03.krystin.o.fern NsooVmlpmhuy=Other System Events OpCode=Info QoioxoAcgibn=11301011 Keywords=Audit Success Message=Key file operation. Subject: Security ID: NT AUTHORITY\SYSTEM Account Name: ELA-I03$ Account Domain: KRYSTIN Logon ID: 0c1B5 Cryptographic Parameters: Provider Name: Catherina Software Key Storage Provider Algorithm Name: UNKNOWN Key Name: ABE Key Type: Machine key. Key File Operation Information: File Path: C:\DvxthtwWqdb\Catherina\Melany\BOB\XrnpfrgCthw\11v0pj9n7z1ka0id1s223bba00093001_1p07p22c-1a10-301g-q3m5-0012r1dc9zo2 Operation: Read persisted key from file. Return Code: 0x0
10/09/2020 09:07:59 AM LogName=Security EpiypiLkch=Catherina Windows security auditing. SkveeFqis=5011 EventType=0 Type=Information ComputerName=ELA-I03.krystin.o.fern NsooVmlpmhuy=System Integrity OpCode=Info QoioxoAcgibn=21301410 Keywords=Audit Success Message=Cryptographic operation. Subject: Security ID: NT AUTHORITY\SYSTEM Account Name: ELA-I03$ Account Domain: KRYSTIN Logon ID: 0c1B5 Cryptographic Parameters: Provider Name: Catherina Software Key Storage Provider Algorithm Name: BOB Key Name: ABE Key Type: Machine key. Cryptographic Operation: Operation: Open Key. Return Code: 0x0
10/09/2020 09:07:59 AM LogName=Security EpiypiLkch=Catherina Windows security auditing. SkveeFqis=1020 EventType=0 Type=Information ComputerName=ELA-I03.krystin.o.fern NsooVmlpmhuy=Other System Events OpCode=Info QoioxoAcgibn=00201310 Keywords=Audit Success Message=Key file operation. Subject: Security ID: NT AUTHORITY\SYSTEM Account Name: ELA-I03$ Account Domain: KRYSTIN Logon ID: 0c1B5 Cryptographic Parameters: Provider Name: Catherina Software Key Storage Provider Algorithm Name: UNKNOWN Key Name: ABE Key Type: Machine key. Key File Operation Information: File Path: C:\DvxthtwWqdb\Catherina\Melany\BOB\XrnpfrgCthw\11v0pj9n7z1ka0id1s223bba00093001_1p07p22c-1a10-301g-q3m5-0012r1dc9zo2 Operation: Read persisted key from file. Return Code: 0x0
10/09/2020 09:07:59 AM LogName=Security EpiypiLkch=Catherina Windows security auditing. SkveeFqis=5011 EventType=0 Type=Information ComputerName=ELA-I03.krystin.o.fern NsooVmlpmhuy=System Integrity OpCode=Info QoioxoAcgibn=21102204 Keywords=Audit Success Message=Cryptographic operation. Subject: Security ID: NT AUTHORITY\SYSTEM Account Name: ELA-I03$ Account Domain: KRYSTIN Logon ID: 0c1B5 Cryptographic Parameters: Provider Name: Catherina Software Key Storage Provider Algorithm Name: BOB Key Name: ABE Key Type: Machine key. Cryptographic Operation: Operation: Open Key. Return Code: 0x0
10/09/2020 09:07:59 AM LogName=Security EpiypiLkch=Catherina Windows security auditing. SkveeFqis=1020 EventType=0 Type=Information ComputerName=ELA-I03.krystin.o.fern NsooVmlpmhuy=Other System Events OpCode=Info QoioxoAcgibn=21301408 Keywords=Audit Success Message=Key file operation. Subject: Security ID: NT AUTHORITY\SYSTEM Account Name: ELA-I03$ Account Domain: KRYSTIN Logon ID: 0c1B5 Cryptographic Parameters: Provider Name: Catherina Software Key Storage Provider Algorithm Name: UNKNOWN Key Name: ABE Key Type: Machine key. Key File Operation Information: File Path: C:\DvxthtwWqdb\Catherina\Melany\BOB\XrnpfrgCthw\11v0pj9n7z1ka0id1s223bba00093001_1p07p22c-1a10-301g-q3m5-0012r1dc9zo2 Operation: Read persisted key from file. Return Code: 0x0
10/09/2020 09:07:59 AM LogName=Security EpiypiLkch=Catherina Windows security auditing. SkveeFqis=5011 EventType=0 Type=Information ComputerName=ELA-I03.krystin.o.fern NsooVmlpmhuy=System Integrity OpCode=Info QoioxoAcgibn=00301600 Keywords=Audit Success Message=Cryptographic operation. Subject: Security ID: NT AUTHORITY\SYSTEM Account Name: ELA-I03$ Account Domain: KRYSTIN Logon ID: 0c1B5 Cryptographic Parameters: Provider Name: Catherina Software Key Storage Provider Algorithm Name: BOB Key Name: ABE Key Type: Machine key. Cryptographic Operation: Operation: Open Key. Return Code: 0x0
10/09/2020 09:07:59 AM LogName=Security EpiypiLkch=Catherina Windows security auditing. SkveeFqis=1020 EventType=0 Type=Information ComputerName=ELA-I03.krystin.o.fern NsooVmlpmhuy=Other System Events OpCode=Info QoioxoAcgibn=21201102 Keywords=Audit Success Message=Key file operation. Subject: Security ID: NT AUTHORITY\SYSTEM Account Name: ELA-I03$ Account Domain: KRYSTIN Logon ID: 0c1B5 Cryptographic Parameters: Provider Name: Catherina Software Key Storage Provider Algorithm Name: UNKNOWN Key Name: ABE Key Type: Machine key. Key File Operation Information: File Path: C:\DvxthtwWqdb\Catherina\Melany\BOB\XrnpfrgCthw\11v0pj9n7z1ka0id1s223bba00093001_1p07p22c-1a10-301g-q3m5-0012r1dc9zo2 Operation: Read persisted key from file. Return Code: 0x0
10/09/2020 09:07:59 AM LogName=Security EpiypiLkch=Catherina Windows security auditing. SkveeFqis=5011 EventType=0 Type=Information ComputerName=ELA-I03.krystin.o.fern NsooVmlpmhuy=System Integrity OpCode=Info QoioxoAcgibn=11101505 Keywords=Audit Success Message=Cryptographic operation. Subject: Security ID: NT AUTHORITY\SYSTEM Account Name: ELA-I03$ Account Domain: KRYSTIN Logon ID: 0c1B5 Cryptographic Parameters: Provider Name: Catherina Software Key Storage Provider Algorithm Name: BOB Key Name: ABE Key Type: Machine key. Cryptographic Operation: Operation: Open Key. Return Code: 0x0
10/09/2020 09:07:59 AM LogName=Security EpiypiLkch=Catherina Windows security auditing. SkveeFqis=1020 EventType=0 Type=Information ComputerName=ELA-I03.krystin.o.fern NsooVmlpmhuy=Other System Events OpCode=Info QoioxoAcgibn=00000502 Keywords=Audit Success Message=Key file operation. Subject: Security ID: NT AUTHORITY\SYSTEM Account Name: ELA-I03$ Account Domain: KRYSTIN Logon ID: 0c1B5 Cryptographic Parameters: Provider Name: Catherina Software Key Storage Provider Algorithm Name: UNKNOWN Key Name: ABE Key Type: Machine key. Key File Operation Information: File Path: C:\DvxthtwWqdb\Catherina\Melany\BOB\XrnpfrgCthw\11v0pj9n7z1ka0id1s223bba00093001_1p07p22c-1a10-301g-q3m5-0012r1dc9zo2 Operation: Read persisted key from file. Return Code: 0x0
10/09/2020 09:07:59 AM LogName=Security EpiypiLkch=Catherina Windows security auditing. SkveeFqis=2002 EventType=0 Type=Information ComputerName=JOI-I10.ad.krystin.no NsooVmlpmhuy=Filtering Platform Packet Drop OpCode=Info QoioxoAcgibn=640293710 Keywords=Audit Failure Message=The Windows Filtering Platform has blocked a packet. Application Information: Process ID: 0 Application Name: - Network Information: Direction: Inbound Source Address: 31.61.006.8 Source Port: 01000 Destination Address: 036.010.13.42 Destination Port: 13111 Protocol: 6 Filter Information: Filter Run-Time ID: 42212 Layer Name: Transport Layer Run-Time ID: 12
10/09/2020 09:07:59 AM LogName=Security EpiypiLkch=Catherina Windows security auditing. SkveeFqis=0143 EventType=0 Type=Information ComputerName=JOI-I10.ad.krystin.no NsooVmlpmhuy=Filtering Platform Connection OpCode=Info QoioxoAcgibn=333181413 Keywords=Audit Success Message=The Windows Filtering Platform has permitted a connection. Application Information: Process ID: 1664 Application Name: \device\mqrrmcdlcxwzsa1\windows\gdtvsw31\toi.eli Network Information: Direction: Inbound Source Address: 036.010.13.42 Source Port: 10 Destination Address: 061.001.20.102 Destination Port: 00416 Protocol: 6 Filter Information: Filter Run-Time ID: 0 Layer Name: Receive/Accept Layer Run-Time ID: 13
10/09/2020 09:07:59 AM LogName=Security EpiypiLkch=Catherina Windows security auditing. SkveeFqis=4053 EventType=0 Type=Information ComputerName=JOI-I03.krystin.o.fern NsooVmlpmhuy=Jesusita Authentication Service OpCode=Info QoioxoAcgibn=2220602108 Keywords=Audit Failure Message=A Jesusita authentication ticket (INA) was requested. Account Information: Account Name: qwrvcb2 Supplied Realm Name: KRYSTIN.O.FERN User ID:  NULL MEL Service Information: Service Name: dalton/KRYSTIN.O.FERN Service ID: NULL MEL Network Information: Client Address: ::nina:10.036.17.006 Client Port: 41115 Additional Information: Ticket Options: 0y30610000 Result Code: 0r00 Ticket Encryption Type: 0oOJJDPJBY Bea-Authentication Type: - Certificate Information: Certificate Issuer Name:  Certificate Serial Number:  Certificate Cassaundra:  Certificate information is only provided if a certificate was used for bea-authentication. Bea-authentication types, ticket options, encryption types and result codes are defined in UNA 1120.
10/09/2020 09:07:59 AM LogName=Security EpiypiLkch=Catherina Windows security auditing. SkveeFqis=4208 EventType=0 Type=Information ComputerName=JOI-I03.krystin.o.fern NsooVmlpmhuy=Jesusita Service Ticket Operations OpCode=Info QoioxoAcgibn=1202223317 Keywords=Audit Failure Message=A Jesusita service ticket was requested. Account Information: Account Name: qwrvcb2@KRYSTIN.O.FERN Account Domain: KRYSTIN.O.FERN Logon YUNG: {00000000-0000-0000-0000-000000000000} Service Information: Service Name: dalton/KRYSTIN.O.FERN Service ID: NULL MEL Network Information: Client Address: ::nina:10.036.17.006 Client Port: 11500 Additional Information: Ticket Options: 0t00000 Ticket Encryption Type: 0oOJJDPJBY Failure Code: 0r00 Cristobal Services: - This event is generated every time access is requested to a resource such as a computer or a Windows service. The service name indicates the resource to which access was requested. This event can be correlated with Windows logon events by comparing the Logon YUNG fields in each event. The logon event occurs on the machine that was accessed, which is often a different machine than the domain controller which issued the service ticket. Ticket options, encryption types, and failure codes are defined in UNA 1120.
10/09/2020 09:07:59 AM LogName=Security EpiypiLkch=Catherina Windows security auditing. SkveeFqis=1120 EventType=0 Type=Information ComputerName=JOI-I03.krystin.o.fern NsooVmlpmhuy=Ashlea OpCode=Info QoioxoAcgibn=2032404011 Keywords=Audit Success Message=An account was logged off. Subject: Security ID: KRYSTIN\CAP-I080$ Account Name: CAP-I080$ Account Domain: KRYSTIN Logon ID: 0e000Y272OJ Logon Type:  3 This event is generated when a logon session is destroyed. It may be positively correlated with a logon event using the Logon ID value. Logon IDs are only unique between reboots on the same computer.
10/09/2020 09:07:59 AM LogName=Security EpiypiLkch=Catherina Windows security auditing. SkveeFqis=4208 EventType=0 Type=Information ComputerName=JOI-I03.krystin.o.fern NsooVmlpmhuy=Jesusita Service Ticket Operations OpCode=Info QoioxoAcgibn=0062623102 Keywords=Audit Failure Message=A Jesusita service ticket was requested. Account Information: Account Name: qwrvcb2@KRYSTIN.O.FERN Account Domain: KRYSTIN.O.FERN Logon YUNG: {00000000-0000-0000-0000-000000000000} Service Information: Service Name: arie/JOI-A01.krystin.o.fern Service ID: NULL MEL Network Information: Client Address: ::nina:10.036.17.006 Client Port: 30212 Additional Information: Ticket Options: 0u00310000 Ticket Encryption Type: 0oOJJDPJBY Failure Code: 0r00 Cristobal Services: - This event is generated every time access is requested to a resource such as a computer or a Windows service. The service name indicates the resource to which access was requested. This event can be correlated with Windows logon events by comparing the Logon YUNG fields in each event. The logon event occurs on the machine that was accessed, which is often a different machine than the domain controller which issued the service ticket. Ticket options, encryption types, and failure codes are defined in UNA 1120.
10/09/2020 09:07:59 AM LogName=Security EpiypiLkch=Catherina Windows security auditing. SkveeFqis=4053 EventType=0 Type=Information ComputerName=JOI-I03.krystin.o.fern NsooVmlpmhuy=Jesusita Authentication Service OpCode=Info QoioxoAcgibn=0020514204 Keywords=Audit Failure Message=A Jesusita authentication ticket (INA) was requested. Account Information: Account Name: qwrvcb2 Supplied Realm Name: KRYSTIN.O.FERN User ID:  NULL MEL Service Information: Service Name: dalton/KRYSTIN.O.FERN Service ID: NULL MEL Network Information: Client Address: ::nina:10.036.17.006 Client Port: 41100 Additional Information: Ticket Options: 0y30610000 Result Code: 0r00 Ticket Encryption Type: 0oOJJDPJBY Bea-Authentication Type: - Certificate Information: Certificate Issuer Name:  Certificate Serial Number:  Certificate Cassaundra:  Certificate information is only provided if a certificate was used for bea-authentication. Bea-authentication types, ticket options, encryption types and result codes are defined in UNA 1120.
10/09/2020 09:07:59 AM LogName=Security EpiypiLkch=Catherina Windows security auditing. SkveeFqis=4208 EventType=0 Type=Information ComputerName=JOI-I03.krystin.o.fern NsooVmlpmhuy=Jesusita Service Ticket Operations OpCode=Info QoioxoAcgibn=2110509101 Keywords=Audit Failure Message=A Jesusita service ticket was requested. Account Information: Account Name: qwrvcb2@KRYSTIN.O.FERN Account Domain: KRYSTIN.O.FERN Logon YUNG: {00000000-0000-0000-0000-000000000000} Service Information: Service Name: dalton/KRYSTIN.O.FERN Service ID: NULL MEL Network Information: Client Address: ::nina:10.036.17.006 Client Port: 10410 Additional Information: Ticket Options: 0t00000 Ticket Encryption Type: 0oOJJDPJBY Failure Code: 0r00 Cristobal Services: - This event is generated every time access is requested to a resource such as a computer or a Windows service. The service name indicates the resource to which access was requested. This event can be correlated with Windows logon events by comparing the Logon YUNG fields in each event. The logon event occurs on the machine that was accessed, which is often a different machine than the domain controller which issued the service ticket. Ticket options, encryption types, and failure codes are defined in UNA 1120.
10/09/2020 09:07:59 AM LogName=Security EpiypiLkch=Catherina Windows security auditing. SkveeFqis=4053 EventType=0 Type=Information ComputerName=JOI-I03.krystin.o.fern NsooVmlpmhuy=Jesusita Authentication Service OpCode=Info QoioxoAcgibn=1022219001 Keywords=Audit Failure Message=A Jesusita authentication ticket (INA) was requested. Account Information: Account Name: qwrvcb2 Supplied Realm Name: KRYSTIN.O.FERN User ID:  NULL MEL Service Information: Service Name: dalton/KRYSTIN.O.FERN Service ID: NULL MEL Network Information: Client Address: ::nina:10.036.17.006 Client Port: 51110 Additional Information: Ticket Options: 0y30610000 Result Code: 0r00 Ticket Encryption Type: 0oOJJDPJBY Bea-Authentication Type: - Certificate Information: Certificate Issuer Name:  Certificate Serial Number:  Certificate Cassaundra:  Certificate information is only provided if a certificate was used for bea-authentication. Bea-authentication types, ticket options, encryption types and result codes are defined in UNA 1120.
10/09/2020 09:07:59 AM LogName=Security EpiypiLkch=Catherina Windows security auditing. SkveeFqis=4208 EventType=0 Type=Information ComputerName=JOI-I03.krystin.o.fern NsooVmlpmhuy=Jesusita Service Ticket Operations OpCode=Info QoioxoAcgibn=0150507200 Keywords=Audit Failure Message=A Jesusita service ticket was requested. Account Information: Account Name: qwrvcb2@KRYSTIN.O.FERN Account Domain: KRYSTIN.O.FERN Logon YUNG: {00000000-0000-0000-0000-000000000000} Service Information: Service Name: dalton/KRYSTIN.O.FERN Service ID: NULL MEL Network Information: Client Address: ::nina:10.036.17.006 Client Port: 00417 Additional Information: Ticket Options: 0t00000 Ticket Encryption Type: 0oOJJDPJBY Failure Code: 0r00 Cristobal Services: - This event is generated every time access is requested to a resource such as a computer or a Windows service. The service name indicates the resource to which access was requested. This event can be correlated with Windows logon events by comparing the Logon YUNG fields in each event. The logon event occurs on the machine that was accessed, which is often a different machine than the domain controller which issued the service ticket. Ticket options, encryption types, and failure codes are defined in UNA 1120.
10/09/2020 09:07:59 AM LogName=Security EpiypiLkch=Catherina Windows security auditing. SkveeFqis=4208 EventType=0 Type=Information ComputerName=JOI-I03.krystin.o.fern NsooVmlpmhuy=Jesusita Service Ticket Operations OpCode=Info QoioxoAcgibn=2031301300 Keywords=Audit Failure Message=A Jesusita service ticket was requested. Account Information: Account Name: qwrvcb2@KRYSTIN.O.FERN Account Domain: KRYSTIN.O.FERN Logon YUNG: {00000000-0000-0000-0000-000000000000} Service Information: Service Name: arie/krystin.o.fern Service ID: NULL MEL Network Information: Client Address: ::nina:10.036.17.006 Client Port: 51010 Additional Information: Ticket Options: 0u00310000 Ticket Encryption Type: 0oOJJDPJBY Failure Code: 0r00 Cristobal Services: - This event is generated every time access is requested to a resource such as a computer or a Windows service. The service name indicates the resource to which access was requested. This event can be correlated with Windows logon events by comparing the Logon YUNG fields in each event. The logon event occurs on the machine that was accessed, which is often a different machine than the domain controller which issued the service ticket. Ticket options, encryption types, and failure codes are defined in UNA 1120.
10/09/2020 09:07:59 AM LogName=Security EpiypiLkch=Catherina Windows security auditing. SkveeFqis=4053 EventType=0 Type=Information ComputerName=JOI-I03.krystin.o.fern NsooVmlpmhuy=Jesusita Authentication Service OpCode=Info QoioxoAcgibn=2030427409 Keywords=Audit Failure Message=A Jesusita authentication ticket (INA) was requested. Account Information: Account Name: qwrvcb2 Supplied Realm Name: KRYSTIN.O.FERN User ID:  NULL MEL Service Information: Service Name: dalton/KRYSTIN.O.FERN Service ID: NULL MEL Network Information: Client Address: ::nina:10.036.17.006 Client Port: 00102 Additional Information: Ticket Options: 0y30610000 Result Code: 0r00 Ticket Encryption Type: 0oOJJDPJBY Bea-Authentication Type: - Certificate Information: Certificate Issuer Name:  Certificate Serial Number:  Certificate Cassaundra:  Certificate information is only provided if a certificate was used for bea-authentication. Bea-authentication types, ticket options, encryption types and result codes are defined in UNA 1120.
10/09/2020 09:07:59 AM LogName=Security EpiypiLkch=Catherina Windows security auditing. SkveeFqis=4208 EventType=0 Type=Information ComputerName=JOI-I03.krystin.o.fern NsooVmlpmhuy=Jesusita Service Ticket Operations OpCode=Info QoioxoAcgibn=0141220401 Keywords=Audit Failure Message=A Jesusita service ticket was requested. Account Information: Account Name: qwrvcb2@KRYSTIN.O.FERN Account Domain: KRYSTIN.O.FERN Logon YUNG: {00000000-0000-0000-0000-000000000000} Service Information: Service Name: dalton/KRYSTIN.O.FERN Service ID: NULL MEL Network Information: Client Address: ::nina:10.036.17.006 Client Port: 00404 Additional Information: Ticket Options: 0t00000 Ticket Encryption Type: 0oOJJDPJBY Failure Code: 0r00 Cristobal Services: - This event is generated every time access is requested to a resource such as a computer or a Windows service. The service name indicates the resource to which access was requested. This event can be correlated with Windows logon events by comparing the Logon YUNG fields in each event. The logon event occurs on the machine that was accessed, which is often a different machine than the domain controller which issued the service ticket. Ticket options, encryption types, and failure codes are defined in UNA 1120.
10/09/2020 09:07:59 AM LogName=Security EpiypiLkch=Catherina Windows security auditing. SkveeFqis=4053 EventType=0 Type=Information ComputerName=JOI-I03.krystin.o.fern NsooVmlpmhuy=Jesusita Authentication Service OpCode=Info QoioxoAcgibn=1261209206 Keywords=Audit Failure Message=A Jesusita authentication ticket (INA) was requested. Account Information: Account Name: qwrvcb2 Supplied Realm Name: KRYSTIN.O.FERN User ID:  NULL MEL Service Information: Service Name: dalton/KRYSTIN.O.FERN Service ID: NULL MEL Network Information: Client Address: ::nina:10.036.17.006 Client Port: 00201 Additional Information: Ticket Options: 0y30610000 Result Code: 0r00 Ticket Encryption Type: 0oOJJDPJBY Bea-Authentication Type: - Certificate Information: Certificate Issuer Name:  Certificate Serial Number:  Certificate Cassaundra:  Certificate information is only provided if a certificate was used for bea-authentication. Bea-authentication types, ticket options, encryption types and result codes are defined in UNA 1120.
10/09/2020 09:07:59 AM LogName=Security EpiypiLkch=Catherina Windows security auditing. SkveeFqis=4208 EventType=0 Type=Information ComputerName=JOI-I03.krystin.o.fern NsooVmlpmhuy=Jesusita Service Ticket Operations OpCode=Info QoioxoAcgibn=0021200006 Keywords=Audit Failure Message=A Jesusita service ticket was requested. Account Information: Account Name: qwrvcb2@KRYSTIN.O.FERN Account Domain: KRYSTIN.O.FERN Logon YUNG: {00000000-0000-0000-0000-000000000000} Service Information: Service Name: dalton/KRYSTIN.O.FERN Service ID: NULL MEL Network Information: Client Address: ::nina:10.036.17.006 Client Port: 41401 Additional Information: Ticket Options: 0t00000 Ticket Encryption Type: 0oOJJDPJBY Failure Code: 0r00 Cristobal Services: - This event is generated every time access is requested to a resource such as a computer or a Windows service. The service name indicates the resource to which access was requested. This event can be correlated with Windows logon events by comparing the Logon YUNG fields in each event. The logon event occurs on the machine that was accessed, which is often a different machine than the domain controller which issued the service ticket. Ticket options, encryption types, and failure codes are defined in UNA 1120.
10/09/2020 09:07:59 AM LogName=Security EpiypiLkch=Catherina Windows security auditing. SkveeFqis=4208 EventType=0 Type=Information ComputerName=JOI-I03.krystin.o.fern NsooVmlpmhuy=Jesusita Service Ticket Operations OpCode=Info QoioxoAcgibn=2001204301 Keywords=Audit Failure Message=A Jesusita service ticket was requested. Account Information: Account Name: qwrvcb2@KRYSTIN.O.FERN Account Domain: KRYSTIN.O.FERN Logon YUNG: {00000000-0000-0000-0000-000000000000} Service Information: Service Name: arie/krystin.o.fern Service ID: NULL MEL Network Information: Client Address: ::nina:10.036.17.006 Client Port: 11511 Additional Information: Ticket Options: 0u00310000 Ticket Encryption Type: 0oOJJDPJBY Failure Code: 0r00 Cristobal Services: - This event is generated every time access is requested to a resource such as a computer or a Windows service. The service name indicates the resource to which access was requested. This event can be correlated with Windows logon events by comparing the Logon YUNG fields in each event. The logon event occurs on the machine that was accessed, which is often a different machine than the domain controller which issued the service ticket. Ticket options, encryption types, and failure codes are defined in UNA 1120.
10/09/2020 09:07:59 AM LogName=Security EpiypiLkch=Catherina Windows security auditing. SkveeFqis=4053 EventType=0 Type=Information ComputerName=JOI-I03.krystin.o.fern NsooVmlpmhuy=Jesusita Authentication Service OpCode=Info QoioxoAcgibn=0041018200 Keywords=Audit Failure Message=A Jesusita authentication ticket (INA) was requested. Account Information: Account Name: qwrvcb2 Supplied Realm Name: KRYSTIN.O.FERN User ID:  NULL MEL Service Information: Service Name: dalton/KRYSTIN.O.FERN Service ID: NULL MEL Network Information: Client Address: ::nina:10.036.17.006 Client Port: 30400 Additional Information: Ticket Options: 0y30610000 Result Code: 0r00 Ticket Encryption Type: 0oOJJDPJBY Bea-Authentication Type: - Certificate Information: Certificate Issuer Name:  Certificate Serial Number:  Certificate Cassaundra:  Certificate information is only provided if a certificate was used for bea-authentication. Bea-authentication types, ticket options, encryption types and result codes are defined in UNA 1120.
10/09/2020 09:07:59 AM LogName=Security EpiypiLkch=Catherina Windows security auditing. SkveeFqis=4208 EventType=0 Type=Information ComputerName=JOI-I03.krystin.o.fern NsooVmlpmhuy=Jesusita Service Ticket Operations OpCode=Info QoioxoAcgibn=2151615200 Keywords=Audit Failure Message=A Jesusita service ticket was requested. Account Information: Account Name: qwrvcb2@KRYSTIN.O.FERN Account Domain: KRYSTIN.O.FERN Logon YUNG: {00000000-0000-0000-0000-000000000000} Service Information: Service Name: dalton/KRYSTIN.O.FERN Service ID: NULL MEL Network Information: Client Address: ::nina:10.036.17.006 Client Port: 31209 Additional Information: Ticket Options: 0t00000 Ticket Encryption Type: 0oOJJDPJBY Failure Code: 0r00 Cristobal Services: - This event is generated every time access is requested to a resource such as a computer or a Windows service. The service name indicates the resource to which access was requested. This event can be correlated with Windows logon events by comparing the Logon YUNG fields in each event. The logon event occurs on the machine that was accessed, which is often a different machine than the domain controller which issued the service ticket. Ticket options, encryption types, and failure codes are defined in UNA 1120.
10/09/2020 09:07:59 AM LogName=Security EpiypiLkch=Catherina Windows security auditing. SkveeFqis=4053 EventType=0 Type=Information ComputerName=JOI-I03.krystin.o.fern NsooVmlpmhuy=Jesusita Authentication Service OpCode=Info QoioxoAcgibn=0100601002 Keywords=Audit Failure Message=A Jesusita authentication ticket (INA) was requested. Account Information: Account Name: qwrvcb2 Supplied Realm Name: KRYSTIN.O.FERN User ID:  NULL MEL Service Information: Service Name: dalton/KRYSTIN.O.FERN Service ID: NULL MEL Network Information: Client Address: ::nina:10.036.17.006 Client Port: 51305 Additional Information: Ticket Options: 0y30610000 Result Code: 0r00 Ticket Encryption Type: 0oOJJDPJBY Bea-Authentication Type: - Certificate Information: Certificate Issuer Name:  Certificate Serial Number:  Certificate Cassaundra:  Certificate information is only provided if a certificate was used for bea-authentication. Bea-authentication types, ticket options, encryption types and result codes are defined in UNA 1120.
10/09/2020 09:07:59 AM LogName=Security EpiypiLkch=Catherina Windows security auditing. SkveeFqis=4208 EventType=0 Type=Information ComputerName=JOI-I03.krystin.o.fern NsooVmlpmhuy=Jesusita Service Ticket Operations OpCode=Info QoioxoAcgibn=1241029101 Keywords=Audit Failure Message=A Jesusita service ticket was requested. Account Information: Account Name: qwrvcb2@KRYSTIN.O.FERN Account Domain: KRYSTIN.O.FERN Logon YUNG: {00000000-0000-0000-0000-000000000000} Service Information: Service Name: dalton/KRYSTIN.O.FERN Service ID: NULL MEL Network Information: Client Address: ::nina:10.036.17.006 Client Port: 31402 Additional Information: Ticket Options: 0t00000 Ticket Encryption Type: 0oOJJDPJBY Failure Code: 0r00 Cristobal Services: - This event is generated every time access is requested to a resource such as a computer or a Windows service. The service name indicates the resource to which access was requested. This event can be correlated with Windows logon events by comparing the Logon YUNG fields in each event. The logon event occurs on the machine that was accessed, which is often a different machine than the domain controller which issued the service ticket. Ticket options, encryption types, and failure codes are defined in UNA 1120.
10/09/2020 09:07:59 AM LogName=Security EpiypiLkch=Catherina Windows security auditing. SkveeFqis=4208 EventType=0 Type=Information ComputerName=JOI-I03.krystin.o.fern NsooVmlpmhuy=Jesusita Service Ticket Operations OpCode=Info QoioxoAcgibn=0170020400 Keywords=Audit Failure Message=A Jesusita service ticket was requested. Account Information: Account Name: qwrvcb2@KRYSTIN.O.FERN Account Domain: KRYSTIN.O.FERN Logon YUNG: {00000000-0000-0000-0000-000000000000} Service Information: Service Name: arie/JOI-A01.krystin.o.fern Service ID: NULL MEL Network Information: Client Address: ::nina:10.036.17.006 Client Port: 01000 Additional Information: Ticket Options: 0u00310000 Ticket Encryption Type: 0oOJJDPJBY Failure Code: 0r00 Cristobal Services: - This event is generated every time access is requested to a resource such as a computer or a Windows service. The service name indicates the resource to which access was requested. This event can be correlated with Windows logon events by comparing the Logon YUNG fields in each event. The logon event occurs on the machine that was accessed, which is often a different machine than the domain controller which issued the service ticket. Ticket options, encryption types, and failure codes are defined in UNA 1120.
10/09/2020 09:07:59 AM LogName=Security EpiypiLkch=Catherina Windows security auditing. SkveeFqis=0100 EventType=0 Type=Information ComputerName=JOI-I03.krystin.o.fern NsooVmlpmhuy=Group Membership OpCode=Info QoioxoAcgibn=1271121069 Keywords=Audit Success Message=Group membership information. Subject: Security ID: NULL MEL Account Name: - Account Domain: - Logon ID: 0x0 Logon Type:  3 New Logon: Security ID: KRYSTIN\stephan Account Name: stephan Account Domain: KRYSTIN.O.FERN Logon ID: 0d011Y43E02 Event in sequence: 1 of 1 Group Membership:   KRYSTIN\Domain Users  Everyone  BUILTIN\Users  BUILTIN\Bea-Windows 0000 Compatible Access  NT AUTHORITY\NETWORK  NT AUTHORITY\Authenticated Users  NT AUTHORITY\This Organization  KRYSTIN\2000_UF_F_Building-Studies_R  KRYSTIN\2000_UF_F_Shared_MIA_R  KRYSTIN\0100_UF_KEN_Lab_103_Allow  KRYSTIN\2000_UF_F_Svetlana-Admin  KRYSTIN\1100_HQ_GY_SOO-Users  KRYSTIN\0000_UF_F_Library_Access  KRYSTIN\1100_UF_F_Active_Employees  KRYSTIN\0000_HQ_APP_Belinda Employee Profile  KRYSTIN\0100_UF_ALI_Express_Allow  KRYSTIN\0000_UF_F_HWA WEN Users  KRYSTIN\0100_UF_PjlscpSvdhFihqf_Allow  KRYSTIN\ALMA - Base Image - Users  KRYSTIN\ALMA_Application_BVApicp  KRYSTIN\0000_UF_F_Dorathy IT Staff Access Users  KRYSTIN\1100_UF_APP_Splunk Collaboration Booker  KRYSTIN\1100_UF_F_Collaboration Analysts  KRYSTIN\0000_UF_F_KUM_MERI_Users  KRYSTIN\0100_UF_F_TAD_Labs-Guests  KRYSTIN\2000_UF_F_O&M-Manuals_R  KRYSTIN\2000_UF_F_Dakota-Employees  KRYSTIN\4200_UF_F_Dakota-Employees  KRYSTIN\2000_IQ_ILA-006_C  KRYSTIN\0100_UF_KEN_Express_Allow  KRYSTIN\0000_JOANNE_Guest  KRYSTIN\0000_UF_F_AD-Domain-Joiner  KRYSTIN\0000_UF_F_RUNnst-Folder-Users  KRYSTIN\0100_UF_ALI_Lab_020_Allow  KRYSTIN\ZOE Server Access(No Internet)  KRYSTIN\0100_UF_HAE_201_204_Allow  KRYSTIN\2000_IQ_ILA-103A_C  KRYSTIN\ZOE IT Analysts  KRYSTIN\2000_UF_F_Providencia-clementina_R  KRYSTIN\0100_UF_FAE_Lab_1020A_Allow  KRYSTIN\2000_UF_F_LYN_Opt-in_Users  KRYSTIN\0100_UF_KEN_Microfilms_Allow  KRYSTIN\1100_UF_F_SOO_Booker  KRYSTIN\0100_UF_ROY_Lab_030_Allow  KRYSTIN\2000_UF_F_Archived(Completed)-Projects_R  KRYSTIN\0100_UF_FAE_101_101_Allow  KRYSTIN\2000_UF_F_Shared_Projects_R  KRYSTIN\0100_UF_Special_needs_Allow  KRYSTIN\2000_UF_F_Drivers  KRYSTIN\RUDY_UF_O_BEE-Planning  KRYSTIN\0000_UF_F_YCHPBnasj  KRYSTIN\2000_HQ_GY_Shared_R  KRYSTIN\1100_UF_F_SOO_Users  KRYSTIN\0100_UF_HUI_201_202_Allow  KRYSTIN\250_RIA_Telephony_I2  KRYSTIN\0100_UF_KEN_030_046_Allow  KRYSTIN\0000_UF_F_BANNER-LEIGHA-1L  KRYSTIN\2000_IQ_ILA-103_C  KRYSTIN\0100_UF_ROY_Studio_Allow  KRYSTIN\ALMA ADMIN  KRYSTIN\Dorathy Site Users Cori  KRYSTIN\0100_UF_KEN_101_100_Allow  KRYSTIN\0100_UF_KEN_Lab_005_Allow  KRYSTIN\0100_UF_KEN_126_111_Allow  KRYSTIN\0100_UF_F_Allow_Lab_Use  KRYSTIN\0100_UF_KEN_107_006_Deny_external_accounts_Allow  KRYSTIN\RUDY_UF_F_IT  KRYSTIN\2000_UF_F_Shared  KRYSTIN\0100_UF_F_DawacuPnva-Users  KRYSTIN\2000_UF_F_KAY_CAMPUS_R  KRYSTIN\L-Users  KRYSTIN\1100_UF_O_Collaboration Members  KRYSTIN\1100_HQ_APP_LUPE-Dorathy Access  KRYSTIN\0100_UF_KEN_107_006_Allow_external_accounts_Allow  KRYSTIN\1100_HQ_APP_Splunk Collaboration Booker  KRYSTIN\2000_UF_F_Shared_R  KRYSTIN\0100_UF_ALI_401_409_Allow_external_accounts_Allow  KRYSTIN\2000_UF_F_JaqeggK  KRYSTIN\0100_UF_ALI_Lab_420_Allow  KRYSTIN\0000_UF_F_Active Employees  KRYSTIN\2000_UF_O_FACILITIES  KRYSTIN\ALMA_ZOE_BVApicp  KRYSTIN\2000_UF_F_Master-Campus-Map_R  KRYSTIN\0100_UF_KEN_Lab_300_Allow  KRYSTIN\guillermina  KRYSTIN\2000_UF_GY_KAY-Campus_R  KRYSTIN\2000_UF_F_Google-Sketch-Up_R  KRYSTIN\0100_UF_ROY_Lab_020_Allow  KRYSTIN\0100_UF_KEN_Media_Allow  KRYSTIN\2000_UF_F_Phylicia_RM  KRYSTIN\0000_UF_F_BANNER-LEIGHA-2 Users  KRYSTIN\0100_UF_F_DawacuPnva_XrklnkiAipjt-Users  KRYSTIN\2000_IQ_ILA-143_C  KRYSTIN\2000_UF_F_VWVLfod_R  KRYSTIN\2000_UF_F_Public-Data  KRYSTIN\0100_UF_ALI_401_409_Deny_external_accounts_Allow  KRYSTIN\2000_UF_F_YCHPBnasj  KRYSTIN\1300_UF_F_Dakota_Kip_User  KRYSTIN\1100_UF_F_Corporate Services Analysts  KRYSTIN\2000_HQ_GY_Google-Sketch-Up_R  KRYSTIN\250_RIA_TAM_R3  KRYSTIN\2000_HQ_GY_Shared_M  KRYSTIN\0000_UF_F_Corporate_TED_TIA  KRYSTIN\2000_UF_F_IT  KRYSTIN\Dorathy Site Users  O\Self-Managed Distribution Group Management  Authentication authority asserted identity  KRYSTIN\1100_HQ_APP_Secret Server FeveKPZ  KRYSTIN\1100_HQ_GY_SOO-Booker  KRYSTIN\0000_HQ_APP_HWA WEN Profile  KRYSTIN\RUDY_HQ_CvuqNvbbcy  KRYSTIN\2000_HQ_GY_Archived(Completed)-Projects_R  KRYSTIN\RUDY_HQ_FgzueNlfarl  KRYSTIN\0000_HQ_RUNnst_Temporary_File_M  KRYSTIN\0000_HQ_RUNnst_R  KRYSTIN\2000_HQ_GY_KAY-Campus_R  KRYSTIN\2000_HQ_GY_Drivers  KRYSTIN\WtjdtmRwxq  KRYSTIN\2000_HQ_GY_Public-Data_M  KRYSTIN\0000_HQ_APP_Dorathy IT Staff Access  KRYSTIN\0000_HQ_APP_HWA kRystin Profile  KRYSTIN\2000_HQ_FACILITIES_Share-Access  KRYSTIN\2000_HQ_GY_Buildings-Studies_R  KRYSTIN\0000_HQ_Public_R  KRYSTIN\2000_HQ_GY_VWVLfod_R  KRYSTIN\0000_HQ_APP_LYN Users  KRYSTIN\1100_HQ_APP_Secret Server Collaboration Group Folder  KRYSTIN\2000_HQ_GY_Providencia-clementina_R  KRYSTIN\0000_HQ_Public_share_access  KRYSTIN\2000_HQ_GY_Master-Campus-Map_R  KRYSTIN\1100_HQ_APP_Secret Server Facilities HAI  KRYSTIN\1100_HQ_APP_Secret Server Collaboration  KRYSTIN\1100_HQ_APP_Secret Server Dakota  KRYSTIN\1110_HQ_Finance_HnffksXyb  KRYSTIN\2000_HQ_GY_JaqeggK  KRYSTIN\1100_HQ_APP_Secret Server Post Office  KRYSTIN\0000_HQ_APP_Dorathy General Access  KRYSTIN\0000_HQ_APP_LUPE_RildguAg Learning Users  KRYSTIN\0000_HQ_GY_YCHPBnasj_M  KRYSTIN\2000_HQ_GY_Shared_MIA_R  KRYSTIN\0000_HQ_RUNnst_share_access  KRYSTIN\0000_HQ_APP_LYN Licensed Users  KRYSTIN\2000_HQ_GY_Shared_Projects_R  KRYSTIN\2000_HQ_FACILITIES_Share-F  KRYSTIN\Central_hq_L-Users  KRYSTIN\1100_HQ_APP_Secret Server JaqeggK  KRYSTIN\2000_HQ_GY_O&M-Manuals_R  KRYSTIN\1100_HQ_APP_Secret Server view IT Structure  KRYSTIN\0000_HQ_APP_LUPE_TbzuAW  Mandatory Label\Medium Plus Mandatory Level The subject fields indicate the account on the local system which requested the logon. This is most commonly a service such as the Server service, or a local process such as Demarcus.eli or Services.eli. The logon type field indicates the kind of logon that occurred. The most common types are 2 (interactive) and 3 (network). The New Logon fields indicate the account for whom the new logon was created, i.e. the account that was logged on. This event is generated when the Audit Group Membership jackqueline is configured. The Logon ID field can be used to correlate this event with the corresponding user logon event as well as to any other security audit events generated during this logon session.
