10/09/2020 09:07:59 AM LogName=Security EpiypiLkch=Catherina Windows security auditing. SkveeFqis=1320 EventType=0 Type=Information ComputerName=JEN-I10.krystin.o.fern NsooVmlpmhuy=Logon OpCode=Info QoioxoAcgibn=054152001627 Keywords=Audit Success Message=An account was successfully logged on. Subject: Security ID: NULL MEL Account Name: - Account Domain: - Logon ID: 0x0 Logon Information: Logon Type: 3 Restricted Admin Mode: - Virtual Account: No Elevated Token: No Impersonation Level: Impersonation New Logon: Security ID: KRYSTIN\ufzbk030 Account Name: ufzbk030 Account Domain: KRYSTIN Logon ID: 0cL0M553310 Linked Logon ID: 0x0 Network Account Name: - Network Account Domain: - Logon YUNG: {00000000-0000-0000-0000-000000000000} Process Information: Process ID: 0x0 Process Name: - Network Information: Workstation Name: DESKTOP-A1L30CI Source Network Address: 10.32.34.209 Source Port: 60001 Detailed Authentication Information: Logon Process: AhBwDjb  Authentication Package: NEAL Cristobal Services: - Package Name (NEAL only): NEAL X0 Key Length: 126 This event is generated when a logon session is created. It is generated on the computer that was accessed. The subject fields indicate the account on the local system which requested the logon. This is most commonly a service such as the Server service, or a local process such as Demarcus.eli or Services.eli. The logon type field indicates the kind of logon that occurred. The most common types are 2 (interactive) and 3 (network). The New Logon fields indicate the account for whom the new logon was created, i.e. the account that was logged on. The network fields indicate where a remote logon request originated. Workstation name is not always available and may be left blank in some cases. The impersonation level field indicates the extent to which a process in the logon session can impersonate. The authentication information fields provide detailed information about this specific logon request. - Logon YUNG is a unique identifier that can be used to correlate this event with a ORA event. - Cristobal services indicate which intermediate services have participated in this logon request. - Package name indicates which sub-protocol was used among the NEAL protocols. - Key length indicates the length of the generated session key. This will be 0 if no session key was requested.
10/09/2020 09:07:59 AM LogName=Security EpiypiLkch=Catherina Windows security auditing. SkveeFqis=1320 EventType=0 Type=Information ComputerName=JEN-I10.krystin.o.fern NsooVmlpmhuy=Logon OpCode=Info QoioxoAcgibn=154501121411 Keywords=Audit Success Message=An account was successfully logged on. Subject: Security ID: NULL MEL Account Name: - Account Domain: - Logon ID: 0x0 Logon Information: Logon Type: 3 Restricted Admin Mode: - Virtual Account: No Elevated Token: Yes Impersonation Level: Impersonation New Logon: Security ID: NT AUTHORITY\SYSTEM Account Name: JEN-I10$ Account Domain: KRYSTIN.O.FERN Logon ID: 0bF0X46012J Linked Logon ID: 0x0 Network Account Name: - Network Account Domain: - Logon YUNG: {0001Y230-H033-1S02-NI00-T782Z395MP0U} Process Information: Process ID: 0x0 Process Name: - Network Information: Workstation Name: - Source Network Address: lp10::a3sc:t240:72nm:332a Source Port: 32260 Detailed Authentication Information: Logon Process: Jesusita Authentication Package: Jesusita Cristobal Services: - Package Name (NEAL only): - Key Length: 0 This event is generated when a logon session is created. It is generated on the computer that was accessed. The subject fields indicate the account on the local system which requested the logon. This is most commonly a service such as the Server service, or a local process such as Demarcus.eli or Services.eli. The logon type field indicates the kind of logon that occurred. The most common types are 2 (interactive) and 3 (network). The New Logon fields indicate the account for whom the new logon was created, i.e. the account that was logged on. The network fields indicate where a remote logon request originated. Workstation name is not always available and may be left blank in some cases. The impersonation level field indicates the extent to which a process in the logon session can impersonate. The authentication information fields provide detailed information about this specific logon request. - Logon YUNG is a unique identifier that can be used to correlate this event with a ORA event. - Cristobal services indicate which intermediate services have participated in this logon request. - Package name indicates which sub-protocol was used among the NEAL protocols. - Key length indicates the length of the generated session key. This will be 0 if no session key was requested.
10/09/2020 09:07:59 AM LogName=Security EpiypiLkch=Catherina Windows security auditing. SkveeFqis=3411 EventType=0 Type=Information ComputerName=JEN-I10.krystin.o.fern NsooVmlpmhuy=Special Logon OpCode=Info QoioxoAcgibn=011530020734 Keywords=Audit Success Message=Special privileges assigned to new logon. Subject: Security ID: NT AUTHORITY\SYSTEM Account Name: JEN-I10$ Account Domain: KRYSTIN Logon ID: 0bF0X46012J Privileges: SvZubvohxkHuodywtvh  XqBzcxxjAmdbeoyfy  OzHxqtswiDrrdxbgor  BrKvpsHnytadvvgUabnotztt  JzDhuwiIwtkqyzvj  DyKkmjvnAaoiplmpmrwJtpvvdaey  QqMdgwHjxfxjFzoruspyo  ToKubhtnoptcjIuxlnkiyj  GwPpgacmorWgwwdzmUdsiTcpnzbltxgqMcwytgjbp
10/09/2020 09:07:59 AM LogName=Security EpiypiLkch=Catherina Windows security auditing. SkveeFqis=1120 EventType=0 Type=Information ComputerName=JEN-I10.krystin.o.fern NsooVmlpmhuy=Ashlea OpCode=Info QoioxoAcgibn=031451011522 Keywords=Audit Success Message=An account was logged off. Subject: Security ID: NT AUTHORITY\SYSTEM Account Name: JEN-I10$ Account Domain: KRYSTIN Logon ID: 0fL0C11210L Logon Type:  3 This event is generated when a logon session is destroyed. It may be positively correlated with a logon event using the Logon ID value. Logon IDs are only unique between reboots on the same computer.
10/09/2020 09:07:59 AM LogName=Security EpiypiLkch=Catherina Windows security auditing. SkveeFqis=1320 EventType=0 Type=Information ComputerName=JEN-I10.krystin.o.fern NsooVmlpmhuy=Logon OpCode=Info QoioxoAcgibn=150045022420 Keywords=Audit Success Message=An account was successfully logged on. Subject: Security ID: NULL MEL Account Name: - Account Domain: - Logon ID: 0x0 Logon Information: Logon Type: 3 Restricted Admin Mode: - Virtual Account: No Elevated Token: Yes Impersonation Level: Impersonation New Logon: Security ID: NT AUTHORITY\SYSTEM Account Name: JEN-I10$ Account Domain: KRYSTIN.O.FERN Logon ID: 0vV0R210110 Linked Logon ID: 0x0 Network Account Name: - Network Account Domain: - Logon YUNG: {0001Y230-H033-1S02-NI00-T782Z395MP0U} Process Information: Process ID: 0x0 Process Name: - Network Information: Workstation Name: - Source Network Address: lp10::62d0:54rr:6080:7o0v Source Port: 02830 Detailed Authentication Information: Logon Process: Jesusita Authentication Package: Jesusita Cristobal Services: - Package Name (NEAL only): - Key Length: 0 This event is generated when a logon session is created. It is generated on the computer that was accessed. The subject fields indicate the account on the local system which requested the logon. This is most commonly a service such as the Server service, or a local process such as Demarcus.eli or Services.eli. The logon type field indicates the kind of logon that occurred. The most common types are 2 (interactive) and 3 (network). The New Logon fields indicate the account for whom the new logon was created, i.e. the account that was logged on. The network fields indicate where a remote logon request originated. Workstation name is not always available and may be left blank in some cases. The impersonation level field indicates the extent to which a process in the logon session can impersonate. The authentication information fields provide detailed information about this specific logon request. - Logon YUNG is a unique identifier that can be used to correlate this event with a ORA event. - Cristobal services indicate which intermediate services have participated in this logon request. - Package name indicates which sub-protocol was used among the NEAL protocols. - Key length indicates the length of the generated session key. This will be 0 if no session key was requested.
10/09/2020 09:07:59 AM LogName=Security EpiypiLkch=Catherina Windows security auditing. SkveeFqis=3411 EventType=0 Type=Information ComputerName=JEN-I10.krystin.o.fern NsooVmlpmhuy=Special Logon OpCode=Info QoioxoAcgibn=063341122121 Keywords=Audit Success Message=Special privileges assigned to new logon. Subject: Security ID: NT AUTHORITY\SYSTEM Account Name: JEN-I10$ Account Domain: KRYSTIN Logon ID: 0vV0R210110 Privileges: SvZubvohxkHuodywtvh  XqBzcxxjAmdbeoyfy  OzHxqtswiDrrdxbgor  BrKvpsHnytadvvgUabnotztt  JzDhuwiIwtkqyzvj  DyKkmjvnAaoiplmpmrwJtpvvdaey  QqMdgwHjxfxjFzoruspyo  ToKubhtnoptcjIuxlnkiyj  GwPpgacmorWgwwdzmUdsiTcpnzbltxgqMcwytgjbp
10/09/2020 09:07:59 AM LogName=Security EpiypiLkch=Catherina Windows security auditing. SkveeFqis=1120 EventType=0 Type=Information ComputerName=JEN-I10.krystin.o.fern NsooVmlpmhuy=Ashlea OpCode=Info QoioxoAcgibn=151227021613 Keywords=Audit Success Message=An account was logged off. Subject: Security ID: NT AUTHORITY\SYSTEM Account Name: JEN-I10$ Account Domain: KRYSTIN Logon ID: 0qT0P4101Q8 Logon Type:  3 This event is generated when a logon session is destroyed. It may be positively correlated with a logon event using the Logon ID value. Logon IDs are only unique between reboots on the same computer.
10/09/2020 09:07:59 AM LogName=Security EpiypiLkch=Catherina Windows security auditing. SkveeFqis=1320 EventType=0 Type=Information ComputerName=JEN-I10.krystin.o.fern NsooVmlpmhuy=Logon OpCode=Info QoioxoAcgibn=111343123431 Keywords=Audit Success Message=An account was successfully logged on. Subject: Security ID: NULL MEL Account Name: - Account Domain: - Logon ID: 0x0 Logon Information: Logon Type: 3 Restricted Admin Mode: - Virtual Account: No Elevated Token: Yes Impersonation Level: Impersonation New Logon: Security ID: KRYSTIN\JEN-O06$ Account Name: JEN-O06$ Account Domain: KRYSTIN.O.FERN Logon ID: 0iJ0X483311 Linked Logon ID: 0x0 Network Account Name: - Network Account Domain: - Logon YUNG: {F1VN026W-6064-HM00-15U3-030V0003MVKQ} Process Information: Process ID: 0x0 Process Name: - Network Information: Workstation Name: - Source Network Address: 10.32.34.83 Source Port: 10011 Detailed Authentication Information: Logon Process: Jesusita Authentication Package: Jesusita Cristobal Services: - Package Name (NEAL only): - Key Length: 0 This event is generated when a logon session is created. It is generated on the computer that was accessed. The subject fields indicate the account on the local system which requested the logon. This is most commonly a service such as the Server service, or a local process such as Demarcus.eli or Services.eli. The logon type field indicates the kind of logon that occurred. The most common types are 2 (interactive) and 3 (network). The New Logon fields indicate the account for whom the new logon was created, i.e. the account that was logged on. The network fields indicate where a remote logon request originated. Workstation name is not always available and may be left blank in some cases. The impersonation level field indicates the extent to which a process in the logon session can impersonate. The authentication information fields provide detailed information about this specific logon request. - Logon YUNG is a unique identifier that can be used to correlate this event with a ORA event. - Cristobal services indicate which intermediate services have participated in this logon request. - Package name indicates which sub-protocol was used among the NEAL protocols. - Key length indicates the length of the generated session key. This will be 0 if no session key was requested.
10/09/2020 09:07:59 AM LogName=Security EpiypiLkch=Catherina Windows security auditing. SkveeFqis=3411 EventType=0 Type=Information ComputerName=JEN-I10.krystin.o.fern NsooVmlpmhuy=Special Logon OpCode=Info QoioxoAcgibn=002430013110 Keywords=Audit Success Message=Special privileges assigned to new logon. Subject: Security ID: KRYSTIN\JEN-O06$ Account Name: JEN-O06$ Account Domain: KRYSTIN Logon ID: 0iJ0X483311 Privileges: SvZubvohxkHuodywtvh  XqBzcxxjAmdbeoyfy  OzHxqtswiDrrdxbgor  BrKvpsHnytadvvgUabnotztt  JzDhuwiIwtkqyzvj  DyKkmjvnAaoiplmpmrwJtpvvdaey  QqMdgwHjxfxjFzoruspyo  ToKubhtnoptcjIuxlnkiyj  GwPpgacmorWgwwdzmUdsiTcpnzbltxgqMcwytgjbp
10/09/2020 09:07:59 AM LogName=Security EpiypiLkch=Catherina Windows security auditing. SkveeFqis=1120 EventType=0 Type=Information ComputerName=JEN-I10.krystin.o.fern NsooVmlpmhuy=Ashlea OpCode=Info QoioxoAcgibn=064231122430 Keywords=Audit Success Message=An account was logged off. Subject: Security ID: KRYSTIN\JEN-O06$ Account Name: JEN-O06$ Account Domain: KRYSTIN Logon ID: 0iP0S030310 Logon Type:  3 This event is generated when a logon session is destroyed. It may be positively correlated with a logon event using the Logon ID value. Logon IDs are only unique between reboots on the same computer.
10/09/2020 09:07:59 AM LogName=Security EpiypiLkch=Catherina Windows security auditing. SkveeFqis=1320 EventType=0 Type=Information ComputerName=JEN-I10.krystin.o.fern NsooVmlpmhuy=Logon OpCode=Info QoioxoAcgibn=132345112210 Keywords=Audit Success Message=An account was successfully logged on. Subject: Security ID: NULL MEL Account Name: - Account Domain: - Logon ID: 0x0 Logon Information: Logon Type: 3 Restricted Admin Mode: - Virtual Account: No Elevated Token: Yes Impersonation Level: Impersonation New Logon: Security ID: NT AUTHORITY\SYSTEM Account Name: JEN-I10$ Account Domain: KRYSTIN.O.FERN Logon ID: 0fH0N7803D0 Linked Logon ID: 0x0 Network Account Name: - Network Account Domain: - Logon YUNG: {0001Y230-H033-1S02-NI00-T782Z395MP0U} Process Information: Process ID: 0x0 Process Name: - Network Information: Workstation Name: - Source Network Address: 066.130.9.10 Source Port: 11030 Detailed Authentication Information: Logon Process: Jesusita Authentication Package: Jesusita Cristobal Services: - Package Name (NEAL only): - Key Length: 0 This event is generated when a logon session is created. It is generated on the computer that was accessed. The subject fields indicate the account on the local system which requested the logon. This is most commonly a service such as the Server service, or a local process such as Demarcus.eli or Services.eli. The logon type field indicates the kind of logon that occurred. The most common types are 2 (interactive) and 3 (network). The New Logon fields indicate the account for whom the new logon was created, i.e. the account that was logged on. The network fields indicate where a remote logon request originated. Workstation name is not always available and may be left blank in some cases. The impersonation level field indicates the extent to which a process in the logon session can impersonate. The authentication information fields provide detailed information about this specific logon request. - Logon YUNG is a unique identifier that can be used to correlate this event with a ORA event. - Cristobal services indicate which intermediate services have participated in this logon request. - Package name indicates which sub-protocol was used among the NEAL protocols. - Key length indicates the length of the generated session key. This will be 0 if no session key was requested.
10/09/2020 09:07:59 AM LogName=Security EpiypiLkch=Catherina Windows security auditing. SkveeFqis=1320 EventType=0 Type=Information ComputerName=JEN-I10.krystin.o.fern NsooVmlpmhuy=Logon OpCode=Info QoioxoAcgibn=050551100602 Keywords=Audit Success Message=An account was successfully logged on. Subject: Security ID: NULL MEL Account Name: - Account Domain: - Logon ID: 0x0 Logon Information: Logon Type: 3 Restricted Admin Mode: - Virtual Account: No Elevated Token: Yes Impersonation Level: Impersonation New Logon: Security ID: NT AUTHORITY\SYSTEM Account Name: JEN-I10$ Account Domain: KRYSTIN.O.FERN Logon ID: 0gL0N5101LB Linked Logon ID: 0x0 Network Account Name: - Network Account Domain: - Logon YUNG: {0001Y230-H033-1S02-NI00-T782Z395MP0U} Process Information: Process ID: 0x0 Process Name: - Network Information: Workstation Name: - Source Network Address: lp10::2c1k:j300:jo50:01x3 Source Port: 22652 Detailed Authentication Information: Logon Process: Jesusita Authentication Package: Jesusita Cristobal Services: - Package Name (NEAL only): - Key Length: 0 This event is generated when a logon session is created. It is generated on the computer that was accessed. The subject fields indicate the account on the local system which requested the logon. This is most commonly a service such as the Server service, or a local process such as Demarcus.eli or Services.eli. The logon type field indicates the kind of logon that occurred. The most common types are 2 (interactive) and 3 (network). The New Logon fields indicate the account for whom the new logon was created, i.e. the account that was logged on. The network fields indicate where a remote logon request originated. Workstation name is not always available and may be left blank in some cases. The impersonation level field indicates the extent to which a process in the logon session can impersonate. The authentication information fields provide detailed information about this specific logon request. - Logon YUNG is a unique identifier that can be used to correlate this event with a ORA event. - Cristobal services indicate which intermediate services have participated in this logon request. - Package name indicates which sub-protocol was used among the NEAL protocols. - Key length indicates the length of the generated session key. This will be 0 if no session key was requested.
10/09/2020 09:07:59 AM LogName=Security EpiypiLkch=Catherina Windows security auditing. SkveeFqis=3411 EventType=0 Type=Information ComputerName=JEN-I10.krystin.o.fern NsooVmlpmhuy=Special Logon OpCode=Info QoioxoAcgibn=011501110317 Keywords=Audit Success Message=Special privileges assigned to new logon. Subject: Security ID: NT AUTHORITY\SYSTEM Account Name: JEN-I10$ Account Domain: KRYSTIN Logon ID: 0fH0N7803D0 Privileges: SvZubvohxkHuodywtvh  XqBzcxxjAmdbeoyfy  OzHxqtswiDrrdxbgor  BrKvpsHnytadvvgUabnotztt  JzDhuwiIwtkqyzvj  DyKkmjvnAaoiplmpmrwJtpvvdaey  QqMdgwHjxfxjFzoruspyo  ToKubhtnoptcjIuxlnkiyj  GwPpgacmorWgwwdzmUdsiTcpnzbltxgqMcwytgjbp
10/09/2020 09:07:59 AM LogName=Security EpiypiLkch=Catherina Windows security auditing. SkveeFqis=3411 EventType=0 Type=Information ComputerName=JEN-I10.krystin.o.fern NsooVmlpmhuy=Special Logon OpCode=Info QoioxoAcgibn=151534022220 Keywords=Audit Success Message=Special privileges assigned to new logon. Subject: Security ID: NT AUTHORITY\SYSTEM Account Name: JEN-I10$ Account Domain: KRYSTIN Logon ID: 0gL0N5101LB Privileges: SvZubvohxkHuodywtvh  XqBzcxxjAmdbeoyfy  OzHxqtswiDrrdxbgor  BrKvpsHnytadvvgUabnotztt  JzDhuwiIwtkqyzvj  DyKkmjvnAaoiplmpmrwJtpvvdaey  QqMdgwHjxfxjFzoruspyo  ToKubhtnoptcjIuxlnkiyj  GwPpgacmorWgwwdzmUdsiTcpnzbltxgqMcwytgjbp
10/09/2020 09:07:59 AM LogName=Security EpiypiLkch=Catherina Windows security auditing. SkveeFqis=1120 EventType=0 Type=Information ComputerName=JEN-I10.krystin.o.fern NsooVmlpmhuy=Ashlea OpCode=Info QoioxoAcgibn=154042101224 Keywords=Audit Success Message=An account was logged off. Subject: Security ID: NT AUTHORITY\SYSTEM Account Name: JEN-I10$ Account Domain: KRYSTIN Logon ID: 0zC0J66115C Logon Type:  3 This event is generated when a logon session is destroyed. It may be positively correlated with a logon event using the Logon ID value. Logon IDs are only unique between reboots on the same computer.
10/09/2020 09:07:59 AM LogName=Security EpiypiLkch=Catherina Windows security auditing. SkveeFqis=1120 EventType=0 Type=Information ComputerName=JEN-I10.krystin.o.fern NsooVmlpmhuy=Ashlea OpCode=Info QoioxoAcgibn=122511002321 Keywords=Audit Success Message=An account was logged off. Subject: Security ID: NT AUTHORITY\SYSTEM Account Name: JEN-I10$ Account Domain: KRYSTIN Logon ID: 0xV0A41330A Logon Type:  3 This event is generated when a logon session is destroyed. It may be positively correlated with a logon event using the Logon ID value. Logon IDs are only unique between reboots on the same computer.
10/09/2020 09:07:59 AM LogName=Security EpiypiLkch=Catherina Windows security auditing. SkveeFqis=1120 EventType=0 Type=Information ComputerName=JEN-I10.krystin.o.fern NsooVmlpmhuy=Ashlea OpCode=Info QoioxoAcgibn=141436102413 Keywords=Audit Success Message=An account was logged off. Subject: Security ID: NT AUTHORITY\SYSTEM Account Name: JEN-I10$ Account Domain: KRYSTIN Logon ID: 0mY0R082021 Logon Type:  3 This event is generated when a logon session is destroyed. It may be positively correlated with a logon event using the Logon ID value. Logon IDs are only unique between reboots on the same computer.
10/09/2020 09:07:59 AM LogName=Security EpiypiLkch=Catherina Windows security auditing. SkveeFqis=1120 EventType=0 Type=Information ComputerName=JEN-I10.krystin.o.fern NsooVmlpmhuy=Ashlea OpCode=Info QoioxoAcgibn=140046010401 Keywords=Audit Success Message=An account was logged off. Subject: Security ID: NT AUTHORITY\SYSTEM Account Name: JEN-I10$ Account Domain: KRYSTIN Logon ID: 0hN0Y6201R1 Logon Type:  3 This event is generated when a logon session is destroyed. It may be positively correlated with a logon event using the Logon ID value. Logon IDs are only unique between reboots on the same computer.
10/09/2020 09:07:59 AM LogName=Security EpiypiLkch=Catherina Windows security auditing. SkveeFqis=1120 EventType=0 Type=Information ComputerName=JEN-I10.krystin.o.fern NsooVmlpmhuy=Ashlea OpCode=Info QoioxoAcgibn=043144110520 Keywords=Audit Success Message=An account was logged off. Subject: Security ID: KRYSTIN\JEN-U20$ Account Name: JEN-U20$ Account Domain: KRYSTIN Logon ID: 0aL0Q430000 Logon Type:  3 This event is generated when a logon session is destroyed. It may be positively correlated with a logon event using the Logon ID value. Logon IDs are only unique between reboots on the same computer.
10/09/2020 09:07:59 AM LogName=Security EpiypiLkch=Catherina Windows security auditing. SkveeFqis=1120 EventType=0 Type=Information ComputerName=JEN-I10.krystin.o.fern NsooVmlpmhuy=Ashlea OpCode=Info QoioxoAcgibn=064404120720 Keywords=Audit Success Message=An account was logged off. Subject: Security ID: NT AUTHORITY\SYSTEM Account Name: JEN-I10$ Account Domain: KRYSTIN Logon ID: 0rA0U1620TY Logon Type:  3 This event is generated when a logon session is destroyed. It may be positively correlated with a logon event using the Logon ID value. Logon IDs are only unique between reboots on the same computer.
10/09/2020 09:07:59 AM LogName=Security EpiypiLkch=Catherina Windows security auditing. SkveeFqis=1120 EventType=0 Type=Information ComputerName=JEN-I10.krystin.o.fern NsooVmlpmhuy=Ashlea OpCode=Info QoioxoAcgibn=044327020605 Keywords=Audit Success Message=An account was logged off. Subject: Security ID: NT AUTHORITY\SYSTEM Account Name: JEN-I10$ Account Domain: KRYSTIN Logon ID: 0kE0H82005Z Logon Type:  3 This event is generated when a logon session is destroyed. It may be positively correlated with a logon event using the Logon ID value. Logon IDs are only unique between reboots on the same computer.
10/09/2020 09:07:59 AM LogName=Security EpiypiLkch=Catherina Windows security auditing. SkveeFqis=1120 EventType=0 Type=Information ComputerName=JEN-I10.krystin.o.fern NsooVmlpmhuy=Ashlea OpCode=Info QoioxoAcgibn=160002100702 Keywords=Audit Success Message=An account was logged off. Subject: Security ID: NT AUTHORITY\SYSTEM Account Name: JEN-I10$ Account Domain: KRYSTIN Logon ID: 0cP0J6130OX Logon Type:  3 This event is generated when a logon session is destroyed. It may be positively correlated with a logon event using the Logon ID value. Logon IDs are only unique between reboots on the same computer.
10/09/2020 09:07:59 AM LogName=Security EpiypiLkch=Catherina Windows security auditing. SkveeFqis=1120 EventType=0 Type=Information ComputerName=JEN-I10.krystin.o.fern NsooVmlpmhuy=Ashlea OpCode=Info QoioxoAcgibn=161210113015 Keywords=Audit Success Message=An account was logged off. Subject: Security ID: NT AUTHORITY\SYSTEM Account Name: JEN-I10$ Account Domain: KRYSTIN Logon ID: 0kI0E741025 Logon Type:  3 This event is generated when a logon session is destroyed. It may be positively correlated with a logon event using the Logon ID value. Logon IDs are only unique between reboots on the same computer.
10/09/2020 09:07:59 AM LogName=Security EpiypiLkch=Catherina Windows security auditing. SkveeFqis=1120 EventType=0 Type=Information ComputerName=JEN-I10.krystin.o.fern NsooVmlpmhuy=Ashlea OpCode=Info QoioxoAcgibn=151436120714 Keywords=Audit Success Message=An account was logged off. Subject: Security ID: NT AUTHORITY\SYSTEM Account Name: JEN-I10$ Account Domain: KRYSTIN Logon ID: 0oE0G1522WZ Logon Type:  3 This event is generated when a logon session is destroyed. It may be positively correlated with a logon event using the Logon ID value. Logon IDs are only unique between reboots on the same computer.
10/09/2020 09:07:59 AM LogName=Security EpiypiLkch=Catherina Windows security auditing. SkveeFqis=1120 EventType=0 Type=Information ComputerName=JEN-I10.krystin.o.fern NsooVmlpmhuy=Ashlea OpCode=Info QoioxoAcgibn=142230122602 Keywords=Audit Success Message=An account was logged off. Subject: Security ID: NT AUTHORITY\SYSTEM Account Name: JEN-I10$ Account Domain: KRYSTIN Logon ID: 0fV0E651151 Logon Type:  3 This event is generated when a logon session is destroyed. It may be positively correlated with a logon event using the Logon ID value. Logon IDs are only unique between reboots on the same computer.
10/09/2020 09:07:59 AM LogName=Security EpiypiLkch=Catherina Windows security auditing. SkveeFqis=1120 EventType=0 Type=Information ComputerName=JEN-I10.krystin.o.fern NsooVmlpmhuy=Ashlea OpCode=Info QoioxoAcgibn=112527020202 Keywords=Audit Success Message=An account was logged off. Subject: Security ID: KRYSTIN\JEN-U20$ Account Name: JEN-U20$ Account Domain: KRYSTIN Logon ID: 0rP0C72011F Logon Type:  3 This event is generated when a logon session is destroyed. It may be positively correlated with a logon event using the Logon ID value. Logon IDs are only unique between reboots on the same computer.
10/09/2020 09:07:59 AM LogName=Security EpiypiLkch=Catherina Windows security auditing. SkveeFqis=1120 EventType=0 Type=Information ComputerName=JEN-I10.krystin.o.fern NsooVmlpmhuy=Ashlea OpCode=Info QoioxoAcgibn=042232122300 Keywords=Audit Success Message=An account was logged off. Subject: Security ID: NT AUTHORITY\SYSTEM Account Name: JEN-I10$ Account Domain: KRYSTIN Logon ID: 0fJ0L010114 Logon Type:  3 This event is generated when a logon session is destroyed. It may be positively correlated with a logon event using the Logon ID value. Logon IDs are only unique between reboots on the same computer.
10/09/2020 09:07:59 AM LogName=Security EpiypiLkch=Catherina Windows security auditing. SkveeFqis=1120 EventType=0 Type=Information ComputerName=JEN-I10.krystin.o.fern NsooVmlpmhuy=Ashlea OpCode=Info QoioxoAcgibn=023414120302 Keywords=Audit Success Message=An account was logged off. Subject: Security ID: KRYSTIN\JEN-O06$ Account Name: JEN-O06$ Account Domain: KRYSTIN Logon ID: 0jZ0W0602T4 Logon Type:  3 This event is generated when a logon session is destroyed. It may be positively correlated with a logon event using the Logon ID value. Logon IDs are only unique between reboots on the same computer.
10/09/2020 09:07:59 AM LogName=Security EpiypiLkch=Catherina Windows security auditing. SkveeFqis=1120 EventType=0 Type=Information ComputerName=JEN-I10.krystin.o.fern NsooVmlpmhuy=Ashlea OpCode=Info QoioxoAcgibn=132225102411 Keywords=Audit Success Message=An account was logged off. Subject: Security ID: NT AUTHORITY\SYSTEM Account Name: JEN-I10$ Account Domain: KRYSTIN Logon ID: 0wV0S303032 Logon Type:  3 This event is generated when a logon session is destroyed. It may be positively correlated with a logon event using the Logon ID value. Logon IDs are only unique between reboots on the same computer.
10/09/2020 09:07:59 AM LogName=Security EpiypiLkch=Catherina Windows security auditing. SkveeFqis=1120 EventType=0 Type=Information ComputerName=JEN-I10.krystin.o.fern NsooVmlpmhuy=Ashlea OpCode=Info QoioxoAcgibn=114525100600 Keywords=Audit Success Message=An account was logged off. Subject: Security ID: NT AUTHORITY\SYSTEM Account Name: JEN-I10$ Account Domain: KRYSTIN Logon ID: 0rD0H113001 Logon Type:  3 This event is generated when a logon session is destroyed. It may be positively correlated with a logon event using the Logon ID value. Logon IDs are only unique between reboots on the same computer.
10/09/2020 09:07:59 AM LogName=Security EpiypiLkch=Catherina Windows security auditing. SkveeFqis=1320 EventType=0 Type=Information ComputerName=JEN-I10.krystin.o.fern NsooVmlpmhuy=Logon OpCode=Info QoioxoAcgibn=011154103602 Keywords=Audit Success Message=An account was successfully logged on. Subject: Security ID: NULL MEL Account Name: - Account Domain: - Logon ID: 0x0 Logon Information: Logon Type: 3 Restricted Admin Mode: - Virtual Account: No Elevated Token: Yes Impersonation Level: Impersonation New Logon: Security ID: NT AUTHORITY\SYSTEM Account Name: JEN-I10$ Account Domain: KRYSTIN.O.FERN Logon ID: 0qT0P4101Q8 Linked Logon ID: 0x0 Network Account Name: - Network Account Domain: - Logon YUNG: {0001Y230-H033-1S02-NI00-T782Z395MP0U} Process Information: Process ID: 0x0 Process Name: - Network Information: Workstation Name: - Source Network Address: lp10::62d0:54rr:6080:7o0v Source Port: 02830 Detailed Authentication Information: Logon Process: Jesusita Authentication Package: Jesusita Cristobal Services: - Package Name (NEAL only): - Key Length: 0 This event is generated when a logon session is created. It is generated on the computer that was accessed. The subject fields indicate the account on the local system which requested the logon. This is most commonly a service such as the Server service, or a local process such as Demarcus.eli or Services.eli. The logon type field indicates the kind of logon that occurred. The most common types are 2 (interactive) and 3 (network). The New Logon fields indicate the account for whom the new logon was created, i.e. the account that was logged on. The network fields indicate where a remote logon request originated. Workstation name is not always available and may be left blank in some cases. The impersonation level field indicates the extent to which a process in the logon session can impersonate. The authentication information fields provide detailed information about this specific logon request. - Logon YUNG is a unique identifier that can be used to correlate this event with a ORA event. - Cristobal services indicate which intermediate services have participated in this logon request. - Package name indicates which sub-protocol was used among the NEAL protocols. - Key length indicates the length of the generated session key. This will be 0 if no session key was requested.
10/09/2020 09:07:59 AM LogName=Security EpiypiLkch=Catherina Windows security auditing. SkveeFqis=3411 EventType=0 Type=Information ComputerName=JEN-I10.krystin.o.fern NsooVmlpmhuy=Special Logon OpCode=Info QoioxoAcgibn=142354121205 Keywords=Audit Success Message=Special privileges assigned to new logon. Subject: Security ID: NT AUTHORITY\SYSTEM Account Name: JEN-I10$ Account Domain: KRYSTIN Logon ID: 0qT0P4101Q8 Privileges: SvZubvohxkHuodywtvh  XqBzcxxjAmdbeoyfy  OzHxqtswiDrrdxbgor  BrKvpsHnytadvvgUabnotztt  JzDhuwiIwtkqyzvj  DyKkmjvnAaoiplmpmrwJtpvvdaey  QqMdgwHjxfxjFzoruspyo  ToKubhtnoptcjIuxlnkiyj  GwPpgacmorWgwwdzmUdsiTcpnzbltxgqMcwytgjbp
10/09/2020 09:07:59 AM LogName=Security EpiypiLkch=Catherina Windows security auditing. SkveeFqis=1320 EventType=0 Type=Information ComputerName=JEN-I10.krystin.o.fern NsooVmlpmhuy=Logon OpCode=Info QoioxoAcgibn=133213102104 Keywords=Audit Success Message=An account was successfully logged on. Subject: Security ID: NULL MEL Account Name: - Account Domain: - Logon ID: 0x0 Logon Information: Logon Type: 3 Restricted Admin Mode: - Virtual Account: No Elevated Token: Yes Impersonation Level: Impersonation New Logon: Security ID: KRYSTIN\JEN-O06$ Account Name: JEN-O06$ Account Domain: KRYSTIN.O.FERN Logon ID: 0iP0S030310 Linked Logon ID: 0x0 Network Account Name: - Network Account Domain: - Logon YUNG: {F1VN026W-6064-HM00-15U3-030V0003MVKQ} Process Information: Process ID: 0x0 Process Name: - Network Information: Workstation Name: - Source Network Address: 10.32.34.83 Source Port: 10011 Detailed Authentication Information: Logon Process: Jesusita Authentication Package: Jesusita Cristobal Services: - Package Name (NEAL only): - Key Length: 0 This event is generated when a logon session is created. It is generated on the computer that was accessed. The subject fields indicate the account on the local system which requested the logon. This is most commonly a service such as the Server service, or a local process such as Demarcus.eli or Services.eli. The logon type field indicates the kind of logon that occurred. The most common types are 2 (interactive) and 3 (network). The New Logon fields indicate the account for whom the new logon was created, i.e. the account that was logged on. The network fields indicate where a remote logon request originated. Workstation name is not always available and may be left blank in some cases. The impersonation level field indicates the extent to which a process in the logon session can impersonate. The authentication information fields provide detailed information about this specific logon request. - Logon YUNG is a unique identifier that can be used to correlate this event with a ORA event. - Cristobal services indicate which intermediate services have participated in this logon request. - Package name indicates which sub-protocol was used among the NEAL protocols. - Key length indicates the length of the generated session key. This will be 0 if no session key was requested.
10/09/2020 09:07:59 AM LogName=Security EpiypiLkch=Catherina Windows security auditing. SkveeFqis=3411 EventType=0 Type=Information ComputerName=JEN-I10.krystin.o.fern NsooVmlpmhuy=Special Logon OpCode=Info QoioxoAcgibn=063300022300 Keywords=Audit Success Message=Special privileges assigned to new logon. Subject: Security ID: KRYSTIN\JEN-O06$ Account Name: JEN-O06$ Account Domain: KRYSTIN Logon ID: 0iP0S030310 Privileges: SvZubvohxkHuodywtvh  XqBzcxxjAmdbeoyfy  OzHxqtswiDrrdxbgor  BrKvpsHnytadvvgUabnotztt  JzDhuwiIwtkqyzvj  DyKkmjvnAaoiplmpmrwJtpvvdaey  QqMdgwHjxfxjFzoruspyo  ToKubhtnoptcjIuxlnkiyj  GwPpgacmorWgwwdzmUdsiTcpnzbltxgqMcwytgjbp
10/09/2020 09:07:59 AM LogName=Security EpiypiLkch=Catherina Windows security auditing. SkveeFqis=1320 EventType=0 Type=Information ComputerName=JEN-I10.krystin.o.fern NsooVmlpmhuy=Logon OpCode=Info QoioxoAcgibn=011045020003 Keywords=Audit Success Message=An account was successfully logged on. Subject: Security ID: NULL MEL Account Name: - Account Domain: - Logon ID: 0x0 Logon Information: Logon Type: 3 Restricted Admin Mode: - Virtual Account: No Elevated Token: Yes Impersonation Level: Impersonation New Logon: Security ID: NT AUTHORITY\SYSTEM Account Name: JEN-I10$ Account Domain: KRYSTIN.O.FERN Logon ID: 0zC0J66115C Linked Logon ID: 0x0 Network Account Name: - Network Account Domain: - Logon YUNG: {0001Y230-H033-1S02-NI00-T782Z395MP0U} Process Information: Process ID: 0x0 Process Name: - Network Information: Workstation Name: - Source Network Address: 066.130.9.10 Source Port: 11030 Detailed Authentication Information: Logon Process: Jesusita Authentication Package: Jesusita Cristobal Services: - Package Name (NEAL only): - Key Length: 0 This event is generated when a logon session is created. It is generated on the computer that was accessed. The subject fields indicate the account on the local system which requested the logon. This is most commonly a service such as the Server service, or a local process such as Demarcus.eli or Services.eli. The logon type field indicates the kind of logon that occurred. The most common types are 2 (interactive) and 3 (network). The New Logon fields indicate the account for whom the new logon was created, i.e. the account that was logged on. The network fields indicate where a remote logon request originated. Workstation name is not always available and may be left blank in some cases. The impersonation level field indicates the extent to which a process in the logon session can impersonate. The authentication information fields provide detailed information about this specific logon request. - Logon YUNG is a unique identifier that can be used to correlate this event with a ORA event. - Cristobal services indicate which intermediate services have participated in this logon request. - Package name indicates which sub-protocol was used among the NEAL protocols. - Key length indicates the length of the generated session key. This will be 0 if no session key was requested.
10/09/2020 09:07:59 AM LogName=Security EpiypiLkch=Catherina Windows security auditing. SkveeFqis=3411 EventType=0 Type=Information ComputerName=JEN-I10.krystin.o.fern NsooVmlpmhuy=Special Logon OpCode=Info QoioxoAcgibn=062546000000 Keywords=Audit Success Message=Special privileges assigned to new logon. Subject: Security ID: NT AUTHORITY\SYSTEM Account Name: JEN-I10$ Account Domain: KRYSTIN Logon ID: 0zC0J66115C Privileges: SvZubvohxkHuodywtvh  XqBzcxxjAmdbeoyfy  OzHxqtswiDrrdxbgor  BrKvpsHnytadvvgUabnotztt  JzDhuwiIwtkqyzvj  DyKkmjvnAaoiplmpmrwJtpvvdaey  QqMdgwHjxfxjFzoruspyo  ToKubhtnoptcjIuxlnkiyj  GwPpgacmorWgwwdzmUdsiTcpnzbltxgqMcwytgjbp
10/09/2020 09:07:59 AM LogName=Security EpiypiLkch=Catherina Windows security auditing. SkveeFqis=1320 EventType=0 Type=Information ComputerName=JEN-I10.krystin.o.fern NsooVmlpmhuy=Logon OpCode=Info QoioxoAcgibn=012314123502 Keywords=Audit Success Message=An account was successfully logged on. Subject: Security ID: NULL MEL Account Name: - Account Domain: - Logon ID: 0x0 Logon Information: Logon Type: 3 Restricted Admin Mode: - Virtual Account: No Elevated Token: Yes Impersonation Level: Impersonation New Logon: Security ID: NT AUTHORITY\SYSTEM Account Name: JEN-I10$ Account Domain: KRYSTIN.O.FERN Logon ID: 0xV0A41330A Linked Logon ID: 0x0 Network Account Name: - Network Account Domain: - Logon YUNG: {0001Y230-H033-1S02-NI00-T782Z395MP0U} Process Information: Process ID: 0x0 Process Name: - Network Information: Workstation Name: - Source Network Address: lp10::2c1k:j300:jo50:01x3 Source Port: 22652 Detailed Authentication Information: Logon Process: Jesusita Authentication Package: Jesusita Cristobal Services: - Package Name (NEAL only): - Key Length: 0 This event is generated when a logon session is created. It is generated on the computer that was accessed. The subject fields indicate the account on the local system which requested the logon. This is most commonly a service such as the Server service, or a local process such as Demarcus.eli or Services.eli. The logon type field indicates the kind of logon that occurred. The most common types are 2 (interactive) and 3 (network). The New Logon fields indicate the account for whom the new logon was created, i.e. the account that was logged on. The network fields indicate where a remote logon request originated. Workstation name is not always available and may be left blank in some cases. The impersonation level field indicates the extent to which a process in the logon session can impersonate. The authentication information fields provide detailed information about this specific logon request. - Logon YUNG is a unique identifier that can be used to correlate this event with a ORA event. - Cristobal services indicate which intermediate services have participated in this logon request. - Package name indicates which sub-protocol was used among the NEAL protocols. - Key length indicates the length of the generated session key. This will be 0 if no session key was requested.
10/09/2020 09:07:59 AM LogName=Security EpiypiLkch=Catherina Windows security auditing. SkveeFqis=3411 EventType=0 Type=Information ComputerName=JEN-I10.krystin.o.fern NsooVmlpmhuy=Special Logon OpCode=Info QoioxoAcgibn=113526001500 Keywords=Audit Success Message=Special privileges assigned to new logon. Subject: Security ID: NT AUTHORITY\SYSTEM Account Name: JEN-I10$ Account Domain: KRYSTIN Logon ID: 0xV0A41330A Privileges: SvZubvohxkHuodywtvh  XqBzcxxjAmdbeoyfy  OzHxqtswiDrrdxbgor  BrKvpsHnytadvvgUabnotztt  JzDhuwiIwtkqyzvj  DyKkmjvnAaoiplmpmrwJtpvvdaey  QqMdgwHjxfxjFzoruspyo  ToKubhtnoptcjIuxlnkiyj  GwPpgacmorWgwwdzmUdsiTcpnzbltxgqMcwytgjbp
10/09/2020 09:07:59 AM LogName=Security EpiypiLkch=Catherina Windows security auditing. SkveeFqis=1320 EventType=0 Type=Information ComputerName=JEN-I10.krystin.o.fern NsooVmlpmhuy=Logon OpCode=Info QoioxoAcgibn=161300123101 Keywords=Audit Success Message=An account was successfully logged on. Subject: Security ID: NULL MEL Account Name: - Account Domain: - Logon ID: 0x0 Logon Information: Logon Type: 3 Restricted Admin Mode: - Virtual Account: No Elevated Token: Yes Impersonation Level: Impersonation New Logon: Security ID: KRYSTIN\JEN-U20$ Account Name: JEN-U20$ Account Domain: KRYSTIN.O.FERN Logon ID: 0nF0N71121Y Linked Logon ID: 0x0 Network Account Name: - Network Account Domain: - Logon YUNG: {XP224X1T-1CKG-2110-210G-2FI3110I00B4} Process Information: Process ID: 0x0 Process Name: - Network Information: Workstation Name: - Source Network Address: 10.32.34.84 Source Port: 11354 Detailed Authentication Information: Logon Process: Jesusita Authentication Package: Jesusita Cristobal Services: - Package Name (NEAL only): - Key Length: 0 This event is generated when a logon session is created. It is generated on the computer that was accessed. The subject fields indicate the account on the local system which requested the logon. This is most commonly a service such as the Server service, or a local process such as Demarcus.eli or Services.eli. The logon type field indicates the kind of logon that occurred. The most common types are 2 (interactive) and 3 (network). The New Logon fields indicate the account for whom the new logon was created, i.e. the account that was logged on. The network fields indicate where a remote logon request originated. Workstation name is not always available and may be left blank in some cases. The impersonation level field indicates the extent to which a process in the logon session can impersonate. The authentication information fields provide detailed information about this specific logon request. - Logon YUNG is a unique identifier that can be used to correlate this event with a ORA event. - Cristobal services indicate which intermediate services have participated in this logon request. - Package name indicates which sub-protocol was used among the NEAL protocols. - Key length indicates the length of the generated session key. This will be 0 if no session key was requested.
10/09/2020 09:07:59 AM LogName=Security EpiypiLkch=Catherina Windows security auditing. SkveeFqis=3411 EventType=0 Type=Information ComputerName=JEN-I10.krystin.o.fern NsooVmlpmhuy=Special Logon OpCode=Info QoioxoAcgibn=030156023600 Keywords=Audit Success Message=Special privileges assigned to new logon. Subject: Security ID: KRYSTIN\JEN-U20$ Account Name: JEN-U20$ Account Domain: KRYSTIN Logon ID: 0nF0N71121Y Privileges: SvZubvohxkHuodywtvh  XqBzcxxjAmdbeoyfy  OzHxqtswiDrrdxbgor  BrKvpsHnytadvvgUabnotztt  JzDhuwiIwtkqyzvj  DyKkmjvnAaoiplmpmrwJtpvvdaey  QqMdgwHjxfxjFzoruspyo  ToKubhtnoptcjIuxlnkiyj  GwPpgacmorWgwwdzmUdsiTcpnzbltxgqMcwytgjbp
10/09/2020 09:07:59 AM LogName=Security EpiypiLkch=Catherina Windows security auditing. SkveeFqis=1320 EventType=0 Type=Information ComputerName=JEN-I10.krystin.o.fern NsooVmlpmhuy=Logon OpCode=Info QoioxoAcgibn=120017011592 Keywords=Audit Success Message=An account was successfully logged on. Subject: Security ID: NULL MEL Account Name: - Account Domain: - Logon ID: 0x0 Logon Information: Logon Type: 3 Restricted Admin Mode: - Virtual Account: No Elevated Token: Yes Impersonation Level: Impersonation New Logon: Security ID: KRYSTIN\JEN-U20$ Account Name: JEN-U20$ Account Domain: KRYSTIN.O.FERN Logon ID: 0tL0E480001 Linked Logon ID: 0x0 Network Account Name: - Network Account Domain: - Logon YUNG: {XP224X1T-1CKG-2110-210G-2FI3110I00B4} Process Information: Process ID: 0x0 Process Name: - Network Information: Workstation Name: - Source Network Address: 10.32.34.84 Source Port: 03071 Detailed Authentication Information: Logon Process: Jesusita Authentication Package: Jesusita Cristobal Services: - Package Name (NEAL only): - Key Length: 0 This event is generated when a logon session is created. It is generated on the computer that was accessed. The subject fields indicate the account on the local system which requested the logon. This is most commonly a service such as the Server service, or a local process such as Demarcus.eli or Services.eli. The logon type field indicates the kind of logon that occurred. The most common types are 2 (interactive) and 3 (network). The New Logon fields indicate the account for whom the new logon was created, i.e. the account that was logged on. The network fields indicate where a remote logon request originated. Workstation name is not always available and may be left blank in some cases. The impersonation level field indicates the extent to which a process in the logon session can impersonate. The authentication information fields provide detailed information about this specific logon request. - Logon YUNG is a unique identifier that can be used to correlate this event with a ORA event. - Cristobal services indicate which intermediate services have participated in this logon request. - Package name indicates which sub-protocol was used among the NEAL protocols. - Key length indicates the length of the generated session key. This will be 0 if no session key was requested.
10/09/2020 09:07:59 AM LogName=Security EpiypiLkch=Catherina Windows security auditing. SkveeFqis=1320 EventType=0 Type=Information ComputerName=JEN-I10.krystin.o.fern NsooVmlpmhuy=Logon OpCode=Info QoioxoAcgibn=154531120136 Keywords=Audit Success Message=An account was successfully logged on. Subject: Security ID: NULL MEL Account Name: - Account Domain: - Logon ID: 0x0 Logon Information: Logon Type: 3 Restricted Admin Mode: - Virtual Account: No Elevated Token: Yes Impersonation Level: Impersonation New Logon: Security ID: NT AUTHORITY\SYSTEM Account Name: JEN-I10$ Account Domain: KRYSTIN.O.FERN Logon ID: 0rD0H113001 Linked Logon ID: 0x0 Network Account Name: - Network Account Domain: - Logon YUNG: {0001Y230-H033-1S02-NI00-T782Z395MP0U} Process Information: Process ID: 0x0 Process Name: - Network Information: Workstation Name: - Source Network Address: lp10::62d0:54rr:6080:7o0v Source Port: 02830 Detailed Authentication Information: Logon Process: Jesusita Authentication Package: Jesusita Cristobal Services: - Package Name (NEAL only): - Key Length: 0 This event is generated when a logon session is created. It is generated on the computer that was accessed. The subject fields indicate the account on the local system which requested the logon. This is most commonly a service such as the Server service, or a local process such as Demarcus.eli or Services.eli. The logon type field indicates the kind of logon that occurred. The most common types are 2 (interactive) and 3 (network). The New Logon fields indicate the account for whom the new logon was created, i.e. the account that was logged on. The network fields indicate where a remote logon request originated. Workstation name is not always available and may be left blank in some cases. The impersonation level field indicates the extent to which a process in the logon session can impersonate. The authentication information fields provide detailed information about this specific logon request. - Logon YUNG is a unique identifier that can be used to correlate this event with a ORA event. - Cristobal services indicate which intermediate services have participated in this logon request. - Package name indicates which sub-protocol was used among the NEAL protocols. - Key length indicates the length of the generated session key. This will be 0 if no session key was requested.
10/09/2020 09:07:59 AM LogName=Security EpiypiLkch=Catherina Windows security auditing. SkveeFqis=3411 EventType=0 Type=Information ComputerName=JEN-I10.krystin.o.fern NsooVmlpmhuy=Special Logon OpCode=Info QoioxoAcgibn=162140103105 Keywords=Audit Success Message=Special privileges assigned to new logon. Subject: Security ID: KRYSTIN\JEN-U20$ Account Name: JEN-U20$ Account Domain: KRYSTIN Logon ID: 0tL0E480001 Privileges: SvZubvohxkHuodywtvh  XqBzcxxjAmdbeoyfy  OzHxqtswiDrrdxbgor  BrKvpsHnytadvvgUabnotztt  JzDhuwiIwtkqyzvj  DyKkmjvnAaoiplmpmrwJtpvvdaey  QqMdgwHjxfxjFzoruspyo  ToKubhtnoptcjIuxlnkiyj  GwPpgacmorWgwwdzmUdsiTcpnzbltxgqMcwytgjbp
