{"preview":true,"result":{"ComputerName":"francisca.natacha.ad.natacha.on","EventCode":"1101","EventType":"3","Keywords":"Classic","LogName":"Application","Message":"Security policies were propagated with warning. 0ls : The data is invalid.\r\n\r\nAdvanced help for this problem is available on http://support.georgiann.com. Query for \"troubleshooting 1101 events\".","OpCode":"None","RecordNumber":"060220","SourceName":"NdvVxk","TaskCategory":"None","Type":"Warning","_raw":"10/01/0010 11:10:55 AM\nLogName=Application\nXcggtqWves=NdvVxk\nYcrmyTidr=1101\nEventType=3\nType=Warning\nComputerName=francisca.natacha.ad.natacha.on\nPngvGhnaxhtz=None\nOpCode=None\nShcwcnCrfqkz=060220\nKeywords=Classic\nMessage=Security policies were propagated with warning. 0ls : The data is invalid.\r\n\r\nAdvanced help for this problem is available on http://support.georgiann.com. Query for \"troubleshooting 1101 events\".","_time":"2020-10-19T11:10:55.000-0400","dest":"francisca.natacha.ad.natacha.on","dvc":"francisca","dvc_nt_host":"francisca","event_id":"060220","eventtype":"winapp wineventlog_application wineventlog_common wineventlog_windows","host":"francisca","id":"060220","index":"alejandrina","linecount":"14","punct":"//_::_\\r=\\r=\\r=\\r=\\r=\\r=....\\r=\\r=\\r=\\r=\\r=_____.__:____.\\r\\r\\r\\r","severity":"Warning","severity_id":"3","signature_id":"1101","source":"AleJandrIna:Application","sourcetype":"WinEventLog:Application","splunk_server":"lai-z007.aa.olympia","tag":"os\nwindows\nwindows_management","tag::eventtype":"os\nwindows\nwindows_management"}}
{"preview":true,"result":{"ComputerName":"francisca.natacha.ad.natacha.on","EventCode":"1101","EventType":"3","Keywords":"Classic","LogName":"Application","Message":"Security policies were propagated with warning. 0ls : The data is invalid.\r\n\r\nAdvanced help for this problem is available on http://support.georgiann.com. Query for \"troubleshooting 1101 events\".","OpCode":"None","RecordNumber":"041929","SourceName":"NdvVxk","TaskCategory":"None","Type":"Warning","_raw":"10/01/0010 11:05:47 AM\nLogName=Application\nXcggtqWves=NdvVxk\nYcrmyTidr=1101\nEventType=3\nType=Warning\nComputerName=francisca.natacha.ad.natacha.on\nPngvGhnaxhtz=None\nOpCode=None\nShcwcnCrfqkz=041929\nKeywords=Classic\nMessage=Security policies were propagated with warning. 0ls : The data is invalid.\r\n\r\nAdvanced help for this problem is available on http://support.georgiann.com. Query for \"troubleshooting 1101 events\".","_time":"2020-10-19T11:05:47.000-0400","dest":"francisca.natacha.ad.natacha.on","dvc":"francisca","dvc_nt_host":"francisca","event_id":"041929","eventtype":"winapp wineventlog_application wineventlog_common wineventlog_windows","host":"francisca","id":"041929","index":"alejandrina","linecount":"14","punct":"//_::_\\r=\\r=\\r=\\r=\\r=\\r=....\\r=\\r=\\r=\\r=\\r=_____.__:____.\\r\\r\\r\\r","severity":"Warning","severity_id":"3","signature_id":"1101","source":"AleJandrIna:Application","sourcetype":"WinEventLog:Application","splunk_server":"lai-z007.aa.olympia","tag":"os\nwindows\nwindows_management","tag::eventtype":"os\nwindows\nwindows_management"}}
{"preview":true,"result":{"ComputerName":"francisca.natacha.ad.natacha.on","EventCode":"1101","EventType":"3","Keywords":"Classic","LogName":"Application","Message":"Security policies were propagated with warning. 0ls : The data is invalid.\r\n\r\nAdvanced help for this problem is available on http://support.georgiann.com. Query for \"troubleshooting 1101 events\".","OpCode":"None","RecordNumber":"151234","SourceName":"NdvVxk","TaskCategory":"None","Type":"Warning","_raw":"10/01/0010 11:00:39 AM\nLogName=Application\nXcggtqWves=NdvVxk\nYcrmyTidr=1101\nEventType=3\nType=Warning\nComputerName=francisca.natacha.ad.natacha.on\nPngvGhnaxhtz=None\nOpCode=None\nShcwcnCrfqkz=151234\nKeywords=Classic\nMessage=Security policies were propagated with warning. 0ls : The data is invalid.\r\n\r\nAdvanced help for this problem is available on http://support.georgiann.com. Query for \"troubleshooting 1101 events\".","_time":"2020-10-19T11:00:39.000-0400","dest":"francisca.natacha.ad.natacha.on","dvc":"francisca","dvc_nt_host":"francisca","event_id":"151234","eventtype":"winapp wineventlog_application wineventlog_common wineventlog_windows","host":"francisca","id":"151234","index":"alejandrina","linecount":"14","punct":"//_::_\\r=\\r=\\r=\\r=\\r=\\r=....\\r=\\r=\\r=\\r=\\r=_____.__:____.\\r\\r\\r\\r","severity":"Warning","severity_id":"3","signature_id":"1101","source":"AleJandrIna:Application","sourcetype":"WinEventLog:Application","splunk_server":"lai-r107.aa.olympia","tag":"os\nwindows\nwindows_management","tag::eventtype":"os\nwindows\nwindows_management"}}
{"preview":true,"result":{"ComputerName":"francisca.natacha.ad.natacha.on","EventCode":"1101","EventType":"3","Keywords":"Classic","LogName":"Application","Message":"Security policies were propagated with warning. 0ls : The data is invalid.\r\n\r\nAdvanced help for this problem is available on http://support.georgiann.com. Query for \"troubleshooting 1101 events\".","OpCode":"None","RecordNumber":"161747","SourceName":"NdvVxk","TaskCategory":"None","Type":"Warning","_raw":"10/01/0010 10:55:35 AM\nLogName=Application\nXcggtqWves=NdvVxk\nYcrmyTidr=1101\nEventType=3\nType=Warning\nComputerName=francisca.natacha.ad.natacha.on\nPngvGhnaxhtz=None\nOpCode=None\nShcwcnCrfqkz=161747\nKeywords=Classic\nMessage=Security policies were propagated with warning. 0ls : The data is invalid.\r\n\r\nAdvanced help for this problem is available on http://support.georgiann.com. Query for \"troubleshooting 1101 events\".","_time":"2020-10-19T10:55:35.000-0400","dest":"francisca.natacha.ad.natacha.on","dvc":"francisca","dvc_nt_host":"francisca","event_id":"161747","eventtype":"winapp wineventlog_application wineventlog_common wineventlog_windows","host":"francisca","id":"161747","index":"alejandrina","linecount":"14","punct":"//_::_\\r=\\r=\\r=\\r=\\r=\\r=....\\r=\\r=\\r=\\r=\\r=_____.__:____.\\r\\r\\r\\r","severity":"Warning","severity_id":"3","signature_id":"1101","source":"AleJandrIna:Application","sourcetype":"WinEventLog:Application","splunk_server":"lai-z007.aa.olympia","tag":"os\nwindows\nwindows_management","tag::eventtype":"os\nwindows\nwindows_management"}}
{"preview":true,"result":{"ComputerName":"francisca.natacha.ad.natacha.on","EventCode":"1101","EventType":"3","Keywords":"Classic","LogName":"Application","Message":"Security policies were propagated with warning. 0ls : The data is invalid.\r\n\r\nAdvanced help for this problem is available on http://support.georgiann.com. Query for \"troubleshooting 1101 events\".","OpCode":"None","RecordNumber":"170113","SourceName":"NdvVxk","TaskCategory":"None","Type":"Warning","_raw":"10/01/0010 10:50:27 AM\nLogName=Application\nXcggtqWves=NdvVxk\nYcrmyTidr=1101\nEventType=3\nType=Warning\nComputerName=francisca.natacha.ad.natacha.on\nPngvGhnaxhtz=None\nOpCode=None\nShcwcnCrfqkz=170113\nKeywords=Classic\nMessage=Security policies were propagated with warning. 0ls : The data is invalid.\r\n\r\nAdvanced help for this problem is available on http://support.georgiann.com. Query for \"troubleshooting 1101 events\".","_time":"2020-10-19T10:50:27.000-0400","dest":"francisca.natacha.ad.natacha.on","dvc":"francisca","dvc_nt_host":"francisca","event_id":"170113","eventtype":"winapp wineventlog_application wineventlog_common wineventlog_windows","host":"francisca","id":"170113","index":"alejandrina","linecount":"14","punct":"//_::_\\r=\\r=\\r=\\r=\\r=\\r=....\\r=\\r=\\r=\\r=\\r=_____.__:____.\\r\\r\\r\\r","severity":"Warning","severity_id":"3","signature_id":"1101","source":"AleJandrIna:Application","sourcetype":"WinEventLog:Application","splunk_server":"lai-r107.aa.olympia","tag":"os\nwindows\nwindows_management","tag::eventtype":"os\nwindows\nwindows_management"}}
{"preview":true,"result":{"ComputerName":"francisca.natacha.ad.natacha.on","EventCode":"1101","EventType":"3","Keywords":"Classic","LogName":"Application","Message":"Security policies were propagated with warning. 0ls : The data is invalid.\r\n\r\nAdvanced help for this problem is available on http://support.georgiann.com. Query for \"troubleshooting 1101 events\".","OpCode":"None","RecordNumber":"230430","SourceName":"NdvVxk","TaskCategory":"None","Type":"Warning","_raw":"10/01/0010 10:40:15 AM\nLogName=Application\nXcggtqWves=NdvVxk\nYcrmyTidr=1101\nEventType=3\nType=Warning\nComputerName=francisca.natacha.ad.natacha.on\nPngvGhnaxhtz=None\nOpCode=None\nShcwcnCrfqkz=230430\nKeywords=Classic\nMessage=Security policies were propagated with warning. 0ls : The data is invalid.\r\n\r\nAdvanced help for this problem is available on http://support.georgiann.com. Query for \"troubleshooting 1101 events\".","_time":"2020-10-19T10:40:15.000-0400","dest":"francisca.natacha.ad.natacha.on","dvc":"francisca","dvc_nt_host":"francisca","event_id":"230430","eventtype":"winapp wineventlog_application wineventlog_common wineventlog_windows","host":"francisca","id":"230430","index":"alejandrina","linecount":"14","punct":"//_::_\\r=\\r=\\r=\\r=\\r=\\r=....\\r=\\r=\\r=\\r=\\r=_____.__:____.\\r\\r\\r\\r","severity":"Warning","severity_id":"3","signature_id":"1101","source":"AleJandrIna:Application","sourcetype":"WinEventLog:Application","splunk_server":"lai-z007.aa.olympia","tag":"os\nwindows\nwindows_management","tag::eventtype":"os\nwindows\nwindows_management"}}
{"preview":true,"result":{"ComputerName":"francisca.natacha.ad.natacha.on","EventCode":"1101","EventType":"3","Keywords":"Classic","LogName":"Application","Message":"Security policies were propagated with warning. 0ls : The data is invalid.\r\n\r\nAdvanced help for this problem is available on http://support.georgiann.com. Query for \"troubleshooting 1101 events\".","OpCode":"None","RecordNumber":"100800","SourceName":"NdvVxk","TaskCategory":"None","Type":"Warning","_raw":"10/01/0010 10:29:59 AM\nLogName=Application\nXcggtqWves=NdvVxk\nYcrmyTidr=1101\nEventType=3\nType=Warning\nComputerName=francisca.natacha.ad.natacha.on\nPngvGhnaxhtz=None\nOpCode=None\nShcwcnCrfqkz=100800\nKeywords=Classic\nMessage=Security policies were propagated with warning. 0ls : The data is invalid.\r\n\r\nAdvanced help for this problem is available on http://support.georgiann.com. Query for \"troubleshooting 1101 events\".","_time":"2020-10-19T10:29:59.000-0400","dest":"francisca.natacha.ad.natacha.on","dvc":"francisca","dvc_nt_host":"francisca","event_id":"100800","eventtype":"winapp wineventlog_application wineventlog_common wineventlog_windows","host":"francisca","id":"100800","index":"alejandrina","linecount":"14","punct":"//_::_\\r=\\r=\\r=\\r=\\r=\\r=....\\r=\\r=\\r=\\r=\\r=_____.__:____.\\r\\r\\r\\r","severity":"Warning","severity_id":"3","signature_id":"1101","source":"AleJandrIna:Application","sourcetype":"WinEventLog:Application","splunk_server":"lai-r107.aa.olympia","tag":"os\nwindows\nwindows_management","tag::eventtype":"os\nwindows\nwindows_management"}}
{"preview":true,"result":{"ComputerName":"francisca.natacha.ad.natacha.on","EventCode":"1101","EventType":"3","Keywords":"Classic","LogName":"Application","Message":"Security policies were propagated with warning. 0ls : The data is invalid.\r\n\r\nAdvanced help for this problem is available on http://support.georgiann.com. Query for \"troubleshooting 1101 events\".","OpCode":"None","RecordNumber":"150808","SourceName":"NdvVxk","TaskCategory":"None","Type":"Warning","_raw":"10/01/0010 10:09:35 AM\nLogName=Application\nXcggtqWves=NdvVxk\nYcrmyTidr=1101\nEventType=3\nType=Warning\nComputerName=francisca.natacha.ad.natacha.on\nPngvGhnaxhtz=None\nOpCode=None\nShcwcnCrfqkz=150808\nKeywords=Classic\nMessage=Security policies were propagated with warning. 0ls : The data is invalid.\r\n\r\nAdvanced help for this problem is available on http://support.georgiann.com. Query for \"troubleshooting 1101 events\".","_time":"2020-10-19T10:09:35.000-0400","dest":"francisca.natacha.ad.natacha.on","dvc":"francisca","dvc_nt_host":"francisca","event_id":"150808","eventtype":"winapp wineventlog_application wineventlog_common wineventlog_windows","host":"francisca","id":"150808","index":"alejandrina","linecount":"14","punct":"//_::_\\r=\\r=\\r=\\r=\\r=\\r=....\\r=\\r=\\r=\\r=\\r=_____.__:____.\\r\\r\\r\\r","severity":"Warning","severity_id":"3","signature_id":"1101","source":"AleJandrIna:Application","sourcetype":"WinEventLog:Application","splunk_server":"lai-z007.aa.olympia","tag":"os\nwindows\nwindows_management","tag::eventtype":"os\nwindows\nwindows_management"}}
{"preview":true,"result":{"ComputerName":"francisca.natacha.ad.natacha.on","EventCode":"1101","EventType":"3","Keywords":"Classic","LogName":"Application","Message":"Security policies were propagated with warning. 0ls : The data is invalid.\r\n\r\nAdvanced help for this problem is available on http://support.georgiann.com. Query for \"troubleshooting 1101 events\".","OpCode":"None","RecordNumber":"012401","SourceName":"NdvVxk","TaskCategory":"None","Type":"Warning","_raw":"10/01/0010 09:59:23 AM\nLogName=Application\nXcggtqWves=NdvVxk\nYcrmyTidr=1101\nEventType=3\nType=Warning\nComputerName=francisca.natacha.ad.natacha.on\nPngvGhnaxhtz=None\nOpCode=None\nShcwcnCrfqkz=012401\nKeywords=Classic\nMessage=Security policies were propagated with warning. 0ls : The data is invalid.\r\n\r\nAdvanced help for this problem is available on http://support.georgiann.com. Query for \"troubleshooting 1101 events\".","_time":"2020-10-19T09:59:23.000-0400","dest":"francisca.natacha.ad.natacha.on","dvc":"francisca","dvc_nt_host":"francisca","event_id":"012401","eventtype":"winapp wineventlog_application wineventlog_common wineventlog_windows","host":"francisca","id":"012401","index":"alejandrina","linecount":"14","punct":"//_::_\\r=\\r=\\r=\\r=\\r=\\r=....\\r=\\r=\\r=\\r=\\r=_____.__:____.\\r\\r\\r\\r","severity":"Warning","severity_id":"3","signature_id":"1101","source":"AleJandrIna:Application","sourcetype":"WinEventLog:Application","splunk_server":"lai-z007.aa.olympia","tag":"os\nwindows\nwindows_management","tag::eventtype":"os\nwindows\nwindows_management"}}
{"preview":true,"result":{"ComputerName":"francisca.natacha.ad.natacha.on","EventCode":"1101","EventType":"3","Keywords":"Classic","LogName":"Application","Message":"Security policies were propagated with warning. 0ls : The data is invalid.\r\n\r\nAdvanced help for this problem is available on http://support.georgiann.com. Query for \"troubleshooting 1101 events\".","OpCode":"None","RecordNumber":"140114","SourceName":"NdvVxk","TaskCategory":"None","Type":"Warning","_raw":"10/01/0010 09:49:07 AM\nLogName=Application\nXcggtqWves=NdvVxk\nYcrmyTidr=1101\nEventType=3\nType=Warning\nComputerName=francisca.natacha.ad.natacha.on\nPngvGhnaxhtz=None\nOpCode=None\nShcwcnCrfqkz=140114\nKeywords=Classic\nMessage=Security policies were propagated with warning. 0ls : The data is invalid.\r\n\r\nAdvanced help for this problem is available on http://support.georgiann.com. Query for \"troubleshooting 1101 events\".","_time":"2020-10-19T09:49:07.000-0400","dest":"francisca.natacha.ad.natacha.on","dvc":"francisca","dvc_nt_host":"francisca","event_id":"140114","eventtype":"winapp wineventlog_application wineventlog_common wineventlog_windows","host":"francisca","id":"140114","index":"alejandrina","linecount":"14","punct":"//_::_\\r=\\r=\\r=\\r=\\r=\\r=....\\r=\\r=\\r=\\r=\\r=_____.__:____.\\r\\r\\r\\r","severity":"Warning","severity_id":"3","signature_id":"1101","source":"AleJandrIna:Application","sourcetype":"WinEventLog:Application","splunk_server":"lai-r107.aa.olympia","tag":"os\nwindows\nwindows_management","tag::eventtype":"os\nwindows\nwindows_management"}}
{"preview":true,"result":{"ComputerName":"francisca.natacha.ad.natacha.on","EventCode":"1101","EventType":"3","Keywords":"Classic","LogName":"Application","Message":"Security policies were propagated with warning. 0ls : The data is invalid.\r\n\r\nAdvanced help for this problem is available on http://support.georgiann.com. Query for \"troubleshooting 1101 events\".","OpCode":"None","RecordNumber":"201640","SourceName":"NdvVxk","TaskCategory":"None","Type":"Warning","_raw":"10/01/0010 09:43:59 AM\nLogName=Application\nXcggtqWves=NdvVxk\nYcrmyTidr=1101\nEventType=3\nType=Warning\nComputerName=francisca.natacha.ad.natacha.on\nPngvGhnaxhtz=None\nOpCode=None\nShcwcnCrfqkz=201640\nKeywords=Classic\nMessage=Security policies were propagated with warning. 0ls : The data is invalid.\r\n\r\nAdvanced help for this problem is available on http://support.georgiann.com. Query for \"troubleshooting 1101 events\".","_time":"2020-10-19T09:43:59.000-0400","dest":"francisca.natacha.ad.natacha.on","dvc":"francisca","dvc_nt_host":"francisca","event_id":"201640","eventtype":"winapp wineventlog_application wineventlog_common wineventlog_windows","host":"francisca","id":"201640","index":"alejandrina","linecount":"14","punct":"//_::_\\r=\\r=\\r=\\r=\\r=\\r=....\\r=\\r=\\r=\\r=\\r=_____.__:____.\\r\\r\\r\\r","severity":"Warning","severity_id":"3","signature_id":"1101","source":"AleJandrIna:Application","sourcetype":"WinEventLog:Application","splunk_server":"lai-z007.aa.olympia","tag":"os\nwindows\nwindows_management","tag::eventtype":"os\nwindows\nwindows_management"}}
{"preview":true,"result":{"ComputerName":"francisca.natacha.ad.natacha.on","EventCode":"1101","EventType":"3","Keywords":"Classic","LogName":"Application","Message":"Security policies were propagated with warning. 0ls : The data is invalid.\r\n\r\nAdvanced help for this problem is available on http://support.georgiann.com. Query for \"troubleshooting 1101 events\".","OpCode":"None","RecordNumber":"152210","SourceName":"NdvVxk","TaskCategory":"None","Type":"Warning","_raw":"10/01/0010 09:38:50 AM\nLogName=Application\nXcggtqWves=NdvVxk\nYcrmyTidr=1101\nEventType=3\nType=Warning\nComputerName=francisca.natacha.ad.natacha.on\nPngvGhnaxhtz=None\nOpCode=None\nShcwcnCrfqkz=152210\nKeywords=Classic\nMessage=Security policies were propagated with warning. 0ls : The data is invalid.\r\n\r\nAdvanced help for this problem is available on http://support.georgiann.com. Query for \"troubleshooting 1101 events\".","_time":"2020-10-19T09:38:50.000-0400","dest":"francisca.natacha.ad.natacha.on","dvc":"francisca","dvc_nt_host":"francisca","event_id":"152210","eventtype":"winapp wineventlog_application wineventlog_common wineventlog_windows","host":"francisca","id":"152210","index":"alejandrina","linecount":"14","punct":"//_::_\\r=\\r=\\r=\\r=\\r=\\r=....\\r=\\r=\\r=\\r=\\r=_____.__:____.\\r\\r\\r\\r","severity":"Warning","severity_id":"3","signature_id":"1101","source":"AleJandrIna:Application","sourcetype":"WinEventLog:Application","splunk_server":"lai-z007.aa.olympia","tag":"os\nwindows\nwindows_management","tag::eventtype":"os\nwindows\nwindows_management"}}
{"preview":true,"result":{"ComputerName":"CAP-O021.natacha.o.matt","EventCode":"05380","EventType":"4","Keywords":"Classic","LogName":"Application","Message":"Lawanna jackeline migration succeeded.","OpCode":"The operation completed successfully.","RecordNumber":"11330","SourceName":"Georgiann-Windows-Security-JOI","TaskCategory":"None","Type":"Information","_raw":"10/01/0010 09:38:37 AM\nLogName=Application\nXcggtqWves=Georgiann-Windows-Security-JOI\nYcrmyTidr=05380\nEventType=4\nType=Information\nComputerName=CAP-O021.natacha.o.matt\nPngvGhnaxhtz=None\nOpCode=The operation completed successfully.\nShcwcnCrfqkz=11330\nKeywords=Classic\nMessage=Lawanna jackeline migration succeeded.","_time":"2020-10-19T09:38:37.000-0400","dest":"CAP-O021.natacha.o.matt","dvc":"CAP-O021","dvc_nt_host":"CAP-O021","event_id":"11330","eventtype":"winapp wineventlog_application wineventlog_common wineventlog_windows","host":"CAP-O021","id":"11330","index":"alejandrina","linecount":"12","punct":"//_::_==---====-...==___.===___.","severity":"Information","severity_id":"4","signature_id":"05380","source":"AleJandrIna:Application","sourcetype":"WinEventLog:Application","splunk_server":"lai-z007.aa.olympia","tag":"os\nwindows\nwindows_management","tag::eventtype":"os\nwindows\nwindows_management"}}
{"preview":true,"result":{"ComputerName":"francisca.natacha.ad.natacha.on","EventCode":"1101","EventType":"3","Keywords":"Classic","LogName":"Application","Message":"Security policies were propagated with warning. 0ls : The data is invalid.\r\n\r\nAdvanced help for this problem is available on http://support.georgiann.com. Query for \"troubleshooting 1101 events\".","OpCode":"None","RecordNumber":"260800","SourceName":"NdvVxk","TaskCategory":"None","Type":"Warning","_raw":"10/01/0010 09:33:44 AM\nLogName=Application\nXcggtqWves=NdvVxk\nYcrmyTidr=1101\nEventType=3\nType=Warning\nComputerName=francisca.natacha.ad.natacha.on\nPngvGhnaxhtz=None\nOpCode=None\nShcwcnCrfqkz=260800\nKeywords=Classic\nMessage=Security policies were propagated with warning. 0ls : The data is invalid.\r\n\r\nAdvanced help for this problem is available on http://support.georgiann.com. Query for \"troubleshooting 1101 events\".","_time":"2020-10-19T09:33:44.000-0400","dest":"francisca.natacha.ad.natacha.on","dvc":"francisca","dvc_nt_host":"francisca","event_id":"260800","eventtype":"winapp wineventlog_application wineventlog_common wineventlog_windows","host":"francisca","id":"260800","index":"alejandrina","linecount":"14","punct":"//_::_\\r=\\r=\\r=\\r=\\r=\\r=....\\r=\\r=\\r=\\r=\\r=_____.__:____.\\r\\r\\r\\r","severity":"Warning","severity_id":"3","signature_id":"1101","source":"AleJandrIna:Application","sourcetype":"WinEventLog:Application","splunk_server":"lai-r107.aa.olympia","tag":"os\nwindows\nwindows_management","tag::eventtype":"os\nwindows\nwindows_management"}}
{"preview":true,"result":{"ComputerName":"francisca.natacha.ad.natacha.on","EventCode":"1101","EventType":"3","Keywords":"Classic","LogName":"Application","Message":"Security policies were propagated with warning. 0ls : The data is invalid.\r\n\r\nAdvanced help for this problem is available on http://support.georgiann.com. Query for \"troubleshooting 1101 events\".","OpCode":"None","RecordNumber":"150010","SourceName":"NdvVxk","TaskCategory":"None","Type":"Warning","_raw":"10/01/0010 09:18:20 AM\nLogName=Application\nXcggtqWves=NdvVxk\nYcrmyTidr=1101\nEventType=3\nType=Warning\nComputerName=francisca.natacha.ad.natacha.on\nPngvGhnaxhtz=None\nOpCode=None\nShcwcnCrfqkz=150010\nKeywords=Classic\nMessage=Security policies were propagated with warning. 0ls : The data is invalid.\r\n\r\nAdvanced help for this problem is available on http://support.georgiann.com. Query for \"troubleshooting 1101 events\".","_time":"2020-10-19T09:18:20.000-0400","dest":"francisca.natacha.ad.natacha.on","dvc":"francisca","dvc_nt_host":"francisca","event_id":"150010","eventtype":"winapp wineventlog_application wineventlog_common wineventlog_windows","host":"francisca","id":"150010","index":"alejandrina","linecount":"14","punct":"//_::_\\r=\\r=\\r=\\r=\\r=\\r=....\\r=\\r=\\r=\\r=\\r=_____.__:____.\\r\\r\\r\\r","severity":"Warning","severity_id":"3","signature_id":"1101","source":"AleJandrIna:Application","sourcetype":"WinEventLog:Application","splunk_server":"lai-z007.aa.olympia","tag":"os\nwindows\nwindows_management","tag::eventtype":"os\nwindows\nwindows_management"}}
{"preview":true,"result":{"ComputerName":"francisca.natacha.ad.natacha.on","EventCode":"1101","EventType":"3","Keywords":"Classic","LogName":"Application","Message":"Security policies were propagated with warning. 0ls : The data is invalid.\r\n\r\nAdvanced help for this problem is available on http://support.georgiann.com. Query for \"troubleshooting 1101 events\".","OpCode":"None","RecordNumber":"162627","SourceName":"NdvVxk","TaskCategory":"None","Type":"Warning","_raw":"10/01/0010 09:13:12 AM\nLogName=Application\nXcggtqWves=NdvVxk\nYcrmyTidr=1101\nEventType=3\nType=Warning\nComputerName=francisca.natacha.ad.natacha.on\nPngvGhnaxhtz=None\nOpCode=None\nShcwcnCrfqkz=162627\nKeywords=Classic\nMessage=Security policies were propagated with warning. 0ls : The data is invalid.\r\n\r\nAdvanced help for this problem is available on http://support.georgiann.com. Query for \"troubleshooting 1101 events\".","_time":"2020-10-19T09:13:12.000-0400","dest":"francisca.natacha.ad.natacha.on","dvc":"francisca","dvc_nt_host":"francisca","event_id":"162627","eventtype":"winapp wineventlog_application wineventlog_common wineventlog_windows","host":"francisca","id":"162627","index":"alejandrina","linecount":"14","punct":"//_::_\\r=\\r=\\r=\\r=\\r=\\r=....\\r=\\r=\\r=\\r=\\r=_____.__:____.\\r\\r\\r\\r","severity":"Warning","severity_id":"3","signature_id":"1101","source":"AleJandrIna:Application","sourcetype":"WinEventLog:Application","splunk_server":"lai-z007.aa.olympia","tag":"os\nwindows\nwindows_management","tag::eventtype":"os\nwindows\nwindows_management"}}
{"preview":true,"result":{"ComputerName":"francisca.natacha.ad.natacha.on","EventCode":"1101","EventType":"3","Keywords":"Classic","LogName":"Application","Message":"Security policies were propagated with warning. 0ls : The data is invalid.\r\n\r\nAdvanced help for this problem is available on http://support.georgiann.com. Query for \"troubleshooting 1101 events\".","OpCode":"None","RecordNumber":"132022","SourceName":"NdvVxk","TaskCategory":"None","Type":"Warning","_raw":"10/01/0010 09:08:03 AM\nLogName=Application\nXcggtqWves=NdvVxk\nYcrmyTidr=1101\nEventType=3\nType=Warning\nComputerName=francisca.natacha.ad.natacha.on\nPngvGhnaxhtz=None\nOpCode=None\nShcwcnCrfqkz=132022\nKeywords=Classic\nMessage=Security policies were propagated with warning. 0ls : The data is invalid.\r\n\r\nAdvanced help for this problem is available on http://support.georgiann.com. Query for \"troubleshooting 1101 events\".","_time":"2020-10-19T09:08:03.000-0400","dest":"francisca.natacha.ad.natacha.on","dvc":"francisca","dvc_nt_host":"francisca","event_id":"132022","eventtype":"winapp wineventlog_application wineventlog_common wineventlog_windows","host":"francisca","id":"132022","index":"alejandrina","linecount":"14","punct":"//_::_\\r=\\r=\\r=\\r=\\r=\\r=....\\r=\\r=\\r=\\r=\\r=_____.__:____.\\r\\r\\r\\r","severity":"Warning","severity_id":"3","signature_id":"1101","source":"AleJandrIna:Application","sourcetype":"WinEventLog:Application","splunk_server":"lai-r107.aa.olympia","tag":"os\nwindows\nwindows_management","tag::eventtype":"os\nwindows\nwindows_management"}}
{"preview":true,"result":{"ComputerName":"francisca.natacha.ad.natacha.on","EventCode":"1101","EventType":"3","Keywords":"Classic","LogName":"Application","Message":"Security policies were propagated with warning. 0ls : The data is invalid.\r\n\r\nAdvanced help for this problem is available on http://support.georgiann.com. Query for \"troubleshooting 1101 events\".","OpCode":"None","RecordNumber":"000601","SourceName":"NdvVxk","TaskCategory":"None","Type":"Warning","_raw":"10/01/0010 08:52:37 AM\nLogName=Application\nXcggtqWves=NdvVxk\nYcrmyTidr=1101\nEventType=3\nType=Warning\nComputerName=francisca.natacha.ad.natacha.on\nPngvGhnaxhtz=None\nOpCode=None\nShcwcnCrfqkz=000601\nKeywords=Classic\nMessage=Security policies were propagated with warning. 0ls : The data is invalid.\r\n\r\nAdvanced help for this problem is available on http://support.georgiann.com. Query for \"troubleshooting 1101 events\".","_time":"2020-10-19T08:52:37.000-0400","dest":"francisca.natacha.ad.natacha.on","dvc":"francisca","dvc_nt_host":"francisca","event_id":"000601","eventtype":"winapp wineventlog_application wineventlog_common wineventlog_windows","host":"francisca","id":"000601","index":"alejandrina","linecount":"14","punct":"//_::_\\r=\\r=\\r=\\r=\\r=\\r=....\\r=\\r=\\r=\\r=\\r=_____.__:____.\\r\\r\\r\\r","severity":"Warning","severity_id":"3","signature_id":"1101","source":"AleJandrIna:Application","sourcetype":"WinEventLog:Application","splunk_server":"lai-z007.aa.olympia","tag":"os\nwindows\nwindows_management","tag::eventtype":"os\nwindows\nwindows_management"}}
{"preview":true,"result":{"ComputerName":"francisca.natacha.ad.natacha.on","EventCode":"1101","EventType":"3","Keywords":"Classic","LogName":"Application","Message":"Security policies were propagated with warning. 0ls : The data is invalid.\r\n\r\nAdvanced help for this problem is available on http://support.georgiann.com. Query for \"troubleshooting 1101 events\".","OpCode":"None","RecordNumber":"071102","SourceName":"NdvVxk","TaskCategory":"None","Type":"Warning","_raw":"10/01/0010 08:47:33 AM\nLogName=Application\nXcggtqWves=NdvVxk\nYcrmyTidr=1101\nEventType=3\nType=Warning\nComputerName=francisca.natacha.ad.natacha.on\nPngvGhnaxhtz=None\nOpCode=None\nShcwcnCrfqkz=071102\nKeywords=Classic\nMessage=Security policies were propagated with warning. 0ls : The data is invalid.\r\n\r\nAdvanced help for this problem is available on http://support.georgiann.com. Query for \"troubleshooting 1101 events\".","_time":"2020-10-19T08:47:33.000-0400","dest":"francisca.natacha.ad.natacha.on","dvc":"francisca","dvc_nt_host":"francisca","event_id":"071102","eventtype":"winapp wineventlog_application wineventlog_common wineventlog_windows","host":"francisca","id":"071102","index":"alejandrina","linecount":"14","punct":"//_::_\\r=\\r=\\r=\\r=\\r=\\r=....\\r=\\r=\\r=\\r=\\r=_____.__:____.\\r\\r\\r\\r","severity":"Warning","severity_id":"3","signature_id":"1101","source":"AleJandrIna:Application","sourcetype":"WinEventLog:Application","splunk_server":"lai-z007.aa.olympia","tag":"os\nwindows\nwindows_management","tag::eventtype":"os\nwindows\nwindows_management"}}
{"preview":true,"result":{"ComputerName":"francisca.natacha.ad.natacha.on","EventCode":"1101","EventType":"3","Keywords":"Classic","LogName":"Application","Message":"Security policies were propagated with warning. 0ls : The data is invalid.\r\n\r\nAdvanced help for this problem is available on http://support.georgiann.com. Query for \"troubleshooting 1101 events\".","OpCode":"None","RecordNumber":"150328","SourceName":"NdvVxk","TaskCategory":"None","Type":"Warning","_raw":"10/01/0010 08:27:03 AM\nLogName=Application\nXcggtqWves=NdvVxk\nYcrmyTidr=1101\nEventType=3\nType=Warning\nComputerName=francisca.natacha.ad.natacha.on\nPngvGhnaxhtz=None\nOpCode=None\nShcwcnCrfqkz=150328\nKeywords=Classic\nMessage=Security policies were propagated with warning. 0ls : The data is invalid.\r\n\r\nAdvanced help for this problem is available on http://support.georgiann.com. Query for \"troubleshooting 1101 events\".","_time":"2020-10-19T08:27:03.000-0400","dest":"francisca.natacha.ad.natacha.on","dvc":"francisca","dvc_nt_host":"francisca","event_id":"150328","eventtype":"winapp wineventlog_application wineventlog_common wineventlog_windows","host":"francisca","id":"150328","index":"alejandrina","linecount":"14","punct":"//_::_\\r=\\r=\\r=\\r=\\r=\\r=....\\r=\\r=\\r=\\r=\\r=_____.__:____.\\r\\r\\r\\r","severity":"Warning","severity_id":"3","signature_id":"1101","source":"AleJandrIna:Application","sourcetype":"WinEventLog:Application","splunk_server":"lai-z007.aa.olympia","tag":"os\nwindows\nwindows_management","tag::eventtype":"os\nwindows\nwindows_management"}}
{"preview":true,"result":{"ComputerName":"francisca.natacha.ad.natacha.on","EventCode":"1101","EventType":"3","Keywords":"Classic","LogName":"Application","Message":"Security policies were propagated with warning. 0ls : The data is invalid.\r\n\r\nAdvanced help for this problem is available on http://support.georgiann.com. Query for \"troubleshooting 1101 events\".","OpCode":"None","RecordNumber":"270803","SourceName":"NdvVxk","TaskCategory":"None","Type":"Warning","_raw":"10/01/0010 08:16:47 AM\nLogName=Application\nXcggtqWves=NdvVxk\nYcrmyTidr=1101\nEventType=3\nType=Warning\nComputerName=francisca.natacha.ad.natacha.on\nPngvGhnaxhtz=None\nOpCode=None\nShcwcnCrfqkz=270803\nKeywords=Classic\nMessage=Security policies were propagated with warning. 0ls : The data is invalid.\r\n\r\nAdvanced help for this problem is available on http://support.georgiann.com. Query for \"troubleshooting 1101 events\".","_time":"2020-10-19T08:16:47.000-0400","dest":"francisca.natacha.ad.natacha.on","dvc":"francisca","dvc_nt_host":"francisca","event_id":"270803","eventtype":"winapp wineventlog_application wineventlog_common wineventlog_windows","host":"francisca","id":"270803","index":"alejandrina","linecount":"14","punct":"//_::_\\r=\\r=\\r=\\r=\\r=\\r=....\\r=\\r=\\r=\\r=\\r=_____.__:____.\\r\\r\\r\\r","severity":"Warning","severity_id":"3","signature_id":"1101","source":"AleJandrIna:Application","sourcetype":"WinEventLog:Application","splunk_server":"lai-r107.aa.olympia","tag":"os\nwindows\nwindows_management","tag::eventtype":"os\nwindows\nwindows_management"}}
{"preview":true,"result":{"ComputerName":"francisca.natacha.ad.natacha.on","EventCode":"1101","EventType":"3","Keywords":"Classic","LogName":"Application","Message":"Security policies were propagated with warning. 0ls : The data is invalid.\r\n\r\nAdvanced help for this problem is available on http://support.georgiann.com. Query for \"troubleshooting 1101 events\".","OpCode":"None","RecordNumber":"202123","SourceName":"NdvVxk","TaskCategory":"None","Type":"Warning","_raw":"10/01/0010 08:11:38 AM\nLogName=Application\nXcggtqWves=NdvVxk\nYcrmyTidr=1101\nEventType=3\nType=Warning\nComputerName=francisca.natacha.ad.natacha.on\nPngvGhnaxhtz=None\nOpCode=None\nShcwcnCrfqkz=202123\nKeywords=Classic\nMessage=Security policies were propagated with warning. 0ls : The data is invalid.\r\n\r\nAdvanced help for this problem is available on http://support.georgiann.com. Query for \"troubleshooting 1101 events\".","_time":"2020-10-19T08:11:38.000-0400","dest":"francisca.natacha.ad.natacha.on","dvc":"francisca","dvc_nt_host":"francisca","event_id":"202123","eventtype":"winapp wineventlog_application wineventlog_common wineventlog_windows","host":"francisca","id":"202123","index":"alejandrina","linecount":"14","punct":"//_::_\\r=\\r=\\r=\\r=\\r=\\r=....\\r=\\r=\\r=\\r=\\r=_____.__:____.\\r\\r\\r\\r","severity":"Warning","severity_id":"3","signature_id":"1101","source":"AleJandrIna:Application","sourcetype":"WinEventLog:Application","splunk_server":"lai-z007.aa.olympia","tag":"os\nwindows\nwindows_management","tag::eventtype":"os\nwindows\nwindows_management"}}
{"preview":true,"result":{"ComputerName":"francisca.natacha.ad.natacha.on","EventCode":"1101","EventType":"3","Keywords":"Classic","LogName":"Application","Message":"Security policies were propagated with warning. 0ls : The data is invalid.\r\n\r\nAdvanced help for this problem is available on http://support.georgiann.com. Query for \"troubleshooting 1101 events\".","OpCode":"None","RecordNumber":"131213","SourceName":"NdvVxk","TaskCategory":"None","Type":"Warning","_raw":"10/01/0010 08:06:34 AM\nLogName=Application\nXcggtqWves=NdvVxk\nYcrmyTidr=1101\nEventType=3\nType=Warning\nComputerName=francisca.natacha.ad.natacha.on\nPngvGhnaxhtz=None\nOpCode=None\nShcwcnCrfqkz=131213\nKeywords=Classic\nMessage=Security policies were propagated with warning. 0ls : The data is invalid.\r\n\r\nAdvanced help for this problem is available on http://support.georgiann.com. Query for \"troubleshooting 1101 events\".","_time":"2020-10-19T08:06:34.000-0400","dest":"francisca.natacha.ad.natacha.on","dvc":"francisca","dvc_nt_host":"francisca","event_id":"131213","eventtype":"winapp wineventlog_application wineventlog_common wineventlog_windows","host":"francisca","id":"131213","index":"alejandrina","linecount":"14","punct":"//_::_\\r=\\r=\\r=\\r=\\r=\\r=....\\r=\\r=\\r=\\r=\\r=_____.__:____.\\r\\r\\r\\r","severity":"Warning","severity_id":"3","signature_id":"1101","source":"AleJandrIna:Application","sourcetype":"WinEventLog:Application","splunk_server":"lai-r107.aa.olympia","tag":"os\nwindows\nwindows_management","tag::eventtype":"os\nwindows\nwindows_management"}}
{"preview":true,"result":{"ComputerName":"CAP-O021.natacha.o.matt","EventCode":"05380","EventType":"4","Keywords":"Classic","LogName":"Application","Message":"Lawanna jackeline migration succeeded.","OpCode":"The operation completed successfully.","RecordNumber":"02442","SourceName":"Georgiann-Windows-Security-JOI","TaskCategory":"None","Type":"Information","_raw":"10/01/0010 08:02:20 AM\nLogName=Application\nXcggtqWves=Georgiann-Windows-Security-JOI\nYcrmyTidr=05380\nEventType=4\nType=Information\nComputerName=CAP-O021.natacha.o.matt\nPngvGhnaxhtz=None\nOpCode=The operation completed successfully.\nShcwcnCrfqkz=02442\nKeywords=Classic\nMessage=Lawanna jackeline migration succeeded.","_time":"2020-10-19T08:02:20.000-0400","dest":"CAP-O021.natacha.o.matt","dvc":"CAP-O021","dvc_nt_host":"CAP-O021","event_id":"02442","eventtype":"winapp wineventlog_application wineventlog_common wineventlog_windows","host":"CAP-O021","id":"02442","index":"alejandrina","linecount":"12","punct":"//_::_==---====-...==___.===___.","severity":"Information","severity_id":"4","signature_id":"05380","source":"AleJandrIna:Application","sourcetype":"WinEventLog:Application","splunk_server":"lai-r107.aa.olympia","tag":"os\nwindows\nwindows_management","tag::eventtype":"os\nwindows\nwindows_management"}}
{"preview":true,"result":{"ComputerName":"francisca.natacha.ad.natacha.on","EventCode":"1101","EventType":"3","Keywords":"Classic","LogName":"Application","Message":"Security policies were propagated with warning. 0ls : The data is invalid.\r\n\r\nAdvanced help for this problem is available on http://support.georgiann.com. Query for \"troubleshooting 1101 events\".","OpCode":"None","RecordNumber":"121610","SourceName":"NdvVxk","TaskCategory":"None","Type":"Warning","_raw":"10/01/0010 07:56:17 AM\nLogName=Application\nXcggtqWves=NdvVxk\nYcrmyTidr=1101\nEventType=3\nType=Warning\nComputerName=francisca.natacha.ad.natacha.on\nPngvGhnaxhtz=None\nOpCode=None\nShcwcnCrfqkz=121610\nKeywords=Classic\nMessage=Security policies were propagated with warning. 0ls : The data is invalid.\r\n\r\nAdvanced help for this problem is available on http://support.georgiann.com. Query for \"troubleshooting 1101 events\".","_time":"2020-10-19T07:56:17.000-0400","dest":"francisca.natacha.ad.natacha.on","dvc":"francisca","dvc_nt_host":"francisca","event_id":"121610","eventtype":"winapp wineventlog_application wineventlog_common wineventlog_windows","host":"francisca","id":"121610","index":"alejandrina","linecount":"14","punct":"//_::_\\r=\\r=\\r=\\r=\\r=\\r=....\\r=\\r=\\r=\\r=\\r=_____.__:____.\\r\\r\\r\\r","severity":"Warning","severity_id":"3","signature_id":"1101","source":"AleJandrIna:Application","sourcetype":"WinEventLog:Application","splunk_server":"lai-z007.aa.olympia","tag":"os\nwindows\nwindows_management","tag::eventtype":"os\nwindows\nwindows_management"}}
{"preview":true,"result":{"ComputerName":"francisca.natacha.ad.natacha.on","EventCode":"1101","EventType":"3","Keywords":"Classic","LogName":"Application","Message":"Security policies were propagated with warning. 0ls : The data is invalid.\r\n\r\nAdvanced help for this problem is available on http://support.georgiann.com. Query for \"troubleshooting 1101 events\".","OpCode":"None","RecordNumber":"212005","SourceName":"NdvVxk","TaskCategory":"None","Type":"Warning","_raw":"10/01/0010 07:30:35 AM\nLogName=Application\nXcggtqWves=NdvVxk\nYcrmyTidr=1101\nEventType=3\nType=Warning\nComputerName=francisca.natacha.ad.natacha.on\nPngvGhnaxhtz=None\nOpCode=None\nShcwcnCrfqkz=212005\nKeywords=Classic\nMessage=Security policies were propagated with warning. 0ls : The data is invalid.\r\n\r\nAdvanced help for this problem is available on http://support.georgiann.com. Query for \"troubleshooting 1101 events\".","_time":"2020-10-19T07:30:35.000-0400","dest":"francisca.natacha.ad.natacha.on","dvc":"francisca","dvc_nt_host":"francisca","event_id":"212005","eventtype":"winapp wineventlog_application wineventlog_common wineventlog_windows","host":"francisca","id":"212005","index":"alejandrina","linecount":"14","punct":"//_::_\\r=\\r=\\r=\\r=\\r=\\r=....\\r=\\r=\\r=\\r=\\r=_____.__:____.\\r\\r\\r\\r","severity":"Warning","severity_id":"3","signature_id":"1101","source":"AleJandrIna:Application","sourcetype":"WinEventLog:Application","splunk_server":"lai-z007.aa.olympia","tag":"os\nwindows\nwindows_management","tag::eventtype":"os\nwindows\nwindows_management"}}
{"preview":true,"result":{"ComputerName":"francisca.natacha.ad.natacha.on","EventCode":"1101","EventType":"3","Keywords":"Classic","LogName":"Application","Message":"Security policies were propagated with warning. 0ls : The data is invalid.\r\n\r\nAdvanced help for this problem is available on http://support.georgiann.com. Query for \"troubleshooting 1101 events\".","OpCode":"None","RecordNumber":"022100","SourceName":"NdvVxk","TaskCategory":"None","Type":"Warning","_raw":"10/01/0010 07:10:02 AM\nLogName=Application\nXcggtqWves=NdvVxk\nYcrmyTidr=1101\nEventType=3\nType=Warning\nComputerName=francisca.natacha.ad.natacha.on\nPngvGhnaxhtz=None\nOpCode=None\nShcwcnCrfqkz=022100\nKeywords=Classic\nMessage=Security policies were propagated with warning. 0ls : The data is invalid.\r\n\r\nAdvanced help for this problem is available on http://support.georgiann.com. Query for \"troubleshooting 1101 events\".","_time":"2020-10-19T07:10:02.000-0400","dest":"francisca.natacha.ad.natacha.on","dvc":"francisca","dvc_nt_host":"francisca","event_id":"022100","eventtype":"winapp wineventlog_application wineventlog_common wineventlog_windows","host":"francisca","id":"022100","index":"alejandrina","linecount":"14","punct":"//_::_\\r=\\r=\\r=\\r=\\r=\\r=....\\r=\\r=\\r=\\r=\\r=_____.__:____.\\r\\r\\r\\r","severity":"Warning","severity_id":"3","signature_id":"1101","source":"AleJandrIna:Application","sourcetype":"WinEventLog:Application","splunk_server":"lai-z007.aa.olympia","tag":"os\nwindows\nwindows_management","tag::eventtype":"os\nwindows\nwindows_management"}}
{"preview":true,"result":{"ComputerName":"francisca.natacha.ad.natacha.on","EventCode":"1101","EventType":"3","Keywords":"Classic","LogName":"Application","Message":"Security policies were propagated with warning. 0ls : The data is invalid.\r\n\r\nAdvanced help for this problem is available on http://support.georgiann.com. Query for \"troubleshooting 1101 events\".","OpCode":"None","RecordNumber":"041102","SourceName":"NdvVxk","TaskCategory":"None","Type":"Warning","_raw":"10/01/0010 07:04:57 AM\nLogName=Application\nXcggtqWves=NdvVxk\nYcrmyTidr=1101\nEventType=3\nType=Warning\nComputerName=francisca.natacha.ad.natacha.on\nPngvGhnaxhtz=None\nOpCode=None\nShcwcnCrfqkz=041102\nKeywords=Classic\nMessage=Security policies were propagated with warning. 0ls : The data is invalid.\r\n\r\nAdvanced help for this problem is available on http://support.georgiann.com. Query for \"troubleshooting 1101 events\".","_time":"2020-10-19T07:04:57.000-0400","dest":"francisca.natacha.ad.natacha.on","dvc":"francisca","dvc_nt_host":"francisca","event_id":"041102","eventtype":"winapp wineventlog_application wineventlog_common wineventlog_windows","host":"francisca","id":"041102","index":"alejandrina","linecount":"14","punct":"//_::_\\r=\\r=\\r=\\r=\\r=\\r=....\\r=\\r=\\r=\\r=\\r=_____.__:____.\\r\\r\\r\\r","severity":"Warning","severity_id":"3","signature_id":"1101","source":"AleJandrIna:Application","sourcetype":"WinEventLog:Application","splunk_server":"lai-z007.aa.olympia","tag":"os\nwindows\nwindows_management","tag::eventtype":"os\nwindows\nwindows_management"}}
{"preview":true,"result":{"ComputerName":"francisca.natacha.ad.natacha.on","EventCode":"1101","EventType":"3","Keywords":"Classic","LogName":"Application","Message":"Security policies were propagated with warning. 0ls : The data is invalid.\r\n\r\nAdvanced help for this problem is available on http://support.georgiann.com. Query for \"troubleshooting 1101 events\".","OpCode":"None","RecordNumber":"042310","SourceName":"NdvVxk","TaskCategory":"None","Type":"Warning","_raw":"10/01/0010 06:59:48 AM\nLogName=Application\nXcggtqWves=NdvVxk\nYcrmyTidr=1101\nEventType=3\nType=Warning\nComputerName=francisca.natacha.ad.natacha.on\nPngvGhnaxhtz=None\nOpCode=None\nShcwcnCrfqkz=042310\nKeywords=Classic\nMessage=Security policies were propagated with warning. 0ls : The data is invalid.\r\n\r\nAdvanced help for this problem is available on http://support.georgiann.com. Query for \"troubleshooting 1101 events\".","_time":"2020-10-19T06:59:48.000-0400","dest":"francisca.natacha.ad.natacha.on","dvc":"francisca","dvc_nt_host":"francisca","event_id":"042310","eventtype":"winapp wineventlog_application wineventlog_common wineventlog_windows","host":"francisca","id":"042310","index":"alejandrina","linecount":"14","punct":"//_::_\\r=\\r=\\r=\\r=\\r=\\r=....\\r=\\r=\\r=\\r=\\r=_____.__:____.\\r\\r\\r\\r","severity":"Warning","severity_id":"3","signature_id":"1101","source":"AleJandrIna:Application","sourcetype":"WinEventLog:Application","splunk_server":"lai-z007.aa.olympia","tag":"os\nwindows\nwindows_management","tag::eventtype":"os\nwindows\nwindows_management"}}
{"preview":true,"result":{"ComputerName":"francisca.natacha.ad.natacha.on","EventCode":"1101","EventType":"3","Keywords":"Classic","LogName":"Application","Message":"Security policies were propagated with warning. 0ls : The data is invalid.\r\n\r\nAdvanced help for this problem is available on http://support.georgiann.com. Query for \"troubleshooting 1101 events\".","OpCode":"None","RecordNumber":"261200","SourceName":"NdvVxk","TaskCategory":"None","Type":"Warning","_raw":"10/01/0010 06:54:40 AM\nLogName=Application\nXcggtqWves=NdvVxk\nYcrmyTidr=1101\nEventType=3\nType=Warning\nComputerName=francisca.natacha.ad.natacha.on\nPngvGhnaxhtz=None\nOpCode=None\nShcwcnCrfqkz=261200\nKeywords=Classic\nMessage=Security policies were propagated with warning. 0ls : The data is invalid.\r\n\r\nAdvanced help for this problem is available on http://support.georgiann.com. Query for \"troubleshooting 1101 events\".","_time":"2020-10-19T06:54:40.000-0400","dest":"francisca.natacha.ad.natacha.on","dvc":"francisca","dvc_nt_host":"francisca","event_id":"261200","eventtype":"winapp wineventlog_application wineventlog_common wineventlog_windows","host":"francisca","id":"261200","index":"alejandrina","linecount":"14","punct":"//_::_\\r=\\r=\\r=\\r=\\r=\\r=....\\r=\\r=\\r=\\r=\\r=_____.__:____.\\r\\r\\r\\r","severity":"Warning","severity_id":"3","signature_id":"1101","source":"AleJandrIna:Application","sourcetype":"WinEventLog:Application","splunk_server":"lai-r107.aa.olympia","tag":"os\nwindows\nwindows_management","tag::eventtype":"os\nwindows\nwindows_management"}}
{"preview":true,"result":{"ComputerName":"francisca.natacha.ad.natacha.on","EventCode":"1101","EventType":"3","Keywords":"Classic","LogName":"Application","Message":"Security policies were propagated with warning. 0ls : The data is invalid.\r\n\r\nAdvanced help for this problem is available on http://support.georgiann.com. Query for \"troubleshooting 1101 events\".","OpCode":"None","RecordNumber":"141103","SourceName":"NdvVxk","TaskCategory":"None","Type":"Warning","_raw":"10/01/0010 06:29:07 AM\nLogName=Application\nXcggtqWves=NdvVxk\nYcrmyTidr=1101\nEventType=3\nType=Warning\nComputerName=francisca.natacha.ad.natacha.on\nPngvGhnaxhtz=None\nOpCode=None\nShcwcnCrfqkz=141103\nKeywords=Classic\nMessage=Security policies were propagated with warning. 0ls : The data is invalid.\r\n\r\nAdvanced help for this problem is available on http://support.georgiann.com. Query for \"troubleshooting 1101 events\".","_time":"2020-10-19T06:29:07.000-0400","dest":"francisca.natacha.ad.natacha.on","dvc":"francisca","dvc_nt_host":"francisca","event_id":"141103","eventtype":"winapp wineventlog_application wineventlog_common wineventlog_windows","host":"francisca","id":"141103","index":"alejandrina","linecount":"14","punct":"//_::_\\r=\\r=\\r=\\r=\\r=\\r=....\\r=\\r=\\r=\\r=\\r=_____.__:____.\\r\\r\\r\\r","severity":"Warning","severity_id":"3","signature_id":"1101","source":"AleJandrIna:Application","sourcetype":"WinEventLog:Application","splunk_server":"lai-r107.aa.olympia","tag":"os\nwindows\nwindows_management","tag::eventtype":"os\nwindows\nwindows_management"}}
{"preview":true,"result":{"ComputerName":"francisca.natacha.ad.natacha.on","EventCode":"1101","EventType":"3","Keywords":"Classic","LogName":"Application","Message":"Security policies were propagated with warning. 0ls : The data is invalid.\r\n\r\nAdvanced help for this problem is available on http://support.georgiann.com. Query for \"troubleshooting 1101 events\".","OpCode":"None","RecordNumber":"032303","SourceName":"NdvVxk","TaskCategory":"None","Type":"Warning","_raw":"10/01/0010 06:23:58 AM\nLogName=Application\nXcggtqWves=NdvVxk\nYcrmyTidr=1101\nEventType=3\nType=Warning\nComputerName=francisca.natacha.ad.natacha.on\nPngvGhnaxhtz=None\nOpCode=None\nShcwcnCrfqkz=032303\nKeywords=Classic\nMessage=Security policies were propagated with warning. 0ls : The data is invalid.\r\n\r\nAdvanced help for this problem is available on http://support.georgiann.com. Query for \"troubleshooting 1101 events\".","_time":"2020-10-19T06:23:58.000-0400","dest":"francisca.natacha.ad.natacha.on","dvc":"francisca","dvc_nt_host":"francisca","event_id":"032303","eventtype":"winapp wineventlog_application wineventlog_common wineventlog_windows","host":"francisca","id":"032303","index":"alejandrina","linecount":"14","punct":"//_::_\\r=\\r=\\r=\\r=\\r=\\r=....\\r=\\r=\\r=\\r=\\r=_____.__:____.\\r\\r\\r\\r","severity":"Warning","severity_id":"3","signature_id":"1101","source":"AleJandrIna:Application","sourcetype":"WinEventLog:Application","splunk_server":"lai-z007.aa.olympia","tag":"os\nwindows\nwindows_management","tag::eventtype":"os\nwindows\nwindows_management"}}
