{"preview":true,"result":{"ComputerName":"christena.sherill.ad.sherill.uk","EventCode":"0002","EventType":"3","Keywords":"Classic","LogName":"Application","Message":"Security policies were propagated with warning. 0mi : The data is invalid.\r\n\r\nAdvanced help for this problem is available on http://support.jaqueline.com. Query for \"troubleshooting 0002 events\".","OpCode":"None","RecordNumber":"031200","SourceName":"KhoCvl","TaskCategory":"None","Type":"Warning","_raw":"03/08/0010 01:22:43 AM\nLogName=Application\nBfghbvNcbu=KhoCvl\nTnqamFsxr=0002\nEventType=3\nType=Warning\nComputerName=christena.sherill.ad.sherill.uk\nMvydNcrnwgcw=None\nOpCode=None\nMrsoicTjmcnk=031200\nKeywords=Classic\nMessage=Security policies were propagated with warning. 0mi : The data is invalid.\r\n\r\nAdvanced help for this problem is available on http://support.jaqueline.com. Query for \"troubleshooting 0002 events\".","_time":"2020-08-09T01:22:43.000-0400","dest":"christena.sherill.ad.sherill.uk","dvc":"christena","dvc_nt_host":"christena","event_id":"031200","eventtype":"winapp wineventlog_application wineventlog_common wineventlog_windows","host":"christena","id":"031200","index":"alejandrina","linecount":"14","punct":"//_::_\\r=\\r=\\r=\\r=\\r=\\r=....\\r=\\r=\\r=\\r=\\r=_____.__:____.\\r\\r\\r\\r","severity":"Warning","severity_id":"3","signature_id":"0002","source":"AleJandrIna:Application","sourcetype":"WinEventLog:Application","splunk_server":"HYO-G006","tag":"os\nwindows\nwindows_management","tag::eventtype":"os\nwindows\nwindows_management"}}
{"preview":true,"result":{"ComputerName":"christena.sherill.ad.sherill.uk","EventCode":"0002","EventType":"3","Keywords":"Classic","LogName":"Application","Message":"Security policies were propagated with warning. 0mi : The data is invalid.\r\n\r\nAdvanced help for this problem is available on http://support.jaqueline.com. Query for \"troubleshooting 0002 events\".","OpCode":"None","RecordNumber":"200389","SourceName":"KhoCvl","TaskCategory":"None","Type":"Warning","_raw":"03/08/0010 01:17:35 AM\nLogName=Application\nBfghbvNcbu=KhoCvl\nTnqamFsxr=0002\nEventType=3\nType=Warning\nComputerName=christena.sherill.ad.sherill.uk\nMvydNcrnwgcw=None\nOpCode=None\nMrsoicTjmcnk=200389\nKeywords=Classic\nMessage=Security policies were propagated with warning. 0mi : The data is invalid.\r\n\r\nAdvanced help for this problem is available on http://support.jaqueline.com. Query for \"troubleshooting 0002 events\".","_time":"2020-08-09T01:17:35.000-0400","dest":"christena.sherill.ad.sherill.uk","dvc":"christena","dvc_nt_host":"christena","event_id":"200389","eventtype":"winapp wineventlog_application wineventlog_common wineventlog_windows","host":"christena","id":"200389","index":"alejandrina","linecount":"14","punct":"//_::_\\r=\\r=\\r=\\r=\\r=\\r=....\\r=\\r=\\r=\\r=\\r=_____.__:____.\\r\\r\\r\\r","severity":"Warning","severity_id":"3","signature_id":"0002","source":"AleJandrIna:Application","sourcetype":"WinEventLog:Application","splunk_server":"HYO-G006","tag":"os\nwindows\nwindows_management","tag::eventtype":"os\nwindows\nwindows_management"}}
{"preview":true,"result":{"ComputerName":"christena.sherill.ad.sherill.uk","EventCode":"0002","EventType":"3","Keywords":"Classic","LogName":"Application","Message":"Security policies were propagated with warning. 0mi : The data is invalid.\r\n\r\nAdvanced help for this problem is available on http://support.jaqueline.com. Query for \"troubleshooting 0002 events\".","OpCode":"None","RecordNumber":"001326","SourceName":"KhoCvl","TaskCategory":"None","Type":"Warning","_raw":"03/08/0010 01:12:27 AM\nLogName=Application\nBfghbvNcbu=KhoCvl\nTnqamFsxr=0002\nEventType=3\nType=Warning\nComputerName=christena.sherill.ad.sherill.uk\nMvydNcrnwgcw=None\nOpCode=None\nMrsoicTjmcnk=001326\nKeywords=Classic\nMessage=Security policies were propagated with warning. 0mi : The data is invalid.\r\n\r\nAdvanced help for this problem is available on http://support.jaqueline.com. Query for \"troubleshooting 0002 events\".","_time":"2020-08-09T01:12:27.000-0400","dest":"christena.sherill.ad.sherill.uk","dvc":"christena","dvc_nt_host":"christena","event_id":"001326","eventtype":"winapp wineventlog_application wineventlog_common wineventlog_windows","host":"christena","id":"001326","index":"alejandrina","linecount":"14","punct":"//_::_\\r=\\r=\\r=\\r=\\r=\\r=....\\r=\\r=\\r=\\r=\\r=_____.__:____.\\r\\r\\r\\r","severity":"Warning","severity_id":"3","signature_id":"0002","source":"AleJandrIna:Application","sourcetype":"WinEventLog:Application","splunk_server":"HYO-G006","tag":"os\nwindows\nwindows_management","tag::eventtype":"os\nwindows\nwindows_management"}}
{"preview":true,"result":{"ComputerName":"CAP-Q032.sherill.o.arie","EventCode":"311","EventType":"4","Keywords":"Classic","LogName":"Application","Message":"The COM+ sub system is suppressing duplicate event log entries for a duration of 33300 seconds.  The suppression timeout can be controlled by a LIN_KEIRA value named TbdyigqgRmsajypemKebyhrqr under the following registry key: MANY\\Software\\Jaqueline\\YPN1\\Williams.","OpCode":"The operation completed successfully.","RecordNumber":"10255","SourceName":"Jaqueline-Windows-Marcelo","TaskCategory":"None","Type":"Information","_raw":"03/08/0010 12:53:51 AM\nLogName=Application\nBfghbvNcbu=Jaqueline-Windows-Marcelo\nTnqamFsxr=311\nEventType=4\nType=Information\nComputerName=CAP-Q032.sherill.o.arie\nMvydNcrnwgcw=None\nOpCode=The operation completed successfully.\nMrsoicTjmcnk=10255\nKeywords=Classic\nMessage=The COM+ sub system is suppressing duplicate event log entries for a duration of 33300 seconds.  The suppression timeout can be controlled by a LIN_KEIRA value named TbdyigqgRmsajypemKebyhrqr under the following registry key: MANY\\Software\\Jaqueline\\YPN1\\Williams.","_time":"2020-08-09T00:53:51.000-0400","dest":"CAP-Q032.sherill.o.arie","dvc":"CAP-Q032","dvc_nt_host":"CAP-Q032","event_id":"10255","eventtype":"winapp wineventlog_application wineventlog_common wineventlog_windows","host":"CAP-Q032","id":"10255","index":"alejandrina","linecount":"12","punct":"//_::_==--====-...==___.===_+______________.______","severity":"Information","severity_id":"4","signature_id":"311","source":"AleJandrIna:Application","sourcetype":"WinEventLog:Application","splunk_server":"HYO-G006","tag":"os\nwindows\nwindows_management","tag::eventtype":"os\nwindows\nwindows_management"}}
{"preview":true,"result":{"ComputerName":"CAP-Q032.sherill.o.arie","EventCode":"1012","EventType":"4","Keywords":"Classic","LogName":"Application","Message":"The HEE service is shutting down due to idle timeout.","OpCode":"Info","RecordNumber":"10751","SourceName":"HEE","TaskCategory":"None","Type":"Information","_raw":"03/08/0010 12:53:48 AM\nLogName=Application\nBfghbvNcbu=HEE\nTnqamFsxr=1012\nEventType=4\nType=Information\nComputerName=CAP-Q032.sherill.o.arie\nMvydNcrnwgcw=None\nOpCode=Info\nMrsoicTjmcnk=10751\nKeywords=Classic\nMessage=The HEE service is shutting down due to idle timeout.","_time":"2020-08-09T00:53:48.000-0400","dest":"CAP-Q032.sherill.o.arie","dvc":"CAP-Q032","dvc_nt_host":"CAP-Q032","event_id":"10751","eventtype":"winapp wineventlog_application wineventlog_common wineventlog_windows","host":"CAP-Q032","id":"10751","index":"alejandrina","linecount":"12","punct":"//_::_======-...=====_________.","severity":"Information","severity_id":"4","signature_id":"1012","source":"AleJandrIna:Application","sourcetype":"WinEventLog:Application","splunk_server":"HYO-G006","tag":"os\nwindows\nwindows_management","tag::eventtype":"os\nwindows\nwindows_management"}}
{"preview":true,"result":{"ComputerName":"christena.sherill.ad.sherill.uk","EventCode":"0002","EventType":"3","Keywords":"Classic","LogName":"Application","Message":"Security policies were propagated with warning. 0mi : The data is invalid.\r\n\r\nAdvanced help for this problem is available on http://support.jaqueline.com. Query for \"troubleshooting 0002 events\".","OpCode":"None","RecordNumber":"141881","SourceName":"KhoCvl","TaskCategory":"None","Type":"Warning","_raw":"03/08/0010 12:51:55 AM\nLogName=Application\nBfghbvNcbu=KhoCvl\nTnqamFsxr=0002\nEventType=3\nType=Warning\nComputerName=christena.sherill.ad.sherill.uk\nMvydNcrnwgcw=None\nOpCode=None\nMrsoicTjmcnk=141881\nKeywords=Classic\nMessage=Security policies were propagated with warning. 0mi : The data is invalid.\r\n\r\nAdvanced help for this problem is available on http://support.jaqueline.com. Query for \"troubleshooting 0002 events\".","_time":"2020-08-09T00:51:55.000-0400","dest":"christena.sherill.ad.sherill.uk","dvc":"christena","dvc_nt_host":"christena","event_id":"141881","eventtype":"winapp wineventlog_application wineventlog_common wineventlog_windows","host":"christena","id":"141881","index":"alejandrina","linecount":"14","punct":"//_::_\\r=\\r=\\r=\\r=\\r=\\r=....\\r=\\r=\\r=\\r=\\r=_____.__:____.\\r\\r\\r\\r","severity":"Warning","severity_id":"3","signature_id":"0002","source":"AleJandrIna:Application","sourcetype":"WinEventLog:Application","splunk_server":"HYO-G006","tag":"os\nwindows\nwindows_management","tag::eventtype":"os\nwindows\nwindows_management"}}
{"preview":true,"result":{"ComputerName":"CAP-Q032.sherill.o.arie","EventCode":"0408","EventType":"3","Keywords":"Classic","LogName":"Application","Message":"GARRY encountered an error (DF=0d10000011) while attempting to establish a secure connection with system CAP-Q032.","OpCode":"The operation completed successfully.","RecordNumber":"00602","SourceName":"Jaqueline-Windows-GARRY Client 2","TaskCategory":"ZM","Type":"Warning","_raw":"03/08/0010 12:50:37 AM\nLogName=Application\nBfghbvNcbu=Jaqueline-Windows-GARRY Client 2\nTnqamFsxr=0408\nEventType=3\nType=Warning\nComputerName=CAP-Q032.sherill.o.arie\nMvydNcrnwgcw=ZM\nOpCode=The operation completed successfully.\nMrsoicTjmcnk=00602\nKeywords=Classic\nMessage=GARRY encountered an error (DF=0d10000011) while attempting to establish a secure connection with system CAP-Q032.","_time":"2020-08-09T00:50:37.000-0400","dest":"CAP-Q032.sherill.o.arie","dvc":"CAP-Q032","dvc_nt_host":"CAP-Q032","event_id":"00602","eventtype":"err0r nix_errors winapp wineventlog_application wineventlog_common wineventlog_windows","host":"CAP-Q032","id":"00602","index":"alejandrina","linecount":"12","name":"Certificate Services restore completed","punct":"//_::_==--__====-...==___.===____(=)__________-.","severity":"Warning","severity_id":"3","signature":"Certificate Services restore completed","signature_id":"0408","source":"AleJandrIna:Application","sourcetype":"WinEventLog:Application","splunk_server":"HYO-G006","subject":"Certificate Services restore completed","tag":"error\nos\nwindows\nwindows_management","tag::eventtype":"error\nos\nwindows\nwindows_management"}}
{"preview":true,"result":{"ComputerName":"christena.sherill.ad.sherill.uk","EventCode":"0002","EventType":"3","Keywords":"Classic","LogName":"Application","Message":"Security policies were propagated with warning. 0mi : The data is invalid.\r\n\r\nAdvanced help for this problem is available on http://support.jaqueline.com. Query for \"troubleshooting 0002 events\".","OpCode":"None","RecordNumber":"040731","SourceName":"KhoCvl","TaskCategory":"None","Type":"Warning","_raw":"03/08/0010 12:46:47 AM\nLogName=Application\nBfghbvNcbu=KhoCvl\nTnqamFsxr=0002\nEventType=3\nType=Warning\nComputerName=christena.sherill.ad.sherill.uk\nMvydNcrnwgcw=None\nOpCode=None\nMrsoicTjmcnk=040731\nKeywords=Classic\nMessage=Security policies were propagated with warning. 0mi : The data is invalid.\r\n\r\nAdvanced help for this problem is available on http://support.jaqueline.com. Query for \"troubleshooting 0002 events\".","_time":"2020-08-09T00:46:47.000-0400","dest":"christena.sherill.ad.sherill.uk","dvc":"christena","dvc_nt_host":"christena","event_id":"040731","eventtype":"winapp wineventlog_application wineventlog_common wineventlog_windows","host":"christena","id":"040731","index":"alejandrina","linecount":"14","punct":"//_::_\\r=\\r=\\r=\\r=\\r=\\r=....\\r=\\r=\\r=\\r=\\r=_____.__:____.\\r\\r\\r\\r","severity":"Warning","severity_id":"3","signature_id":"0002","source":"AleJandrIna:Application","sourcetype":"WinEventLog:Application","splunk_server":"HYO-G006","tag":"os\nwindows\nwindows_management","tag::eventtype":"os\nwindows\nwindows_management"}}
{"preview":true,"result":{"ComputerName":"christena.sherill.ad.sherill.uk","EventCode":"0002","EventType":"3","Keywords":"Classic","LogName":"Application","Message":"Security policies were propagated with warning. 0mi : The data is invalid.\r\n\r\nAdvanced help for this problem is available on http://support.jaqueline.com. Query for \"troubleshooting 0002 events\".","OpCode":"None","RecordNumber":"140272","SourceName":"KhoCvl","TaskCategory":"None","Type":"Warning","_raw":"03/08/0010 12:41:39 AM\nLogName=Application\nBfghbvNcbu=KhoCvl\nTnqamFsxr=0002\nEventType=3\nType=Warning\nComputerName=christena.sherill.ad.sherill.uk\nMvydNcrnwgcw=None\nOpCode=None\nMrsoicTjmcnk=140272\nKeywords=Classic\nMessage=Security policies were propagated with warning. 0mi : The data is invalid.\r\n\r\nAdvanced help for this problem is available on http://support.jaqueline.com. Query for \"troubleshooting 0002 events\".","_time":"2020-08-09T00:41:39.000-0400","dest":"christena.sherill.ad.sherill.uk","dvc":"christena","dvc_nt_host":"christena","event_id":"140272","eventtype":"winapp wineventlog_application wineventlog_common wineventlog_windows","host":"christena","id":"140272","index":"alejandrina","linecount":"14","punct":"//_::_\\r=\\r=\\r=\\r=\\r=\\r=....\\r=\\r=\\r=\\r=\\r=_____.__:____.\\r\\r\\r\\r","severity":"Warning","severity_id":"3","signature_id":"0002","source":"AleJandrIna:Application","sourcetype":"WinEventLog:Application","splunk_server":"HYO-G006","tag":"os\nwindows\nwindows_management","tag::eventtype":"os\nwindows\nwindows_management"}}
{"preview":true,"result":{"ComputerName":"christena.sherill.ad.sherill.uk","EventCode":"0002","EventType":"3","Keywords":"Classic","LogName":"Application","Message":"Security policies were propagated with warning. 0mi : The data is invalid.\r\n\r\nAdvanced help for this problem is available on http://support.jaqueline.com. Query for \"troubleshooting 0002 events\".","OpCode":"None","RecordNumber":"111230","SourceName":"KhoCvl","TaskCategory":"None","Type":"Warning","_raw":"03/08/0010 12:31:24 AM\nLogName=Application\nBfghbvNcbu=KhoCvl\nTnqamFsxr=0002\nEventType=3\nType=Warning\nComputerName=christena.sherill.ad.sherill.uk\nMvydNcrnwgcw=None\nOpCode=None\nMrsoicTjmcnk=111230\nKeywords=Classic\nMessage=Security policies were propagated with warning. 0mi : The data is invalid.\r\n\r\nAdvanced help for this problem is available on http://support.jaqueline.com. Query for \"troubleshooting 0002 events\".","_time":"2020-08-09T00:31:24.000-0400","dest":"christena.sherill.ad.sherill.uk","dvc":"christena","dvc_nt_host":"christena","event_id":"111230","eventtype":"winapp wineventlog_application wineventlog_common wineventlog_windows","host":"christena","id":"111230","index":"alejandrina","linecount":"14","punct":"//_::_\\r=\\r=\\r=\\r=\\r=\\r=....\\r=\\r=\\r=\\r=\\r=_____.__:____.\\r\\r\\r\\r","severity":"Warning","severity_id":"3","signature_id":"0002","source":"AleJandrIna:Application","sourcetype":"WinEventLog:Application","splunk_server":"HYO-G006","tag":"os\nwindows\nwindows_management","tag::eventtype":"os\nwindows\nwindows_management"}}
{"preview":true,"result":{"ComputerName":"christena.sherill.ad.sherill.uk","EventCode":"0002","EventType":"3","Keywords":"Classic","LogName":"Application","Message":"Security policies were propagated with warning. 0mi : The data is invalid.\r\n\r\nAdvanced help for this problem is available on http://support.jaqueline.com. Query for \"troubleshooting 0002 events\".","OpCode":"None","RecordNumber":"221104","SourceName":"KhoCvl","TaskCategory":"None","Type":"Warning","_raw":"03/08/0010 12:26:16 AM\nLogName=Application\nBfghbvNcbu=KhoCvl\nTnqamFsxr=0002\nEventType=3\nType=Warning\nComputerName=christena.sherill.ad.sherill.uk\nMvydNcrnwgcw=None\nOpCode=None\nMrsoicTjmcnk=221104\nKeywords=Classic\nMessage=Security policies were propagated with warning. 0mi : The data is invalid.\r\n\r\nAdvanced help for this problem is available on http://support.jaqueline.com. Query for \"troubleshooting 0002 events\".","_time":"2020-08-09T00:26:16.000-0400","dest":"christena.sherill.ad.sherill.uk","dvc":"christena","dvc_nt_host":"christena","event_id":"221104","eventtype":"winapp wineventlog_application wineventlog_common wineventlog_windows","host":"christena","id":"221104","index":"alejandrina","linecount":"14","punct":"//_::_\\r=\\r=\\r=\\r=\\r=\\r=....\\r=\\r=\\r=\\r=\\r=_____.__:____.\\r\\r\\r\\r","severity":"Warning","severity_id":"3","signature_id":"0002","source":"AleJandrIna:Application","sourcetype":"WinEventLog:Application","splunk_server":"HYO-G006","tag":"os\nwindows\nwindows_management","tag::eventtype":"os\nwindows\nwindows_management"}}
{"preview":true,"result":{"ComputerName":"christena.sherill.ad.sherill.uk","EventCode":"0002","EventType":"3","Keywords":"Classic","LogName":"Application","Message":"Security policies were propagated with warning. 0mi : The data is invalid.\r\n\r\nAdvanced help for this problem is available on http://support.jaqueline.com. Query for \"troubleshooting 0002 events\".","OpCode":"None","RecordNumber":"210168","SourceName":"KhoCvl","TaskCategory":"None","Type":"Warning","_raw":"03/08/0010 12:21:08 AM\nLogName=Application\nBfghbvNcbu=KhoCvl\nTnqamFsxr=0002\nEventType=3\nType=Warning\nComputerName=christena.sherill.ad.sherill.uk\nMvydNcrnwgcw=None\nOpCode=None\nMrsoicTjmcnk=210168\nKeywords=Classic\nMessage=Security policies were propagated with warning. 0mi : The data is invalid.\r\n\r\nAdvanced help for this problem is available on http://support.jaqueline.com. Query for \"troubleshooting 0002 events\".","_time":"2020-08-09T00:21:08.000-0400","dest":"christena.sherill.ad.sherill.uk","dvc":"christena","dvc_nt_host":"christena","event_id":"210168","eventtype":"winapp wineventlog_application wineventlog_common wineventlog_windows","host":"christena","id":"210168","index":"alejandrina","linecount":"14","punct":"//_::_\\r=\\r=\\r=\\r=\\r=\\r=....\\r=\\r=\\r=\\r=\\r=_____.__:____.\\r\\r\\r\\r","severity":"Warning","severity_id":"3","signature_id":"0002","source":"AleJandrIna:Application","sourcetype":"WinEventLog:Application","splunk_server":"HYO-G006","tag":"os\nwindows\nwindows_management","tag::eventtype":"os\nwindows\nwindows_management"}}
{"preview":true,"result":{"ComputerName":"christena.sherill.ad.sherill.uk","EventCode":"0002","EventType":"3","Keywords":"Classic","LogName":"Application","Message":"Security policies were propagated with warning. 0mi : The data is invalid.\r\n\r\nAdvanced help for this problem is available on http://support.jaqueline.com. Query for \"troubleshooting 0002 events\".","OpCode":"None","RecordNumber":"051657","SourceName":"KhoCvl","TaskCategory":"None","Type":"Warning","_raw":"03/08/0010 12:16:00 AM\nLogName=Application\nBfghbvNcbu=KhoCvl\nTnqamFsxr=0002\nEventType=3\nType=Warning\nComputerName=christena.sherill.ad.sherill.uk\nMvydNcrnwgcw=None\nOpCode=None\nMrsoicTjmcnk=051657\nKeywords=Classic\nMessage=Security policies were propagated with warning. 0mi : The data is invalid.\r\n\r\nAdvanced help for this problem is available on http://support.jaqueline.com. Query for \"troubleshooting 0002 events\".","_time":"2020-08-09T00:16:00.000-0400","dest":"christena.sherill.ad.sherill.uk","dvc":"christena","dvc_nt_host":"christena","event_id":"051657","eventtype":"winapp wineventlog_application wineventlog_common wineventlog_windows","host":"christena","id":"051657","index":"alejandrina","linecount":"14","punct":"//_::_\\r=\\r=\\r=\\r=\\r=\\r=....\\r=\\r=\\r=\\r=\\r=_____.__:____.\\r\\r\\r\\r","severity":"Warning","severity_id":"3","signature_id":"0002","source":"AleJandrIna:Application","sourcetype":"WinEventLog:Application","splunk_server":"HYO-G006","tag":"os\nwindows\nwindows_management","tag::eventtype":"os\nwindows\nwindows_management"}}
{"preview":true,"result":{"ComputerName":"christena.sherill.ad.sherill.uk","EventCode":"0002","EventType":"3","Keywords":"Classic","LogName":"Application","Message":"Security policies were propagated with warning. 0mi : The data is invalid.\r\n\r\nAdvanced help for this problem is available on http://support.jaqueline.com. Query for \"troubleshooting 0002 events\".","OpCode":"None","RecordNumber":"252741","SourceName":"KhoCvl","TaskCategory":"None","Type":"Warning","_raw":"03/08/0010 12:05:44 AM\nLogName=Application\nBfghbvNcbu=KhoCvl\nTnqamFsxr=0002\nEventType=3\nType=Warning\nComputerName=christena.sherill.ad.sherill.uk\nMvydNcrnwgcw=None\nOpCode=None\nMrsoicTjmcnk=252741\nKeywords=Classic\nMessage=Security policies were propagated with warning. 0mi : The data is invalid.\r\n\r\nAdvanced help for this problem is available on http://support.jaqueline.com. Query for \"troubleshooting 0002 events\".","_time":"2020-08-09T00:05:44.000-0400","dest":"christena.sherill.ad.sherill.uk","dvc":"christena","dvc_nt_host":"christena","event_id":"252741","eventtype":"winapp wineventlog_application wineventlog_common wineventlog_windows","host":"christena","id":"252741","index":"alejandrina","linecount":"14","punct":"//_::_\\r=\\r=\\r=\\r=\\r=\\r=....\\r=\\r=\\r=\\r=\\r=_____.__:____.\\r\\r\\r\\r","severity":"Warning","severity_id":"3","signature_id":"0002","source":"AleJandrIna:Application","sourcetype":"WinEventLog:Application","splunk_server":"HYO-G006","tag":"os\nwindows\nwindows_management","tag::eventtype":"os\nwindows\nwindows_management"}}
{"preview":true,"result":{"ComputerName":"christena.sherill.ad.sherill.uk","EventCode":"0002","EventType":"3","Keywords":"Classic","LogName":"Application","Message":"Security policies were propagated with warning. 0mi : The data is invalid.\r\n\r\nAdvanced help for this problem is available on http://support.jaqueline.com. Query for \"troubleshooting 0002 events\".","OpCode":"None","RecordNumber":"102470","SourceName":"KhoCvl","TaskCategory":"None","Type":"Warning","_raw":"03/03/0010 11:45:05 PM\nLogName=Application\nBfghbvNcbu=KhoCvl\nTnqamFsxr=0002\nEventType=3\nType=Warning\nComputerName=christena.sherill.ad.sherill.uk\nMvydNcrnwgcw=None\nOpCode=None\nMrsoicTjmcnk=102470\nKeywords=Classic\nMessage=Security policies were propagated with warning. 0mi : The data is invalid.\r\n\r\nAdvanced help for this problem is available on http://support.jaqueline.com. Query for \"troubleshooting 0002 events\".","_time":"2020-08-08T23:45:05.000-0400","dest":"christena.sherill.ad.sherill.uk","dvc":"christena","dvc_nt_host":"christena","event_id":"102470","eventtype":"winapp wineventlog_application wineventlog_common wineventlog_windows","host":"christena","id":"102470","index":"alejandrina","linecount":"14","punct":"//_::_\\r=\\r=\\r=\\r=\\r=\\r=....\\r=\\r=\\r=\\r=\\r=_____.__:____.\\r\\r\\r\\r","severity":"Warning","severity_id":"3","signature_id":"0002","source":"AleJandrIna:Application","sourcetype":"WinEventLog:Application","splunk_server":"HYO-G006","tag":"os\nwindows\nwindows_management","tag::eventtype":"os\nwindows\nwindows_management"}}
{"preview":true,"result":{"ComputerName":"christena.sherill.ad.sherill.uk","EventCode":"0002","EventType":"3","Keywords":"Classic","LogName":"Application","Message":"Security policies were propagated with warning. 0mi : The data is invalid.\r\n\r\nAdvanced help for this problem is available on http://support.jaqueline.com. Query for \"troubleshooting 0002 events\".","OpCode":"None","RecordNumber":"201270","SourceName":"KhoCvl","TaskCategory":"None","Type":"Warning","_raw":"03/03/0010 11:39:56 PM\nLogName=Application\nBfghbvNcbu=KhoCvl\nTnqamFsxr=0002\nEventType=3\nType=Warning\nComputerName=christena.sherill.ad.sherill.uk\nMvydNcrnwgcw=None\nOpCode=None\nMrsoicTjmcnk=201270\nKeywords=Classic\nMessage=Security policies were propagated with warning. 0mi : The data is invalid.\r\n\r\nAdvanced help for this problem is available on http://support.jaqueline.com. Query for \"troubleshooting 0002 events\".","_time":"2020-08-08T23:39:56.000-0400","dest":"christena.sherill.ad.sherill.uk","dvc":"christena","dvc_nt_host":"christena","event_id":"201270","eventtype":"winapp wineventlog_application wineventlog_common wineventlog_windows","host":"christena","id":"201270","index":"alejandrina","linecount":"14","punct":"//_::_\\r=\\r=\\r=\\r=\\r=\\r=....\\r=\\r=\\r=\\r=\\r=_____.__:____.\\r\\r\\r\\r","severity":"Warning","severity_id":"3","signature_id":"0002","source":"AleJandrIna:Application","sourcetype":"WinEventLog:Application","splunk_server":"HYO-G006","tag":"os\nwindows\nwindows_management","tag::eventtype":"os\nwindows\nwindows_management"}}
{"preview":true,"result":{"ComputerName":"christena.sherill.ad.sherill.uk","EventCode":"0002","EventType":"3","Keywords":"Classic","LogName":"Application","Message":"Security policies were propagated with warning. 0mi : The data is invalid.\r\n\r\nAdvanced help for this problem is available on http://support.jaqueline.com. Query for \"troubleshooting 0002 events\".","OpCode":"None","RecordNumber":"150320","SourceName":"KhoCvl","TaskCategory":"None","Type":"Warning","_raw":"03/03/0010 10:58:50 PM\nLogName=Application\nBfghbvNcbu=KhoCvl\nTnqamFsxr=0002\nEventType=3\nType=Warning\nComputerName=christena.sherill.ad.sherill.uk\nMvydNcrnwgcw=None\nOpCode=None\nMrsoicTjmcnk=150320\nKeywords=Classic\nMessage=Security policies were propagated with warning. 0mi : The data is invalid.\r\n\r\nAdvanced help for this problem is available on http://support.jaqueline.com. Query for \"troubleshooting 0002 events\".","_time":"2020-08-08T22:58:50.000-0400","dest":"christena.sherill.ad.sherill.uk","dvc":"christena","dvc_nt_host":"christena","event_id":"150320","eventtype":"winapp wineventlog_application wineventlog_common wineventlog_windows","host":"christena","id":"150320","index":"alejandrina","linecount":"14","punct":"//_::_\\r=\\r=\\r=\\r=\\r=\\r=....\\r=\\r=\\r=\\r=\\r=_____.__:____.\\r\\r\\r\\r","severity":"Warning","severity_id":"3","signature_id":"0002","source":"AleJandrIna:Application","sourcetype":"WinEventLog:Application","splunk_server":"HYO-G006","tag":"os\nwindows\nwindows_management","tag::eventtype":"os\nwindows\nwindows_management"}}
{"preview":true,"result":{"ComputerName":"christena.sherill.ad.sherill.uk","EventCode":"0002","EventType":"3","Keywords":"Classic","LogName":"Application","Message":"Security policies were propagated with warning. 0mi : The data is invalid.\r\n\r\nAdvanced help for this problem is available on http://support.jaqueline.com. Query for \"troubleshooting 0002 events\".","OpCode":"None","RecordNumber":"030731","SourceName":"KhoCvl","TaskCategory":"None","Type":"Warning","_raw":"03/03/0010 10:53:42 PM\nLogName=Application\nBfghbvNcbu=KhoCvl\nTnqamFsxr=0002\nEventType=3\nType=Warning\nComputerName=christena.sherill.ad.sherill.uk\nMvydNcrnwgcw=None\nOpCode=None\nMrsoicTjmcnk=030731\nKeywords=Classic\nMessage=Security policies were propagated with warning. 0mi : The data is invalid.\r\n\r\nAdvanced help for this problem is available on http://support.jaqueline.com. Query for \"troubleshooting 0002 events\".","_time":"2020-08-08T22:53:42.000-0400","dest":"christena.sherill.ad.sherill.uk","dvc":"christena","dvc_nt_host":"christena","event_id":"030731","eventtype":"winapp wineventlog_application wineventlog_common wineventlog_windows","host":"christena","id":"030731","index":"alejandrina","linecount":"14","punct":"//_::_\\r=\\r=\\r=\\r=\\r=\\r=....\\r=\\r=\\r=\\r=\\r=_____.__:____.\\r\\r\\r\\r","severity":"Warning","severity_id":"3","signature_id":"0002","source":"AleJandrIna:Application","sourcetype":"WinEventLog:Application","splunk_server":"HYO-G006","tag":"os\nwindows\nwindows_management","tag::eventtype":"os\nwindows\nwindows_management"}}
{"preview":true,"result":{"ComputerName":"christena.sherill.ad.sherill.uk","EventCode":"0002","EventType":"3","Keywords":"Classic","LogName":"Application","Message":"Security policies were propagated with warning. 0mi : The data is invalid.\r\n\r\nAdvanced help for this problem is available on http://support.jaqueline.com. Query for \"troubleshooting 0002 events\".","OpCode":"None","RecordNumber":"021314","SourceName":"KhoCvl","TaskCategory":"None","Type":"Warning","_raw":"03/03/0010 10:22:52 PM\nLogName=Application\nBfghbvNcbu=KhoCvl\nTnqamFsxr=0002\nEventType=3\nType=Warning\nComputerName=christena.sherill.ad.sherill.uk\nMvydNcrnwgcw=None\nOpCode=None\nMrsoicTjmcnk=021314\nKeywords=Classic\nMessage=Security policies were propagated with warning. 0mi : The data is invalid.\r\n\r\nAdvanced help for this problem is available on http://support.jaqueline.com. Query for \"troubleshooting 0002 events\".","_time":"2020-08-08T22:22:52.000-0400","dest":"christena.sherill.ad.sherill.uk","dvc":"christena","dvc_nt_host":"christena","event_id":"021314","eventtype":"winapp wineventlog_application wineventlog_common wineventlog_windows","host":"christena","id":"021314","index":"alejandrina","linecount":"14","punct":"//_::_\\r=\\r=\\r=\\r=\\r=\\r=....\\r=\\r=\\r=\\r=\\r=_____.__:____.\\r\\r\\r\\r","severity":"Warning","severity_id":"3","signature_id":"0002","source":"AleJandrIna:Application","sourcetype":"WinEventLog:Application","splunk_server":"HYO-G006","tag":"os\nwindows\nwindows_management","tag::eventtype":"os\nwindows\nwindows_management"}}
{"preview":true,"result":{"ComputerName":"christena.sherill.ad.sherill.uk","EventCode":"0002","EventType":"3","Keywords":"Classic","LogName":"Application","Message":"Security policies were propagated with warning. 0mi : The data is invalid.\r\n\r\nAdvanced help for this problem is available on http://support.jaqueline.com. Query for \"troubleshooting 0002 events\".","OpCode":"None","RecordNumber":"130631","SourceName":"KhoCvl","TaskCategory":"None","Type":"Warning","_raw":"03/03/0010 10:12:36 PM\nLogName=Application\nBfghbvNcbu=KhoCvl\nTnqamFsxr=0002\nEventType=3\nType=Warning\nComputerName=christena.sherill.ad.sherill.uk\nMvydNcrnwgcw=None\nOpCode=None\nMrsoicTjmcnk=130631\nKeywords=Classic\nMessage=Security policies were propagated with warning. 0mi : The data is invalid.\r\n\r\nAdvanced help for this problem is available on http://support.jaqueline.com. Query for \"troubleshooting 0002 events\".","_time":"2020-08-08T22:12:36.000-0400","dest":"christena.sherill.ad.sherill.uk","dvc":"christena","dvc_nt_host":"christena","event_id":"130631","eventtype":"winapp wineventlog_application wineventlog_common wineventlog_windows","host":"christena","id":"130631","index":"alejandrina","linecount":"14","punct":"//_::_\\r=\\r=\\r=\\r=\\r=\\r=....\\r=\\r=\\r=\\r=\\r=_____.__:____.\\r\\r\\r\\r","severity":"Warning","severity_id":"3","signature_id":"0002","source":"AleJandrIna:Application","sourcetype":"WinEventLog:Application","splunk_server":"HYO-G006","tag":"os\nwindows\nwindows_management","tag::eventtype":"os\nwindows\nwindows_management"}}
{"preview":true,"result":{"ComputerName":"christena.sherill.ad.sherill.uk","EventCode":"0002","EventType":"3","Keywords":"Classic","LogName":"Application","Message":"Security policies were propagated with warning. 0mi : The data is invalid.\r\n\r\nAdvanced help for this problem is available on http://support.jaqueline.com. Query for \"troubleshooting 0002 events\".","OpCode":"None","RecordNumber":"240411","SourceName":"KhoCvl","TaskCategory":"None","Type":"Warning","_raw":"03/03/0010 10:07:27 PM\nLogName=Application\nBfghbvNcbu=KhoCvl\nTnqamFsxr=0002\nEventType=3\nType=Warning\nComputerName=christena.sherill.ad.sherill.uk\nMvydNcrnwgcw=None\nOpCode=None\nMrsoicTjmcnk=240411\nKeywords=Classic\nMessage=Security policies were propagated with warning. 0mi : The data is invalid.\r\n\r\nAdvanced help for this problem is available on http://support.jaqueline.com. Query for \"troubleshooting 0002 events\".","_time":"2020-08-08T22:07:27.000-0400","dest":"christena.sherill.ad.sherill.uk","dvc":"christena","dvc_nt_host":"christena","event_id":"240411","eventtype":"winapp wineventlog_application wineventlog_common wineventlog_windows","host":"christena","id":"240411","index":"alejandrina","linecount":"14","punct":"//_::_\\r=\\r=\\r=\\r=\\r=\\r=....\\r=\\r=\\r=\\r=\\r=_____.__:____.\\r\\r\\r\\r","severity":"Warning","severity_id":"3","signature_id":"0002","source":"AleJandrIna:Application","sourcetype":"WinEventLog:Application","splunk_server":"HYO-G006","tag":"os\nwindows\nwindows_management","tag::eventtype":"os\nwindows\nwindows_management"}}
{"preview":true,"result":{"ComputerName":"christena.sherill.ad.sherill.uk","EventCode":"0002","EventType":"3","Keywords":"Classic","LogName":"Application","Message":"Security policies were propagated with warning. 0mi : The data is invalid.\r\n\r\nAdvanced help for this problem is available on http://support.jaqueline.com. Query for \"troubleshooting 0002 events\".","OpCode":"None","RecordNumber":"121406","SourceName":"KhoCvl","TaskCategory":"None","Type":"Warning","_raw":"03/03/0010 09:41:46 PM\nLogName=Application\nBfghbvNcbu=KhoCvl\nTnqamFsxr=0002\nEventType=3\nType=Warning\nComputerName=christena.sherill.ad.sherill.uk\nMvydNcrnwgcw=None\nOpCode=None\nMrsoicTjmcnk=121406\nKeywords=Classic\nMessage=Security policies were propagated with warning. 0mi : The data is invalid.\r\n\r\nAdvanced help for this problem is available on http://support.jaqueline.com. Query for \"troubleshooting 0002 events\".","_time":"2020-08-08T21:41:46.000-0400","dest":"christena.sherill.ad.sherill.uk","dvc":"christena","dvc_nt_host":"christena","event_id":"121406","eventtype":"winapp wineventlog_application wineventlog_common wineventlog_windows","host":"christena","id":"121406","index":"alejandrina","linecount":"14","punct":"//_::_\\r=\\r=\\r=\\r=\\r=\\r=....\\r=\\r=\\r=\\r=\\r=_____.__:____.\\r\\r\\r\\r","severity":"Warning","severity_id":"3","signature_id":"0002","source":"AleJandrIna:Application","sourcetype":"WinEventLog:Application","splunk_server":"HYO-G006","tag":"os\nwindows\nwindows_management","tag::eventtype":"os\nwindows\nwindows_management"}}
{"preview":true,"result":{"ComputerName":"christena.sherill.ad.sherill.uk","EventCode":"0002","EventType":"3","Keywords":"Classic","LogName":"Application","Message":"Security policies were propagated with warning. 0mi : The data is invalid.\r\n\r\nAdvanced help for this problem is available on http://support.jaqueline.com. Query for \"troubleshooting 0002 events\".","OpCode":"None","RecordNumber":"251640","SourceName":"KhoCvl","TaskCategory":"None","Type":"Warning","_raw":"03/03/0010 09:26:16 PM\nLogName=Application\nBfghbvNcbu=KhoCvl\nTnqamFsxr=0002\nEventType=3\nType=Warning\nComputerName=christena.sherill.ad.sherill.uk\nMvydNcrnwgcw=None\nOpCode=None\nMrsoicTjmcnk=251640\nKeywords=Classic\nMessage=Security policies were propagated with warning. 0mi : The data is invalid.\r\n\r\nAdvanced help for this problem is available on http://support.jaqueline.com. Query for \"troubleshooting 0002 events\".","_time":"2020-08-08T21:26:16.000-0400","dest":"christena.sherill.ad.sherill.uk","dvc":"christena","dvc_nt_host":"christena","event_id":"251640","eventtype":"winapp wineventlog_application wineventlog_common wineventlog_windows","host":"christena","id":"251640","index":"alejandrina","linecount":"14","punct":"//_::_\\r=\\r=\\r=\\r=\\r=\\r=....\\r=\\r=\\r=\\r=\\r=_____.__:____.\\r\\r\\r\\r","severity":"Warning","severity_id":"3","signature_id":"0002","source":"AleJandrIna:Application","sourcetype":"WinEventLog:Application","splunk_server":"HYO-G006","tag":"os\nwindows\nwindows_management","tag::eventtype":"os\nwindows\nwindows_management"}}
{"preview":true,"result":{"ComputerName":"christena.sherill.ad.sherill.uk","EventCode":"0002","EventType":"3","Keywords":"Classic","LogName":"Application","Message":"Security policies were propagated with warning. 0mi : The data is invalid.\r\n\r\nAdvanced help for this problem is available on http://support.jaqueline.com. Query for \"troubleshooting 0002 events\".","OpCode":"None","RecordNumber":"252401","SourceName":"KhoCvl","TaskCategory":"None","Type":"Warning","_raw":"03/03/0010 08:50:18 PM\nLogName=Application\nBfghbvNcbu=KhoCvl\nTnqamFsxr=0002\nEventType=3\nType=Warning\nComputerName=christena.sherill.ad.sherill.uk\nMvydNcrnwgcw=None\nOpCode=None\nMrsoicTjmcnk=252401\nKeywords=Classic\nMessage=Security policies were propagated with warning. 0mi : The data is invalid.\r\n\r\nAdvanced help for this problem is available on http://support.jaqueline.com. Query for \"troubleshooting 0002 events\".","_time":"2020-08-08T20:50:18.000-0400","dest":"christena.sherill.ad.sherill.uk","dvc":"christena","dvc_nt_host":"christena","event_id":"252401","eventtype":"winapp wineventlog_application wineventlog_common wineventlog_windows","host":"christena","id":"252401","index":"alejandrina","linecount":"14","punct":"//_::_\\r=\\r=\\r=\\r=\\r=\\r=....\\r=\\r=\\r=\\r=\\r=_____.__:____.\\r\\r\\r\\r","severity":"Warning","severity_id":"3","signature_id":"0002","source":"AleJandrIna:Application","sourcetype":"WinEventLog:Application","splunk_server":"HYO-G006","tag":"os\nwindows\nwindows_management","tag::eventtype":"os\nwindows\nwindows_management"}}
{"preview":true,"result":{"ComputerName":"christena.sherill.ad.sherill.uk","EventCode":"0002","EventType":"3","Keywords":"Classic","LogName":"Application","Message":"Security policies were propagated with warning. 0mi : The data is invalid.\r\n\r\nAdvanced help for this problem is available on http://support.jaqueline.com. Query for \"troubleshooting 0002 events\".","OpCode":"None","RecordNumber":"242614","SourceName":"KhoCvl","TaskCategory":"None","Type":"Warning","_raw":"03/03/0010 08:45:09 PM\nLogName=Application\nBfghbvNcbu=KhoCvl\nTnqamFsxr=0002\nEventType=3\nType=Warning\nComputerName=christena.sherill.ad.sherill.uk\nMvydNcrnwgcw=None\nOpCode=None\nMrsoicTjmcnk=242614\nKeywords=Classic\nMessage=Security policies were propagated with warning. 0mi : The data is invalid.\r\n\r\nAdvanced help for this problem is available on http://support.jaqueline.com. Query for \"troubleshooting 0002 events\".","_time":"2020-08-08T20:45:09.000-0400","dest":"christena.sherill.ad.sherill.uk","dvc":"christena","dvc_nt_host":"christena","event_id":"242614","eventtype":"winapp wineventlog_application wineventlog_common wineventlog_windows","host":"christena","id":"242614","index":"alejandrina","linecount":"14","punct":"//_::_\\r=\\r=\\r=\\r=\\r=\\r=....\\r=\\r=\\r=\\r=\\r=_____.__:____.\\r\\r\\r\\r","severity":"Warning","severity_id":"3","signature_id":"0002","source":"AleJandrIna:Application","sourcetype":"WinEventLog:Application","splunk_server":"HYO-G006","tag":"os\nwindows\nwindows_management","tag::eventtype":"os\nwindows\nwindows_management"}}
{"preview":true,"result":{"ComputerName":"christena.sherill.ad.sherill.uk","EventCode":"0002","EventType":"3","Keywords":"Classic","LogName":"Application","Message":"Security policies were propagated with warning. 0mi : The data is invalid.\r\n\r\nAdvanced help for this problem is available on http://support.jaqueline.com. Query for \"troubleshooting 0002 events\".","OpCode":"None","RecordNumber":"240305","SourceName":"KhoCvl","TaskCategory":"None","Type":"Warning","_raw":"03/03/0010 08:40:00 PM\nLogName=Application\nBfghbvNcbu=KhoCvl\nTnqamFsxr=0002\nEventType=3\nType=Warning\nComputerName=christena.sherill.ad.sherill.uk\nMvydNcrnwgcw=None\nOpCode=None\nMrsoicTjmcnk=240305\nKeywords=Classic\nMessage=Security policies were propagated with warning. 0mi : The data is invalid.\r\n\r\nAdvanced help for this problem is available on http://support.jaqueline.com. Query for \"troubleshooting 0002 events\".","_time":"2020-08-08T20:40:00.000-0400","dest":"christena.sherill.ad.sherill.uk","dvc":"christena","dvc_nt_host":"christena","event_id":"240305","eventtype":"winapp wineventlog_application wineventlog_common wineventlog_windows","host":"christena","id":"240305","index":"alejandrina","linecount":"14","punct":"//_::_\\r=\\r=\\r=\\r=\\r=\\r=....\\r=\\r=\\r=\\r=\\r=_____.__:____.\\r\\r\\r\\r","severity":"Warning","severity_id":"3","signature_id":"0002","source":"AleJandrIna:Application","sourcetype":"WinEventLog:Application","splunk_server":"HYO-G006","tag":"os\nwindows\nwindows_management","tag::eventtype":"os\nwindows\nwindows_management"}}
{"preview":true,"result":{"ComputerName":"christena.sherill.ad.sherill.uk","EventCode":"0002","EventType":"3","Keywords":"Classic","LogName":"Application","Message":"Security policies were propagated with warning. 0mi : The data is invalid.\r\n\r\nAdvanced help for this problem is available on http://support.jaqueline.com. Query for \"troubleshooting 0002 events\".","OpCode":"None","RecordNumber":"041631","SourceName":"KhoCvl","TaskCategory":"None","Type":"Warning","_raw":"03/03/0010 08:34:52 PM\nLogName=Application\nBfghbvNcbu=KhoCvl\nTnqamFsxr=0002\nEventType=3\nType=Warning\nComputerName=christena.sherill.ad.sherill.uk\nMvydNcrnwgcw=None\nOpCode=None\nMrsoicTjmcnk=041631\nKeywords=Classic\nMessage=Security policies were propagated with warning. 0mi : The data is invalid.\r\n\r\nAdvanced help for this problem is available on http://support.jaqueline.com. Query for \"troubleshooting 0002 events\".","_time":"2020-08-08T20:34:52.000-0400","dest":"christena.sherill.ad.sherill.uk","dvc":"christena","dvc_nt_host":"christena","event_id":"041631","eventtype":"winapp wineventlog_application wineventlog_common wineventlog_windows","host":"christena","id":"041631","index":"alejandrina","linecount":"14","punct":"//_::_\\r=\\r=\\r=\\r=\\r=\\r=....\\r=\\r=\\r=\\r=\\r=_____.__:____.\\r\\r\\r\\r","severity":"Warning","severity_id":"3","signature_id":"0002","source":"AleJandrIna:Application","sourcetype":"WinEventLog:Application","splunk_server":"HYO-G006","tag":"os\nwindows\nwindows_management","tag::eventtype":"os\nwindows\nwindows_management"}}
{"preview":true,"result":{"ComputerName":"christena.sherill.ad.sherill.uk","EventCode":"0002","EventType":"3","Keywords":"Classic","LogName":"Application","Message":"Security policies were propagated with warning. 0mi : The data is invalid.\r\n\r\nAdvanced help for this problem is available on http://support.jaqueline.com. Query for \"troubleshooting 0002 events\".","OpCode":"None","RecordNumber":"211610","SourceName":"KhoCvl","TaskCategory":"None","Type":"Warning","_raw":"03/03/0010 08:19:28 PM\nLogName=Application\nBfghbvNcbu=KhoCvl\nTnqamFsxr=0002\nEventType=3\nType=Warning\nComputerName=christena.sherill.ad.sherill.uk\nMvydNcrnwgcw=None\nOpCode=None\nMrsoicTjmcnk=211610\nKeywords=Classic\nMessage=Security policies were propagated with warning. 0mi : The data is invalid.\r\n\r\nAdvanced help for this problem is available on http://support.jaqueline.com. Query for \"troubleshooting 0002 events\".","_time":"2020-08-08T20:19:28.000-0400","dest":"christena.sherill.ad.sherill.uk","dvc":"christena","dvc_nt_host":"christena","event_id":"211610","eventtype":"winapp wineventlog_application wineventlog_common wineventlog_windows","host":"christena","id":"211610","index":"alejandrina","linecount":"14","punct":"//_::_\\r=\\r=\\r=\\r=\\r=\\r=....\\r=\\r=\\r=\\r=\\r=_____.__:____.\\r\\r\\r\\r","severity":"Warning","severity_id":"3","signature_id":"0002","source":"AleJandrIna:Application","sourcetype":"WinEventLog:Application","splunk_server":"HYO-G006","tag":"os\nwindows\nwindows_management","tag::eventtype":"os\nwindows\nwindows_management"}}
{"preview":true,"result":{"ComputerName":"christena.sherill.ad.sherill.uk","EventCode":"0002","EventType":"3","Keywords":"Classic","LogName":"Application","Message":"Security policies were propagated with warning. 0mi : The data is invalid.\r\n\r\nAdvanced help for this problem is available on http://support.jaqueline.com. Query for \"troubleshooting 0002 events\".","OpCode":"None","RecordNumber":"131300","SourceName":"KhoCvl","TaskCategory":"None","Type":"Warning","_raw":"03/03/0010 08:14:19 PM\nLogName=Application\nBfghbvNcbu=KhoCvl\nTnqamFsxr=0002\nEventType=3\nType=Warning\nComputerName=christena.sherill.ad.sherill.uk\nMvydNcrnwgcw=None\nOpCode=None\nMrsoicTjmcnk=131300\nKeywords=Classic\nMessage=Security policies were propagated with warning. 0mi : The data is invalid.\r\n\r\nAdvanced help for this problem is available on http://support.jaqueline.com. Query for \"troubleshooting 0002 events\".","_time":"2020-08-08T20:14:19.000-0400","dest":"christena.sherill.ad.sherill.uk","dvc":"christena","dvc_nt_host":"christena","event_id":"131300","eventtype":"winapp wineventlog_application wineventlog_common wineventlog_windows","host":"christena","id":"131300","index":"alejandrina","linecount":"14","punct":"//_::_\\r=\\r=\\r=\\r=\\r=\\r=....\\r=\\r=\\r=\\r=\\r=_____.__:____.\\r\\r\\r\\r","severity":"Warning","severity_id":"3","signature_id":"0002","source":"AleJandrIna:Application","sourcetype":"WinEventLog:Application","splunk_server":"HYO-G006","tag":"os\nwindows\nwindows_management","tag::eventtype":"os\nwindows\nwindows_management"}}
{"preview":true,"result":{"ComputerName":"christena.sherill.ad.sherill.uk","EventCode":"0002","EventType":"3","Keywords":"Classic","LogName":"Application","Message":"Security policies were propagated with warning. 0mi : The data is invalid.\r\n\r\nAdvanced help for this problem is available on http://support.jaqueline.com. Query for \"troubleshooting 0002 events\".","OpCode":"None","RecordNumber":"041802","SourceName":"KhoCvl","TaskCategory":"None","Type":"Warning","_raw":"03/03/0010 08:09:11 PM\nLogName=Application\nBfghbvNcbu=KhoCvl\nTnqamFsxr=0002\nEventType=3\nType=Warning\nComputerName=christena.sherill.ad.sherill.uk\nMvydNcrnwgcw=None\nOpCode=None\nMrsoicTjmcnk=041802\nKeywords=Classic\nMessage=Security policies were propagated with warning. 0mi : The data is invalid.\r\n\r\nAdvanced help for this problem is available on http://support.jaqueline.com. Query for \"troubleshooting 0002 events\".","_time":"2020-08-08T20:09:11.000-0400","dest":"christena.sherill.ad.sherill.uk","dvc":"christena","dvc_nt_host":"christena","event_id":"041802","eventtype":"winapp wineventlog_application wineventlog_common wineventlog_windows","host":"christena","id":"041802","index":"alejandrina","linecount":"14","punct":"//_::_\\r=\\r=\\r=\\r=\\r=\\r=....\\r=\\r=\\r=\\r=\\r=_____.__:____.\\r\\r\\r\\r","severity":"Warning","severity_id":"3","signature_id":"0002","source":"AleJandrIna:Application","sourcetype":"WinEventLog:Application","splunk_server":"HYO-G006","tag":"os\nwindows\nwindows_management","tag::eventtype":"os\nwindows\nwindows_management"}}
{"preview":true,"result":{"ComputerName":"christena.sherill.ad.sherill.uk","EventCode":"0002","EventType":"3","Keywords":"Classic","LogName":"Application","Message":"Security policies were propagated with warning. 0mi : The data is invalid.\r\n\r\nAdvanced help for this problem is available on http://support.jaqueline.com. Query for \"troubleshooting 0002 events\".","OpCode":"None","RecordNumber":"211201","SourceName":"KhoCvl","TaskCategory":"None","Type":"Warning","_raw":"03/03/0010 08:04:03 PM\nLogName=Application\nBfghbvNcbu=KhoCvl\nTnqamFsxr=0002\nEventType=3\nType=Warning\nComputerName=christena.sherill.ad.sherill.uk\nMvydNcrnwgcw=None\nOpCode=None\nMrsoicTjmcnk=211201\nKeywords=Classic\nMessage=Security policies were propagated with warning. 0mi : The data is invalid.\r\n\r\nAdvanced help for this problem is available on http://support.jaqueline.com. Query for \"troubleshooting 0002 events\".","_time":"2020-08-08T20:04:03.000-0400","dest":"christena.sherill.ad.sherill.uk","dvc":"christena","dvc_nt_host":"christena","event_id":"211201","eventtype":"winapp wineventlog_application wineventlog_common wineventlog_windows","host":"christena","id":"211201","index":"alejandrina","linecount":"14","punct":"//_::_\\r=\\r=\\r=\\r=\\r=\\r=....\\r=\\r=\\r=\\r=\\r=_____.__:____.\\r\\r\\r\\r","severity":"Warning","severity_id":"3","signature_id":"0002","source":"AleJandrIna:Application","sourcetype":"WinEventLog:Application","splunk_server":"HYO-G006","tag":"os\nwindows\nwindows_management","tag::eventtype":"os\nwindows\nwindows_management"}}
{"preview":true,"result":{"ComputerName":"christena.sherill.ad.sherill.uk","EventCode":"0002","EventType":"3","Keywords":"Classic","LogName":"Application","Message":"Security policies were propagated with warning. 0mi : The data is invalid.\r\n\r\nAdvanced help for this problem is available on http://support.jaqueline.com. Query for \"troubleshooting 0002 events\".","OpCode":"None","RecordNumber":"210111","SourceName":"KhoCvl","TaskCategory":"None","Type":"Warning","_raw":"03/03/0010 07:53:47 PM\nLogName=Application\nBfghbvNcbu=KhoCvl\nTnqamFsxr=0002\nEventType=3\nType=Warning\nComputerName=christena.sherill.ad.sherill.uk\nMvydNcrnwgcw=None\nOpCode=None\nMrsoicTjmcnk=210111\nKeywords=Classic\nMessage=Security policies were propagated with warning. 0mi : The data is invalid.\r\n\r\nAdvanced help for this problem is available on http://support.jaqueline.com. Query for \"troubleshooting 0002 events\".","_time":"2020-08-08T19:53:47.000-0400","dest":"christena.sherill.ad.sherill.uk","dvc":"christena","dvc_nt_host":"christena","event_id":"210111","eventtype":"winapp wineventlog_application wineventlog_common wineventlog_windows","host":"christena","id":"210111","index":"alejandrina","linecount":"14","punct":"//_::_\\r=\\r=\\r=\\r=\\r=\\r=....\\r=\\r=\\r=\\r=\\r=_____.__:____.\\r\\r\\r\\r","severity":"Warning","severity_id":"3","signature_id":"0002","source":"AleJandrIna:Application","sourcetype":"WinEventLog:Application","splunk_server":"HYO-G006","tag":"os\nwindows\nwindows_management","tag::eventtype":"os\nwindows\nwindows_management"}}
