{"preview":true,"result":{"ComputerName":"christena.sherill.ad.sherill.uk","EventCode":"0002","EventType":"3","Keywords":"Classic","LogName":"Application","Message":"Security policies were propagated with warning. 0mi : The data is invalid.\r\n\r\nAdvanced help for this problem is available on http://support.jaqueline.com. Query for \"troubleshooting 0002 events\".","OpCode":"None","RecordNumber":"115104","SourceName":"KhoCvl","TaskCategory":"None","Type":"Warning","_raw":"03/01/0010 04:18:03 PM\nLogName=Application\nBfghbvNcbu=KhoCvl\nTnqamFsxr=0002\nEventType=3\nType=Warning\nComputerName=christena.sherill.ad.sherill.uk\nMvydNcrnwgcw=None\nOpCode=None\nMrsoicTjmcnk=115104\nKeywords=Classic\nMessage=Security policies were propagated with warning. 0mi : The data is invalid.\r\n\r\nAdvanced help for this problem is available on http://support.jaqueline.com. Query for \"troubleshooting 0002 events\".","_time":"2020-08-18T16:18:03.000-0400","dest":"christena.sherill.ad.sherill.uk","dvc":"christena","dvc_nt_host":"christena","event_id":"115104","eventtype":"winapp wineventlog_application wineventlog_common wineventlog_windows","host":"christena","id":"115104","index":"alejandrina","linecount":"14","punct":"//_::_\\r=\\r=\\r=\\r=\\r=\\r=....\\r=\\r=\\r=\\r=\\r=_____.__:____.\\r\\r\\r\\r","severity":"Warning","severity_id":"3","signature_id":"0002","source":"AleJandrIna:Application","sourcetype":"WinEventLog:Application","splunk_server":"HYO-S125","tag":"os\nwindows\nwindows_management","tag::eventtype":"os\nwindows\nwindows_management"}}
{"preview":true,"result":{"ComputerName":"CAP-Q032.sherill.o.arie","EventCode":"1702","EventType":"4","Keywords":"Classic","LogName":"Application","Message":"Security policy in the Group policy objects has been applied successfully.","OpCode":"None","RecordNumber":"00103","SourceName":"KhoCvl","TaskCategory":"None","Type":"Information","_raw":"03/01/0010 04:16:18 PM\nLogName=Application\nBfghbvNcbu=KhoCvl\nTnqamFsxr=1702\nEventType=4\nType=Information\nComputerName=CAP-Q032.sherill.o.arie\nMvydNcrnwgcw=None\nOpCode=None\nMrsoicTjmcnk=00103\nKeywords=Classic\nMessage=Security policy in the Group policy objects has been applied successfully.","_time":"2020-08-18T16:16:18.000-0400","dest":"CAP-Q032.sherill.o.arie","dvc":"CAP-Q032","dvc_nt_host":"CAP-Q032","event_id":"00103","eventtype":"winapp wineventlog_application wineventlog_common wineventlog_windows","host":"CAP-Q032","id":"00103","index":"alejandrina","linecount":"12","punct":"//_::_======-...=====__________.","severity":"Information","severity_id":"4","signature_id":"1702","source":"AleJandrIna:Application","sourcetype":"WinEventLog:Application","splunk_server":"hyo-k102.ts.johnnie","tag":"os\nwindows\nwindows_management","tag::eventtype":"os\nwindows\nwindows_management"}}
{"preview":true,"result":{"ComputerName":"christena.sherill.ad.sherill.uk","EventCode":"0002","EventType":"3","Keywords":"Classic","LogName":"Application","Message":"Security policies were propagated with warning. 0mi : The data is invalid.\r\n\r\nAdvanced help for this problem is available on http://support.jaqueline.com. Query for \"troubleshooting 0002 events\".","OpCode":"None","RecordNumber":"131103","SourceName":"KhoCvl","TaskCategory":"None","Type":"Warning","_raw":"03/01/0010 04:12:54 PM\nLogName=Application\nBfghbvNcbu=KhoCvl\nTnqamFsxr=0002\nEventType=3\nType=Warning\nComputerName=christena.sherill.ad.sherill.uk\nMvydNcrnwgcw=None\nOpCode=None\nMrsoicTjmcnk=131103\nKeywords=Classic\nMessage=Security policies were propagated with warning. 0mi : The data is invalid.\r\n\r\nAdvanced help for this problem is available on http://support.jaqueline.com. Query for \"troubleshooting 0002 events\".","_time":"2020-08-18T16:12:54.000-0400","dest":"christena.sherill.ad.sherill.uk","dvc":"christena","dvc_nt_host":"christena","event_id":"131103","eventtype":"winapp wineventlog_application wineventlog_common wineventlog_windows","host":"christena","id":"131103","index":"alejandrina","linecount":"14","punct":"//_::_\\r=\\r=\\r=\\r=\\r=\\r=....\\r=\\r=\\r=\\r=\\r=_____.__:____.\\r\\r\\r\\r","severity":"Warning","severity_id":"3","signature_id":"0002","source":"AleJandrIna:Application","sourcetype":"WinEventLog:Application","splunk_server":"hyo-k102.ts.johnnie","tag":"os\nwindows\nwindows_management","tag::eventtype":"os\nwindows\nwindows_management"}}
{"preview":true,"result":{"ComputerName":"christena.sherill.ad.sherill.uk","EventCode":"0002","EventType":"3","Keywords":"Classic","LogName":"Application","Message":"Security policies were propagated with warning. 0mi : The data is invalid.\r\n\r\nAdvanced help for this problem is available on http://support.jaqueline.com. Query for \"troubleshooting 0002 events\".","OpCode":"None","RecordNumber":"042402","SourceName":"KhoCvl","TaskCategory":"None","Type":"Warning","_raw":"03/01/0010 04:07:46 PM\nLogName=Application\nBfghbvNcbu=KhoCvl\nTnqamFsxr=0002\nEventType=3\nType=Warning\nComputerName=christena.sherill.ad.sherill.uk\nMvydNcrnwgcw=None\nOpCode=None\nMrsoicTjmcnk=042402\nKeywords=Classic\nMessage=Security policies were propagated with warning. 0mi : The data is invalid.\r\n\r\nAdvanced help for this problem is available on http://support.jaqueline.com. Query for \"troubleshooting 0002 events\".","_time":"2020-08-18T16:07:46.000-0400","dest":"christena.sherill.ad.sherill.uk","dvc":"christena","dvc_nt_host":"christena","event_id":"042402","eventtype":"winapp wineventlog_application wineventlog_common wineventlog_windows","host":"christena","id":"042402","index":"alejandrina","linecount":"14","punct":"//_::_\\r=\\r=\\r=\\r=\\r=\\r=....\\r=\\r=\\r=\\r=\\r=_____.__:____.\\r\\r\\r\\r","severity":"Warning","severity_id":"3","signature_id":"0002","source":"AleJandrIna:Application","sourcetype":"WinEventLog:Application","splunk_server":"HYO-G006","tag":"os\nwindows\nwindows_management","tag::eventtype":"os\nwindows\nwindows_management"}}
{"preview":true,"result":{"ComputerName":"christena.sherill.ad.sherill.uk","EventCode":"0002","EventType":"3","Keywords":"Classic","LogName":"Application","Message":"Security policies were propagated with warning. 0mi : The data is invalid.\r\n\r\nAdvanced help for this problem is available on http://support.jaqueline.com. Query for \"troubleshooting 0002 events\".","OpCode":"None","RecordNumber":"211111","SourceName":"KhoCvl","TaskCategory":"None","Type":"Warning","_raw":"03/01/0010 04:02:38 PM\nLogName=Application\nBfghbvNcbu=KhoCvl\nTnqamFsxr=0002\nEventType=3\nType=Warning\nComputerName=christena.sherill.ad.sherill.uk\nMvydNcrnwgcw=None\nOpCode=None\nMrsoicTjmcnk=211111\nKeywords=Classic\nMessage=Security policies were propagated with warning. 0mi : The data is invalid.\r\n\r\nAdvanced help for this problem is available on http://support.jaqueline.com. Query for \"troubleshooting 0002 events\".","_time":"2020-08-18T16:02:38.000-0400","dest":"christena.sherill.ad.sherill.uk","dvc":"christena","dvc_nt_host":"christena","event_id":"211111","eventtype":"winapp wineventlog_application wineventlog_common wineventlog_windows","host":"christena","id":"211111","index":"alejandrina","linecount":"14","punct":"//_::_\\r=\\r=\\r=\\r=\\r=\\r=....\\r=\\r=\\r=\\r=\\r=_____.__:____.\\r\\r\\r\\r","severity":"Warning","severity_id":"3","signature_id":"0002","source":"AleJandrIna:Application","sourcetype":"WinEventLog:Application","splunk_server":"hyo-g000.ts.johnnie","tag":"os\nwindows\nwindows_management","tag::eventtype":"os\nwindows\nwindows_management"}}
{"preview":true,"result":{"ComputerName":"christena.sherill.ad.sherill.uk","EventCode":"0002","EventType":"3","Keywords":"Classic","LogName":"Application","Message":"Security policies were propagated with warning. 0mi : The data is invalid.\r\n\r\nAdvanced help for this problem is available on http://support.jaqueline.com. Query for \"troubleshooting 0002 events\".","OpCode":"None","RecordNumber":"124101","SourceName":"KhoCvl","TaskCategory":"None","Type":"Warning","_raw":"03/01/0010 03:57:30 PM\nLogName=Application\nBfghbvNcbu=KhoCvl\nTnqamFsxr=0002\nEventType=3\nType=Warning\nComputerName=christena.sherill.ad.sherill.uk\nMvydNcrnwgcw=None\nOpCode=None\nMrsoicTjmcnk=124101\nKeywords=Classic\nMessage=Security policies were propagated with warning. 0mi : The data is invalid.\r\n\r\nAdvanced help for this problem is available on http://support.jaqueline.com. Query for \"troubleshooting 0002 events\".","_time":"2020-08-18T15:57:30.000-0400","dest":"christena.sherill.ad.sherill.uk","dvc":"christena","dvc_nt_host":"christena","event_id":"124101","eventtype":"winapp wineventlog_application wineventlog_common wineventlog_windows","host":"christena","id":"124101","index":"alejandrina","linecount":"14","punct":"//_::_\\r=\\r=\\r=\\r=\\r=\\r=....\\r=\\r=\\r=\\r=\\r=_____.__:____.\\r\\r\\r\\r","severity":"Warning","severity_id":"3","signature_id":"0002","source":"AleJandrIna:Application","sourcetype":"WinEventLog:Application","splunk_server":"hyo-k102.ts.johnnie","tag":"os\nwindows\nwindows_management","tag::eventtype":"os\nwindows\nwindows_management"}}
{"preview":true,"result":{"ComputerName":"christena.sherill.ad.sherill.uk","EventCode":"0002","EventType":"3","Keywords":"Classic","LogName":"Application","Message":"Security policies were propagated with warning. 0mi : The data is invalid.\r\n\r\nAdvanced help for this problem is available on http://support.jaqueline.com. Query for \"troubleshooting 0002 events\".","OpCode":"None","RecordNumber":"123210","SourceName":"KhoCvl","TaskCategory":"None","Type":"Warning","_raw":"03/01/0010 03:52:21 PM\nLogName=Application\nBfghbvNcbu=KhoCvl\nTnqamFsxr=0002\nEventType=3\nType=Warning\nComputerName=christena.sherill.ad.sherill.uk\nMvydNcrnwgcw=None\nOpCode=None\nMrsoicTjmcnk=123210\nKeywords=Classic\nMessage=Security policies were propagated with warning. 0mi : The data is invalid.\r\n\r\nAdvanced help for this problem is available on http://support.jaqueline.com. Query for \"troubleshooting 0002 events\".","_time":"2020-08-18T15:52:21.000-0400","dest":"christena.sherill.ad.sherill.uk","dvc":"christena","dvc_nt_host":"christena","event_id":"123210","eventtype":"winapp wineventlog_application wineventlog_common wineventlog_windows","host":"christena","id":"123210","index":"alejandrina","linecount":"14","punct":"//_::_\\r=\\r=\\r=\\r=\\r=\\r=....\\r=\\r=\\r=\\r=\\r=_____.__:____.\\r\\r\\r\\r","severity":"Warning","severity_id":"3","signature_id":"0002","source":"AleJandrIna:Application","sourcetype":"WinEventLog:Application","splunk_server":"HYO-S125","tag":"os\nwindows\nwindows_management","tag::eventtype":"os\nwindows\nwindows_management"}}
{"preview":true,"result":{"ComputerName":"christena.sherill.ad.sherill.uk","EventCode":"0002","EventType":"3","Keywords":"Classic","LogName":"Application","Message":"Security policies were propagated with warning. 0mi : The data is invalid.\r\n\r\nAdvanced help for this problem is available on http://support.jaqueline.com. Query for \"troubleshooting 0002 events\".","OpCode":"None","RecordNumber":"150501","SourceName":"KhoCvl","TaskCategory":"None","Type":"Warning","_raw":"03/01/0010 03:47:13 PM\nLogName=Application\nBfghbvNcbu=KhoCvl\nTnqamFsxr=0002\nEventType=3\nType=Warning\nComputerName=christena.sherill.ad.sherill.uk\nMvydNcrnwgcw=None\nOpCode=None\nMrsoicTjmcnk=150501\nKeywords=Classic\nMessage=Security policies were propagated with warning. 0mi : The data is invalid.\r\n\r\nAdvanced help for this problem is available on http://support.jaqueline.com. Query for \"troubleshooting 0002 events\".","_time":"2020-08-18T15:47:13.000-0400","dest":"christena.sherill.ad.sherill.uk","dvc":"christena","dvc_nt_host":"christena","event_id":"150501","eventtype":"winapp wineventlog_application wineventlog_common wineventlog_windows","host":"christena","id":"150501","index":"alejandrina","linecount":"14","punct":"//_::_\\r=\\r=\\r=\\r=\\r=\\r=....\\r=\\r=\\r=\\r=\\r=_____.__:____.\\r\\r\\r\\r","severity":"Warning","severity_id":"3","signature_id":"0002","source":"AleJandrIna:Application","sourcetype":"WinEventLog:Application","splunk_server":"hyo-g000.ts.johnnie","tag":"os\nwindows\nwindows_management","tag::eventtype":"os\nwindows\nwindows_management"}}
{"preview":true,"result":{"ComputerName":"christena.sherill.ad.sherill.uk","EventCode":"0002","EventType":"3","Keywords":"Classic","LogName":"Application","Message":"Security policies were propagated with warning. 0mi : The data is invalid.\r\n\r\nAdvanced help for this problem is available on http://support.jaqueline.com. Query for \"troubleshooting 0002 events\".","OpCode":"None","RecordNumber":"044303","SourceName":"KhoCvl","TaskCategory":"None","Type":"Warning","_raw":"03/01/0010 03:42:05 PM\nLogName=Application\nBfghbvNcbu=KhoCvl\nTnqamFsxr=0002\nEventType=3\nType=Warning\nComputerName=christena.sherill.ad.sherill.uk\nMvydNcrnwgcw=None\nOpCode=None\nMrsoicTjmcnk=044303\nKeywords=Classic\nMessage=Security policies were propagated with warning. 0mi : The data is invalid.\r\n\r\nAdvanced help for this problem is available on http://support.jaqueline.com. Query for \"troubleshooting 0002 events\".","_time":"2020-08-18T15:42:05.000-0400","dest":"christena.sherill.ad.sherill.uk","dvc":"christena","dvc_nt_host":"christena","event_id":"044303","eventtype":"winapp wineventlog_application wineventlog_common wineventlog_windows","host":"christena","id":"044303","index":"alejandrina","linecount":"14","punct":"//_::_\\r=\\r=\\r=\\r=\\r=\\r=....\\r=\\r=\\r=\\r=\\r=_____.__:____.\\r\\r\\r\\r","severity":"Warning","severity_id":"3","signature_id":"0002","source":"AleJandrIna:Application","sourcetype":"WinEventLog:Application","splunk_server":"hyo-g000.ts.johnnie","tag":"os\nwindows\nwindows_management","tag::eventtype":"os\nwindows\nwindows_management"}}
{"preview":true,"result":{"ComputerName":"christena.sherill.ad.sherill.uk","EventCode":"0002","EventType":"3","Keywords":"Classic","LogName":"Application","Message":"Security policies were propagated with warning. 0mi : The data is invalid.\r\n\r\nAdvanced help for this problem is available on http://support.jaqueline.com. Query for \"troubleshooting 0002 events\".","OpCode":"None","RecordNumber":"033404","SourceName":"KhoCvl","TaskCategory":"None","Type":"Warning","_raw":"03/01/0010 03:36:57 PM\nLogName=Application\nBfghbvNcbu=KhoCvl\nTnqamFsxr=0002\nEventType=3\nType=Warning\nComputerName=christena.sherill.ad.sherill.uk\nMvydNcrnwgcw=None\nOpCode=None\nMrsoicTjmcnk=033404\nKeywords=Classic\nMessage=Security policies were propagated with warning. 0mi : The data is invalid.\r\n\r\nAdvanced help for this problem is available on http://support.jaqueline.com. Query for \"troubleshooting 0002 events\".","_time":"2020-08-18T15:36:57.000-0400","dest":"christena.sherill.ad.sherill.uk","dvc":"christena","dvc_nt_host":"christena","event_id":"033404","eventtype":"winapp wineventlog_application wineventlog_common wineventlog_windows","host":"christena","id":"033404","index":"alejandrina","linecount":"14","punct":"//_::_\\r=\\r=\\r=\\r=\\r=\\r=....\\r=\\r=\\r=\\r=\\r=_____.__:____.\\r\\r\\r\\r","severity":"Warning","severity_id":"3","signature_id":"0002","source":"AleJandrIna:Application","sourcetype":"WinEventLog:Application","splunk_server":"HYO-S125","tag":"os\nwindows\nwindows_management","tag::eventtype":"os\nwindows\nwindows_management"}}
{"preview":true,"result":{"ComputerName":"christena.sherill.ad.sherill.uk","EventCode":"0002","EventType":"3","Keywords":"Classic","LogName":"Application","Message":"Security policies were propagated with warning. 0mi : The data is invalid.\r\n\r\nAdvanced help for this problem is available on http://support.jaqueline.com. Query for \"troubleshooting 0002 events\".","OpCode":"None","RecordNumber":"143203","SourceName":"KhoCvl","TaskCategory":"None","Type":"Warning","_raw":"03/01/0010 03:31:49 PM\nLogName=Application\nBfghbvNcbu=KhoCvl\nTnqamFsxr=0002\nEventType=3\nType=Warning\nComputerName=christena.sherill.ad.sherill.uk\nMvydNcrnwgcw=None\nOpCode=None\nMrsoicTjmcnk=143203\nKeywords=Classic\nMessage=Security policies were propagated with warning. 0mi : The data is invalid.\r\n\r\nAdvanced help for this problem is available on http://support.jaqueline.com. Query for \"troubleshooting 0002 events\".","_time":"2020-08-18T15:31:49.000-0400","dest":"christena.sherill.ad.sherill.uk","dvc":"christena","dvc_nt_host":"christena","event_id":"143203","eventtype":"winapp wineventlog_application wineventlog_common wineventlog_windows","host":"christena","id":"143203","index":"alejandrina","linecount":"14","punct":"//_::_\\r=\\r=\\r=\\r=\\r=\\r=....\\r=\\r=\\r=\\r=\\r=_____.__:____.\\r\\r\\r\\r","severity":"Warning","severity_id":"3","signature_id":"0002","source":"AleJandrIna:Application","sourcetype":"WinEventLog:Application","splunk_server":"hyo-g000.ts.johnnie","tag":"os\nwindows\nwindows_management","tag::eventtype":"os\nwindows\nwindows_management"}}
{"preview":true,"result":{"ComputerName":"christena.sherill.ad.sherill.uk","EventCode":"0002","EventType":"3","Keywords":"Classic","LogName":"Application","Message":"Security policies were propagated with warning. 0mi : The data is invalid.\r\n\r\nAdvanced help for this problem is available on http://support.jaqueline.com. Query for \"troubleshooting 0002 events\".","OpCode":"None","RecordNumber":"201602","SourceName":"KhoCvl","TaskCategory":"None","Type":"Warning","_raw":"03/01/0010 03:26:40 PM\nLogName=Application\nBfghbvNcbu=KhoCvl\nTnqamFsxr=0002\nEventType=3\nType=Warning\nComputerName=christena.sherill.ad.sherill.uk\nMvydNcrnwgcw=None\nOpCode=None\nMrsoicTjmcnk=201602\nKeywords=Classic\nMessage=Security policies were propagated with warning. 0mi : The data is invalid.\r\n\r\nAdvanced help for this problem is available on http://support.jaqueline.com. Query for \"troubleshooting 0002 events\".","_time":"2020-08-18T15:26:40.000-0400","dest":"christena.sherill.ad.sherill.uk","dvc":"christena","dvc_nt_host":"christena","event_id":"201602","eventtype":"winapp wineventlog_application wineventlog_common wineventlog_windows","host":"christena","id":"201602","index":"alejandrina","linecount":"14","punct":"//_::_\\r=\\r=\\r=\\r=\\r=\\r=....\\r=\\r=\\r=\\r=\\r=_____.__:____.\\r\\r\\r\\r","severity":"Warning","severity_id":"3","signature_id":"0002","source":"AleJandrIna:Application","sourcetype":"WinEventLog:Application","splunk_server":"HYO-G006","tag":"os\nwindows\nwindows_management","tag::eventtype":"os\nwindows\nwindows_management"}}
{"preview":true,"result":{"ComputerName":"christena.sherill.ad.sherill.uk","EventCode":"0002","EventType":"3","Keywords":"Classic","LogName":"Application","Message":"Security policies were propagated with warning. 0mi : The data is invalid.\r\n\r\nAdvanced help for this problem is available on http://support.jaqueline.com. Query for \"troubleshooting 0002 events\".","OpCode":"None","RecordNumber":"233203","SourceName":"KhoCvl","TaskCategory":"None","Type":"Warning","_raw":"03/01/0010 03:21:32 PM\nLogName=Application\nBfghbvNcbu=KhoCvl\nTnqamFsxr=0002\nEventType=3\nType=Warning\nComputerName=christena.sherill.ad.sherill.uk\nMvydNcrnwgcw=None\nOpCode=None\nMrsoicTjmcnk=233203\nKeywords=Classic\nMessage=Security policies were propagated with warning. 0mi : The data is invalid.\r\n\r\nAdvanced help for this problem is available on http://support.jaqueline.com. Query for \"troubleshooting 0002 events\".","_time":"2020-08-18T15:21:32.000-0400","dest":"christena.sherill.ad.sherill.uk","dvc":"christena","dvc_nt_host":"christena","event_id":"233203","eventtype":"winapp wineventlog_application wineventlog_common wineventlog_windows","host":"christena","id":"233203","index":"alejandrina","linecount":"14","punct":"//_::_\\r=\\r=\\r=\\r=\\r=\\r=....\\r=\\r=\\r=\\r=\\r=_____.__:____.\\r\\r\\r\\r","severity":"Warning","severity_id":"3","signature_id":"0002","source":"AleJandrIna:Application","sourcetype":"WinEventLog:Application","splunk_server":"HYO-S125","tag":"os\nwindows\nwindows_management","tag::eventtype":"os\nwindows\nwindows_management"}}
{"preview":true,"result":{"ComputerName":"christena.sherill.ad.sherill.uk","EventCode":"0002","EventType":"3","Keywords":"Classic","LogName":"Application","Message":"Security policies were propagated with warning. 0mi : The data is invalid.\r\n\r\nAdvanced help for this problem is available on http://support.jaqueline.com. Query for \"troubleshooting 0002 events\".","OpCode":"None","RecordNumber":"244502","SourceName":"KhoCvl","TaskCategory":"None","Type":"Warning","_raw":"03/01/0010 03:16:24 PM\nLogName=Application\nBfghbvNcbu=KhoCvl\nTnqamFsxr=0002\nEventType=3\nType=Warning\nComputerName=christena.sherill.ad.sherill.uk\nMvydNcrnwgcw=None\nOpCode=None\nMrsoicTjmcnk=244502\nKeywords=Classic\nMessage=Security policies were propagated with warning. 0mi : The data is invalid.\r\n\r\nAdvanced help for this problem is available on http://support.jaqueline.com. Query for \"troubleshooting 0002 events\".","_time":"2020-08-18T15:16:24.000-0400","dest":"christena.sherill.ad.sherill.uk","dvc":"christena","dvc_nt_host":"christena","event_id":"244502","eventtype":"winapp wineventlog_application wineventlog_common wineventlog_windows","host":"christena","id":"244502","index":"alejandrina","linecount":"14","punct":"//_::_\\r=\\r=\\r=\\r=\\r=\\r=....\\r=\\r=\\r=\\r=\\r=_____.__:____.\\r\\r\\r\\r","severity":"Warning","severity_id":"3","signature_id":"0002","source":"AleJandrIna:Application","sourcetype":"WinEventLog:Application","splunk_server":"hyo-g000.ts.johnnie","tag":"os\nwindows\nwindows_management","tag::eventtype":"os\nwindows\nwindows_management"}}
{"preview":true,"result":{"ComputerName":"christena.sherill.ad.sherill.uk","EventCode":"0002","EventType":"3","Keywords":"Classic","LogName":"Application","Message":"Security policies were propagated with warning. 0mi : The data is invalid.\r\n\r\nAdvanced help for this problem is available on http://support.jaqueline.com. Query for \"troubleshooting 0002 events\".","OpCode":"None","RecordNumber":"030302","SourceName":"KhoCvl","TaskCategory":"None","Type":"Warning","_raw":"03/01/0010 03:11:15 PM\nLogName=Application\nBfghbvNcbu=KhoCvl\nTnqamFsxr=0002\nEventType=3\nType=Warning\nComputerName=christena.sherill.ad.sherill.uk\nMvydNcrnwgcw=None\nOpCode=None\nMrsoicTjmcnk=030302\nKeywords=Classic\nMessage=Security policies were propagated with warning. 0mi : The data is invalid.\r\n\r\nAdvanced help for this problem is available on http://support.jaqueline.com. Query for \"troubleshooting 0002 events\".","_time":"2020-08-18T15:11:15.000-0400","dest":"christena.sherill.ad.sherill.uk","dvc":"christena","dvc_nt_host":"christena","event_id":"030302","eventtype":"winapp wineventlog_application wineventlog_common wineventlog_windows","host":"christena","id":"030302","index":"alejandrina","linecount":"14","punct":"//_::_\\r=\\r=\\r=\\r=\\r=\\r=....\\r=\\r=\\r=\\r=\\r=_____.__:____.\\r\\r\\r\\r","severity":"Warning","severity_id":"3","signature_id":"0002","source":"AleJandrIna:Application","sourcetype":"WinEventLog:Application","splunk_server":"HYO-S125","tag":"os\nwindows\nwindows_management","tag::eventtype":"os\nwindows\nwindows_management"}}
{"preview":true,"result":{"ComputerName":"christena.sherill.ad.sherill.uk","EventCode":"0002","EventType":"3","Keywords":"Classic","LogName":"Application","Message":"Security policies were propagated with warning. 0mi : The data is invalid.\r\n\r\nAdvanced help for this problem is available on http://support.jaqueline.com. Query for \"troubleshooting 0002 events\".","OpCode":"None","RecordNumber":"013601","SourceName":"KhoCvl","TaskCategory":"None","Type":"Warning","_raw":"03/01/0010 03:06:07 PM\nLogName=Application\nBfghbvNcbu=KhoCvl\nTnqamFsxr=0002\nEventType=3\nType=Warning\nComputerName=christena.sherill.ad.sherill.uk\nMvydNcrnwgcw=None\nOpCode=None\nMrsoicTjmcnk=013601\nKeywords=Classic\nMessage=Security policies were propagated with warning. 0mi : The data is invalid.\r\n\r\nAdvanced help for this problem is available on http://support.jaqueline.com. Query for \"troubleshooting 0002 events\".","_time":"2020-08-18T15:06:07.000-0400","dest":"christena.sherill.ad.sherill.uk","dvc":"christena","dvc_nt_host":"christena","event_id":"013601","eventtype":"winapp wineventlog_application wineventlog_common wineventlog_windows","host":"christena","id":"013601","index":"alejandrina","linecount":"14","punct":"//_::_\\r=\\r=\\r=\\r=\\r=\\r=....\\r=\\r=\\r=\\r=\\r=_____.__:____.\\r\\r\\r\\r","severity":"Warning","severity_id":"3","signature_id":"0002","source":"AleJandrIna:Application","sourcetype":"WinEventLog:Application","splunk_server":"hyo-g000.ts.johnnie","tag":"os\nwindows\nwindows_management","tag::eventtype":"os\nwindows\nwindows_management"}}
{"preview":true,"result":{"ComputerName":"christena.sherill.ad.sherill.uk","EventCode":"0002","EventType":"3","Keywords":"Classic","LogName":"Application","Message":"Security policies were propagated with warning. 0mi : The data is invalid.\r\n\r\nAdvanced help for this problem is available on http://support.jaqueline.com. Query for \"troubleshooting 0002 events\".","OpCode":"None","RecordNumber":"044400","SourceName":"KhoCvl","TaskCategory":"None","Type":"Warning","_raw":"03/01/0010 03:00:59 PM\nLogName=Application\nBfghbvNcbu=KhoCvl\nTnqamFsxr=0002\nEventType=3\nType=Warning\nComputerName=christena.sherill.ad.sherill.uk\nMvydNcrnwgcw=None\nOpCode=None\nMrsoicTjmcnk=044400\nKeywords=Classic\nMessage=Security policies were propagated with warning. 0mi : The data is invalid.\r\n\r\nAdvanced help for this problem is available on http://support.jaqueline.com. Query for \"troubleshooting 0002 events\".","_time":"2020-08-18T15:00:59.000-0400","dest":"christena.sherill.ad.sherill.uk","dvc":"christena","dvc_nt_host":"christena","event_id":"044400","eventtype":"winapp wineventlog_application wineventlog_common wineventlog_windows","host":"christena","id":"044400","index":"alejandrina","linecount":"14","punct":"//_::_\\r=\\r=\\r=\\r=\\r=\\r=....\\r=\\r=\\r=\\r=\\r=_____.__:____.\\r\\r\\r\\r","severity":"Warning","severity_id":"3","signature_id":"0002","source":"AleJandrIna:Application","sourcetype":"WinEventLog:Application","splunk_server":"HYO-S125","tag":"os\nwindows\nwindows_management","tag::eventtype":"os\nwindows\nwindows_management"}}
{"preview":true,"result":{"ComputerName":"christena.sherill.ad.sherill.uk","EventCode":"0002","EventType":"3","Keywords":"Classic","LogName":"Application","Message":"Security policies were propagated with warning. 0mi : The data is invalid.\r\n\r\nAdvanced help for this problem is available on http://support.jaqueline.com. Query for \"troubleshooting 0002 events\".","OpCode":"None","RecordNumber":"211304","SourceName":"KhoCvl","TaskCategory":"None","Type":"Warning","_raw":"03/01/0010 02:55:51 PM\nLogName=Application\nBfghbvNcbu=KhoCvl\nTnqamFsxr=0002\nEventType=3\nType=Warning\nComputerName=christena.sherill.ad.sherill.uk\nMvydNcrnwgcw=None\nOpCode=None\nMrsoicTjmcnk=211304\nKeywords=Classic\nMessage=Security policies were propagated with warning. 0mi : The data is invalid.\r\n\r\nAdvanced help for this problem is available on http://support.jaqueline.com. Query for \"troubleshooting 0002 events\".","_time":"2020-08-18T14:55:51.000-0400","dest":"christena.sherill.ad.sherill.uk","dvc":"christena","dvc_nt_host":"christena","event_id":"211304","eventtype":"winapp wineventlog_application wineventlog_common wineventlog_windows","host":"christena","id":"211304","index":"alejandrina","linecount":"14","punct":"//_::_\\r=\\r=\\r=\\r=\\r=\\r=....\\r=\\r=\\r=\\r=\\r=_____.__:____.\\r\\r\\r\\r","severity":"Warning","severity_id":"3","signature_id":"0002","source":"AleJandrIna:Application","sourcetype":"WinEventLog:Application","splunk_server":"hyo-g000.ts.johnnie","tag":"os\nwindows\nwindows_management","tag::eventtype":"os\nwindows\nwindows_management"}}
{"preview":true,"result":{"ComputerName":"christena.sherill.ad.sherill.uk","EventCode":"0002","EventType":"3","Keywords":"Classic","LogName":"Application","Message":"Security policies were propagated with warning. 0mi : The data is invalid.\r\n\r\nAdvanced help for this problem is available on http://support.jaqueline.com. Query for \"troubleshooting 0002 events\".","OpCode":"None","RecordNumber":"253317","SourceName":"KhoCvl","TaskCategory":"None","Type":"Warning","_raw":"03/01/0010 02:50:43 PM\nLogName=Application\nBfghbvNcbu=KhoCvl\nTnqamFsxr=0002\nEventType=3\nType=Warning\nComputerName=christena.sherill.ad.sherill.uk\nMvydNcrnwgcw=None\nOpCode=None\nMrsoicTjmcnk=253317\nKeywords=Classic\nMessage=Security policies were propagated with warning. 0mi : The data is invalid.\r\n\r\nAdvanced help for this problem is available on http://support.jaqueline.com. Query for \"troubleshooting 0002 events\".","_time":"2020-08-18T14:50:43.000-0400","dest":"christena.sherill.ad.sherill.uk","dvc":"christena","dvc_nt_host":"christena","event_id":"253317","eventtype":"winapp wineventlog_application wineventlog_common wineventlog_windows","host":"christena","id":"253317","index":"alejandrina","linecount":"14","punct":"//_::_\\r=\\r=\\r=\\r=\\r=\\r=....\\r=\\r=\\r=\\r=\\r=_____.__:____.\\r\\r\\r\\r","severity":"Warning","severity_id":"3","signature_id":"0002","source":"AleJandrIna:Application","sourcetype":"WinEventLog:Application","splunk_server":"hyo-g000.ts.johnnie","tag":"os\nwindows\nwindows_management","tag::eventtype":"os\nwindows\nwindows_management"}}
{"preview":true,"result":{"ComputerName":"christena.sherill.ad.sherill.uk","EventCode":"0002","EventType":"3","Keywords":"Classic","LogName":"Application","Message":"Security policies were propagated with warning. 0mi : The data is invalid.\r\n\r\nAdvanced help for this problem is available on http://support.jaqueline.com. Query for \"troubleshooting 0002 events\".","OpCode":"None","RecordNumber":"235373","SourceName":"KhoCvl","TaskCategory":"None","Type":"Warning","_raw":"03/01/0010 02:45:35 PM\nLogName=Application\nBfghbvNcbu=KhoCvl\nTnqamFsxr=0002\nEventType=3\nType=Warning\nComputerName=christena.sherill.ad.sherill.uk\nMvydNcrnwgcw=None\nOpCode=None\nMrsoicTjmcnk=235373\nKeywords=Classic\nMessage=Security policies were propagated with warning. 0mi : The data is invalid.\r\n\r\nAdvanced help for this problem is available on http://support.jaqueline.com. Query for \"troubleshooting 0002 events\".","_time":"2020-08-18T14:45:35.000-0400","dest":"christena.sherill.ad.sherill.uk","dvc":"christena","dvc_nt_host":"christena","event_id":"235373","eventtype":"winapp wineventlog_application wineventlog_common wineventlog_windows","host":"christena","id":"235373","index":"alejandrina","linecount":"14","punct":"//_::_\\r=\\r=\\r=\\r=\\r=\\r=....\\r=\\r=\\r=\\r=\\r=_____.__:____.\\r\\r\\r\\r","severity":"Warning","severity_id":"3","signature_id":"0002","source":"AleJandrIna:Application","sourcetype":"WinEventLog:Application","splunk_server":"hyo-k102.ts.johnnie","tag":"os\nwindows\nwindows_management","tag::eventtype":"os\nwindows\nwindows_management"}}
{"preview":true,"result":{"ComputerName":"christena.sherill.ad.sherill.uk","EventCode":"0002","EventType":"3","Keywords":"Classic","LogName":"Application","Message":"Security policies were propagated with warning. 0mi : The data is invalid.\r\n\r\nAdvanced help for this problem is available on http://support.jaqueline.com. Query for \"troubleshooting 0002 events\".","OpCode":"None","RecordNumber":"121213","SourceName":"KhoCvl","TaskCategory":"None","Type":"Warning","_raw":"03/01/0010 02:40:27 PM\nLogName=Application\nBfghbvNcbu=KhoCvl\nTnqamFsxr=0002\nEventType=3\nType=Warning\nComputerName=christena.sherill.ad.sherill.uk\nMvydNcrnwgcw=None\nOpCode=None\nMrsoicTjmcnk=121213\nKeywords=Classic\nMessage=Security policies were propagated with warning. 0mi : The data is invalid.\r\n\r\nAdvanced help for this problem is available on http://support.jaqueline.com. Query for \"troubleshooting 0002 events\".","_time":"2020-08-18T14:40:27.000-0400","dest":"christena.sherill.ad.sherill.uk","dvc":"christena","dvc_nt_host":"christena","event_id":"121213","eventtype":"winapp wineventlog_application wineventlog_common wineventlog_windows","host":"christena","id":"121213","index":"alejandrina","linecount":"14","punct":"//_::_\\r=\\r=\\r=\\r=\\r=\\r=....\\r=\\r=\\r=\\r=\\r=_____.__:____.\\r\\r\\r\\r","severity":"Warning","severity_id":"3","signature_id":"0002","source":"AleJandrIna:Application","sourcetype":"WinEventLog:Application","splunk_server":"HYO-S125","tag":"os\nwindows\nwindows_management","tag::eventtype":"os\nwindows\nwindows_management"}}
{"preview":true,"result":{"ComputerName":"christena.sherill.ad.sherill.uk","EventCode":"0002","EventType":"3","Keywords":"Classic","LogName":"Application","Message":"Security policies were propagated with warning. 0mi : The data is invalid.\r\n\r\nAdvanced help for this problem is available on http://support.jaqueline.com. Query for \"troubleshooting 0002 events\".","OpCode":"None","RecordNumber":"001172","SourceName":"KhoCvl","TaskCategory":"None","Type":"Warning","_raw":"03/01/0010 02:35:18 PM\nLogName=Application\nBfghbvNcbu=KhoCvl\nTnqamFsxr=0002\nEventType=3\nType=Warning\nComputerName=christena.sherill.ad.sherill.uk\nMvydNcrnwgcw=None\nOpCode=None\nMrsoicTjmcnk=001172\nKeywords=Classic\nMessage=Security policies were propagated with warning. 0mi : The data is invalid.\r\n\r\nAdvanced help for this problem is available on http://support.jaqueline.com. Query for \"troubleshooting 0002 events\".","_time":"2020-08-18T14:35:18.000-0400","dest":"christena.sherill.ad.sherill.uk","dvc":"christena","dvc_nt_host":"christena","event_id":"001172","eventtype":"winapp wineventlog_application wineventlog_common wineventlog_windows","host":"christena","id":"001172","index":"alejandrina","linecount":"14","punct":"//_::_\\r=\\r=\\r=\\r=\\r=\\r=....\\r=\\r=\\r=\\r=\\r=_____.__:____.\\r\\r\\r\\r","severity":"Warning","severity_id":"3","signature_id":"0002","source":"AleJandrIna:Application","sourcetype":"WinEventLog:Application","splunk_server":"HYO-G006","tag":"os\nwindows\nwindows_management","tag::eventtype":"os\nwindows\nwindows_management"}}
{"preview":true,"result":{"ComputerName":"christena.sherill.ad.sherill.uk","EventCode":"0002","EventType":"3","Keywords":"Classic","LogName":"Application","Message":"Security policies were propagated with warning. 0mi : The data is invalid.\r\n\r\nAdvanced help for this problem is available on http://support.jaqueline.com. Query for \"troubleshooting 0002 events\".","OpCode":"None","RecordNumber":"045122","SourceName":"KhoCvl","TaskCategory":"None","Type":"Warning","_raw":"03/01/0010 02:30:10 PM\nLogName=Application\nBfghbvNcbu=KhoCvl\nTnqamFsxr=0002\nEventType=3\nType=Warning\nComputerName=christena.sherill.ad.sherill.uk\nMvydNcrnwgcw=None\nOpCode=None\nMrsoicTjmcnk=045122\nKeywords=Classic\nMessage=Security policies were propagated with warning. 0mi : The data is invalid.\r\n\r\nAdvanced help for this problem is available on http://support.jaqueline.com. Query for \"troubleshooting 0002 events\".","_time":"2020-08-18T14:30:10.000-0400","dest":"christena.sherill.ad.sherill.uk","dvc":"christena","dvc_nt_host":"christena","event_id":"045122","eventtype":"winapp wineventlog_application wineventlog_common wineventlog_windows","host":"christena","id":"045122","index":"alejandrina","linecount":"14","punct":"//_::_\\r=\\r=\\r=\\r=\\r=\\r=....\\r=\\r=\\r=\\r=\\r=_____.__:____.\\r\\r\\r\\r","severity":"Warning","severity_id":"3","signature_id":"0002","source":"AleJandrIna:Application","sourcetype":"WinEventLog:Application","splunk_server":"HYO-G006","tag":"os\nwindows\nwindows_management","tag::eventtype":"os\nwindows\nwindows_management"}}
{"preview":true,"result":{"ComputerName":"christena.sherill.ad.sherill.uk","EventCode":"0002","EventType":"3","Keywords":"Classic","LogName":"Application","Message":"Security policies were propagated with warning. 0mi : The data is invalid.\r\n\r\nAdvanced help for this problem is available on http://support.jaqueline.com. Query for \"troubleshooting 0002 events\".","OpCode":"None","RecordNumber":"040160","SourceName":"KhoCvl","TaskCategory":"None","Type":"Warning","_raw":"03/01/0010 02:25:02 PM\nLogName=Application\nBfghbvNcbu=KhoCvl\nTnqamFsxr=0002\nEventType=3\nType=Warning\nComputerName=christena.sherill.ad.sherill.uk\nMvydNcrnwgcw=None\nOpCode=None\nMrsoicTjmcnk=040160\nKeywords=Classic\nMessage=Security policies were propagated with warning. 0mi : The data is invalid.\r\n\r\nAdvanced help for this problem is available on http://support.jaqueline.com. Query for \"troubleshooting 0002 events\".","_time":"2020-08-18T14:25:02.000-0400","dest":"christena.sherill.ad.sherill.uk","dvc":"christena","dvc_nt_host":"christena","event_id":"040160","eventtype":"winapp wineventlog_application wineventlog_common wineventlog_windows","host":"christena","id":"040160","index":"alejandrina","linecount":"14","punct":"//_::_\\r=\\r=\\r=\\r=\\r=\\r=....\\r=\\r=\\r=\\r=\\r=_____.__:____.\\r\\r\\r\\r","severity":"Warning","severity_id":"3","signature_id":"0002","source":"AleJandrIna:Application","sourcetype":"WinEventLog:Application","splunk_server":"hyo-k102.ts.johnnie","tag":"os\nwindows\nwindows_management","tag::eventtype":"os\nwindows\nwindows_management"}}
{"preview":true,"result":{"ComputerName":"christena.sherill.ad.sherill.uk","EventCode":"0002","EventType":"3","Keywords":"Classic","LogName":"Application","Message":"Security policies were propagated with warning. 0mi : The data is invalid.\r\n\r\nAdvanced help for this problem is available on http://support.jaqueline.com. Query for \"troubleshooting 0002 events\".","OpCode":"None","RecordNumber":"203342","SourceName":"KhoCvl","TaskCategory":"None","Type":"Warning","_raw":"03/01/0010 02:19:54 PM\nLogName=Application\nBfghbvNcbu=KhoCvl\nTnqamFsxr=0002\nEventType=3\nType=Warning\nComputerName=christena.sherill.ad.sherill.uk\nMvydNcrnwgcw=None\nOpCode=None\nMrsoicTjmcnk=203342\nKeywords=Classic\nMessage=Security policies were propagated with warning. 0mi : The data is invalid.\r\n\r\nAdvanced help for this problem is available on http://support.jaqueline.com. Query for \"troubleshooting 0002 events\".","_time":"2020-08-18T14:19:54.000-0400","dest":"christena.sherill.ad.sherill.uk","dvc":"christena","dvc_nt_host":"christena","event_id":"203342","eventtype":"winapp wineventlog_application wineventlog_common wineventlog_windows","host":"christena","id":"203342","index":"alejandrina","linecount":"14","punct":"//_::_\\r=\\r=\\r=\\r=\\r=\\r=....\\r=\\r=\\r=\\r=\\r=_____.__:____.\\r\\r\\r\\r","severity":"Warning","severity_id":"3","signature_id":"0002","source":"AleJandrIna:Application","sourcetype":"WinEventLog:Application","splunk_server":"HYO-S125","tag":"os\nwindows\nwindows_management","tag::eventtype":"os\nwindows\nwindows_management"}}
{"preview":true,"result":{"ComputerName":"christena.sherill.ad.sherill.uk","EventCode":"0002","EventType":"3","Keywords":"Classic","LogName":"Application","Message":"Security policies were propagated with warning. 0mi : The data is invalid.\r\n\r\nAdvanced help for this problem is available on http://support.jaqueline.com. Query for \"troubleshooting 0002 events\".","OpCode":"None","RecordNumber":"205010","SourceName":"KhoCvl","TaskCategory":"None","Type":"Warning","_raw":"03/01/0010 02:14:46 PM\nLogName=Application\nBfghbvNcbu=KhoCvl\nTnqamFsxr=0002\nEventType=3\nType=Warning\nComputerName=christena.sherill.ad.sherill.uk\nMvydNcrnwgcw=None\nOpCode=None\nMrsoicTjmcnk=205010\nKeywords=Classic\nMessage=Security policies were propagated with warning. 0mi : The data is invalid.\r\n\r\nAdvanced help for this problem is available on http://support.jaqueline.com. Query for \"troubleshooting 0002 events\".","_time":"2020-08-18T14:14:46.000-0400","dest":"christena.sherill.ad.sherill.uk","dvc":"christena","dvc_nt_host":"christena","event_id":"205010","eventtype":"winapp wineventlog_application wineventlog_common wineventlog_windows","host":"christena","id":"205010","index":"alejandrina","linecount":"14","punct":"//_::_\\r=\\r=\\r=\\r=\\r=\\r=....\\r=\\r=\\r=\\r=\\r=_____.__:____.\\r\\r\\r\\r","severity":"Warning","severity_id":"3","signature_id":"0002","source":"AleJandrIna:Application","sourcetype":"WinEventLog:Application","splunk_server":"HYO-S125","tag":"os\nwindows\nwindows_management","tag::eventtype":"os\nwindows\nwindows_management"}}
{"preview":true,"result":{"ComputerName":"christena.sherill.ad.sherill.uk","EventCode":"0002","EventType":"3","Keywords":"Classic","LogName":"Application","Message":"Security policies were propagated with warning. 0mi : The data is invalid.\r\n\r\nAdvanced help for this problem is available on http://support.jaqueline.com. Query for \"troubleshooting 0002 events\".","OpCode":"None","RecordNumber":"244400","SourceName":"KhoCvl","TaskCategory":"None","Type":"Warning","_raw":"03/01/0010 02:09:38 PM\nLogName=Application\nBfghbvNcbu=KhoCvl\nTnqamFsxr=0002\nEventType=3\nType=Warning\nComputerName=christena.sherill.ad.sherill.uk\nMvydNcrnwgcw=None\nOpCode=None\nMrsoicTjmcnk=244400\nKeywords=Classic\nMessage=Security policies were propagated with warning. 0mi : The data is invalid.\r\n\r\nAdvanced help for this problem is available on http://support.jaqueline.com. Query for \"troubleshooting 0002 events\".","_time":"2020-08-18T14:09:38.000-0400","dest":"christena.sherill.ad.sherill.uk","dvc":"christena","dvc_nt_host":"christena","event_id":"244400","eventtype":"winapp wineventlog_application wineventlog_common wineventlog_windows","host":"christena","id":"244400","index":"alejandrina","linecount":"14","punct":"//_::_\\r=\\r=\\r=\\r=\\r=\\r=....\\r=\\r=\\r=\\r=\\r=_____.__:____.\\r\\r\\r\\r","severity":"Warning","severity_id":"3","signature_id":"0002","source":"AleJandrIna:Application","sourcetype":"WinEventLog:Application","splunk_server":"HYO-S125","tag":"os\nwindows\nwindows_management","tag::eventtype":"os\nwindows\nwindows_management"}}
{"preview":true,"result":{"ComputerName":"christena.sherill.ad.sherill.uk","EventCode":"0002","EventType":"3","Keywords":"Classic","LogName":"Application","Message":"Security policies were propagated with warning. 0mi : The data is invalid.\r\n\r\nAdvanced help for this problem is available on http://support.jaqueline.com. Query for \"troubleshooting 0002 events\".","OpCode":"None","RecordNumber":"213074","SourceName":"KhoCvl","TaskCategory":"None","Type":"Warning","_raw":"03/01/0010 02:04:30 PM\nLogName=Application\nBfghbvNcbu=KhoCvl\nTnqamFsxr=0002\nEventType=3\nType=Warning\nComputerName=christena.sherill.ad.sherill.uk\nMvydNcrnwgcw=None\nOpCode=None\nMrsoicTjmcnk=213074\nKeywords=Classic\nMessage=Security policies were propagated with warning. 0mi : The data is invalid.\r\n\r\nAdvanced help for this problem is available on http://support.jaqueline.com. Query for \"troubleshooting 0002 events\".","_time":"2020-08-18T14:04:30.000-0400","dest":"christena.sherill.ad.sherill.uk","dvc":"christena","dvc_nt_host":"christena","event_id":"213074","eventtype":"winapp wineventlog_application wineventlog_common wineventlog_windows","host":"christena","id":"213074","index":"alejandrina","linecount":"14","punct":"//_::_\\r=\\r=\\r=\\r=\\r=\\r=....\\r=\\r=\\r=\\r=\\r=_____.__:____.\\r\\r\\r\\r","severity":"Warning","severity_id":"3","signature_id":"0002","source":"AleJandrIna:Application","sourcetype":"WinEventLog:Application","splunk_server":"hyo-k102.ts.johnnie","tag":"os\nwindows\nwindows_management","tag::eventtype":"os\nwindows\nwindows_management"}}
{"preview":true,"result":{"ComputerName":"CAP-Q032.sherill.o.arie","EventCode":"13104","EventType":"4","Keywords":"Classic","LogName":"Application","Message":"Successfully scheduled Software Protection service for re-start at 0010-08-11O11:00:15S. Reason: XsgjuCrsdoz.","OpCode":"The operation completed successfully.","RecordNumber":"11102","SourceName":"Jaqueline-Windows-Security-JIM","TaskCategory":"None","Type":"Information","_raw":"03/01/0010 02:04:28 PM\nLogName=Application\nBfghbvNcbu=Jaqueline-Windows-Security-JIM\nTnqamFsxr=13104\nEventType=4\nType=Information\nComputerName=CAP-Q032.sherill.o.arie\nMvydNcrnwgcw=None\nOpCode=The operation completed successfully.\nMrsoicTjmcnk=11102\nKeywords=Classic\nMessage=Successfully scheduled Software Protection service for re-start at 0010-08-11O11:45:15S. Reason: XsgjuCrsdoz.","_time":"2020-08-18T14:04:28.000-0400","dest":"CAP-Q032.sherill.o.arie","dvc":"CAP-Q032","dvc_nt_host":"CAP-Q032","event_id":"11102","eventtype":"winapp wineventlog_application wineventlog_common wineventlog_windows","host":"CAP-Q032","id":"11102","index":"alejandrina","linecount":"12","punct":"//_::_==---====-...==___.===______-__--::._:_.","severity":"Information","severity_id":"4","signature_id":"13104","source":"AleJandrIna:Application","sourcetype":"WinEventLog:Application","splunk_server":"hyo-g000.ts.johnnie","tag":"os\nwindows\nwindows_management","tag::eventtype":"os\nwindows\nwindows_management"}}
{"preview":true,"result":{"ComputerName":"CAP-Q032.sherill.o.arie","EventCode":"16383","EventType":"4","Keywords":"Classic","LogName":"Application","Message":"Corliss nathanael migration succeeded.","OpCode":"The operation completed successfully.","RecordNumber":"00103","SourceName":"Jaqueline-Windows-Security-JIM","TaskCategory":"None","Type":"Information","_raw":"03/01/0010 02:03:57 PM\nLogName=Application\nBfghbvNcbu=Jaqueline-Windows-Security-JIM\nTnqamFsxr=16383\nEventType=4\nType=Information\nComputerName=CAP-Q032.sherill.o.arie\nMvydNcrnwgcw=None\nOpCode=The operation completed successfully.\nMrsoicTjmcnk=00103\nKeywords=Classic\nMessage=Corliss nathanael migration succeeded.","_time":"2020-08-18T14:03:57.000-0400","dest":"CAP-Q032.sherill.o.arie","dvc":"CAP-Q032","dvc_nt_host":"CAP-Q032","event_id":"00103","eventtype":"winapp wineventlog_application wineventlog_common wineventlog_windows","host":"CAP-Q032","id":"00103","index":"alejandrina","linecount":"12","punct":"//_::_==---====-...==___.===___.","severity":"Information","severity_id":"4","signature_id":"16383","source":"AleJandrIna:Application","sourcetype":"WinEventLog:Application","splunk_server":"HYO-G006","tag":"os\nwindows\nwindows_management","tag::eventtype":"os\nwindows\nwindows_management"}}
{"preview":true,"result":{"ComputerName":"christena.sherill.ad.sherill.uk","EventCode":"0002","EventType":"3","Keywords":"Classic","LogName":"Application","Message":"Security policies were propagated with warning. 0mi : The data is invalid.\r\n\r\nAdvanced help for this problem is available on http://support.jaqueline.com. Query for \"troubleshooting 0002 events\".","OpCode":"None","RecordNumber":"055281","SourceName":"KhoCvl","TaskCategory":"None","Type":"Warning","_raw":"03/01/0010 01:59:21 PM\nLogName=Application\nBfghbvNcbu=KhoCvl\nTnqamFsxr=0002\nEventType=3\nType=Warning\nComputerName=christena.sherill.ad.sherill.uk\nMvydNcrnwgcw=None\nOpCode=None\nMrsoicTjmcnk=055281\nKeywords=Classic\nMessage=Security policies were propagated with warning. 0mi : The data is invalid.\r\n\r\nAdvanced help for this problem is available on http://support.jaqueline.com. Query for \"troubleshooting 0002 events\".","_time":"2020-08-18T13:59:21.000-0400","dest":"christena.sherill.ad.sherill.uk","dvc":"christena","dvc_nt_host":"christena","event_id":"055281","eventtype":"winapp wineventlog_application wineventlog_common wineventlog_windows","host":"christena","id":"055281","index":"alejandrina","linecount":"14","punct":"//_::_\\r=\\r=\\r=\\r=\\r=\\r=....\\r=\\r=\\r=\\r=\\r=_____.__:____.\\r\\r\\r\\r","severity":"Warning","severity_id":"3","signature_id":"0002","source":"AleJandrIna:Application","sourcetype":"WinEventLog:Application","splunk_server":"HYO-S125","tag":"os\nwindows\nwindows_management","tag::eventtype":"os\nwindows\nwindows_management"}}
{"preview":true,"result":{"ComputerName":"christena.sherill.ad.sherill.uk","EventCode":"0002","EventType":"3","Keywords":"Classic","LogName":"Application","Message":"Security policies were propagated with warning. 0mi : The data is invalid.\r\n\r\nAdvanced help for this problem is available on http://support.jaqueline.com. Query for \"troubleshooting 0002 events\".","OpCode":"None","RecordNumber":"045466","SourceName":"KhoCvl","TaskCategory":"None","Type":"Warning","_raw":"03/01/0010 01:54:13 PM\nLogName=Application\nBfghbvNcbu=KhoCvl\nTnqamFsxr=0002\nEventType=3\nType=Warning\nComputerName=christena.sherill.ad.sherill.uk\nMvydNcrnwgcw=None\nOpCode=None\nMrsoicTjmcnk=045466\nKeywords=Classic\nMessage=Security policies were propagated with warning. 0mi : The data is invalid.\r\n\r\nAdvanced help for this problem is available on http://support.jaqueline.com. Query for \"troubleshooting 0002 events\".","_time":"2020-08-18T13:54:13.000-0400","dest":"christena.sherill.ad.sherill.uk","dvc":"christena","dvc_nt_host":"christena","event_id":"045466","eventtype":"winapp wineventlog_application wineventlog_common wineventlog_windows","host":"christena","id":"045466","index":"alejandrina","linecount":"14","punct":"//_::_\\r=\\r=\\r=\\r=\\r=\\r=....\\r=\\r=\\r=\\r=\\r=_____.__:____.\\r\\r\\r\\r","severity":"Warning","severity_id":"3","signature_id":"0002","source":"AleJandrIna:Application","sourcetype":"WinEventLog:Application","splunk_server":"HYO-G006","tag":"os\nwindows\nwindows_management","tag::eventtype":"os\nwindows\nwindows_management"}}
