{"preview":true,"result":{"ComputerName":"catherine.rebekah.ad.rebekah.fi","EventCode":"1000","EventType":"3","Keywords":"Classic","LogName":"Application","Message":"Security policies were propagated with warning. 0nf : The data is invalid.\r\n\r\nAdvanced help for this problem is available on http://support.hannelore.com. Query for \"troubleshooting 1000 events\".","OpCode":"None","RecordNumber":"261110","SourceName":"HssJbm","TaskCategory":"None","Type":"Warning","_raw":"00/00/0010 05:57:49 PM\nLogName=Application\nNbcjldEuuh=HssJbm\nZxjruJwks=1000\nEventType=3\nType=Warning\nComputerName=catherine.rebekah.ad.rebekah.fi\nWmvzDqlubluk=None\nOpCode=None\nEipevqKbqtoi=261110\nKeywords=Classic\nMessage=Security policies were propagated with warning. 0nf : The data is invalid.\r\n\r\nAdvanced help for this problem is available on http://support.hannelore.com. Query for \"troubleshooting 1000 events\".","_time":"2020-10-16T17:57:49.000-0400","dest":"catherine.rebekah.ad.rebekah.fi","dvc":"catherine","dvc_nt_host":"catherine","event_id":"261110","eventtype":"winapp wineventlog_application wineventlog_common wineventlog_windows","host":"catherine","id":"261110","index":"providencia","linecount":"14","punct":"//_::_\\r=\\r=\\r=\\r=\\r=\\r=....\\r=\\r=\\r=\\r=\\r=_____.__:____.\\r\\r\\r\\r","severity":"Warning","severity_id":"3","signature_id":"1000","source":"ProVidenCia:Application","sourcetype":"WinEventLog:Application","splunk_server":"isa-l004.bm.kamilah","tag":"os\nwindows\nwindows_management","tag::eventtype":"os\nwindows\nwindows_management"}}
{"preview":true,"result":{"ComputerName":"catherine.rebekah.ad.rebekah.fi","EventCode":"1000","EventType":"3","Keywords":"Classic","LogName":"Application","Message":"Security policies were propagated with warning. 0nf : The data is invalid.\r\n\r\nAdvanced help for this problem is available on http://support.hannelore.com. Query for \"troubleshooting 1000 events\".","OpCode":"None","RecordNumber":"260145","SourceName":"HssJbm","TaskCategory":"None","Type":"Warning","_raw":"00/00/0010 05:52:41 PM\nLogName=Application\nNbcjldEuuh=HssJbm\nZxjruJwks=1000\nEventType=3\nType=Warning\nComputerName=catherine.rebekah.ad.rebekah.fi\nWmvzDqlubluk=None\nOpCode=None\nEipevqKbqtoi=260145\nKeywords=Classic\nMessage=Security policies were propagated with warning. 0nf : The data is invalid.\r\n\r\nAdvanced help for this problem is available on http://support.hannelore.com. Query for \"troubleshooting 1000 events\".","_time":"2020-10-16T17:52:41.000-0400","dest":"catherine.rebekah.ad.rebekah.fi","dvc":"catherine","dvc_nt_host":"catherine","event_id":"260145","eventtype":"winapp wineventlog_application wineventlog_common wineventlog_windows","host":"catherine","id":"260145","index":"providencia","linecount":"14","punct":"//_::_\\r=\\r=\\r=\\r=\\r=\\r=....\\r=\\r=\\r=\\r=\\r=_____.__:____.\\r\\r\\r\\r","severity":"Warning","severity_id":"3","signature_id":"1000","source":"ProVidenCia:Application","sourcetype":"WinEventLog:Application","splunk_server":"isa-l004.bm.kamilah","tag":"os\nwindows\nwindows_management","tag::eventtype":"os\nwindows\nwindows_management"}}
{"preview":true,"result":{"ComputerName":"catherine.rebekah.ad.rebekah.fi","EventCode":"1000","EventType":"3","Keywords":"Classic","LogName":"Application","Message":"Security policies were propagated with warning. 0nf : The data is invalid.\r\n\r\nAdvanced help for this problem is available on http://support.hannelore.com. Query for \"troubleshooting 1000 events\".","OpCode":"None","RecordNumber":"010190","SourceName":"HssJbm","TaskCategory":"None","Type":"Warning","_raw":"00/00/0010 05:27:03 PM\nLogName=Application\nNbcjldEuuh=HssJbm\nZxjruJwks=1000\nEventType=3\nType=Warning\nComputerName=catherine.rebekah.ad.rebekah.fi\nWmvzDqlubluk=None\nOpCode=None\nEipevqKbqtoi=010190\nKeywords=Classic\nMessage=Security policies were propagated with warning. 0nf : The data is invalid.\r\n\r\nAdvanced help for this problem is available on http://support.hannelore.com. Query for \"troubleshooting 1000 events\".","_time":"2020-10-16T17:27:03.000-0400","dest":"catherine.rebekah.ad.rebekah.fi","dvc":"catherine","dvc_nt_host":"catherine","event_id":"010190","eventtype":"winapp wineventlog_application wineventlog_common wineventlog_windows","host":"catherine","id":"010190","index":"providencia","linecount":"14","punct":"//_::_\\r=\\r=\\r=\\r=\\r=\\r=....\\r=\\r=\\r=\\r=\\r=_____.__:____.\\r\\r\\r\\r","severity":"Warning","severity_id":"3","signature_id":"1000","source":"ProVidenCia:Application","sourcetype":"WinEventLog:Application","splunk_server":"isa-l004.bm.kamilah","tag":"os\nwindows\nwindows_management","tag::eventtype":"os\nwindows\nwindows_management"}}
{"preview":true,"result":{"ComputerName":"catherine.rebekah.ad.rebekah.fi","EventCode":"1000","EventType":"3","Keywords":"Classic","LogName":"Application","Message":"Security policies were propagated with warning. 0nf : The data is invalid.\r\n\r\nAdvanced help for this problem is available on http://support.hannelore.com. Query for \"troubleshooting 1000 events\".","OpCode":"None","RecordNumber":"210172","SourceName":"HssJbm","TaskCategory":"None","Type":"Warning","_raw":"00/00/0010 05:21:54 PM\nLogName=Application\nNbcjldEuuh=HssJbm\nZxjruJwks=1000\nEventType=3\nType=Warning\nComputerName=catherine.rebekah.ad.rebekah.fi\nWmvzDqlubluk=None\nOpCode=None\nEipevqKbqtoi=210172\nKeywords=Classic\nMessage=Security policies were propagated with warning. 0nf : The data is invalid.\r\n\r\nAdvanced help for this problem is available on http://support.hannelore.com. Query for \"troubleshooting 1000 events\".","_time":"2020-10-16T17:21:54.000-0400","dest":"catherine.rebekah.ad.rebekah.fi","dvc":"catherine","dvc_nt_host":"catherine","event_id":"210172","eventtype":"winapp wineventlog_application wineventlog_common wineventlog_windows","host":"catherine","id":"210172","index":"providencia","linecount":"14","punct":"//_::_\\r=\\r=\\r=\\r=\\r=\\r=....\\r=\\r=\\r=\\r=\\r=_____.__:____.\\r\\r\\r\\r","severity":"Warning","severity_id":"3","signature_id":"1000","source":"ProVidenCia:Application","sourcetype":"WinEventLog:Application","splunk_server":"isa-l004.bm.kamilah","tag":"os\nwindows\nwindows_management","tag::eventtype":"os\nwindows\nwindows_management"}}
{"preview":true,"result":{"ComputerName":"catherine.rebekah.ad.rebekah.fi","EventCode":"1000","EventType":"3","Keywords":"Classic","LogName":"Application","Message":"Security policies were propagated with warning. 0nf : The data is invalid.\r\n\r\nAdvanced help for this problem is available on http://support.hannelore.com. Query for \"troubleshooting 1000 events\".","OpCode":"None","RecordNumber":"011021","SourceName":"HssJbm","TaskCategory":"None","Type":"Warning","_raw":"00/00/0010 05:01:29 PM\nLogName=Application\nNbcjldEuuh=HssJbm\nZxjruJwks=1000\nEventType=3\nType=Warning\nComputerName=catherine.rebekah.ad.rebekah.fi\nWmvzDqlubluk=None\nOpCode=None\nEipevqKbqtoi=011021\nKeywords=Classic\nMessage=Security policies were propagated with warning. 0nf : The data is invalid.\r\n\r\nAdvanced help for this problem is available on http://support.hannelore.com. Query for \"troubleshooting 1000 events\".","_time":"2020-10-16T17:01:29.000-0400","dest":"catherine.rebekah.ad.rebekah.fi","dvc":"catherine","dvc_nt_host":"catherine","event_id":"011021","eventtype":"winapp wineventlog_application wineventlog_common wineventlog_windows","host":"catherine","id":"011021","index":"providencia","linecount":"14","punct":"//_::_\\r=\\r=\\r=\\r=\\r=\\r=....\\r=\\r=\\r=\\r=\\r=_____.__:____.\\r\\r\\r\\r","severity":"Warning","severity_id":"3","signature_id":"1000","source":"ProVidenCia:Application","sourcetype":"WinEventLog:Application","splunk_server":"isa-l004.bm.kamilah","tag":"os\nwindows\nwindows_management","tag::eventtype":"os\nwindows\nwindows_management"}}
{"preview":true,"lastrow":true,"result":{"ComputerName":"catherine.rebekah.ad.rebekah.fi","EventCode":"1000","EventType":"3","Keywords":"Classic","LogName":"Application","Message":"Security policies were propagated with warning. 0nf : The data is invalid.\r\n\r\nAdvanced help for this problem is available on http://support.hannelore.com. Query for \"troubleshooting 1000 events\".","OpCode":"None","RecordNumber":"201170","SourceName":"HssJbm","TaskCategory":"None","Type":"Warning","_raw":"00/00/0010 04:56:21 PM\nLogName=Application\nNbcjldEuuh=HssJbm\nZxjruJwks=1000\nEventType=3\nType=Warning\nComputerName=catherine.rebekah.ad.rebekah.fi\nWmvzDqlubluk=None\nOpCode=None\nEipevqKbqtoi=201170\nKeywords=Classic\nMessage=Security policies were propagated with warning. 0nf : The data is invalid.\r\n\r\nAdvanced help for this problem is available on http://support.hannelore.com. Query for \"troubleshooting 1000 events\".","_time":"2020-10-16T16:56:21.000-0400","dest":"catherine.rebekah.ad.rebekah.fi","dvc":"catherine","dvc_nt_host":"catherine","event_id":"201170","eventtype":"winapp wineventlog_application wineventlog_common wineventlog_windows","host":"catherine","id":"201170","index":"providencia","linecount":"14","punct":"//_::_\\r=\\r=\\r=\\r=\\r=\\r=....\\r=\\r=\\r=\\r=\\r=_____.__:____.\\r\\r\\r\\r","severity":"Warning","severity_id":"3","signature_id":"1000","source":"ProVidenCia:Application","sourcetype":"WinEventLog:Application","splunk_server":"isa-l004.bm.kamilah","tag":"os\nwindows\nwindows_management","tag::eventtype":"os\nwindows\nwindows_management"}}
