{"preview":true,"result":{"ComputerName":"catherine.rebekah.ad.rebekah.fi","EventCode":"1000","EventType":"3","Keywords":"Classic","LogName":"Application","Message":"Security policies were propagated with warning. 0nf : The data is invalid.\r\n\r\nAdvanced help for this problem is available on http://support.hannelore.com. Query for \"troubleshooting 1000 events\".","OpCode":"None","RecordNumber":"162413","SourceName":"HssJbm","TaskCategory":"None","Type":"Warning","_raw":"00/00/0010 09:01:49 PM\nLogName=Application\nNbcjldEuuh=HssJbm\nZxjruJwks=1000\nEventType=3\nType=Warning\nComputerName=catherine.rebekah.ad.rebekah.fi\nWmvzDqlubluk=None\nOpCode=None\nEipevqKbqtoi=162413\nKeywords=Classic\nMessage=Security policies were propagated with warning. 0nf : The data is invalid.\r\n\r\nAdvanced help for this problem is available on http://support.hannelore.com. Query for \"troubleshooting 1000 events\".","_time":"2020-10-17T21:01:49.000-0400","dest":"catherine.rebekah.ad.rebekah.fi","dvc":"catherine","dvc_nt_host":"catherine","event_id":"162413","eventtype":"winapp wineventlog_application wineventlog_common wineventlog_windows","host":"catherine","id":"162413","index":"providencia","linecount":"14","punct":"//_::_\\r=\\r=\\r=\\r=\\r=\\r=....\\r=\\r=\\r=\\r=\\r=_____.__:____.\\r\\r\\r\\r","severity":"Warning","severity_id":"3","signature_id":"1000","source":"ProVidenCia:Application","sourcetype":"WinEventLog:Application","splunk_server":"isa-l004.bm.kamilah","tag":"os\nwindows\nwindows_management","tag::eventtype":"os\nwindows\nwindows_management"}}
{"preview":true,"result":{"ComputerName":"catherine.rebekah.ad.rebekah.fi","EventCode":"1000","EventType":"3","Keywords":"Classic","LogName":"Application","Message":"Security policies were propagated with warning. 0nf : The data is invalid.\r\n\r\nAdvanced help for this problem is available on http://support.hannelore.com. Query for \"troubleshooting 1000 events\".","OpCode":"None","RecordNumber":"102200","SourceName":"HssJbm","TaskCategory":"None","Type":"Warning","_raw":"00/00/0010 08:56:41 PM\nLogName=Application\nNbcjldEuuh=HssJbm\nZxjruJwks=1000\nEventType=3\nType=Warning\nComputerName=catherine.rebekah.ad.rebekah.fi\nWmvzDqlubluk=None\nOpCode=None\nEipevqKbqtoi=102200\nKeywords=Classic\nMessage=Security policies were propagated with warning. 0nf : The data is invalid.\r\n\r\nAdvanced help for this problem is available on http://support.hannelore.com. Query for \"troubleshooting 1000 events\".","_time":"2020-10-17T20:56:41.000-0400","dest":"catherine.rebekah.ad.rebekah.fi","dvc":"catherine","dvc_nt_host":"catherine","event_id":"102200","eventtype":"winapp wineventlog_application wineventlog_common wineventlog_windows","host":"catherine","id":"102200","index":"providencia","linecount":"14","punct":"//_::_\\r=\\r=\\r=\\r=\\r=\\r=....\\r=\\r=\\r=\\r=\\r=_____.__:____.\\r\\r\\r\\r","severity":"Warning","severity_id":"3","signature_id":"1000","source":"ProVidenCia:Application","sourcetype":"WinEventLog:Application","splunk_server":"isa-l004.bm.kamilah","tag":"os\nwindows\nwindows_management","tag::eventtype":"os\nwindows\nwindows_management"}}
{"preview":true,"result":{"ComputerName":"catherine.rebekah.ad.rebekah.fi","EventCode":"1000","EventType":"3","Keywords":"Classic","LogName":"Application","Message":"Security policies were propagated with warning. 0nf : The data is invalid.\r\n\r\nAdvanced help for this problem is available on http://support.hannelore.com. Query for \"troubleshooting 1000 events\".","OpCode":"None","RecordNumber":"240211","SourceName":"HssJbm","TaskCategory":"None","Type":"Warning","_raw":"00/00/0010 08:51:33 PM\nLogName=Application\nNbcjldEuuh=HssJbm\nZxjruJwks=1000\nEventType=3\nType=Warning\nComputerName=catherine.rebekah.ad.rebekah.fi\nWmvzDqlubluk=None\nOpCode=None\nEipevqKbqtoi=240211\nKeywords=Classic\nMessage=Security policies were propagated with warning. 0nf : The data is invalid.\r\n\r\nAdvanced help for this problem is available on http://support.hannelore.com. Query for \"troubleshooting 1000 events\".","_time":"2020-10-17T20:51:33.000-0400","dest":"catherine.rebekah.ad.rebekah.fi","dvc":"catherine","dvc_nt_host":"catherine","event_id":"240211","eventtype":"winapp wineventlog_application wineventlog_common wineventlog_windows","host":"catherine","id":"240211","index":"providencia","linecount":"14","punct":"//_::_\\r=\\r=\\r=\\r=\\r=\\r=....\\r=\\r=\\r=\\r=\\r=_____.__:____.\\r\\r\\r\\r","severity":"Warning","severity_id":"3","signature_id":"1000","source":"ProVidenCia:Application","sourcetype":"WinEventLog:Application","splunk_server":"isa-l004.bm.kamilah","tag":"os\nwindows\nwindows_management","tag::eventtype":"os\nwindows\nwindows_management"}}
{"preview":true,"result":{"ComputerName":"catherine.rebekah.ad.rebekah.fi","EventCode":"1000","EventType":"3","Keywords":"Classic","LogName":"Application","Message":"Security policies were propagated with warning. 0nf : The data is invalid.\r\n\r\nAdvanced help for this problem is available on http://support.hannelore.com. Query for \"troubleshooting 1000 events\".","OpCode":"None","RecordNumber":"201500","SourceName":"HssJbm","TaskCategory":"None","Type":"Warning","_raw":"00/00/0010 08:36:09 PM\nLogName=Application\nNbcjldEuuh=HssJbm\nZxjruJwks=1000\nEventType=3\nType=Warning\nComputerName=catherine.rebekah.ad.rebekah.fi\nWmvzDqlubluk=None\nOpCode=None\nEipevqKbqtoi=201500\nKeywords=Classic\nMessage=Security policies were propagated with warning. 0nf : The data is invalid.\r\n\r\nAdvanced help for this problem is available on http://support.hannelore.com. Query for \"troubleshooting 1000 events\".","_time":"2020-10-17T20:36:09.000-0400","dest":"catherine.rebekah.ad.rebekah.fi","dvc":"catherine","dvc_nt_host":"catherine","event_id":"201500","eventtype":"winapp wineventlog_application wineventlog_common wineventlog_windows","host":"catherine","id":"201500","index":"providencia","linecount":"14","punct":"//_::_\\r=\\r=\\r=\\r=\\r=\\r=....\\r=\\r=\\r=\\r=\\r=_____.__:____.\\r\\r\\r\\r","severity":"Warning","severity_id":"3","signature_id":"1000","source":"ProVidenCia:Application","sourcetype":"WinEventLog:Application","splunk_server":"isa-l004.bm.kamilah","tag":"os\nwindows\nwindows_management","tag::eventtype":"os\nwindows\nwindows_management"}}
{"preview":true,"result":{"ComputerName":"catherine.rebekah.ad.rebekah.fi","EventCode":"1000","EventType":"3","Keywords":"Classic","LogName":"Application","Message":"Security policies were propagated with warning. 0nf : The data is invalid.\r\n\r\nAdvanced help for this problem is available on http://support.hannelore.com. Query for \"troubleshooting 1000 events\".","OpCode":"None","RecordNumber":"202202","SourceName":"HssJbm","TaskCategory":"None","Type":"Warning","_raw":"00/00/0010 08:25:57 PM\nLogName=Application\nNbcjldEuuh=HssJbm\nZxjruJwks=1000\nEventType=3\nType=Warning\nComputerName=catherine.rebekah.ad.rebekah.fi\nWmvzDqlubluk=None\nOpCode=None\nEipevqKbqtoi=202202\nKeywords=Classic\nMessage=Security policies were propagated with warning. 0nf : The data is invalid.\r\n\r\nAdvanced help for this problem is available on http://support.hannelore.com. Query for \"troubleshooting 1000 events\".","_time":"2020-10-17T20:25:57.000-0400","dest":"catherine.rebekah.ad.rebekah.fi","dvc":"catherine","dvc_nt_host":"catherine","event_id":"202202","eventtype":"winapp wineventlog_application wineventlog_common wineventlog_windows","host":"catherine","id":"202202","index":"providencia","linecount":"14","punct":"//_::_\\r=\\r=\\r=\\r=\\r=\\r=....\\r=\\r=\\r=\\r=\\r=_____.__:____.\\r\\r\\r\\r","severity":"Warning","severity_id":"3","signature_id":"1000","source":"ProVidenCia:Application","sourcetype":"WinEventLog:Application","splunk_server":"isa-l004.bm.kamilah","tag":"os\nwindows\nwindows_management","tag::eventtype":"os\nwindows\nwindows_management"}}
{"preview":true,"result":{"ComputerName":"catherine.rebekah.ad.rebekah.fi","EventCode":"1000","EventType":"3","Keywords":"Classic","LogName":"Application","Message":"Security policies were propagated with warning. 0nf : The data is invalid.\r\n\r\nAdvanced help for this problem is available on http://support.hannelore.com. Query for \"troubleshooting 1000 events\".","OpCode":"None","RecordNumber":"110100","SourceName":"HssJbm","TaskCategory":"None","Type":"Warning","_raw":"00/00/0010 08:15:45 PM\nLogName=Application\nNbcjldEuuh=HssJbm\nZxjruJwks=1000\nEventType=3\nType=Warning\nComputerName=catherine.rebekah.ad.rebekah.fi\nWmvzDqlubluk=None\nOpCode=None\nEipevqKbqtoi=110100\nKeywords=Classic\nMessage=Security policies were propagated with warning. 0nf : The data is invalid.\r\n\r\nAdvanced help for this problem is available on http://support.hannelore.com. Query for \"troubleshooting 1000 events\".","_time":"2020-10-17T20:15:45.000-0400","dest":"catherine.rebekah.ad.rebekah.fi","dvc":"catherine","dvc_nt_host":"catherine","event_id":"110100","eventtype":"winapp wineventlog_application wineventlog_common wineventlog_windows","host":"catherine","id":"110100","index":"providencia","linecount":"14","punct":"//_::_\\r=\\r=\\r=\\r=\\r=\\r=....\\r=\\r=\\r=\\r=\\r=_____.__:____.\\r\\r\\r\\r","severity":"Warning","severity_id":"3","signature_id":"1000","source":"ProVidenCia:Application","sourcetype":"WinEventLog:Application","splunk_server":"isa-l004.bm.kamilah","tag":"os\nwindows\nwindows_management","tag::eventtype":"os\nwindows\nwindows_management"}}
{"preview":true,"result":{"ComputerName":"catherine.rebekah.ad.rebekah.fi","EventCode":"1000","EventType":"3","Keywords":"Classic","LogName":"Application","Message":"Security policies were propagated with warning. 0nf : The data is invalid.\r\n\r\nAdvanced help for this problem is available on http://support.hannelore.com. Query for \"troubleshooting 1000 events\".","OpCode":"None","RecordNumber":"032503","SourceName":"HssJbm","TaskCategory":"None","Type":"Warning","_raw":"00/00/0010 08:10:37 PM\nLogName=Application\nNbcjldEuuh=HssJbm\nZxjruJwks=1000\nEventType=3\nType=Warning\nComputerName=catherine.rebekah.ad.rebekah.fi\nWmvzDqlubluk=None\nOpCode=None\nEipevqKbqtoi=032503\nKeywords=Classic\nMessage=Security policies were propagated with warning. 0nf : The data is invalid.\r\n\r\nAdvanced help for this problem is available on http://support.hannelore.com. Query for \"troubleshooting 1000 events\".","_time":"2020-10-17T20:10:37.000-0400","dest":"catherine.rebekah.ad.rebekah.fi","dvc":"catherine","dvc_nt_host":"catherine","event_id":"032503","eventtype":"winapp wineventlog_application wineventlog_common wineventlog_windows","host":"catherine","id":"032503","index":"providencia","linecount":"14","punct":"//_::_\\r=\\r=\\r=\\r=\\r=\\r=....\\r=\\r=\\r=\\r=\\r=_____.__:____.\\r\\r\\r\\r","severity":"Warning","severity_id":"3","signature_id":"1000","source":"ProVidenCia:Application","sourcetype":"WinEventLog:Application","splunk_server":"isa-l004.bm.kamilah","tag":"os\nwindows\nwindows_management","tag::eventtype":"os\nwindows\nwindows_management"}}
{"preview":true,"result":{"ComputerName":"catherine.rebekah.ad.rebekah.fi","EventCode":"1000","EventType":"3","Keywords":"Classic","LogName":"Application","Message":"Security policies were propagated with warning. 0nf : The data is invalid.\r\n\r\nAdvanced help for this problem is available on http://support.hannelore.com. Query for \"troubleshooting 1000 events\".","OpCode":"None","RecordNumber":"271201","SourceName":"HssJbm","TaskCategory":"None","Type":"Warning","_raw":"00/00/0010 07:50:09 PM\nLogName=Application\nNbcjldEuuh=HssJbm\nZxjruJwks=1000\nEventType=3\nType=Warning\nComputerName=catherine.rebekah.ad.rebekah.fi\nWmvzDqlubluk=None\nOpCode=None\nEipevqKbqtoi=271201\nKeywords=Classic\nMessage=Security policies were propagated with warning. 0nf : The data is invalid.\r\n\r\nAdvanced help for this problem is available on http://support.hannelore.com. Query for \"troubleshooting 1000 events\".","_time":"2020-10-17T19:50:09.000-0400","dest":"catherine.rebekah.ad.rebekah.fi","dvc":"catherine","dvc_nt_host":"catherine","event_id":"271201","eventtype":"winapp wineventlog_application wineventlog_common wineventlog_windows","host":"catherine","id":"271201","index":"providencia","linecount":"14","punct":"//_::_\\r=\\r=\\r=\\r=\\r=\\r=....\\r=\\r=\\r=\\r=\\r=_____.__:____.\\r\\r\\r\\r","severity":"Warning","severity_id":"3","signature_id":"1000","source":"ProVidenCia:Application","sourcetype":"WinEventLog:Application","splunk_server":"isa-l004.bm.kamilah","tag":"os\nwindows\nwindows_management","tag::eventtype":"os\nwindows\nwindows_management"}}
{"preview":true,"result":{"ComputerName":"catherine.rebekah.ad.rebekah.fi","EventCode":"1000","EventType":"3","Keywords":"Classic","LogName":"Application","Message":"Security policies were propagated with warning. 0nf : The data is invalid.\r\n\r\nAdvanced help for this problem is available on http://support.hannelore.com. Query for \"troubleshooting 1000 events\".","OpCode":"None","RecordNumber":"041463","SourceName":"HssJbm","TaskCategory":"None","Type":"Warning","_raw":"00/00/0010 07:39:54 PM\nLogName=Application\nNbcjldEuuh=HssJbm\nZxjruJwks=1000\nEventType=3\nType=Warning\nComputerName=catherine.rebekah.ad.rebekah.fi\nWmvzDqlubluk=None\nOpCode=None\nEipevqKbqtoi=041463\nKeywords=Classic\nMessage=Security policies were propagated with warning. 0nf : The data is invalid.\r\n\r\nAdvanced help for this problem is available on http://support.hannelore.com. Query for \"troubleshooting 1000 events\".","_time":"2020-10-17T19:39:54.000-0400","dest":"catherine.rebekah.ad.rebekah.fi","dvc":"catherine","dvc_nt_host":"catherine","event_id":"041463","eventtype":"winapp wineventlog_application wineventlog_common wineventlog_windows","host":"catherine","id":"041463","index":"providencia","linecount":"14","punct":"//_::_\\r=\\r=\\r=\\r=\\r=\\r=....\\r=\\r=\\r=\\r=\\r=_____.__:____.\\r\\r\\r\\r","severity":"Warning","severity_id":"3","signature_id":"1000","source":"ProVidenCia:Application","sourcetype":"WinEventLog:Application","splunk_server":"isa-l004.bm.kamilah","tag":"os\nwindows\nwindows_management","tag::eventtype":"os\nwindows\nwindows_management"}}
{"preview":true,"result":{"ComputerName":"catherine.rebekah.ad.rebekah.fi","EventCode":"1000","EventType":"3","Keywords":"Classic","LogName":"Application","Message":"Security policies were propagated with warning. 0nf : The data is invalid.\r\n\r\nAdvanced help for this problem is available on http://support.hannelore.com. Query for \"troubleshooting 1000 events\".","OpCode":"None","RecordNumber":"112064","SourceName":"HssJbm","TaskCategory":"None","Type":"Warning","_raw":"00/00/0010 07:24:30 PM\nLogName=Application\nNbcjldEuuh=HssJbm\nZxjruJwks=1000\nEventType=3\nType=Warning\nComputerName=catherine.rebekah.ad.rebekah.fi\nWmvzDqlubluk=None\nOpCode=None\nEipevqKbqtoi=112064\nKeywords=Classic\nMessage=Security policies were propagated with warning. 0nf : The data is invalid.\r\n\r\nAdvanced help for this problem is available on http://support.hannelore.com. Query for \"troubleshooting 1000 events\".","_time":"2020-10-17T19:24:30.000-0400","dest":"catherine.rebekah.ad.rebekah.fi","dvc":"catherine","dvc_nt_host":"catherine","event_id":"112064","eventtype":"winapp wineventlog_application wineventlog_common wineventlog_windows","host":"catherine","id":"112064","index":"providencia","linecount":"14","punct":"//_::_\\r=\\r=\\r=\\r=\\r=\\r=....\\r=\\r=\\r=\\r=\\r=_____.__:____.\\r\\r\\r\\r","severity":"Warning","severity_id":"3","signature_id":"1000","source":"ProVidenCia:Application","sourcetype":"WinEventLog:Application","splunk_server":"isa-l004.bm.kamilah","tag":"os\nwindows\nwindows_management","tag::eventtype":"os\nwindows\nwindows_management"}}
{"preview":true,"result":{"ComputerName":"catherine.rebekah.ad.rebekah.fi","EventCode":"1000","EventType":"3","Keywords":"Classic","LogName":"Application","Message":"Security policies were propagated with warning. 0nf : The data is invalid.\r\n\r\nAdvanced help for this problem is available on http://support.hannelore.com. Query for \"troubleshooting 1000 events\".","OpCode":"None","RecordNumber":"252166","SourceName":"HssJbm","TaskCategory":"None","Type":"Warning","_raw":"00/00/0010 06:58:45 PM\nLogName=Application\nNbcjldEuuh=HssJbm\nZxjruJwks=1000\nEventType=3\nType=Warning\nComputerName=catherine.rebekah.ad.rebekah.fi\nWmvzDqlubluk=None\nOpCode=None\nEipevqKbqtoi=252166\nKeywords=Classic\nMessage=Security policies were propagated with warning. 0nf : The data is invalid.\r\n\r\nAdvanced help for this problem is available on http://support.hannelore.com. Query for \"troubleshooting 1000 events\".","_time":"2020-10-17T18:58:45.000-0400","dest":"catherine.rebekah.ad.rebekah.fi","dvc":"catherine","dvc_nt_host":"catherine","event_id":"252166","eventtype":"winapp wineventlog_application wineventlog_common wineventlog_windows","host":"catherine","id":"252166","index":"providencia","linecount":"14","punct":"//_::_\\r=\\r=\\r=\\r=\\r=\\r=....\\r=\\r=\\r=\\r=\\r=_____.__:____.\\r\\r\\r\\r","severity":"Warning","severity_id":"3","signature_id":"1000","source":"ProVidenCia:Application","sourcetype":"WinEventLog:Application","splunk_server":"isa-l004.bm.kamilah","tag":"os\nwindows\nwindows_management","tag::eventtype":"os\nwindows\nwindows_management"}}
{"preview":true,"result":{"ComputerName":"catherine.rebekah.ad.rebekah.fi","EventCode":"1000","EventType":"3","Keywords":"Classic","LogName":"Application","Message":"Security policies were propagated with warning. 0nf : The data is invalid.\r\n\r\nAdvanced help for this problem is available on http://support.hannelore.com. Query for \"troubleshooting 1000 events\".","OpCode":"None","RecordNumber":"270075","SourceName":"HssJbm","TaskCategory":"None","Type":"Warning","_raw":"00/00/0010 06:53:37 PM\nLogName=Application\nNbcjldEuuh=HssJbm\nZxjruJwks=1000\nEventType=3\nType=Warning\nComputerName=catherine.rebekah.ad.rebekah.fi\nWmvzDqlubluk=None\nOpCode=None\nEipevqKbqtoi=270075\nKeywords=Classic\nMessage=Security policies were propagated with warning. 0nf : The data is invalid.\r\n\r\nAdvanced help for this problem is available on http://support.hannelore.com. Query for \"troubleshooting 1000 events\".","_time":"2020-10-17T18:53:37.000-0400","dest":"catherine.rebekah.ad.rebekah.fi","dvc":"catherine","dvc_nt_host":"catherine","event_id":"270075","eventtype":"winapp wineventlog_application wineventlog_common wineventlog_windows","host":"catherine","id":"270075","index":"providencia","linecount":"14","punct":"//_::_\\r=\\r=\\r=\\r=\\r=\\r=....\\r=\\r=\\r=\\r=\\r=_____.__:____.\\r\\r\\r\\r","severity":"Warning","severity_id":"3","signature_id":"1000","source":"ProVidenCia:Application","sourcetype":"WinEventLog:Application","splunk_server":"isa-l004.bm.kamilah","tag":"os\nwindows\nwindows_management","tag::eventtype":"os\nwindows\nwindows_management"}}
{"preview":true,"result":{"ComputerName":"catherine.rebekah.ad.rebekah.fi","EventCode":"1000","EventType":"3","Keywords":"Classic","LogName":"Application","Message":"Security policies were propagated with warning. 0nf : The data is invalid.\r\n\r\nAdvanced help for this problem is available on http://support.hannelore.com. Query for \"troubleshooting 1000 events\".","OpCode":"None","RecordNumber":"030001","SourceName":"HssJbm","TaskCategory":"None","Type":"Warning","_raw":"00/00/0010 06:48:33 PM\nLogName=Application\nNbcjldEuuh=HssJbm\nZxjruJwks=1000\nEventType=3\nType=Warning\nComputerName=catherine.rebekah.ad.rebekah.fi\nWmvzDqlubluk=None\nOpCode=None\nEipevqKbqtoi=030001\nKeywords=Classic\nMessage=Security policies were propagated with warning. 0nf : The data is invalid.\r\n\r\nAdvanced help for this problem is available on http://support.hannelore.com. Query for \"troubleshooting 1000 events\".","_time":"2020-10-17T18:48:33.000-0400","dest":"catherine.rebekah.ad.rebekah.fi","dvc":"catherine","dvc_nt_host":"catherine","event_id":"030001","eventtype":"winapp wineventlog_application wineventlog_common wineventlog_windows","host":"catherine","id":"030001","index":"providencia","linecount":"14","punct":"//_::_\\r=\\r=\\r=\\r=\\r=\\r=....\\r=\\r=\\r=\\r=\\r=_____.__:____.\\r\\r\\r\\r","severity":"Warning","severity_id":"3","signature_id":"1000","source":"ProVidenCia:Application","sourcetype":"WinEventLog:Application","splunk_server":"isa-l004.bm.kamilah","tag":"os\nwindows\nwindows_management","tag::eventtype":"os\nwindows\nwindows_management"}}
{"preview":true,"result":{"ComputerName":"catherine.rebekah.ad.rebekah.fi","EventCode":"1000","EventType":"3","Keywords":"Classic","LogName":"Application","Message":"Security policies were propagated with warning. 0nf : The data is invalid.\r\n\r\nAdvanced help for this problem is available on http://support.hannelore.com. Query for \"troubleshooting 1000 events\".","OpCode":"None","RecordNumber":"242162","SourceName":"HssJbm","TaskCategory":"None","Type":"Warning","_raw":"00/00/0010 06:28:00 PM\nLogName=Application\nNbcjldEuuh=HssJbm\nZxjruJwks=1000\nEventType=3\nType=Warning\nComputerName=catherine.rebekah.ad.rebekah.fi\nWmvzDqlubluk=None\nOpCode=None\nEipevqKbqtoi=242162\nKeywords=Classic\nMessage=Security policies were propagated with warning. 0nf : The data is invalid.\r\n\r\nAdvanced help for this problem is available on http://support.hannelore.com. Query for \"troubleshooting 1000 events\".","_time":"2020-10-17T18:28:00.000-0400","dest":"catherine.rebekah.ad.rebekah.fi","dvc":"catherine","dvc_nt_host":"catherine","event_id":"242162","eventtype":"winapp wineventlog_application wineventlog_common wineventlog_windows","host":"catherine","id":"242162","index":"providencia","linecount":"14","punct":"//_::_\\r=\\r=\\r=\\r=\\r=\\r=....\\r=\\r=\\r=\\r=\\r=_____.__:____.\\r\\r\\r\\r","severity":"Warning","severity_id":"3","signature_id":"1000","source":"ProVidenCia:Application","sourcetype":"WinEventLog:Application","splunk_server":"isa-l004.bm.kamilah","tag":"os\nwindows\nwindows_management","tag::eventtype":"os\nwindows\nwindows_management"}}
{"preview":true,"result":{"ComputerName":"catherine.rebekah.ad.rebekah.fi","EventCode":"1000","EventType":"3","Keywords":"Classic","LogName":"Application","Message":"Security policies were propagated with warning. 0nf : The data is invalid.\r\n\r\nAdvanced help for this problem is available on http://support.hannelore.com. Query for \"troubleshooting 1000 events\".","OpCode":"None","RecordNumber":"261123","SourceName":"HssJbm","TaskCategory":"None","Type":"Warning","_raw":"00/00/0010 06:07:35 PM\nLogName=Application\nNbcjldEuuh=HssJbm\nZxjruJwks=1000\nEventType=3\nType=Warning\nComputerName=catherine.rebekah.ad.rebekah.fi\nWmvzDqlubluk=None\nOpCode=None\nEipevqKbqtoi=261123\nKeywords=Classic\nMessage=Security policies were propagated with warning. 0nf : The data is invalid.\r\n\r\nAdvanced help for this problem is available on http://support.hannelore.com. Query for \"troubleshooting 1000 events\".","_time":"2020-10-17T18:07:35.000-0400","dest":"catherine.rebekah.ad.rebekah.fi","dvc":"catherine","dvc_nt_host":"catherine","event_id":"261123","eventtype":"winapp wineventlog_application wineventlog_common wineventlog_windows","host":"catherine","id":"261123","index":"providencia","linecount":"14","punct":"//_::_\\r=\\r=\\r=\\r=\\r=\\r=....\\r=\\r=\\r=\\r=\\r=_____.__:____.\\r\\r\\r\\r","severity":"Warning","severity_id":"3","signature_id":"1000","source":"ProVidenCia:Application","sourcetype":"WinEventLog:Application","splunk_server":"isa-l004.bm.kamilah","tag":"os\nwindows\nwindows_management","tag::eventtype":"os\nwindows\nwindows_management"}}
{"preview":true,"result":{"ComputerName":"CAP-I040.rebekah.o.elly","EventCode":"15074","EventType":"4","Keywords":"Classic","LogName":"Application","Message":"Successfully scheduled Software Protection service for re-start at 0010-11-00P06:34:42D. Reason: KrfexXxqsqo.","OpCode":"The operation completed successfully.","RecordNumber":"10540","SourceName":"Hannelore-Windows-Security-ART","TaskCategory":"None","Type":"Information","_raw":"00/00/0010 05:56:45 PM\nLogName=Application\nNbcjldEuuh=Hannelore-Windows-Security-ART\nZxjruJwks=15074\nEventType=4\nType=Information\nComputerName=CAP-I040.rebekah.o.elly\nWmvzDqlubluk=None\nOpCode=The operation completed successfully.\nEipevqKbqtoi=10540\nKeywords=Classic\nMessage=Successfully scheduled Software Protection service for re-start at 0010-11-00P06:45:42D. Reason: KrfexXxqsqo.","_time":"2020-10-17T17:56:45.000-0400","dest":"CAP-I040.rebekah.o.elly","dvc":"CAP-I040","dvc_nt_host":"CAP-I040","event_id":"10540","eventtype":"winapp wineventlog_application wineventlog_common wineventlog_windows","host":"CAP-I040","id":"10540","index":"providencia","linecount":"12","punct":"//_::_==---====-...==___.===______-__--::._:_.","severity":"Information","severity_id":"4","signature_id":"15074","source":"ProVidenCia:Application","sourcetype":"WinEventLog:Application","splunk_server":"isa-l004.bm.kamilah","tag":"os\nwindows\nwindows_management","tag::eventtype":"os\nwindows\nwindows_management"}}
{"preview":true,"result":{"ComputerName":"CAP-I040.rebekah.o.elly","EventCode":"16130","EventType":"4","Keywords":"Classic","LogName":"Application","Message":"Wilfred catherina migration succeeded.","OpCode":"The operation completed successfully.","RecordNumber":"00310","SourceName":"Hannelore-Windows-Security-ART","TaskCategory":"None","Type":"Information","_raw":"00/00/0010 05:55:56 PM\nLogName=Application\nNbcjldEuuh=Hannelore-Windows-Security-ART\nZxjruJwks=16130\nEventType=4\nType=Information\nComputerName=CAP-I040.rebekah.o.elly\nWmvzDqlubluk=None\nOpCode=The operation completed successfully.\nEipevqKbqtoi=00310\nKeywords=Classic\nMessage=Wilfred catherina migration succeeded.","_time":"2020-10-17T17:55:56.000-0400","dest":"CAP-I040.rebekah.o.elly","dvc":"CAP-I040","dvc_nt_host":"CAP-I040","event_id":"00310","eventtype":"winapp wineventlog_application wineventlog_common wineventlog_windows","host":"CAP-I040","id":"00310","index":"providencia","linecount":"12","punct":"//_::_==---====-...==___.===___.","severity":"Information","severity_id":"4","signature_id":"16130","source":"ProVidenCia:Application","sourcetype":"WinEventLog:Application","splunk_server":"isa-l004.bm.kamilah","tag":"os\nwindows\nwindows_management","tag::eventtype":"os\nwindows\nwindows_management"}}
{"preview":true,"result":{"ComputerName":"catherine.rebekah.ad.rebekah.fi","EventCode":"1000","EventType":"3","Keywords":"Classic","LogName":"Application","Message":"Security policies were propagated with warning. 0nf : The data is invalid.\r\n\r\nAdvanced help for this problem is available on http://support.hannelore.com. Query for \"troubleshooting 1000 events\".","OpCode":"None","RecordNumber":"030411","SourceName":"HssJbm","TaskCategory":"None","Type":"Warning","_raw":"00/00/0010 05:36:53 PM\nLogName=Application\nNbcjldEuuh=HssJbm\nZxjruJwks=1000\nEventType=3\nType=Warning\nComputerName=catherine.rebekah.ad.rebekah.fi\nWmvzDqlubluk=None\nOpCode=None\nEipevqKbqtoi=030411\nKeywords=Classic\nMessage=Security policies were propagated with warning. 0nf : The data is invalid.\r\n\r\nAdvanced help for this problem is available on http://support.hannelore.com. Query for \"troubleshooting 1000 events\".","_time":"2020-10-17T17:36:53.000-0400","dest":"catherine.rebekah.ad.rebekah.fi","dvc":"catherine","dvc_nt_host":"catherine","event_id":"030411","eventtype":"winapp wineventlog_application wineventlog_common wineventlog_windows","host":"catherine","id":"030411","index":"providencia","linecount":"14","punct":"//_::_\\r=\\r=\\r=\\r=\\r=\\r=....\\r=\\r=\\r=\\r=\\r=_____.__:____.\\r\\r\\r\\r","severity":"Warning","severity_id":"3","signature_id":"1000","source":"ProVidenCia:Application","sourcetype":"WinEventLog:Application","splunk_server":"isa-l004.bm.kamilah","tag":"os\nwindows\nwindows_management","tag::eventtype":"os\nwindows\nwindows_management"}}
{"preview":true,"result":{"ComputerName":"catherine.rebekah.ad.rebekah.fi","EventCode":"1000","EventType":"3","Keywords":"Classic","LogName":"Application","Message":"Security policies were propagated with warning. 0nf : The data is invalid.\r\n\r\nAdvanced help for this problem is available on http://support.hannelore.com. Query for \"troubleshooting 1000 events\".","OpCode":"None","RecordNumber":"220241","SourceName":"HssJbm","TaskCategory":"None","Type":"Warning","_raw":"00/00/0010 05:26:40 PM\nLogName=Application\nNbcjldEuuh=HssJbm\nZxjruJwks=1000\nEventType=3\nType=Warning\nComputerName=catherine.rebekah.ad.rebekah.fi\nWmvzDqlubluk=None\nOpCode=None\nEipevqKbqtoi=220241\nKeywords=Classic\nMessage=Security policies were propagated with warning. 0nf : The data is invalid.\r\n\r\nAdvanced help for this problem is available on http://support.hannelore.com. Query for \"troubleshooting 1000 events\".","_time":"2020-10-17T17:26:40.000-0400","dest":"catherine.rebekah.ad.rebekah.fi","dvc":"catherine","dvc_nt_host":"catherine","event_id":"220241","eventtype":"winapp wineventlog_application wineventlog_common wineventlog_windows","host":"catherine","id":"220241","index":"providencia","linecount":"14","punct":"//_::_\\r=\\r=\\r=\\r=\\r=\\r=....\\r=\\r=\\r=\\r=\\r=_____.__:____.\\r\\r\\r\\r","severity":"Warning","severity_id":"3","signature_id":"1000","source":"ProVidenCia:Application","sourcetype":"WinEventLog:Application","splunk_server":"isa-l004.bm.kamilah","tag":"os\nwindows\nwindows_management","tag::eventtype":"os\nwindows\nwindows_management"}}
{"preview":true,"result":{"ComputerName":"catherine.rebekah.ad.rebekah.fi","EventCode":"1000","EventType":"3","Keywords":"Classic","LogName":"Application","Message":"Security policies were propagated with warning. 0nf : The data is invalid.\r\n\r\nAdvanced help for this problem is available on http://support.hannelore.com. Query for \"troubleshooting 1000 events\".","OpCode":"None","RecordNumber":"142122","SourceName":"HssJbm","TaskCategory":"None","Type":"Warning","_raw":"00/00/0010 05:16:28 PM\nLogName=Application\nNbcjldEuuh=HssJbm\nZxjruJwks=1000\nEventType=3\nType=Warning\nComputerName=catherine.rebekah.ad.rebekah.fi\nWmvzDqlubluk=None\nOpCode=None\nEipevqKbqtoi=142122\nKeywords=Classic\nMessage=Security policies were propagated with warning. 0nf : The data is invalid.\r\n\r\nAdvanced help for this problem is available on http://support.hannelore.com. Query for \"troubleshooting 1000 events\".","_time":"2020-10-17T17:16:28.000-0400","dest":"catherine.rebekah.ad.rebekah.fi","dvc":"catherine","dvc_nt_host":"catherine","event_id":"142122","eventtype":"winapp wineventlog_application wineventlog_common wineventlog_windows","host":"catherine","id":"142122","index":"providencia","linecount":"14","punct":"//_::_\\r=\\r=\\r=\\r=\\r=\\r=....\\r=\\r=\\r=\\r=\\r=_____.__:____.\\r\\r\\r\\r","severity":"Warning","severity_id":"3","signature_id":"1000","source":"ProVidenCia:Application","sourcetype":"WinEventLog:Application","splunk_server":"isa-l004.bm.kamilah","tag":"os\nwindows\nwindows_management","tag::eventtype":"os\nwindows\nwindows_management"}}
{"preview":true,"result":{"ComputerName":"catherine.rebekah.ad.rebekah.fi","EventCode":"1000","EventType":"3","Keywords":"Classic","LogName":"Application","Message":"Security policies were propagated with warning. 0nf : The data is invalid.\r\n\r\nAdvanced help for this problem is available on http://support.hannelore.com. Query for \"troubleshooting 1000 events\".","OpCode":"None","RecordNumber":"171252","SourceName":"HssJbm","TaskCategory":"None","Type":"Warning","_raw":"00/00/0010 04:40:30 PM\nLogName=Application\nNbcjldEuuh=HssJbm\nZxjruJwks=1000\nEventType=3\nType=Warning\nComputerName=catherine.rebekah.ad.rebekah.fi\nWmvzDqlubluk=None\nOpCode=None\nEipevqKbqtoi=171252\nKeywords=Classic\nMessage=Security policies were propagated with warning. 0nf : The data is invalid.\r\n\r\nAdvanced help for this problem is available on http://support.hannelore.com. Query for \"troubleshooting 1000 events\".","_time":"2020-10-17T16:40:30.000-0400","dest":"catherine.rebekah.ad.rebekah.fi","dvc":"catherine","dvc_nt_host":"catherine","event_id":"171252","eventtype":"winapp wineventlog_application wineventlog_common wineventlog_windows","host":"catherine","id":"171252","index":"providencia","linecount":"14","punct":"//_::_\\r=\\r=\\r=\\r=\\r=\\r=....\\r=\\r=\\r=\\r=\\r=_____.__:____.\\r\\r\\r\\r","severity":"Warning","severity_id":"3","signature_id":"1000","source":"ProVidenCia:Application","sourcetype":"WinEventLog:Application","splunk_server":"isa-l004.bm.kamilah","tag":"os\nwindows\nwindows_management","tag::eventtype":"os\nwindows\nwindows_management"}}
{"preview":true,"result":{"ComputerName":"catherine.rebekah.ad.rebekah.fi","EventCode":"1000","EventType":"3","Keywords":"Classic","LogName":"Application","Message":"Security policies were propagated with warning. 0nf : The data is invalid.\r\n\r\nAdvanced help for this problem is available on http://support.hannelore.com. Query for \"troubleshooting 1000 events\".","OpCode":"None","RecordNumber":"142320","SourceName":"HssJbm","TaskCategory":"None","Type":"Warning","_raw":"00/00/0010 04:35:22 PM\nLogName=Application\nNbcjldEuuh=HssJbm\nZxjruJwks=1000\nEventType=3\nType=Warning\nComputerName=catherine.rebekah.ad.rebekah.fi\nWmvzDqlubluk=None\nOpCode=None\nEipevqKbqtoi=142320\nKeywords=Classic\nMessage=Security policies were propagated with warning. 0nf : The data is invalid.\r\n\r\nAdvanced help for this problem is available on http://support.hannelore.com. Query for \"troubleshooting 1000 events\".","_time":"2020-10-17T16:35:22.000-0400","dest":"catherine.rebekah.ad.rebekah.fi","dvc":"catherine","dvc_nt_host":"catherine","event_id":"142320","eventtype":"winapp wineventlog_application wineventlog_common wineventlog_windows","host":"catherine","id":"142320","index":"providencia","linecount":"14","punct":"//_::_\\r=\\r=\\r=\\r=\\r=\\r=....\\r=\\r=\\r=\\r=\\r=_____.__:____.\\r\\r\\r\\r","severity":"Warning","severity_id":"3","signature_id":"1000","source":"ProVidenCia:Application","sourcetype":"WinEventLog:Application","splunk_server":"isa-l004.bm.kamilah","tag":"os\nwindows\nwindows_management","tag::eventtype":"os\nwindows\nwindows_management"}}
{"preview":true,"result":{"ComputerName":"catherine.rebekah.ad.rebekah.fi","EventCode":"1000","EventType":"3","Keywords":"Classic","LogName":"Application","Message":"Security policies were propagated with warning. 0nf : The data is invalid.\r\n\r\nAdvanced help for this problem is available on http://support.hannelore.com. Query for \"troubleshooting 1000 events\".","OpCode":"None","RecordNumber":"271105","SourceName":"HssJbm","TaskCategory":"None","Type":"Warning","_raw":"00/00/0010 04:09:44 PM\nLogName=Application\nNbcjldEuuh=HssJbm\nZxjruJwks=1000\nEventType=3\nType=Warning\nComputerName=catherine.rebekah.ad.rebekah.fi\nWmvzDqlubluk=None\nOpCode=None\nEipevqKbqtoi=271105\nKeywords=Classic\nMessage=Security policies were propagated with warning. 0nf : The data is invalid.\r\n\r\nAdvanced help for this problem is available on http://support.hannelore.com. Query for \"troubleshooting 1000 events\".","_time":"2020-10-17T16:09:44.000-0400","dest":"catherine.rebekah.ad.rebekah.fi","dvc":"catherine","dvc_nt_host":"catherine","event_id":"271105","eventtype":"winapp wineventlog_application wineventlog_common wineventlog_windows","host":"catherine","id":"271105","index":"providencia","linecount":"14","punct":"//_::_\\r=\\r=\\r=\\r=\\r=\\r=....\\r=\\r=\\r=\\r=\\r=_____.__:____.\\r\\r\\r\\r","severity":"Warning","severity_id":"3","signature_id":"1000","source":"ProVidenCia:Application","sourcetype":"WinEventLog:Application","splunk_server":"isa-l004.bm.kamilah","tag":"os\nwindows\nwindows_management","tag::eventtype":"os\nwindows\nwindows_management"}}
{"preview":true,"result":{"ComputerName":"catherine.rebekah.ad.rebekah.fi","EventCode":"1000","EventType":"3","Keywords":"Classic","LogName":"Application","Message":"Security policies were propagated with warning. 0nf : The data is invalid.\r\n\r\nAdvanced help for this problem is available on http://support.hannelore.com. Query for \"troubleshooting 1000 events\".","OpCode":"None","RecordNumber":"212002","SourceName":"HssJbm","TaskCategory":"None","Type":"Warning","_raw":"00/00/0010 03:54:24 PM\nLogName=Application\nNbcjldEuuh=HssJbm\nZxjruJwks=1000\nEventType=3\nType=Warning\nComputerName=catherine.rebekah.ad.rebekah.fi\nWmvzDqlubluk=None\nOpCode=None\nEipevqKbqtoi=212002\nKeywords=Classic\nMessage=Security policies were propagated with warning. 0nf : The data is invalid.\r\n\r\nAdvanced help for this problem is available on http://support.hannelore.com. Query for \"troubleshooting 1000 events\".","_time":"2020-10-17T15:54:24.000-0400","dest":"catherine.rebekah.ad.rebekah.fi","dvc":"catherine","dvc_nt_host":"catherine","event_id":"212002","eventtype":"winapp wineventlog_application wineventlog_common wineventlog_windows","host":"catherine","id":"212002","index":"providencia","linecount":"14","punct":"//_::_\\r=\\r=\\r=\\r=\\r=\\r=....\\r=\\r=\\r=\\r=\\r=_____.__:____.\\r\\r\\r\\r","severity":"Warning","severity_id":"3","signature_id":"1000","source":"ProVidenCia:Application","sourcetype":"WinEventLog:Application","splunk_server":"isa-l004.bm.kamilah","tag":"os\nwindows\nwindows_management","tag::eventtype":"os\nwindows\nwindows_management"}}
{"preview":true,"result":{"ComputerName":"catherine.rebekah.ad.rebekah.fi","EventCode":"1000","EventType":"3","Keywords":"Classic","LogName":"Application","Message":"Security policies were propagated with warning. 0nf : The data is invalid.\r\n\r\nAdvanced help for this problem is available on http://support.hannelore.com. Query for \"troubleshooting 1000 events\".","OpCode":"None","RecordNumber":"070441","SourceName":"HssJbm","TaskCategory":"None","Type":"Warning","_raw":"00/00/0010 03:44:07 PM\nLogName=Application\nNbcjldEuuh=HssJbm\nZxjruJwks=1000\nEventType=3\nType=Warning\nComputerName=catherine.rebekah.ad.rebekah.fi\nWmvzDqlubluk=None\nOpCode=None\nEipevqKbqtoi=070441\nKeywords=Classic\nMessage=Security policies were propagated with warning. 0nf : The data is invalid.\r\n\r\nAdvanced help for this problem is available on http://support.hannelore.com. Query for \"troubleshooting 1000 events\".","_time":"2020-10-17T15:44:07.000-0400","dest":"catherine.rebekah.ad.rebekah.fi","dvc":"catherine","dvc_nt_host":"catherine","event_id":"070441","eventtype":"winapp wineventlog_application wineventlog_common wineventlog_windows","host":"catherine","id":"070441","index":"providencia","linecount":"14","punct":"//_::_\\r=\\r=\\r=\\r=\\r=\\r=....\\r=\\r=\\r=\\r=\\r=_____.__:____.\\r\\r\\r\\r","severity":"Warning","severity_id":"3","signature_id":"1000","source":"ProVidenCia:Application","sourcetype":"WinEventLog:Application","splunk_server":"isa-l004.bm.kamilah","tag":"os\nwindows\nwindows_management","tag::eventtype":"os\nwindows\nwindows_management"}}
{"preview":true,"result":{"ComputerName":"catherine.rebekah.ad.rebekah.fi","EventCode":"1000","EventType":"3","Keywords":"Classic","LogName":"Application","Message":"Security policies were propagated with warning. 0nf : The data is invalid.\r\n\r\nAdvanced help for this problem is available on http://support.hannelore.com. Query for \"troubleshooting 1000 events\".","OpCode":"None","RecordNumber":"102446","SourceName":"HssJbm","TaskCategory":"None","Type":"Warning","_raw":"00/00/0010 03:18:30 PM\nLogName=Application\nNbcjldEuuh=HssJbm\nZxjruJwks=1000\nEventType=3\nType=Warning\nComputerName=catherine.rebekah.ad.rebekah.fi\nWmvzDqlubluk=None\nOpCode=None\nEipevqKbqtoi=102446\nKeywords=Classic\nMessage=Security policies were propagated with warning. 0nf : The data is invalid.\r\n\r\nAdvanced help for this problem is available on http://support.hannelore.com. Query for \"troubleshooting 1000 events\".","_time":"2020-10-17T15:18:30.000-0400","dest":"catherine.rebekah.ad.rebekah.fi","dvc":"catherine","dvc_nt_host":"catherine","event_id":"102446","eventtype":"winapp wineventlog_application wineventlog_common wineventlog_windows","host":"catherine","id":"102446","index":"providencia","linecount":"14","punct":"//_::_\\r=\\r=\\r=\\r=\\r=\\r=....\\r=\\r=\\r=\\r=\\r=_____.__:____.\\r\\r\\r\\r","severity":"Warning","severity_id":"3","signature_id":"1000","source":"ProVidenCia:Application","sourcetype":"WinEventLog:Application","splunk_server":"isa-l004.bm.kamilah","tag":"os\nwindows\nwindows_management","tag::eventtype":"os\nwindows\nwindows_management"}}
{"preview":true,"result":{"ComputerName":"CAP-I040.rebekah.o.elly","EventCode":"16130","EventType":"4","Keywords":"Classic","LogName":"Application","Message":"Wilfred catherina migration succeeded.","OpCode":"The operation completed successfully.","RecordNumber":"12226","SourceName":"Hannelore-Windows-Security-ART","TaskCategory":"None","Type":"Information","_raw":"00/00/0010 03:17:51 PM\nLogName=Application\nNbcjldEuuh=Hannelore-Windows-Security-ART\nZxjruJwks=16130\nEventType=4\nType=Information\nComputerName=CAP-I040.rebekah.o.elly\nWmvzDqlubluk=None\nOpCode=The operation completed successfully.\nEipevqKbqtoi=12226\nKeywords=Classic\nMessage=Wilfred catherina migration succeeded.","_time":"2020-10-17T15:17:51.000-0400","dest":"CAP-I040.rebekah.o.elly","dvc":"CAP-I040","dvc_nt_host":"CAP-I040","event_id":"12226","eventtype":"winapp wineventlog_application wineventlog_common wineventlog_windows","host":"CAP-I040","id":"12226","index":"providencia","linecount":"12","punct":"//_::_==---====-...==___.===___.","severity":"Information","severity_id":"4","signature_id":"16130","source":"ProVidenCia:Application","sourcetype":"WinEventLog:Application","splunk_server":"isa-l004.bm.kamilah","tag":"os\nwindows\nwindows_management","tag::eventtype":"os\nwindows\nwindows_management"}}
{"preview":true,"result":{"ComputerName":"catherine.rebekah.ad.rebekah.fi","EventCode":"1000","EventType":"3","Keywords":"Classic","LogName":"Application","Message":"Security policies were propagated with warning. 0nf : The data is invalid.\r\n\r\nAdvanced help for this problem is available on http://support.hannelore.com. Query for \"troubleshooting 1000 events\".","OpCode":"None","RecordNumber":"071101","SourceName":"HssJbm","TaskCategory":"None","Type":"Warning","_raw":"00/00/0010 02:58:01 PM\nLogName=Application\nNbcjldEuuh=HssJbm\nZxjruJwks=1000\nEventType=3\nType=Warning\nComputerName=catherine.rebekah.ad.rebekah.fi\nWmvzDqlubluk=None\nOpCode=None\nEipevqKbqtoi=071101\nKeywords=Classic\nMessage=Security policies were propagated with warning. 0nf : The data is invalid.\r\n\r\nAdvanced help for this problem is available on http://support.hannelore.com. Query for \"troubleshooting 1000 events\".","_time":"2020-10-17T14:58:01.000-0400","dest":"catherine.rebekah.ad.rebekah.fi","dvc":"catherine","dvc_nt_host":"catherine","event_id":"071101","eventtype":"winapp wineventlog_application wineventlog_common wineventlog_windows","host":"catherine","id":"071101","index":"providencia","linecount":"14","punct":"//_::_\\r=\\r=\\r=\\r=\\r=\\r=....\\r=\\r=\\r=\\r=\\r=_____.__:____.\\r\\r\\r\\r","severity":"Warning","severity_id":"3","signature_id":"1000","source":"ProVidenCia:Application","sourcetype":"WinEventLog:Application","splunk_server":"isa-l004.bm.kamilah","tag":"os\nwindows\nwindows_management","tag::eventtype":"os\nwindows\nwindows_management"}}
{"preview":true,"result":{"ComputerName":"catherine.rebekah.ad.rebekah.fi","EventCode":"1000","EventType":"3","Keywords":"Classic","LogName":"Application","Message":"Security policies were propagated with warning. 0nf : The data is invalid.\r\n\r\nAdvanced help for this problem is available on http://support.hannelore.com. Query for \"troubleshooting 1000 events\".","OpCode":"None","RecordNumber":"002100","SourceName":"HssJbm","TaskCategory":"None","Type":"Warning","_raw":"00/00/0010 02:47:44 PM\nLogName=Application\nNbcjldEuuh=HssJbm\nZxjruJwks=1000\nEventType=3\nType=Warning\nComputerName=catherine.rebekah.ad.rebekah.fi\nWmvzDqlubluk=None\nOpCode=None\nEipevqKbqtoi=002100\nKeywords=Classic\nMessage=Security policies were propagated with warning. 0nf : The data is invalid.\r\n\r\nAdvanced help for this problem is available on http://support.hannelore.com. Query for \"troubleshooting 1000 events\".","_time":"2020-10-17T14:47:44.000-0400","dest":"catherine.rebekah.ad.rebekah.fi","dvc":"catherine","dvc_nt_host":"catherine","event_id":"002100","eventtype":"winapp wineventlog_application wineventlog_common wineventlog_windows","host":"catherine","id":"002100","index":"providencia","linecount":"14","punct":"//_::_\\r=\\r=\\r=\\r=\\r=\\r=....\\r=\\r=\\r=\\r=\\r=_____.__:____.\\r\\r\\r\\r","severity":"Warning","severity_id":"3","signature_id":"1000","source":"ProVidenCia:Application","sourcetype":"WinEventLog:Application","splunk_server":"isa-l004.bm.kamilah","tag":"os\nwindows\nwindows_management","tag::eventtype":"os\nwindows\nwindows_management"}}
{"preview":true,"result":{"ComputerName":"catherine.rebekah.ad.rebekah.fi","EventCode":"1000","EventType":"3","Keywords":"Classic","LogName":"Application","Message":"Security policies were propagated with warning. 0nf : The data is invalid.\r\n\r\nAdvanced help for this problem is available on http://support.hannelore.com. Query for \"troubleshooting 1000 events\".","OpCode":"None","RecordNumber":"261033","SourceName":"HssJbm","TaskCategory":"None","Type":"Warning","_raw":"00/00/0010 02:32:19 PM\nLogName=Application\nNbcjldEuuh=HssJbm\nZxjruJwks=1000\nEventType=3\nType=Warning\nComputerName=catherine.rebekah.ad.rebekah.fi\nWmvzDqlubluk=None\nOpCode=None\nEipevqKbqtoi=261033\nKeywords=Classic\nMessage=Security policies were propagated with warning. 0nf : The data is invalid.\r\n\r\nAdvanced help for this problem is available on http://support.hannelore.com. Query for \"troubleshooting 1000 events\".","_time":"2020-10-17T14:32:19.000-0400","dest":"catherine.rebekah.ad.rebekah.fi","dvc":"catherine","dvc_nt_host":"catherine","event_id":"261033","eventtype":"winapp wineventlog_application wineventlog_common wineventlog_windows","host":"catherine","id":"261033","index":"providencia","linecount":"14","punct":"//_::_\\r=\\r=\\r=\\r=\\r=\\r=....\\r=\\r=\\r=\\r=\\r=_____.__:____.\\r\\r\\r\\r","severity":"Warning","severity_id":"3","signature_id":"1000","source":"ProVidenCia:Application","sourcetype":"WinEventLog:Application","splunk_server":"isa-l004.bm.kamilah","tag":"os\nwindows\nwindows_management","tag::eventtype":"os\nwindows\nwindows_management"}}
{"preview":true,"result":{"ComputerName":"catherine.rebekah.ad.rebekah.fi","EventCode":"1000","EventType":"3","Keywords":"Classic","LogName":"Application","Message":"Security policies were propagated with warning. 0nf : The data is invalid.\r\n\r\nAdvanced help for this problem is available on http://support.hannelore.com. Query for \"troubleshooting 1000 events\".","OpCode":"None","RecordNumber":"260330","SourceName":"HssJbm","TaskCategory":"None","Type":"Warning","_raw":"00/00/0010 02:06:43 PM\nLogName=Application\nNbcjldEuuh=HssJbm\nZxjruJwks=1000\nEventType=3\nType=Warning\nComputerName=catherine.rebekah.ad.rebekah.fi\nWmvzDqlubluk=None\nOpCode=None\nEipevqKbqtoi=260330\nKeywords=Classic\nMessage=Security policies were propagated with warning. 0nf : The data is invalid.\r\n\r\nAdvanced help for this problem is available on http://support.hannelore.com. Query for \"troubleshooting 1000 events\".","_time":"2020-10-17T14:06:43.000-0400","dest":"catherine.rebekah.ad.rebekah.fi","dvc":"catherine","dvc_nt_host":"catherine","event_id":"260330","eventtype":"winapp wineventlog_application wineventlog_common wineventlog_windows","host":"catherine","id":"260330","index":"providencia","linecount":"14","punct":"//_::_\\r=\\r=\\r=\\r=\\r=\\r=....\\r=\\r=\\r=\\r=\\r=_____.__:____.\\r\\r\\r\\r","severity":"Warning","severity_id":"3","signature_id":"1000","source":"ProVidenCia:Application","sourcetype":"WinEventLog:Application","splunk_server":"isa-l004.bm.kamilah","tag":"os\nwindows\nwindows_management","tag::eventtype":"os\nwindows\nwindows_management"}}
{"preview":true,"result":{"ComputerName":"catherine.rebekah.ad.rebekah.fi","EventCode":"1000","EventType":"3","Keywords":"Classic","LogName":"Application","Message":"Security policies were propagated with warning. 0nf : The data is invalid.\r\n\r\nAdvanced help for this problem is available on http://support.hannelore.com. Query for \"troubleshooting 1000 events\".","OpCode":"None","RecordNumber":"130125","SourceName":"HssJbm","TaskCategory":"None","Type":"Warning","_raw":"00/00/0010 01:51:19 PM\nLogName=Application\nNbcjldEuuh=HssJbm\nZxjruJwks=1000\nEventType=3\nType=Warning\nComputerName=catherine.rebekah.ad.rebekah.fi\nWmvzDqlubluk=None\nOpCode=None\nEipevqKbqtoi=130125\nKeywords=Classic\nMessage=Security policies were propagated with warning. 0nf : The data is invalid.\r\n\r\nAdvanced help for this problem is available on http://support.hannelore.com. Query for \"troubleshooting 1000 events\".","_time":"2020-10-17T13:51:19.000-0400","dest":"catherine.rebekah.ad.rebekah.fi","dvc":"catherine","dvc_nt_host":"catherine","event_id":"130125","eventtype":"winapp wineventlog_application wineventlog_common wineventlog_windows","host":"catherine","id":"130125","index":"providencia","linecount":"14","punct":"//_::_\\r=\\r=\\r=\\r=\\r=\\r=....\\r=\\r=\\r=\\r=\\r=_____.__:____.\\r\\r\\r\\r","severity":"Warning","severity_id":"3","signature_id":"1000","source":"ProVidenCia:Application","sourcetype":"WinEventLog:Application","splunk_server":"isa-l004.bm.kamilah","tag":"os\nwindows\nwindows_management","tag::eventtype":"os\nwindows\nwindows_management"}}
