{"preview":true,"result":{"ComputerName":"catherine.rebekah.ad.rebekah.fi","EventCode":"1000","EventType":"3","Keywords":"Classic","LogName":"Application","Message":"Security policies were propagated with warning. 0nf : The data is invalid.\r\n\r\nAdvanced help for this problem is available on http://support.hannelore.com. Query for \"troubleshooting 1000 events\".","OpCode":"None","RecordNumber":"210200","SourceName":"HssJbm","TaskCategory":"None","Type":"Warning","_raw":"00/06/0010 04:24:03 PM\nLogName=Application\nNbcjldEuuh=HssJbm\nZxjruJwks=1000\nEventType=3\nType=Warning\nComputerName=catherine.rebekah.ad.rebekah.fi\nWmvzDqlubluk=None\nOpCode=None\nEipevqKbqtoi=210200\nKeywords=Classic\nMessage=Security policies were propagated with warning. 0nf : The data is invalid.\r\n\r\nAdvanced help for this problem is available on http://support.hannelore.com. Query for \"troubleshooting 1000 events\".","_time":"2020-10-18T16:24:03.000-0400","dest":"catherine.rebekah.ad.rebekah.fi","dvc":"catherine","dvc_nt_host":"catherine","event_id":"210200","eventtype":"winapp wineventlog_application wineventlog_common wineventlog_windows","host":"catherine","id":"210200","index":"providencia","linecount":"14","punct":"//_::_\\r=\\r=\\r=\\r=\\r=\\r=....\\r=\\r=\\r=\\r=\\r=_____.__:____.\\r\\r\\r\\r","severity":"Warning","severity_id":"3","signature_id":"1000","source":"ProVidenCia:Application","sourcetype":"WinEventLog:Application","splunk_server":"isa-l004.bm.kamilah","tag":"os\nwindows\nwindows_management","tag::eventtype":"os\nwindows\nwindows_management"}}
{"preview":true,"result":{"ComputerName":"catherine.rebekah.ad.rebekah.fi","EventCode":"1000","EventType":"3","Keywords":"Classic","LogName":"Application","Message":"Security policies were propagated with warning. 0nf : The data is invalid.\r\n\r\nAdvanced help for this problem is available on http://support.hannelore.com. Query for \"troubleshooting 1000 events\".","OpCode":"None","RecordNumber":"071406","SourceName":"HssJbm","TaskCategory":"None","Type":"Warning","_raw":"00/06/0010 04:18:55 PM\nLogName=Application\nNbcjldEuuh=HssJbm\nZxjruJwks=1000\nEventType=3\nType=Warning\nComputerName=catherine.rebekah.ad.rebekah.fi\nWmvzDqlubluk=None\nOpCode=None\nEipevqKbqtoi=071406\nKeywords=Classic\nMessage=Security policies were propagated with warning. 0nf : The data is invalid.\r\n\r\nAdvanced help for this problem is available on http://support.hannelore.com. Query for \"troubleshooting 1000 events\".","_time":"2020-10-18T16:18:55.000-0400","dest":"catherine.rebekah.ad.rebekah.fi","dvc":"catherine","dvc_nt_host":"catherine","event_id":"071406","eventtype":"winapp wineventlog_application wineventlog_common wineventlog_windows","host":"catherine","id":"071406","index":"providencia","linecount":"14","punct":"//_::_\\r=\\r=\\r=\\r=\\r=\\r=....\\r=\\r=\\r=\\r=\\r=_____.__:____.\\r\\r\\r\\r","severity":"Warning","severity_id":"3","signature_id":"1000","source":"ProVidenCia:Application","sourcetype":"WinEventLog:Application","splunk_server":"ISA-L024","tag":"os\nwindows\nwindows_management","tag::eventtype":"os\nwindows\nwindows_management"}}
{"preview":true,"result":{"ComputerName":"catherine.rebekah.ad.rebekah.fi","EventCode":"1000","EventType":"3","Keywords":"Classic","LogName":"Application","Message":"Security policies were propagated with warning. 0nf : The data is invalid.\r\n\r\nAdvanced help for this problem is available on http://support.hannelore.com. Query for \"troubleshooting 1000 events\".","OpCode":"None","RecordNumber":"070714","SourceName":"HssJbm","TaskCategory":"None","Type":"Warning","_raw":"00/06/0010 04:13:47 PM\nLogName=Application\nNbcjldEuuh=HssJbm\nZxjruJwks=1000\nEventType=3\nType=Warning\nComputerName=catherine.rebekah.ad.rebekah.fi\nWmvzDqlubluk=None\nOpCode=None\nEipevqKbqtoi=070714\nKeywords=Classic\nMessage=Security policies were propagated with warning. 0nf : The data is invalid.\r\n\r\nAdvanced help for this problem is available on http://support.hannelore.com. Query for \"troubleshooting 1000 events\".","_time":"2020-10-18T16:13:47.000-0400","dest":"catherine.rebekah.ad.rebekah.fi","dvc":"catherine","dvc_nt_host":"catherine","event_id":"070714","eventtype":"winapp wineventlog_application wineventlog_common wineventlog_windows","host":"catherine","id":"070714","index":"providencia","linecount":"14","punct":"//_::_\\r=\\r=\\r=\\r=\\r=\\r=....\\r=\\r=\\r=\\r=\\r=_____.__:____.\\r\\r\\r\\r","severity":"Warning","severity_id":"3","signature_id":"1000","source":"ProVidenCia:Application","sourcetype":"WinEventLog:Application","splunk_server":"isa-l004.bm.kamilah","tag":"os\nwindows\nwindows_management","tag::eventtype":"os\nwindows\nwindows_management"}}
{"preview":true,"result":{"ComputerName":"catherine.rebekah.ad.rebekah.fi","EventCode":"1000","EventType":"3","Keywords":"Classic","LogName":"Application","Message":"Security policies were propagated with warning. 0nf : The data is invalid.\r\n\r\nAdvanced help for this problem is available on http://support.hannelore.com. Query for \"troubleshooting 1000 events\".","OpCode":"None","RecordNumber":"040114","SourceName":"HssJbm","TaskCategory":"None","Type":"Warning","_raw":"00/06/0010 04:08:39 PM\nLogName=Application\nNbcjldEuuh=HssJbm\nZxjruJwks=1000\nEventType=3\nType=Warning\nComputerName=catherine.rebekah.ad.rebekah.fi\nWmvzDqlubluk=None\nOpCode=None\nEipevqKbqtoi=040114\nKeywords=Classic\nMessage=Security policies were propagated with warning. 0nf : The data is invalid.\r\n\r\nAdvanced help for this problem is available on http://support.hannelore.com. Query for \"troubleshooting 1000 events\".","_time":"2020-10-18T16:08:39.000-0400","dest":"catherine.rebekah.ad.rebekah.fi","dvc":"catherine","dvc_nt_host":"catherine","event_id":"040114","eventtype":"winapp wineventlog_application wineventlog_common wineventlog_windows","host":"catherine","id":"040114","index":"providencia","linecount":"14","punct":"//_::_\\r=\\r=\\r=\\r=\\r=\\r=....\\r=\\r=\\r=\\r=\\r=_____.__:____.\\r\\r\\r\\r","severity":"Warning","severity_id":"3","signature_id":"1000","source":"ProVidenCia:Application","sourcetype":"WinEventLog:Application","splunk_server":"ISA-U013","tag":"os\nwindows\nwindows_management","tag::eventtype":"os\nwindows\nwindows_management"}}
{"preview":true,"result":{"ComputerName":"CAP-I040.rebekah.o.elly","EventCode":"15074","EventType":"4","Keywords":"Classic","LogName":"Application","Message":"Successfully scheduled Software Protection service for re-start at 0010-11-00P06:15:01E. Reason: KrfexXxqsqo.","OpCode":"The operation completed successfully.","RecordNumber":"01505","SourceName":"Hannelore-Windows-Security-ART","TaskCategory":"None","Type":"Information","_raw":"00/06/0010 04:07:01 PM\nLogName=Application\nNbcjldEuuh=Hannelore-Windows-Security-ART\nZxjruJwks=15074\nEventType=4\nType=Information\nComputerName=CAP-I040.rebekah.o.elly\nWmvzDqlubluk=None\nOpCode=The operation completed successfully.\nEipevqKbqtoi=01505\nKeywords=Classic\nMessage=Successfully scheduled Software Protection service for re-start at 0010-11-00P06:46:01E. Reason: KrfexXxqsqo.","_time":"2020-10-18T16:07:01.000-0400","dest":"CAP-I040.rebekah.o.elly","dvc":"CAP-I040","dvc_nt_host":"CAP-I040","event_id":"01505","eventtype":"winapp wineventlog_application wineventlog_common wineventlog_windows","host":"CAP-I040","id":"01505","index":"providencia","linecount":"12","punct":"//_::_==---====-...==___.===______-__--::._:_.","severity":"Information","severity_id":"4","signature_id":"15074","source":"ProVidenCia:Application","sourcetype":"WinEventLog:Application","splunk_server":"isa-l004.bm.kamilah","tag":"os\nwindows\nwindows_management","tag::eventtype":"os\nwindows\nwindows_management"}}
{"preview":true,"result":{"ComputerName":"CAP-I040.rebekah.o.elly","EventCode":"16130","EventType":"4","Keywords":"Classic","LogName":"Application","Message":"Wilfred catherina migration succeeded.","OpCode":"The operation completed successfully.","RecordNumber":"01002","SourceName":"Hannelore-Windows-Security-ART","TaskCategory":"None","Type":"Information","_raw":"00/06/0010 04:06:05 PM\nLogName=Application\nNbcjldEuuh=Hannelore-Windows-Security-ART\nZxjruJwks=16130\nEventType=4\nType=Information\nComputerName=CAP-I040.rebekah.o.elly\nWmvzDqlubluk=None\nOpCode=The operation completed successfully.\nEipevqKbqtoi=01002\nKeywords=Classic\nMessage=Wilfred catherina migration succeeded.","_time":"2020-10-18T16:06:05.000-0400","dest":"CAP-I040.rebekah.o.elly","dvc":"CAP-I040","dvc_nt_host":"CAP-I040","event_id":"01002","eventtype":"winapp wineventlog_application wineventlog_common wineventlog_windows","host":"CAP-I040","id":"01002","index":"providencia","linecount":"12","punct":"//_::_==---====-...==___.===___.","severity":"Information","severity_id":"4","signature_id":"16130","source":"ProVidenCia:Application","sourcetype":"WinEventLog:Application","splunk_server":"isa-l004.bm.kamilah","tag":"os\nwindows\nwindows_management","tag::eventtype":"os\nwindows\nwindows_management"}}
{"preview":true,"result":{"ComputerName":"catherine.rebekah.ad.rebekah.fi","EventCode":"1000","EventType":"3","Keywords":"Classic","LogName":"Application","Message":"Security policies were propagated with warning. 0nf : The data is invalid.\r\n\r\nAdvanced help for this problem is available on http://support.hannelore.com. Query for \"troubleshooting 1000 events\".","OpCode":"None","RecordNumber":"240731","SourceName":"HssJbm","TaskCategory":"None","Type":"Warning","_raw":"00/06/0010 04:03:31 PM\nLogName=Application\nNbcjldEuuh=HssJbm\nZxjruJwks=1000\nEventType=3\nType=Warning\nComputerName=catherine.rebekah.ad.rebekah.fi\nWmvzDqlubluk=None\nOpCode=None\nEipevqKbqtoi=240731\nKeywords=Classic\nMessage=Security policies were propagated with warning. 0nf : The data is invalid.\r\n\r\nAdvanced help for this problem is available on http://support.hannelore.com. Query for \"troubleshooting 1000 events\".","_time":"2020-10-18T16:03:31.000-0400","dest":"catherine.rebekah.ad.rebekah.fi","dvc":"catherine","dvc_nt_host":"catherine","event_id":"240731","eventtype":"winapp wineventlog_application wineventlog_common wineventlog_windows","host":"catherine","id":"240731","index":"providencia","linecount":"14","punct":"//_::_\\r=\\r=\\r=\\r=\\r=\\r=....\\r=\\r=\\r=\\r=\\r=_____.__:____.\\r\\r\\r\\r","severity":"Warning","severity_id":"3","signature_id":"1000","source":"ProVidenCia:Application","sourcetype":"WinEventLog:Application","splunk_server":"isa-d006.bm.kamilah","tag":"os\nwindows\nwindows_management","tag::eventtype":"os\nwindows\nwindows_management"}}
{"preview":true,"result":{"ComputerName":"catherine.rebekah.ad.rebekah.fi","EventCode":"1000","EventType":"3","Keywords":"Classic","LogName":"Application","Message":"Security policies were propagated with warning. 0nf : The data is invalid.\r\n\r\nAdvanced help for this problem is available on http://support.hannelore.com. Query for \"troubleshooting 1000 events\".","OpCode":"None","RecordNumber":"170025","SourceName":"HssJbm","TaskCategory":"None","Type":"Warning","_raw":"00/06/0010 03:58:27 PM\nLogName=Application\nNbcjldEuuh=HssJbm\nZxjruJwks=1000\nEventType=3\nType=Warning\nComputerName=catherine.rebekah.ad.rebekah.fi\nWmvzDqlubluk=None\nOpCode=None\nEipevqKbqtoi=170025\nKeywords=Classic\nMessage=Security policies were propagated with warning. 0nf : The data is invalid.\r\n\r\nAdvanced help for this problem is available on http://support.hannelore.com. Query for \"troubleshooting 1000 events\".","_time":"2020-10-18T15:58:27.000-0400","dest":"catherine.rebekah.ad.rebekah.fi","dvc":"catherine","dvc_nt_host":"catherine","event_id":"170025","eventtype":"winapp wineventlog_application wineventlog_common wineventlog_windows","host":"catherine","id":"170025","index":"providencia","linecount":"14","punct":"//_::_\\r=\\r=\\r=\\r=\\r=\\r=....\\r=\\r=\\r=\\r=\\r=_____.__:____.\\r\\r\\r\\r","severity":"Warning","severity_id":"3","signature_id":"1000","source":"ProVidenCia:Application","sourcetype":"WinEventLog:Application","splunk_server":"ISA-L024","tag":"os\nwindows\nwindows_management","tag::eventtype":"os\nwindows\nwindows_management"}}
{"preview":true,"result":{"ComputerName":"catherine.rebekah.ad.rebekah.fi","EventCode":"1000","EventType":"3","Keywords":"Classic","LogName":"Application","Message":"Security policies were propagated with warning. 0nf : The data is invalid.\r\n\r\nAdvanced help for this problem is available on http://support.hannelore.com. Query for \"troubleshooting 1000 events\".","OpCode":"None","RecordNumber":"150610","SourceName":"HssJbm","TaskCategory":"None","Type":"Warning","_raw":"00/06/0010 03:53:19 PM\nLogName=Application\nNbcjldEuuh=HssJbm\nZxjruJwks=1000\nEventType=3\nType=Warning\nComputerName=catherine.rebekah.ad.rebekah.fi\nWmvzDqlubluk=None\nOpCode=None\nEipevqKbqtoi=150610\nKeywords=Classic\nMessage=Security policies were propagated with warning. 0nf : The data is invalid.\r\n\r\nAdvanced help for this problem is available on http://support.hannelore.com. Query for \"troubleshooting 1000 events\".","_time":"2020-10-18T15:53:19.000-0400","dest":"catherine.rebekah.ad.rebekah.fi","dvc":"catherine","dvc_nt_host":"catherine","event_id":"150610","eventtype":"winapp wineventlog_application wineventlog_common wineventlog_windows","host":"catherine","id":"150610","index":"providencia","linecount":"14","punct":"//_::_\\r=\\r=\\r=\\r=\\r=\\r=....\\r=\\r=\\r=\\r=\\r=_____.__:____.\\r\\r\\r\\r","severity":"Warning","severity_id":"3","signature_id":"1000","source":"ProVidenCia:Application","sourcetype":"WinEventLog:Application","splunk_server":"ISA-U013","tag":"os\nwindows\nwindows_management","tag::eventtype":"os\nwindows\nwindows_management"}}
{"preview":true,"result":{"ComputerName":"catherine.rebekah.ad.rebekah.fi","EventCode":"1000","EventType":"3","Keywords":"Classic","LogName":"Application","Message":"Security policies were propagated with warning. 0nf : The data is invalid.\r\n\r\nAdvanced help for this problem is available on http://support.hannelore.com. Query for \"troubleshooting 1000 events\".","OpCode":"None","RecordNumber":"111121","SourceName":"HssJbm","TaskCategory":"None","Type":"Warning","_raw":"00/06/0010 03:48:11 PM\nLogName=Application\nNbcjldEuuh=HssJbm\nZxjruJwks=1000\nEventType=3\nType=Warning\nComputerName=catherine.rebekah.ad.rebekah.fi\nWmvzDqlubluk=None\nOpCode=None\nEipevqKbqtoi=111121\nKeywords=Classic\nMessage=Security policies were propagated with warning. 0nf : The data is invalid.\r\n\r\nAdvanced help for this problem is available on http://support.hannelore.com. Query for \"troubleshooting 1000 events\".","_time":"2020-10-18T15:48:11.000-0400","dest":"catherine.rebekah.ad.rebekah.fi","dvc":"catherine","dvc_nt_host":"catherine","event_id":"111121","eventtype":"winapp wineventlog_application wineventlog_common wineventlog_windows","host":"catherine","id":"111121","index":"providencia","linecount":"14","punct":"//_::_\\r=\\r=\\r=\\r=\\r=\\r=....\\r=\\r=\\r=\\r=\\r=_____.__:____.\\r\\r\\r\\r","severity":"Warning","severity_id":"3","signature_id":"1000","source":"ProVidenCia:Application","sourcetype":"WinEventLog:Application","splunk_server":"isa-d006.bm.kamilah","tag":"os\nwindows\nwindows_management","tag::eventtype":"os\nwindows\nwindows_management"}}
{"preview":true,"result":{"ComputerName":"catherine.rebekah.ad.rebekah.fi","EventCode":"1000","EventType":"3","Keywords":"Classic","LogName":"Application","Message":"Security policies were propagated with warning. 0nf : The data is invalid.\r\n\r\nAdvanced help for this problem is available on http://support.hannelore.com. Query for \"troubleshooting 1000 events\".","OpCode":"None","RecordNumber":"260020","SourceName":"HssJbm","TaskCategory":"None","Type":"Warning","_raw":"00/06/0010 03:43:03 PM\nLogName=Application\nNbcjldEuuh=HssJbm\nZxjruJwks=1000\nEventType=3\nType=Warning\nComputerName=catherine.rebekah.ad.rebekah.fi\nWmvzDqlubluk=None\nOpCode=None\nEipevqKbqtoi=260020\nKeywords=Classic\nMessage=Security policies were propagated with warning. 0nf : The data is invalid.\r\n\r\nAdvanced help for this problem is available on http://support.hannelore.com. Query for \"troubleshooting 1000 events\".","_time":"2020-10-18T15:43:03.000-0400","dest":"catherine.rebekah.ad.rebekah.fi","dvc":"catherine","dvc_nt_host":"catherine","event_id":"260020","eventtype":"winapp wineventlog_application wineventlog_common wineventlog_windows","host":"catherine","id":"260020","index":"providencia","linecount":"14","punct":"//_::_\\r=\\r=\\r=\\r=\\r=\\r=....\\r=\\r=\\r=\\r=\\r=_____.__:____.\\r\\r\\r\\r","severity":"Warning","severity_id":"3","signature_id":"1000","source":"ProVidenCia:Application","sourcetype":"WinEventLog:Application","splunk_server":"isa-d006.bm.kamilah","tag":"os\nwindows\nwindows_management","tag::eventtype":"os\nwindows\nwindows_management"}}
{"preview":true,"result":{"ComputerName":"catherine.rebekah.ad.rebekah.fi","EventCode":"1000","EventType":"3","Keywords":"Classic","LogName":"Application","Message":"Security policies were propagated with warning. 0nf : The data is invalid.\r\n\r\nAdvanced help for this problem is available on http://support.hannelore.com. Query for \"troubleshooting 1000 events\".","OpCode":"None","RecordNumber":"132201","SourceName":"HssJbm","TaskCategory":"None","Type":"Warning","_raw":"00/06/0010 03:37:55 PM\nLogName=Application\nNbcjldEuuh=HssJbm\nZxjruJwks=1000\nEventType=3\nType=Warning\nComputerName=catherine.rebekah.ad.rebekah.fi\nWmvzDqlubluk=None\nOpCode=None\nEipevqKbqtoi=132201\nKeywords=Classic\nMessage=Security policies were propagated with warning. 0nf : The data is invalid.\r\n\r\nAdvanced help for this problem is available on http://support.hannelore.com. Query for \"troubleshooting 1000 events\".","_time":"2020-10-18T15:37:55.000-0400","dest":"catherine.rebekah.ad.rebekah.fi","dvc":"catherine","dvc_nt_host":"catherine","event_id":"132201","eventtype":"winapp wineventlog_application wineventlog_common wineventlog_windows","host":"catherine","id":"132201","index":"providencia","linecount":"14","punct":"//_::_\\r=\\r=\\r=\\r=\\r=\\r=....\\r=\\r=\\r=\\r=\\r=_____.__:____.\\r\\r\\r\\r","severity":"Warning","severity_id":"3","signature_id":"1000","source":"ProVidenCia:Application","sourcetype":"WinEventLog:Application","splunk_server":"ISA-U013","tag":"os\nwindows\nwindows_management","tag::eventtype":"os\nwindows\nwindows_management"}}
{"preview":true,"result":{"ComputerName":"catherine.rebekah.ad.rebekah.fi","EventCode":"1000","EventType":"3","Keywords":"Classic","LogName":"Application","Message":"Security policies were propagated with warning. 0nf : The data is invalid.\r\n\r\nAdvanced help for this problem is available on http://support.hannelore.com. Query for \"troubleshooting 1000 events\".","OpCode":"None","RecordNumber":"230720","SourceName":"HssJbm","TaskCategory":"None","Type":"Warning","_raw":"00/06/0010 03:32:46 PM\nLogName=Application\nNbcjldEuuh=HssJbm\nZxjruJwks=1000\nEventType=3\nType=Warning\nComputerName=catherine.rebekah.ad.rebekah.fi\nWmvzDqlubluk=None\nOpCode=None\nEipevqKbqtoi=230720\nKeywords=Classic\nMessage=Security policies were propagated with warning. 0nf : The data is invalid.\r\n\r\nAdvanced help for this problem is available on http://support.hannelore.com. Query for \"troubleshooting 1000 events\".","_time":"2020-10-18T15:32:46.000-0400","dest":"catherine.rebekah.ad.rebekah.fi","dvc":"catherine","dvc_nt_host":"catherine","event_id":"230720","eventtype":"winapp wineventlog_application wineventlog_common wineventlog_windows","host":"catherine","id":"230720","index":"providencia","linecount":"14","punct":"//_::_\\r=\\r=\\r=\\r=\\r=\\r=....\\r=\\r=\\r=\\r=\\r=_____.__:____.\\r\\r\\r\\r","severity":"Warning","severity_id":"3","signature_id":"1000","source":"ProVidenCia:Application","sourcetype":"WinEventLog:Application","splunk_server":"ISA-U013","tag":"os\nwindows\nwindows_management","tag::eventtype":"os\nwindows\nwindows_management"}}
{"preview":true,"result":{"ComputerName":"catherine.rebekah.ad.rebekah.fi","EventCode":"1000","EventType":"3","Keywords":"Classic","LogName":"Application","Message":"Security policies were propagated with warning. 0nf : The data is invalid.\r\n\r\nAdvanced help for this problem is available on http://support.hannelore.com. Query for \"troubleshooting 1000 events\".","OpCode":"None","RecordNumber":"242009","SourceName":"HssJbm","TaskCategory":"None","Type":"Warning","_raw":"00/06/0010 03:27:38 PM\nLogName=Application\nNbcjldEuuh=HssJbm\nZxjruJwks=1000\nEventType=3\nType=Warning\nComputerName=catherine.rebekah.ad.rebekah.fi\nWmvzDqlubluk=None\nOpCode=None\nEipevqKbqtoi=242009\nKeywords=Classic\nMessage=Security policies were propagated with warning. 0nf : The data is invalid.\r\n\r\nAdvanced help for this problem is available on http://support.hannelore.com. Query for \"troubleshooting 1000 events\".","_time":"2020-10-18T15:27:38.000-0400","dest":"catherine.rebekah.ad.rebekah.fi","dvc":"catherine","dvc_nt_host":"catherine","event_id":"242009","eventtype":"winapp wineventlog_application wineventlog_common wineventlog_windows","host":"catherine","id":"242009","index":"providencia","linecount":"14","punct":"//_::_\\r=\\r=\\r=\\r=\\r=\\r=....\\r=\\r=\\r=\\r=\\r=_____.__:____.\\r\\r\\r\\r","severity":"Warning","severity_id":"3","signature_id":"1000","source":"ProVidenCia:Application","sourcetype":"WinEventLog:Application","splunk_server":"isa-l004.bm.kamilah","tag":"os\nwindows\nwindows_management","tag::eventtype":"os\nwindows\nwindows_management"}}
{"preview":true,"result":{"ComputerName":"catherine.rebekah.ad.rebekah.fi","EventCode":"1000","EventType":"3","Keywords":"Classic","LogName":"Application","Message":"Security policies were propagated with warning. 0nf : The data is invalid.\r\n\r\nAdvanced help for this problem is available on http://support.hannelore.com. Query for \"troubleshooting 1000 events\".","OpCode":"None","RecordNumber":"020120","SourceName":"HssJbm","TaskCategory":"None","Type":"Warning","_raw":"00/06/0010 03:22:30 PM\nLogName=Application\nNbcjldEuuh=HssJbm\nZxjruJwks=1000\nEventType=3\nType=Warning\nComputerName=catherine.rebekah.ad.rebekah.fi\nWmvzDqlubluk=None\nOpCode=None\nEipevqKbqtoi=020120\nKeywords=Classic\nMessage=Security policies were propagated with warning. 0nf : The data is invalid.\r\n\r\nAdvanced help for this problem is available on http://support.hannelore.com. Query for \"troubleshooting 1000 events\".","_time":"2020-10-18T15:22:30.000-0400","dest":"catherine.rebekah.ad.rebekah.fi","dvc":"catherine","dvc_nt_host":"catherine","event_id":"020120","eventtype":"winapp wineventlog_application wineventlog_common wineventlog_windows","host":"catherine","id":"020120","index":"providencia","linecount":"14","punct":"//_::_\\r=\\r=\\r=\\r=\\r=\\r=....\\r=\\r=\\r=\\r=\\r=_____.__:____.\\r\\r\\r\\r","severity":"Warning","severity_id":"3","signature_id":"1000","source":"ProVidenCia:Application","sourcetype":"WinEventLog:Application","splunk_server":"isa-l004.bm.kamilah","tag":"os\nwindows\nwindows_management","tag::eventtype":"os\nwindows\nwindows_management"}}
{"preview":true,"result":{"ComputerName":"catherine.rebekah.ad.rebekah.fi","EventCode":"1000","EventType":"3","Keywords":"Classic","LogName":"Application","Message":"Security policies were propagated with warning. 0nf : The data is invalid.\r\n\r\nAdvanced help for this problem is available on http://support.hannelore.com. Query for \"troubleshooting 1000 events\".","OpCode":"None","RecordNumber":"140126","SourceName":"HssJbm","TaskCategory":"None","Type":"Warning","_raw":"00/06/0010 03:17:22 PM\nLogName=Application\nNbcjldEuuh=HssJbm\nZxjruJwks=1000\nEventType=3\nType=Warning\nComputerName=catherine.rebekah.ad.rebekah.fi\nWmvzDqlubluk=None\nOpCode=None\nEipevqKbqtoi=140126\nKeywords=Classic\nMessage=Security policies were propagated with warning. 0nf : The data is invalid.\r\n\r\nAdvanced help for this problem is available on http://support.hannelore.com. Query for \"troubleshooting 1000 events\".","_time":"2020-10-18T15:17:22.000-0400","dest":"catherine.rebekah.ad.rebekah.fi","dvc":"catherine","dvc_nt_host":"catherine","event_id":"140126","eventtype":"winapp wineventlog_application wineventlog_common wineventlog_windows","host":"catherine","id":"140126","index":"providencia","linecount":"14","punct":"//_::_\\r=\\r=\\r=\\r=\\r=\\r=....\\r=\\r=\\r=\\r=\\r=_____.__:____.\\r\\r\\r\\r","severity":"Warning","severity_id":"3","signature_id":"1000","source":"ProVidenCia:Application","sourcetype":"WinEventLog:Application","splunk_server":"isa-d006.bm.kamilah","tag":"os\nwindows\nwindows_management","tag::eventtype":"os\nwindows\nwindows_management"}}
{"preview":true,"result":{"ComputerName":"catherine.rebekah.ad.rebekah.fi","EventCode":"1000","EventType":"3","Keywords":"Classic","LogName":"Application","Message":"Security policies were propagated with warning. 0nf : The data is invalid.\r\n\r\nAdvanced help for this problem is available on http://support.hannelore.com. Query for \"troubleshooting 1000 events\".","OpCode":"None","RecordNumber":"200726","SourceName":"HssJbm","TaskCategory":"None","Type":"Warning","_raw":"00/06/0010 03:12:14 PM\nLogName=Application\nNbcjldEuuh=HssJbm\nZxjruJwks=1000\nEventType=3\nType=Warning\nComputerName=catherine.rebekah.ad.rebekah.fi\nWmvzDqlubluk=None\nOpCode=None\nEipevqKbqtoi=200726\nKeywords=Classic\nMessage=Security policies were propagated with warning. 0nf : The data is invalid.\r\n\r\nAdvanced help for this problem is available on http://support.hannelore.com. Query for \"troubleshooting 1000 events\".","_time":"2020-10-18T15:12:14.000-0400","dest":"catherine.rebekah.ad.rebekah.fi","dvc":"catherine","dvc_nt_host":"catherine","event_id":"200726","eventtype":"winapp wineventlog_application wineventlog_common wineventlog_windows","host":"catherine","id":"200726","index":"providencia","linecount":"14","punct":"//_::_\\r=\\r=\\r=\\r=\\r=\\r=....\\r=\\r=\\r=\\r=\\r=_____.__:____.\\r\\r\\r\\r","severity":"Warning","severity_id":"3","signature_id":"1000","source":"ProVidenCia:Application","sourcetype":"WinEventLog:Application","splunk_server":"ISA-U013","tag":"os\nwindows\nwindows_management","tag::eventtype":"os\nwindows\nwindows_management"}}
{"preview":true,"result":{"ComputerName":"catherine.rebekah.ad.rebekah.fi","EventCode":"1000","EventType":"3","Keywords":"Classic","LogName":"Application","Message":"Security policies were propagated with warning. 0nf : The data is invalid.\r\n\r\nAdvanced help for this problem is available on http://support.hannelore.com. Query for \"troubleshooting 1000 events\".","OpCode":"None","RecordNumber":"232703","SourceName":"HssJbm","TaskCategory":"None","Type":"Warning","_raw":"00/06/0010 03:07:06 PM\nLogName=Application\nNbcjldEuuh=HssJbm\nZxjruJwks=1000\nEventType=3\nType=Warning\nComputerName=catherine.rebekah.ad.rebekah.fi\nWmvzDqlubluk=None\nOpCode=None\nEipevqKbqtoi=232703\nKeywords=Classic\nMessage=Security policies were propagated with warning. 0nf : The data is invalid.\r\n\r\nAdvanced help for this problem is available on http://support.hannelore.com. Query for \"troubleshooting 1000 events\".","_time":"2020-10-18T15:07:06.000-0400","dest":"catherine.rebekah.ad.rebekah.fi","dvc":"catherine","dvc_nt_host":"catherine","event_id":"232703","eventtype":"winapp wineventlog_application wineventlog_common wineventlog_windows","host":"catherine","id":"232703","index":"providencia","linecount":"14","punct":"//_::_\\r=\\r=\\r=\\r=\\r=\\r=....\\r=\\r=\\r=\\r=\\r=_____.__:____.\\r\\r\\r\\r","severity":"Warning","severity_id":"3","signature_id":"1000","source":"ProVidenCia:Application","sourcetype":"WinEventLog:Application","splunk_server":"ISA-U013","tag":"os\nwindows\nwindows_management","tag::eventtype":"os\nwindows\nwindows_management"}}
{"preview":true,"result":{"ComputerName":"catherine.rebekah.ad.rebekah.fi","EventCode":"1000","EventType":"3","Keywords":"Classic","LogName":"Application","Message":"Security policies were propagated with warning. 0nf : The data is invalid.\r\n\r\nAdvanced help for this problem is available on http://support.hannelore.com. Query for \"troubleshooting 1000 events\".","OpCode":"None","RecordNumber":"040223","SourceName":"HssJbm","TaskCategory":"None","Type":"Warning","_raw":"00/06/0010 03:01:57 PM\nLogName=Application\nNbcjldEuuh=HssJbm\nZxjruJwks=1000\nEventType=3\nType=Warning\nComputerName=catherine.rebekah.ad.rebekah.fi\nWmvzDqlubluk=None\nOpCode=None\nEipevqKbqtoi=040223\nKeywords=Classic\nMessage=Security policies were propagated with warning. 0nf : The data is invalid.\r\n\r\nAdvanced help for this problem is available on http://support.hannelore.com. Query for \"troubleshooting 1000 events\".","_time":"2020-10-18T15:01:57.000-0400","dest":"catherine.rebekah.ad.rebekah.fi","dvc":"catherine","dvc_nt_host":"catherine","event_id":"040223","eventtype":"winapp wineventlog_application wineventlog_common wineventlog_windows","host":"catherine","id":"040223","index":"providencia","linecount":"14","punct":"//_::_\\r=\\r=\\r=\\r=\\r=\\r=....\\r=\\r=\\r=\\r=\\r=_____.__:____.\\r\\r\\r\\r","severity":"Warning","severity_id":"3","signature_id":"1000","source":"ProVidenCia:Application","sourcetype":"WinEventLog:Application","splunk_server":"isa-d006.bm.kamilah","tag":"os\nwindows\nwindows_management","tag::eventtype":"os\nwindows\nwindows_management"}}
{"preview":true,"result":{"ComputerName":"catherine.rebekah.ad.rebekah.fi","EventCode":"1000","EventType":"3","Keywords":"Classic","LogName":"Application","Message":"Security policies were propagated with warning. 0nf : The data is invalid.\r\n\r\nAdvanced help for this problem is available on http://support.hannelore.com. Query for \"troubleshooting 1000 events\".","OpCode":"None","RecordNumber":"002022","SourceName":"HssJbm","TaskCategory":"None","Type":"Warning","_raw":"00/06/0010 02:56:53 PM\nLogName=Application\nNbcjldEuuh=HssJbm\nZxjruJwks=1000\nEventType=3\nType=Warning\nComputerName=catherine.rebekah.ad.rebekah.fi\nWmvzDqlubluk=None\nOpCode=None\nEipevqKbqtoi=002022\nKeywords=Classic\nMessage=Security policies were propagated with warning. 0nf : The data is invalid.\r\n\r\nAdvanced help for this problem is available on http://support.hannelore.com. Query for \"troubleshooting 1000 events\".","_time":"2020-10-18T14:56:53.000-0400","dest":"catherine.rebekah.ad.rebekah.fi","dvc":"catherine","dvc_nt_host":"catherine","event_id":"002022","eventtype":"winapp wineventlog_application wineventlog_common wineventlog_windows","host":"catherine","id":"002022","index":"providencia","linecount":"14","punct":"//_::_\\r=\\r=\\r=\\r=\\r=\\r=....\\r=\\r=\\r=\\r=\\r=_____.__:____.\\r\\r\\r\\r","severity":"Warning","severity_id":"3","signature_id":"1000","source":"ProVidenCia:Application","sourcetype":"WinEventLog:Application","splunk_server":"isa-d006.bm.kamilah","tag":"os\nwindows\nwindows_management","tag::eventtype":"os\nwindows\nwindows_management"}}
{"preview":true,"result":{"ComputerName":"catherine.rebekah.ad.rebekah.fi","EventCode":"1000","EventType":"3","Keywords":"Classic","LogName":"Application","Message":"Security policies were propagated with warning. 0nf : The data is invalid.\r\n\r\nAdvanced help for this problem is available on http://support.hannelore.com. Query for \"troubleshooting 1000 events\".","OpCode":"None","RecordNumber":"020020","SourceName":"HssJbm","TaskCategory":"None","Type":"Warning","_raw":"00/06/0010 02:51:49 PM\nLogName=Application\nNbcjldEuuh=HssJbm\nZxjruJwks=1000\nEventType=3\nType=Warning\nComputerName=catherine.rebekah.ad.rebekah.fi\nWmvzDqlubluk=None\nOpCode=None\nEipevqKbqtoi=020020\nKeywords=Classic\nMessage=Security policies were propagated with warning. 0nf : The data is invalid.\r\n\r\nAdvanced help for this problem is available on http://support.hannelore.com. Query for \"troubleshooting 1000 events\".","_time":"2020-10-18T14:51:49.000-0400","dest":"catherine.rebekah.ad.rebekah.fi","dvc":"catherine","dvc_nt_host":"catherine","event_id":"020020","eventtype":"winapp wineventlog_application wineventlog_common wineventlog_windows","host":"catherine","id":"020020","index":"providencia","linecount":"14","punct":"//_::_\\r=\\r=\\r=\\r=\\r=\\r=....\\r=\\r=\\r=\\r=\\r=_____.__:____.\\r\\r\\r\\r","severity":"Warning","severity_id":"3","signature_id":"1000","source":"ProVidenCia:Application","sourcetype":"WinEventLog:Application","splunk_server":"isa-d006.bm.kamilah","tag":"os\nwindows\nwindows_management","tag::eventtype":"os\nwindows\nwindows_management"}}
{"preview":true,"result":{"ComputerName":"catherine.rebekah.ad.rebekah.fi","EventCode":"1000","EventType":"3","Keywords":"Classic","LogName":"Application","Message":"Security policies were propagated with warning. 0nf : The data is invalid.\r\n\r\nAdvanced help for this problem is available on http://support.hannelore.com. Query for \"troubleshooting 1000 events\".","OpCode":"None","RecordNumber":"061301","SourceName":"HssJbm","TaskCategory":"None","Type":"Warning","_raw":"00/06/0010 02:46:41 PM\nLogName=Application\nNbcjldEuuh=HssJbm\nZxjruJwks=1000\nEventType=3\nType=Warning\nComputerName=catherine.rebekah.ad.rebekah.fi\nWmvzDqlubluk=None\nOpCode=None\nEipevqKbqtoi=061301\nKeywords=Classic\nMessage=Security policies were propagated with warning. 0nf : The data is invalid.\r\n\r\nAdvanced help for this problem is available on http://support.hannelore.com. Query for \"troubleshooting 1000 events\".","_time":"2020-10-18T14:46:41.000-0400","dest":"catherine.rebekah.ad.rebekah.fi","dvc":"catherine","dvc_nt_host":"catherine","event_id":"061301","eventtype":"winapp wineventlog_application wineventlog_common wineventlog_windows","host":"catherine","id":"061301","index":"providencia","linecount":"14","punct":"//_::_\\r=\\r=\\r=\\r=\\r=\\r=....\\r=\\r=\\r=\\r=\\r=_____.__:____.\\r\\r\\r\\r","severity":"Warning","severity_id":"3","signature_id":"1000","source":"ProVidenCia:Application","sourcetype":"WinEventLog:Application","splunk_server":"ISA-U013","tag":"os\nwindows\nwindows_management","tag::eventtype":"os\nwindows\nwindows_management"}}
{"preview":true,"result":{"ComputerName":"catherine.rebekah.ad.rebekah.fi","EventCode":"1000","EventType":"3","Keywords":"Classic","LogName":"Application","Message":"Security policies were propagated with warning. 0nf : The data is invalid.\r\n\r\nAdvanced help for this problem is available on http://support.hannelore.com. Query for \"troubleshooting 1000 events\".","OpCode":"None","RecordNumber":"100310","SourceName":"HssJbm","TaskCategory":"None","Type":"Warning","_raw":"00/06/0010 02:41:35 PM\nLogName=Application\nNbcjldEuuh=HssJbm\nZxjruJwks=1000\nEventType=3\nType=Warning\nComputerName=catherine.rebekah.ad.rebekah.fi\nWmvzDqlubluk=None\nOpCode=None\nEipevqKbqtoi=100310\nKeywords=Classic\nMessage=Security policies were propagated with warning. 0nf : The data is invalid.\r\n\r\nAdvanced help for this problem is available on http://support.hannelore.com. Query for \"troubleshooting 1000 events\".","_time":"2020-10-18T14:41:35.000-0400","dest":"catherine.rebekah.ad.rebekah.fi","dvc":"catherine","dvc_nt_host":"catherine","event_id":"100310","eventtype":"winapp wineventlog_application wineventlog_common wineventlog_windows","host":"catherine","id":"100310","index":"providencia","linecount":"14","punct":"//_::_\\r=\\r=\\r=\\r=\\r=\\r=....\\r=\\r=\\r=\\r=\\r=_____.__:____.\\r\\r\\r\\r","severity":"Warning","severity_id":"3","signature_id":"1000","source":"ProVidenCia:Application","sourcetype":"WinEventLog:Application","splunk_server":"isa-l004.bm.kamilah","tag":"os\nwindows\nwindows_management","tag::eventtype":"os\nwindows\nwindows_management"}}
{"preview":true,"result":{"ComputerName":"catherine.rebekah.ad.rebekah.fi","EventCode":"1000","EventType":"3","Keywords":"Classic","LogName":"Application","Message":"Security policies were propagated with warning. 0nf : The data is invalid.\r\n\r\nAdvanced help for this problem is available on http://support.hannelore.com. Query for \"troubleshooting 1000 events\".","OpCode":"None","RecordNumber":"260600","SourceName":"HssJbm","TaskCategory":"None","Type":"Warning","_raw":"00/06/0010 02:36:28 PM\nLogName=Application\nNbcjldEuuh=HssJbm\nZxjruJwks=1000\nEventType=3\nType=Warning\nComputerName=catherine.rebekah.ad.rebekah.fi\nWmvzDqlubluk=None\nOpCode=None\nEipevqKbqtoi=260600\nKeywords=Classic\nMessage=Security policies were propagated with warning. 0nf : The data is invalid.\r\n\r\nAdvanced help for this problem is available on http://support.hannelore.com. Query for \"troubleshooting 1000 events\".","_time":"2020-10-18T14:36:28.000-0400","dest":"catherine.rebekah.ad.rebekah.fi","dvc":"catherine","dvc_nt_host":"catherine","event_id":"260600","eventtype":"winapp wineventlog_application wineventlog_common wineventlog_windows","host":"catherine","id":"260600","index":"providencia","linecount":"14","punct":"//_::_\\r=\\r=\\r=\\r=\\r=\\r=....\\r=\\r=\\r=\\r=\\r=_____.__:____.\\r\\r\\r\\r","severity":"Warning","severity_id":"3","signature_id":"1000","source":"ProVidenCia:Application","sourcetype":"WinEventLog:Application","splunk_server":"isa-d006.bm.kamilah","tag":"os\nwindows\nwindows_management","tag::eventtype":"os\nwindows\nwindows_management"}}
{"preview":true,"result":{"ComputerName":"catherine.rebekah.ad.rebekah.fi","EventCode":"1000","EventType":"3","Keywords":"Classic","LogName":"Application","Message":"Security policies were propagated with warning. 0nf : The data is invalid.\r\n\r\nAdvanced help for this problem is available on http://support.hannelore.com. Query for \"troubleshooting 1000 events\".","OpCode":"None","RecordNumber":"050404","SourceName":"HssJbm","TaskCategory":"None","Type":"Warning","_raw":"00/06/0010 02:31:19 PM\nLogName=Application\nNbcjldEuuh=HssJbm\nZxjruJwks=1000\nEventType=3\nType=Warning\nComputerName=catherine.rebekah.ad.rebekah.fi\nWmvzDqlubluk=None\nOpCode=None\nEipevqKbqtoi=050404\nKeywords=Classic\nMessage=Security policies were propagated with warning. 0nf : The data is invalid.\r\n\r\nAdvanced help for this problem is available on http://support.hannelore.com. Query for \"troubleshooting 1000 events\".","_time":"2020-10-18T14:31:19.000-0400","dest":"catherine.rebekah.ad.rebekah.fi","dvc":"catherine","dvc_nt_host":"catherine","event_id":"050404","eventtype":"winapp wineventlog_application wineventlog_common wineventlog_windows","host":"catherine","id":"050404","index":"providencia","linecount":"14","punct":"//_::_\\r=\\r=\\r=\\r=\\r=\\r=....\\r=\\r=\\r=\\r=\\r=_____.__:____.\\r\\r\\r\\r","severity":"Warning","severity_id":"3","signature_id":"1000","source":"ProVidenCia:Application","sourcetype":"WinEventLog:Application","splunk_server":"ISA-U013","tag":"os\nwindows\nwindows_management","tag::eventtype":"os\nwindows\nwindows_management"}}
{"preview":true,"result":{"ComputerName":"catherine.rebekah.ad.rebekah.fi","EventCode":"1000","EventType":"3","Keywords":"Classic","LogName":"Application","Message":"Security policies were propagated with warning. 0nf : The data is invalid.\r\n\r\nAdvanced help for this problem is available on http://support.hannelore.com. Query for \"troubleshooting 1000 events\".","OpCode":"None","RecordNumber":"030116","SourceName":"HssJbm","TaskCategory":"None","Type":"Warning","_raw":"00/06/0010 02:26:12 PM\nLogName=Application\nNbcjldEuuh=HssJbm\nZxjruJwks=1000\nEventType=3\nType=Warning\nComputerName=catherine.rebekah.ad.rebekah.fi\nWmvzDqlubluk=None\nOpCode=None\nEipevqKbqtoi=030116\nKeywords=Classic\nMessage=Security policies were propagated with warning. 0nf : The data is invalid.\r\n\r\nAdvanced help for this problem is available on http://support.hannelore.com. Query for \"troubleshooting 1000 events\".","_time":"2020-10-18T14:26:12.000-0400","dest":"catherine.rebekah.ad.rebekah.fi","dvc":"catherine","dvc_nt_host":"catherine","event_id":"030116","eventtype":"winapp wineventlog_application wineventlog_common wineventlog_windows","host":"catherine","id":"030116","index":"providencia","linecount":"14","punct":"//_::_\\r=\\r=\\r=\\r=\\r=\\r=....\\r=\\r=\\r=\\r=\\r=_____.__:____.\\r\\r\\r\\r","severity":"Warning","severity_id":"3","signature_id":"1000","source":"ProVidenCia:Application","sourcetype":"WinEventLog:Application","splunk_server":"ISA-U013","tag":"os\nwindows\nwindows_management","tag::eventtype":"os\nwindows\nwindows_management"}}
{"preview":true,"result":{"ComputerName":"catherine.rebekah.ad.rebekah.fi","EventCode":"1000","EventType":"3","Keywords":"Classic","LogName":"Application","Message":"Security policies were propagated with warning. 0nf : The data is invalid.\r\n\r\nAdvanced help for this problem is available on http://support.hannelore.com. Query for \"troubleshooting 1000 events\".","OpCode":"None","RecordNumber":"062611","SourceName":"HssJbm","TaskCategory":"None","Type":"Warning","_raw":"00/06/0010 02:21:08 PM\nLogName=Application\nNbcjldEuuh=HssJbm\nZxjruJwks=1000\nEventType=3\nType=Warning\nComputerName=catherine.rebekah.ad.rebekah.fi\nWmvzDqlubluk=None\nOpCode=None\nEipevqKbqtoi=062611\nKeywords=Classic\nMessage=Security policies were propagated with warning. 0nf : The data is invalid.\r\n\r\nAdvanced help for this problem is available on http://support.hannelore.com. Query for \"troubleshooting 1000 events\".","_time":"2020-10-18T14:21:08.000-0400","dest":"catherine.rebekah.ad.rebekah.fi","dvc":"catherine","dvc_nt_host":"catherine","event_id":"062611","eventtype":"winapp wineventlog_application wineventlog_common wineventlog_windows","host":"catherine","id":"062611","index":"providencia","linecount":"14","punct":"//_::_\\r=\\r=\\r=\\r=\\r=\\r=....\\r=\\r=\\r=\\r=\\r=_____.__:____.\\r\\r\\r\\r","severity":"Warning","severity_id":"3","signature_id":"1000","source":"ProVidenCia:Application","sourcetype":"WinEventLog:Application","splunk_server":"ISA-L024","tag":"os\nwindows\nwindows_management","tag::eventtype":"os\nwindows\nwindows_management"}}
{"preview":true,"result":{"ComputerName":"catherine.rebekah.ad.rebekah.fi","EventCode":"1000","EventType":"3","Keywords":"Classic","LogName":"Application","Message":"Security policies were propagated with warning. 0nf : The data is invalid.\r\n\r\nAdvanced help for this problem is available on http://support.hannelore.com. Query for \"troubleshooting 1000 events\".","OpCode":"None","RecordNumber":"270310","SourceName":"HssJbm","TaskCategory":"None","Type":"Warning","_raw":"00/06/0010 02:15:59 PM\nLogName=Application\nNbcjldEuuh=HssJbm\nZxjruJwks=1000\nEventType=3\nType=Warning\nComputerName=catherine.rebekah.ad.rebekah.fi\nWmvzDqlubluk=None\nOpCode=None\nEipevqKbqtoi=270310\nKeywords=Classic\nMessage=Security policies were propagated with warning. 0nf : The data is invalid.\r\n\r\nAdvanced help for this problem is available on http://support.hannelore.com. Query for \"troubleshooting 1000 events\".","_time":"2020-10-18T14:15:59.000-0400","dest":"catherine.rebekah.ad.rebekah.fi","dvc":"catherine","dvc_nt_host":"catherine","event_id":"270310","eventtype":"winapp wineventlog_application wineventlog_common wineventlog_windows","host":"catherine","id":"270310","index":"providencia","linecount":"14","punct":"//_::_\\r=\\r=\\r=\\r=\\r=\\r=....\\r=\\r=\\r=\\r=\\r=_____.__:____.\\r\\r\\r\\r","severity":"Warning","severity_id":"3","signature_id":"1000","source":"ProVidenCia:Application","sourcetype":"WinEventLog:Application","splunk_server":"ISA-L024","tag":"os\nwindows\nwindows_management","tag::eventtype":"os\nwindows\nwindows_management"}}
{"preview":true,"result":{"ComputerName":"catherine.rebekah.ad.rebekah.fi","EventCode":"1000","EventType":"3","Keywords":"Classic","LogName":"Application","Message":"Security policies were propagated with warning. 0nf : The data is invalid.\r\n\r\nAdvanced help for this problem is available on http://support.hannelore.com. Query for \"troubleshooting 1000 events\".","OpCode":"None","RecordNumber":"162214","SourceName":"HssJbm","TaskCategory":"None","Type":"Warning","_raw":"00/06/0010 02:10:51 PM\nLogName=Application\nNbcjldEuuh=HssJbm\nZxjruJwks=1000\nEventType=3\nType=Warning\nComputerName=catherine.rebekah.ad.rebekah.fi\nWmvzDqlubluk=None\nOpCode=None\nEipevqKbqtoi=162214\nKeywords=Classic\nMessage=Security policies were propagated with warning. 0nf : The data is invalid.\r\n\r\nAdvanced help for this problem is available on http://support.hannelore.com. Query for \"troubleshooting 1000 events\".","_time":"2020-10-18T14:10:51.000-0400","dest":"catherine.rebekah.ad.rebekah.fi","dvc":"catherine","dvc_nt_host":"catherine","event_id":"162214","eventtype":"winapp wineventlog_application wineventlog_common wineventlog_windows","host":"catherine","id":"162214","index":"providencia","linecount":"14","punct":"//_::_\\r=\\r=\\r=\\r=\\r=\\r=....\\r=\\r=\\r=\\r=\\r=_____.__:____.\\r\\r\\r\\r","severity":"Warning","severity_id":"3","signature_id":"1000","source":"ProVidenCia:Application","sourcetype":"WinEventLog:Application","splunk_server":"isa-l004.bm.kamilah","tag":"os\nwindows\nwindows_management","tag::eventtype":"os\nwindows\nwindows_management"}}
{"preview":true,"result":{"ComputerName":"catherine.rebekah.ad.rebekah.fi","EventCode":"1000","EventType":"3","Keywords":"Classic","LogName":"Application","Message":"Security policies were propagated with warning. 0nf : The data is invalid.\r\n\r\nAdvanced help for this problem is available on http://support.hannelore.com. Query for \"troubleshooting 1000 events\".","OpCode":"None","RecordNumber":"260201","SourceName":"HssJbm","TaskCategory":"None","Type":"Warning","_raw":"00/06/0010 02:05:42 PM\nLogName=Application\nNbcjldEuuh=HssJbm\nZxjruJwks=1000\nEventType=3\nType=Warning\nComputerName=catherine.rebekah.ad.rebekah.fi\nWmvzDqlubluk=None\nOpCode=None\nEipevqKbqtoi=260201\nKeywords=Classic\nMessage=Security policies were propagated with warning. 0nf : The data is invalid.\r\n\r\nAdvanced help for this problem is available on http://support.hannelore.com. Query for \"troubleshooting 1000 events\".","_time":"2020-10-18T14:05:42.000-0400","dest":"catherine.rebekah.ad.rebekah.fi","dvc":"catherine","dvc_nt_host":"catherine","event_id":"260201","eventtype":"winapp wineventlog_application wineventlog_common wineventlog_windows","host":"catherine","id":"260201","index":"providencia","linecount":"14","punct":"//_::_\\r=\\r=\\r=\\r=\\r=\\r=....\\r=\\r=\\r=\\r=\\r=_____.__:____.\\r\\r\\r\\r","severity":"Warning","severity_id":"3","signature_id":"1000","source":"ProVidenCia:Application","sourcetype":"WinEventLog:Application","splunk_server":"ISA-L024","tag":"os\nwindows\nwindows_management","tag::eventtype":"os\nwindows\nwindows_management"}}
{"preview":true,"result":{"ComputerName":"catherine.rebekah.ad.rebekah.fi","EventCode":"1000","EventType":"3","Keywords":"Classic","LogName":"Application","Message":"Security policies were propagated with warning. 0nf : The data is invalid.\r\n\r\nAdvanced help for this problem is available on http://support.hannelore.com. Query for \"troubleshooting 1000 events\".","OpCode":"None","RecordNumber":"242612","SourceName":"HssJbm","TaskCategory":"None","Type":"Warning","_raw":"00/06/0010 02:00:38 PM\nLogName=Application\nNbcjldEuuh=HssJbm\nZxjruJwks=1000\nEventType=3\nType=Warning\nComputerName=catherine.rebekah.ad.rebekah.fi\nWmvzDqlubluk=None\nOpCode=None\nEipevqKbqtoi=242612\nKeywords=Classic\nMessage=Security policies were propagated with warning. 0nf : The data is invalid.\r\n\r\nAdvanced help for this problem is available on http://support.hannelore.com. Query for \"troubleshooting 1000 events\".","_time":"2020-10-18T14:00:38.000-0400","dest":"catherine.rebekah.ad.rebekah.fi","dvc":"catherine","dvc_nt_host":"catherine","event_id":"242612","eventtype":"winapp wineventlog_application wineventlog_common wineventlog_windows","host":"catherine","id":"242612","index":"providencia","linecount":"14","punct":"//_::_\\r=\\r=\\r=\\r=\\r=\\r=....\\r=\\r=\\r=\\r=\\r=_____.__:____.\\r\\r\\r\\r","severity":"Warning","severity_id":"3","signature_id":"1000","source":"ProVidenCia:Application","sourcetype":"WinEventLog:Application","splunk_server":"ISA-U013","tag":"os\nwindows\nwindows_management","tag::eventtype":"os\nwindows\nwindows_management"}}
{"preview":true,"result":{"ComputerName":"catherine.rebekah.ad.rebekah.fi","EventCode":"1000","EventType":"3","Keywords":"Classic","LogName":"Application","Message":"Security policies were propagated with warning. 0nf : The data is invalid.\r\n\r\nAdvanced help for this problem is available on http://support.hannelore.com. Query for \"troubleshooting 1000 events\".","OpCode":"None","RecordNumber":"240000","SourceName":"HssJbm","TaskCategory":"None","Type":"Warning","_raw":"00/06/0010 01:55:30 PM\nLogName=Application\nNbcjldEuuh=HssJbm\nZxjruJwks=1000\nEventType=3\nType=Warning\nComputerName=catherine.rebekah.ad.rebekah.fi\nWmvzDqlubluk=None\nOpCode=None\nEipevqKbqtoi=240000\nKeywords=Classic\nMessage=Security policies were propagated with warning. 0nf : The data is invalid.\r\n\r\nAdvanced help for this problem is available on http://support.hannelore.com. Query for \"troubleshooting 1000 events\".","_time":"2020-10-18T13:55:30.000-0400","dest":"catherine.rebekah.ad.rebekah.fi","dvc":"catherine","dvc_nt_host":"catherine","event_id":"240000","eventtype":"winapp wineventlog_application wineventlog_common wineventlog_windows","host":"catherine","id":"240000","index":"providencia","linecount":"14","punct":"//_::_\\r=\\r=\\r=\\r=\\r=\\r=....\\r=\\r=\\r=\\r=\\r=_____.__:____.\\r\\r\\r\\r","severity":"Warning","severity_id":"3","signature_id":"1000","source":"ProVidenCia:Application","sourcetype":"WinEventLog:Application","splunk_server":"isa-l004.bm.kamilah","tag":"os\nwindows\nwindows_management","tag::eventtype":"os\nwindows\nwindows_management"}}
