{"preview":true,"result":{"ComputerName":"christena.sherill.ad.sherill.uk","EventCode":"0002","EventType":"3","Keywords":"Classic","LogName":"Application","Message":"Security policies were propagated with warning. 0mi : The data is invalid.\r\n\r\nAdvanced help for this problem is available on http://support.jaqueline.com. Query for \"troubleshooting 0002 events\".","OpCode":"None","RecordNumber":"130030","SourceName":"KhoCvl","TaskCategory":"None","Type":"Warning","_raw":"03/00/0010 02:48:30 AM\nLogName=Application\nBfghbvNcbu=KhoCvl\nTnqamFsxr=0002\nEventType=3\nType=Warning\nComputerName=christena.sherill.ad.sherill.uk\nMvydNcrnwgcw=None\nOpCode=None\nMrsoicTjmcnk=130030\nKeywords=Classic\nMessage=Security policies were propagated with warning. 0mi : The data is invalid.\r\n\r\nAdvanced help for this problem is available on http://support.jaqueline.com. Query for \"troubleshooting 0002 events\".","_time":"2020-08-10T02:48:30.000-0400","dest":"christena.sherill.ad.sherill.uk","dvc":"christena","dvc_nt_host":"christena","event_id":"130030","eventtype":"winapp wineventlog_application wineventlog_common wineventlog_windows","host":"christena","id":"130030","index":"alejandrina","linecount":"14","punct":"//_::_\\r=\\r=\\r=\\r=\\r=\\r=....\\r=\\r=\\r=\\r=\\r=_____.__:____.\\r\\r\\r\\r","severity":"Warning","severity_id":"3","signature_id":"0002","source":"AleJandrIna:Application","sourcetype":"WinEventLog:Application","splunk_server":"HYO-G006","tag":"os\nwindows\nwindows_management","tag::eventtype":"os\nwindows\nwindows_management"}}
{"preview":true,"result":{"ComputerName":"christena.sherill.ad.sherill.uk","EventCode":"0002","EventType":"3","Keywords":"Classic","LogName":"Application","Message":"Security policies were propagated with warning. 0mi : The data is invalid.\r\n\r\nAdvanced help for this problem is available on http://support.jaqueline.com. Query for \"troubleshooting 0002 events\".","OpCode":"None","RecordNumber":"151083","SourceName":"KhoCvl","TaskCategory":"None","Type":"Warning","_raw":"03/00/0010 02:38:13 AM\nLogName=Application\nBfghbvNcbu=KhoCvl\nTnqamFsxr=0002\nEventType=3\nType=Warning\nComputerName=christena.sherill.ad.sherill.uk\nMvydNcrnwgcw=None\nOpCode=None\nMrsoicTjmcnk=151083\nKeywords=Classic\nMessage=Security policies were propagated with warning. 0mi : The data is invalid.\r\n\r\nAdvanced help for this problem is available on http://support.jaqueline.com. Query for \"troubleshooting 0002 events\".","_time":"2020-08-10T02:38:13.000-0400","dest":"christena.sherill.ad.sherill.uk","dvc":"christena","dvc_nt_host":"christena","event_id":"151083","eventtype":"winapp wineventlog_application wineventlog_common wineventlog_windows","host":"christena","id":"151083","index":"alejandrina","linecount":"14","punct":"//_::_\\r=\\r=\\r=\\r=\\r=\\r=....\\r=\\r=\\r=\\r=\\r=_____.__:____.\\r\\r\\r\\r","severity":"Warning","severity_id":"3","signature_id":"0002","source":"AleJandrIna:Application","sourcetype":"WinEventLog:Application","splunk_server":"HYO-G006","tag":"os\nwindows\nwindows_management","tag::eventtype":"os\nwindows\nwindows_management"}}
{"preview":true,"result":{"ComputerName":"christena.sherill.ad.sherill.uk","EventCode":"0002","EventType":"3","Keywords":"Classic","LogName":"Application","Message":"Security policies were propagated with warning. 0mi : The data is invalid.\r\n\r\nAdvanced help for this problem is available on http://support.jaqueline.com. Query for \"troubleshooting 0002 events\".","OpCode":"None","RecordNumber":"232054","SourceName":"KhoCvl","TaskCategory":"None","Type":"Warning","_raw":"03/00/0010 02:07:25 AM\nLogName=Application\nBfghbvNcbu=KhoCvl\nTnqamFsxr=0002\nEventType=3\nType=Warning\nComputerName=christena.sherill.ad.sherill.uk\nMvydNcrnwgcw=None\nOpCode=None\nMrsoicTjmcnk=232054\nKeywords=Classic\nMessage=Security policies were propagated with warning. 0mi : The data is invalid.\r\n\r\nAdvanced help for this problem is available on http://support.jaqueline.com. Query for \"troubleshooting 0002 events\".","_time":"2020-08-10T02:07:25.000-0400","dest":"christena.sherill.ad.sherill.uk","dvc":"christena","dvc_nt_host":"christena","event_id":"232054","eventtype":"winapp wineventlog_application wineventlog_common wineventlog_windows","host":"christena","id":"232054","index":"alejandrina","linecount":"14","punct":"//_::_\\r=\\r=\\r=\\r=\\r=\\r=....\\r=\\r=\\r=\\r=\\r=_____.__:____.\\r\\r\\r\\r","severity":"Warning","severity_id":"3","signature_id":"0002","source":"AleJandrIna:Application","sourcetype":"WinEventLog:Application","splunk_server":"HYO-G006","tag":"os\nwindows\nwindows_management","tag::eventtype":"os\nwindows\nwindows_management"}}
{"preview":true,"result":{"ComputerName":"christena.sherill.ad.sherill.uk","EventCode":"0002","EventType":"3","Keywords":"Classic","LogName":"Application","Message":"Security policies were propagated with warning. 0mi : The data is invalid.\r\n\r\nAdvanced help for this problem is available on http://support.jaqueline.com. Query for \"troubleshooting 0002 events\".","OpCode":"None","RecordNumber":"101031","SourceName":"KhoCvl","TaskCategory":"None","Type":"Warning","_raw":"03/00/0010 02:02:17 AM\nLogName=Application\nBfghbvNcbu=KhoCvl\nTnqamFsxr=0002\nEventType=3\nType=Warning\nComputerName=christena.sherill.ad.sherill.uk\nMvydNcrnwgcw=None\nOpCode=None\nMrsoicTjmcnk=101031\nKeywords=Classic\nMessage=Security policies were propagated with warning. 0mi : The data is invalid.\r\n\r\nAdvanced help for this problem is available on http://support.jaqueline.com. Query for \"troubleshooting 0002 events\".","_time":"2020-08-10T02:02:17.000-0400","dest":"christena.sherill.ad.sherill.uk","dvc":"christena","dvc_nt_host":"christena","event_id":"101031","eventtype":"winapp wineventlog_application wineventlog_common wineventlog_windows","host":"christena","id":"101031","index":"alejandrina","linecount":"14","punct":"//_::_\\r=\\r=\\r=\\r=\\r=\\r=....\\r=\\r=\\r=\\r=\\r=_____.__:____.\\r\\r\\r\\r","severity":"Warning","severity_id":"3","signature_id":"0002","source":"AleJandrIna:Application","sourcetype":"WinEventLog:Application","splunk_server":"HYO-G006","tag":"os\nwindows\nwindows_management","tag::eventtype":"os\nwindows\nwindows_management"}}
{"preview":true,"result":{"ComputerName":"christena.sherill.ad.sherill.uk","EventCode":"0002","EventType":"3","Keywords":"Classic","LogName":"Application","Message":"Security policies were propagated with warning. 0mi : The data is invalid.\r\n\r\nAdvanced help for this problem is available on http://support.jaqueline.com. Query for \"troubleshooting 0002 events\".","OpCode":"None","RecordNumber":"001022","SourceName":"KhoCvl","TaskCategory":"None","Type":"Warning","_raw":"03/00/0010 01:36:36 AM\nLogName=Application\nBfghbvNcbu=KhoCvl\nTnqamFsxr=0002\nEventType=3\nType=Warning\nComputerName=christena.sherill.ad.sherill.uk\nMvydNcrnwgcw=None\nOpCode=None\nMrsoicTjmcnk=001022\nKeywords=Classic\nMessage=Security policies were propagated with warning. 0mi : The data is invalid.\r\n\r\nAdvanced help for this problem is available on http://support.jaqueline.com. Query for \"troubleshooting 0002 events\".","_time":"2020-08-10T01:36:36.000-0400","dest":"christena.sherill.ad.sherill.uk","dvc":"christena","dvc_nt_host":"christena","event_id":"001022","eventtype":"winapp wineventlog_application wineventlog_common wineventlog_windows","host":"christena","id":"001022","index":"alejandrina","linecount":"14","punct":"//_::_\\r=\\r=\\r=\\r=\\r=\\r=....\\r=\\r=\\r=\\r=\\r=_____.__:____.\\r\\r\\r\\r","severity":"Warning","severity_id":"3","signature_id":"0002","source":"AleJandrIna:Application","sourcetype":"WinEventLog:Application","splunk_server":"HYO-G006","tag":"os\nwindows\nwindows_management","tag::eventtype":"os\nwindows\nwindows_management"}}
{"preview":true,"result":{"ComputerName":"christena.sherill.ad.sherill.uk","EventCode":"0002","EventType":"3","Keywords":"Classic","LogName":"Application","Message":"Security policies were propagated with warning. 0mi : The data is invalid.\r\n\r\nAdvanced help for this problem is available on http://support.jaqueline.com. Query for \"troubleshooting 0002 events\".","OpCode":"None","RecordNumber":"233161","SourceName":"KhoCvl","TaskCategory":"None","Type":"Warning","_raw":"03/00/0010 01:26:20 AM\nLogName=Application\nBfghbvNcbu=KhoCvl\nTnqamFsxr=0002\nEventType=3\nType=Warning\nComputerName=christena.sherill.ad.sherill.uk\nMvydNcrnwgcw=None\nOpCode=None\nMrsoicTjmcnk=233161\nKeywords=Classic\nMessage=Security policies were propagated with warning. 0mi : The data is invalid.\r\n\r\nAdvanced help for this problem is available on http://support.jaqueline.com. Query for \"troubleshooting 0002 events\".","_time":"2020-08-10T01:26:20.000-0400","dest":"christena.sherill.ad.sherill.uk","dvc":"christena","dvc_nt_host":"christena","event_id":"233161","eventtype":"winapp wineventlog_application wineventlog_common wineventlog_windows","host":"christena","id":"233161","index":"alejandrina","linecount":"14","punct":"//_::_\\r=\\r=\\r=\\r=\\r=\\r=....\\r=\\r=\\r=\\r=\\r=_____.__:____.\\r\\r\\r\\r","severity":"Warning","severity_id":"3","signature_id":"0002","source":"AleJandrIna:Application","sourcetype":"WinEventLog:Application","splunk_server":"HYO-G006","tag":"os\nwindows\nwindows_management","tag::eventtype":"os\nwindows\nwindows_management"}}
{"preview":true,"result":{"ComputerName":"christena.sherill.ad.sherill.uk","EventCode":"0002","EventType":"3","Keywords":"Classic","LogName":"Application","Message":"Security policies were propagated with warning. 0mi : The data is invalid.\r\n\r\nAdvanced help for this problem is available on http://support.jaqueline.com. Query for \"troubleshooting 0002 events\".","OpCode":"None","RecordNumber":"152000","SourceName":"KhoCvl","TaskCategory":"None","Type":"Warning","_raw":"03/00/0010 01:00:38 AM\nLogName=Application\nBfghbvNcbu=KhoCvl\nTnqamFsxr=0002\nEventType=3\nType=Warning\nComputerName=christena.sherill.ad.sherill.uk\nMvydNcrnwgcw=None\nOpCode=None\nMrsoicTjmcnk=152000\nKeywords=Classic\nMessage=Security policies were propagated with warning. 0mi : The data is invalid.\r\n\r\nAdvanced help for this problem is available on http://support.jaqueline.com. Query for \"troubleshooting 0002 events\".","_time":"2020-08-10T01:00:38.000-0400","dest":"christena.sherill.ad.sherill.uk","dvc":"christena","dvc_nt_host":"christena","event_id":"152000","eventtype":"winapp wineventlog_application wineventlog_common wineventlog_windows","host":"christena","id":"152000","index":"alejandrina","linecount":"14","punct":"//_::_\\r=\\r=\\r=\\r=\\r=\\r=....\\r=\\r=\\r=\\r=\\r=_____.__:____.\\r\\r\\r\\r","severity":"Warning","severity_id":"3","signature_id":"0002","source":"AleJandrIna:Application","sourcetype":"WinEventLog:Application","splunk_server":"HYO-G006","tag":"os\nwindows\nwindows_management","tag::eventtype":"os\nwindows\nwindows_management"}}
{"preview":true,"result":{"ComputerName":"christena.sherill.ad.sherill.uk","EventCode":"0002","EventType":"3","Keywords":"Classic","LogName":"Application","Message":"Security policies were propagated with warning. 0mi : The data is invalid.\r\n\r\nAdvanced help for this problem is available on http://support.jaqueline.com. Query for \"troubleshooting 0002 events\".","OpCode":"None","RecordNumber":"212161","SourceName":"KhoCvl","TaskCategory":"None","Type":"Warning","_raw":"03/00/0010 12:50:22 AM\nLogName=Application\nBfghbvNcbu=KhoCvl\nTnqamFsxr=0002\nEventType=3\nType=Warning\nComputerName=christena.sherill.ad.sherill.uk\nMvydNcrnwgcw=None\nOpCode=None\nMrsoicTjmcnk=212161\nKeywords=Classic\nMessage=Security policies were propagated with warning. 0mi : The data is invalid.\r\n\r\nAdvanced help for this problem is available on http://support.jaqueline.com. Query for \"troubleshooting 0002 events\".","_time":"2020-08-10T00:50:22.000-0400","dest":"christena.sherill.ad.sherill.uk","dvc":"christena","dvc_nt_host":"christena","event_id":"212161","eventtype":"winapp wineventlog_application wineventlog_common wineventlog_windows","host":"christena","id":"212161","index":"alejandrina","linecount":"14","punct":"//_::_\\r=\\r=\\r=\\r=\\r=\\r=....\\r=\\r=\\r=\\r=\\r=_____.__:____.\\r\\r\\r\\r","severity":"Warning","severity_id":"3","signature_id":"0002","source":"AleJandrIna:Application","sourcetype":"WinEventLog:Application","splunk_server":"HYO-G006","tag":"os\nwindows\nwindows_management","tag::eventtype":"os\nwindows\nwindows_management"}}
{"preview":true,"result":{"ComputerName":"christena.sherill.ad.sherill.uk","EventCode":"0002","EventType":"3","Keywords":"Classic","LogName":"Application","Message":"Security policies were propagated with warning. 0mi : The data is invalid.\r\n\r\nAdvanced help for this problem is available on http://support.jaqueline.com. Query for \"troubleshooting 0002 events\".","OpCode":"None","RecordNumber":"141131","SourceName":"KhoCvl","TaskCategory":"None","Type":"Warning","_raw":"03/08/0010 11:53:43 PM\nLogName=Application\nBfghbvNcbu=KhoCvl\nTnqamFsxr=0002\nEventType=3\nType=Warning\nComputerName=christena.sherill.ad.sherill.uk\nMvydNcrnwgcw=None\nOpCode=None\nMrsoicTjmcnk=141131\nKeywords=Classic\nMessage=Security policies were propagated with warning. 0mi : The data is invalid.\r\n\r\nAdvanced help for this problem is available on http://support.jaqueline.com. Query for \"troubleshooting 0002 events\".","_time":"2020-08-09T23:53:43.000-0400","dest":"christena.sherill.ad.sherill.uk","dvc":"christena","dvc_nt_host":"christena","event_id":"141131","eventtype":"winapp wineventlog_application wineventlog_common wineventlog_windows","host":"christena","id":"141131","index":"alejandrina","linecount":"14","punct":"//_::_\\r=\\r=\\r=\\r=\\r=\\r=....\\r=\\r=\\r=\\r=\\r=_____.__:____.\\r\\r\\r\\r","severity":"Warning","severity_id":"3","signature_id":"0002","source":"AleJandrIna:Application","sourcetype":"WinEventLog:Application","splunk_server":"HYO-G006","tag":"os\nwindows\nwindows_management","tag::eventtype":"os\nwindows\nwindows_management"}}
{"preview":true,"result":{"ComputerName":"christena.sherill.ad.sherill.uk","EventCode":"0002","EventType":"3","Keywords":"Classic","LogName":"Application","Message":"Security policies were propagated with warning. 0mi : The data is invalid.\r\n\r\nAdvanced help for this problem is available on http://support.jaqueline.com. Query for \"troubleshooting 0002 events\".","OpCode":"None","RecordNumber":"243010","SourceName":"KhoCvl","TaskCategory":"None","Type":"Warning","_raw":"03/08/0010 11:43:27 PM\nLogName=Application\nBfghbvNcbu=KhoCvl\nTnqamFsxr=0002\nEventType=3\nType=Warning\nComputerName=christena.sherill.ad.sherill.uk\nMvydNcrnwgcw=None\nOpCode=None\nMrsoicTjmcnk=243010\nKeywords=Classic\nMessage=Security policies were propagated with warning. 0mi : The data is invalid.\r\n\r\nAdvanced help for this problem is available on http://support.jaqueline.com. Query for \"troubleshooting 0002 events\".","_time":"2020-08-09T23:43:27.000-0400","dest":"christena.sherill.ad.sherill.uk","dvc":"christena","dvc_nt_host":"christena","event_id":"243010","eventtype":"winapp wineventlog_application wineventlog_common wineventlog_windows","host":"christena","id":"243010","index":"alejandrina","linecount":"14","punct":"//_::_\\r=\\r=\\r=\\r=\\r=\\r=....\\r=\\r=\\r=\\r=\\r=_____.__:____.\\r\\r\\r\\r","severity":"Warning","severity_id":"3","signature_id":"0002","source":"AleJandrIna:Application","sourcetype":"WinEventLog:Application","splunk_server":"HYO-G006","tag":"os\nwindows\nwindows_management","tag::eventtype":"os\nwindows\nwindows_management"}}
{"preview":true,"result":{"ComputerName":"christena.sherill.ad.sherill.uk","EventCode":"0002","EventType":"3","Keywords":"Classic","LogName":"Application","Message":"Security policies were propagated with warning. 0mi : The data is invalid.\r\n\r\nAdvanced help for this problem is available on http://support.jaqueline.com. Query for \"troubleshooting 0002 events\".","OpCode":"None","RecordNumber":"142046","SourceName":"KhoCvl","TaskCategory":"None","Type":"Warning","_raw":"03/08/0010 11:33:10 PM\nLogName=Application\nBfghbvNcbu=KhoCvl\nTnqamFsxr=0002\nEventType=3\nType=Warning\nComputerName=christena.sherill.ad.sherill.uk\nMvydNcrnwgcw=None\nOpCode=None\nMrsoicTjmcnk=142046\nKeywords=Classic\nMessage=Security policies were propagated with warning. 0mi : The data is invalid.\r\n\r\nAdvanced help for this problem is available on http://support.jaqueline.com. Query for \"troubleshooting 0002 events\".","_time":"2020-08-09T23:33:10.000-0400","dest":"christena.sherill.ad.sherill.uk","dvc":"christena","dvc_nt_host":"christena","event_id":"142046","eventtype":"winapp wineventlog_application wineventlog_common wineventlog_windows","host":"christena","id":"142046","index":"alejandrina","linecount":"14","punct":"//_::_\\r=\\r=\\r=\\r=\\r=\\r=....\\r=\\r=\\r=\\r=\\r=_____.__:____.\\r\\r\\r\\r","severity":"Warning","severity_id":"3","signature_id":"0002","source":"AleJandrIna:Application","sourcetype":"WinEventLog:Application","splunk_server":"HYO-G006","tag":"os\nwindows\nwindows_management","tag::eventtype":"os\nwindows\nwindows_management"}}
{"preview":true,"result":{"ComputerName":"christena.sherill.ad.sherill.uk","EventCode":"0002","EventType":"3","Keywords":"Classic","LogName":"Application","Message":"Security policies were propagated with warning. 0mi : The data is invalid.\r\n\r\nAdvanced help for this problem is available on http://support.jaqueline.com. Query for \"troubleshooting 0002 events\".","OpCode":"None","RecordNumber":"050032","SourceName":"KhoCvl","TaskCategory":"None","Type":"Warning","_raw":"03/08/0010 11:07:29 PM\nLogName=Application\nBfghbvNcbu=KhoCvl\nTnqamFsxr=0002\nEventType=3\nType=Warning\nComputerName=christena.sherill.ad.sherill.uk\nMvydNcrnwgcw=None\nOpCode=None\nMrsoicTjmcnk=050032\nKeywords=Classic\nMessage=Security policies were propagated with warning. 0mi : The data is invalid.\r\n\r\nAdvanced help for this problem is available on http://support.jaqueline.com. Query for \"troubleshooting 0002 events\".","_time":"2020-08-09T23:07:29.000-0400","dest":"christena.sherill.ad.sherill.uk","dvc":"christena","dvc_nt_host":"christena","event_id":"050032","eventtype":"winapp wineventlog_application wineventlog_common wineventlog_windows","host":"christena","id":"050032","index":"alejandrina","linecount":"14","punct":"//_::_\\r=\\r=\\r=\\r=\\r=\\r=....\\r=\\r=\\r=\\r=\\r=_____.__:____.\\r\\r\\r\\r","severity":"Warning","severity_id":"3","signature_id":"0002","source":"AleJandrIna:Application","sourcetype":"WinEventLog:Application","splunk_server":"HYO-G006","tag":"os\nwindows\nwindows_management","tag::eventtype":"os\nwindows\nwindows_management"}}
{"preview":true,"result":{"ComputerName":"christena.sherill.ad.sherill.uk","EventCode":"0002","EventType":"3","Keywords":"Classic","LogName":"Application","Message":"Security policies were propagated with warning. 0mi : The data is invalid.\r\n\r\nAdvanced help for this problem is available on http://support.jaqueline.com. Query for \"troubleshooting 0002 events\".","OpCode":"None","RecordNumber":"210110","SourceName":"KhoCvl","TaskCategory":"None","Type":"Warning","_raw":"03/08/0010 10:31:32 PM\nLogName=Application\nBfghbvNcbu=KhoCvl\nTnqamFsxr=0002\nEventType=3\nType=Warning\nComputerName=christena.sherill.ad.sherill.uk\nMvydNcrnwgcw=None\nOpCode=None\nMrsoicTjmcnk=210110\nKeywords=Classic\nMessage=Security policies were propagated with warning. 0mi : The data is invalid.\r\n\r\nAdvanced help for this problem is available on http://support.jaqueline.com. Query for \"troubleshooting 0002 events\".","_time":"2020-08-09T22:31:32.000-0400","dest":"christena.sherill.ad.sherill.uk","dvc":"christena","dvc_nt_host":"christena","event_id":"210110","eventtype":"winapp wineventlog_application wineventlog_common wineventlog_windows","host":"christena","id":"210110","index":"alejandrina","linecount":"14","punct":"//_::_\\r=\\r=\\r=\\r=\\r=\\r=....\\r=\\r=\\r=\\r=\\r=_____.__:____.\\r\\r\\r\\r","severity":"Warning","severity_id":"3","signature_id":"0002","source":"AleJandrIna:Application","sourcetype":"WinEventLog:Application","splunk_server":"HYO-G006","tag":"os\nwindows\nwindows_management","tag::eventtype":"os\nwindows\nwindows_management"}}
{"preview":true,"result":{"ComputerName":"christena.sherill.ad.sherill.uk","EventCode":"0002","EventType":"3","Keywords":"Classic","LogName":"Application","Message":"Security policies were propagated with warning. 0mi : The data is invalid.\r\n\r\nAdvanced help for this problem is available on http://support.jaqueline.com. Query for \"troubleshooting 0002 events\".","OpCode":"None","RecordNumber":"103002","SourceName":"KhoCvl","TaskCategory":"None","Type":"Warning","_raw":"03/08/0010 10:16:08 PM\nLogName=Application\nBfghbvNcbu=KhoCvl\nTnqamFsxr=0002\nEventType=3\nType=Warning\nComputerName=christena.sherill.ad.sherill.uk\nMvydNcrnwgcw=None\nOpCode=None\nMrsoicTjmcnk=103002\nKeywords=Classic\nMessage=Security policies were propagated with warning. 0mi : The data is invalid.\r\n\r\nAdvanced help for this problem is available on http://support.jaqueline.com. Query for \"troubleshooting 0002 events\".","_time":"2020-08-09T22:16:08.000-0400","dest":"christena.sherill.ad.sherill.uk","dvc":"christena","dvc_nt_host":"christena","event_id":"103002","eventtype":"winapp wineventlog_application wineventlog_common wineventlog_windows","host":"christena","id":"103002","index":"alejandrina","linecount":"14","punct":"//_::_\\r=\\r=\\r=\\r=\\r=\\r=....\\r=\\r=\\r=\\r=\\r=_____.__:____.\\r\\r\\r\\r","severity":"Warning","severity_id":"3","signature_id":"0002","source":"AleJandrIna:Application","sourcetype":"WinEventLog:Application","splunk_server":"HYO-G006","tag":"os\nwindows\nwindows_management","tag::eventtype":"os\nwindows\nwindows_management"}}
{"preview":true,"result":{"ComputerName":"christena.sherill.ad.sherill.uk","EventCode":"0002","EventType":"3","Keywords":"Classic","LogName":"Application","Message":"Security policies were propagated with warning. 0mi : The data is invalid.\r\n\r\nAdvanced help for this problem is available on http://support.jaqueline.com. Query for \"troubleshooting 0002 events\".","OpCode":"None","RecordNumber":"152120","SourceName":"KhoCvl","TaskCategory":"None","Type":"Warning","_raw":"03/08/0010 09:55:35 PM\nLogName=Application\nBfghbvNcbu=KhoCvl\nTnqamFsxr=0002\nEventType=3\nType=Warning\nComputerName=christena.sherill.ad.sherill.uk\nMvydNcrnwgcw=None\nOpCode=None\nMrsoicTjmcnk=152120\nKeywords=Classic\nMessage=Security policies were propagated with warning. 0mi : The data is invalid.\r\n\r\nAdvanced help for this problem is available on http://support.jaqueline.com. Query for \"troubleshooting 0002 events\".","_time":"2020-08-09T21:55:35.000-0400","dest":"christena.sherill.ad.sherill.uk","dvc":"christena","dvc_nt_host":"christena","event_id":"152120","eventtype":"winapp wineventlog_application wineventlog_common wineventlog_windows","host":"christena","id":"152120","index":"alejandrina","linecount":"14","punct":"//_::_\\r=\\r=\\r=\\r=\\r=\\r=....\\r=\\r=\\r=\\r=\\r=_____.__:____.\\r\\r\\r\\r","severity":"Warning","severity_id":"3","signature_id":"0002","source":"AleJandrIna:Application","sourcetype":"WinEventLog:Application","splunk_server":"HYO-G006","tag":"os\nwindows\nwindows_management","tag::eventtype":"os\nwindows\nwindows_management"}}
{"preview":true,"result":{"ComputerName":"christena.sherill.ad.sherill.uk","EventCode":"0002","EventType":"3","Keywords":"Classic","LogName":"Application","Message":"Security policies were propagated with warning. 0mi : The data is invalid.\r\n\r\nAdvanced help for this problem is available on http://support.jaqueline.com. Query for \"troubleshooting 0002 events\".","OpCode":"None","RecordNumber":"000128","SourceName":"KhoCvl","TaskCategory":"None","Type":"Warning","_raw":"03/08/0010 09:50:26 PM\nLogName=Application\nBfghbvNcbu=KhoCvl\nTnqamFsxr=0002\nEventType=3\nType=Warning\nComputerName=christena.sherill.ad.sherill.uk\nMvydNcrnwgcw=None\nOpCode=None\nMrsoicTjmcnk=000128\nKeywords=Classic\nMessage=Security policies were propagated with warning. 0mi : The data is invalid.\r\n\r\nAdvanced help for this problem is available on http://support.jaqueline.com. Query for \"troubleshooting 0002 events\".","_time":"2020-08-09T21:50:26.000-0400","dest":"christena.sherill.ad.sherill.uk","dvc":"christena","dvc_nt_host":"christena","event_id":"000128","eventtype":"winapp wineventlog_application wineventlog_common wineventlog_windows","host":"christena","id":"000128","index":"alejandrina","linecount":"14","punct":"//_::_\\r=\\r=\\r=\\r=\\r=\\r=....\\r=\\r=\\r=\\r=\\r=_____.__:____.\\r\\r\\r\\r","severity":"Warning","severity_id":"3","signature_id":"0002","source":"AleJandrIna:Application","sourcetype":"WinEventLog:Application","splunk_server":"HYO-G006","tag":"os\nwindows\nwindows_management","tag::eventtype":"os\nwindows\nwindows_management"}}
{"preview":true,"result":{"ComputerName":"christena.sherill.ad.sherill.uk","EventCode":"0002","EventType":"3","Keywords":"Classic","LogName":"Application","Message":"Security policies were propagated with warning. 0mi : The data is invalid.\r\n\r\nAdvanced help for this problem is available on http://support.jaqueline.com. Query for \"troubleshooting 0002 events\".","OpCode":"None","RecordNumber":"153110","SourceName":"KhoCvl","TaskCategory":"None","Type":"Warning","_raw":"03/08/0010 09:45:18 PM\nLogName=Application\nBfghbvNcbu=KhoCvl\nTnqamFsxr=0002\nEventType=3\nType=Warning\nComputerName=christena.sherill.ad.sherill.uk\nMvydNcrnwgcw=None\nOpCode=None\nMrsoicTjmcnk=153110\nKeywords=Classic\nMessage=Security policies were propagated with warning. 0mi : The data is invalid.\r\n\r\nAdvanced help for this problem is available on http://support.jaqueline.com. Query for \"troubleshooting 0002 events\".","_time":"2020-08-09T21:45:18.000-0400","dest":"christena.sherill.ad.sherill.uk","dvc":"christena","dvc_nt_host":"christena","event_id":"153110","eventtype":"winapp wineventlog_application wineventlog_common wineventlog_windows","host":"christena","id":"153110","index":"alejandrina","linecount":"14","punct":"//_::_\\r=\\r=\\r=\\r=\\r=\\r=....\\r=\\r=\\r=\\r=\\r=_____.__:____.\\r\\r\\r\\r","severity":"Warning","severity_id":"3","signature_id":"0002","source":"AleJandrIna:Application","sourcetype":"WinEventLog:Application","splunk_server":"HYO-G006","tag":"os\nwindows\nwindows_management","tag::eventtype":"os\nwindows\nwindows_management"}}
{"preview":true,"result":{"ComputerName":"christena.sherill.ad.sherill.uk","EventCode":"0002","EventType":"3","Keywords":"Classic","LogName":"Application","Message":"Security policies were propagated with warning. 0mi : The data is invalid.\r\n\r\nAdvanced help for this problem is available on http://support.jaqueline.com. Query for \"troubleshooting 0002 events\".","OpCode":"None","RecordNumber":"002110","SourceName":"KhoCvl","TaskCategory":"None","Type":"Warning","_raw":"03/08/0010 09:40:10 PM\nLogName=Application\nBfghbvNcbu=KhoCvl\nTnqamFsxr=0002\nEventType=3\nType=Warning\nComputerName=christena.sherill.ad.sherill.uk\nMvydNcrnwgcw=None\nOpCode=None\nMrsoicTjmcnk=002110\nKeywords=Classic\nMessage=Security policies were propagated with warning. 0mi : The data is invalid.\r\n\r\nAdvanced help for this problem is available on http://support.jaqueline.com. Query for \"troubleshooting 0002 events\".","_time":"2020-08-09T21:40:10.000-0400","dest":"christena.sherill.ad.sherill.uk","dvc":"christena","dvc_nt_host":"christena","event_id":"002110","eventtype":"winapp wineventlog_application wineventlog_common wineventlog_windows","host":"christena","id":"002110","index":"alejandrina","linecount":"14","punct":"//_::_\\r=\\r=\\r=\\r=\\r=\\r=....\\r=\\r=\\r=\\r=\\r=_____.__:____.\\r\\r\\r\\r","severity":"Warning","severity_id":"3","signature_id":"0002","source":"AleJandrIna:Application","sourcetype":"WinEventLog:Application","splunk_server":"HYO-G006","tag":"os\nwindows\nwindows_management","tag::eventtype":"os\nwindows\nwindows_management"}}
{"preview":true,"result":{"ComputerName":"christena.sherill.ad.sherill.uk","EventCode":"0002","EventType":"3","Keywords":"Classic","LogName":"Application","Message":"Security policies were propagated with warning. 0mi : The data is invalid.\r\n\r\nAdvanced help for this problem is available on http://support.jaqueline.com. Query for \"troubleshooting 0002 events\".","OpCode":"None","RecordNumber":"140023","SourceName":"KhoCvl","TaskCategory":"None","Type":"Warning","_raw":"03/08/0010 09:35:02 PM\nLogName=Application\nBfghbvNcbu=KhoCvl\nTnqamFsxr=0002\nEventType=3\nType=Warning\nComputerName=christena.sherill.ad.sherill.uk\nMvydNcrnwgcw=None\nOpCode=None\nMrsoicTjmcnk=140023\nKeywords=Classic\nMessage=Security policies were propagated with warning. 0mi : The data is invalid.\r\n\r\nAdvanced help for this problem is available on http://support.jaqueline.com. Query for \"troubleshooting 0002 events\".","_time":"2020-08-09T21:35:02.000-0400","dest":"christena.sherill.ad.sherill.uk","dvc":"christena","dvc_nt_host":"christena","event_id":"140023","eventtype":"winapp wineventlog_application wineventlog_common wineventlog_windows","host":"christena","id":"140023","index":"alejandrina","linecount":"14","punct":"//_::_\\r=\\r=\\r=\\r=\\r=\\r=....\\r=\\r=\\r=\\r=\\r=_____.__:____.\\r\\r\\r\\r","severity":"Warning","severity_id":"3","signature_id":"0002","source":"AleJandrIna:Application","sourcetype":"WinEventLog:Application","splunk_server":"HYO-G006","tag":"os\nwindows\nwindows_management","tag::eventtype":"os\nwindows\nwindows_management"}}
{"preview":true,"result":{"ComputerName":"christena.sherill.ad.sherill.uk","EventCode":"0002","EventType":"3","Keywords":"Classic","LogName":"Application","Message":"Security policies were propagated with warning. 0mi : The data is invalid.\r\n\r\nAdvanced help for this problem is available on http://support.jaqueline.com. Query for \"troubleshooting 0002 events\".","OpCode":"None","RecordNumber":"253001","SourceName":"KhoCvl","TaskCategory":"None","Type":"Warning","_raw":"03/08/0010 08:59:04 PM\nLogName=Application\nBfghbvNcbu=KhoCvl\nTnqamFsxr=0002\nEventType=3\nType=Warning\nComputerName=christena.sherill.ad.sherill.uk\nMvydNcrnwgcw=None\nOpCode=None\nMrsoicTjmcnk=253001\nKeywords=Classic\nMessage=Security policies were propagated with warning. 0mi : The data is invalid.\r\n\r\nAdvanced help for this problem is available on http://support.jaqueline.com. Query for \"troubleshooting 0002 events\".","_time":"2020-08-09T20:59:04.000-0400","dest":"christena.sherill.ad.sherill.uk","dvc":"christena","dvc_nt_host":"christena","event_id":"253001","eventtype":"winapp wineventlog_application wineventlog_common wineventlog_windows","host":"christena","id":"253001","index":"alejandrina","linecount":"14","punct":"//_::_\\r=\\r=\\r=\\r=\\r=\\r=....\\r=\\r=\\r=\\r=\\r=_____.__:____.\\r\\r\\r\\r","severity":"Warning","severity_id":"3","signature_id":"0002","source":"AleJandrIna:Application","sourcetype":"WinEventLog:Application","splunk_server":"HYO-G006","tag":"os\nwindows\nwindows_management","tag::eventtype":"os\nwindows\nwindows_management"}}
{"preview":true,"result":{"ComputerName":"christena.sherill.ad.sherill.uk","EventCode":"0002","EventType":"3","Keywords":"Classic","LogName":"Application","Message":"Security policies were propagated with warning. 0mi : The data is invalid.\r\n\r\nAdvanced help for this problem is available on http://support.jaqueline.com. Query for \"troubleshooting 0002 events\".","OpCode":"None","RecordNumber":"140005","SourceName":"KhoCvl","TaskCategory":"None","Type":"Warning","_raw":"03/08/0010 08:43:40 PM\nLogName=Application\nBfghbvNcbu=KhoCvl\nTnqamFsxr=0002\nEventType=3\nType=Warning\nComputerName=christena.sherill.ad.sherill.uk\nMvydNcrnwgcw=None\nOpCode=None\nMrsoicTjmcnk=140005\nKeywords=Classic\nMessage=Security policies were propagated with warning. 0mi : The data is invalid.\r\n\r\nAdvanced help for this problem is available on http://support.jaqueline.com. Query for \"troubleshooting 0002 events\".","_time":"2020-08-09T20:43:40.000-0400","dest":"christena.sherill.ad.sherill.uk","dvc":"christena","dvc_nt_host":"christena","event_id":"140005","eventtype":"winapp wineventlog_application wineventlog_common wineventlog_windows","host":"christena","id":"140005","index":"alejandrina","linecount":"14","punct":"//_::_\\r=\\r=\\r=\\r=\\r=\\r=....\\r=\\r=\\r=\\r=\\r=_____.__:____.\\r\\r\\r\\r","severity":"Warning","severity_id":"3","signature_id":"0002","source":"AleJandrIna:Application","sourcetype":"WinEventLog:Application","splunk_server":"HYO-G006","tag":"os\nwindows\nwindows_management","tag::eventtype":"os\nwindows\nwindows_management"}}
{"preview":true,"result":{"ComputerName":"christena.sherill.ad.sherill.uk","EventCode":"0002","EventType":"3","Keywords":"Classic","LogName":"Application","Message":"Security policies were propagated with warning. 0mi : The data is invalid.\r\n\r\nAdvanced help for this problem is available on http://support.jaqueline.com. Query for \"troubleshooting 0002 events\".","OpCode":"None","RecordNumber":"032005","SourceName":"KhoCvl","TaskCategory":"None","Type":"Warning","_raw":"03/08/0010 08:38:31 PM\nLogName=Application\nBfghbvNcbu=KhoCvl\nTnqamFsxr=0002\nEventType=3\nType=Warning\nComputerName=christena.sherill.ad.sherill.uk\nMvydNcrnwgcw=None\nOpCode=None\nMrsoicTjmcnk=032005\nKeywords=Classic\nMessage=Security policies were propagated with warning. 0mi : The data is invalid.\r\n\r\nAdvanced help for this problem is available on http://support.jaqueline.com. Query for \"troubleshooting 0002 events\".","_time":"2020-08-09T20:38:31.000-0400","dest":"christena.sherill.ad.sherill.uk","dvc":"christena","dvc_nt_host":"christena","event_id":"032005","eventtype":"winapp wineventlog_application wineventlog_common wineventlog_windows","host":"christena","id":"032005","index":"alejandrina","linecount":"14","punct":"//_::_\\r=\\r=\\r=\\r=\\r=\\r=....\\r=\\r=\\r=\\r=\\r=_____.__:____.\\r\\r\\r\\r","severity":"Warning","severity_id":"3","signature_id":"0002","source":"AleJandrIna:Application","sourcetype":"WinEventLog:Application","splunk_server":"HYO-G006","tag":"os\nwindows\nwindows_management","tag::eventtype":"os\nwindows\nwindows_management"}}
{"preview":true,"result":{"ComputerName":"christena.sherill.ad.sherill.uk","EventCode":"0002","EventType":"3","Keywords":"Classic","LogName":"Application","Message":"Security policies were propagated with warning. 0mi : The data is invalid.\r\n\r\nAdvanced help for this problem is available on http://support.jaqueline.com. Query for \"troubleshooting 0002 events\".","OpCode":"None","RecordNumber":"131111","SourceName":"KhoCvl","TaskCategory":"None","Type":"Warning","_raw":"03/08/0010 08:17:59 PM\nLogName=Application\nBfghbvNcbu=KhoCvl\nTnqamFsxr=0002\nEventType=3\nType=Warning\nComputerName=christena.sherill.ad.sherill.uk\nMvydNcrnwgcw=None\nOpCode=None\nMrsoicTjmcnk=131111\nKeywords=Classic\nMessage=Security policies were propagated with warning. 0mi : The data is invalid.\r\n\r\nAdvanced help for this problem is available on http://support.jaqueline.com. Query for \"troubleshooting 0002 events\".","_time":"2020-08-09T20:17:59.000-0400","dest":"christena.sherill.ad.sherill.uk","dvc":"christena","dvc_nt_host":"christena","event_id":"131111","eventtype":"winapp wineventlog_application wineventlog_common wineventlog_windows","host":"christena","id":"131111","index":"alejandrina","linecount":"14","punct":"//_::_\\r=\\r=\\r=\\r=\\r=\\r=....\\r=\\r=\\r=\\r=\\r=_____.__:____.\\r\\r\\r\\r","severity":"Warning","severity_id":"3","signature_id":"0002","source":"AleJandrIna:Application","sourcetype":"WinEventLog:Application","splunk_server":"HYO-G006","tag":"os\nwindows\nwindows_management","tag::eventtype":"os\nwindows\nwindows_management"}}
{"preview":true,"result":{"ComputerName":"christena.sherill.ad.sherill.uk","EventCode":"0002","EventType":"3","Keywords":"Classic","LogName":"Application","Message":"Security policies were propagated with warning. 0mi : The data is invalid.\r\n\r\nAdvanced help for this problem is available on http://support.jaqueline.com. Query for \"troubleshooting 0002 events\".","OpCode":"None","RecordNumber":"151103","SourceName":"KhoCvl","TaskCategory":"None","Type":"Warning","_raw":"03/08/0010 08:02:35 PM\nLogName=Application\nBfghbvNcbu=KhoCvl\nTnqamFsxr=0002\nEventType=3\nType=Warning\nComputerName=christena.sherill.ad.sherill.uk\nMvydNcrnwgcw=None\nOpCode=None\nMrsoicTjmcnk=151103\nKeywords=Classic\nMessage=Security policies were propagated with warning. 0mi : The data is invalid.\r\n\r\nAdvanced help for this problem is available on http://support.jaqueline.com. Query for \"troubleshooting 0002 events\".","_time":"2020-08-09T20:02:35.000-0400","dest":"christena.sherill.ad.sherill.uk","dvc":"christena","dvc_nt_host":"christena","event_id":"151103","eventtype":"winapp wineventlog_application wineventlog_common wineventlog_windows","host":"christena","id":"151103","index":"alejandrina","linecount":"14","punct":"//_::_\\r=\\r=\\r=\\r=\\r=\\r=....\\r=\\r=\\r=\\r=\\r=_____.__:____.\\r\\r\\r\\r","severity":"Warning","severity_id":"3","signature_id":"0002","source":"AleJandrIna:Application","sourcetype":"WinEventLog:Application","splunk_server":"HYO-G006","tag":"os\nwindows\nwindows_management","tag::eventtype":"os\nwindows\nwindows_management"}}
{"preview":true,"result":{"ComputerName":"christena.sherill.ad.sherill.uk","EventCode":"0002","EventType":"3","Keywords":"Classic","LogName":"Application","Message":"Security policies were propagated with warning. 0mi : The data is invalid.\r\n\r\nAdvanced help for this problem is available on http://support.jaqueline.com. Query for \"troubleshooting 0002 events\".","OpCode":"None","RecordNumber":"001102","SourceName":"KhoCvl","TaskCategory":"None","Type":"Warning","_raw":"03/08/0010 07:57:27 PM\nLogName=Application\nBfghbvNcbu=KhoCvl\nTnqamFsxr=0002\nEventType=3\nType=Warning\nComputerName=christena.sherill.ad.sherill.uk\nMvydNcrnwgcw=None\nOpCode=None\nMrsoicTjmcnk=001102\nKeywords=Classic\nMessage=Security policies were propagated with warning. 0mi : The data is invalid.\r\n\r\nAdvanced help for this problem is available on http://support.jaqueline.com. Query for \"troubleshooting 0002 events\".","_time":"2020-08-09T19:57:27.000-0400","dest":"christena.sherill.ad.sherill.uk","dvc":"christena","dvc_nt_host":"christena","event_id":"001102","eventtype":"winapp wineventlog_application wineventlog_common wineventlog_windows","host":"christena","id":"001102","index":"alejandrina","linecount":"14","punct":"//_::_\\r=\\r=\\r=\\r=\\r=\\r=....\\r=\\r=\\r=\\r=\\r=_____.__:____.\\r\\r\\r\\r","severity":"Warning","severity_id":"3","signature_id":"0002","source":"AleJandrIna:Application","sourcetype":"WinEventLog:Application","splunk_server":"HYO-G006","tag":"os\nwindows\nwindows_management","tag::eventtype":"os\nwindows\nwindows_management"}}
{"preview":true,"result":{"ComputerName":"christena.sherill.ad.sherill.uk","EventCode":"0002","EventType":"3","Keywords":"Classic","LogName":"Application","Message":"Security policies were propagated with warning. 0mi : The data is invalid.\r\n\r\nAdvanced help for this problem is available on http://support.jaqueline.com. Query for \"troubleshooting 0002 events\".","OpCode":"None","RecordNumber":"000000","SourceName":"KhoCvl","TaskCategory":"None","Type":"Warning","_raw":"03/08/0010 07:26:39 PM\nLogName=Application\nBfghbvNcbu=KhoCvl\nTnqamFsxr=0002\nEventType=3\nType=Warning\nComputerName=christena.sherill.ad.sherill.uk\nMvydNcrnwgcw=None\nOpCode=None\nMrsoicTjmcnk=000000\nKeywords=Classic\nMessage=Security policies were propagated with warning. 0mi : The data is invalid.\r\n\r\nAdvanced help for this problem is available on http://support.jaqueline.com. Query for \"troubleshooting 0002 events\".","_time":"2020-08-09T19:26:39.000-0400","dest":"christena.sherill.ad.sherill.uk","dvc":"christena","dvc_nt_host":"christena","event_id":"000000","eventtype":"winapp wineventlog_application wineventlog_common wineventlog_windows","host":"christena","id":"000000","index":"alejandrina","linecount":"14","punct":"//_::_\\r=\\r=\\r=\\r=\\r=\\r=....\\r=\\r=\\r=\\r=\\r=_____.__:____.\\r\\r\\r\\r","severity":"Warning","severity_id":"3","signature_id":"0002","source":"AleJandrIna:Application","sourcetype":"WinEventLog:Application","splunk_server":"HYO-G006","tag":"os\nwindows\nwindows_management","tag::eventtype":"os\nwindows\nwindows_management"}}
{"preview":true,"result":{"ComputerName":"christena.sherill.ad.sherill.uk","EventCode":"0002","EventType":"3","Keywords":"Classic","LogName":"Application","Message":"Security policies were propagated with warning. 0mi : The data is invalid.\r\n\r\nAdvanced help for this problem is available on http://support.jaqueline.com. Query for \"troubleshooting 0002 events\".","OpCode":"None","RecordNumber":"130024","SourceName":"KhoCvl","TaskCategory":"None","Type":"Warning","_raw":"03/08/0010 07:00:59 PM\nLogName=Application\nBfghbvNcbu=KhoCvl\nTnqamFsxr=0002\nEventType=3\nType=Warning\nComputerName=christena.sherill.ad.sherill.uk\nMvydNcrnwgcw=None\nOpCode=None\nMrsoicTjmcnk=130024\nKeywords=Classic\nMessage=Security policies were propagated with warning. 0mi : The data is invalid.\r\n\r\nAdvanced help for this problem is available on http://support.jaqueline.com. Query for \"troubleshooting 0002 events\".","_time":"2020-08-09T19:00:59.000-0400","dest":"christena.sherill.ad.sherill.uk","dvc":"christena","dvc_nt_host":"christena","event_id":"130024","eventtype":"winapp wineventlog_application wineventlog_common wineventlog_windows","host":"christena","id":"130024","index":"alejandrina","linecount":"14","punct":"//_::_\\r=\\r=\\r=\\r=\\r=\\r=....\\r=\\r=\\r=\\r=\\r=_____.__:____.\\r\\r\\r\\r","severity":"Warning","severity_id":"3","signature_id":"0002","source":"AleJandrIna:Application","sourcetype":"WinEventLog:Application","splunk_server":"HYO-G006","tag":"os\nwindows\nwindows_management","tag::eventtype":"os\nwindows\nwindows_management"}}
{"preview":true,"result":{"ComputerName":"christena.sherill.ad.sherill.uk","EventCode":"0002","EventType":"3","Keywords":"Classic","LogName":"Application","Message":"Security policies were propagated with warning. 0mi : The data is invalid.\r\n\r\nAdvanced help for this problem is available on http://support.jaqueline.com. Query for \"troubleshooting 0002 events\".","OpCode":"None","RecordNumber":"102064","SourceName":"KhoCvl","TaskCategory":"None","Type":"Warning","_raw":"03/08/0010 06:55:50 PM\nLogName=Application\nBfghbvNcbu=KhoCvl\nTnqamFsxr=0002\nEventType=3\nType=Warning\nComputerName=christena.sherill.ad.sherill.uk\nMvydNcrnwgcw=None\nOpCode=None\nMrsoicTjmcnk=102064\nKeywords=Classic\nMessage=Security policies were propagated with warning. 0mi : The data is invalid.\r\n\r\nAdvanced help for this problem is available on http://support.jaqueline.com. Query for \"troubleshooting 0002 events\".","_time":"2020-08-09T18:55:50.000-0400","dest":"christena.sherill.ad.sherill.uk","dvc":"christena","dvc_nt_host":"christena","event_id":"102064","eventtype":"winapp wineventlog_application wineventlog_common wineventlog_windows","host":"christena","id":"102064","index":"alejandrina","linecount":"14","punct":"//_::_\\r=\\r=\\r=\\r=\\r=\\r=....\\r=\\r=\\r=\\r=\\r=_____.__:____.\\r\\r\\r\\r","severity":"Warning","severity_id":"3","signature_id":"0002","source":"AleJandrIna:Application","sourcetype":"WinEventLog:Application","splunk_server":"HYO-G006","tag":"os\nwindows\nwindows_management","tag::eventtype":"os\nwindows\nwindows_management"}}
{"preview":true,"result":{"ComputerName":"christena.sherill.ad.sherill.uk","EventCode":"0002","EventType":"3","Keywords":"Classic","LogName":"Application","Message":"Security policies were propagated with warning. 0mi : The data is invalid.\r\n\r\nAdvanced help for this problem is available on http://support.jaqueline.com. Query for \"troubleshooting 0002 events\".","OpCode":"None","RecordNumber":"202052","SourceName":"KhoCvl","TaskCategory":"None","Type":"Warning","_raw":"03/08/0010 06:04:27 PM\nLogName=Application\nBfghbvNcbu=KhoCvl\nTnqamFsxr=0002\nEventType=3\nType=Warning\nComputerName=christena.sherill.ad.sherill.uk\nMvydNcrnwgcw=None\nOpCode=None\nMrsoicTjmcnk=202052\nKeywords=Classic\nMessage=Security policies were propagated with warning. 0mi : The data is invalid.\r\n\r\nAdvanced help for this problem is available on http://support.jaqueline.com. Query for \"troubleshooting 0002 events\".","_time":"2020-08-09T18:04:27.000-0400","dest":"christena.sherill.ad.sherill.uk","dvc":"christena","dvc_nt_host":"christena","event_id":"202052","eventtype":"winapp wineventlog_application wineventlog_common wineventlog_windows","host":"christena","id":"202052","index":"alejandrina","linecount":"14","punct":"//_::_\\r=\\r=\\r=\\r=\\r=\\r=....\\r=\\r=\\r=\\r=\\r=_____.__:____.\\r\\r\\r\\r","severity":"Warning","severity_id":"3","signature_id":"0002","source":"AleJandrIna:Application","sourcetype":"WinEventLog:Application","splunk_server":"HYO-G006","tag":"os\nwindows\nwindows_management","tag::eventtype":"os\nwindows\nwindows_management"}}
{"preview":true,"result":{"ComputerName":"CAP-Q032.sherill.o.arie","EventCode":"13104","EventType":"4","Keywords":"Classic","LogName":"Application","Message":"Successfully scheduled Software Protection service for re-start at 0010-03-00B01:40:06F. Reason: XsgjuCrsdoz.","OpCode":"The operation completed successfully.","RecordNumber":"10800","SourceName":"Jaqueline-Windows-Security-JIM","TaskCategory":"None","Type":"Information","_raw":"03/08/0010 05:56:26 PM\nLogName=Application\nBfghbvNcbu=Jaqueline-Windows-Security-JIM\nTnqamFsxr=13104\nEventType=4\nType=Information\nComputerName=CAP-Q032.sherill.o.arie\nMvydNcrnwgcw=None\nOpCode=The operation completed successfully.\nMrsoicTjmcnk=10800\nKeywords=Classic\nMessage=Successfully scheduled Software Protection service for re-start at 0010-03-00B01:44:06F. Reason: XsgjuCrsdoz.","_time":"2020-08-09T17:56:26.000-0400","dest":"CAP-Q032.sherill.o.arie","dvc":"CAP-Q032","dvc_nt_host":"CAP-Q032","event_id":"10800","eventtype":"winapp wineventlog_application wineventlog_common wineventlog_windows","host":"CAP-Q032","id":"10800","index":"alejandrina","linecount":"12","punct":"//_::_==---====-...==___.===______-__--::._:_.","severity":"Information","severity_id":"4","signature_id":"13104","source":"AleJandrIna:Application","sourcetype":"WinEventLog:Application","splunk_server":"HYO-G006","tag":"os\nwindows\nwindows_management","tag::eventtype":"os\nwindows\nwindows_management"}}
{"preview":true,"result":{"ComputerName":"christena.sherill.ad.sherill.uk","EventCode":"0002","EventType":"3","Keywords":"Classic","LogName":"Application","Message":"Security policies were propagated with warning. 0mi : The data is invalid.\r\n\r\nAdvanced help for this problem is available on http://support.jaqueline.com. Query for \"troubleshooting 0002 events\".","OpCode":"None","RecordNumber":"213072","SourceName":"KhoCvl","TaskCategory":"None","Type":"Warning","_raw":"03/08/0010 05:54:10 PM\nLogName=Application\nBfghbvNcbu=KhoCvl\nTnqamFsxr=0002\nEventType=3\nType=Warning\nComputerName=christena.sherill.ad.sherill.uk\nMvydNcrnwgcw=None\nOpCode=None\nMrsoicTjmcnk=213072\nKeywords=Classic\nMessage=Security policies were propagated with warning. 0mi : The data is invalid.\r\n\r\nAdvanced help for this problem is available on http://support.jaqueline.com. Query for \"troubleshooting 0002 events\".","_time":"2020-08-09T17:54:10.000-0400","dest":"christena.sherill.ad.sherill.uk","dvc":"christena","dvc_nt_host":"christena","event_id":"213072","eventtype":"winapp wineventlog_application wineventlog_common wineventlog_windows","host":"christena","id":"213072","index":"alejandrina","linecount":"14","punct":"//_::_\\r=\\r=\\r=\\r=\\r=\\r=....\\r=\\r=\\r=\\r=\\r=_____.__:____.\\r\\r\\r\\r","severity":"Warning","severity_id":"3","signature_id":"0002","source":"AleJandrIna:Application","sourcetype":"WinEventLog:Application","splunk_server":"HYO-G006","tag":"os\nwindows\nwindows_management","tag::eventtype":"os\nwindows\nwindows_management"}}
{"preview":true,"result":{"ComputerName":"christena.sherill.ad.sherill.uk","EventCode":"0002","EventType":"3","Keywords":"Classic","LogName":"Application","Message":"Security policies were propagated with warning. 0mi : The data is invalid.\r\n\r\nAdvanced help for this problem is available on http://support.jaqueline.com. Query for \"troubleshooting 0002 events\".","OpCode":"None","RecordNumber":"201021","SourceName":"KhoCvl","TaskCategory":"None","Type":"Warning","_raw":"03/08/0010 05:13:04 PM\nLogName=Application\nBfghbvNcbu=KhoCvl\nTnqamFsxr=0002\nEventType=3\nType=Warning\nComputerName=christena.sherill.ad.sherill.uk\nMvydNcrnwgcw=None\nOpCode=None\nMrsoicTjmcnk=201021\nKeywords=Classic\nMessage=Security policies were propagated with warning. 0mi : The data is invalid.\r\n\r\nAdvanced help for this problem is available on http://support.jaqueline.com. Query for \"troubleshooting 0002 events\".","_time":"2020-08-09T17:13:04.000-0400","dest":"christena.sherill.ad.sherill.uk","dvc":"christena","dvc_nt_host":"christena","event_id":"201021","eventtype":"winapp wineventlog_application wineventlog_common wineventlog_windows","host":"christena","id":"201021","index":"alejandrina","linecount":"14","punct":"//_::_\\r=\\r=\\r=\\r=\\r=\\r=....\\r=\\r=\\r=\\r=\\r=_____.__:____.\\r\\r\\r\\r","severity":"Warning","severity_id":"3","signature_id":"0002","source":"AleJandrIna:Application","sourcetype":"WinEventLog:Application","splunk_server":"HYO-G006","tag":"os\nwindows\nwindows_management","tag::eventtype":"os\nwindows\nwindows_management"}}
