{"preview":true,"result":{"ComputerName":"christena.sherill.ad.sherill.uk","EventCode":"0002","EventType":"3","Keywords":"Classic","LogName":"Application","Message":"Security policies were propagated with warning. 0mi : The data is invalid.\r\n\r\nAdvanced help for this problem is available on http://support.jaqueline.com. Query for \"troubleshooting 0002 events\".","OpCode":"None","RecordNumber":"010151","SourceName":"KhoCvl","TaskCategory":"None","Type":"Warning","_raw":"03/03/0010 04:10:06 AM\nLogName=Application\nBfghbvNcbu=KhoCvl\nTnqamFsxr=0002\nEventType=3\nType=Warning\nComputerName=christena.sherill.ad.sherill.uk\nMvydNcrnwgcw=None\nOpCode=None\nMrsoicTjmcnk=010151\nKeywords=Classic\nMessage=Security policies were propagated with warning. 0mi : The data is invalid.\r\n\r\nAdvanced help for this problem is available on http://support.jaqueline.com. Query for \"troubleshooting 0002 events\".","_time":"2020-08-17T04:10:06.000-0400","dest":"christena.sherill.ad.sherill.uk","dvc":"christena","dvc_nt_host":"christena","event_id":"010151","eventtype":"winapp wineventlog_application wineventlog_common wineventlog_windows","host":"christena","id":"010151","index":"alejandrina","linecount":"14","punct":"//_::_\\r=\\r=\\r=\\r=\\r=\\r=....\\r=\\r=\\r=\\r=\\r=_____.__:____.\\r\\r\\r\\r","severity":"Warning","severity_id":"3","signature_id":"0002","source":"AleJandrIna:Application","sourcetype":"WinEventLog:Application","splunk_server":"HYO-G006","tag":"os\nwindows\nwindows_management","tag::eventtype":"os\nwindows\nwindows_management"}}
{"preview":true,"result":{"ComputerName":"christena.sherill.ad.sherill.uk","EventCode":"0002","EventType":"3","Keywords":"Classic","LogName":"Application","Message":"Security policies were propagated with warning. 0mi : The data is invalid.\r\n\r\nAdvanced help for this problem is available on http://support.jaqueline.com. Query for \"troubleshooting 0002 events\".","OpCode":"None","RecordNumber":"122020","SourceName":"KhoCvl","TaskCategory":"None","Type":"Warning","_raw":"03/03/0010 04:04:58 AM\nLogName=Application\nBfghbvNcbu=KhoCvl\nTnqamFsxr=0002\nEventType=3\nType=Warning\nComputerName=christena.sherill.ad.sherill.uk\nMvydNcrnwgcw=None\nOpCode=None\nMrsoicTjmcnk=122020\nKeywords=Classic\nMessage=Security policies were propagated with warning. 0mi : The data is invalid.\r\n\r\nAdvanced help for this problem is available on http://support.jaqueline.com. Query for \"troubleshooting 0002 events\".","_time":"2020-08-17T04:04:58.000-0400","dest":"christena.sherill.ad.sherill.uk","dvc":"christena","dvc_nt_host":"christena","event_id":"122020","eventtype":"winapp wineventlog_application wineventlog_common wineventlog_windows","host":"christena","id":"122020","index":"alejandrina","linecount":"14","punct":"//_::_\\r=\\r=\\r=\\r=\\r=\\r=....\\r=\\r=\\r=\\r=\\r=_____.__:____.\\r\\r\\r\\r","severity":"Warning","severity_id":"3","signature_id":"0002","source":"AleJandrIna:Application","sourcetype":"WinEventLog:Application","splunk_server":"HYO-G006","tag":"os\nwindows\nwindows_management","tag::eventtype":"os\nwindows\nwindows_management"}}
{"preview":true,"result":{"ComputerName":"christena.sherill.ad.sherill.uk","EventCode":"0002","EventType":"3","Keywords":"Classic","LogName":"Application","Message":"Security policies were propagated with warning. 0mi : The data is invalid.\r\n\r\nAdvanced help for this problem is available on http://support.jaqueline.com. Query for \"troubleshooting 0002 events\".","OpCode":"None","RecordNumber":"031150","SourceName":"KhoCvl","TaskCategory":"None","Type":"Warning","_raw":"03/03/0010 03:59:49 AM\nLogName=Application\nBfghbvNcbu=KhoCvl\nTnqamFsxr=0002\nEventType=3\nType=Warning\nComputerName=christena.sherill.ad.sherill.uk\nMvydNcrnwgcw=None\nOpCode=None\nMrsoicTjmcnk=031150\nKeywords=Classic\nMessage=Security policies were propagated with warning. 0mi : The data is invalid.\r\n\r\nAdvanced help for this problem is available on http://support.jaqueline.com. Query for \"troubleshooting 0002 events\".","_time":"2020-08-17T03:59:49.000-0400","dest":"christena.sherill.ad.sherill.uk","dvc":"christena","dvc_nt_host":"christena","event_id":"031150","eventtype":"winapp wineventlog_application wineventlog_common wineventlog_windows","host":"christena","id":"031150","index":"alejandrina","linecount":"14","punct":"//_::_\\r=\\r=\\r=\\r=\\r=\\r=....\\r=\\r=\\r=\\r=\\r=_____.__:____.\\r\\r\\r\\r","severity":"Warning","severity_id":"3","signature_id":"0002","source":"AleJandrIna:Application","sourcetype":"WinEventLog:Application","splunk_server":"HYO-G006","tag":"os\nwindows\nwindows_management","tag::eventtype":"os\nwindows\nwindows_management"}}
{"preview":true,"result":{"ComputerName":"christena.sherill.ad.sherill.uk","EventCode":"0002","EventType":"3","Keywords":"Classic","LogName":"Application","Message":"Security policies were propagated with warning. 0mi : The data is invalid.\r\n\r\nAdvanced help for this problem is available on http://support.jaqueline.com. Query for \"troubleshooting 0002 events\".","OpCode":"None","RecordNumber":"113007","SourceName":"KhoCvl","TaskCategory":"None","Type":"Warning","_raw":"03/03/0010 03:49:32 AM\nLogName=Application\nBfghbvNcbu=KhoCvl\nTnqamFsxr=0002\nEventType=3\nType=Warning\nComputerName=christena.sherill.ad.sherill.uk\nMvydNcrnwgcw=None\nOpCode=None\nMrsoicTjmcnk=113007\nKeywords=Classic\nMessage=Security policies were propagated with warning. 0mi : The data is invalid.\r\n\r\nAdvanced help for this problem is available on http://support.jaqueline.com. Query for \"troubleshooting 0002 events\".","_time":"2020-08-17T03:49:32.000-0400","dest":"christena.sherill.ad.sherill.uk","dvc":"christena","dvc_nt_host":"christena","event_id":"113007","eventtype":"winapp wineventlog_application wineventlog_common wineventlog_windows","host":"christena","id":"113007","index":"alejandrina","linecount":"14","punct":"//_::_\\r=\\r=\\r=\\r=\\r=\\r=....\\r=\\r=\\r=\\r=\\r=_____.__:____.\\r\\r\\r\\r","severity":"Warning","severity_id":"3","signature_id":"0002","source":"AleJandrIna:Application","sourcetype":"WinEventLog:Application","splunk_server":"HYO-G006","tag":"os\nwindows\nwindows_management","tag::eventtype":"os\nwindows\nwindows_management"}}
{"preview":true,"result":{"ComputerName":"christena.sherill.ad.sherill.uk","EventCode":"0002","EventType":"3","Keywords":"Classic","LogName":"Application","Message":"Security policies were propagated with warning. 0mi : The data is invalid.\r\n\r\nAdvanced help for this problem is available on http://support.jaqueline.com. Query for \"troubleshooting 0002 events\".","OpCode":"None","RecordNumber":"121114","SourceName":"KhoCvl","TaskCategory":"None","Type":"Warning","_raw":"03/03/0010 03:39:15 AM\nLogName=Application\nBfghbvNcbu=KhoCvl\nTnqamFsxr=0002\nEventType=3\nType=Warning\nComputerName=christena.sherill.ad.sherill.uk\nMvydNcrnwgcw=None\nOpCode=None\nMrsoicTjmcnk=121114\nKeywords=Classic\nMessage=Security policies were propagated with warning. 0mi : The data is invalid.\r\n\r\nAdvanced help for this problem is available on http://support.jaqueline.com. Query for \"troubleshooting 0002 events\".","_time":"2020-08-17T03:39:15.000-0400","dest":"christena.sherill.ad.sherill.uk","dvc":"christena","dvc_nt_host":"christena","event_id":"121114","eventtype":"winapp wineventlog_application wineventlog_common wineventlog_windows","host":"christena","id":"121114","index":"alejandrina","linecount":"14","punct":"//_::_\\r=\\r=\\r=\\r=\\r=\\r=....\\r=\\r=\\r=\\r=\\r=_____.__:____.\\r\\r\\r\\r","severity":"Warning","severity_id":"3","signature_id":"0002","source":"AleJandrIna:Application","sourcetype":"WinEventLog:Application","splunk_server":"HYO-G006","tag":"os\nwindows\nwindows_management","tag::eventtype":"os\nwindows\nwindows_management"}}
{"preview":true,"result":{"ComputerName":"christena.sherill.ad.sherill.uk","EventCode":"0002","EventType":"3","Keywords":"Classic","LogName":"Application","Message":"Security policies were propagated with warning. 0mi : The data is invalid.\r\n\r\nAdvanced help for this problem is available on http://support.jaqueline.com. Query for \"troubleshooting 0002 events\".","OpCode":"None","RecordNumber":"232110","SourceName":"KhoCvl","TaskCategory":"None","Type":"Warning","_raw":"03/03/0010 03:18:42 AM\nLogName=Application\nBfghbvNcbu=KhoCvl\nTnqamFsxr=0002\nEventType=3\nType=Warning\nComputerName=christena.sherill.ad.sherill.uk\nMvydNcrnwgcw=None\nOpCode=None\nMrsoicTjmcnk=232110\nKeywords=Classic\nMessage=Security policies were propagated with warning. 0mi : The data is invalid.\r\n\r\nAdvanced help for this problem is available on http://support.jaqueline.com. Query for \"troubleshooting 0002 events\".","_time":"2020-08-17T03:18:42.000-0400","dest":"christena.sherill.ad.sherill.uk","dvc":"christena","dvc_nt_host":"christena","event_id":"232110","eventtype":"winapp wineventlog_application wineventlog_common wineventlog_windows","host":"christena","id":"232110","index":"alejandrina","linecount":"14","punct":"//_::_\\r=\\r=\\r=\\r=\\r=\\r=....\\r=\\r=\\r=\\r=\\r=_____.__:____.\\r\\r\\r\\r","severity":"Warning","severity_id":"3","signature_id":"0002","source":"AleJandrIna:Application","sourcetype":"WinEventLog:Application","splunk_server":"HYO-G006","tag":"os\nwindows\nwindows_management","tag::eventtype":"os\nwindows\nwindows_management"}}
{"preview":true,"result":{"ComputerName":"christena.sherill.ad.sherill.uk","EventCode":"0002","EventType":"3","Keywords":"Classic","LogName":"Application","Message":"Security policies were propagated with warning. 0mi : The data is invalid.\r\n\r\nAdvanced help for this problem is available on http://support.jaqueline.com. Query for \"troubleshooting 0002 events\".","OpCode":"None","RecordNumber":"020010","SourceName":"KhoCvl","TaskCategory":"None","Type":"Warning","_raw":"03/03/0010 03:03:17 AM\nLogName=Application\nBfghbvNcbu=KhoCvl\nTnqamFsxr=0002\nEventType=3\nType=Warning\nComputerName=christena.sherill.ad.sherill.uk\nMvydNcrnwgcw=None\nOpCode=None\nMrsoicTjmcnk=020010\nKeywords=Classic\nMessage=Security policies were propagated with warning. 0mi : The data is invalid.\r\n\r\nAdvanced help for this problem is available on http://support.jaqueline.com. Query for \"troubleshooting 0002 events\".","_time":"2020-08-17T03:03:17.000-0400","dest":"christena.sherill.ad.sherill.uk","dvc":"christena","dvc_nt_host":"christena","event_id":"020010","eventtype":"winapp wineventlog_application wineventlog_common wineventlog_windows","host":"christena","id":"020010","index":"alejandrina","linecount":"14","punct":"//_::_\\r=\\r=\\r=\\r=\\r=\\r=....\\r=\\r=\\r=\\r=\\r=_____.__:____.\\r\\r\\r\\r","severity":"Warning","severity_id":"3","signature_id":"0002","source":"AleJandrIna:Application","sourcetype":"WinEventLog:Application","splunk_server":"HYO-G006","tag":"os\nwindows\nwindows_management","tag::eventtype":"os\nwindows\nwindows_management"}}
{"preview":true,"result":{"ComputerName":"christena.sherill.ad.sherill.uk","EventCode":"0002","EventType":"3","Keywords":"Classic","LogName":"Application","Message":"Security policies were propagated with warning. 0mi : The data is invalid.\r\n\r\nAdvanced help for this problem is available on http://support.jaqueline.com. Query for \"troubleshooting 0002 events\".","OpCode":"None","RecordNumber":"125105","SourceName":"KhoCvl","TaskCategory":"None","Type":"Warning","_raw":"03/03/0010 02:58:09 AM\nLogName=Application\nBfghbvNcbu=KhoCvl\nTnqamFsxr=0002\nEventType=3\nType=Warning\nComputerName=christena.sherill.ad.sherill.uk\nMvydNcrnwgcw=None\nOpCode=None\nMrsoicTjmcnk=125105\nKeywords=Classic\nMessage=Security policies were propagated with warning. 0mi : The data is invalid.\r\n\r\nAdvanced help for this problem is available on http://support.jaqueline.com. Query for \"troubleshooting 0002 events\".","_time":"2020-08-17T02:58:09.000-0400","dest":"christena.sherill.ad.sherill.uk","dvc":"christena","dvc_nt_host":"christena","event_id":"125105","eventtype":"winapp wineventlog_application wineventlog_common wineventlog_windows","host":"christena","id":"125105","index":"alejandrina","linecount":"14","punct":"//_::_\\r=\\r=\\r=\\r=\\r=\\r=....\\r=\\r=\\r=\\r=\\r=_____.__:____.\\r\\r\\r\\r","severity":"Warning","severity_id":"3","signature_id":"0002","source":"AleJandrIna:Application","sourcetype":"WinEventLog:Application","splunk_server":"HYO-G006","tag":"os\nwindows\nwindows_management","tag::eventtype":"os\nwindows\nwindows_management"}}
{"preview":true,"result":{"ComputerName":"christena.sherill.ad.sherill.uk","EventCode":"0002","EventType":"3","Keywords":"Classic","LogName":"Application","Message":"Security policies were propagated with warning. 0mi : The data is invalid.\r\n\r\nAdvanced help for this problem is available on http://support.jaqueline.com. Query for \"troubleshooting 0002 events\".","OpCode":"None","RecordNumber":"214104","SourceName":"KhoCvl","TaskCategory":"None","Type":"Warning","_raw":"03/03/0010 02:47:52 AM\nLogName=Application\nBfghbvNcbu=KhoCvl\nTnqamFsxr=0002\nEventType=3\nType=Warning\nComputerName=christena.sherill.ad.sherill.uk\nMvydNcrnwgcw=None\nOpCode=None\nMrsoicTjmcnk=214104\nKeywords=Classic\nMessage=Security policies were propagated with warning. 0mi : The data is invalid.\r\n\r\nAdvanced help for this problem is available on http://support.jaqueline.com. Query for \"troubleshooting 0002 events\".","_time":"2020-08-17T02:47:52.000-0400","dest":"christena.sherill.ad.sherill.uk","dvc":"christena","dvc_nt_host":"christena","event_id":"214104","eventtype":"winapp wineventlog_application wineventlog_common wineventlog_windows","host":"christena","id":"214104","index":"alejandrina","linecount":"14","punct":"//_::_\\r=\\r=\\r=\\r=\\r=\\r=....\\r=\\r=\\r=\\r=\\r=_____.__:____.\\r\\r\\r\\r","severity":"Warning","severity_id":"3","signature_id":"0002","source":"AleJandrIna:Application","sourcetype":"WinEventLog:Application","splunk_server":"HYO-G006","tag":"os\nwindows\nwindows_management","tag::eventtype":"os\nwindows\nwindows_management"}}
{"preview":true,"result":{"ComputerName":"christena.sherill.ad.sherill.uk","EventCode":"0002","EventType":"3","Keywords":"Classic","LogName":"Application","Message":"Security policies were propagated with warning. 0mi : The data is invalid.\r\n\r\nAdvanced help for this problem is available on http://support.jaqueline.com. Query for \"troubleshooting 0002 events\".","OpCode":"None","RecordNumber":"010041","SourceName":"KhoCvl","TaskCategory":"None","Type":"Warning","_raw":"03/03/0010 02:37:36 AM\nLogName=Application\nBfghbvNcbu=KhoCvl\nTnqamFsxr=0002\nEventType=3\nType=Warning\nComputerName=christena.sherill.ad.sherill.uk\nMvydNcrnwgcw=None\nOpCode=None\nMrsoicTjmcnk=010041\nKeywords=Classic\nMessage=Security policies were propagated with warning. 0mi : The data is invalid.\r\n\r\nAdvanced help for this problem is available on http://support.jaqueline.com. Query for \"troubleshooting 0002 events\".","_time":"2020-08-17T02:37:36.000-0400","dest":"christena.sherill.ad.sherill.uk","dvc":"christena","dvc_nt_host":"christena","event_id":"010041","eventtype":"winapp wineventlog_application wineventlog_common wineventlog_windows","host":"christena","id":"010041","index":"alejandrina","linecount":"14","punct":"//_::_\\r=\\r=\\r=\\r=\\r=\\r=....\\r=\\r=\\r=\\r=\\r=_____.__:____.\\r\\r\\r\\r","severity":"Warning","severity_id":"3","signature_id":"0002","source":"AleJandrIna:Application","sourcetype":"WinEventLog:Application","splunk_server":"HYO-G006","tag":"os\nwindows\nwindows_management","tag::eventtype":"os\nwindows\nwindows_management"}}
{"preview":true,"result":{"ComputerName":"christena.sherill.ad.sherill.uk","EventCode":"0002","EventType":"3","Keywords":"Classic","LogName":"Application","Message":"Security policies were propagated with warning. 0mi : The data is invalid.\r\n\r\nAdvanced help for this problem is available on http://support.jaqueline.com. Query for \"troubleshooting 0002 events\".","OpCode":"None","RecordNumber":"123152","SourceName":"KhoCvl","TaskCategory":"None","Type":"Warning","_raw":"03/03/0010 01:46:14 AM\nLogName=Application\nBfghbvNcbu=KhoCvl\nTnqamFsxr=0002\nEventType=3\nType=Warning\nComputerName=christena.sherill.ad.sherill.uk\nMvydNcrnwgcw=None\nOpCode=None\nMrsoicTjmcnk=123152\nKeywords=Classic\nMessage=Security policies were propagated with warning. 0mi : The data is invalid.\r\n\r\nAdvanced help for this problem is available on http://support.jaqueline.com. Query for \"troubleshooting 0002 events\".","_time":"2020-08-17T01:46:14.000-0400","dest":"christena.sherill.ad.sherill.uk","dvc":"christena","dvc_nt_host":"christena","event_id":"123152","eventtype":"winapp wineventlog_application wineventlog_common wineventlog_windows","host":"christena","id":"123152","index":"alejandrina","linecount":"14","punct":"//_::_\\r=\\r=\\r=\\r=\\r=\\r=....\\r=\\r=\\r=\\r=\\r=_____.__:____.\\r\\r\\r\\r","severity":"Warning","severity_id":"3","signature_id":"0002","source":"AleJandrIna:Application","sourcetype":"WinEventLog:Application","splunk_server":"HYO-G006","tag":"os\nwindows\nwindows_management","tag::eventtype":"os\nwindows\nwindows_management"}}
{"preview":true,"result":{"ComputerName":"christena.sherill.ad.sherill.uk","EventCode":"0002","EventType":"3","Keywords":"Classic","LogName":"Application","Message":"Security policies were propagated with warning. 0mi : The data is invalid.\r\n\r\nAdvanced help for this problem is available on http://support.jaqueline.com. Query for \"troubleshooting 0002 events\".","OpCode":"None","RecordNumber":"255033","SourceName":"KhoCvl","TaskCategory":"None","Type":"Warning","_raw":"03/03/0010 12:54:51 AM\nLogName=Application\nBfghbvNcbu=KhoCvl\nTnqamFsxr=0002\nEventType=3\nType=Warning\nComputerName=christena.sherill.ad.sherill.uk\nMvydNcrnwgcw=None\nOpCode=None\nMrsoicTjmcnk=255033\nKeywords=Classic\nMessage=Security policies were propagated with warning. 0mi : The data is invalid.\r\n\r\nAdvanced help for this problem is available on http://support.jaqueline.com. Query for \"troubleshooting 0002 events\".","_time":"2020-08-17T00:54:51.000-0400","dest":"christena.sherill.ad.sherill.uk","dvc":"christena","dvc_nt_host":"christena","event_id":"255033","eventtype":"winapp wineventlog_application wineventlog_common wineventlog_windows","host":"christena","id":"255033","index":"alejandrina","linecount":"14","punct":"//_::_\\r=\\r=\\r=\\r=\\r=\\r=....\\r=\\r=\\r=\\r=\\r=_____.__:____.\\r\\r\\r\\r","severity":"Warning","severity_id":"3","signature_id":"0002","source":"AleJandrIna:Application","sourcetype":"WinEventLog:Application","splunk_server":"HYO-G006","tag":"os\nwindows\nwindows_management","tag::eventtype":"os\nwindows\nwindows_management"}}
{"preview":true,"result":{"ComputerName":"CAP-Q032.sherill.o.arie","EventCode":"311","EventType":"4","Keywords":"Classic","LogName":"Application","Message":"The COM+ sub system is suppressing duplicate event log entries for a duration of 33300 seconds.  The suppression timeout can be controlled by a LIN_KEIRA value named TbdyigqgRmsajypemKebyhrqr under the following registry key: MANY\\Software\\Jaqueline\\YPN1\\Williams.","OpCode":"The operation completed successfully.","RecordNumber":"11002","SourceName":"Jaqueline-Windows-Marcelo","TaskCategory":"None","Type":"Information","_raw":"03/03/0010 12:54:10 AM\nLogName=Application\nBfghbvNcbu=Jaqueline-Windows-Marcelo\nTnqamFsxr=311\nEventType=4\nType=Information\nComputerName=CAP-Q032.sherill.o.arie\nMvydNcrnwgcw=None\nOpCode=The operation completed successfully.\nMrsoicTjmcnk=11002\nKeywords=Classic\nMessage=The COM+ sub system is suppressing duplicate event log entries for a duration of 33300 seconds.  The suppression timeout can be controlled by a LIN_KEIRA value named TbdyigqgRmsajypemKebyhrqr under the following registry key: MANY\\Software\\Jaqueline\\YPN1\\Williams.","_time":"2020-08-17T00:54:10.000-0400","dest":"CAP-Q032.sherill.o.arie","dvc":"CAP-Q032","dvc_nt_host":"CAP-Q032","event_id":"11002","eventtype":"winapp wineventlog_application wineventlog_common wineventlog_windows","host":"CAP-Q032","id":"11002","index":"alejandrina","linecount":"12","punct":"//_::_==--====-...==___.===_+______________.______","severity":"Information","severity_id":"4","signature_id":"311","source":"AleJandrIna:Application","sourcetype":"WinEventLog:Application","splunk_server":"HYO-G006","tag":"os\nwindows\nwindows_management","tag::eventtype":"os\nwindows\nwindows_management"}}
{"preview":true,"result":{"ComputerName":"CAP-Q032.sherill.o.arie","EventCode":"1012","EventType":"4","Keywords":"Classic","LogName":"Application","Message":"The HEE service is shutting down due to idle timeout.","OpCode":"Info","RecordNumber":"00021","SourceName":"HEE","TaskCategory":"None","Type":"Information","_raw":"03/03/0010 12:54:08 AM\nLogName=Application\nBfghbvNcbu=HEE\nTnqamFsxr=1012\nEventType=4\nType=Information\nComputerName=CAP-Q032.sherill.o.arie\nMvydNcrnwgcw=None\nOpCode=Info\nMrsoicTjmcnk=00021\nKeywords=Classic\nMessage=The HEE service is shutting down due to idle timeout.","_time":"2020-08-17T00:54:08.000-0400","dest":"CAP-Q032.sherill.o.arie","dvc":"CAP-Q032","dvc_nt_host":"CAP-Q032","event_id":"00021","eventtype":"winapp wineventlog_application wineventlog_common wineventlog_windows","host":"CAP-Q032","id":"00021","index":"alejandrina","linecount":"12","punct":"//_::_======-...=====_________.","severity":"Information","severity_id":"4","signature_id":"1012","source":"AleJandrIna:Application","sourcetype":"WinEventLog:Application","splunk_server":"HYO-G006","tag":"os\nwindows\nwindows_management","tag::eventtype":"os\nwindows\nwindows_management"}}
{"preview":true,"result":{"ComputerName":"christena.sherill.ad.sherill.uk","EventCode":"0002","EventType":"3","Keywords":"Classic","LogName":"Application","Message":"Security policies were propagated with warning. 0mi : The data is invalid.\r\n\r\nAdvanced help for this problem is available on http://support.jaqueline.com. Query for \"troubleshooting 0002 events\".","OpCode":"None","RecordNumber":"132110","SourceName":"KhoCvl","TaskCategory":"None","Type":"Warning","_raw":"03/03/0010 12:39:26 AM\nLogName=Application\nBfghbvNcbu=KhoCvl\nTnqamFsxr=0002\nEventType=3\nType=Warning\nComputerName=christena.sherill.ad.sherill.uk\nMvydNcrnwgcw=None\nOpCode=None\nMrsoicTjmcnk=132110\nKeywords=Classic\nMessage=Security policies were propagated with warning. 0mi : The data is invalid.\r\n\r\nAdvanced help for this problem is available on http://support.jaqueline.com. Query for \"troubleshooting 0002 events\".","_time":"2020-08-17T00:39:26.000-0400","dest":"christena.sherill.ad.sherill.uk","dvc":"christena","dvc_nt_host":"christena","event_id":"132110","eventtype":"winapp wineventlog_application wineventlog_common wineventlog_windows","host":"christena","id":"132110","index":"alejandrina","linecount":"14","punct":"//_::_\\r=\\r=\\r=\\r=\\r=\\r=....\\r=\\r=\\r=\\r=\\r=_____.__:____.\\r\\r\\r\\r","severity":"Warning","severity_id":"3","signature_id":"0002","source":"AleJandrIna:Application","sourcetype":"WinEventLog:Application","splunk_server":"HYO-G006","tag":"os\nwindows\nwindows_management","tag::eventtype":"os\nwindows\nwindows_management"}}
{"preview":true,"result":{"ComputerName":"christena.sherill.ad.sherill.uk","EventCode":"0002","EventType":"3","Keywords":"Classic","LogName":"Application","Message":"Security policies were propagated with warning. 0mi : The data is invalid.\r\n\r\nAdvanced help for this problem is available on http://support.jaqueline.com. Query for \"troubleshooting 0002 events\".","OpCode":"None","RecordNumber":"103138","SourceName":"KhoCvl","TaskCategory":"None","Type":"Warning","_raw":"03/03/0010 12:34:17 AM\nLogName=Application\nBfghbvNcbu=KhoCvl\nTnqamFsxr=0002\nEventType=3\nType=Warning\nComputerName=christena.sherill.ad.sherill.uk\nMvydNcrnwgcw=None\nOpCode=None\nMrsoicTjmcnk=103138\nKeywords=Classic\nMessage=Security policies were propagated with warning. 0mi : The data is invalid.\r\n\r\nAdvanced help for this problem is available on http://support.jaqueline.com. Query for \"troubleshooting 0002 events\".","_time":"2020-08-17T00:34:17.000-0400","dest":"christena.sherill.ad.sherill.uk","dvc":"christena","dvc_nt_host":"christena","event_id":"103138","eventtype":"winapp wineventlog_application wineventlog_common wineventlog_windows","host":"christena","id":"103138","index":"alejandrina","linecount":"14","punct":"//_::_\\r=\\r=\\r=\\r=\\r=\\r=....\\r=\\r=\\r=\\r=\\r=_____.__:____.\\r\\r\\r\\r","severity":"Warning","severity_id":"3","signature_id":"0002","source":"AleJandrIna:Application","sourcetype":"WinEventLog:Application","splunk_server":"HYO-G006","tag":"os\nwindows\nwindows_management","tag::eventtype":"os\nwindows\nwindows_management"}}
{"preview":true,"result":{"ComputerName":"christena.sherill.ad.sherill.uk","EventCode":"0002","EventType":"3","Keywords":"Classic","LogName":"Application","Message":"Security policies were propagated with warning. 0mi : The data is invalid.\r\n\r\nAdvanced help for this problem is available on http://support.jaqueline.com. Query for \"troubleshooting 0002 events\".","OpCode":"None","RecordNumber":"020104","SourceName":"KhoCvl","TaskCategory":"None","Type":"Warning","_raw":"03/03/0010 12:24:01 AM\nLogName=Application\nBfghbvNcbu=KhoCvl\nTnqamFsxr=0002\nEventType=3\nType=Warning\nComputerName=christena.sherill.ad.sherill.uk\nMvydNcrnwgcw=None\nOpCode=None\nMrsoicTjmcnk=020104\nKeywords=Classic\nMessage=Security policies were propagated with warning. 0mi : The data is invalid.\r\n\r\nAdvanced help for this problem is available on http://support.jaqueline.com. Query for \"troubleshooting 0002 events\".","_time":"2020-08-17T00:24:01.000-0400","dest":"christena.sherill.ad.sherill.uk","dvc":"christena","dvc_nt_host":"christena","event_id":"020104","eventtype":"winapp wineventlog_application wineventlog_common wineventlog_windows","host":"christena","id":"020104","index":"alejandrina","linecount":"14","punct":"//_::_\\r=\\r=\\r=\\r=\\r=\\r=....\\r=\\r=\\r=\\r=\\r=_____.__:____.\\r\\r\\r\\r","severity":"Warning","severity_id":"3","signature_id":"0002","source":"AleJandrIna:Application","sourcetype":"WinEventLog:Application","splunk_server":"HYO-G006","tag":"os\nwindows\nwindows_management","tag::eventtype":"os\nwindows\nwindows_management"}}
{"preview":true,"result":{"ComputerName":"christena.sherill.ad.sherill.uk","EventCode":"0002","EventType":"3","Keywords":"Classic","LogName":"Application","Message":"Security policies were propagated with warning. 0mi : The data is invalid.\r\n\r\nAdvanced help for this problem is available on http://support.jaqueline.com. Query for \"troubleshooting 0002 events\".","OpCode":"None","RecordNumber":"145101","SourceName":"KhoCvl","TaskCategory":"None","Type":"Warning","_raw":"03/06/0010 11:53:12 PM\nLogName=Application\nBfghbvNcbu=KhoCvl\nTnqamFsxr=0002\nEventType=3\nType=Warning\nComputerName=christena.sherill.ad.sherill.uk\nMvydNcrnwgcw=None\nOpCode=None\nMrsoicTjmcnk=145101\nKeywords=Classic\nMessage=Security policies were propagated with warning. 0mi : The data is invalid.\r\n\r\nAdvanced help for this problem is available on http://support.jaqueline.com. Query for \"troubleshooting 0002 events\".","_time":"2020-08-16T23:53:12.000-0400","dest":"christena.sherill.ad.sherill.uk","dvc":"christena","dvc_nt_host":"christena","event_id":"145101","eventtype":"winapp wineventlog_application wineventlog_common wineventlog_windows","host":"christena","id":"145101","index":"alejandrina","linecount":"14","punct":"//_::_\\r=\\r=\\r=\\r=\\r=\\r=....\\r=\\r=\\r=\\r=\\r=_____.__:____.\\r\\r\\r\\r","severity":"Warning","severity_id":"3","signature_id":"0002","source":"AleJandrIna:Application","sourcetype":"WinEventLog:Application","splunk_server":"HYO-G006","tag":"os\nwindows\nwindows_management","tag::eventtype":"os\nwindows\nwindows_management"}}
{"preview":true,"result":{"ComputerName":"CAP-Q032.sherill.o.arie","EventCode":"13104","EventType":"4","Keywords":"Classic","LogName":"Application","Message":"Successfully scheduled Software Protection service for re-start at 0010-03-00B01:40:06Q. Reason: XsgjuCrsdoz.","OpCode":"The operation completed successfully.","RecordNumber":"10022","SourceName":"Jaqueline-Windows-Security-JIM","TaskCategory":"None","Type":"Information","_raw":"03/06/0010 11:39:06 PM\nLogName=Application\nBfghbvNcbu=Jaqueline-Windows-Security-JIM\nTnqamFsxr=13104\nEventType=4\nType=Information\nComputerName=CAP-Q032.sherill.o.arie\nMvydNcrnwgcw=None\nOpCode=The operation completed successfully.\nMrsoicTjmcnk=10022\nKeywords=Classic\nMessage=Successfully scheduled Software Protection service for re-start at 0010-03-00B01:44:06Q. Reason: XsgjuCrsdoz.","_time":"2020-08-16T23:39:06.000-0400","dest":"CAP-Q032.sherill.o.arie","dvc":"CAP-Q032","dvc_nt_host":"CAP-Q032","event_id":"10022","eventtype":"winapp wineventlog_application wineventlog_common wineventlog_windows","host":"CAP-Q032","id":"10022","index":"alejandrina","linecount":"12","punct":"//_::_==---====-...==___.===______-__--::._:_.","severity":"Information","severity_id":"4","signature_id":"13104","source":"AleJandrIna:Application","sourcetype":"WinEventLog:Application","splunk_server":"HYO-G006","tag":"os\nwindows\nwindows_management","tag::eventtype":"os\nwindows\nwindows_management"}}
{"preview":true,"result":{"ComputerName":"christena.sherill.ad.sherill.uk","EventCode":"0002","EventType":"3","Keywords":"Classic","LogName":"Application","Message":"Security policies were propagated with warning. 0mi : The data is invalid.\r\n\r\nAdvanced help for this problem is available on http://support.jaqueline.com. Query for \"troubleshooting 0002 events\".","OpCode":"None","RecordNumber":"244023","SourceName":"KhoCvl","TaskCategory":"None","Type":"Warning","_raw":"03/06/0010 11:27:32 PM\nLogName=Application\nBfghbvNcbu=KhoCvl\nTnqamFsxr=0002\nEventType=3\nType=Warning\nComputerName=christena.sherill.ad.sherill.uk\nMvydNcrnwgcw=None\nOpCode=None\nMrsoicTjmcnk=244023\nKeywords=Classic\nMessage=Security policies were propagated with warning. 0mi : The data is invalid.\r\n\r\nAdvanced help for this problem is available on http://support.jaqueline.com. Query for \"troubleshooting 0002 events\".","_time":"2020-08-16T23:27:32.000-0400","dest":"christena.sherill.ad.sherill.uk","dvc":"christena","dvc_nt_host":"christena","event_id":"244023","eventtype":"winapp wineventlog_application wineventlog_common wineventlog_windows","host":"christena","id":"244023","index":"alejandrina","linecount":"14","punct":"//_::_\\r=\\r=\\r=\\r=\\r=\\r=....\\r=\\r=\\r=\\r=\\r=_____.__:____.\\r\\r\\r\\r","severity":"Warning","severity_id":"3","signature_id":"0002","source":"AleJandrIna:Application","sourcetype":"WinEventLog:Application","splunk_server":"HYO-G006","tag":"os\nwindows\nwindows_management","tag::eventtype":"os\nwindows\nwindows_management"}}
{"preview":true,"result":{"ComputerName":"christena.sherill.ad.sherill.uk","EventCode":"0002","EventType":"3","Keywords":"Classic","LogName":"Application","Message":"Security policies were propagated with warning. 0mi : The data is invalid.\r\n\r\nAdvanced help for this problem is available on http://support.jaqueline.com. Query for \"troubleshooting 0002 events\".","OpCode":"None","RecordNumber":"024121","SourceName":"KhoCvl","TaskCategory":"None","Type":"Warning","_raw":"03/06/0010 11:01:51 PM\nLogName=Application\nBfghbvNcbu=KhoCvl\nTnqamFsxr=0002\nEventType=3\nType=Warning\nComputerName=christena.sherill.ad.sherill.uk\nMvydNcrnwgcw=None\nOpCode=None\nMrsoicTjmcnk=024121\nKeywords=Classic\nMessage=Security policies were propagated with warning. 0mi : The data is invalid.\r\n\r\nAdvanced help for this problem is available on http://support.jaqueline.com. Query for \"troubleshooting 0002 events\".","_time":"2020-08-16T23:01:51.000-0400","dest":"christena.sherill.ad.sherill.uk","dvc":"christena","dvc_nt_host":"christena","event_id":"024121","eventtype":"winapp wineventlog_application wineventlog_common wineventlog_windows","host":"christena","id":"024121","index":"alejandrina","linecount":"14","punct":"//_::_\\r=\\r=\\r=\\r=\\r=\\r=....\\r=\\r=\\r=\\r=\\r=_____.__:____.\\r\\r\\r\\r","severity":"Warning","severity_id":"3","signature_id":"0002","source":"AleJandrIna:Application","sourcetype":"WinEventLog:Application","splunk_server":"HYO-G006","tag":"os\nwindows\nwindows_management","tag::eventtype":"os\nwindows\nwindows_management"}}
{"preview":true,"result":{"ComputerName":"christena.sherill.ad.sherill.uk","EventCode":"0002","EventType":"3","Keywords":"Classic","LogName":"Application","Message":"Security policies were propagated with warning. 0mi : The data is invalid.\r\n\r\nAdvanced help for this problem is available on http://support.jaqueline.com. Query for \"troubleshooting 0002 events\".","OpCode":"None","RecordNumber":"105120","SourceName":"KhoCvl","TaskCategory":"None","Type":"Warning","_raw":"03/06/0010 10:56:43 PM\nLogName=Application\nBfghbvNcbu=KhoCvl\nTnqamFsxr=0002\nEventType=3\nType=Warning\nComputerName=christena.sherill.ad.sherill.uk\nMvydNcrnwgcw=None\nOpCode=None\nMrsoicTjmcnk=105120\nKeywords=Classic\nMessage=Security policies were propagated with warning. 0mi : The data is invalid.\r\n\r\nAdvanced help for this problem is available on http://support.jaqueline.com. Query for \"troubleshooting 0002 events\".","_time":"2020-08-16T22:56:43.000-0400","dest":"christena.sherill.ad.sherill.uk","dvc":"christena","dvc_nt_host":"christena","event_id":"105120","eventtype":"winapp wineventlog_application wineventlog_common wineventlog_windows","host":"christena","id":"105120","index":"alejandrina","linecount":"14","punct":"//_::_\\r=\\r=\\r=\\r=\\r=\\r=....\\r=\\r=\\r=\\r=\\r=_____.__:____.\\r\\r\\r\\r","severity":"Warning","severity_id":"3","signature_id":"0002","source":"AleJandrIna:Application","sourcetype":"WinEventLog:Application","splunk_server":"HYO-G006","tag":"os\nwindows\nwindows_management","tag::eventtype":"os\nwindows\nwindows_management"}}
{"preview":true,"result":{"ComputerName":"christena.sherill.ad.sherill.uk","EventCode":"0002","EventType":"3","Keywords":"Classic","LogName":"Application","Message":"Security policies were propagated with warning. 0mi : The data is invalid.\r\n\r\nAdvanced help for this problem is available on http://support.jaqueline.com. Query for \"troubleshooting 0002 events\".","OpCode":"None","RecordNumber":"202001","SourceName":"KhoCvl","TaskCategory":"None","Type":"Warning","_raw":"03/06/0010 10:31:04 PM\nLogName=Application\nBfghbvNcbu=KhoCvl\nTnqamFsxr=0002\nEventType=3\nType=Warning\nComputerName=christena.sherill.ad.sherill.uk\nMvydNcrnwgcw=None\nOpCode=None\nMrsoicTjmcnk=202001\nKeywords=Classic\nMessage=Security policies were propagated with warning. 0mi : The data is invalid.\r\n\r\nAdvanced help for this problem is available on http://support.jaqueline.com. Query for \"troubleshooting 0002 events\".","_time":"2020-08-16T22:31:04.000-0400","dest":"christena.sherill.ad.sherill.uk","dvc":"christena","dvc_nt_host":"christena","event_id":"202001","eventtype":"winapp wineventlog_application wineventlog_common wineventlog_windows","host":"christena","id":"202001","index":"alejandrina","linecount":"14","punct":"//_::_\\r=\\r=\\r=\\r=\\r=\\r=....\\r=\\r=\\r=\\r=\\r=_____.__:____.\\r\\r\\r\\r","severity":"Warning","severity_id":"3","signature_id":"0002","source":"AleJandrIna:Application","sourcetype":"WinEventLog:Application","splunk_server":"HYO-G006","tag":"os\nwindows\nwindows_management","tag::eventtype":"os\nwindows\nwindows_management"}}
{"preview":true,"result":{"ComputerName":"christena.sherill.ad.sherill.uk","EventCode":"0002","EventType":"3","Keywords":"Classic","LogName":"Application","Message":"Security policies were propagated with warning. 0mi : The data is invalid.\r\n\r\nAdvanced help for this problem is available on http://support.jaqueline.com. Query for \"troubleshooting 0002 events\".","OpCode":"None","RecordNumber":"125000","SourceName":"KhoCvl","TaskCategory":"None","Type":"Warning","_raw":"03/06/0010 10:00:14 PM\nLogName=Application\nBfghbvNcbu=KhoCvl\nTnqamFsxr=0002\nEventType=3\nType=Warning\nComputerName=christena.sherill.ad.sherill.uk\nMvydNcrnwgcw=None\nOpCode=None\nMrsoicTjmcnk=125000\nKeywords=Classic\nMessage=Security policies were propagated with warning. 0mi : The data is invalid.\r\n\r\nAdvanced help for this problem is available on http://support.jaqueline.com. Query for \"troubleshooting 0002 events\".","_time":"2020-08-16T22:00:14.000-0400","dest":"christena.sherill.ad.sherill.uk","dvc":"christena","dvc_nt_host":"christena","event_id":"125000","eventtype":"winapp wineventlog_application wineventlog_common wineventlog_windows","host":"christena","id":"125000","index":"alejandrina","linecount":"14","punct":"//_::_\\r=\\r=\\r=\\r=\\r=\\r=....\\r=\\r=\\r=\\r=\\r=_____.__:____.\\r\\r\\r\\r","severity":"Warning","severity_id":"3","signature_id":"0002","source":"AleJandrIna:Application","sourcetype":"WinEventLog:Application","splunk_server":"HYO-G006","tag":"os\nwindows\nwindows_management","tag::eventtype":"os\nwindows\nwindows_management"}}
{"preview":true,"result":{"ComputerName":"christena.sherill.ad.sherill.uk","EventCode":"0002","EventType":"3","Keywords":"Classic","LogName":"Application","Message":"Security policies were propagated with warning. 0mi : The data is invalid.\r\n\r\nAdvanced help for this problem is available on http://support.jaqueline.com. Query for \"troubleshooting 0002 events\".","OpCode":"None","RecordNumber":"125103","SourceName":"KhoCvl","TaskCategory":"None","Type":"Warning","_raw":"03/06/0010 09:44:49 PM\nLogName=Application\nBfghbvNcbu=KhoCvl\nTnqamFsxr=0002\nEventType=3\nType=Warning\nComputerName=christena.sherill.ad.sherill.uk\nMvydNcrnwgcw=None\nOpCode=None\nMrsoicTjmcnk=125103\nKeywords=Classic\nMessage=Security policies were propagated with warning. 0mi : The data is invalid.\r\n\r\nAdvanced help for this problem is available on http://support.jaqueline.com. Query for \"troubleshooting 0002 events\".","_time":"2020-08-16T21:44:49.000-0400","dest":"christena.sherill.ad.sherill.uk","dvc":"christena","dvc_nt_host":"christena","event_id":"125103","eventtype":"winapp wineventlog_application wineventlog_common wineventlog_windows","host":"christena","id":"125103","index":"alejandrina","linecount":"14","punct":"//_::_\\r=\\r=\\r=\\r=\\r=\\r=....\\r=\\r=\\r=\\r=\\r=_____.__:____.\\r\\r\\r\\r","severity":"Warning","severity_id":"3","signature_id":"0002","source":"AleJandrIna:Application","sourcetype":"WinEventLog:Application","splunk_server":"HYO-G006","tag":"os\nwindows\nwindows_management","tag::eventtype":"os\nwindows\nwindows_management"}}
{"preview":true,"result":{"ComputerName":"christena.sherill.ad.sherill.uk","EventCode":"0002","EventType":"3","Keywords":"Classic","LogName":"Application","Message":"Security policies were propagated with warning. 0mi : The data is invalid.\r\n\r\nAdvanced help for this problem is available on http://support.jaqueline.com. Query for \"troubleshooting 0002 events\".","OpCode":"None","RecordNumber":"235100","SourceName":"KhoCvl","TaskCategory":"None","Type":"Warning","_raw":"03/06/0010 09:39:41 PM\nLogName=Application\nBfghbvNcbu=KhoCvl\nTnqamFsxr=0002\nEventType=3\nType=Warning\nComputerName=christena.sherill.ad.sherill.uk\nMvydNcrnwgcw=None\nOpCode=None\nMrsoicTjmcnk=235100\nKeywords=Classic\nMessage=Security policies were propagated with warning. 0mi : The data is invalid.\r\n\r\nAdvanced help for this problem is available on http://support.jaqueline.com. Query for \"troubleshooting 0002 events\".","_time":"2020-08-16T21:39:41.000-0400","dest":"christena.sherill.ad.sherill.uk","dvc":"christena","dvc_nt_host":"christena","event_id":"235100","eventtype":"winapp wineventlog_application wineventlog_common wineventlog_windows","host":"christena","id":"235100","index":"alejandrina","linecount":"14","punct":"//_::_\\r=\\r=\\r=\\r=\\r=\\r=....\\r=\\r=\\r=\\r=\\r=_____.__:____.\\r\\r\\r\\r","severity":"Warning","severity_id":"3","signature_id":"0002","source":"AleJandrIna:Application","sourcetype":"WinEventLog:Application","splunk_server":"HYO-G006","tag":"os\nwindows\nwindows_management","tag::eventtype":"os\nwindows\nwindows_management"}}
{"preview":true,"result":{"ComputerName":"christena.sherill.ad.sherill.uk","EventCode":"0002","EventType":"3","Keywords":"Classic","LogName":"Application","Message":"Security policies were propagated with warning. 0mi : The data is invalid.\r\n\r\nAdvanced help for this problem is available on http://support.jaqueline.com. Query for \"troubleshooting 0002 events\".","OpCode":"None","RecordNumber":"025101","SourceName":"KhoCvl","TaskCategory":"None","Type":"Warning","_raw":"03/06/0010 09:19:08 PM\nLogName=Application\nBfghbvNcbu=KhoCvl\nTnqamFsxr=0002\nEventType=3\nType=Warning\nComputerName=christena.sherill.ad.sherill.uk\nMvydNcrnwgcw=None\nOpCode=None\nMrsoicTjmcnk=025101\nKeywords=Classic\nMessage=Security policies were propagated with warning. 0mi : The data is invalid.\r\n\r\nAdvanced help for this problem is available on http://support.jaqueline.com. Query for \"troubleshooting 0002 events\".","_time":"2020-08-16T21:19:08.000-0400","dest":"christena.sherill.ad.sherill.uk","dvc":"christena","dvc_nt_host":"christena","event_id":"025101","eventtype":"winapp wineventlog_application wineventlog_common wineventlog_windows","host":"christena","id":"025101","index":"alejandrina","linecount":"14","punct":"//_::_\\r=\\r=\\r=\\r=\\r=\\r=....\\r=\\r=\\r=\\r=\\r=_____.__:____.\\r\\r\\r\\r","severity":"Warning","severity_id":"3","signature_id":"0002","source":"AleJandrIna:Application","sourcetype":"WinEventLog:Application","splunk_server":"HYO-G006","tag":"os\nwindows\nwindows_management","tag::eventtype":"os\nwindows\nwindows_management"}}
{"preview":true,"result":{"ComputerName":"christena.sherill.ad.sherill.uk","EventCode":"0002","EventType":"3","Keywords":"Classic","LogName":"Application","Message":"Security policies were propagated with warning. 0mi : The data is invalid.\r\n\r\nAdvanced help for this problem is available on http://support.jaqueline.com. Query for \"troubleshooting 0002 events\".","OpCode":"None","RecordNumber":"125100","SourceName":"KhoCvl","TaskCategory":"None","Type":"Warning","_raw":"03/06/0010 09:13:59 PM\nLogName=Application\nBfghbvNcbu=KhoCvl\nTnqamFsxr=0002\nEventType=3\nType=Warning\nComputerName=christena.sherill.ad.sherill.uk\nMvydNcrnwgcw=None\nOpCode=None\nMrsoicTjmcnk=125100\nKeywords=Classic\nMessage=Security policies were propagated with warning. 0mi : The data is invalid.\r\n\r\nAdvanced help for this problem is available on http://support.jaqueline.com. Query for \"troubleshooting 0002 events\".","_time":"2020-08-16T21:13:59.000-0400","dest":"christena.sherill.ad.sherill.uk","dvc":"christena","dvc_nt_host":"christena","event_id":"125100","eventtype":"winapp wineventlog_application wineventlog_common wineventlog_windows","host":"christena","id":"125100","index":"alejandrina","linecount":"14","punct":"//_::_\\r=\\r=\\r=\\r=\\r=\\r=....\\r=\\r=\\r=\\r=\\r=_____.__:____.\\r\\r\\r\\r","severity":"Warning","severity_id":"3","signature_id":"0002","source":"AleJandrIna:Application","sourcetype":"WinEventLog:Application","splunk_server":"HYO-G006","tag":"os\nwindows\nwindows_management","tag::eventtype":"os\nwindows\nwindows_management"}}
{"preview":true,"result":{"ComputerName":"christena.sherill.ad.sherill.uk","EventCode":"0002","EventType":"3","Keywords":"Classic","LogName":"Application","Message":"Security policies were propagated with warning. 0mi : The data is invalid.\r\n\r\nAdvanced help for this problem is available on http://support.jaqueline.com. Query for \"troubleshooting 0002 events\".","OpCode":"None","RecordNumber":"110037","SourceName":"KhoCvl","TaskCategory":"None","Type":"Warning","_raw":"03/06/0010 09:03:43 PM\nLogName=Application\nBfghbvNcbu=KhoCvl\nTnqamFsxr=0002\nEventType=3\nType=Warning\nComputerName=christena.sherill.ad.sherill.uk\nMvydNcrnwgcw=None\nOpCode=None\nMrsoicTjmcnk=110037\nKeywords=Classic\nMessage=Security policies were propagated with warning. 0mi : The data is invalid.\r\n\r\nAdvanced help for this problem is available on http://support.jaqueline.com. Query for \"troubleshooting 0002 events\".","_time":"2020-08-16T21:03:43.000-0400","dest":"christena.sherill.ad.sherill.uk","dvc":"christena","dvc_nt_host":"christena","event_id":"110037","eventtype":"winapp wineventlog_application wineventlog_common wineventlog_windows","host":"christena","id":"110037","index":"alejandrina","linecount":"14","punct":"//_::_\\r=\\r=\\r=\\r=\\r=\\r=....\\r=\\r=\\r=\\r=\\r=_____.__:____.\\r\\r\\r\\r","severity":"Warning","severity_id":"3","signature_id":"0002","source":"AleJandrIna:Application","sourcetype":"WinEventLog:Application","splunk_server":"HYO-G006","tag":"os\nwindows\nwindows_management","tag::eventtype":"os\nwindows\nwindows_management"}}
{"preview":true,"result":{"ComputerName":"christena.sherill.ad.sherill.uk","EventCode":"0002","EventType":"3","Keywords":"Classic","LogName":"Application","Message":"Security policies were propagated with warning. 0mi : The data is invalid.\r\n\r\nAdvanced help for this problem is available on http://support.jaqueline.com. Query for \"troubleshooting 0002 events\".","OpCode":"None","RecordNumber":"245063","SourceName":"KhoCvl","TaskCategory":"None","Type":"Warning","_raw":"03/06/0010 08:53:26 PM\nLogName=Application\nBfghbvNcbu=KhoCvl\nTnqamFsxr=0002\nEventType=3\nType=Warning\nComputerName=christena.sherill.ad.sherill.uk\nMvydNcrnwgcw=None\nOpCode=None\nMrsoicTjmcnk=245063\nKeywords=Classic\nMessage=Security policies were propagated with warning. 0mi : The data is invalid.\r\n\r\nAdvanced help for this problem is available on http://support.jaqueline.com. Query for \"troubleshooting 0002 events\".","_time":"2020-08-16T20:53:26.000-0400","dest":"christena.sherill.ad.sherill.uk","dvc":"christena","dvc_nt_host":"christena","event_id":"245063","eventtype":"winapp wineventlog_application wineventlog_common wineventlog_windows","host":"christena","id":"245063","index":"alejandrina","linecount":"14","punct":"//_::_\\r=\\r=\\r=\\r=\\r=\\r=....\\r=\\r=\\r=\\r=\\r=_____.__:____.\\r\\r\\r\\r","severity":"Warning","severity_id":"3","signature_id":"0002","source":"AleJandrIna:Application","sourcetype":"WinEventLog:Application","splunk_server":"HYO-G006","tag":"os\nwindows\nwindows_management","tag::eventtype":"os\nwindows\nwindows_management"}}
{"preview":true,"result":{"ComputerName":"christena.sherill.ad.sherill.uk","EventCode":"0002","EventType":"3","Keywords":"Classic","LogName":"Application","Message":"Security policies were propagated with warning. 0mi : The data is invalid.\r\n\r\nAdvanced help for this problem is available on http://support.jaqueline.com. Query for \"troubleshooting 0002 events\".","OpCode":"None","RecordNumber":"032016","SourceName":"KhoCvl","TaskCategory":"None","Type":"Warning","_raw":"03/06/0010 08:02:02 PM\nLogName=Application\nBfghbvNcbu=KhoCvl\nTnqamFsxr=0002\nEventType=3\nType=Warning\nComputerName=christena.sherill.ad.sherill.uk\nMvydNcrnwgcw=None\nOpCode=None\nMrsoicTjmcnk=032016\nKeywords=Classic\nMessage=Security policies were propagated with warning. 0mi : The data is invalid.\r\n\r\nAdvanced help for this problem is available on http://support.jaqueline.com. Query for \"troubleshooting 0002 events\".","_time":"2020-08-16T20:02:02.000-0400","dest":"christena.sherill.ad.sherill.uk","dvc":"christena","dvc_nt_host":"christena","event_id":"032016","eventtype":"winapp wineventlog_application wineventlog_common wineventlog_windows","host":"christena","id":"032016","index":"alejandrina","linecount":"14","punct":"//_::_\\r=\\r=\\r=\\r=\\r=\\r=....\\r=\\r=\\r=\\r=\\r=_____.__:____.\\r\\r\\r\\r","severity":"Warning","severity_id":"3","signature_id":"0002","source":"AleJandrIna:Application","sourcetype":"WinEventLog:Application","splunk_server":"HYO-G006","tag":"os\nwindows\nwindows_management","tag::eventtype":"os\nwindows\nwindows_management"}}
{"preview":true,"result":{"ComputerName":"christena.sherill.ad.sherill.uk","EventCode":"0002","EventType":"3","Keywords":"Classic","LogName":"Application","Message":"Security policies were propagated with warning. 0mi : The data is invalid.\r\n\r\nAdvanced help for this problem is available on http://support.jaqueline.com. Query for \"troubleshooting 0002 events\".","OpCode":"None","RecordNumber":"254050","SourceName":"KhoCvl","TaskCategory":"None","Type":"Warning","_raw":"03/06/0010 07:41:29 PM\nLogName=Application\nBfghbvNcbu=KhoCvl\nTnqamFsxr=0002\nEventType=3\nType=Warning\nComputerName=christena.sherill.ad.sherill.uk\nMvydNcrnwgcw=None\nOpCode=None\nMrsoicTjmcnk=254050\nKeywords=Classic\nMessage=Security policies were propagated with warning. 0mi : The data is invalid.\r\n\r\nAdvanced help for this problem is available on http://support.jaqueline.com. Query for \"troubleshooting 0002 events\".","_time":"2020-08-16T19:41:29.000-0400","dest":"christena.sherill.ad.sherill.uk","dvc":"christena","dvc_nt_host":"christena","event_id":"254050","eventtype":"winapp wineventlog_application wineventlog_common wineventlog_windows","host":"christena","id":"254050","index":"alejandrina","linecount":"14","punct":"//_::_\\r=\\r=\\r=\\r=\\r=\\r=....\\r=\\r=\\r=\\r=\\r=_____.__:____.\\r\\r\\r\\r","severity":"Warning","severity_id":"3","signature_id":"0002","source":"AleJandrIna:Application","sourcetype":"WinEventLog:Application","splunk_server":"HYO-G006","tag":"os\nwindows\nwindows_management","tag::eventtype":"os\nwindows\nwindows_management"}}
