{"preview":true,"result":{"ComputerName":"catherine.rebekah.ad.rebekah.fi","EventCode":"1000","EventType":"3","Keywords":"Classic","LogName":"Application","Message":"Security policies were propagated with warning. 0nf : The data is invalid.\r\n\r\nAdvanced help for this problem is available on http://support.hannelore.com. Query for \"troubleshooting 1000 events\".","OpCode":"None","RecordNumber":"042006","SourceName":"HssJbm","TaskCategory":"None","Type":"Warning","_raw":"00/06/0010 09:20:42 PM\nLogName=Application\nNbcjldEuuh=HssJbm\nZxjruJwks=1000\nEventType=3\nType=Warning\nComputerName=catherine.rebekah.ad.rebekah.fi\nWmvzDqlubluk=None\nOpCode=None\nEipevqKbqtoi=042006\nKeywords=Classic\nMessage=Security policies were propagated with warning. 0nf : The data is invalid.\r\n\r\nAdvanced help for this problem is available on http://support.hannelore.com. Query for \"troubleshooting 1000 events\".","_time":"2020-10-18T21:20:42.000-0400","dest":"catherine.rebekah.ad.rebekah.fi","dvc":"catherine","dvc_nt_host":"catherine","event_id":"042006","eventtype":"winapp wineventlog_application wineventlog_common wineventlog_windows","host":"catherine","id":"042006","index":"providencia","linecount":"14","punct":"//_::_\\r=\\r=\\r=\\r=\\r=\\r=....\\r=\\r=\\r=\\r=\\r=_____.__:____.\\r\\r\\r\\r","severity":"Warning","severity_id":"3","signature_id":"1000","source":"ProVidenCia:Application","sourcetype":"WinEventLog:Application","splunk_server":"ISA-U013","tag":"os\nwindows\nwindows_management","tag::eventtype":"os\nwindows\nwindows_management"}}
{"preview":true,"result":{"ComputerName":"catherine.rebekah.ad.rebekah.fi","EventCode":"1000","EventType":"3","Keywords":"Classic","LogName":"Application","Message":"Security policies were propagated with warning. 0nf : The data is invalid.\r\n\r\nAdvanced help for this problem is available on http://support.hannelore.com. Query for \"troubleshooting 1000 events\".","OpCode":"None","RecordNumber":"212563","SourceName":"HssJbm","TaskCategory":"None","Type":"Warning","_raw":"00/06/0010 09:15:34 PM\nLogName=Application\nNbcjldEuuh=HssJbm\nZxjruJwks=1000\nEventType=3\nType=Warning\nComputerName=catherine.rebekah.ad.rebekah.fi\nWmvzDqlubluk=None\nOpCode=None\nEipevqKbqtoi=212563\nKeywords=Classic\nMessage=Security policies were propagated with warning. 0nf : The data is invalid.\r\n\r\nAdvanced help for this problem is available on http://support.hannelore.com. Query for \"troubleshooting 1000 events\".","_time":"2020-10-18T21:15:34.000-0400","dest":"catherine.rebekah.ad.rebekah.fi","dvc":"catherine","dvc_nt_host":"catherine","event_id":"212563","eventtype":"winapp wineventlog_application wineventlog_common wineventlog_windows","host":"catherine","id":"212563","index":"providencia","linecount":"14","punct":"//_::_\\r=\\r=\\r=\\r=\\r=\\r=....\\r=\\r=\\r=\\r=\\r=_____.__:____.\\r\\r\\r\\r","severity":"Warning","severity_id":"3","signature_id":"1000","source":"ProVidenCia:Application","sourcetype":"WinEventLog:Application","splunk_server":"ISA-U013","tag":"os\nwindows\nwindows_management","tag::eventtype":"os\nwindows\nwindows_management"}}
{"preview":true,"result":{"ComputerName":"catherine.rebekah.ad.rebekah.fi","EventCode":"1000","EventType":"3","Keywords":"Classic","LogName":"Application","Message":"Security policies were propagated with warning. 0nf : The data is invalid.\r\n\r\nAdvanced help for this problem is available on http://support.hannelore.com. Query for \"troubleshooting 1000 events\".","OpCode":"None","RecordNumber":"112570","SourceName":"HssJbm","TaskCategory":"None","Type":"Warning","_raw":"00/06/0010 09:10:26 PM\nLogName=Application\nNbcjldEuuh=HssJbm\nZxjruJwks=1000\nEventType=3\nType=Warning\nComputerName=catherine.rebekah.ad.rebekah.fi\nWmvzDqlubluk=None\nOpCode=None\nEipevqKbqtoi=112570\nKeywords=Classic\nMessage=Security policies were propagated with warning. 0nf : The data is invalid.\r\n\r\nAdvanced help for this problem is available on http://support.hannelore.com. Query for \"troubleshooting 1000 events\".","_time":"2020-10-18T21:10:26.000-0400","dest":"catherine.rebekah.ad.rebekah.fi","dvc":"catherine","dvc_nt_host":"catherine","event_id":"112570","eventtype":"winapp wineventlog_application wineventlog_common wineventlog_windows","host":"catherine","id":"112570","index":"providencia","linecount":"14","punct":"//_::_\\r=\\r=\\r=\\r=\\r=\\r=....\\r=\\r=\\r=\\r=\\r=_____.__:____.\\r\\r\\r\\r","severity":"Warning","severity_id":"3","signature_id":"1000","source":"ProVidenCia:Application","sourcetype":"WinEventLog:Application","splunk_server":"ISA-L024","tag":"os\nwindows\nwindows_management","tag::eventtype":"os\nwindows\nwindows_management"}}
{"preview":true,"result":{"ComputerName":"catherine.rebekah.ad.rebekah.fi","EventCode":"1000","EventType":"3","Keywords":"Classic","LogName":"Application","Message":"Security policies were propagated with warning. 0nf : The data is invalid.\r\n\r\nAdvanced help for this problem is available on http://support.hannelore.com. Query for \"troubleshooting 1000 events\".","OpCode":"None","RecordNumber":"140514","SourceName":"HssJbm","TaskCategory":"None","Type":"Warning","_raw":"00/06/0010 09:05:22 PM\nLogName=Application\nNbcjldEuuh=HssJbm\nZxjruJwks=1000\nEventType=3\nType=Warning\nComputerName=catherine.rebekah.ad.rebekah.fi\nWmvzDqlubluk=None\nOpCode=None\nEipevqKbqtoi=140514\nKeywords=Classic\nMessage=Security policies were propagated with warning. 0nf : The data is invalid.\r\n\r\nAdvanced help for this problem is available on http://support.hannelore.com. Query for \"troubleshooting 1000 events\".","_time":"2020-10-18T21:05:22.000-0400","dest":"catherine.rebekah.ad.rebekah.fi","dvc":"catherine","dvc_nt_host":"catherine","event_id":"140514","eventtype":"winapp wineventlog_application wineventlog_common wineventlog_windows","host":"catherine","id":"140514","index":"providencia","linecount":"14","punct":"//_::_\\r=\\r=\\r=\\r=\\r=\\r=....\\r=\\r=\\r=\\r=\\r=_____.__:____.\\r\\r\\r\\r","severity":"Warning","severity_id":"3","signature_id":"1000","source":"ProVidenCia:Application","sourcetype":"WinEventLog:Application","splunk_server":"ISA-L024","tag":"os\nwindows\nwindows_management","tag::eventtype":"os\nwindows\nwindows_management"}}
{"preview":true,"result":{"ComputerName":"CAP-I040.rebekah.o.elly","EventCode":"15074","EventType":"4","Keywords":"Classic","LogName":"Application","Message":"Successfully scheduled Software Protection service for re-start at 0010-11-00P06:34:28D. Reason: KrfexXxqsqo.","OpCode":"The operation completed successfully.","RecordNumber":"02671","SourceName":"Hannelore-Windows-Security-ART","TaskCategory":"None","Type":"Information","_raw":"00/06/0010 09:03:38 PM\nLogName=Application\nNbcjldEuuh=Hannelore-Windows-Security-ART\nZxjruJwks=15074\nEventType=4\nType=Information\nComputerName=CAP-I040.rebekah.o.elly\nWmvzDqlubluk=None\nOpCode=The operation completed successfully.\nEipevqKbqtoi=02671\nKeywords=Classic\nMessage=Successfully scheduled Software Protection service for re-start at 0010-11-00P06:45:28D. Reason: KrfexXxqsqo.","_time":"2020-10-18T21:03:38.000-0400","dest":"CAP-I040.rebekah.o.elly","dvc":"CAP-I040","dvc_nt_host":"CAP-I040","event_id":"02671","eventtype":"winapp wineventlog_application wineventlog_common wineventlog_windows","host":"CAP-I040","id":"02671","index":"providencia","linecount":"12","punct":"//_::_==---====-...==___.===______-__--::._:_.","severity":"Information","severity_id":"4","signature_id":"15074","source":"ProVidenCia:Application","sourcetype":"WinEventLog:Application","splunk_server":"isa-d006.bm.kamilah","tag":"os\nwindows\nwindows_management","tag::eventtype":"os\nwindows\nwindows_management"}}
{"preview":true,"result":{"ComputerName":"CAP-I040.rebekah.o.elly","EventCode":"16130","EventType":"4","Keywords":"Classic","LogName":"Application","Message":"Wilfred catherina migration succeeded.","OpCode":"The operation completed successfully.","RecordNumber":"01250","SourceName":"Hannelore-Windows-Security-ART","TaskCategory":"None","Type":"Information","_raw":"00/06/0010 09:03:07 PM\nLogName=Application\nNbcjldEuuh=Hannelore-Windows-Security-ART\nZxjruJwks=16130\nEventType=4\nType=Information\nComputerName=CAP-I040.rebekah.o.elly\nWmvzDqlubluk=None\nOpCode=The operation completed successfully.\nEipevqKbqtoi=01250\nKeywords=Classic\nMessage=Wilfred catherina migration succeeded.","_time":"2020-10-18T21:03:07.000-0400","dest":"CAP-I040.rebekah.o.elly","dvc":"CAP-I040","dvc_nt_host":"CAP-I040","event_id":"01250","eventtype":"winapp wineventlog_application wineventlog_common wineventlog_windows","host":"CAP-I040","id":"01250","index":"providencia","linecount":"12","punct":"//_::_==---====-...==___.===___.","severity":"Information","severity_id":"4","signature_id":"16130","source":"ProVidenCia:Application","sourcetype":"WinEventLog:Application","splunk_server":"isa-d006.bm.kamilah","tag":"os\nwindows\nwindows_management","tag::eventtype":"os\nwindows\nwindows_management"}}
{"preview":true,"result":{"ComputerName":"catherine.rebekah.ad.rebekah.fi","EventCode":"1000","EventType":"3","Keywords":"Classic","LogName":"Application","Message":"Security policies were propagated with warning. 0nf : The data is invalid.\r\n\r\nAdvanced help for this problem is available on http://support.hannelore.com. Query for \"troubleshooting 1000 events\".","OpCode":"None","RecordNumber":"210564","SourceName":"HssJbm","TaskCategory":"None","Type":"Warning","_raw":"00/06/0010 09:00:14 PM\nLogName=Application\nNbcjldEuuh=HssJbm\nZxjruJwks=1000\nEventType=3\nType=Warning\nComputerName=catherine.rebekah.ad.rebekah.fi\nWmvzDqlubluk=None\nOpCode=None\nEipevqKbqtoi=210564\nKeywords=Classic\nMessage=Security policies were propagated with warning. 0nf : The data is invalid.\r\n\r\nAdvanced help for this problem is available on http://support.hannelore.com. Query for \"troubleshooting 1000 events\".","_time":"2020-10-18T21:00:14.000-0400","dest":"catherine.rebekah.ad.rebekah.fi","dvc":"catherine","dvc_nt_host":"catherine","event_id":"210564","eventtype":"winapp wineventlog_application wineventlog_common wineventlog_windows","host":"catherine","id":"210564","index":"providencia","linecount":"14","punct":"//_::_\\r=\\r=\\r=\\r=\\r=\\r=....\\r=\\r=\\r=\\r=\\r=_____.__:____.\\r\\r\\r\\r","severity":"Warning","severity_id":"3","signature_id":"1000","source":"ProVidenCia:Application","sourcetype":"WinEventLog:Application","splunk_server":"ISA-U013","tag":"os\nwindows\nwindows_management","tag::eventtype":"os\nwindows\nwindows_management"}}
{"preview":true,"result":{"ComputerName":"catherine.rebekah.ad.rebekah.fi","EventCode":"1000","EventType":"3","Keywords":"Classic","LogName":"Application","Message":"Security policies were propagated with warning. 0nf : The data is invalid.\r\n\r\nAdvanced help for this problem is available on http://support.hannelore.com. Query for \"troubleshooting 1000 events\".","OpCode":"None","RecordNumber":"151300","SourceName":"HssJbm","TaskCategory":"None","Type":"Warning","_raw":"00/06/0010 08:55:06 PM\nLogName=Application\nNbcjldEuuh=HssJbm\nZxjruJwks=1000\nEventType=3\nType=Warning\nComputerName=catherine.rebekah.ad.rebekah.fi\nWmvzDqlubluk=None\nOpCode=None\nEipevqKbqtoi=151300\nKeywords=Classic\nMessage=Security policies were propagated with warning. 0nf : The data is invalid.\r\n\r\nAdvanced help for this problem is available on http://support.hannelore.com. Query for \"troubleshooting 1000 events\".","_time":"2020-10-18T20:55:06.000-0400","dest":"catherine.rebekah.ad.rebekah.fi","dvc":"catherine","dvc_nt_host":"catherine","event_id":"151300","eventtype":"winapp wineventlog_application wineventlog_common wineventlog_windows","host":"catherine","id":"151300","index":"providencia","linecount":"14","punct":"//_::_\\r=\\r=\\r=\\r=\\r=\\r=....\\r=\\r=\\r=\\r=\\r=_____.__:____.\\r\\r\\r\\r","severity":"Warning","severity_id":"3","signature_id":"1000","source":"ProVidenCia:Application","sourcetype":"WinEventLog:Application","splunk_server":"isa-d006.bm.kamilah","tag":"os\nwindows\nwindows_management","tag::eventtype":"os\nwindows\nwindows_management"}}
{"preview":true,"result":{"ComputerName":"catherine.rebekah.ad.rebekah.fi","EventCode":"1000","EventType":"3","Keywords":"Classic","LogName":"Application","Message":"Security policies were propagated with warning. 0nf : The data is invalid.\r\n\r\nAdvanced help for this problem is available on http://support.hannelore.com. Query for \"troubleshooting 1000 events\".","OpCode":"None","RecordNumber":"110260","SourceName":"HssJbm","TaskCategory":"None","Type":"Warning","_raw":"00/06/0010 08:49:58 PM\nLogName=Application\nNbcjldEuuh=HssJbm\nZxjruJwks=1000\nEventType=3\nType=Warning\nComputerName=catherine.rebekah.ad.rebekah.fi\nWmvzDqlubluk=None\nOpCode=None\nEipevqKbqtoi=110260\nKeywords=Classic\nMessage=Security policies were propagated with warning. 0nf : The data is invalid.\r\n\r\nAdvanced help for this problem is available on http://support.hannelore.com. Query for \"troubleshooting 1000 events\".","_time":"2020-10-18T20:49:58.000-0400","dest":"catherine.rebekah.ad.rebekah.fi","dvc":"catherine","dvc_nt_host":"catherine","event_id":"110260","eventtype":"winapp wineventlog_application wineventlog_common wineventlog_windows","host":"catherine","id":"110260","index":"providencia","linecount":"14","punct":"//_::_\\r=\\r=\\r=\\r=\\r=\\r=....\\r=\\r=\\r=\\r=\\r=_____.__:____.\\r\\r\\r\\r","severity":"Warning","severity_id":"3","signature_id":"1000","source":"ProVidenCia:Application","sourcetype":"WinEventLog:Application","splunk_server":"ISA-U013","tag":"os\nwindows\nwindows_management","tag::eventtype":"os\nwindows\nwindows_management"}}
{"preview":true,"result":{"ComputerName":"catherine.rebekah.ad.rebekah.fi","EventCode":"1000","EventType":"3","Keywords":"Classic","LogName":"Application","Message":"Security policies were propagated with warning. 0nf : The data is invalid.\r\n\r\nAdvanced help for this problem is available on http://support.hannelore.com. Query for \"troubleshooting 1000 events\".","OpCode":"None","RecordNumber":"250051","SourceName":"HssJbm","TaskCategory":"None","Type":"Warning","_raw":"00/06/0010 08:44:50 PM\nLogName=Application\nNbcjldEuuh=HssJbm\nZxjruJwks=1000\nEventType=3\nType=Warning\nComputerName=catherine.rebekah.ad.rebekah.fi\nWmvzDqlubluk=None\nOpCode=None\nEipevqKbqtoi=250051\nKeywords=Classic\nMessage=Security policies were propagated with warning. 0nf : The data is invalid.\r\n\r\nAdvanced help for this problem is available on http://support.hannelore.com. Query for \"troubleshooting 1000 events\".","_time":"2020-10-18T20:44:50.000-0400","dest":"catherine.rebekah.ad.rebekah.fi","dvc":"catherine","dvc_nt_host":"catherine","event_id":"250051","eventtype":"winapp wineventlog_application wineventlog_common wineventlog_windows","host":"catherine","id":"250051","index":"providencia","linecount":"14","punct":"//_::_\\r=\\r=\\r=\\r=\\r=\\r=....\\r=\\r=\\r=\\r=\\r=_____.__:____.\\r\\r\\r\\r","severity":"Warning","severity_id":"3","signature_id":"1000","source":"ProVidenCia:Application","sourcetype":"WinEventLog:Application","splunk_server":"isa-l004.bm.kamilah","tag":"os\nwindows\nwindows_management","tag::eventtype":"os\nwindows\nwindows_management"}}
{"preview":true,"result":{"ComputerName":"catherine.rebekah.ad.rebekah.fi","EventCode":"1000","EventType":"3","Keywords":"Classic","LogName":"Application","Message":"Security policies were propagated with warning. 0nf : The data is invalid.\r\n\r\nAdvanced help for this problem is available on http://support.hannelore.com. Query for \"troubleshooting 1000 events\".","OpCode":"None","RecordNumber":"160320","SourceName":"HssJbm","TaskCategory":"None","Type":"Warning","_raw":"00/06/0010 08:39:46 PM\nLogName=Application\nNbcjldEuuh=HssJbm\nZxjruJwks=1000\nEventType=3\nType=Warning\nComputerName=catherine.rebekah.ad.rebekah.fi\nWmvzDqlubluk=None\nOpCode=None\nEipevqKbqtoi=160320\nKeywords=Classic\nMessage=Security policies were propagated with warning. 0nf : The data is invalid.\r\n\r\nAdvanced help for this problem is available on http://support.hannelore.com. Query for \"troubleshooting 1000 events\".","_time":"2020-10-18T20:39:46.000-0400","dest":"catherine.rebekah.ad.rebekah.fi","dvc":"catherine","dvc_nt_host":"catherine","event_id":"160320","eventtype":"winapp wineventlog_application wineventlog_common wineventlog_windows","host":"catherine","id":"160320","index":"providencia","linecount":"14","punct":"//_::_\\r=\\r=\\r=\\r=\\r=\\r=....\\r=\\r=\\r=\\r=\\r=_____.__:____.\\r\\r\\r\\r","severity":"Warning","severity_id":"3","signature_id":"1000","source":"ProVidenCia:Application","sourcetype":"WinEventLog:Application","splunk_server":"ISA-L024","tag":"os\nwindows\nwindows_management","tag::eventtype":"os\nwindows\nwindows_management"}}
{"preview":true,"result":{"ComputerName":"catherine.rebekah.ad.rebekah.fi","EventCode":"1000","EventType":"3","Keywords":"Classic","LogName":"Application","Message":"Security policies were propagated with warning. 0nf : The data is invalid.\r\n\r\nAdvanced help for this problem is available on http://support.hannelore.com. Query for \"troubleshooting 1000 events\".","OpCode":"None","RecordNumber":"132119","SourceName":"HssJbm","TaskCategory":"None","Type":"Warning","_raw":"00/06/0010 08:34:38 PM\nLogName=Application\nNbcjldEuuh=HssJbm\nZxjruJwks=1000\nEventType=3\nType=Warning\nComputerName=catherine.rebekah.ad.rebekah.fi\nWmvzDqlubluk=None\nOpCode=None\nEipevqKbqtoi=132119\nKeywords=Classic\nMessage=Security policies were propagated with warning. 0nf : The data is invalid.\r\n\r\nAdvanced help for this problem is available on http://support.hannelore.com. Query for \"troubleshooting 1000 events\".","_time":"2020-10-18T20:34:38.000-0400","dest":"catherine.rebekah.ad.rebekah.fi","dvc":"catherine","dvc_nt_host":"catherine","event_id":"132119","eventtype":"winapp wineventlog_application wineventlog_common wineventlog_windows","host":"catherine","id":"132119","index":"providencia","linecount":"14","punct":"//_::_\\r=\\r=\\r=\\r=\\r=\\r=....\\r=\\r=\\r=\\r=\\r=_____.__:____.\\r\\r\\r\\r","severity":"Warning","severity_id":"3","signature_id":"1000","source":"ProVidenCia:Application","sourcetype":"WinEventLog:Application","splunk_server":"ISA-L024","tag":"os\nwindows\nwindows_management","tag::eventtype":"os\nwindows\nwindows_management"}}
{"preview":true,"result":{"ComputerName":"catherine.rebekah.ad.rebekah.fi","EventCode":"1000","EventType":"3","Keywords":"Classic","LogName":"Application","Message":"Security policies were propagated with warning. 0nf : The data is invalid.\r\n\r\nAdvanced help for this problem is available on http://support.hannelore.com. Query for \"troubleshooting 1000 events\".","OpCode":"None","RecordNumber":"272154","SourceName":"HssJbm","TaskCategory":"None","Type":"Warning","_raw":"00/06/0010 08:29:33 PM\nLogName=Application\nNbcjldEuuh=HssJbm\nZxjruJwks=1000\nEventType=3\nType=Warning\nComputerName=catherine.rebekah.ad.rebekah.fi\nWmvzDqlubluk=None\nOpCode=None\nEipevqKbqtoi=272154\nKeywords=Classic\nMessage=Security policies were propagated with warning. 0nf : The data is invalid.\r\n\r\nAdvanced help for this problem is available on http://support.hannelore.com. Query for \"troubleshooting 1000 events\".","_time":"2020-10-18T20:29:33.000-0400","dest":"catherine.rebekah.ad.rebekah.fi","dvc":"catherine","dvc_nt_host":"catherine","event_id":"272154","eventtype":"winapp wineventlog_application wineventlog_common wineventlog_windows","host":"catherine","id":"272154","index":"providencia","linecount":"14","punct":"//_::_\\r=\\r=\\r=\\r=\\r=\\r=....\\r=\\r=\\r=\\r=\\r=_____.__:____.\\r\\r\\r\\r","severity":"Warning","severity_id":"3","signature_id":"1000","source":"ProVidenCia:Application","sourcetype":"WinEventLog:Application","splunk_server":"ISA-L024","tag":"os\nwindows\nwindows_management","tag::eventtype":"os\nwindows\nwindows_management"}}
{"preview":true,"result":{"ComputerName":"catherine.rebekah.ad.rebekah.fi","EventCode":"1000","EventType":"3","Keywords":"Classic","LogName":"Application","Message":"Security policies were propagated with warning. 0nf : The data is invalid.\r\n\r\nAdvanced help for this problem is available on http://support.hannelore.com. Query for \"troubleshooting 1000 events\".","OpCode":"None","RecordNumber":"261170","SourceName":"HssJbm","TaskCategory":"None","Type":"Warning","_raw":"00/06/0010 08:24:25 PM\nLogName=Application\nNbcjldEuuh=HssJbm\nZxjruJwks=1000\nEventType=3\nType=Warning\nComputerName=catherine.rebekah.ad.rebekah.fi\nWmvzDqlubluk=None\nOpCode=None\nEipevqKbqtoi=261170\nKeywords=Classic\nMessage=Security policies were propagated with warning. 0nf : The data is invalid.\r\n\r\nAdvanced help for this problem is available on http://support.hannelore.com. Query for \"troubleshooting 1000 events\".","_time":"2020-10-18T20:24:25.000-0400","dest":"catherine.rebekah.ad.rebekah.fi","dvc":"catherine","dvc_nt_host":"catherine","event_id":"261170","eventtype":"winapp wineventlog_application wineventlog_common wineventlog_windows","host":"catherine","id":"261170","index":"providencia","linecount":"14","punct":"//_::_\\r=\\r=\\r=\\r=\\r=\\r=....\\r=\\r=\\r=\\r=\\r=_____.__:____.\\r\\r\\r\\r","severity":"Warning","severity_id":"3","signature_id":"1000","source":"ProVidenCia:Application","sourcetype":"WinEventLog:Application","splunk_server":"ISA-U013","tag":"os\nwindows\nwindows_management","tag::eventtype":"os\nwindows\nwindows_management"}}
{"preview":true,"result":{"ComputerName":"catherine.rebekah.ad.rebekah.fi","EventCode":"1000","EventType":"3","Keywords":"Classic","LogName":"Application","Message":"Security policies were propagated with warning. 0nf : The data is invalid.\r\n\r\nAdvanced help for this problem is available on http://support.hannelore.com. Query for \"troubleshooting 1000 events\".","OpCode":"None","RecordNumber":"230120","SourceName":"HssJbm","TaskCategory":"None","Type":"Warning","_raw":"00/06/0010 08:19:21 PM\nLogName=Application\nNbcjldEuuh=HssJbm\nZxjruJwks=1000\nEventType=3\nType=Warning\nComputerName=catherine.rebekah.ad.rebekah.fi\nWmvzDqlubluk=None\nOpCode=None\nEipevqKbqtoi=230120\nKeywords=Classic\nMessage=Security policies were propagated with warning. 0nf : The data is invalid.\r\n\r\nAdvanced help for this problem is available on http://support.hannelore.com. Query for \"troubleshooting 1000 events\".","_time":"2020-10-18T20:19:21.000-0400","dest":"catherine.rebekah.ad.rebekah.fi","dvc":"catherine","dvc_nt_host":"catherine","event_id":"230120","eventtype":"winapp wineventlog_application wineventlog_common wineventlog_windows","host":"catherine","id":"230120","index":"providencia","linecount":"14","punct":"//_::_\\r=\\r=\\r=\\r=\\r=\\r=....\\r=\\r=\\r=\\r=\\r=_____.__:____.\\r\\r\\r\\r","severity":"Warning","severity_id":"3","signature_id":"1000","source":"ProVidenCia:Application","sourcetype":"WinEventLog:Application","splunk_server":"isa-l004.bm.kamilah","tag":"os\nwindows\nwindows_management","tag::eventtype":"os\nwindows\nwindows_management"}}
{"preview":true,"result":{"ComputerName":"catherine.rebekah.ad.rebekah.fi","EventCode":"1000","EventType":"3","Keywords":"Classic","LogName":"Application","Message":"Security policies were propagated with warning. 0nf : The data is invalid.\r\n\r\nAdvanced help for this problem is available on http://support.hannelore.com. Query for \"troubleshooting 1000 events\".","OpCode":"None","RecordNumber":"142552","SourceName":"HssJbm","TaskCategory":"None","Type":"Warning","_raw":"00/06/0010 08:14:16 PM\nLogName=Application\nNbcjldEuuh=HssJbm\nZxjruJwks=1000\nEventType=3\nType=Warning\nComputerName=catherine.rebekah.ad.rebekah.fi\nWmvzDqlubluk=None\nOpCode=None\nEipevqKbqtoi=142552\nKeywords=Classic\nMessage=Security policies were propagated with warning. 0nf : The data is invalid.\r\n\r\nAdvanced help for this problem is available on http://support.hannelore.com. Query for \"troubleshooting 1000 events\".","_time":"2020-10-18T20:14:16.000-0400","dest":"catherine.rebekah.ad.rebekah.fi","dvc":"catherine","dvc_nt_host":"catherine","event_id":"142552","eventtype":"winapp wineventlog_application wineventlog_common wineventlog_windows","host":"catherine","id":"142552","index":"providencia","linecount":"14","punct":"//_::_\\r=\\r=\\r=\\r=\\r=\\r=....\\r=\\r=\\r=\\r=\\r=_____.__:____.\\r\\r\\r\\r","severity":"Warning","severity_id":"3","signature_id":"1000","source":"ProVidenCia:Application","sourcetype":"WinEventLog:Application","splunk_server":"ISA-L024","tag":"os\nwindows\nwindows_management","tag::eventtype":"os\nwindows\nwindows_management"}}
{"preview":true,"result":{"ComputerName":"catherine.rebekah.ad.rebekah.fi","EventCode":"1000","EventType":"3","Keywords":"Classic","LogName":"Application","Message":"Security policies were propagated with warning. 0nf : The data is invalid.\r\n\r\nAdvanced help for this problem is available on http://support.hannelore.com. Query for \"troubleshooting 1000 events\".","OpCode":"None","RecordNumber":"211203","SourceName":"HssJbm","TaskCategory":"None","Type":"Warning","_raw":"00/06/0010 08:09:08 PM\nLogName=Application\nNbcjldEuuh=HssJbm\nZxjruJwks=1000\nEventType=3\nType=Warning\nComputerName=catherine.rebekah.ad.rebekah.fi\nWmvzDqlubluk=None\nOpCode=None\nEipevqKbqtoi=211203\nKeywords=Classic\nMessage=Security policies were propagated with warning. 0nf : The data is invalid.\r\n\r\nAdvanced help for this problem is available on http://support.hannelore.com. Query for \"troubleshooting 1000 events\".","_time":"2020-10-18T20:09:08.000-0400","dest":"catherine.rebekah.ad.rebekah.fi","dvc":"catherine","dvc_nt_host":"catherine","event_id":"211203","eventtype":"winapp wineventlog_application wineventlog_common wineventlog_windows","host":"catherine","id":"211203","index":"providencia","linecount":"14","punct":"//_::_\\r=\\r=\\r=\\r=\\r=\\r=....\\r=\\r=\\r=\\r=\\r=_____.__:____.\\r\\r\\r\\r","severity":"Warning","severity_id":"3","signature_id":"1000","source":"ProVidenCia:Application","sourcetype":"WinEventLog:Application","splunk_server":"ISA-U013","tag":"os\nwindows\nwindows_management","tag::eventtype":"os\nwindows\nwindows_management"}}
{"preview":true,"result":{"ComputerName":"catherine.rebekah.ad.rebekah.fi","EventCode":"1000","EventType":"3","Keywords":"Classic","LogName":"Application","Message":"Security policies were propagated with warning. 0nf : The data is invalid.\r\n\r\nAdvanced help for this problem is available on http://support.hannelore.com. Query for \"troubleshooting 1000 events\".","OpCode":"None","RecordNumber":"001650","SourceName":"HssJbm","TaskCategory":"None","Type":"Warning","_raw":"00/06/0010 08:04:03 PM\nLogName=Application\nNbcjldEuuh=HssJbm\nZxjruJwks=1000\nEventType=3\nType=Warning\nComputerName=catherine.rebekah.ad.rebekah.fi\nWmvzDqlubluk=None\nOpCode=None\nEipevqKbqtoi=001650\nKeywords=Classic\nMessage=Security policies were propagated with warning. 0nf : The data is invalid.\r\n\r\nAdvanced help for this problem is available on http://support.hannelore.com. Query for \"troubleshooting 1000 events\".","_time":"2020-10-18T20:04:03.000-0400","dest":"catherine.rebekah.ad.rebekah.fi","dvc":"catherine","dvc_nt_host":"catherine","event_id":"001650","eventtype":"winapp wineventlog_application wineventlog_common wineventlog_windows","host":"catherine","id":"001650","index":"providencia","linecount":"14","punct":"//_::_\\r=\\r=\\r=\\r=\\r=\\r=....\\r=\\r=\\r=\\r=\\r=_____.__:____.\\r\\r\\r\\r","severity":"Warning","severity_id":"3","signature_id":"1000","source":"ProVidenCia:Application","sourcetype":"WinEventLog:Application","splunk_server":"isa-d006.bm.kamilah","tag":"os\nwindows\nwindows_management","tag::eventtype":"os\nwindows\nwindows_management"}}
{"preview":true,"result":{"ComputerName":"catherine.rebekah.ad.rebekah.fi","EventCode":"1000","EventType":"3","Keywords":"Classic","LogName":"Application","Message":"Security policies were propagated with warning. 0nf : The data is invalid.\r\n\r\nAdvanced help for this problem is available on http://support.hannelore.com. Query for \"troubleshooting 1000 events\".","OpCode":"None","RecordNumber":"050202","SourceName":"HssJbm","TaskCategory":"None","Type":"Warning","_raw":"00/06/0010 07:58:55 PM\nLogName=Application\nNbcjldEuuh=HssJbm\nZxjruJwks=1000\nEventType=3\nType=Warning\nComputerName=catherine.rebekah.ad.rebekah.fi\nWmvzDqlubluk=None\nOpCode=None\nEipevqKbqtoi=050202\nKeywords=Classic\nMessage=Security policies were propagated with warning. 0nf : The data is invalid.\r\n\r\nAdvanced help for this problem is available on http://support.hannelore.com. Query for \"troubleshooting 1000 events\".","_time":"2020-10-18T19:58:55.000-0400","dest":"catherine.rebekah.ad.rebekah.fi","dvc":"catherine","dvc_nt_host":"catherine","event_id":"050202","eventtype":"winapp wineventlog_application wineventlog_common wineventlog_windows","host":"catherine","id":"050202","index":"providencia","linecount":"14","punct":"//_::_\\r=\\r=\\r=\\r=\\r=\\r=....\\r=\\r=\\r=\\r=\\r=_____.__:____.\\r\\r\\r\\r","severity":"Warning","severity_id":"3","signature_id":"1000","source":"ProVidenCia:Application","sourcetype":"WinEventLog:Application","splunk_server":"ISA-U013","tag":"os\nwindows\nwindows_management","tag::eventtype":"os\nwindows\nwindows_management"}}
{"preview":true,"result":{"ComputerName":"catherine.rebekah.ad.rebekah.fi","EventCode":"1000","EventType":"3","Keywords":"Classic","LogName":"Application","Message":"Security policies were propagated with warning. 0nf : The data is invalid.\r\n\r\nAdvanced help for this problem is available on http://support.hannelore.com. Query for \"troubleshooting 1000 events\".","OpCode":"None","RecordNumber":"170051","SourceName":"HssJbm","TaskCategory":"None","Type":"Warning","_raw":"00/06/0010 07:53:47 PM\nLogName=Application\nNbcjldEuuh=HssJbm\nZxjruJwks=1000\nEventType=3\nType=Warning\nComputerName=catherine.rebekah.ad.rebekah.fi\nWmvzDqlubluk=None\nOpCode=None\nEipevqKbqtoi=170051\nKeywords=Classic\nMessage=Security policies were propagated with warning. 0nf : The data is invalid.\r\n\r\nAdvanced help for this problem is available on http://support.hannelore.com. Query for \"troubleshooting 1000 events\".","_time":"2020-10-18T19:53:47.000-0400","dest":"catherine.rebekah.ad.rebekah.fi","dvc":"catherine","dvc_nt_host":"catherine","event_id":"170051","eventtype":"winapp wineventlog_application wineventlog_common wineventlog_windows","host":"catherine","id":"170051","index":"providencia","linecount":"14","punct":"//_::_\\r=\\r=\\r=\\r=\\r=\\r=....\\r=\\r=\\r=\\r=\\r=_____.__:____.\\r\\r\\r\\r","severity":"Warning","severity_id":"3","signature_id":"1000","source":"ProVidenCia:Application","sourcetype":"WinEventLog:Application","splunk_server":"isa-l004.bm.kamilah","tag":"os\nwindows\nwindows_management","tag::eventtype":"os\nwindows\nwindows_management"}}
{"preview":true,"result":{"ComputerName":"catherine.rebekah.ad.rebekah.fi","EventCode":"1000","EventType":"3","Keywords":"Classic","LogName":"Application","Message":"Security policies were propagated with warning. 0nf : The data is invalid.\r\n\r\nAdvanced help for this problem is available on http://support.hannelore.com. Query for \"troubleshooting 1000 events\".","OpCode":"None","RecordNumber":"252270","SourceName":"HssJbm","TaskCategory":"None","Type":"Warning","_raw":"00/06/0010 07:48:38 PM\nLogName=Application\nNbcjldEuuh=HssJbm\nZxjruJwks=1000\nEventType=3\nType=Warning\nComputerName=catherine.rebekah.ad.rebekah.fi\nWmvzDqlubluk=None\nOpCode=None\nEipevqKbqtoi=252270\nKeywords=Classic\nMessage=Security policies were propagated with warning. 0nf : The data is invalid.\r\n\r\nAdvanced help for this problem is available on http://support.hannelore.com. Query for \"troubleshooting 1000 events\".","_time":"2020-10-18T19:48:38.000-0400","dest":"catherine.rebekah.ad.rebekah.fi","dvc":"catherine","dvc_nt_host":"catherine","event_id":"252270","eventtype":"winapp wineventlog_application wineventlog_common wineventlog_windows","host":"catherine","id":"252270","index":"providencia","linecount":"14","punct":"//_::_\\r=\\r=\\r=\\r=\\r=\\r=....\\r=\\r=\\r=\\r=\\r=_____.__:____.\\r\\r\\r\\r","severity":"Warning","severity_id":"3","signature_id":"1000","source":"ProVidenCia:Application","sourcetype":"WinEventLog:Application","splunk_server":"ISA-L024","tag":"os\nwindows\nwindows_management","tag::eventtype":"os\nwindows\nwindows_management"}}
{"preview":true,"result":{"ComputerName":"catherine.rebekah.ad.rebekah.fi","EventCode":"1000","EventType":"3","Keywords":"Classic","LogName":"Application","Message":"Security policies were propagated with warning. 0nf : The data is invalid.\r\n\r\nAdvanced help for this problem is available on http://support.hannelore.com. Query for \"troubleshooting 1000 events\".","OpCode":"None","RecordNumber":"251512","SourceName":"HssJbm","TaskCategory":"None","Type":"Warning","_raw":"00/06/0010 07:43:34 PM\nLogName=Application\nNbcjldEuuh=HssJbm\nZxjruJwks=1000\nEventType=3\nType=Warning\nComputerName=catherine.rebekah.ad.rebekah.fi\nWmvzDqlubluk=None\nOpCode=None\nEipevqKbqtoi=251512\nKeywords=Classic\nMessage=Security policies were propagated with warning. 0nf : The data is invalid.\r\n\r\nAdvanced help for this problem is available on http://support.hannelore.com. Query for \"troubleshooting 1000 events\".","_time":"2020-10-18T19:43:34.000-0400","dest":"catherine.rebekah.ad.rebekah.fi","dvc":"catherine","dvc_nt_host":"catherine","event_id":"251512","eventtype":"winapp wineventlog_application wineventlog_common wineventlog_windows","host":"catherine","id":"251512","index":"providencia","linecount":"14","punct":"//_::_\\r=\\r=\\r=\\r=\\r=\\r=....\\r=\\r=\\r=\\r=\\r=_____.__:____.\\r\\r\\r\\r","severity":"Warning","severity_id":"3","signature_id":"1000","source":"ProVidenCia:Application","sourcetype":"WinEventLog:Application","splunk_server":"isa-d006.bm.kamilah","tag":"os\nwindows\nwindows_management","tag::eventtype":"os\nwindows\nwindows_management"}}
{"preview":true,"result":{"ComputerName":"catherine.rebekah.ad.rebekah.fi","EventCode":"1000","EventType":"3","Keywords":"Classic","LogName":"Application","Message":"Security policies were propagated with warning. 0nf : The data is invalid.\r\n\r\nAdvanced help for this problem is available on http://support.hannelore.com. Query for \"troubleshooting 1000 events\".","OpCode":"None","RecordNumber":"021337","SourceName":"HssJbm","TaskCategory":"None","Type":"Warning","_raw":"00/06/0010 07:38:26 PM\nLogName=Application\nNbcjldEuuh=HssJbm\nZxjruJwks=1000\nEventType=3\nType=Warning\nComputerName=catherine.rebekah.ad.rebekah.fi\nWmvzDqlubluk=None\nOpCode=None\nEipevqKbqtoi=021337\nKeywords=Classic\nMessage=Security policies were propagated with warning. 0nf : The data is invalid.\r\n\r\nAdvanced help for this problem is available on http://support.hannelore.com. Query for \"troubleshooting 1000 events\".","_time":"2020-10-18T19:38:26.000-0400","dest":"catherine.rebekah.ad.rebekah.fi","dvc":"catherine","dvc_nt_host":"catherine","event_id":"021337","eventtype":"winapp wineventlog_application wineventlog_common wineventlog_windows","host":"catherine","id":"021337","index":"providencia","linecount":"14","punct":"//_::_\\r=\\r=\\r=\\r=\\r=\\r=....\\r=\\r=\\r=\\r=\\r=_____.__:____.\\r\\r\\r\\r","severity":"Warning","severity_id":"3","signature_id":"1000","source":"ProVidenCia:Application","sourcetype":"WinEventLog:Application","splunk_server":"ISA-L024","tag":"os\nwindows\nwindows_management","tag::eventtype":"os\nwindows\nwindows_management"}}
{"preview":true,"result":{"ComputerName":"catherine.rebekah.ad.rebekah.fi","EventCode":"1000","EventType":"3","Keywords":"Classic","LogName":"Application","Message":"Security policies were propagated with warning. 0nf : The data is invalid.\r\n\r\nAdvanced help for this problem is available on http://support.hannelore.com. Query for \"troubleshooting 1000 events\".","OpCode":"None","RecordNumber":"002337","SourceName":"HssJbm","TaskCategory":"None","Type":"Warning","_raw":"00/06/0010 07:33:17 PM\nLogName=Application\nNbcjldEuuh=HssJbm\nZxjruJwks=1000\nEventType=3\nType=Warning\nComputerName=catherine.rebekah.ad.rebekah.fi\nWmvzDqlubluk=None\nOpCode=None\nEipevqKbqtoi=002337\nKeywords=Classic\nMessage=Security policies were propagated with warning. 0nf : The data is invalid.\r\n\r\nAdvanced help for this problem is available on http://support.hannelore.com. Query for \"troubleshooting 1000 events\".","_time":"2020-10-18T19:33:17.000-0400","dest":"catherine.rebekah.ad.rebekah.fi","dvc":"catherine","dvc_nt_host":"catherine","event_id":"002337","eventtype":"winapp wineventlog_application wineventlog_common wineventlog_windows","host":"catherine","id":"002337","index":"providencia","linecount":"14","punct":"//_::_\\r=\\r=\\r=\\r=\\r=\\r=....\\r=\\r=\\r=\\r=\\r=_____.__:____.\\r\\r\\r\\r","severity":"Warning","severity_id":"3","signature_id":"1000","source":"ProVidenCia:Application","sourcetype":"WinEventLog:Application","splunk_server":"isa-l004.bm.kamilah","tag":"os\nwindows\nwindows_management","tag::eventtype":"os\nwindows\nwindows_management"}}
{"preview":true,"result":{"ComputerName":"catherine.rebekah.ad.rebekah.fi","EventCode":"1000","EventType":"3","Keywords":"Classic","LogName":"Application","Message":"Security policies were propagated with warning. 0nf : The data is invalid.\r\n\r\nAdvanced help for this problem is available on http://support.hannelore.com. Query for \"troubleshooting 1000 events\".","OpCode":"None","RecordNumber":"250104","SourceName":"HssJbm","TaskCategory":"None","Type":"Warning","_raw":"00/06/0010 07:28:13 PM\nLogName=Application\nNbcjldEuuh=HssJbm\nZxjruJwks=1000\nEventType=3\nType=Warning\nComputerName=catherine.rebekah.ad.rebekah.fi\nWmvzDqlubluk=None\nOpCode=None\nEipevqKbqtoi=250104\nKeywords=Classic\nMessage=Security policies were propagated with warning. 0nf : The data is invalid.\r\n\r\nAdvanced help for this problem is available on http://support.hannelore.com. Query for \"troubleshooting 1000 events\".","_time":"2020-10-18T19:28:13.000-0400","dest":"catherine.rebekah.ad.rebekah.fi","dvc":"catherine","dvc_nt_host":"catherine","event_id":"250104","eventtype":"winapp wineventlog_application wineventlog_common wineventlog_windows","host":"catherine","id":"250104","index":"providencia","linecount":"14","punct":"//_::_\\r=\\r=\\r=\\r=\\r=\\r=....\\r=\\r=\\r=\\r=\\r=_____.__:____.\\r\\r\\r\\r","severity":"Warning","severity_id":"3","signature_id":"1000","source":"ProVidenCia:Application","sourcetype":"WinEventLog:Application","splunk_server":"ISA-U013","tag":"os\nwindows\nwindows_management","tag::eventtype":"os\nwindows\nwindows_management"}}
{"preview":true,"result":{"ComputerName":"catherine.rebekah.ad.rebekah.fi","EventCode":"1000","EventType":"3","Keywords":"Classic","LogName":"Application","Message":"Security policies were propagated with warning. 0nf : The data is invalid.\r\n\r\nAdvanced help for this problem is available on http://support.hannelore.com. Query for \"troubleshooting 1000 events\".","OpCode":"None","RecordNumber":"140773","SourceName":"HssJbm","TaskCategory":"None","Type":"Warning","_raw":"00/06/0010 07:23:05 PM\nLogName=Application\nNbcjldEuuh=HssJbm\nZxjruJwks=1000\nEventType=3\nType=Warning\nComputerName=catherine.rebekah.ad.rebekah.fi\nWmvzDqlubluk=None\nOpCode=None\nEipevqKbqtoi=140773\nKeywords=Classic\nMessage=Security policies were propagated with warning. 0nf : The data is invalid.\r\n\r\nAdvanced help for this problem is available on http://support.hannelore.com. Query for \"troubleshooting 1000 events\".","_time":"2020-10-18T19:23:05.000-0400","dest":"catherine.rebekah.ad.rebekah.fi","dvc":"catherine","dvc_nt_host":"catherine","event_id":"140773","eventtype":"winapp wineventlog_application wineventlog_common wineventlog_windows","host":"catherine","id":"140773","index":"providencia","linecount":"14","punct":"//_::_\\r=\\r=\\r=\\r=\\r=\\r=....\\r=\\r=\\r=\\r=\\r=_____.__:____.\\r\\r\\r\\r","severity":"Warning","severity_id":"3","signature_id":"1000","source":"ProVidenCia:Application","sourcetype":"WinEventLog:Application","splunk_server":"isa-l004.bm.kamilah","tag":"os\nwindows\nwindows_management","tag::eventtype":"os\nwindows\nwindows_management"}}
{"preview":true,"result":{"ComputerName":"catherine.rebekah.ad.rebekah.fi","EventCode":"1000","EventType":"3","Keywords":"Classic","LogName":"Application","Message":"Security policies were propagated with warning. 0nf : The data is invalid.\r\n\r\nAdvanced help for this problem is available on http://support.hannelore.com. Query for \"troubleshooting 1000 events\".","OpCode":"None","RecordNumber":"241161","SourceName":"HssJbm","TaskCategory":"None","Type":"Warning","_raw":"00/06/0010 07:17:57 PM\nLogName=Application\nNbcjldEuuh=HssJbm\nZxjruJwks=1000\nEventType=3\nType=Warning\nComputerName=catherine.rebekah.ad.rebekah.fi\nWmvzDqlubluk=None\nOpCode=None\nEipevqKbqtoi=241161\nKeywords=Classic\nMessage=Security policies were propagated with warning. 0nf : The data is invalid.\r\n\r\nAdvanced help for this problem is available on http://support.hannelore.com. Query for \"troubleshooting 1000 events\".","_time":"2020-10-18T19:17:57.000-0400","dest":"catherine.rebekah.ad.rebekah.fi","dvc":"catherine","dvc_nt_host":"catherine","event_id":"241161","eventtype":"winapp wineventlog_application wineventlog_common wineventlog_windows","host":"catherine","id":"241161","index":"providencia","linecount":"14","punct":"//_::_\\r=\\r=\\r=\\r=\\r=\\r=....\\r=\\r=\\r=\\r=\\r=_____.__:____.\\r\\r\\r\\r","severity":"Warning","severity_id":"3","signature_id":"1000","source":"ProVidenCia:Application","sourcetype":"WinEventLog:Application","splunk_server":"ISA-U013","tag":"os\nwindows\nwindows_management","tag::eventtype":"os\nwindows\nwindows_management"}}
{"preview":true,"result":{"ComputerName":"catherine.rebekah.ad.rebekah.fi","EventCode":"1000","EventType":"3","Keywords":"Classic","LogName":"Application","Message":"Security policies were propagated with warning. 0nf : The data is invalid.\r\n\r\nAdvanced help for this problem is available on http://support.hannelore.com. Query for \"troubleshooting 1000 events\".","OpCode":"None","RecordNumber":"210303","SourceName":"HssJbm","TaskCategory":"None","Type":"Warning","_raw":"00/06/0010 07:12:48 PM\nLogName=Application\nNbcjldEuuh=HssJbm\nZxjruJwks=1000\nEventType=3\nType=Warning\nComputerName=catherine.rebekah.ad.rebekah.fi\nWmvzDqlubluk=None\nOpCode=None\nEipevqKbqtoi=210303\nKeywords=Classic\nMessage=Security policies were propagated with warning. 0nf : The data is invalid.\r\n\r\nAdvanced help for this problem is available on http://support.hannelore.com. Query for \"troubleshooting 1000 events\".","_time":"2020-10-18T19:12:48.000-0400","dest":"catherine.rebekah.ad.rebekah.fi","dvc":"catherine","dvc_nt_host":"catherine","event_id":"210303","eventtype":"winapp wineventlog_application wineventlog_common wineventlog_windows","host":"catherine","id":"210303","index":"providencia","linecount":"14","punct":"//_::_\\r=\\r=\\r=\\r=\\r=\\r=....\\r=\\r=\\r=\\r=\\r=_____.__:____.\\r\\r\\r\\r","severity":"Warning","severity_id":"3","signature_id":"1000","source":"ProVidenCia:Application","sourcetype":"WinEventLog:Application","splunk_server":"isa-d006.bm.kamilah","tag":"os\nwindows\nwindows_management","tag::eventtype":"os\nwindows\nwindows_management"}}
{"preview":true,"result":{"ComputerName":"catherine.rebekah.ad.rebekah.fi","EventCode":"1000","EventType":"3","Keywords":"Classic","LogName":"Application","Message":"Security policies were propagated with warning. 0nf : The data is invalid.\r\n\r\nAdvanced help for this problem is available on http://support.hannelore.com. Query for \"troubleshooting 1000 events\".","OpCode":"None","RecordNumber":"061141","SourceName":"HssJbm","TaskCategory":"None","Type":"Warning","_raw":"00/06/0010 07:07:44 PM\nLogName=Application\nNbcjldEuuh=HssJbm\nZxjruJwks=1000\nEventType=3\nType=Warning\nComputerName=catherine.rebekah.ad.rebekah.fi\nWmvzDqlubluk=None\nOpCode=None\nEipevqKbqtoi=061141\nKeywords=Classic\nMessage=Security policies were propagated with warning. 0nf : The data is invalid.\r\n\r\nAdvanced help for this problem is available on http://support.hannelore.com. Query for \"troubleshooting 1000 events\".","_time":"2020-10-18T19:07:44.000-0400","dest":"catherine.rebekah.ad.rebekah.fi","dvc":"catherine","dvc_nt_host":"catherine","event_id":"061141","eventtype":"winapp wineventlog_application wineventlog_common wineventlog_windows","host":"catherine","id":"061141","index":"providencia","linecount":"14","punct":"//_::_\\r=\\r=\\r=\\r=\\r=\\r=....\\r=\\r=\\r=\\r=\\r=_____.__:____.\\r\\r\\r\\r","severity":"Warning","severity_id":"3","signature_id":"1000","source":"ProVidenCia:Application","sourcetype":"WinEventLog:Application","splunk_server":"isa-l004.bm.kamilah","tag":"os\nwindows\nwindows_management","tag::eventtype":"os\nwindows\nwindows_management"}}
{"preview":true,"result":{"ComputerName":"catherine.rebekah.ad.rebekah.fi","EventCode":"1000","EventType":"3","Keywords":"Classic","LogName":"Application","Message":"Security policies were propagated with warning. 0nf : The data is invalid.\r\n\r\nAdvanced help for this problem is available on http://support.hannelore.com. Query for \"troubleshooting 1000 events\".","OpCode":"None","RecordNumber":"030420","SourceName":"HssJbm","TaskCategory":"None","Type":"Warning","_raw":"00/06/0010 07:02:35 PM\nLogName=Application\nNbcjldEuuh=HssJbm\nZxjruJwks=1000\nEventType=3\nType=Warning\nComputerName=catherine.rebekah.ad.rebekah.fi\nWmvzDqlubluk=None\nOpCode=None\nEipevqKbqtoi=030420\nKeywords=Classic\nMessage=Security policies were propagated with warning. 0nf : The data is invalid.\r\n\r\nAdvanced help for this problem is available on http://support.hannelore.com. Query for \"troubleshooting 1000 events\".","_time":"2020-10-18T19:02:35.000-0400","dest":"catherine.rebekah.ad.rebekah.fi","dvc":"catherine","dvc_nt_host":"catherine","event_id":"030420","eventtype":"winapp wineventlog_application wineventlog_common wineventlog_windows","host":"catherine","id":"030420","index":"providencia","linecount":"14","punct":"//_::_\\r=\\r=\\r=\\r=\\r=\\r=....\\r=\\r=\\r=\\r=\\r=_____.__:____.\\r\\r\\r\\r","severity":"Warning","severity_id":"3","signature_id":"1000","source":"ProVidenCia:Application","sourcetype":"WinEventLog:Application","splunk_server":"ISA-L024","tag":"os\nwindows\nwindows_management","tag::eventtype":"os\nwindows\nwindows_management"}}
{"preview":true,"result":{"ComputerName":"catherine.rebekah.ad.rebekah.fi","EventCode":"1000","EventType":"3","Keywords":"Classic","LogName":"Application","Message":"Security policies were propagated with warning. 0nf : The data is invalid.\r\n\r\nAdvanced help for this problem is available on http://support.hannelore.com. Query for \"troubleshooting 1000 events\".","OpCode":"None","RecordNumber":"111010","SourceName":"HssJbm","TaskCategory":"None","Type":"Warning","_raw":"00/06/0010 06:57:27 PM\nLogName=Application\nNbcjldEuuh=HssJbm\nZxjruJwks=1000\nEventType=3\nType=Warning\nComputerName=catherine.rebekah.ad.rebekah.fi\nWmvzDqlubluk=None\nOpCode=None\nEipevqKbqtoi=111010\nKeywords=Classic\nMessage=Security policies were propagated with warning. 0nf : The data is invalid.\r\n\r\nAdvanced help for this problem is available on http://support.hannelore.com. Query for \"troubleshooting 1000 events\".","_time":"2020-10-18T18:57:27.000-0400","dest":"catherine.rebekah.ad.rebekah.fi","dvc":"catherine","dvc_nt_host":"catherine","event_id":"111010","eventtype":"winapp wineventlog_application wineventlog_common wineventlog_windows","host":"catherine","id":"111010","index":"providencia","linecount":"14","punct":"//_::_\\r=\\r=\\r=\\r=\\r=\\r=....\\r=\\r=\\r=\\r=\\r=_____.__:____.\\r\\r\\r\\r","severity":"Warning","severity_id":"3","signature_id":"1000","source":"ProVidenCia:Application","sourcetype":"WinEventLog:Application","splunk_server":"isa-l004.bm.kamilah","tag":"os\nwindows\nwindows_management","tag::eventtype":"os\nwindows\nwindows_management"}}
{"preview":true,"result":{"ComputerName":"catherine.rebekah.ad.rebekah.fi","EventCode":"1000","EventType":"3","Keywords":"Classic","LogName":"Application","Message":"Security policies were propagated with warning. 0nf : The data is invalid.\r\n\r\nAdvanced help for this problem is available on http://support.hannelore.com. Query for \"troubleshooting 1000 events\".","OpCode":"None","RecordNumber":"141120","SourceName":"HssJbm","TaskCategory":"None","Type":"Warning","_raw":"00/06/0010 06:52:18 PM\nLogName=Application\nNbcjldEuuh=HssJbm\nZxjruJwks=1000\nEventType=3\nType=Warning\nComputerName=catherine.rebekah.ad.rebekah.fi\nWmvzDqlubluk=None\nOpCode=None\nEipevqKbqtoi=141120\nKeywords=Classic\nMessage=Security policies were propagated with warning. 0nf : The data is invalid.\r\n\r\nAdvanced help for this problem is available on http://support.hannelore.com. Query for \"troubleshooting 1000 events\".","_time":"2020-10-18T18:52:18.000-0400","dest":"catherine.rebekah.ad.rebekah.fi","dvc":"catherine","dvc_nt_host":"catherine","event_id":"141120","eventtype":"winapp wineventlog_application wineventlog_common wineventlog_windows","host":"catherine","id":"141120","index":"providencia","linecount":"14","punct":"//_::_\\r=\\r=\\r=\\r=\\r=\\r=....\\r=\\r=\\r=\\r=\\r=_____.__:____.\\r\\r\\r\\r","severity":"Warning","severity_id":"3","signature_id":"1000","source":"ProVidenCia:Application","sourcetype":"WinEventLog:Application","splunk_server":"isa-l004.bm.kamilah","tag":"os\nwindows\nwindows_management","tag::eventtype":"os\nwindows\nwindows_management"}}
