{"preview":true,"result":{"ComputerName":"francisca.natacha.ad.natacha.on","EventCode":"1101","EventType":"3","Keywords":"Classic","LogName":"Application","Message":"Security policies were propagated with warning. 0ls : The data is invalid.\r\n\r\nAdvanced help for this problem is available on http://support.georgiann.com. Query for \"troubleshooting 1101 events\".","OpCode":"None","RecordNumber":"170013","SourceName":"NdvVxk","TaskCategory":"None","Type":"Warning","_raw":"10/01/0010 03:42:43 PM\nLogName=Application\nXcggtqWves=NdvVxk\nYcrmyTidr=1101\nEventType=3\nType=Warning\nComputerName=francisca.natacha.ad.natacha.on\nPngvGhnaxhtz=None\nOpCode=None\nShcwcnCrfqkz=170013\nKeywords=Classic\nMessage=Security policies were propagated with warning. 0ls : The data is invalid.\r\n\r\nAdvanced help for this problem is available on http://support.georgiann.com. Query for \"troubleshooting 1101 events\".","_time":"2020-10-19T15:42:43.000-0400","dest":"francisca.natacha.ad.natacha.on","dvc":"francisca","dvc_nt_host":"francisca","event_id":"170013","eventtype":"winapp wineventlog_application wineventlog_common wineventlog_windows","host":"francisca","id":"170013","index":"alejandrina","linecount":"14","punct":"//_::_\\r=\\r=\\r=\\r=\\r=\\r=....\\r=\\r=\\r=\\r=\\r=_____.__:____.\\r\\r\\r\\r","severity":"Warning","severity_id":"3","signature_id":"1101","source":"AleJandrIna:Application","sourcetype":"WinEventLog:Application","splunk_server":"lai-z007.aa.olympia","tag":"os\nwindows\nwindows_management","tag::eventtype":"os\nwindows\nwindows_management"}}
{"preview":true,"result":{"ComputerName":"francisca.natacha.ad.natacha.on","EventCode":"1101","EventType":"3","Keywords":"Classic","LogName":"Application","Message":"Security policies were propagated with warning. 0ls : The data is invalid.\r\n\r\nAdvanced help for this problem is available on http://support.georgiann.com. Query for \"troubleshooting 1101 events\".","OpCode":"None","RecordNumber":"010010","SourceName":"NdvVxk","TaskCategory":"None","Type":"Warning","_raw":"10/01/0010 03:37:35 PM\nLogName=Application\nXcggtqWves=NdvVxk\nYcrmyTidr=1101\nEventType=3\nType=Warning\nComputerName=francisca.natacha.ad.natacha.on\nPngvGhnaxhtz=None\nOpCode=None\nShcwcnCrfqkz=010010\nKeywords=Classic\nMessage=Security policies were propagated with warning. 0ls : The data is invalid.\r\n\r\nAdvanced help for this problem is available on http://support.georgiann.com. Query for \"troubleshooting 1101 events\".","_time":"2020-10-19T15:37:35.000-0400","dest":"francisca.natacha.ad.natacha.on","dvc":"francisca","dvc_nt_host":"francisca","event_id":"010010","eventtype":"winapp wineventlog_application wineventlog_common wineventlog_windows","host":"francisca","id":"010010","index":"alejandrina","linecount":"14","punct":"//_::_\\r=\\r=\\r=\\r=\\r=\\r=....\\r=\\r=\\r=\\r=\\r=_____.__:____.\\r\\r\\r\\r","severity":"Warning","severity_id":"3","signature_id":"1101","source":"AleJandrIna:Application","sourcetype":"WinEventLog:Application","splunk_server":"lai-z007.aa.olympia","tag":"os\nwindows\nwindows_management","tag::eventtype":"os\nwindows\nwindows_management"}}
{"preview":true,"result":{"ComputerName":"francisca.natacha.ad.natacha.on","EventCode":"1101","EventType":"3","Keywords":"Classic","LogName":"Application","Message":"Security policies were propagated with warning. 0ls : The data is invalid.\r\n\r\nAdvanced help for this problem is available on http://support.georgiann.com. Query for \"troubleshooting 1101 events\".","OpCode":"None","RecordNumber":"270000","SourceName":"NdvVxk","TaskCategory":"None","Type":"Warning","_raw":"10/01/0010 03:27:22 PM\nLogName=Application\nXcggtqWves=NdvVxk\nYcrmyTidr=1101\nEventType=3\nType=Warning\nComputerName=francisca.natacha.ad.natacha.on\nPngvGhnaxhtz=None\nOpCode=None\nShcwcnCrfqkz=270000\nKeywords=Classic\nMessage=Security policies were propagated with warning. 0ls : The data is invalid.\r\n\r\nAdvanced help for this problem is available on http://support.georgiann.com. Query for \"troubleshooting 1101 events\".","_time":"2020-10-19T15:27:22.000-0400","dest":"francisca.natacha.ad.natacha.on","dvc":"francisca","dvc_nt_host":"francisca","event_id":"270000","eventtype":"winapp wineventlog_application wineventlog_common wineventlog_windows","host":"francisca","id":"270000","index":"alejandrina","linecount":"14","punct":"//_::_\\r=\\r=\\r=\\r=\\r=\\r=....\\r=\\r=\\r=\\r=\\r=_____.__:____.\\r\\r\\r\\r","severity":"Warning","severity_id":"3","signature_id":"1101","source":"AleJandrIna:Application","sourcetype":"WinEventLog:Application","splunk_server":"lai-r107.aa.olympia","tag":"os\nwindows\nwindows_management","tag::eventtype":"os\nwindows\nwindows_management"}}
{"preview":true,"result":{"ComputerName":"francisca.natacha.ad.natacha.on","EventCode":"1101","EventType":"3","Keywords":"Classic","LogName":"Application","Message":"Security policies were propagated with warning. 0ls : The data is invalid.\r\n\r\nAdvanced help for this problem is available on http://support.georgiann.com. Query for \"troubleshooting 1101 events\".","OpCode":"None","RecordNumber":"112003","SourceName":"NdvVxk","TaskCategory":"None","Type":"Warning","_raw":"10/01/0010 03:17:05 PM\nLogName=Application\nXcggtqWves=NdvVxk\nYcrmyTidr=1101\nEventType=3\nType=Warning\nComputerName=francisca.natacha.ad.natacha.on\nPngvGhnaxhtz=None\nOpCode=None\nShcwcnCrfqkz=112003\nKeywords=Classic\nMessage=Security policies were propagated with warning. 0ls : The data is invalid.\r\n\r\nAdvanced help for this problem is available on http://support.georgiann.com. Query for \"troubleshooting 1101 events\".","_time":"2020-10-19T15:17:05.000-0400","dest":"francisca.natacha.ad.natacha.on","dvc":"francisca","dvc_nt_host":"francisca","event_id":"112003","eventtype":"winapp wineventlog_application wineventlog_common wineventlog_windows","host":"francisca","id":"112003","index":"alejandrina","linecount":"14","punct":"//_::_\\r=\\r=\\r=\\r=\\r=\\r=....\\r=\\r=\\r=\\r=\\r=_____.__:____.\\r\\r\\r\\r","severity":"Warning","severity_id":"3","signature_id":"1101","source":"AleJandrIna:Application","sourcetype":"WinEventLog:Application","splunk_server":"lai-z007.aa.olympia","tag":"os\nwindows\nwindows_management","tag::eventtype":"os\nwindows\nwindows_management"}}
{"preview":true,"result":{"ComputerName":"francisca.natacha.ad.natacha.on","EventCode":"1101","EventType":"3","Keywords":"Classic","LogName":"Application","Message":"Security policies were propagated with warning. 0ls : The data is invalid.\r\n\r\nAdvanced help for this problem is available on http://support.georgiann.com. Query for \"troubleshooting 1101 events\".","OpCode":"None","RecordNumber":"122005","SourceName":"NdvVxk","TaskCategory":"None","Type":"Warning","_raw":"10/01/0010 03:01:44 PM\nLogName=Application\nXcggtqWves=NdvVxk\nYcrmyTidr=1101\nEventType=3\nType=Warning\nComputerName=francisca.natacha.ad.natacha.on\nPngvGhnaxhtz=None\nOpCode=None\nShcwcnCrfqkz=122005\nKeywords=Classic\nMessage=Security policies were propagated with warning. 0ls : The data is invalid.\r\n\r\nAdvanced help for this problem is available on http://support.georgiann.com. Query for \"troubleshooting 1101 events\".","_time":"2020-10-19T15:01:44.000-0400","dest":"francisca.natacha.ad.natacha.on","dvc":"francisca","dvc_nt_host":"francisca","event_id":"122005","eventtype":"winapp wineventlog_application wineventlog_common wineventlog_windows","host":"francisca","id":"122005","index":"alejandrina","linecount":"14","punct":"//_::_\\r=\\r=\\r=\\r=\\r=\\r=....\\r=\\r=\\r=\\r=\\r=_____.__:____.\\r\\r\\r\\r","severity":"Warning","severity_id":"3","signature_id":"1101","source":"AleJandrIna:Application","sourcetype":"WinEventLog:Application","splunk_server":"lai-r107.aa.olympia","tag":"os\nwindows\nwindows_management","tag::eventtype":"os\nwindows\nwindows_management"}}
{"preview":true,"result":{"ComputerName":"francisca.natacha.ad.natacha.on","EventCode":"1101","EventType":"3","Keywords":"Classic","LogName":"Application","Message":"Security policies were propagated with warning. 0ls : The data is invalid.\r\n\r\nAdvanced help for this problem is available on http://support.georgiann.com. Query for \"troubleshooting 1101 events\".","OpCode":"None","RecordNumber":"220004","SourceName":"NdvVxk","TaskCategory":"None","Type":"Warning","_raw":"10/01/0010 02:56:36 PM\nLogName=Application\nXcggtqWves=NdvVxk\nYcrmyTidr=1101\nEventType=3\nType=Warning\nComputerName=francisca.natacha.ad.natacha.on\nPngvGhnaxhtz=None\nOpCode=None\nShcwcnCrfqkz=220004\nKeywords=Classic\nMessage=Security policies were propagated with warning. 0ls : The data is invalid.\r\n\r\nAdvanced help for this problem is available on http://support.georgiann.com. Query for \"troubleshooting 1101 events\".","_time":"2020-10-19T14:56:36.000-0400","dest":"francisca.natacha.ad.natacha.on","dvc":"francisca","dvc_nt_host":"francisca","event_id":"220004","eventtype":"winapp wineventlog_application wineventlog_common wineventlog_windows","host":"francisca","id":"220004","index":"alejandrina","linecount":"14","punct":"//_::_\\r=\\r=\\r=\\r=\\r=\\r=....\\r=\\r=\\r=\\r=\\r=_____.__:____.\\r\\r\\r\\r","severity":"Warning","severity_id":"3","signature_id":"1101","source":"AleJandrIna:Application","sourcetype":"WinEventLog:Application","splunk_server":"lai-z007.aa.olympia","tag":"os\nwindows\nwindows_management","tag::eventtype":"os\nwindows\nwindows_management"}}
{"preview":true,"result":{"ComputerName":"francisca.natacha.ad.natacha.on","EventCode":"1101","EventType":"3","Keywords":"Classic","LogName":"Application","Message":"Security policies were propagated with warning. 0ls : The data is invalid.\r\n\r\nAdvanced help for this problem is available on http://support.georgiann.com. Query for \"troubleshooting 1101 events\".","OpCode":"None","RecordNumber":"103000","SourceName":"NdvVxk","TaskCategory":"None","Type":"Warning","_raw":"10/01/0010 02:36:02 PM\nLogName=Application\nXcggtqWves=NdvVxk\nYcrmyTidr=1101\nEventType=3\nType=Warning\nComputerName=francisca.natacha.ad.natacha.on\nPngvGhnaxhtz=None\nOpCode=None\nShcwcnCrfqkz=103000\nKeywords=Classic\nMessage=Security policies were propagated with warning. 0ls : The data is invalid.\r\n\r\nAdvanced help for this problem is available on http://support.georgiann.com. Query for \"troubleshooting 1101 events\".","_time":"2020-10-19T14:36:02.000-0400","dest":"francisca.natacha.ad.natacha.on","dvc":"francisca","dvc_nt_host":"francisca","event_id":"103000","eventtype":"winapp wineventlog_application wineventlog_common wineventlog_windows","host":"francisca","id":"103000","index":"alejandrina","linecount":"14","punct":"//_::_\\r=\\r=\\r=\\r=\\r=\\r=....\\r=\\r=\\r=\\r=\\r=_____.__:____.\\r\\r\\r\\r","severity":"Warning","severity_id":"3","signature_id":"1101","source":"AleJandrIna:Application","sourcetype":"WinEventLog:Application","splunk_server":"lai-r107.aa.olympia","tag":"os\nwindows\nwindows_management","tag::eventtype":"os\nwindows\nwindows_management"}}
{"preview":true,"result":{"ComputerName":"francisca.natacha.ad.natacha.on","EventCode":"1101","EventType":"3","Keywords":"Classic","LogName":"Application","Message":"Security policies were propagated with warning. 0ls : The data is invalid.\r\n\r\nAdvanced help for this problem is available on http://support.georgiann.com. Query for \"troubleshooting 1101 events\".","OpCode":"None","RecordNumber":"172565","SourceName":"NdvVxk","TaskCategory":"None","Type":"Warning","_raw":"10/01/0010 02:30:54 PM\nLogName=Application\nXcggtqWves=NdvVxk\nYcrmyTidr=1101\nEventType=3\nType=Warning\nComputerName=francisca.natacha.ad.natacha.on\nPngvGhnaxhtz=None\nOpCode=None\nShcwcnCrfqkz=172565\nKeywords=Classic\nMessage=Security policies were propagated with warning. 0ls : The data is invalid.\r\n\r\nAdvanced help for this problem is available on http://support.georgiann.com. Query for \"troubleshooting 1101 events\".","_time":"2020-10-19T14:30:54.000-0400","dest":"francisca.natacha.ad.natacha.on","dvc":"francisca","dvc_nt_host":"francisca","event_id":"172565","eventtype":"winapp wineventlog_application wineventlog_common wineventlog_windows","host":"francisca","id":"172565","index":"alejandrina","linecount":"14","punct":"//_::_\\r=\\r=\\r=\\r=\\r=\\r=....\\r=\\r=\\r=\\r=\\r=_____.__:____.\\r\\r\\r\\r","severity":"Warning","severity_id":"3","signature_id":"1101","source":"AleJandrIna:Application","sourcetype":"WinEventLog:Application","splunk_server":"lai-z007.aa.olympia","tag":"os\nwindows\nwindows_management","tag::eventtype":"os\nwindows\nwindows_management"}}
{"preview":true,"result":{"ComputerName":"francisca.natacha.ad.natacha.on","EventCode":"1101","EventType":"3","Keywords":"Classic","LogName":"Application","Message":"Security policies were propagated with warning. 0ls : The data is invalid.\r\n\r\nAdvanced help for this problem is available on http://support.georgiann.com. Query for \"troubleshooting 1101 events\".","OpCode":"None","RecordNumber":"160581","SourceName":"NdvVxk","TaskCategory":"None","Type":"Warning","_raw":"10/01/0010 02:15:29 PM\nLogName=Application\nXcggtqWves=NdvVxk\nYcrmyTidr=1101\nEventType=3\nType=Warning\nComputerName=francisca.natacha.ad.natacha.on\nPngvGhnaxhtz=None\nOpCode=None\nShcwcnCrfqkz=160581\nKeywords=Classic\nMessage=Security policies were propagated with warning. 0ls : The data is invalid.\r\n\r\nAdvanced help for this problem is available on http://support.georgiann.com. Query for \"troubleshooting 1101 events\".","_time":"2020-10-19T14:15:29.000-0400","dest":"francisca.natacha.ad.natacha.on","dvc":"francisca","dvc_nt_host":"francisca","event_id":"160581","eventtype":"winapp wineventlog_application wineventlog_common wineventlog_windows","host":"francisca","id":"160581","index":"alejandrina","linecount":"14","punct":"//_::_\\r=\\r=\\r=\\r=\\r=\\r=....\\r=\\r=\\r=\\r=\\r=_____.__:____.\\r\\r\\r\\r","severity":"Warning","severity_id":"3","signature_id":"1101","source":"AleJandrIna:Application","sourcetype":"WinEventLog:Application","splunk_server":"lai-r107.aa.olympia","tag":"os\nwindows\nwindows_management","tag::eventtype":"os\nwindows\nwindows_management"}}
{"preview":true,"result":{"ComputerName":"francisca.natacha.ad.natacha.on","EventCode":"1101","EventType":"3","Keywords":"Classic","LogName":"Application","Message":"Security policies were propagated with warning. 0ls : The data is invalid.\r\n\r\nAdvanced help for this problem is available on http://support.georgiann.com. Query for \"troubleshooting 1101 events\".","OpCode":"None","RecordNumber":"121122","SourceName":"NdvVxk","TaskCategory":"None","Type":"Warning","_raw":"10/01/0010 02:10:21 PM\nLogName=Application\nXcggtqWves=NdvVxk\nYcrmyTidr=1101\nEventType=3\nType=Warning\nComputerName=francisca.natacha.ad.natacha.on\nPngvGhnaxhtz=None\nOpCode=None\nShcwcnCrfqkz=121122\nKeywords=Classic\nMessage=Security policies were propagated with warning. 0ls : The data is invalid.\r\n\r\nAdvanced help for this problem is available on http://support.georgiann.com. Query for \"troubleshooting 1101 events\".","_time":"2020-10-19T14:10:21.000-0400","dest":"francisca.natacha.ad.natacha.on","dvc":"francisca","dvc_nt_host":"francisca","event_id":"121122","eventtype":"winapp wineventlog_application wineventlog_common wineventlog_windows","host":"francisca","id":"121122","index":"alejandrina","linecount":"14","punct":"//_::_\\r=\\r=\\r=\\r=\\r=\\r=....\\r=\\r=\\r=\\r=\\r=_____.__:____.\\r\\r\\r\\r","severity":"Warning","severity_id":"3","signature_id":"1101","source":"AleJandrIna:Application","sourcetype":"WinEventLog:Application","splunk_server":"lai-r107.aa.olympia","tag":"os\nwindows\nwindows_management","tag::eventtype":"os\nwindows\nwindows_management"}}
{"preview":true,"result":{"ComputerName":"francisca.natacha.ad.natacha.on","EventCode":"1101","EventType":"3","Keywords":"Classic","LogName":"Application","Message":"Security policies were propagated with warning. 0ls : The data is invalid.\r\n\r\nAdvanced help for this problem is available on http://support.georgiann.com. Query for \"troubleshooting 1101 events\".","OpCode":"None","RecordNumber":"072450","SourceName":"NdvVxk","TaskCategory":"None","Type":"Warning","_raw":"10/01/0010 02:00:04 PM\nLogName=Application\nXcggtqWves=NdvVxk\nYcrmyTidr=1101\nEventType=3\nType=Warning\nComputerName=francisca.natacha.ad.natacha.on\nPngvGhnaxhtz=None\nOpCode=None\nShcwcnCrfqkz=072450\nKeywords=Classic\nMessage=Security policies were propagated with warning. 0ls : The data is invalid.\r\n\r\nAdvanced help for this problem is available on http://support.georgiann.com. Query for \"troubleshooting 1101 events\".","_time":"2020-10-19T14:00:04.000-0400","dest":"francisca.natacha.ad.natacha.on","dvc":"francisca","dvc_nt_host":"francisca","event_id":"072450","eventtype":"winapp wineventlog_application wineventlog_common wineventlog_windows","host":"francisca","id":"072450","index":"alejandrina","linecount":"14","punct":"//_::_\\r=\\r=\\r=\\r=\\r=\\r=....\\r=\\r=\\r=\\r=\\r=_____.__:____.\\r\\r\\r\\r","severity":"Warning","severity_id":"3","signature_id":"1101","source":"AleJandrIna:Application","sourcetype":"WinEventLog:Application","splunk_server":"lai-z007.aa.olympia","tag":"os\nwindows\nwindows_management","tag::eventtype":"os\nwindows\nwindows_management"}}
{"preview":true,"result":{"ComputerName":"francisca.natacha.ad.natacha.on","EventCode":"1101","EventType":"3","Keywords":"Classic","LogName":"Application","Message":"Security policies were propagated with warning. 0ls : The data is invalid.\r\n\r\nAdvanced help for this problem is available on http://support.georgiann.com. Query for \"troubleshooting 1101 events\".","OpCode":"None","RecordNumber":"201932","SourceName":"NdvVxk","TaskCategory":"None","Type":"Warning","_raw":"10/01/0010 01:54:56 PM\nLogName=Application\nXcggtqWves=NdvVxk\nYcrmyTidr=1101\nEventType=3\nType=Warning\nComputerName=francisca.natacha.ad.natacha.on\nPngvGhnaxhtz=None\nOpCode=None\nShcwcnCrfqkz=201932\nKeywords=Classic\nMessage=Security policies were propagated with warning. 0ls : The data is invalid.\r\n\r\nAdvanced help for this problem is available on http://support.georgiann.com. Query for \"troubleshooting 1101 events\".","_time":"2020-10-19T13:54:56.000-0400","dest":"francisca.natacha.ad.natacha.on","dvc":"francisca","dvc_nt_host":"francisca","event_id":"201932","eventtype":"winapp wineventlog_application wineventlog_common wineventlog_windows","host":"francisca","id":"201932","index":"alejandrina","linecount":"14","punct":"//_::_\\r=\\r=\\r=\\r=\\r=\\r=....\\r=\\r=\\r=\\r=\\r=_____.__:____.\\r\\r\\r\\r","severity":"Warning","severity_id":"3","signature_id":"1101","source":"AleJandrIna:Application","sourcetype":"WinEventLog:Application","splunk_server":"lai-r107.aa.olympia","tag":"os\nwindows\nwindows_management","tag::eventtype":"os\nwindows\nwindows_management"}}
{"preview":true,"result":{"ComputerName":"CAP-O021.natacha.o.matt","EventCode":"05380","EventType":"4","Keywords":"Classic","LogName":"Application","Message":"Lawanna jackeline migration succeeded.","OpCode":"The operation completed successfully.","RecordNumber":"01755","SourceName":"Georgiann-Windows-Security-JOI","TaskCategory":"None","Type":"Information","_raw":"10/01/0010 01:50:39 PM\nLogName=Application\nXcggtqWves=Georgiann-Windows-Security-JOI\nYcrmyTidr=05380\nEventType=4\nType=Information\nComputerName=CAP-O021.natacha.o.matt\nPngvGhnaxhtz=None\nOpCode=The operation completed successfully.\nShcwcnCrfqkz=01755\nKeywords=Classic\nMessage=Lawanna jackeline migration succeeded.","_time":"2020-10-19T13:50:39.000-0400","dest":"CAP-O021.natacha.o.matt","dvc":"CAP-O021","dvc_nt_host":"CAP-O021","event_id":"01755","eventtype":"winapp wineventlog_application wineventlog_common wineventlog_windows","host":"CAP-O021","id":"01755","index":"alejandrina","linecount":"12","punct":"//_::_==---====-...==___.===___.","severity":"Information","severity_id":"4","signature_id":"05380","source":"AleJandrIna:Application","sourcetype":"WinEventLog:Application","splunk_server":"lai-z007.aa.olympia","tag":"os\nwindows\nwindows_management","tag::eventtype":"os\nwindows\nwindows_management"}}
{"preview":true,"result":{"ComputerName":"francisca.natacha.ad.natacha.on","EventCode":"1101","EventType":"3","Keywords":"Classic","LogName":"Application","Message":"Security policies were propagated with warning. 0ls : The data is invalid.\r\n\r\nAdvanced help for this problem is available on http://support.georgiann.com. Query for \"troubleshooting 1101 events\".","OpCode":"None","RecordNumber":"052631","SourceName":"NdvVxk","TaskCategory":"None","Type":"Warning","_raw":"10/01/0010 01:49:47 PM\nLogName=Application\nXcggtqWves=NdvVxk\nYcrmyTidr=1101\nEventType=3\nType=Warning\nComputerName=francisca.natacha.ad.natacha.on\nPngvGhnaxhtz=None\nOpCode=None\nShcwcnCrfqkz=052631\nKeywords=Classic\nMessage=Security policies were propagated with warning. 0ls : The data is invalid.\r\n\r\nAdvanced help for this problem is available on http://support.georgiann.com. Query for \"troubleshooting 1101 events\".","_time":"2020-10-19T13:49:47.000-0400","dest":"francisca.natacha.ad.natacha.on","dvc":"francisca","dvc_nt_host":"francisca","event_id":"052631","eventtype":"winapp wineventlog_application wineventlog_common wineventlog_windows","host":"francisca","id":"052631","index":"alejandrina","linecount":"14","punct":"//_::_\\r=\\r=\\r=\\r=\\r=\\r=....\\r=\\r=\\r=\\r=\\r=_____.__:____.\\r\\r\\r\\r","severity":"Warning","severity_id":"3","signature_id":"1101","source":"AleJandrIna:Application","sourcetype":"WinEventLog:Application","splunk_server":"lai-z007.aa.olympia","tag":"os\nwindows\nwindows_management","tag::eventtype":"os\nwindows\nwindows_management"}}
{"preview":true,"result":{"ComputerName":"francisca.natacha.ad.natacha.on","EventCode":"1101","EventType":"3","Keywords":"Classic","LogName":"Application","Message":"Security policies were propagated with warning. 0ls : The data is invalid.\r\n\r\nAdvanced help for this problem is available on http://support.georgiann.com. Query for \"troubleshooting 1101 events\".","OpCode":"None","RecordNumber":"121676","SourceName":"NdvVxk","TaskCategory":"None","Type":"Warning","_raw":"10/01/0010 01:34:22 PM\nLogName=Application\nXcggtqWves=NdvVxk\nYcrmyTidr=1101\nEventType=3\nType=Warning\nComputerName=francisca.natacha.ad.natacha.on\nPngvGhnaxhtz=None\nOpCode=None\nShcwcnCrfqkz=121676\nKeywords=Classic\nMessage=Security policies were propagated with warning. 0ls : The data is invalid.\r\n\r\nAdvanced help for this problem is available on http://support.georgiann.com. Query for \"troubleshooting 1101 events\".","_time":"2020-10-19T13:34:22.000-0400","dest":"francisca.natacha.ad.natacha.on","dvc":"francisca","dvc_nt_host":"francisca","event_id":"121676","eventtype":"winapp wineventlog_application wineventlog_common wineventlog_windows","host":"francisca","id":"121676","index":"alejandrina","linecount":"14","punct":"//_::_\\r=\\r=\\r=\\r=\\r=\\r=....\\r=\\r=\\r=\\r=\\r=_____.__:____.\\r\\r\\r\\r","severity":"Warning","severity_id":"3","signature_id":"1101","source":"AleJandrIna:Application","sourcetype":"WinEventLog:Application","splunk_server":"lai-z007.aa.olympia","tag":"os\nwindows\nwindows_management","tag::eventtype":"os\nwindows\nwindows_management"}}
{"preview":true,"result":{"ComputerName":"francisca.natacha.ad.natacha.on","EventCode":"1101","EventType":"3","Keywords":"Classic","LogName":"Application","Message":"Security policies were propagated with warning. 0ls : The data is invalid.\r\n\r\nAdvanced help for this problem is available on http://support.georgiann.com. Query for \"troubleshooting 1101 events\".","OpCode":"None","RecordNumber":"042841","SourceName":"NdvVxk","TaskCategory":"None","Type":"Warning","_raw":"10/01/0010 01:24:10 PM\nLogName=Application\nXcggtqWves=NdvVxk\nYcrmyTidr=1101\nEventType=3\nType=Warning\nComputerName=francisca.natacha.ad.natacha.on\nPngvGhnaxhtz=None\nOpCode=None\nShcwcnCrfqkz=042841\nKeywords=Classic\nMessage=Security policies were propagated with warning. 0ls : The data is invalid.\r\n\r\nAdvanced help for this problem is available on http://support.georgiann.com. Query for \"troubleshooting 1101 events\".","_time":"2020-10-19T13:24:10.000-0400","dest":"francisca.natacha.ad.natacha.on","dvc":"francisca","dvc_nt_host":"francisca","event_id":"042841","eventtype":"winapp wineventlog_application wineventlog_common wineventlog_windows","host":"francisca","id":"042841","index":"alejandrina","linecount":"14","punct":"//_::_\\r=\\r=\\r=\\r=\\r=\\r=....\\r=\\r=\\r=\\r=\\r=_____.__:____.\\r\\r\\r\\r","severity":"Warning","severity_id":"3","signature_id":"1101","source":"AleJandrIna:Application","sourcetype":"WinEventLog:Application","splunk_server":"lai-z007.aa.olympia","tag":"os\nwindows\nwindows_management","tag::eventtype":"os\nwindows\nwindows_management"}}
{"preview":true,"result":{"ComputerName":"francisca.natacha.ad.natacha.on","EventCode":"1101","EventType":"3","Keywords":"Classic","LogName":"Application","Message":"Security policies were propagated with warning. 0ls : The data is invalid.\r\n\r\nAdvanced help for this problem is available on http://support.georgiann.com. Query for \"troubleshooting 1101 events\".","OpCode":"None","RecordNumber":"132564","SourceName":"NdvVxk","TaskCategory":"None","Type":"Warning","_raw":"10/01/0010 01:19:01 PM\nLogName=Application\nXcggtqWves=NdvVxk\nYcrmyTidr=1101\nEventType=3\nType=Warning\nComputerName=francisca.natacha.ad.natacha.on\nPngvGhnaxhtz=None\nOpCode=None\nShcwcnCrfqkz=132564\nKeywords=Classic\nMessage=Security policies were propagated with warning. 0ls : The data is invalid.\r\n\r\nAdvanced help for this problem is available on http://support.georgiann.com. Query for \"troubleshooting 1101 events\".","_time":"2020-10-19T13:19:01.000-0400","dest":"francisca.natacha.ad.natacha.on","dvc":"francisca","dvc_nt_host":"francisca","event_id":"132564","eventtype":"winapp wineventlog_application wineventlog_common wineventlog_windows","host":"francisca","id":"132564","index":"alejandrina","linecount":"14","punct":"//_::_\\r=\\r=\\r=\\r=\\r=\\r=....\\r=\\r=\\r=\\r=\\r=_____.__:____.\\r\\r\\r\\r","severity":"Warning","severity_id":"3","signature_id":"1101","source":"AleJandrIna:Application","sourcetype":"WinEventLog:Application","splunk_server":"lai-z007.aa.olympia","tag":"os\nwindows\nwindows_management","tag::eventtype":"os\nwindows\nwindows_management"}}
{"preview":true,"result":{"ComputerName":"francisca.natacha.ad.natacha.on","EventCode":"1101","EventType":"3","Keywords":"Classic","LogName":"Application","Message":"Security policies were propagated with warning. 0ls : The data is invalid.\r\n\r\nAdvanced help for this problem is available on http://support.georgiann.com. Query for \"troubleshooting 1101 events\".","OpCode":"None","RecordNumber":"171763","SourceName":"NdvVxk","TaskCategory":"None","Type":"Warning","_raw":"10/01/0010 01:13:53 PM\nLogName=Application\nXcggtqWves=NdvVxk\nYcrmyTidr=1101\nEventType=3\nType=Warning\nComputerName=francisca.natacha.ad.natacha.on\nPngvGhnaxhtz=None\nOpCode=None\nShcwcnCrfqkz=171763\nKeywords=Classic\nMessage=Security policies were propagated with warning. 0ls : The data is invalid.\r\n\r\nAdvanced help for this problem is available on http://support.georgiann.com. Query for \"troubleshooting 1101 events\".","_time":"2020-10-19T13:13:53.000-0400","dest":"francisca.natacha.ad.natacha.on","dvc":"francisca","dvc_nt_host":"francisca","event_id":"171763","eventtype":"winapp wineventlog_application wineventlog_common wineventlog_windows","host":"francisca","id":"171763","index":"alejandrina","linecount":"14","punct":"//_::_\\r=\\r=\\r=\\r=\\r=\\r=....\\r=\\r=\\r=\\r=\\r=_____.__:____.\\r\\r\\r\\r","severity":"Warning","severity_id":"3","signature_id":"1101","source":"AleJandrIna:Application","sourcetype":"WinEventLog:Application","splunk_server":"lai-r107.aa.olympia","tag":"os\nwindows\nwindows_management","tag::eventtype":"os\nwindows\nwindows_management"}}
{"preview":true,"result":{"ComputerName":"francisca.natacha.ad.natacha.on","EventCode":"1101","EventType":"3","Keywords":"Classic","LogName":"Application","Message":"Security policies were propagated with warning. 0ls : The data is invalid.\r\n\r\nAdvanced help for this problem is available on http://support.georgiann.com. Query for \"troubleshooting 1101 events\".","OpCode":"None","RecordNumber":"050821","SourceName":"NdvVxk","TaskCategory":"None","Type":"Warning","_raw":"10/01/0010 01:08:44 PM\nLogName=Application\nXcggtqWves=NdvVxk\nYcrmyTidr=1101\nEventType=3\nType=Warning\nComputerName=francisca.natacha.ad.natacha.on\nPngvGhnaxhtz=None\nOpCode=None\nShcwcnCrfqkz=050821\nKeywords=Classic\nMessage=Security policies were propagated with warning. 0ls : The data is invalid.\r\n\r\nAdvanced help for this problem is available on http://support.georgiann.com. Query for \"troubleshooting 1101 events\".","_time":"2020-10-19T13:08:44.000-0400","dest":"francisca.natacha.ad.natacha.on","dvc":"francisca","dvc_nt_host":"francisca","event_id":"050821","eventtype":"winapp wineventlog_application wineventlog_common wineventlog_windows","host":"francisca","id":"050821","index":"alejandrina","linecount":"14","punct":"//_::_\\r=\\r=\\r=\\r=\\r=\\r=....\\r=\\r=\\r=\\r=\\r=_____.__:____.\\r\\r\\r\\r","severity":"Warning","severity_id":"3","signature_id":"1101","source":"AleJandrIna:Application","sourcetype":"WinEventLog:Application","splunk_server":"lai-r107.aa.olympia","tag":"os\nwindows\nwindows_management","tag::eventtype":"os\nwindows\nwindows_management"}}
{"preview":true,"result":{"ComputerName":"francisca.natacha.ad.natacha.on","EventCode":"1101","EventType":"3","Keywords":"Classic","LogName":"Application","Message":"Security policies were propagated with warning. 0ls : The data is invalid.\r\n\r\nAdvanced help for this problem is available on http://support.georgiann.com. Query for \"troubleshooting 1101 events\".","OpCode":"None","RecordNumber":"201852","SourceName":"NdvVxk","TaskCategory":"None","Type":"Warning","_raw":"10/01/0010 01:03:40 PM\nLogName=Application\nXcggtqWves=NdvVxk\nYcrmyTidr=1101\nEventType=3\nType=Warning\nComputerName=francisca.natacha.ad.natacha.on\nPngvGhnaxhtz=None\nOpCode=None\nShcwcnCrfqkz=201852\nKeywords=Classic\nMessage=Security policies were propagated with warning. 0ls : The data is invalid.\r\n\r\nAdvanced help for this problem is available on http://support.georgiann.com. Query for \"troubleshooting 1101 events\".","_time":"2020-10-19T13:03:40.000-0400","dest":"francisca.natacha.ad.natacha.on","dvc":"francisca","dvc_nt_host":"francisca","event_id":"201852","eventtype":"winapp wineventlog_application wineventlog_common wineventlog_windows","host":"francisca","id":"201852","index":"alejandrina","linecount":"14","punct":"//_::_\\r=\\r=\\r=\\r=\\r=\\r=....\\r=\\r=\\r=\\r=\\r=_____.__:____.\\r\\r\\r\\r","severity":"Warning","severity_id":"3","signature_id":"1101","source":"AleJandrIna:Application","sourcetype":"WinEventLog:Application","splunk_server":"lai-z007.aa.olympia","tag":"os\nwindows\nwindows_management","tag::eventtype":"os\nwindows\nwindows_management"}}
{"preview":true,"result":{"ComputerName":"CAP-O021.natacha.o.matt","EventCode":"16374","EventType":"4","Keywords":"Classic","LogName":"Application","Message":"Successfully scheduled Software Protection service for re-start at 0010-10-00G06:12:00U. Reason: JgnmjZatzwz.","OpCode":"The operation completed successfully.","RecordNumber":"01723","SourceName":"Georgiann-Windows-Security-JOI","TaskCategory":"None","Type":"Information","_raw":"10/01/0010 12:59:00 PM\nLogName=Application\nXcggtqWves=Georgiann-Windows-Security-JOI\nYcrmyTidr=16374\nEventType=4\nType=Information\nComputerName=CAP-O021.natacha.o.matt\nPngvGhnaxhtz=None\nOpCode=The operation completed successfully.\nShcwcnCrfqkz=01723\nKeywords=Classic\nMessage=Successfully scheduled Software Protection service for re-start at 0010-10-00G06:46:00U. Reason: JgnmjZatzwz.","_time":"2020-10-19T12:59:00.000-0400","dest":"CAP-O021.natacha.o.matt","dvc":"CAP-O021","dvc_nt_host":"CAP-O021","event_id":"01723","eventtype":"winapp wineventlog_application wineventlog_common wineventlog_windows","host":"CAP-O021","id":"01723","index":"alejandrina","linecount":"12","punct":"//_::_==---====-...==___.===______-__--::._:_.","severity":"Information","severity_id":"4","signature_id":"16374","source":"AleJandrIna:Application","sourcetype":"WinEventLog:Application","splunk_server":"lai-z007.aa.olympia","tag":"os\nwindows\nwindows_management","tag::eventtype":"os\nwindows\nwindows_management"}}
{"preview":true,"result":{"ComputerName":"CAP-O021.natacha.o.matt","EventCode":"05380","EventType":"4","Keywords":"Classic","LogName":"Application","Message":"Lawanna jackeline migration succeeded.","OpCode":"The operation completed successfully.","RecordNumber":"10244","SourceName":"Georgiann-Windows-Security-JOI","TaskCategory":"None","Type":"Information","_raw":"10/01/0010 12:58:02 PM\nLogName=Application\nXcggtqWves=Georgiann-Windows-Security-JOI\nYcrmyTidr=05380\nEventType=4\nType=Information\nComputerName=CAP-O021.natacha.o.matt\nPngvGhnaxhtz=None\nOpCode=The operation completed successfully.\nShcwcnCrfqkz=10244\nKeywords=Classic\nMessage=Lawanna jackeline migration succeeded.","_time":"2020-10-19T12:58:02.000-0400","dest":"CAP-O021.natacha.o.matt","dvc":"CAP-O021","dvc_nt_host":"CAP-O021","event_id":"10244","eventtype":"winapp wineventlog_application wineventlog_common wineventlog_windows","host":"CAP-O021","id":"10244","index":"alejandrina","linecount":"12","punct":"//_::_==---====-...==___.===___.","severity":"Information","severity_id":"4","signature_id":"05380","source":"AleJandrIna:Application","sourcetype":"WinEventLog:Application","splunk_server":"lai-z007.aa.olympia","tag":"os\nwindows\nwindows_management","tag::eventtype":"os\nwindows\nwindows_management"}}
{"preview":true,"result":{"ComputerName":"francisca.natacha.ad.natacha.on","EventCode":"1101","EventType":"3","Keywords":"Classic","LogName":"Application","Message":"Security policies were propagated with warning. 0ls : The data is invalid.\r\n\r\nAdvanced help for this problem is available on http://support.georgiann.com. Query for \"troubleshooting 1101 events\".","OpCode":"None","RecordNumber":"030901","SourceName":"NdvVxk","TaskCategory":"None","Type":"Warning","_raw":"10/01/0010 12:43:11 PM\nLogName=Application\nXcggtqWves=NdvVxk\nYcrmyTidr=1101\nEventType=3\nType=Warning\nComputerName=francisca.natacha.ad.natacha.on\nPngvGhnaxhtz=None\nOpCode=None\nShcwcnCrfqkz=030901\nKeywords=Classic\nMessage=Security policies were propagated with warning. 0ls : The data is invalid.\r\n\r\nAdvanced help for this problem is available on http://support.georgiann.com. Query for \"troubleshooting 1101 events\".","_time":"2020-10-19T12:43:11.000-0400","dest":"francisca.natacha.ad.natacha.on","dvc":"francisca","dvc_nt_host":"francisca","event_id":"030901","eventtype":"winapp wineventlog_application wineventlog_common wineventlog_windows","host":"francisca","id":"030901","index":"alejandrina","linecount":"14","punct":"//_::_\\r=\\r=\\r=\\r=\\r=\\r=....\\r=\\r=\\r=\\r=\\r=_____.__:____.\\r\\r\\r\\r","severity":"Warning","severity_id":"3","signature_id":"1101","source":"AleJandrIna:Application","sourcetype":"WinEventLog:Application","splunk_server":"lai-z007.aa.olympia","tag":"os\nwindows\nwindows_management","tag::eventtype":"os\nwindows\nwindows_management"}}
{"preview":true,"result":{"ComputerName":"francisca.natacha.ad.natacha.on","EventCode":"1101","EventType":"3","Keywords":"Classic","LogName":"Application","Message":"Security policies were propagated with warning. 0ls : The data is invalid.\r\n\r\nAdvanced help for this problem is available on http://support.georgiann.com. Query for \"troubleshooting 1101 events\".","OpCode":"None","RecordNumber":"062140","SourceName":"NdvVxk","TaskCategory":"None","Type":"Warning","_raw":"10/01/0010 12:38:03 PM\nLogName=Application\nXcggtqWves=NdvVxk\nYcrmyTidr=1101\nEventType=3\nType=Warning\nComputerName=francisca.natacha.ad.natacha.on\nPngvGhnaxhtz=None\nOpCode=None\nShcwcnCrfqkz=062140\nKeywords=Classic\nMessage=Security policies were propagated with warning. 0ls : The data is invalid.\r\n\r\nAdvanced help for this problem is available on http://support.georgiann.com. Query for \"troubleshooting 1101 events\".","_time":"2020-10-19T12:38:03.000-0400","dest":"francisca.natacha.ad.natacha.on","dvc":"francisca","dvc_nt_host":"francisca","event_id":"062140","eventtype":"winapp wineventlog_application wineventlog_common wineventlog_windows","host":"francisca","id":"062140","index":"alejandrina","linecount":"14","punct":"//_::_\\r=\\r=\\r=\\r=\\r=\\r=....\\r=\\r=\\r=\\r=\\r=_____.__:____.\\r\\r\\r\\r","severity":"Warning","severity_id":"3","signature_id":"1101","source":"AleJandrIna:Application","sourcetype":"WinEventLog:Application","splunk_server":"lai-z007.aa.olympia","tag":"os\nwindows\nwindows_management","tag::eventtype":"os\nwindows\nwindows_management"}}
{"preview":true,"result":{"ComputerName":"francisca.natacha.ad.natacha.on","EventCode":"1101","EventType":"3","Keywords":"Classic","LogName":"Application","Message":"Security policies were propagated with warning. 0ls : The data is invalid.\r\n\r\nAdvanced help for this problem is available on http://support.georgiann.com. Query for \"troubleshooting 1101 events\".","OpCode":"None","RecordNumber":"071772","SourceName":"NdvVxk","TaskCategory":"None","Type":"Warning","_raw":"10/01/0010 12:32:55 PM\nLogName=Application\nXcggtqWves=NdvVxk\nYcrmyTidr=1101\nEventType=3\nType=Warning\nComputerName=francisca.natacha.ad.natacha.on\nPngvGhnaxhtz=None\nOpCode=None\nShcwcnCrfqkz=071772\nKeywords=Classic\nMessage=Security policies were propagated with warning. 0ls : The data is invalid.\r\n\r\nAdvanced help for this problem is available on http://support.georgiann.com. Query for \"troubleshooting 1101 events\".","_time":"2020-10-19T12:32:55.000-0400","dest":"francisca.natacha.ad.natacha.on","dvc":"francisca","dvc_nt_host":"francisca","event_id":"071772","eventtype":"winapp wineventlog_application wineventlog_common wineventlog_windows","host":"francisca","id":"071772","index":"alejandrina","linecount":"14","punct":"//_::_\\r=\\r=\\r=\\r=\\r=\\r=....\\r=\\r=\\r=\\r=\\r=_____.__:____.\\r\\r\\r\\r","severity":"Warning","severity_id":"3","signature_id":"1101","source":"AleJandrIna:Application","sourcetype":"WinEventLog:Application","splunk_server":"lai-r107.aa.olympia","tag":"os\nwindows\nwindows_management","tag::eventtype":"os\nwindows\nwindows_management"}}
{"preview":true,"result":{"ComputerName":"francisca.natacha.ad.natacha.on","EventCode":"1101","EventType":"3","Keywords":"Classic","LogName":"Application","Message":"Security policies were propagated with warning. 0ls : The data is invalid.\r\n\r\nAdvanced help for this problem is available on http://support.georgiann.com. Query for \"troubleshooting 1101 events\".","OpCode":"None","RecordNumber":"200701","SourceName":"NdvVxk","TaskCategory":"None","Type":"Warning","_raw":"10/01/0010 12:17:30 PM\nLogName=Application\nXcggtqWves=NdvVxk\nYcrmyTidr=1101\nEventType=3\nType=Warning\nComputerName=francisca.natacha.ad.natacha.on\nPngvGhnaxhtz=None\nOpCode=None\nShcwcnCrfqkz=200701\nKeywords=Classic\nMessage=Security policies were propagated with warning. 0ls : The data is invalid.\r\n\r\nAdvanced help for this problem is available on http://support.georgiann.com. Query for \"troubleshooting 1101 events\".","_time":"2020-10-19T12:17:30.000-0400","dest":"francisca.natacha.ad.natacha.on","dvc":"francisca","dvc_nt_host":"francisca","event_id":"200701","eventtype":"winapp wineventlog_application wineventlog_common wineventlog_windows","host":"francisca","id":"200701","index":"alejandrina","linecount":"14","punct":"//_::_\\r=\\r=\\r=\\r=\\r=\\r=....\\r=\\r=\\r=\\r=\\r=_____.__:____.\\r\\r\\r\\r","severity":"Warning","severity_id":"3","signature_id":"1101","source":"AleJandrIna:Application","sourcetype":"WinEventLog:Application","splunk_server":"lai-z007.aa.olympia","tag":"os\nwindows\nwindows_management","tag::eventtype":"os\nwindows\nwindows_management"}}
{"preview":true,"result":{"ComputerName":"francisca.natacha.ad.natacha.on","EventCode":"1101","EventType":"3","Keywords":"Classic","LogName":"Application","Message":"Security policies were propagated with warning. 0ls : The data is invalid.\r\n\r\nAdvanced help for this problem is available on http://support.georgiann.com. Query for \"troubleshooting 1101 events\".","OpCode":"None","RecordNumber":"042815","SourceName":"NdvVxk","TaskCategory":"None","Type":"Warning","_raw":"10/01/0010 11:57:01 AM\nLogName=Application\nXcggtqWves=NdvVxk\nYcrmyTidr=1101\nEventType=3\nType=Warning\nComputerName=francisca.natacha.ad.natacha.on\nPngvGhnaxhtz=None\nOpCode=None\nShcwcnCrfqkz=042815\nKeywords=Classic\nMessage=Security policies were propagated with warning. 0ls : The data is invalid.\r\n\r\nAdvanced help for this problem is available on http://support.georgiann.com. Query for \"troubleshooting 1101 events\".","_time":"2020-10-19T11:57:01.000-0400","dest":"francisca.natacha.ad.natacha.on","dvc":"francisca","dvc_nt_host":"francisca","event_id":"042815","eventtype":"winapp wineventlog_application wineventlog_common wineventlog_windows","host":"francisca","id":"042815","index":"alejandrina","linecount":"14","punct":"//_::_\\r=\\r=\\r=\\r=\\r=\\r=....\\r=\\r=\\r=\\r=\\r=_____.__:____.\\r\\r\\r\\r","severity":"Warning","severity_id":"3","signature_id":"1101","source":"AleJandrIna:Application","sourcetype":"WinEventLog:Application","splunk_server":"lai-r107.aa.olympia","tag":"os\nwindows\nwindows_management","tag::eventtype":"os\nwindows\nwindows_management"}}
{"preview":true,"result":{"ComputerName":"francisca.natacha.ad.natacha.on","EventCode":"1101","EventType":"3","Keywords":"Classic","LogName":"Application","Message":"Security policies were propagated with warning. 0ls : The data is invalid.\r\n\r\nAdvanced help for this problem is available on http://support.georgiann.com. Query for \"troubleshooting 1101 events\".","OpCode":"None","RecordNumber":"201032","SourceName":"NdvVxk","TaskCategory":"None","Type":"Warning","_raw":"10/01/0010 11:51:53 AM\nLogName=Application\nXcggtqWves=NdvVxk\nYcrmyTidr=1101\nEventType=3\nType=Warning\nComputerName=francisca.natacha.ad.natacha.on\nPngvGhnaxhtz=None\nOpCode=None\nShcwcnCrfqkz=201032\nKeywords=Classic\nMessage=Security policies were propagated with warning. 0ls : The data is invalid.\r\n\r\nAdvanced help for this problem is available on http://support.georgiann.com. Query for \"troubleshooting 1101 events\".","_time":"2020-10-19T11:51:53.000-0400","dest":"francisca.natacha.ad.natacha.on","dvc":"francisca","dvc_nt_host":"francisca","event_id":"201032","eventtype":"winapp wineventlog_application wineventlog_common wineventlog_windows","host":"francisca","id":"201032","index":"alejandrina","linecount":"14","punct":"//_::_\\r=\\r=\\r=\\r=\\r=\\r=....\\r=\\r=\\r=\\r=\\r=_____.__:____.\\r\\r\\r\\r","severity":"Warning","severity_id":"3","signature_id":"1101","source":"AleJandrIna:Application","sourcetype":"WinEventLog:Application","splunk_server":"lai-r107.aa.olympia","tag":"os\nwindows\nwindows_management","tag::eventtype":"os\nwindows\nwindows_management"}}
{"preview":true,"result":{"ComputerName":"francisca.natacha.ad.natacha.on","EventCode":"1101","EventType":"3","Keywords":"Classic","LogName":"Application","Message":"Security policies were propagated with warning. 0ls : The data is invalid.\r\n\r\nAdvanced help for this problem is available on http://support.georgiann.com. Query for \"troubleshooting 1101 events\".","OpCode":"None","RecordNumber":"220331","SourceName":"NdvVxk","TaskCategory":"None","Type":"Warning","_raw":"10/01/0010 11:46:48 AM\nLogName=Application\nXcggtqWves=NdvVxk\nYcrmyTidr=1101\nEventType=3\nType=Warning\nComputerName=francisca.natacha.ad.natacha.on\nPngvGhnaxhtz=None\nOpCode=None\nShcwcnCrfqkz=220331\nKeywords=Classic\nMessage=Security policies were propagated with warning. 0ls : The data is invalid.\r\n\r\nAdvanced help for this problem is available on http://support.georgiann.com. Query for \"troubleshooting 1101 events\".","_time":"2020-10-19T11:46:48.000-0400","dest":"francisca.natacha.ad.natacha.on","dvc":"francisca","dvc_nt_host":"francisca","event_id":"220331","eventtype":"winapp wineventlog_application wineventlog_common wineventlog_windows","host":"francisca","id":"220331","index":"alejandrina","linecount":"14","punct":"//_::_\\r=\\r=\\r=\\r=\\r=\\r=....\\r=\\r=\\r=\\r=\\r=_____.__:____.\\r\\r\\r\\r","severity":"Warning","severity_id":"3","signature_id":"1101","source":"AleJandrIna:Application","sourcetype":"WinEventLog:Application","splunk_server":"lai-r107.aa.olympia","tag":"os\nwindows\nwindows_management","tag::eventtype":"os\nwindows\nwindows_management"}}
{"preview":true,"result":{"ComputerName":"francisca.natacha.ad.natacha.on","EventCode":"1101","EventType":"3","Keywords":"Classic","LogName":"Application","Message":"Security policies were propagated with warning. 0ls : The data is invalid.\r\n\r\nAdvanced help for this problem is available on http://support.georgiann.com. Query for \"troubleshooting 1101 events\".","OpCode":"None","RecordNumber":"010220","SourceName":"NdvVxk","TaskCategory":"None","Type":"Warning","_raw":"10/01/0010 11:41:40 AM\nLogName=Application\nXcggtqWves=NdvVxk\nYcrmyTidr=1101\nEventType=3\nType=Warning\nComputerName=francisca.natacha.ad.natacha.on\nPngvGhnaxhtz=None\nOpCode=None\nShcwcnCrfqkz=010220\nKeywords=Classic\nMessage=Security policies were propagated with warning. 0ls : The data is invalid.\r\n\r\nAdvanced help for this problem is available on http://support.georgiann.com. Query for \"troubleshooting 1101 events\".","_time":"2020-10-19T11:41:40.000-0400","dest":"francisca.natacha.ad.natacha.on","dvc":"francisca","dvc_nt_host":"francisca","event_id":"010220","eventtype":"winapp wineventlog_application wineventlog_common wineventlog_windows","host":"francisca","id":"010220","index":"alejandrina","linecount":"14","punct":"//_::_\\r=\\r=\\r=\\r=\\r=\\r=....\\r=\\r=\\r=\\r=\\r=_____.__:____.\\r\\r\\r\\r","severity":"Warning","severity_id":"3","signature_id":"1101","source":"AleJandrIna:Application","sourcetype":"WinEventLog:Application","splunk_server":"lai-r107.aa.olympia","tag":"os\nwindows\nwindows_management","tag::eventtype":"os\nwindows\nwindows_management"}}
{"preview":true,"result":{"ComputerName":"francisca.natacha.ad.natacha.on","EventCode":"1101","EventType":"3","Keywords":"Classic","LogName":"Application","Message":"Security policies were propagated with warning. 0ls : The data is invalid.\r\n\r\nAdvanced help for this problem is available on http://support.georgiann.com. Query for \"troubleshooting 1101 events\".","OpCode":"None","RecordNumber":"110210","SourceName":"NdvVxk","TaskCategory":"None","Type":"Warning","_raw":"10/01/0010 11:31:23 AM\nLogName=Application\nXcggtqWves=NdvVxk\nYcrmyTidr=1101\nEventType=3\nType=Warning\nComputerName=francisca.natacha.ad.natacha.on\nPngvGhnaxhtz=None\nOpCode=None\nShcwcnCrfqkz=110210\nKeywords=Classic\nMessage=Security policies were propagated with warning. 0ls : The data is invalid.\r\n\r\nAdvanced help for this problem is available on http://support.georgiann.com. Query for \"troubleshooting 1101 events\".","_time":"2020-10-19T11:31:23.000-0400","dest":"francisca.natacha.ad.natacha.on","dvc":"francisca","dvc_nt_host":"francisca","event_id":"110210","eventtype":"winapp wineventlog_application wineventlog_common wineventlog_windows","host":"francisca","id":"110210","index":"alejandrina","linecount":"14","punct":"//_::_\\r=\\r=\\r=\\r=\\r=\\r=....\\r=\\r=\\r=\\r=\\r=_____.__:____.\\r\\r\\r\\r","severity":"Warning","severity_id":"3","signature_id":"1101","source":"AleJandrIna:Application","sourcetype":"WinEventLog:Application","splunk_server":"lai-r107.aa.olympia","tag":"os\nwindows\nwindows_management","tag::eventtype":"os\nwindows\nwindows_management"}}
{"preview":true,"result":{"ComputerName":"francisca.natacha.ad.natacha.on","EventCode":"1101","EventType":"3","Keywords":"Classic","LogName":"Application","Message":"Security policies were propagated with warning. 0ls : The data is invalid.\r\n\r\nAdvanced help for this problem is available on http://support.georgiann.com. Query for \"troubleshooting 1101 events\".","OpCode":"None","RecordNumber":"251631","SourceName":"NdvVxk","TaskCategory":"None","Type":"Warning","_raw":"10/01/0010 11:21:11 AM\nLogName=Application\nXcggtqWves=NdvVxk\nYcrmyTidr=1101\nEventType=3\nType=Warning\nComputerName=francisca.natacha.ad.natacha.on\nPngvGhnaxhtz=None\nOpCode=None\nShcwcnCrfqkz=251631\nKeywords=Classic\nMessage=Security policies were propagated with warning. 0ls : The data is invalid.\r\n\r\nAdvanced help for this problem is available on http://support.georgiann.com. Query for \"troubleshooting 1101 events\".","_time":"2020-10-19T11:21:11.000-0400","dest":"francisca.natacha.ad.natacha.on","dvc":"francisca","dvc_nt_host":"francisca","event_id":"251631","eventtype":"winapp wineventlog_application wineventlog_common wineventlog_windows","host":"francisca","id":"251631","index":"alejandrina","linecount":"14","punct":"//_::_\\r=\\r=\\r=\\r=\\r=\\r=....\\r=\\r=\\r=\\r=\\r=_____.__:____.\\r\\r\\r\\r","severity":"Warning","severity_id":"3","signature_id":"1101","source":"AleJandrIna:Application","sourcetype":"WinEventLog:Application","splunk_server":"lai-z007.aa.olympia","tag":"os\nwindows\nwindows_management","tag::eventtype":"os\nwindows\nwindows_management"}}
