{"preview":true,"result":{"ComputerName":"francisca.natacha.ad.natacha.on","EventCode":"1101","EventType":"3","Keywords":"Classic","LogName":"Application","Message":"Security policies were propagated with warning. 0ls : The data is invalid.\r\n\r\nAdvanced help for this problem is available on http://support.georgiann.com. Query for \"troubleshooting 1101 events\".","OpCode":"None","RecordNumber":"060001","SourceName":"NdvVxk","TaskCategory":"None","Type":"Warning","_raw":"10/12/0010 10:37:35 PM\nLogName=Application\nXcggtqWves=NdvVxk\nYcrmyTidr=1101\nEventType=3\nType=Warning\nComputerName=francisca.natacha.ad.natacha.on\nPngvGhnaxhtz=None\nOpCode=None\nShcwcnCrfqkz=060001\nKeywords=Classic\nMessage=Security policies were propagated with warning. 0ls : The data is invalid.\r\n\r\nAdvanced help for this problem is available on http://support.georgiann.com. Query for \"troubleshooting 1101 events\".","_time":"2020-10-18T22:37:35.000-0400","dest":"francisca.natacha.ad.natacha.on","dvc":"francisca","dvc_nt_host":"francisca","event_id":"060001","eventtype":"winapp wineventlog_application wineventlog_common wineventlog_windows","host":"francisca","id":"060001","index":"alejandrina","linecount":"14","punct":"//_::_\\r=\\r=\\r=\\r=\\r=\\r=....\\r=\\r=\\r=\\r=\\r=_____.__:____.\\r\\r\\r\\r","severity":"Warning","severity_id":"3","signature_id":"1101","source":"AleJandrIna:Application","sourcetype":"WinEventLog:Application","splunk_server":"lai-r107.aa.olympia","tag":"os\nwindows\nwindows_management","tag::eventtype":"os\nwindows\nwindows_management"}}
{"preview":true,"result":{"ComputerName":"francisca.natacha.ad.natacha.on","EventCode":"1101","EventType":"3","Keywords":"Classic","LogName":"Application","Message":"Security policies were propagated with warning. 0ls : The data is invalid.\r\n\r\nAdvanced help for this problem is available on http://support.georgiann.com. Query for \"troubleshooting 1101 events\".","OpCode":"None","RecordNumber":"030202","SourceName":"NdvVxk","TaskCategory":"None","Type":"Warning","_raw":"10/12/0010 10:11:59 PM\nLogName=Application\nXcggtqWves=NdvVxk\nYcrmyTidr=1101\nEventType=3\nType=Warning\nComputerName=francisca.natacha.ad.natacha.on\nPngvGhnaxhtz=None\nOpCode=None\nShcwcnCrfqkz=030202\nKeywords=Classic\nMessage=Security policies were propagated with warning. 0ls : The data is invalid.\r\n\r\nAdvanced help for this problem is available on http://support.georgiann.com. Query for \"troubleshooting 1101 events\".","_time":"2020-10-18T22:11:59.000-0400","dest":"francisca.natacha.ad.natacha.on","dvc":"francisca","dvc_nt_host":"francisca","event_id":"030202","eventtype":"winapp wineventlog_application wineventlog_common wineventlog_windows","host":"francisca","id":"030202","index":"alejandrina","linecount":"14","punct":"//_::_\\r=\\r=\\r=\\r=\\r=\\r=....\\r=\\r=\\r=\\r=\\r=_____.__:____.\\r\\r\\r\\r","severity":"Warning","severity_id":"3","signature_id":"1101","source":"AleJandrIna:Application","sourcetype":"WinEventLog:Application","splunk_server":"lai-r107.aa.olympia","tag":"os\nwindows\nwindows_management","tag::eventtype":"os\nwindows\nwindows_management"}}
{"preview":true,"result":{"ComputerName":"francisca.natacha.ad.natacha.on","EventCode":"1101","EventType":"3","Keywords":"Classic","LogName":"Application","Message":"Security policies were propagated with warning. 0ls : The data is invalid.\r\n\r\nAdvanced help for this problem is available on http://support.georgiann.com. Query for \"troubleshooting 1101 events\".","OpCode":"None","RecordNumber":"211804","SourceName":"NdvVxk","TaskCategory":"None","Type":"Warning","_raw":"10/12/0010 10:01:43 PM\nLogName=Application\nXcggtqWves=NdvVxk\nYcrmyTidr=1101\nEventType=3\nType=Warning\nComputerName=francisca.natacha.ad.natacha.on\nPngvGhnaxhtz=None\nOpCode=None\nShcwcnCrfqkz=211804\nKeywords=Classic\nMessage=Security policies were propagated with warning. 0ls : The data is invalid.\r\n\r\nAdvanced help for this problem is available on http://support.georgiann.com. Query for \"troubleshooting 1101 events\".","_time":"2020-10-18T22:01:43.000-0400","dest":"francisca.natacha.ad.natacha.on","dvc":"francisca","dvc_nt_host":"francisca","event_id":"211804","eventtype":"winapp wineventlog_application wineventlog_common wineventlog_windows","host":"francisca","id":"211804","index":"alejandrina","linecount":"14","punct":"//_::_\\r=\\r=\\r=\\r=\\r=\\r=....\\r=\\r=\\r=\\r=\\r=_____.__:____.\\r\\r\\r\\r","severity":"Warning","severity_id":"3","signature_id":"1101","source":"AleJandrIna:Application","sourcetype":"WinEventLog:Application","splunk_server":"lai-r107.aa.olympia","tag":"os\nwindows\nwindows_management","tag::eventtype":"os\nwindows\nwindows_management"}}
{"preview":true,"lastrow":true,"result":{"ComputerName":"francisca.natacha.ad.natacha.on","EventCode":"1101","EventType":"3","Keywords":"Classic","LogName":"Application","Message":"Security policies were propagated with warning. 0ls : The data is invalid.\r\n\r\nAdvanced help for this problem is available on http://support.georgiann.com. Query for \"troubleshooting 1101 events\".","OpCode":"None","RecordNumber":"221102","SourceName":"NdvVxk","TaskCategory":"None","Type":"Warning","_raw":"10/12/0010 09:46:19 PM\nLogName=Application\nXcggtqWves=NdvVxk\nYcrmyTidr=1101\nEventType=3\nType=Warning\nComputerName=francisca.natacha.ad.natacha.on\nPngvGhnaxhtz=None\nOpCode=None\nShcwcnCrfqkz=221102\nKeywords=Classic\nMessage=Security policies were propagated with warning. 0ls : The data is invalid.\r\n\r\nAdvanced help for this problem is available on http://support.georgiann.com. Query for \"troubleshooting 1101 events\".","_time":"2020-10-18T21:46:19.000-0400","dest":"francisca.natacha.ad.natacha.on","dvc":"francisca","dvc_nt_host":"francisca","event_id":"221102","eventtype":"winapp wineventlog_application wineventlog_common wineventlog_windows","host":"francisca","id":"221102","index":"alejandrina","linecount":"14","punct":"//_::_\\r=\\r=\\r=\\r=\\r=\\r=....\\r=\\r=\\r=\\r=\\r=_____.__:____.\\r\\r\\r\\r","severity":"Warning","severity_id":"3","signature_id":"1101","source":"AleJandrIna:Application","sourcetype":"WinEventLog:Application","splunk_server":"lai-r107.aa.olympia","tag":"os\nwindows\nwindows_management","tag::eventtype":"os\nwindows\nwindows_management"}}
