{"preview":true,"result":{"ComputerName":"christena.sherill.ad.sherill.uk","EventCode":"0002","EventType":"3","Keywords":"Classic","LogName":"Application","Message":"Security policies were propagated with warning. 0mi : The data is invalid.\r\n\r\nAdvanced help for this problem is available on http://support.jaqueline.com. Query for \"troubleshooting 0002 events\".","OpCode":"None","RecordNumber":"254330","SourceName":"KhoCvl","TaskCategory":"None","Type":"Warning","_raw":"03/01/0010 06:41:56 PM\nLogName=Application\nBfghbvNcbu=KhoCvl\nTnqamFsxr=0002\nEventType=3\nType=Warning\nComputerName=christena.sherill.ad.sherill.uk\nMvydNcrnwgcw=None\nOpCode=None\nMrsoicTjmcnk=254330\nKeywords=Classic\nMessage=Security policies were propagated with warning. 0mi : The data is invalid.\r\n\r\nAdvanced help for this problem is available on http://support.jaqueline.com. Query for \"troubleshooting 0002 events\".","_time":"2020-08-18T18:41:56.000-0400","dest":"christena.sherill.ad.sherill.uk","dvc":"christena","dvc_nt_host":"christena","event_id":"254330","eventtype":"winapp wineventlog_application wineventlog_common wineventlog_windows","host":"christena","id":"254330","index":"alejandrina","linecount":"14","punct":"//_::_\\r=\\r=\\r=\\r=\\r=\\r=....\\r=\\r=\\r=\\r=\\r=_____.__:____.\\r\\r\\r\\r","severity":"Warning","severity_id":"3","signature_id":"0002","source":"AleJandrIna:Application","sourcetype":"WinEventLog:Application","splunk_server":"hyo-k102.ts.johnnie","tag":"os\nwindows\nwindows_management","tag::eventtype":"os\nwindows\nwindows_management"}}
{"preview":true,"result":{"ComputerName":"christena.sherill.ad.sherill.uk","EventCode":"0002","EventType":"3","Keywords":"Classic","LogName":"Application","Message":"Security policies were propagated with warning. 0mi : The data is invalid.\r\n\r\nAdvanced help for this problem is available on http://support.jaqueline.com. Query for \"troubleshooting 0002 events\".","OpCode":"None","RecordNumber":"001220","SourceName":"KhoCvl","TaskCategory":"None","Type":"Warning","_raw":"03/01/0010 06:36:48 PM\nLogName=Application\nBfghbvNcbu=KhoCvl\nTnqamFsxr=0002\nEventType=3\nType=Warning\nComputerName=christena.sherill.ad.sherill.uk\nMvydNcrnwgcw=None\nOpCode=None\nMrsoicTjmcnk=001220\nKeywords=Classic\nMessage=Security policies were propagated with warning. 0mi : The data is invalid.\r\n\r\nAdvanced help for this problem is available on http://support.jaqueline.com. Query for \"troubleshooting 0002 events\".","_time":"2020-08-18T18:36:48.000-0400","dest":"christena.sherill.ad.sherill.uk","dvc":"christena","dvc_nt_host":"christena","event_id":"001220","eventtype":"winapp wineventlog_application wineventlog_common wineventlog_windows","host":"christena","id":"001220","index":"alejandrina","linecount":"14","punct":"//_::_\\r=\\r=\\r=\\r=\\r=\\r=....\\r=\\r=\\r=\\r=\\r=_____.__:____.\\r\\r\\r\\r","severity":"Warning","severity_id":"3","signature_id":"0002","source":"AleJandrIna:Application","sourcetype":"WinEventLog:Application","splunk_server":"hyo-g000.ts.johnnie","tag":"os\nwindows\nwindows_management","tag::eventtype":"os\nwindows\nwindows_management"}}
{"preview":true,"result":{"ComputerName":"christena.sherill.ad.sherill.uk","EventCode":"0002","EventType":"3","Keywords":"Classic","LogName":"Application","Message":"Security policies were propagated with warning. 0mi : The data is invalid.\r\n\r\nAdvanced help for this problem is available on http://support.jaqueline.com. Query for \"troubleshooting 0002 events\".","OpCode":"None","RecordNumber":"251021","SourceName":"KhoCvl","TaskCategory":"None","Type":"Warning","_raw":"03/01/0010 06:31:40 PM\nLogName=Application\nBfghbvNcbu=KhoCvl\nTnqamFsxr=0002\nEventType=3\nType=Warning\nComputerName=christena.sherill.ad.sherill.uk\nMvydNcrnwgcw=None\nOpCode=None\nMrsoicTjmcnk=251021\nKeywords=Classic\nMessage=Security policies were propagated with warning. 0mi : The data is invalid.\r\n\r\nAdvanced help for this problem is available on http://support.jaqueline.com. Query for \"troubleshooting 0002 events\".","_time":"2020-08-18T18:31:40.000-0400","dest":"christena.sherill.ad.sherill.uk","dvc":"christena","dvc_nt_host":"christena","event_id":"251021","eventtype":"winapp wineventlog_application wineventlog_common wineventlog_windows","host":"christena","id":"251021","index":"alejandrina","linecount":"14","punct":"//_::_\\r=\\r=\\r=\\r=\\r=\\r=....\\r=\\r=\\r=\\r=\\r=_____.__:____.\\r\\r\\r\\r","severity":"Warning","severity_id":"3","signature_id":"0002","source":"AleJandrIna:Application","sourcetype":"WinEventLog:Application","splunk_server":"HYO-G006","tag":"os\nwindows\nwindows_management","tag::eventtype":"os\nwindows\nwindows_management"}}
{"preview":true,"result":{"ComputerName":"christena.sherill.ad.sherill.uk","EventCode":"0002","EventType":"3","Keywords":"Classic","LogName":"Application","Message":"Security policies were propagated with warning. 0mi : The data is invalid.\r\n\r\nAdvanced help for this problem is available on http://support.jaqueline.com. Query for \"troubleshooting 0002 events\".","OpCode":"None","RecordNumber":"035110","SourceName":"KhoCvl","TaskCategory":"None","Type":"Warning","_raw":"03/01/0010 06:26:32 PM\nLogName=Application\nBfghbvNcbu=KhoCvl\nTnqamFsxr=0002\nEventType=3\nType=Warning\nComputerName=christena.sherill.ad.sherill.uk\nMvydNcrnwgcw=None\nOpCode=None\nMrsoicTjmcnk=035110\nKeywords=Classic\nMessage=Security policies were propagated with warning. 0mi : The data is invalid.\r\n\r\nAdvanced help for this problem is available on http://support.jaqueline.com. Query for \"troubleshooting 0002 events\".","_time":"2020-08-18T18:26:32.000-0400","dest":"christena.sherill.ad.sherill.uk","dvc":"christena","dvc_nt_host":"christena","event_id":"035110","eventtype":"winapp wineventlog_application wineventlog_common wineventlog_windows","host":"christena","id":"035110","index":"alejandrina","linecount":"14","punct":"//_::_\\r=\\r=\\r=\\r=\\r=\\r=....\\r=\\r=\\r=\\r=\\r=_____.__:____.\\r\\r\\r\\r","severity":"Warning","severity_id":"3","signature_id":"0002","source":"AleJandrIna:Application","sourcetype":"WinEventLog:Application","splunk_server":"HYO-G006","tag":"os\nwindows\nwindows_management","tag::eventtype":"os\nwindows\nwindows_management"}}
{"preview":true,"result":{"ComputerName":"christena.sherill.ad.sherill.uk","EventCode":"0002","EventType":"3","Keywords":"Classic","LogName":"Application","Message":"Security policies were propagated with warning. 0mi : The data is invalid.\r\n\r\nAdvanced help for this problem is available on http://support.jaqueline.com. Query for \"troubleshooting 0002 events\".","OpCode":"None","RecordNumber":"244528","SourceName":"KhoCvl","TaskCategory":"None","Type":"Warning","_raw":"03/01/0010 06:21:23 PM\nLogName=Application\nBfghbvNcbu=KhoCvl\nTnqamFsxr=0002\nEventType=3\nType=Warning\nComputerName=christena.sherill.ad.sherill.uk\nMvydNcrnwgcw=None\nOpCode=None\nMrsoicTjmcnk=244528\nKeywords=Classic\nMessage=Security policies were propagated with warning. 0mi : The data is invalid.\r\n\r\nAdvanced help for this problem is available on http://support.jaqueline.com. Query for \"troubleshooting 0002 events\".","_time":"2020-08-18T18:21:23.000-0400","dest":"christena.sherill.ad.sherill.uk","dvc":"christena","dvc_nt_host":"christena","event_id":"244528","eventtype":"winapp wineventlog_application wineventlog_common wineventlog_windows","host":"christena","id":"244528","index":"alejandrina","linecount":"14","punct":"//_::_\\r=\\r=\\r=\\r=\\r=\\r=....\\r=\\r=\\r=\\r=\\r=_____.__:____.\\r\\r\\r\\r","severity":"Warning","severity_id":"3","signature_id":"0002","source":"AleJandrIna:Application","sourcetype":"WinEventLog:Application","splunk_server":"hyo-g000.ts.johnnie","tag":"os\nwindows\nwindows_management","tag::eventtype":"os\nwindows\nwindows_management"}}
{"preview":true,"result":{"ComputerName":"christena.sherill.ad.sherill.uk","EventCode":"0002","EventType":"3","Keywords":"Classic","LogName":"Application","Message":"Security policies were propagated with warning. 0mi : The data is invalid.\r\n\r\nAdvanced help for this problem is available on http://support.jaqueline.com. Query for \"troubleshooting 0002 events\".","OpCode":"None","RecordNumber":"113521","SourceName":"KhoCvl","TaskCategory":"None","Type":"Warning","_raw":"03/01/0010 06:16:15 PM\nLogName=Application\nBfghbvNcbu=KhoCvl\nTnqamFsxr=0002\nEventType=3\nType=Warning\nComputerName=christena.sherill.ad.sherill.uk\nMvydNcrnwgcw=None\nOpCode=None\nMrsoicTjmcnk=113521\nKeywords=Classic\nMessage=Security policies were propagated with warning. 0mi : The data is invalid.\r\n\r\nAdvanced help for this problem is available on http://support.jaqueline.com. Query for \"troubleshooting 0002 events\".","_time":"2020-08-18T18:16:15.000-0400","dest":"christena.sherill.ad.sherill.uk","dvc":"christena","dvc_nt_host":"christena","event_id":"113521","eventtype":"winapp wineventlog_application wineventlog_common wineventlog_windows","host":"christena","id":"113521","index":"alejandrina","linecount":"14","punct":"//_::_\\r=\\r=\\r=\\r=\\r=\\r=....\\r=\\r=\\r=\\r=\\r=_____.__:____.\\r\\r\\r\\r","severity":"Warning","severity_id":"3","signature_id":"0002","source":"AleJandrIna:Application","sourcetype":"WinEventLog:Application","splunk_server":"hyo-k102.ts.johnnie","tag":"os\nwindows\nwindows_management","tag::eventtype":"os\nwindows\nwindows_management"}}
{"preview":true,"result":{"ComputerName":"christena.sherill.ad.sherill.uk","EventCode":"0002","EventType":"3","Keywords":"Classic","LogName":"Application","Message":"Security policies were propagated with warning. 0mi : The data is invalid.\r\n\r\nAdvanced help for this problem is available on http://support.jaqueline.com. Query for \"troubleshooting 0002 events\".","OpCode":"None","RecordNumber":"221033","SourceName":"KhoCvl","TaskCategory":"None","Type":"Warning","_raw":"03/01/0010 06:11:06 PM\nLogName=Application\nBfghbvNcbu=KhoCvl\nTnqamFsxr=0002\nEventType=3\nType=Warning\nComputerName=christena.sherill.ad.sherill.uk\nMvydNcrnwgcw=None\nOpCode=None\nMrsoicTjmcnk=221033\nKeywords=Classic\nMessage=Security policies were propagated with warning. 0mi : The data is invalid.\r\n\r\nAdvanced help for this problem is available on http://support.jaqueline.com. Query for \"troubleshooting 0002 events\".","_time":"2020-08-18T18:11:06.000-0400","dest":"christena.sherill.ad.sherill.uk","dvc":"christena","dvc_nt_host":"christena","event_id":"221033","eventtype":"winapp wineventlog_application wineventlog_common wineventlog_windows","host":"christena","id":"221033","index":"alejandrina","linecount":"14","punct":"//_::_\\r=\\r=\\r=\\r=\\r=\\r=....\\r=\\r=\\r=\\r=\\r=_____.__:____.\\r\\r\\r\\r","severity":"Warning","severity_id":"3","signature_id":"0002","source":"AleJandrIna:Application","sourcetype":"WinEventLog:Application","splunk_server":"hyo-k102.ts.johnnie","tag":"os\nwindows\nwindows_management","tag::eventtype":"os\nwindows\nwindows_management"}}
{"preview":true,"result":{"ComputerName":"christena.sherill.ad.sherill.uk","EventCode":"0002","EventType":"3","Keywords":"Classic","LogName":"Application","Message":"Security policies were propagated with warning. 0mi : The data is invalid.\r\n\r\nAdvanced help for this problem is available on http://support.jaqueline.com. Query for \"troubleshooting 0002 events\".","OpCode":"None","RecordNumber":"002614","SourceName":"KhoCvl","TaskCategory":"None","Type":"Warning","_raw":"03/01/0010 06:05:58 PM\nLogName=Application\nBfghbvNcbu=KhoCvl\nTnqamFsxr=0002\nEventType=3\nType=Warning\nComputerName=christena.sherill.ad.sherill.uk\nMvydNcrnwgcw=None\nOpCode=None\nMrsoicTjmcnk=002614\nKeywords=Classic\nMessage=Security policies were propagated with warning. 0mi : The data is invalid.\r\n\r\nAdvanced help for this problem is available on http://support.jaqueline.com. Query for \"troubleshooting 0002 events\".","_time":"2020-08-18T18:05:58.000-0400","dest":"christena.sherill.ad.sherill.uk","dvc":"christena","dvc_nt_host":"christena","event_id":"002614","eventtype":"winapp wineventlog_application wineventlog_common wineventlog_windows","host":"christena","id":"002614","index":"alejandrina","linecount":"14","punct":"//_::_\\r=\\r=\\r=\\r=\\r=\\r=....\\r=\\r=\\r=\\r=\\r=_____.__:____.\\r\\r\\r\\r","severity":"Warning","severity_id":"3","signature_id":"0002","source":"AleJandrIna:Application","sourcetype":"WinEventLog:Application","splunk_server":"hyo-g000.ts.johnnie","tag":"os\nwindows\nwindows_management","tag::eventtype":"os\nwindows\nwindows_management"}}
{"preview":true,"result":{"ComputerName":"christena.sherill.ad.sherill.uk","EventCode":"0002","EventType":"3","Keywords":"Classic","LogName":"Application","Message":"Security policies were propagated with warning. 0mi : The data is invalid.\r\n\r\nAdvanced help for this problem is available on http://support.jaqueline.com. Query for \"troubleshooting 0002 events\".","OpCode":"None","RecordNumber":"230002","SourceName":"KhoCvl","TaskCategory":"None","Type":"Warning","_raw":"03/01/0010 06:00:49 PM\nLogName=Application\nBfghbvNcbu=KhoCvl\nTnqamFsxr=0002\nEventType=3\nType=Warning\nComputerName=christena.sherill.ad.sherill.uk\nMvydNcrnwgcw=None\nOpCode=None\nMrsoicTjmcnk=230002\nKeywords=Classic\nMessage=Security policies were propagated with warning. 0mi : The data is invalid.\r\n\r\nAdvanced help for this problem is available on http://support.jaqueline.com. Query for \"troubleshooting 0002 events\".","_time":"2020-08-18T18:00:49.000-0400","dest":"christena.sherill.ad.sherill.uk","dvc":"christena","dvc_nt_host":"christena","event_id":"230002","eventtype":"winapp wineventlog_application wineventlog_common wineventlog_windows","host":"christena","id":"230002","index":"alejandrina","linecount":"14","punct":"//_::_\\r=\\r=\\r=\\r=\\r=\\r=....\\r=\\r=\\r=\\r=\\r=_____.__:____.\\r\\r\\r\\r","severity":"Warning","severity_id":"3","signature_id":"0002","source":"AleJandrIna:Application","sourcetype":"WinEventLog:Application","splunk_server":"hyo-g000.ts.johnnie","tag":"os\nwindows\nwindows_management","tag::eventtype":"os\nwindows\nwindows_management"}}
{"preview":true,"result":{"ComputerName":"CAP-Q032.sherill.o.arie","EventCode":"13104","EventType":"4","Keywords":"Classic","LogName":"Application","Message":"Successfully scheduled Software Protection service for re-start at 0010-08-11O11:00:06F. Reason: XsgjuCrsdoz.","OpCode":"The operation completed successfully.","RecordNumber":"11009","SourceName":"Jaqueline-Windows-Security-JIM","TaskCategory":"None","Type":"Information","_raw":"03/01/0010 05:56:26 PM\nLogName=Application\nBfghbvNcbu=Jaqueline-Windows-Security-JIM\nTnqamFsxr=13104\nEventType=4\nType=Information\nComputerName=CAP-Q032.sherill.o.arie\nMvydNcrnwgcw=None\nOpCode=The operation completed successfully.\nMrsoicTjmcnk=11009\nKeywords=Classic\nMessage=Successfully scheduled Software Protection service for re-start at 0010-08-11O11:45:06F. Reason: XsgjuCrsdoz.","_time":"2020-08-18T17:56:26.000-0400","dest":"CAP-Q032.sherill.o.arie","dvc":"CAP-Q032","dvc_nt_host":"CAP-Q032","event_id":"11009","eventtype":"winapp wineventlog_application wineventlog_common wineventlog_windows","host":"CAP-Q032","id":"11009","index":"alejandrina","linecount":"12","punct":"//_::_==---====-...==___.===______-__--::._:_.","severity":"Information","severity_id":"4","signature_id":"13104","source":"AleJandrIna:Application","sourcetype":"WinEventLog:Application","splunk_server":"HYO-G006","tag":"os\nwindows\nwindows_management","tag::eventtype":"os\nwindows\nwindows_management"}}
{"preview":true,"result":{"ComputerName":"CAP-Q032.sherill.o.arie","EventCode":"16383","EventType":"4","Keywords":"Classic","LogName":"Application","Message":"Corliss nathanael migration succeeded.","OpCode":"The operation completed successfully.","RecordNumber":"10100","SourceName":"Jaqueline-Windows-Security-JIM","TaskCategory":"None","Type":"Information","_raw":"03/01/0010 05:55:56 PM\nLogName=Application\nBfghbvNcbu=Jaqueline-Windows-Security-JIM\nTnqamFsxr=16383\nEventType=4\nType=Information\nComputerName=CAP-Q032.sherill.o.arie\nMvydNcrnwgcw=None\nOpCode=The operation completed successfully.\nMrsoicTjmcnk=10100\nKeywords=Classic\nMessage=Corliss nathanael migration succeeded.","_time":"2020-08-18T17:55:56.000-0400","dest":"CAP-Q032.sherill.o.arie","dvc":"CAP-Q032","dvc_nt_host":"CAP-Q032","event_id":"10100","eventtype":"winapp wineventlog_application wineventlog_common wineventlog_windows","host":"CAP-Q032","id":"10100","index":"alejandrina","linecount":"12","punct":"//_::_==---====-...==___.===___.","severity":"Information","severity_id":"4","signature_id":"16383","source":"AleJandrIna:Application","sourcetype":"WinEventLog:Application","splunk_server":"HYO-S125","tag":"os\nwindows\nwindows_management","tag::eventtype":"os\nwindows\nwindows_management"}}
{"preview":true,"result":{"ComputerName":"christena.sherill.ad.sherill.uk","EventCode":"0002","EventType":"3","Keywords":"Classic","LogName":"Application","Message":"Security policies were propagated with warning. 0mi : The data is invalid.\r\n\r\nAdvanced help for this problem is available on http://support.jaqueline.com. Query for \"troubleshooting 0002 events\".","OpCode":"None","RecordNumber":"142233","SourceName":"KhoCvl","TaskCategory":"None","Type":"Warning","_raw":"03/01/0010 05:55:41 PM\nLogName=Application\nBfghbvNcbu=KhoCvl\nTnqamFsxr=0002\nEventType=3\nType=Warning\nComputerName=christena.sherill.ad.sherill.uk\nMvydNcrnwgcw=None\nOpCode=None\nMrsoicTjmcnk=142233\nKeywords=Classic\nMessage=Security policies were propagated with warning. 0mi : The data is invalid.\r\n\r\nAdvanced help for this problem is available on http://support.jaqueline.com. Query for \"troubleshooting 0002 events\".","_time":"2020-08-18T17:55:41.000-0400","dest":"christena.sherill.ad.sherill.uk","dvc":"christena","dvc_nt_host":"christena","event_id":"142233","eventtype":"winapp wineventlog_application wineventlog_common wineventlog_windows","host":"christena","id":"142233","index":"alejandrina","linecount":"14","punct":"//_::_\\r=\\r=\\r=\\r=\\r=\\r=....\\r=\\r=\\r=\\r=\\r=_____.__:____.\\r\\r\\r\\r","severity":"Warning","severity_id":"3","signature_id":"0002","source":"AleJandrIna:Application","sourcetype":"WinEventLog:Application","splunk_server":"HYO-G006","tag":"os\nwindows\nwindows_management","tag::eventtype":"os\nwindows\nwindows_management"}}
{"preview":true,"result":{"ComputerName":"christena.sherill.ad.sherill.uk","EventCode":"0002","EventType":"3","Keywords":"Classic","LogName":"Application","Message":"Security policies were propagated with warning. 0mi : The data is invalid.\r\n\r\nAdvanced help for this problem is available on http://support.jaqueline.com. Query for \"troubleshooting 0002 events\".","OpCode":"None","RecordNumber":"253312","SourceName":"KhoCvl","TaskCategory":"None","Type":"Warning","_raw":"03/01/0010 05:50:32 PM\nLogName=Application\nBfghbvNcbu=KhoCvl\nTnqamFsxr=0002\nEventType=3\nType=Warning\nComputerName=christena.sherill.ad.sherill.uk\nMvydNcrnwgcw=None\nOpCode=None\nMrsoicTjmcnk=253312\nKeywords=Classic\nMessage=Security policies were propagated with warning. 0mi : The data is invalid.\r\n\r\nAdvanced help for this problem is available on http://support.jaqueline.com. Query for \"troubleshooting 0002 events\".","_time":"2020-08-18T17:50:32.000-0400","dest":"christena.sherill.ad.sherill.uk","dvc":"christena","dvc_nt_host":"christena","event_id":"253312","eventtype":"winapp wineventlog_application wineventlog_common wineventlog_windows","host":"christena","id":"253312","index":"alejandrina","linecount":"14","punct":"//_::_\\r=\\r=\\r=\\r=\\r=\\r=....\\r=\\r=\\r=\\r=\\r=_____.__:____.\\r\\r\\r\\r","severity":"Warning","severity_id":"3","signature_id":"0002","source":"AleJandrIna:Application","sourcetype":"WinEventLog:Application","splunk_server":"hyo-k102.ts.johnnie","tag":"os\nwindows\nwindows_management","tag::eventtype":"os\nwindows\nwindows_management"}}
{"preview":true,"result":{"ComputerName":"CAP-Q032.sherill.o.arie","EventCode":"13104","EventType":"4","Keywords":"Classic","LogName":"Application","Message":"Successfully scheduled Software Protection service for re-start at 0010-08-11O11:40:36T. Reason: XsgjuCrsdoz.","OpCode":"The operation completed successfully.","RecordNumber":"10106","SourceName":"Jaqueline-Windows-Security-JIM","TaskCategory":"None","Type":"Information","_raw":"03/01/0010 05:49:38 PM\nLogName=Application\nBfghbvNcbu=Jaqueline-Windows-Security-JIM\nTnqamFsxr=13104\nEventType=4\nType=Information\nComputerName=CAP-Q032.sherill.o.arie\nMvydNcrnwgcw=None\nOpCode=The operation completed successfully.\nMrsoicTjmcnk=10106\nKeywords=Classic\nMessage=Successfully scheduled Software Protection service for re-start at 0010-08-11O11:44:36T. Reason: XsgjuCrsdoz.","_time":"2020-08-18T17:49:38.000-0400","dest":"CAP-Q032.sherill.o.arie","dvc":"CAP-Q032","dvc_nt_host":"CAP-Q032","event_id":"10106","eventtype":"winapp wineventlog_application wineventlog_common wineventlog_windows","host":"CAP-Q032","id":"10106","index":"alejandrina","linecount":"12","punct":"//_::_==---====-...==___.===______-__--::._:_.","severity":"Information","severity_id":"4","signature_id":"13104","source":"AleJandrIna:Application","sourcetype":"WinEventLog:Application","splunk_server":"HYO-S125","tag":"os\nwindows\nwindows_management","tag::eventtype":"os\nwindows\nwindows_management"}}
{"preview":true,"result":{"ComputerName":"CAP-Q032.sherill.o.arie","EventCode":"16383","EventType":"4","Keywords":"Classic","LogName":"Application","Message":"Corliss nathanael migration succeeded.","OpCode":"The operation completed successfully.","RecordNumber":"10105","SourceName":"Jaqueline-Windows-Security-JIM","TaskCategory":"None","Type":"Information","_raw":"03/01/0010 05:49:07 PM\nLogName=Application\nBfghbvNcbu=Jaqueline-Windows-Security-JIM\nTnqamFsxr=16383\nEventType=4\nType=Information\nComputerName=CAP-Q032.sherill.o.arie\nMvydNcrnwgcw=None\nOpCode=The operation completed successfully.\nMrsoicTjmcnk=10105\nKeywords=Classic\nMessage=Corliss nathanael migration succeeded.","_time":"2020-08-18T17:49:07.000-0400","dest":"CAP-Q032.sherill.o.arie","dvc":"CAP-Q032","dvc_nt_host":"CAP-Q032","event_id":"10105","eventtype":"winapp wineventlog_application wineventlog_common wineventlog_windows","host":"CAP-Q032","id":"10105","index":"alejandrina","linecount":"12","punct":"//_::_==---====-...==___.===___.","severity":"Information","severity_id":"4","signature_id":"16383","source":"AleJandrIna:Application","sourcetype":"WinEventLog:Application","splunk_server":"hyo-k102.ts.johnnie","tag":"os\nwindows\nwindows_management","tag::eventtype":"os\nwindows\nwindows_management"}}
{"preview":true,"result":{"ComputerName":"christena.sherill.ad.sherill.uk","EventCode":"0002","EventType":"3","Keywords":"Classic","LogName":"Application","Message":"Security policies were propagated with warning. 0mi : The data is invalid.\r\n\r\nAdvanced help for this problem is available on http://support.jaqueline.com. Query for \"troubleshooting 0002 events\".","OpCode":"None","RecordNumber":"233102","SourceName":"KhoCvl","TaskCategory":"None","Type":"Warning","_raw":"03/01/0010 05:45:24 PM\nLogName=Application\nBfghbvNcbu=KhoCvl\nTnqamFsxr=0002\nEventType=3\nType=Warning\nComputerName=christena.sherill.ad.sherill.uk\nMvydNcrnwgcw=None\nOpCode=None\nMrsoicTjmcnk=233102\nKeywords=Classic\nMessage=Security policies were propagated with warning. 0mi : The data is invalid.\r\n\r\nAdvanced help for this problem is available on http://support.jaqueline.com. Query for \"troubleshooting 0002 events\".","_time":"2020-08-18T17:45:24.000-0400","dest":"christena.sherill.ad.sherill.uk","dvc":"christena","dvc_nt_host":"christena","event_id":"233102","eventtype":"winapp wineventlog_application wineventlog_common wineventlog_windows","host":"christena","id":"233102","index":"alejandrina","linecount":"14","punct":"//_::_\\r=\\r=\\r=\\r=\\r=\\r=....\\r=\\r=\\r=\\r=\\r=_____.__:____.\\r\\r\\r\\r","severity":"Warning","severity_id":"3","signature_id":"0002","source":"AleJandrIna:Application","sourcetype":"WinEventLog:Application","splunk_server":"HYO-G006","tag":"os\nwindows\nwindows_management","tag::eventtype":"os\nwindows\nwindows_management"}}
{"preview":true,"result":{"ComputerName":"christena.sherill.ad.sherill.uk","EventCode":"0002","EventType":"3","Keywords":"Classic","LogName":"Application","Message":"Security policies were propagated with warning. 0mi : The data is invalid.\r\n\r\nAdvanced help for this problem is available on http://support.jaqueline.com. Query for \"troubleshooting 0002 events\".","OpCode":"None","RecordNumber":"032300","SourceName":"KhoCvl","TaskCategory":"None","Type":"Warning","_raw":"03/01/0010 05:40:16 PM\nLogName=Application\nBfghbvNcbu=KhoCvl\nTnqamFsxr=0002\nEventType=3\nType=Warning\nComputerName=christena.sherill.ad.sherill.uk\nMvydNcrnwgcw=None\nOpCode=None\nMrsoicTjmcnk=032300\nKeywords=Classic\nMessage=Security policies were propagated with warning. 0mi : The data is invalid.\r\n\r\nAdvanced help for this problem is available on http://support.jaqueline.com. Query for \"troubleshooting 0002 events\".","_time":"2020-08-18T17:40:16.000-0400","dest":"christena.sherill.ad.sherill.uk","dvc":"christena","dvc_nt_host":"christena","event_id":"032300","eventtype":"winapp wineventlog_application wineventlog_common wineventlog_windows","host":"christena","id":"032300","index":"alejandrina","linecount":"14","punct":"//_::_\\r=\\r=\\r=\\r=\\r=\\r=....\\r=\\r=\\r=\\r=\\r=_____.__:____.\\r\\r\\r\\r","severity":"Warning","severity_id":"3","signature_id":"0002","source":"AleJandrIna:Application","sourcetype":"WinEventLog:Application","splunk_server":"HYO-G006","tag":"os\nwindows\nwindows_management","tag::eventtype":"os\nwindows\nwindows_management"}}
{"preview":true,"result":{"ComputerName":"christena.sherill.ad.sherill.uk","EventCode":"0002","EventType":"3","Keywords":"Classic","LogName":"Application","Message":"Security policies were propagated with warning. 0mi : The data is invalid.\r\n\r\nAdvanced help for this problem is available on http://support.jaqueline.com. Query for \"troubleshooting 0002 events\".","OpCode":"None","RecordNumber":"030310","SourceName":"KhoCvl","TaskCategory":"None","Type":"Warning","_raw":"03/01/0010 05:35:07 PM\nLogName=Application\nBfghbvNcbu=KhoCvl\nTnqamFsxr=0002\nEventType=3\nType=Warning\nComputerName=christena.sherill.ad.sherill.uk\nMvydNcrnwgcw=None\nOpCode=None\nMrsoicTjmcnk=030310\nKeywords=Classic\nMessage=Security policies were propagated with warning. 0mi : The data is invalid.\r\n\r\nAdvanced help for this problem is available on http://support.jaqueline.com. Query for \"troubleshooting 0002 events\".","_time":"2020-08-18T17:35:07.000-0400","dest":"christena.sherill.ad.sherill.uk","dvc":"christena","dvc_nt_host":"christena","event_id":"030310","eventtype":"winapp wineventlog_application wineventlog_common wineventlog_windows","host":"christena","id":"030310","index":"alejandrina","linecount":"14","punct":"//_::_\\r=\\r=\\r=\\r=\\r=\\r=....\\r=\\r=\\r=\\r=\\r=_____.__:____.\\r\\r\\r\\r","severity":"Warning","severity_id":"3","signature_id":"0002","source":"AleJandrIna:Application","sourcetype":"WinEventLog:Application","splunk_server":"HYO-S125","tag":"os\nwindows\nwindows_management","tag::eventtype":"os\nwindows\nwindows_management"}}
{"preview":true,"result":{"ComputerName":"christena.sherill.ad.sherill.uk","EventCode":"0002","EventType":"3","Keywords":"Classic","LogName":"Application","Message":"Security policies were propagated with warning. 0mi : The data is invalid.\r\n\r\nAdvanced help for this problem is available on http://support.jaqueline.com. Query for \"troubleshooting 0002 events\".","OpCode":"None","RecordNumber":"013623","SourceName":"KhoCvl","TaskCategory":"None","Type":"Warning","_raw":"03/01/0010 05:29:59 PM\nLogName=Application\nBfghbvNcbu=KhoCvl\nTnqamFsxr=0002\nEventType=3\nType=Warning\nComputerName=christena.sherill.ad.sherill.uk\nMvydNcrnwgcw=None\nOpCode=None\nMrsoicTjmcnk=013623\nKeywords=Classic\nMessage=Security policies were propagated with warning. 0mi : The data is invalid.\r\n\r\nAdvanced help for this problem is available on http://support.jaqueline.com. Query for \"troubleshooting 0002 events\".","_time":"2020-08-18T17:29:59.000-0400","dest":"christena.sherill.ad.sherill.uk","dvc":"christena","dvc_nt_host":"christena","event_id":"013623","eventtype":"winapp wineventlog_application wineventlog_common wineventlog_windows","host":"christena","id":"013623","index":"alejandrina","linecount":"14","punct":"//_::_\\r=\\r=\\r=\\r=\\r=\\r=....\\r=\\r=\\r=\\r=\\r=_____.__:____.\\r\\r\\r\\r","severity":"Warning","severity_id":"3","signature_id":"0002","source":"AleJandrIna:Application","sourcetype":"WinEventLog:Application","splunk_server":"HYO-S125","tag":"os\nwindows\nwindows_management","tag::eventtype":"os\nwindows\nwindows_management"}}
{"preview":true,"result":{"ComputerName":"christena.sherill.ad.sherill.uk","EventCode":"0002","EventType":"3","Keywords":"Classic","LogName":"Application","Message":"Security policies were propagated with warning. 0mi : The data is invalid.\r\n\r\nAdvanced help for this problem is available on http://support.jaqueline.com. Query for \"troubleshooting 0002 events\".","OpCode":"None","RecordNumber":"111505","SourceName":"KhoCvl","TaskCategory":"None","Type":"Warning","_raw":"03/01/0010 05:24:51 PM\nLogName=Application\nBfghbvNcbu=KhoCvl\nTnqamFsxr=0002\nEventType=3\nType=Warning\nComputerName=christena.sherill.ad.sherill.uk\nMvydNcrnwgcw=None\nOpCode=None\nMrsoicTjmcnk=111505\nKeywords=Classic\nMessage=Security policies were propagated with warning. 0mi : The data is invalid.\r\n\r\nAdvanced help for this problem is available on http://support.jaqueline.com. Query for \"troubleshooting 0002 events\".","_time":"2020-08-18T17:24:51.000-0400","dest":"christena.sherill.ad.sherill.uk","dvc":"christena","dvc_nt_host":"christena","event_id":"111505","eventtype":"winapp wineventlog_application wineventlog_common wineventlog_windows","host":"christena","id":"111505","index":"alejandrina","linecount":"14","punct":"//_::_\\r=\\r=\\r=\\r=\\r=\\r=....\\r=\\r=\\r=\\r=\\r=_____.__:____.\\r\\r\\r\\r","severity":"Warning","severity_id":"3","signature_id":"0002","source":"AleJandrIna:Application","sourcetype":"WinEventLog:Application","splunk_server":"hyo-g000.ts.johnnie","tag":"os\nwindows\nwindows_management","tag::eventtype":"os\nwindows\nwindows_management"}}
{"preview":true,"result":{"ComputerName":"christena.sherill.ad.sherill.uk","EventCode":"0002","EventType":"3","Keywords":"Classic","LogName":"Application","Message":"Security policies were propagated with warning. 0mi : The data is invalid.\r\n\r\nAdvanced help for this problem is available on http://support.jaqueline.com. Query for \"troubleshooting 0002 events\".","OpCode":"None","RecordNumber":"112107","SourceName":"KhoCvl","TaskCategory":"None","Type":"Warning","_raw":"03/01/0010 05:19:42 PM\nLogName=Application\nBfghbvNcbu=KhoCvl\nTnqamFsxr=0002\nEventType=3\nType=Warning\nComputerName=christena.sherill.ad.sherill.uk\nMvydNcrnwgcw=None\nOpCode=None\nMrsoicTjmcnk=112107\nKeywords=Classic\nMessage=Security policies were propagated with warning. 0mi : The data is invalid.\r\n\r\nAdvanced help for this problem is available on http://support.jaqueline.com. Query for \"troubleshooting 0002 events\".","_time":"2020-08-18T17:19:42.000-0400","dest":"christena.sherill.ad.sherill.uk","dvc":"christena","dvc_nt_host":"christena","event_id":"112107","eventtype":"winapp wineventlog_application wineventlog_common wineventlog_windows","host":"christena","id":"112107","index":"alejandrina","linecount":"14","punct":"//_::_\\r=\\r=\\r=\\r=\\r=\\r=....\\r=\\r=\\r=\\r=\\r=_____.__:____.\\r\\r\\r\\r","severity":"Warning","severity_id":"3","signature_id":"0002","source":"AleJandrIna:Application","sourcetype":"WinEventLog:Application","splunk_server":"HYO-G006","tag":"os\nwindows\nwindows_management","tag::eventtype":"os\nwindows\nwindows_management"}}
{"preview":true,"result":{"ComputerName":"christena.sherill.ad.sherill.uk","EventCode":"0002","EventType":"3","Keywords":"Classic","LogName":"Application","Message":"Security policies were propagated with warning. 0mi : The data is invalid.\r\n\r\nAdvanced help for this problem is available on http://support.jaqueline.com. Query for \"troubleshooting 0002 events\".","OpCode":"None","RecordNumber":"140402","SourceName":"KhoCvl","TaskCategory":"None","Type":"Warning","_raw":"03/01/0010 05:14:34 PM\nLogName=Application\nBfghbvNcbu=KhoCvl\nTnqamFsxr=0002\nEventType=3\nType=Warning\nComputerName=christena.sherill.ad.sherill.uk\nMvydNcrnwgcw=None\nOpCode=None\nMrsoicTjmcnk=140402\nKeywords=Classic\nMessage=Security policies were propagated with warning. 0mi : The data is invalid.\r\n\r\nAdvanced help for this problem is available on http://support.jaqueline.com. Query for \"troubleshooting 0002 events\".","_time":"2020-08-18T17:14:34.000-0400","dest":"christena.sherill.ad.sherill.uk","dvc":"christena","dvc_nt_host":"christena","event_id":"140402","eventtype":"winapp wineventlog_application wineventlog_common wineventlog_windows","host":"christena","id":"140402","index":"alejandrina","linecount":"14","punct":"//_::_\\r=\\r=\\r=\\r=\\r=\\r=....\\r=\\r=\\r=\\r=\\r=_____.__:____.\\r\\r\\r\\r","severity":"Warning","severity_id":"3","signature_id":"0002","source":"AleJandrIna:Application","sourcetype":"WinEventLog:Application","splunk_server":"hyo-g000.ts.johnnie","tag":"os\nwindows\nwindows_management","tag::eventtype":"os\nwindows\nwindows_management"}}
{"preview":true,"result":{"ComputerName":"christena.sherill.ad.sherill.uk","EventCode":"0002","EventType":"3","Keywords":"Classic","LogName":"Application","Message":"Security policies were propagated with warning. 0mi : The data is invalid.\r\n\r\nAdvanced help for this problem is available on http://support.jaqueline.com. Query for \"troubleshooting 0002 events\".","OpCode":"None","RecordNumber":"012202","SourceName":"KhoCvl","TaskCategory":"None","Type":"Warning","_raw":"03/01/0010 05:09:26 PM\nLogName=Application\nBfghbvNcbu=KhoCvl\nTnqamFsxr=0002\nEventType=3\nType=Warning\nComputerName=christena.sherill.ad.sherill.uk\nMvydNcrnwgcw=None\nOpCode=None\nMrsoicTjmcnk=012202\nKeywords=Classic\nMessage=Security policies were propagated with warning. 0mi : The data is invalid.\r\n\r\nAdvanced help for this problem is available on http://support.jaqueline.com. Query for \"troubleshooting 0002 events\".","_time":"2020-08-18T17:09:26.000-0400","dest":"christena.sherill.ad.sherill.uk","dvc":"christena","dvc_nt_host":"christena","event_id":"012202","eventtype":"winapp wineventlog_application wineventlog_common wineventlog_windows","host":"christena","id":"012202","index":"alejandrina","linecount":"14","punct":"//_::_\\r=\\r=\\r=\\r=\\r=\\r=....\\r=\\r=\\r=\\r=\\r=_____.__:____.\\r\\r\\r\\r","severity":"Warning","severity_id":"3","signature_id":"0002","source":"AleJandrIna:Application","sourcetype":"WinEventLog:Application","splunk_server":"HYO-S125","tag":"os\nwindows\nwindows_management","tag::eventtype":"os\nwindows\nwindows_management"}}
{"preview":true,"result":{"ComputerName":"christena.sherill.ad.sherill.uk","EventCode":"0002","EventType":"3","Keywords":"Classic","LogName":"Application","Message":"Security policies were propagated with warning. 0mi : The data is invalid.\r\n\r\nAdvanced help for this problem is available on http://support.jaqueline.com. Query for \"troubleshooting 0002 events\".","OpCode":"None","RecordNumber":"215204","SourceName":"KhoCvl","TaskCategory":"None","Type":"Warning","_raw":"03/01/0010 05:04:18 PM\nLogName=Application\nBfghbvNcbu=KhoCvl\nTnqamFsxr=0002\nEventType=3\nType=Warning\nComputerName=christena.sherill.ad.sherill.uk\nMvydNcrnwgcw=None\nOpCode=None\nMrsoicTjmcnk=215204\nKeywords=Classic\nMessage=Security policies were propagated with warning. 0mi : The data is invalid.\r\n\r\nAdvanced help for this problem is available on http://support.jaqueline.com. Query for \"troubleshooting 0002 events\".","_time":"2020-08-18T17:04:18.000-0400","dest":"christena.sherill.ad.sherill.uk","dvc":"christena","dvc_nt_host":"christena","event_id":"215204","eventtype":"winapp wineventlog_application wineventlog_common wineventlog_windows","host":"christena","id":"215204","index":"alejandrina","linecount":"14","punct":"//_::_\\r=\\r=\\r=\\r=\\r=\\r=....\\r=\\r=\\r=\\r=\\r=_____.__:____.\\r\\r\\r\\r","severity":"Warning","severity_id":"3","signature_id":"0002","source":"AleJandrIna:Application","sourcetype":"WinEventLog:Application","splunk_server":"HYO-S125","tag":"os\nwindows\nwindows_management","tag::eventtype":"os\nwindows\nwindows_management"}}
{"preview":true,"result":{"ComputerName":"christena.sherill.ad.sherill.uk","EventCode":"0002","EventType":"3","Keywords":"Classic","LogName":"Application","Message":"Security policies were propagated with warning. 0mi : The data is invalid.\r\n\r\nAdvanced help for this problem is available on http://support.jaqueline.com. Query for \"troubleshooting 0002 events\".","OpCode":"None","RecordNumber":"034523","SourceName":"KhoCvl","TaskCategory":"None","Type":"Warning","_raw":"03/01/0010 04:59:09 PM\nLogName=Application\nBfghbvNcbu=KhoCvl\nTnqamFsxr=0002\nEventType=3\nType=Warning\nComputerName=christena.sherill.ad.sherill.uk\nMvydNcrnwgcw=None\nOpCode=None\nMrsoicTjmcnk=034523\nKeywords=Classic\nMessage=Security policies were propagated with warning. 0mi : The data is invalid.\r\n\r\nAdvanced help for this problem is available on http://support.jaqueline.com. Query for \"troubleshooting 0002 events\".","_time":"2020-08-18T16:59:09.000-0400","dest":"christena.sherill.ad.sherill.uk","dvc":"christena","dvc_nt_host":"christena","event_id":"034523","eventtype":"winapp wineventlog_application wineventlog_common wineventlog_windows","host":"christena","id":"034523","index":"alejandrina","linecount":"14","punct":"//_::_\\r=\\r=\\r=\\r=\\r=\\r=....\\r=\\r=\\r=\\r=\\r=_____.__:____.\\r\\r\\r\\r","severity":"Warning","severity_id":"3","signature_id":"0002","source":"AleJandrIna:Application","sourcetype":"WinEventLog:Application","splunk_server":"hyo-k102.ts.johnnie","tag":"os\nwindows\nwindows_management","tag::eventtype":"os\nwindows\nwindows_management"}}
{"preview":true,"result":{"ComputerName":"christena.sherill.ad.sherill.uk","EventCode":"0002","EventType":"3","Keywords":"Classic","LogName":"Application","Message":"Security policies were propagated with warning. 0mi : The data is invalid.\r\n\r\nAdvanced help for this problem is available on http://support.jaqueline.com. Query for \"troubleshooting 0002 events\".","OpCode":"None","RecordNumber":"011610","SourceName":"KhoCvl","TaskCategory":"None","Type":"Warning","_raw":"03/01/0010 04:54:01 PM\nLogName=Application\nBfghbvNcbu=KhoCvl\nTnqamFsxr=0002\nEventType=3\nType=Warning\nComputerName=christena.sherill.ad.sherill.uk\nMvydNcrnwgcw=None\nOpCode=None\nMrsoicTjmcnk=011610\nKeywords=Classic\nMessage=Security policies were propagated with warning. 0mi : The data is invalid.\r\n\r\nAdvanced help for this problem is available on http://support.jaqueline.com. Query for \"troubleshooting 0002 events\".","_time":"2020-08-18T16:54:01.000-0400","dest":"christena.sherill.ad.sherill.uk","dvc":"christena","dvc_nt_host":"christena","event_id":"011610","eventtype":"winapp wineventlog_application wineventlog_common wineventlog_windows","host":"christena","id":"011610","index":"alejandrina","linecount":"14","punct":"//_::_\\r=\\r=\\r=\\r=\\r=\\r=....\\r=\\r=\\r=\\r=\\r=_____.__:____.\\r\\r\\r\\r","severity":"Warning","severity_id":"3","signature_id":"0002","source":"AleJandrIna:Application","sourcetype":"WinEventLog:Application","splunk_server":"HYO-S125","tag":"os\nwindows\nwindows_management","tag::eventtype":"os\nwindows\nwindows_management"}}
{"preview":true,"result":{"ComputerName":"christena.sherill.ad.sherill.uk","EventCode":"0002","EventType":"3","Keywords":"Classic","LogName":"Application","Message":"Security policies were propagated with warning. 0mi : The data is invalid.\r\n\r\nAdvanced help for this problem is available on http://support.jaqueline.com. Query for \"troubleshooting 0002 events\".","OpCode":"None","RecordNumber":"134020","SourceName":"KhoCvl","TaskCategory":"None","Type":"Warning","_raw":"03/01/0010 04:48:52 PM\nLogName=Application\nBfghbvNcbu=KhoCvl\nTnqamFsxr=0002\nEventType=3\nType=Warning\nComputerName=christena.sherill.ad.sherill.uk\nMvydNcrnwgcw=None\nOpCode=None\nMrsoicTjmcnk=134020\nKeywords=Classic\nMessage=Security policies were propagated with warning. 0mi : The data is invalid.\r\n\r\nAdvanced help for this problem is available on http://support.jaqueline.com. Query for \"troubleshooting 0002 events\".","_time":"2020-08-18T16:48:52.000-0400","dest":"christena.sherill.ad.sherill.uk","dvc":"christena","dvc_nt_host":"christena","event_id":"134020","eventtype":"winapp wineventlog_application wineventlog_common wineventlog_windows","host":"christena","id":"134020","index":"alejandrina","linecount":"14","punct":"//_::_\\r=\\r=\\r=\\r=\\r=\\r=....\\r=\\r=\\r=\\r=\\r=_____.__:____.\\r\\r\\r\\r","severity":"Warning","severity_id":"3","signature_id":"0002","source":"AleJandrIna:Application","sourcetype":"WinEventLog:Application","splunk_server":"hyo-k102.ts.johnnie","tag":"os\nwindows\nwindows_management","tag::eventtype":"os\nwindows\nwindows_management"}}
{"preview":true,"result":{"ComputerName":"christena.sherill.ad.sherill.uk","EventCode":"0002","EventType":"3","Keywords":"Classic","LogName":"Application","Message":"Security policies were propagated with warning. 0mi : The data is invalid.\r\n\r\nAdvanced help for this problem is available on http://support.jaqueline.com. Query for \"troubleshooting 0002 events\".","OpCode":"None","RecordNumber":"150620","SourceName":"KhoCvl","TaskCategory":"None","Type":"Warning","_raw":"03/01/0010 04:43:44 PM\nLogName=Application\nBfghbvNcbu=KhoCvl\nTnqamFsxr=0002\nEventType=3\nType=Warning\nComputerName=christena.sherill.ad.sherill.uk\nMvydNcrnwgcw=None\nOpCode=None\nMrsoicTjmcnk=150620\nKeywords=Classic\nMessage=Security policies were propagated with warning. 0mi : The data is invalid.\r\n\r\nAdvanced help for this problem is available on http://support.jaqueline.com. Query for \"troubleshooting 0002 events\".","_time":"2020-08-18T16:43:44.000-0400","dest":"christena.sherill.ad.sherill.uk","dvc":"christena","dvc_nt_host":"christena","event_id":"150620","eventtype":"winapp wineventlog_application wineventlog_common wineventlog_windows","host":"christena","id":"150620","index":"alejandrina","linecount":"14","punct":"//_::_\\r=\\r=\\r=\\r=\\r=\\r=....\\r=\\r=\\r=\\r=\\r=_____.__:____.\\r\\r\\r\\r","severity":"Warning","severity_id":"3","signature_id":"0002","source":"AleJandrIna:Application","sourcetype":"WinEventLog:Application","splunk_server":"hyo-k102.ts.johnnie","tag":"os\nwindows\nwindows_management","tag::eventtype":"os\nwindows\nwindows_management"}}
{"preview":true,"result":{"ComputerName":"christena.sherill.ad.sherill.uk","EventCode":"0002","EventType":"3","Keywords":"Classic","LogName":"Application","Message":"Security policies were propagated with warning. 0mi : The data is invalid.\r\n\r\nAdvanced help for this problem is available on http://support.jaqueline.com. Query for \"troubleshooting 0002 events\".","OpCode":"None","RecordNumber":"233408","SourceName":"KhoCvl","TaskCategory":"None","Type":"Warning","_raw":"03/01/0010 04:38:36 PM\nLogName=Application\nBfghbvNcbu=KhoCvl\nTnqamFsxr=0002\nEventType=3\nType=Warning\nComputerName=christena.sherill.ad.sherill.uk\nMvydNcrnwgcw=None\nOpCode=None\nMrsoicTjmcnk=233408\nKeywords=Classic\nMessage=Security policies were propagated with warning. 0mi : The data is invalid.\r\n\r\nAdvanced help for this problem is available on http://support.jaqueline.com. Query for \"troubleshooting 0002 events\".","_time":"2020-08-18T16:38:36.000-0400","dest":"christena.sherill.ad.sherill.uk","dvc":"christena","dvc_nt_host":"christena","event_id":"233408","eventtype":"winapp wineventlog_application wineventlog_common wineventlog_windows","host":"christena","id":"233408","index":"alejandrina","linecount":"14","punct":"//_::_\\r=\\r=\\r=\\r=\\r=\\r=....\\r=\\r=\\r=\\r=\\r=_____.__:____.\\r\\r\\r\\r","severity":"Warning","severity_id":"3","signature_id":"0002","source":"AleJandrIna:Application","sourcetype":"WinEventLog:Application","splunk_server":"hyo-g000.ts.johnnie","tag":"os\nwindows\nwindows_management","tag::eventtype":"os\nwindows\nwindows_management"}}
{"preview":true,"result":{"ComputerName":"christena.sherill.ad.sherill.uk","EventCode":"0002","EventType":"3","Keywords":"Classic","LogName":"Application","Message":"Security policies were propagated with warning. 0mi : The data is invalid.\r\n\r\nAdvanced help for this problem is available on http://support.jaqueline.com. Query for \"troubleshooting 0002 events\".","OpCode":"None","RecordNumber":"254613","SourceName":"KhoCvl","TaskCategory":"None","Type":"Warning","_raw":"03/01/0010 04:33:28 PM\nLogName=Application\nBfghbvNcbu=KhoCvl\nTnqamFsxr=0002\nEventType=3\nType=Warning\nComputerName=christena.sherill.ad.sherill.uk\nMvydNcrnwgcw=None\nOpCode=None\nMrsoicTjmcnk=254613\nKeywords=Classic\nMessage=Security policies were propagated with warning. 0mi : The data is invalid.\r\n\r\nAdvanced help for this problem is available on http://support.jaqueline.com. Query for \"troubleshooting 0002 events\".","_time":"2020-08-18T16:33:28.000-0400","dest":"christena.sherill.ad.sherill.uk","dvc":"christena","dvc_nt_host":"christena","event_id":"254613","eventtype":"winapp wineventlog_application wineventlog_common wineventlog_windows","host":"christena","id":"254613","index":"alejandrina","linecount":"14","punct":"//_::_\\r=\\r=\\r=\\r=\\r=\\r=....\\r=\\r=\\r=\\r=\\r=_____.__:____.\\r\\r\\r\\r","severity":"Warning","severity_id":"3","signature_id":"0002","source":"AleJandrIna:Application","sourcetype":"WinEventLog:Application","splunk_server":"HYO-G006","tag":"os\nwindows\nwindows_management","tag::eventtype":"os\nwindows\nwindows_management"}}
{"preview":true,"result":{"ComputerName":"christena.sherill.ad.sherill.uk","EventCode":"0002","EventType":"3","Keywords":"Classic","LogName":"Application","Message":"Security policies were propagated with warning. 0mi : The data is invalid.\r\n\r\nAdvanced help for this problem is available on http://support.jaqueline.com. Query for \"troubleshooting 0002 events\".","OpCode":"None","RecordNumber":"113005","SourceName":"KhoCvl","TaskCategory":"None","Type":"Warning","_raw":"03/01/0010 04:28:19 PM\nLogName=Application\nBfghbvNcbu=KhoCvl\nTnqamFsxr=0002\nEventType=3\nType=Warning\nComputerName=christena.sherill.ad.sherill.uk\nMvydNcrnwgcw=None\nOpCode=None\nMrsoicTjmcnk=113005\nKeywords=Classic\nMessage=Security policies were propagated with warning. 0mi : The data is invalid.\r\n\r\nAdvanced help for this problem is available on http://support.jaqueline.com. Query for \"troubleshooting 0002 events\".","_time":"2020-08-18T16:28:19.000-0400","dest":"christena.sherill.ad.sherill.uk","dvc":"christena","dvc_nt_host":"christena","event_id":"113005","eventtype":"winapp wineventlog_application wineventlog_common wineventlog_windows","host":"christena","id":"113005","index":"alejandrina","linecount":"14","punct":"//_::_\\r=\\r=\\r=\\r=\\r=\\r=....\\r=\\r=\\r=\\r=\\r=_____.__:____.\\r\\r\\r\\r","severity":"Warning","severity_id":"3","signature_id":"0002","source":"AleJandrIna:Application","sourcetype":"WinEventLog:Application","splunk_server":"hyo-g000.ts.johnnie","tag":"os\nwindows\nwindows_management","tag::eventtype":"os\nwindows\nwindows_management"}}
{"preview":true,"result":{"ComputerName":"christena.sherill.ad.sherill.uk","EventCode":"0002","EventType":"3","Keywords":"Classic","LogName":"Application","Message":"Security policies were propagated with warning. 0mi : The data is invalid.\r\n\r\nAdvanced help for this problem is available on http://support.jaqueline.com. Query for \"troubleshooting 0002 events\".","OpCode":"None","RecordNumber":"143106","SourceName":"KhoCvl","TaskCategory":"None","Type":"Warning","_raw":"03/01/0010 04:23:11 PM\nLogName=Application\nBfghbvNcbu=KhoCvl\nTnqamFsxr=0002\nEventType=3\nType=Warning\nComputerName=christena.sherill.ad.sherill.uk\nMvydNcrnwgcw=None\nOpCode=None\nMrsoicTjmcnk=143106\nKeywords=Classic\nMessage=Security policies were propagated with warning. 0mi : The data is invalid.\r\n\r\nAdvanced help for this problem is available on http://support.jaqueline.com. Query for \"troubleshooting 0002 events\".","_time":"2020-08-18T16:23:11.000-0400","dest":"christena.sherill.ad.sherill.uk","dvc":"christena","dvc_nt_host":"christena","event_id":"143106","eventtype":"winapp wineventlog_application wineventlog_common wineventlog_windows","host":"christena","id":"143106","index":"alejandrina","linecount":"14","punct":"//_::_\\r=\\r=\\r=\\r=\\r=\\r=....\\r=\\r=\\r=\\r=\\r=_____.__:____.\\r\\r\\r\\r","severity":"Warning","severity_id":"3","signature_id":"0002","source":"AleJandrIna:Application","sourcetype":"WinEventLog:Application","splunk_server":"hyo-g000.ts.johnnie","tag":"os\nwindows\nwindows_management","tag::eventtype":"os\nwindows\nwindows_management"}}
