{"preview":true,"result":{"ComputerName":"catherine.rebekah.ad.rebekah.fi","EventCode":"1000","EventType":"3","Keywords":"Classic","LogName":"Application","Message":"Security policies were propagated with warning. 0nf : The data is invalid.\r\n\r\nAdvanced help for this problem is available on http://support.hannelore.com. Query for \"troubleshooting 1000 events\".","OpCode":"None","RecordNumber":"151300","SourceName":"HssJbm","TaskCategory":"None","Type":"Warning","_raw":"00/00/0010 01:05:24 PM\nLogName=Application\nNbcjldEuuh=HssJbm\nZxjruJwks=1000\nEventType=3\nType=Warning\nComputerName=catherine.rebekah.ad.rebekah.fi\nWmvzDqlubluk=None\nOpCode=None\nEipevqKbqtoi=151300\nKeywords=Classic\nMessage=Security policies were propagated with warning. 0nf : The data is invalid.\r\n\r\nAdvanced help for this problem is available on http://support.hannelore.com. Query for \"troubleshooting 1000 events\".","_time":"2020-10-17T13:05:24.000-0400","dest":"catherine.rebekah.ad.rebekah.fi","dvc":"catherine","dvc_nt_host":"catherine","event_id":"151300","eventtype":"winapp wineventlog_application wineventlog_common wineventlog_windows","host":"catherine","id":"151300","index":"providencia","linecount":"14","punct":"//_::_\\r=\\r=\\r=\\r=\\r=\\r=....\\r=\\r=\\r=\\r=\\r=_____.__:____.\\r\\r\\r\\r","severity":"Warning","severity_id":"3","signature_id":"1000","source":"ProVidenCia:Application","sourcetype":"WinEventLog:Application","splunk_server":"isa-l004.bm.kamilah","tag":"os\nwindows\nwindows_management","tag::eventtype":"os\nwindows\nwindows_management"}}
{"preview":true,"result":{"ComputerName":"catherine.rebekah.ad.rebekah.fi","EventCode":"1000","EventType":"3","Keywords":"Classic","LogName":"Application","Message":"Security policies were propagated with warning. 0nf : The data is invalid.\r\n\r\nAdvanced help for this problem is available on http://support.hannelore.com. Query for \"troubleshooting 1000 events\".","OpCode":"None","RecordNumber":"211016","SourceName":"HssJbm","TaskCategory":"None","Type":"Warning","_raw":"00/00/0010 12:44:58 PM\nLogName=Application\nNbcjldEuuh=HssJbm\nZxjruJwks=1000\nEventType=3\nType=Warning\nComputerName=catherine.rebekah.ad.rebekah.fi\nWmvzDqlubluk=None\nOpCode=None\nEipevqKbqtoi=211016\nKeywords=Classic\nMessage=Security policies were propagated with warning. 0nf : The data is invalid.\r\n\r\nAdvanced help for this problem is available on http://support.hannelore.com. Query for \"troubleshooting 1000 events\".","_time":"2020-10-17T12:44:58.000-0400","dest":"catherine.rebekah.ad.rebekah.fi","dvc":"catherine","dvc_nt_host":"catherine","event_id":"211016","eventtype":"winapp wineventlog_application wineventlog_common wineventlog_windows","host":"catherine","id":"211016","index":"providencia","linecount":"14","punct":"//_::_\\r=\\r=\\r=\\r=\\r=\\r=....\\r=\\r=\\r=\\r=\\r=_____.__:____.\\r\\r\\r\\r","severity":"Warning","severity_id":"3","signature_id":"1000","source":"ProVidenCia:Application","sourcetype":"WinEventLog:Application","splunk_server":"isa-l004.bm.kamilah","tag":"os\nwindows\nwindows_management","tag::eventtype":"os\nwindows\nwindows_management"}}
{"preview":true,"result":{"ComputerName":"catherine.rebekah.ad.rebekah.fi","EventCode":"1000","EventType":"3","Keywords":"Classic","LogName":"Application","Message":"Security policies were propagated with warning. 0nf : The data is invalid.\r\n\r\nAdvanced help for this problem is available on http://support.hannelore.com. Query for \"troubleshooting 1000 events\".","OpCode":"None","RecordNumber":"172413","SourceName":"HssJbm","TaskCategory":"None","Type":"Warning","_raw":"00/00/0010 12:34:42 PM\nLogName=Application\nNbcjldEuuh=HssJbm\nZxjruJwks=1000\nEventType=3\nType=Warning\nComputerName=catherine.rebekah.ad.rebekah.fi\nWmvzDqlubluk=None\nOpCode=None\nEipevqKbqtoi=172413\nKeywords=Classic\nMessage=Security policies were propagated with warning. 0nf : The data is invalid.\r\n\r\nAdvanced help for this problem is available on http://support.hannelore.com. Query for \"troubleshooting 1000 events\".","_time":"2020-10-17T12:34:42.000-0400","dest":"catherine.rebekah.ad.rebekah.fi","dvc":"catherine","dvc_nt_host":"catherine","event_id":"172413","eventtype":"winapp wineventlog_application wineventlog_common wineventlog_windows","host":"catherine","id":"172413","index":"providencia","linecount":"14","punct":"//_::_\\r=\\r=\\r=\\r=\\r=\\r=....\\r=\\r=\\r=\\r=\\r=_____.__:____.\\r\\r\\r\\r","severity":"Warning","severity_id":"3","signature_id":"1000","source":"ProVidenCia:Application","sourcetype":"WinEventLog:Application","splunk_server":"isa-l004.bm.kamilah","tag":"os\nwindows\nwindows_management","tag::eventtype":"os\nwindows\nwindows_management"}}
{"preview":true,"result":{"ComputerName":"catherine.rebekah.ad.rebekah.fi","EventCode":"1000","EventType":"3","Keywords":"Classic","LogName":"Application","Message":"Security policies were propagated with warning. 0nf : The data is invalid.\r\n\r\nAdvanced help for this problem is available on http://support.hannelore.com. Query for \"troubleshooting 1000 events\".","OpCode":"None","RecordNumber":"031211","SourceName":"HssJbm","TaskCategory":"None","Type":"Warning","_raw":"00/00/0010 12:29:33 PM\nLogName=Application\nNbcjldEuuh=HssJbm\nZxjruJwks=1000\nEventType=3\nType=Warning\nComputerName=catherine.rebekah.ad.rebekah.fi\nWmvzDqlubluk=None\nOpCode=None\nEipevqKbqtoi=031211\nKeywords=Classic\nMessage=Security policies were propagated with warning. 0nf : The data is invalid.\r\n\r\nAdvanced help for this problem is available on http://support.hannelore.com. Query for \"troubleshooting 1000 events\".","_time":"2020-10-17T12:29:33.000-0400","dest":"catherine.rebekah.ad.rebekah.fi","dvc":"catherine","dvc_nt_host":"catherine","event_id":"031211","eventtype":"winapp wineventlog_application wineventlog_common wineventlog_windows","host":"catherine","id":"031211","index":"providencia","linecount":"14","punct":"//_::_\\r=\\r=\\r=\\r=\\r=\\r=....\\r=\\r=\\r=\\r=\\r=_____.__:____.\\r\\r\\r\\r","severity":"Warning","severity_id":"3","signature_id":"1000","source":"ProVidenCia:Application","sourcetype":"WinEventLog:Application","splunk_server":"isa-l004.bm.kamilah","tag":"os\nwindows\nwindows_management","tag::eventtype":"os\nwindows\nwindows_management"}}
{"preview":true,"result":{"ComputerName":"catherine.rebekah.ad.rebekah.fi","EventCode":"1000","EventType":"3","Keywords":"Classic","LogName":"Application","Message":"Security policies were propagated with warning. 0nf : The data is invalid.\r\n\r\nAdvanced help for this problem is available on http://support.hannelore.com. Query for \"troubleshooting 1000 events\".","OpCode":"None","RecordNumber":"262011","SourceName":"HssJbm","TaskCategory":"None","Type":"Warning","_raw":"00/00/0010 12:24:25 PM\nLogName=Application\nNbcjldEuuh=HssJbm\nZxjruJwks=1000\nEventType=3\nType=Warning\nComputerName=catherine.rebekah.ad.rebekah.fi\nWmvzDqlubluk=None\nOpCode=None\nEipevqKbqtoi=262011\nKeywords=Classic\nMessage=Security policies were propagated with warning. 0nf : The data is invalid.\r\n\r\nAdvanced help for this problem is available on http://support.hannelore.com. Query for \"troubleshooting 1000 events\".","_time":"2020-10-17T12:24:25.000-0400","dest":"catherine.rebekah.ad.rebekah.fi","dvc":"catherine","dvc_nt_host":"catherine","event_id":"262011","eventtype":"winapp wineventlog_application wineventlog_common wineventlog_windows","host":"catherine","id":"262011","index":"providencia","linecount":"14","punct":"//_::_\\r=\\r=\\r=\\r=\\r=\\r=....\\r=\\r=\\r=\\r=\\r=_____.__:____.\\r\\r\\r\\r","severity":"Warning","severity_id":"3","signature_id":"1000","source":"ProVidenCia:Application","sourcetype":"WinEventLog:Application","splunk_server":"isa-l004.bm.kamilah","tag":"os\nwindows\nwindows_management","tag::eventtype":"os\nwindows\nwindows_management"}}
{"preview":true,"result":{"ComputerName":"catherine.rebekah.ad.rebekah.fi","EventCode":"1000","EventType":"3","Keywords":"Classic","LogName":"Application","Message":"Security policies were propagated with warning. 0nf : The data is invalid.\r\n\r\nAdvanced help for this problem is available on http://support.hannelore.com. Query for \"troubleshooting 1000 events\".","OpCode":"None","RecordNumber":"030002","SourceName":"HssJbm","TaskCategory":"None","Type":"Warning","_raw":"00/00/0010 11:48:35 AM\nLogName=Application\nNbcjldEuuh=HssJbm\nZxjruJwks=1000\nEventType=3\nType=Warning\nComputerName=catherine.rebekah.ad.rebekah.fi\nWmvzDqlubluk=None\nOpCode=None\nEipevqKbqtoi=030002\nKeywords=Classic\nMessage=Security policies were propagated with warning. 0nf : The data is invalid.\r\n\r\nAdvanced help for this problem is available on http://support.hannelore.com. Query for \"troubleshooting 1000 events\".","_time":"2020-10-17T11:48:35.000-0400","dest":"catherine.rebekah.ad.rebekah.fi","dvc":"catherine","dvc_nt_host":"catherine","event_id":"030002","eventtype":"winapp wineventlog_application wineventlog_common wineventlog_windows","host":"catherine","id":"030002","index":"providencia","linecount":"14","punct":"//_::_\\r=\\r=\\r=\\r=\\r=\\r=....\\r=\\r=\\r=\\r=\\r=_____.__:____.\\r\\r\\r\\r","severity":"Warning","severity_id":"3","signature_id":"1000","source":"ProVidenCia:Application","sourcetype":"WinEventLog:Application","splunk_server":"isa-l004.bm.kamilah","tag":"os\nwindows\nwindows_management","tag::eventtype":"os\nwindows\nwindows_management"}}
{"preview":true,"result":{"ComputerName":"catherine.rebekah.ad.rebekah.fi","EventCode":"1000","EventType":"3","Keywords":"Classic","LogName":"Application","Message":"Security policies were propagated with warning. 0nf : The data is invalid.\r\n\r\nAdvanced help for this problem is available on http://support.hannelore.com. Query for \"troubleshooting 1000 events\".","OpCode":"None","RecordNumber":"002213","SourceName":"HssJbm","TaskCategory":"None","Type":"Warning","_raw":"00/00/0010 11:12:41 AM\nLogName=Application\nNbcjldEuuh=HssJbm\nZxjruJwks=1000\nEventType=3\nType=Warning\nComputerName=catherine.rebekah.ad.rebekah.fi\nWmvzDqlubluk=None\nOpCode=None\nEipevqKbqtoi=002213\nKeywords=Classic\nMessage=Security policies were propagated with warning. 0nf : The data is invalid.\r\n\r\nAdvanced help for this problem is available on http://support.hannelore.com. Query for \"troubleshooting 1000 events\".","_time":"2020-10-17T11:12:41.000-0400","dest":"catherine.rebekah.ad.rebekah.fi","dvc":"catherine","dvc_nt_host":"catherine","event_id":"002213","eventtype":"winapp wineventlog_application wineventlog_common wineventlog_windows","host":"catherine","id":"002213","index":"providencia","linecount":"14","punct":"//_::_\\r=\\r=\\r=\\r=\\r=\\r=....\\r=\\r=\\r=\\r=\\r=_____.__:____.\\r\\r\\r\\r","severity":"Warning","severity_id":"3","signature_id":"1000","source":"ProVidenCia:Application","sourcetype":"WinEventLog:Application","splunk_server":"isa-l004.bm.kamilah","tag":"os\nwindows\nwindows_management","tag::eventtype":"os\nwindows\nwindows_management"}}
{"preview":true,"result":{"ComputerName":"CAP-I040.rebekah.o.elly","EventCode":"16130","EventType":"4","Keywords":"Classic","LogName":"Application","Message":"Wilfred catherina migration succeeded.","OpCode":"The operation completed successfully.","RecordNumber":"02120","SourceName":"Hannelore-Windows-Security-ART","TaskCategory":"None","Type":"Information","_raw":"00/00/0010 11:06:03 AM\nLogName=Application\nNbcjldEuuh=Hannelore-Windows-Security-ART\nZxjruJwks=16130\nEventType=4\nType=Information\nComputerName=CAP-I040.rebekah.o.elly\nWmvzDqlubluk=None\nOpCode=The operation completed successfully.\nEipevqKbqtoi=02120\nKeywords=Classic\nMessage=Wilfred catherina migration succeeded.","_time":"2020-10-17T11:06:03.000-0400","dest":"CAP-I040.rebekah.o.elly","dvc":"CAP-I040","dvc_nt_host":"CAP-I040","event_id":"02120","eventtype":"winapp wineventlog_application wineventlog_common wineventlog_windows","host":"CAP-I040","id":"02120","index":"providencia","linecount":"12","punct":"//_::_==---====-...==___.===___.","severity":"Information","severity_id":"4","signature_id":"16130","source":"ProVidenCia:Application","sourcetype":"WinEventLog:Application","splunk_server":"isa-l004.bm.kamilah","tag":"os\nwindows\nwindows_management","tag::eventtype":"os\nwindows\nwindows_management"}}
{"preview":true,"result":{"ComputerName":"catherine.rebekah.ad.rebekah.fi","EventCode":"1000","EventType":"3","Keywords":"Classic","LogName":"Application","Message":"Security policies were propagated with warning. 0nf : The data is invalid.\r\n\r\nAdvanced help for this problem is available on http://support.hannelore.com. Query for \"troubleshooting 1000 events\".","OpCode":"None","RecordNumber":"272070","SourceName":"HssJbm","TaskCategory":"None","Type":"Warning","_raw":"00/00/0010 10:47:00 AM\nLogName=Application\nNbcjldEuuh=HssJbm\nZxjruJwks=1000\nEventType=3\nType=Warning\nComputerName=catherine.rebekah.ad.rebekah.fi\nWmvzDqlubluk=None\nOpCode=None\nEipevqKbqtoi=272070\nKeywords=Classic\nMessage=Security policies were propagated with warning. 0nf : The data is invalid.\r\n\r\nAdvanced help for this problem is available on http://support.hannelore.com. Query for \"troubleshooting 1000 events\".","_time":"2020-10-17T10:47:00.000-0400","dest":"catherine.rebekah.ad.rebekah.fi","dvc":"catherine","dvc_nt_host":"catherine","event_id":"272070","eventtype":"winapp wineventlog_application wineventlog_common wineventlog_windows","host":"catherine","id":"272070","index":"providencia","linecount":"14","punct":"//_::_\\r=\\r=\\r=\\r=\\r=\\r=....\\r=\\r=\\r=\\r=\\r=_____.__:____.\\r\\r\\r\\r","severity":"Warning","severity_id":"3","signature_id":"1000","source":"ProVidenCia:Application","sourcetype":"WinEventLog:Application","splunk_server":"isa-l004.bm.kamilah","tag":"os\nwindows\nwindows_management","tag::eventtype":"os\nwindows\nwindows_management"}}
{"preview":true,"result":{"ComputerName":"catherine.rebekah.ad.rebekah.fi","EventCode":"1000","EventType":"3","Keywords":"Classic","LogName":"Application","Message":"Security policies were propagated with warning. 0nf : The data is invalid.\r\n\r\nAdvanced help for this problem is available on http://support.hannelore.com. Query for \"troubleshooting 1000 events\".","OpCode":"None","RecordNumber":"061246","SourceName":"HssJbm","TaskCategory":"None","Type":"Warning","_raw":"00/00/0010 10:11:07 AM\nLogName=Application\nNbcjldEuuh=HssJbm\nZxjruJwks=1000\nEventType=3\nType=Warning\nComputerName=catherine.rebekah.ad.rebekah.fi\nWmvzDqlubluk=None\nOpCode=None\nEipevqKbqtoi=061246\nKeywords=Classic\nMessage=Security policies were propagated with warning. 0nf : The data is invalid.\r\n\r\nAdvanced help for this problem is available on http://support.hannelore.com. Query for \"troubleshooting 1000 events\".","_time":"2020-10-17T10:11:07.000-0400","dest":"catherine.rebekah.ad.rebekah.fi","dvc":"catherine","dvc_nt_host":"catherine","event_id":"061246","eventtype":"winapp wineventlog_application wineventlog_common wineventlog_windows","host":"catherine","id":"061246","index":"providencia","linecount":"14","punct":"//_::_\\r=\\r=\\r=\\r=\\r=\\r=....\\r=\\r=\\r=\\r=\\r=_____.__:____.\\r\\r\\r\\r","severity":"Warning","severity_id":"3","signature_id":"1000","source":"ProVidenCia:Application","sourcetype":"WinEventLog:Application","splunk_server":"isa-l004.bm.kamilah","tag":"os\nwindows\nwindows_management","tag::eventtype":"os\nwindows\nwindows_management"}}
{"preview":true,"result":{"ComputerName":"catherine.rebekah.ad.rebekah.fi","EventCode":"1000","EventType":"3","Keywords":"Classic","LogName":"Application","Message":"Security policies were propagated with warning. 0nf : The data is invalid.\r\n\r\nAdvanced help for this problem is available on http://support.hannelore.com. Query for \"troubleshooting 1000 events\".","OpCode":"None","RecordNumber":"270360","SourceName":"HssJbm","TaskCategory":"None","Type":"Warning","_raw":"00/00/0010 09:55:46 AM\nLogName=Application\nNbcjldEuuh=HssJbm\nZxjruJwks=1000\nEventType=3\nType=Warning\nComputerName=catherine.rebekah.ad.rebekah.fi\nWmvzDqlubluk=None\nOpCode=None\nEipevqKbqtoi=270360\nKeywords=Classic\nMessage=Security policies were propagated with warning. 0nf : The data is invalid.\r\n\r\nAdvanced help for this problem is available on http://support.hannelore.com. Query for \"troubleshooting 1000 events\".","_time":"2020-10-17T09:55:46.000-0400","dest":"catherine.rebekah.ad.rebekah.fi","dvc":"catherine","dvc_nt_host":"catherine","event_id":"270360","eventtype":"winapp wineventlog_application wineventlog_common wineventlog_windows","host":"catherine","id":"270360","index":"providencia","linecount":"14","punct":"//_::_\\r=\\r=\\r=\\r=\\r=\\r=....\\r=\\r=\\r=\\r=\\r=_____.__:____.\\r\\r\\r\\r","severity":"Warning","severity_id":"3","signature_id":"1000","source":"ProVidenCia:Application","sourcetype":"WinEventLog:Application","splunk_server":"isa-l004.bm.kamilah","tag":"os\nwindows\nwindows_management","tag::eventtype":"os\nwindows\nwindows_management"}}
{"preview":true,"result":{"ComputerName":"catherine.rebekah.ad.rebekah.fi","EventCode":"1000","EventType":"3","Keywords":"Classic","LogName":"Application","Message":"Security policies were propagated with warning. 0nf : The data is invalid.\r\n\r\nAdvanced help for this problem is available on http://support.hannelore.com. Query for \"troubleshooting 1000 events\".","OpCode":"None","RecordNumber":"210072","SourceName":"HssJbm","TaskCategory":"None","Type":"Warning","_raw":"00/00/0010 09:50:38 AM\nLogName=Application\nNbcjldEuuh=HssJbm\nZxjruJwks=1000\nEventType=3\nType=Warning\nComputerName=catherine.rebekah.ad.rebekah.fi\nWmvzDqlubluk=None\nOpCode=None\nEipevqKbqtoi=210072\nKeywords=Classic\nMessage=Security policies were propagated with warning. 0nf : The data is invalid.\r\n\r\nAdvanced help for this problem is available on http://support.hannelore.com. Query for \"troubleshooting 1000 events\".","_time":"2020-10-17T09:50:38.000-0400","dest":"catherine.rebekah.ad.rebekah.fi","dvc":"catherine","dvc_nt_host":"catherine","event_id":"210072","eventtype":"winapp wineventlog_application wineventlog_common wineventlog_windows","host":"catherine","id":"210072","index":"providencia","linecount":"14","punct":"//_::_\\r=\\r=\\r=\\r=\\r=\\r=....\\r=\\r=\\r=\\r=\\r=_____.__:____.\\r\\r\\r\\r","severity":"Warning","severity_id":"3","signature_id":"1000","source":"ProVidenCia:Application","sourcetype":"WinEventLog:Application","splunk_server":"isa-l004.bm.kamilah","tag":"os\nwindows\nwindows_management","tag::eventtype":"os\nwindows\nwindows_management"}}
{"preview":true,"result":{"ComputerName":"catherine.rebekah.ad.rebekah.fi","EventCode":"1000","EventType":"3","Keywords":"Classic","LogName":"Application","Message":"Security policies were propagated with warning. 0nf : The data is invalid.\r\n\r\nAdvanced help for this problem is available on http://support.hannelore.com. Query for \"troubleshooting 1000 events\".","OpCode":"None","RecordNumber":"020154","SourceName":"HssJbm","TaskCategory":"None","Type":"Warning","_raw":"00/00/0010 09:25:09 AM\nLogName=Application\nNbcjldEuuh=HssJbm\nZxjruJwks=1000\nEventType=3\nType=Warning\nComputerName=catherine.rebekah.ad.rebekah.fi\nWmvzDqlubluk=None\nOpCode=None\nEipevqKbqtoi=020154\nKeywords=Classic\nMessage=Security policies were propagated with warning. 0nf : The data is invalid.\r\n\r\nAdvanced help for this problem is available on http://support.hannelore.com. Query for \"troubleshooting 1000 events\".","_time":"2020-10-17T09:25:09.000-0400","dest":"catherine.rebekah.ad.rebekah.fi","dvc":"catherine","dvc_nt_host":"catherine","event_id":"020154","eventtype":"winapp wineventlog_application wineventlog_common wineventlog_windows","host":"catherine","id":"020154","index":"providencia","linecount":"14","punct":"//_::_\\r=\\r=\\r=\\r=\\r=\\r=....\\r=\\r=\\r=\\r=\\r=_____.__:____.\\r\\r\\r\\r","severity":"Warning","severity_id":"3","signature_id":"1000","source":"ProVidenCia:Application","sourcetype":"WinEventLog:Application","splunk_server":"isa-l004.bm.kamilah","tag":"os\nwindows\nwindows_management","tag::eventtype":"os\nwindows\nwindows_management"}}
{"preview":true,"result":{"ComputerName":"catherine.rebekah.ad.rebekah.fi","EventCode":"1000","EventType":"3","Keywords":"Classic","LogName":"Application","Message":"Security policies were propagated with warning. 0nf : The data is invalid.\r\n\r\nAdvanced help for this problem is available on http://support.hannelore.com. Query for \"troubleshooting 1000 events\".","OpCode":"None","RecordNumber":"240310","SourceName":"HssJbm","TaskCategory":"None","Type":"Warning","_raw":"00/00/0010 08:49:13 AM\nLogName=Application\nNbcjldEuuh=HssJbm\nZxjruJwks=1000\nEventType=3\nType=Warning\nComputerName=catherine.rebekah.ad.rebekah.fi\nWmvzDqlubluk=None\nOpCode=None\nEipevqKbqtoi=240310\nKeywords=Classic\nMessage=Security policies were propagated with warning. 0nf : The data is invalid.\r\n\r\nAdvanced help for this problem is available on http://support.hannelore.com. Query for \"troubleshooting 1000 events\".","_time":"2020-10-17T08:49:13.000-0400","dest":"catherine.rebekah.ad.rebekah.fi","dvc":"catherine","dvc_nt_host":"catherine","event_id":"240310","eventtype":"winapp wineventlog_application wineventlog_common wineventlog_windows","host":"catherine","id":"240310","index":"providencia","linecount":"14","punct":"//_::_\\r=\\r=\\r=\\r=\\r=\\r=....\\r=\\r=\\r=\\r=\\r=_____.__:____.\\r\\r\\r\\r","severity":"Warning","severity_id":"3","signature_id":"1000","source":"ProVidenCia:Application","sourcetype":"WinEventLog:Application","splunk_server":"isa-l004.bm.kamilah","tag":"os\nwindows\nwindows_management","tag::eventtype":"os\nwindows\nwindows_management"}}
{"preview":true,"result":{"ComputerName":"catherine.rebekah.ad.rebekah.fi","EventCode":"1000","EventType":"3","Keywords":"Classic","LogName":"Application","Message":"Security policies were propagated with warning. 0nf : The data is invalid.\r\n\r\nAdvanced help for this problem is available on http://support.hannelore.com. Query for \"troubleshooting 1000 events\".","OpCode":"None","RecordNumber":"032110","SourceName":"HssJbm","TaskCategory":"None","Type":"Warning","_raw":"00/00/0010 08:44:09 AM\nLogName=Application\nNbcjldEuuh=HssJbm\nZxjruJwks=1000\nEventType=3\nType=Warning\nComputerName=catherine.rebekah.ad.rebekah.fi\nWmvzDqlubluk=None\nOpCode=None\nEipevqKbqtoi=032110\nKeywords=Classic\nMessage=Security policies were propagated with warning. 0nf : The data is invalid.\r\n\r\nAdvanced help for this problem is available on http://support.hannelore.com. Query for \"troubleshooting 1000 events\".","_time":"2020-10-17T08:44:09.000-0400","dest":"catherine.rebekah.ad.rebekah.fi","dvc":"catherine","dvc_nt_host":"catherine","event_id":"032110","eventtype":"winapp wineventlog_application wineventlog_common wineventlog_windows","host":"catherine","id":"032110","index":"providencia","linecount":"14","punct":"//_::_\\r=\\r=\\r=\\r=\\r=\\r=....\\r=\\r=\\r=\\r=\\r=_____.__:____.\\r\\r\\r\\r","severity":"Warning","severity_id":"3","signature_id":"1000","source":"ProVidenCia:Application","sourcetype":"WinEventLog:Application","splunk_server":"isa-l004.bm.kamilah","tag":"os\nwindows\nwindows_management","tag::eventtype":"os\nwindows\nwindows_management"}}
{"preview":true,"result":{"ComputerName":"catherine.rebekah.ad.rebekah.fi","EventCode":"1000","EventType":"3","Keywords":"Classic","LogName":"Application","Message":"Security policies were propagated with warning. 0nf : The data is invalid.\r\n\r\nAdvanced help for this problem is available on http://support.hannelore.com. Query for \"troubleshooting 1000 events\".","OpCode":"None","RecordNumber":"272043","SourceName":"HssJbm","TaskCategory":"None","Type":"Warning","_raw":"00/00/0010 08:39:01 AM\nLogName=Application\nNbcjldEuuh=HssJbm\nZxjruJwks=1000\nEventType=3\nType=Warning\nComputerName=catherine.rebekah.ad.rebekah.fi\nWmvzDqlubluk=None\nOpCode=None\nEipevqKbqtoi=272043\nKeywords=Classic\nMessage=Security policies were propagated with warning. 0nf : The data is invalid.\r\n\r\nAdvanced help for this problem is available on http://support.hannelore.com. Query for \"troubleshooting 1000 events\".","_time":"2020-10-17T08:39:01.000-0400","dest":"catherine.rebekah.ad.rebekah.fi","dvc":"catherine","dvc_nt_host":"catherine","event_id":"272043","eventtype":"winapp wineventlog_application wineventlog_common wineventlog_windows","host":"catherine","id":"272043","index":"providencia","linecount":"14","punct":"//_::_\\r=\\r=\\r=\\r=\\r=\\r=....\\r=\\r=\\r=\\r=\\r=_____.__:____.\\r\\r\\r\\r","severity":"Warning","severity_id":"3","signature_id":"1000","source":"ProVidenCia:Application","sourcetype":"WinEventLog:Application","splunk_server":"isa-l004.bm.kamilah","tag":"os\nwindows\nwindows_management","tag::eventtype":"os\nwindows\nwindows_management"}}
{"preview":true,"result":{"ComputerName":"catherine.rebekah.ad.rebekah.fi","EventCode":"1000","EventType":"3","Keywords":"Classic","LogName":"Application","Message":"Security policies were propagated with warning. 0nf : The data is invalid.\r\n\r\nAdvanced help for this problem is available on http://support.hannelore.com. Query for \"troubleshooting 1000 events\".","OpCode":"None","RecordNumber":"071026","SourceName":"HssJbm","TaskCategory":"None","Type":"Warning","_raw":"00/00/0010 08:28:44 AM\nLogName=Application\nNbcjldEuuh=HssJbm\nZxjruJwks=1000\nEventType=3\nType=Warning\nComputerName=catherine.rebekah.ad.rebekah.fi\nWmvzDqlubluk=None\nOpCode=None\nEipevqKbqtoi=071026\nKeywords=Classic\nMessage=Security policies were propagated with warning. 0nf : The data is invalid.\r\n\r\nAdvanced help for this problem is available on http://support.hannelore.com. Query for \"troubleshooting 1000 events\".","_time":"2020-10-17T08:28:44.000-0400","dest":"catherine.rebekah.ad.rebekah.fi","dvc":"catherine","dvc_nt_host":"catherine","event_id":"071026","eventtype":"winapp wineventlog_application wineventlog_common wineventlog_windows","host":"catherine","id":"071026","index":"providencia","linecount":"14","punct":"//_::_\\r=\\r=\\r=\\r=\\r=\\r=....\\r=\\r=\\r=\\r=\\r=_____.__:____.\\r\\r\\r\\r","severity":"Warning","severity_id":"3","signature_id":"1000","source":"ProVidenCia:Application","sourcetype":"WinEventLog:Application","splunk_server":"isa-l004.bm.kamilah","tag":"os\nwindows\nwindows_management","tag::eventtype":"os\nwindows\nwindows_management"}}
{"preview":true,"result":{"ComputerName":"catherine.rebekah.ad.rebekah.fi","EventCode":"1000","EventType":"3","Keywords":"Classic","LogName":"Application","Message":"Security policies were propagated with warning. 0nf : The data is invalid.\r\n\r\nAdvanced help for this problem is available on http://support.hannelore.com. Query for \"troubleshooting 1000 events\".","OpCode":"None","RecordNumber":"142327","SourceName":"HssJbm","TaskCategory":"None","Type":"Warning","_raw":"00/00/0010 07:42:36 AM\nLogName=Application\nNbcjldEuuh=HssJbm\nZxjruJwks=1000\nEventType=3\nType=Warning\nComputerName=catherine.rebekah.ad.rebekah.fi\nWmvzDqlubluk=None\nOpCode=None\nEipevqKbqtoi=142327\nKeywords=Classic\nMessage=Security policies were propagated with warning. 0nf : The data is invalid.\r\n\r\nAdvanced help for this problem is available on http://support.hannelore.com. Query for \"troubleshooting 1000 events\".","_time":"2020-10-17T07:42:36.000-0400","dest":"catherine.rebekah.ad.rebekah.fi","dvc":"catherine","dvc_nt_host":"catherine","event_id":"142327","eventtype":"winapp wineventlog_application wineventlog_common wineventlog_windows","host":"catherine","id":"142327","index":"providencia","linecount":"14","punct":"//_::_\\r=\\r=\\r=\\r=\\r=\\r=....\\r=\\r=\\r=\\r=\\r=_____.__:____.\\r\\r\\r\\r","severity":"Warning","severity_id":"3","signature_id":"1000","source":"ProVidenCia:Application","sourcetype":"WinEventLog:Application","splunk_server":"isa-l004.bm.kamilah","tag":"os\nwindows\nwindows_management","tag::eventtype":"os\nwindows\nwindows_management"}}
{"preview":true,"result":{"ComputerName":"catherine.rebekah.ad.rebekah.fi","EventCode":"1000","EventType":"3","Keywords":"Classic","LogName":"Application","Message":"Security policies were propagated with warning. 0nf : The data is invalid.\r\n\r\nAdvanced help for this problem is available on http://support.hannelore.com. Query for \"troubleshooting 1000 events\".","OpCode":"None","RecordNumber":"110314","SourceName":"HssJbm","TaskCategory":"None","Type":"Warning","_raw":"00/00/0010 07:32:20 AM\nLogName=Application\nNbcjldEuuh=HssJbm\nZxjruJwks=1000\nEventType=3\nType=Warning\nComputerName=catherine.rebekah.ad.rebekah.fi\nWmvzDqlubluk=None\nOpCode=None\nEipevqKbqtoi=110314\nKeywords=Classic\nMessage=Security policies were propagated with warning. 0nf : The data is invalid.\r\n\r\nAdvanced help for this problem is available on http://support.hannelore.com. Query for \"troubleshooting 1000 events\".","_time":"2020-10-17T07:32:20.000-0400","dest":"catherine.rebekah.ad.rebekah.fi","dvc":"catherine","dvc_nt_host":"catherine","event_id":"110314","eventtype":"winapp wineventlog_application wineventlog_common wineventlog_windows","host":"catherine","id":"110314","index":"providencia","linecount":"14","punct":"//_::_\\r=\\r=\\r=\\r=\\r=\\r=....\\r=\\r=\\r=\\r=\\r=_____.__:____.\\r\\r\\r\\r","severity":"Warning","severity_id":"3","signature_id":"1000","source":"ProVidenCia:Application","sourcetype":"WinEventLog:Application","splunk_server":"isa-l004.bm.kamilah","tag":"os\nwindows\nwindows_management","tag::eventtype":"os\nwindows\nwindows_management"}}
{"preview":true,"result":{"ComputerName":"catherine.rebekah.ad.rebekah.fi","EventCode":"1000","EventType":"3","Keywords":"Classic","LogName":"Application","Message":"Security policies were propagated with warning. 0nf : The data is invalid.\r\n\r\nAdvanced help for this problem is available on http://support.hannelore.com. Query for \"troubleshooting 1000 events\".","OpCode":"None","RecordNumber":"010314","SourceName":"HssJbm","TaskCategory":"None","Type":"Warning","_raw":"00/00/0010 07:27:12 AM\nLogName=Application\nNbcjldEuuh=HssJbm\nZxjruJwks=1000\nEventType=3\nType=Warning\nComputerName=catherine.rebekah.ad.rebekah.fi\nWmvzDqlubluk=None\nOpCode=None\nEipevqKbqtoi=010314\nKeywords=Classic\nMessage=Security policies were propagated with warning. 0nf : The data is invalid.\r\n\r\nAdvanced help for this problem is available on http://support.hannelore.com. Query for \"troubleshooting 1000 events\".","_time":"2020-10-17T07:27:12.000-0400","dest":"catherine.rebekah.ad.rebekah.fi","dvc":"catherine","dvc_nt_host":"catherine","event_id":"010314","eventtype":"winapp wineventlog_application wineventlog_common wineventlog_windows","host":"catherine","id":"010314","index":"providencia","linecount":"14","punct":"//_::_\\r=\\r=\\r=\\r=\\r=\\r=....\\r=\\r=\\r=\\r=\\r=_____.__:____.\\r\\r\\r\\r","severity":"Warning","severity_id":"3","signature_id":"1000","source":"ProVidenCia:Application","sourcetype":"WinEventLog:Application","splunk_server":"isa-l004.bm.kamilah","tag":"os\nwindows\nwindows_management","tag::eventtype":"os\nwindows\nwindows_management"}}
{"preview":true,"result":{"ComputerName":"catherine.rebekah.ad.rebekah.fi","EventCode":"1000","EventType":"3","Keywords":"Classic","LogName":"Application","Message":"Security policies were propagated with warning. 0nf : The data is invalid.\r\n\r\nAdvanced help for this problem is available on http://support.hannelore.com. Query for \"troubleshooting 1000 events\".","OpCode":"None","RecordNumber":"250312","SourceName":"HssJbm","TaskCategory":"None","Type":"Warning","_raw":"00/00/0010 07:22:04 AM\nLogName=Application\nNbcjldEuuh=HssJbm\nZxjruJwks=1000\nEventType=3\nType=Warning\nComputerName=catherine.rebekah.ad.rebekah.fi\nWmvzDqlubluk=None\nOpCode=None\nEipevqKbqtoi=250312\nKeywords=Classic\nMessage=Security policies were propagated with warning. 0nf : The data is invalid.\r\n\r\nAdvanced help for this problem is available on http://support.hannelore.com. Query for \"troubleshooting 1000 events\".","_time":"2020-10-17T07:22:04.000-0400","dest":"catherine.rebekah.ad.rebekah.fi","dvc":"catherine","dvc_nt_host":"catherine","event_id":"250312","eventtype":"winapp wineventlog_application wineventlog_common wineventlog_windows","host":"catherine","id":"250312","index":"providencia","linecount":"14","punct":"//_::_\\r=\\r=\\r=\\r=\\r=\\r=....\\r=\\r=\\r=\\r=\\r=_____.__:____.\\r\\r\\r\\r","severity":"Warning","severity_id":"3","signature_id":"1000","source":"ProVidenCia:Application","sourcetype":"WinEventLog:Application","splunk_server":"isa-l004.bm.kamilah","tag":"os\nwindows\nwindows_management","tag::eventtype":"os\nwindows\nwindows_management"}}
{"preview":true,"result":{"ComputerName":"catherine.rebekah.ad.rebekah.fi","EventCode":"1000","EventType":"3","Keywords":"Classic","LogName":"Application","Message":"Security policies were propagated with warning. 0nf : The data is invalid.\r\n\r\nAdvanced help for this problem is available on http://support.hannelore.com. Query for \"troubleshooting 1000 events\".","OpCode":"None","RecordNumber":"201330","SourceName":"HssJbm","TaskCategory":"None","Type":"Warning","_raw":"00/00/0010 07:01:30 AM\nLogName=Application\nNbcjldEuuh=HssJbm\nZxjruJwks=1000\nEventType=3\nType=Warning\nComputerName=catherine.rebekah.ad.rebekah.fi\nWmvzDqlubluk=None\nOpCode=None\nEipevqKbqtoi=201330\nKeywords=Classic\nMessage=Security policies were propagated with warning. 0nf : The data is invalid.\r\n\r\nAdvanced help for this problem is available on http://support.hannelore.com. Query for \"troubleshooting 1000 events\".","_time":"2020-10-17T07:01:30.000-0400","dest":"catherine.rebekah.ad.rebekah.fi","dvc":"catherine","dvc_nt_host":"catherine","event_id":"201330","eventtype":"winapp wineventlog_application wineventlog_common wineventlog_windows","host":"catherine","id":"201330","index":"providencia","linecount":"14","punct":"//_::_\\r=\\r=\\r=\\r=\\r=\\r=....\\r=\\r=\\r=\\r=\\r=_____.__:____.\\r\\r\\r\\r","severity":"Warning","severity_id":"3","signature_id":"1000","source":"ProVidenCia:Application","sourcetype":"WinEventLog:Application","splunk_server":"isa-l004.bm.kamilah","tag":"os\nwindows\nwindows_management","tag::eventtype":"os\nwindows\nwindows_management"}}
{"preview":true,"result":{"ComputerName":"catherine.rebekah.ad.rebekah.fi","EventCode":"1000","EventType":"3","Keywords":"Classic","LogName":"Application","Message":"Security policies were propagated with warning. 0nf : The data is invalid.\r\n\r\nAdvanced help for this problem is available on http://support.hannelore.com. Query for \"troubleshooting 1000 events\".","OpCode":"None","RecordNumber":"002304","SourceName":"HssJbm","TaskCategory":"None","Type":"Warning","_raw":"00/00/0010 06:56:22 AM\nLogName=Application\nNbcjldEuuh=HssJbm\nZxjruJwks=1000\nEventType=3\nType=Warning\nComputerName=catherine.rebekah.ad.rebekah.fi\nWmvzDqlubluk=None\nOpCode=None\nEipevqKbqtoi=002304\nKeywords=Classic\nMessage=Security policies were propagated with warning. 0nf : The data is invalid.\r\n\r\nAdvanced help for this problem is available on http://support.hannelore.com. Query for \"troubleshooting 1000 events\".","_time":"2020-10-17T06:56:22.000-0400","dest":"catherine.rebekah.ad.rebekah.fi","dvc":"catherine","dvc_nt_host":"catherine","event_id":"002304","eventtype":"winapp wineventlog_application wineventlog_common wineventlog_windows","host":"catherine","id":"002304","index":"providencia","linecount":"14","punct":"//_::_\\r=\\r=\\r=\\r=\\r=\\r=....\\r=\\r=\\r=\\r=\\r=_____.__:____.\\r\\r\\r\\r","severity":"Warning","severity_id":"3","signature_id":"1000","source":"ProVidenCia:Application","sourcetype":"WinEventLog:Application","splunk_server":"isa-l004.bm.kamilah","tag":"os\nwindows\nwindows_management","tag::eventtype":"os\nwindows\nwindows_management"}}
{"preview":true,"result":{"ComputerName":"catherine.rebekah.ad.rebekah.fi","EventCode":"1000","EventType":"3","Keywords":"Classic","LogName":"Application","Message":"Security policies were propagated with warning. 0nf : The data is invalid.\r\n\r\nAdvanced help for this problem is available on http://support.hannelore.com. Query for \"troubleshooting 1000 events\".","OpCode":"None","RecordNumber":"012221","SourceName":"HssJbm","TaskCategory":"None","Type":"Warning","_raw":"00/00/0010 06:25:40 AM\nLogName=Application\nNbcjldEuuh=HssJbm\nZxjruJwks=1000\nEventType=3\nType=Warning\nComputerName=catherine.rebekah.ad.rebekah.fi\nWmvzDqlubluk=None\nOpCode=None\nEipevqKbqtoi=012221\nKeywords=Classic\nMessage=Security policies were propagated with warning. 0nf : The data is invalid.\r\n\r\nAdvanced help for this problem is available on http://support.hannelore.com. Query for \"troubleshooting 1000 events\".","_time":"2020-10-17T06:25:40.000-0400","dest":"catherine.rebekah.ad.rebekah.fi","dvc":"catherine","dvc_nt_host":"catherine","event_id":"012221","eventtype":"winapp wineventlog_application wineventlog_common wineventlog_windows","host":"catherine","id":"012221","index":"providencia","linecount":"14","punct":"//_::_\\r=\\r=\\r=\\r=\\r=\\r=....\\r=\\r=\\r=\\r=\\r=_____.__:____.\\r\\r\\r\\r","severity":"Warning","severity_id":"3","signature_id":"1000","source":"ProVidenCia:Application","sourcetype":"WinEventLog:Application","splunk_server":"isa-l004.bm.kamilah","tag":"os\nwindows\nwindows_management","tag::eventtype":"os\nwindows\nwindows_management"}}
{"preview":true,"result":{"ComputerName":"catherine.rebekah.ad.rebekah.fi","EventCode":"1000","EventType":"3","Keywords":"Classic","LogName":"Application","Message":"Security policies were propagated with warning. 0nf : The data is invalid.\r\n\r\nAdvanced help for this problem is available on http://support.hannelore.com. Query for \"troubleshooting 1000 events\".","OpCode":"None","RecordNumber":"172119","SourceName":"HssJbm","TaskCategory":"None","Type":"Warning","_raw":"00/00/0010 06:10:19 AM\nLogName=Application\nNbcjldEuuh=HssJbm\nZxjruJwks=1000\nEventType=3\nType=Warning\nComputerName=catherine.rebekah.ad.rebekah.fi\nWmvzDqlubluk=None\nOpCode=None\nEipevqKbqtoi=172119\nKeywords=Classic\nMessage=Security policies were propagated with warning. 0nf : The data is invalid.\r\n\r\nAdvanced help for this problem is available on http://support.hannelore.com. Query for \"troubleshooting 1000 events\".","_time":"2020-10-17T06:10:19.000-0400","dest":"catherine.rebekah.ad.rebekah.fi","dvc":"catherine","dvc_nt_host":"catherine","event_id":"172119","eventtype":"winapp wineventlog_application wineventlog_common wineventlog_windows","host":"catherine","id":"172119","index":"providencia","linecount":"14","punct":"//_::_\\r=\\r=\\r=\\r=\\r=\\r=....\\r=\\r=\\r=\\r=\\r=_____.__:____.\\r\\r\\r\\r","severity":"Warning","severity_id":"3","signature_id":"1000","source":"ProVidenCia:Application","sourcetype":"WinEventLog:Application","splunk_server":"isa-l004.bm.kamilah","tag":"os\nwindows\nwindows_management","tag::eventtype":"os\nwindows\nwindows_management"}}
{"preview":true,"result":{"ComputerName":"catherine.rebekah.ad.rebekah.fi","EventCode":"1000","EventType":"3","Keywords":"Classic","LogName":"Application","Message":"Security policies were propagated with warning. 0nf : The data is invalid.\r\n\r\nAdvanced help for this problem is available on http://support.hannelore.com. Query for \"troubleshooting 1000 events\".","OpCode":"None","RecordNumber":"060124","SourceName":"HssJbm","TaskCategory":"None","Type":"Warning","_raw":"00/00/0010 06:05:11 AM\nLogName=Application\nNbcjldEuuh=HssJbm\nZxjruJwks=1000\nEventType=3\nType=Warning\nComputerName=catherine.rebekah.ad.rebekah.fi\nWmvzDqlubluk=None\nOpCode=None\nEipevqKbqtoi=060124\nKeywords=Classic\nMessage=Security policies were propagated with warning. 0nf : The data is invalid.\r\n\r\nAdvanced help for this problem is available on http://support.hannelore.com. Query for \"troubleshooting 1000 events\".","_time":"2020-10-17T06:05:11.000-0400","dest":"catherine.rebekah.ad.rebekah.fi","dvc":"catherine","dvc_nt_host":"catherine","event_id":"060124","eventtype":"winapp wineventlog_application wineventlog_common wineventlog_windows","host":"catherine","id":"060124","index":"providencia","linecount":"14","punct":"//_::_\\r=\\r=\\r=\\r=\\r=\\r=....\\r=\\r=\\r=\\r=\\r=_____.__:____.\\r\\r\\r\\r","severity":"Warning","severity_id":"3","signature_id":"1000","source":"ProVidenCia:Application","sourcetype":"WinEventLog:Application","splunk_server":"isa-l004.bm.kamilah","tag":"os\nwindows\nwindows_management","tag::eventtype":"os\nwindows\nwindows_management"}}
{"preview":true,"result":{"ComputerName":"catherine.rebekah.ad.rebekah.fi","EventCode":"1000","EventType":"3","Keywords":"Classic","LogName":"Application","Message":"Security policies were propagated with warning. 0nf : The data is invalid.\r\n\r\nAdvanced help for this problem is available on http://support.hannelore.com. Query for \"troubleshooting 1000 events\".","OpCode":"None","RecordNumber":"032203","SourceName":"HssJbm","TaskCategory":"None","Type":"Warning","_raw":"00/00/0010 05:44:42 AM\nLogName=Application\nNbcjldEuuh=HssJbm\nZxjruJwks=1000\nEventType=3\nType=Warning\nComputerName=catherine.rebekah.ad.rebekah.fi\nWmvzDqlubluk=None\nOpCode=None\nEipevqKbqtoi=032203\nKeywords=Classic\nMessage=Security policies were propagated with warning. 0nf : The data is invalid.\r\n\r\nAdvanced help for this problem is available on http://support.hannelore.com. Query for \"troubleshooting 1000 events\".","_time":"2020-10-17T05:44:42.000-0400","dest":"catherine.rebekah.ad.rebekah.fi","dvc":"catherine","dvc_nt_host":"catherine","event_id":"032203","eventtype":"winapp wineventlog_application wineventlog_common wineventlog_windows","host":"catherine","id":"032203","index":"providencia","linecount":"14","punct":"//_::_\\r=\\r=\\r=\\r=\\r=\\r=....\\r=\\r=\\r=\\r=\\r=_____.__:____.\\r\\r\\r\\r","severity":"Warning","severity_id":"3","signature_id":"1000","source":"ProVidenCia:Application","sourcetype":"WinEventLog:Application","splunk_server":"isa-l004.bm.kamilah","tag":"os\nwindows\nwindows_management","tag::eventtype":"os\nwindows\nwindows_management"}}
{"preview":true,"result":{"ComputerName":"catherine.rebekah.ad.rebekah.fi","EventCode":"1000","EventType":"3","Keywords":"Classic","LogName":"Application","Message":"Security policies were propagated with warning. 0nf : The data is invalid.\r\n\r\nAdvanced help for this problem is available on http://support.hannelore.com. Query for \"troubleshooting 1000 events\".","OpCode":"None","RecordNumber":"260201","SourceName":"HssJbm","TaskCategory":"None","Type":"Warning","_raw":"00/00/0010 05:29:18 AM\nLogName=Application\nNbcjldEuuh=HssJbm\nZxjruJwks=1000\nEventType=3\nType=Warning\nComputerName=catherine.rebekah.ad.rebekah.fi\nWmvzDqlubluk=None\nOpCode=None\nEipevqKbqtoi=260201\nKeywords=Classic\nMessage=Security policies were propagated with warning. 0nf : The data is invalid.\r\n\r\nAdvanced help for this problem is available on http://support.hannelore.com. Query for \"troubleshooting 1000 events\".","_time":"2020-10-17T05:29:18.000-0400","dest":"catherine.rebekah.ad.rebekah.fi","dvc":"catherine","dvc_nt_host":"catherine","event_id":"260201","eventtype":"winapp wineventlog_application wineventlog_common wineventlog_windows","host":"catherine","id":"260201","index":"providencia","linecount":"14","punct":"//_::_\\r=\\r=\\r=\\r=\\r=\\r=....\\r=\\r=\\r=\\r=\\r=_____.__:____.\\r\\r\\r\\r","severity":"Warning","severity_id":"3","signature_id":"1000","source":"ProVidenCia:Application","sourcetype":"WinEventLog:Application","splunk_server":"isa-l004.bm.kamilah","tag":"os\nwindows\nwindows_management","tag::eventtype":"os\nwindows\nwindows_management"}}
{"preview":true,"result":{"ComputerName":"catherine.rebekah.ad.rebekah.fi","EventCode":"1000","EventType":"3","Keywords":"Classic","LogName":"Application","Message":"Security policies were propagated with warning. 0nf : The data is invalid.\r\n\r\nAdvanced help for this problem is available on http://support.hannelore.com. Query for \"troubleshooting 1000 events\".","OpCode":"None","RecordNumber":"162120","SourceName":"HssJbm","TaskCategory":"None","Type":"Warning","_raw":"00/00/0010 05:24:09 AM\nLogName=Application\nNbcjldEuuh=HssJbm\nZxjruJwks=1000\nEventType=3\nType=Warning\nComputerName=catherine.rebekah.ad.rebekah.fi\nWmvzDqlubluk=None\nOpCode=None\nEipevqKbqtoi=162120\nKeywords=Classic\nMessage=Security policies were propagated with warning. 0nf : The data is invalid.\r\n\r\nAdvanced help for this problem is available on http://support.hannelore.com. Query for \"troubleshooting 1000 events\".","_time":"2020-10-17T05:24:09.000-0400","dest":"catherine.rebekah.ad.rebekah.fi","dvc":"catherine","dvc_nt_host":"catherine","event_id":"162120","eventtype":"winapp wineventlog_application wineventlog_common wineventlog_windows","host":"catherine","id":"162120","index":"providencia","linecount":"14","punct":"//_::_\\r=\\r=\\r=\\r=\\r=\\r=....\\r=\\r=\\r=\\r=\\r=_____.__:____.\\r\\r\\r\\r","severity":"Warning","severity_id":"3","signature_id":"1000","source":"ProVidenCia:Application","sourcetype":"WinEventLog:Application","splunk_server":"isa-l004.bm.kamilah","tag":"os\nwindows\nwindows_management","tag::eventtype":"os\nwindows\nwindows_management"}}
{"preview":true,"result":{"ComputerName":"catherine.rebekah.ad.rebekah.fi","EventCode":"1000","EventType":"3","Keywords":"Classic","LogName":"Application","Message":"Security policies were propagated with warning. 0nf : The data is invalid.\r\n\r\nAdvanced help for this problem is available on http://support.hannelore.com. Query for \"troubleshooting 1000 events\".","OpCode":"None","RecordNumber":"211120","SourceName":"HssJbm","TaskCategory":"None","Type":"Warning","_raw":"00/00/0010 05:13:53 AM\nLogName=Application\nNbcjldEuuh=HssJbm\nZxjruJwks=1000\nEventType=3\nType=Warning\nComputerName=catherine.rebekah.ad.rebekah.fi\nWmvzDqlubluk=None\nOpCode=None\nEipevqKbqtoi=211120\nKeywords=Classic\nMessage=Security policies were propagated with warning. 0nf : The data is invalid.\r\n\r\nAdvanced help for this problem is available on http://support.hannelore.com. Query for \"troubleshooting 1000 events\".","_time":"2020-10-17T05:13:53.000-0400","dest":"catherine.rebekah.ad.rebekah.fi","dvc":"catherine","dvc_nt_host":"catherine","event_id":"211120","eventtype":"winapp wineventlog_application wineventlog_common wineventlog_windows","host":"catherine","id":"211120","index":"providencia","linecount":"14","punct":"//_::_\\r=\\r=\\r=\\r=\\r=\\r=....\\r=\\r=\\r=\\r=\\r=_____.__:____.\\r\\r\\r\\r","severity":"Warning","severity_id":"3","signature_id":"1000","source":"ProVidenCia:Application","sourcetype":"WinEventLog:Application","splunk_server":"isa-l004.bm.kamilah","tag":"os\nwindows\nwindows_management","tag::eventtype":"os\nwindows\nwindows_management"}}
{"preview":true,"result":{"ComputerName":"catherine.rebekah.ad.rebekah.fi","EventCode":"1000","EventType":"3","Keywords":"Classic","LogName":"Application","Message":"Security policies were propagated with warning. 0nf : The data is invalid.\r\n\r\nAdvanced help for this problem is available on http://support.hannelore.com. Query for \"troubleshooting 1000 events\".","OpCode":"None","RecordNumber":"052111","SourceName":"HssJbm","TaskCategory":"None","Type":"Warning","_raw":"00/00/0010 05:08:44 AM\nLogName=Application\nNbcjldEuuh=HssJbm\nZxjruJwks=1000\nEventType=3\nType=Warning\nComputerName=catherine.rebekah.ad.rebekah.fi\nWmvzDqlubluk=None\nOpCode=None\nEipevqKbqtoi=052111\nKeywords=Classic\nMessage=Security policies were propagated with warning. 0nf : The data is invalid.\r\n\r\nAdvanced help for this problem is available on http://support.hannelore.com. Query for \"troubleshooting 1000 events\".","_time":"2020-10-17T05:08:44.000-0400","dest":"catherine.rebekah.ad.rebekah.fi","dvc":"catherine","dvc_nt_host":"catherine","event_id":"052111","eventtype":"winapp wineventlog_application wineventlog_common wineventlog_windows","host":"catherine","id":"052111","index":"providencia","linecount":"14","punct":"//_::_\\r=\\r=\\r=\\r=\\r=\\r=....\\r=\\r=\\r=\\r=\\r=_____.__:____.\\r\\r\\r\\r","severity":"Warning","severity_id":"3","signature_id":"1000","source":"ProVidenCia:Application","sourcetype":"WinEventLog:Application","splunk_server":"isa-l004.bm.kamilah","tag":"os\nwindows\nwindows_management","tag::eventtype":"os\nwindows\nwindows_management"}}
{"preview":true,"result":{"ComputerName":"catherine.rebekah.ad.rebekah.fi","EventCode":"1000","EventType":"3","Keywords":"Classic","LogName":"Application","Message":"Security policies were propagated with warning. 0nf : The data is invalid.\r\n\r\nAdvanced help for this problem is available on http://support.hannelore.com. Query for \"troubleshooting 1000 events\".","OpCode":"None","RecordNumber":"102024","SourceName":"HssJbm","TaskCategory":"None","Type":"Warning","_raw":"00/00/0010 05:03:36 AM\nLogName=Application\nNbcjldEuuh=HssJbm\nZxjruJwks=1000\nEventType=3\nType=Warning\nComputerName=catherine.rebekah.ad.rebekah.fi\nWmvzDqlubluk=None\nOpCode=None\nEipevqKbqtoi=102024\nKeywords=Classic\nMessage=Security policies were propagated with warning. 0nf : The data is invalid.\r\n\r\nAdvanced help for this problem is available on http://support.hannelore.com. Query for \"troubleshooting 1000 events\".","_time":"2020-10-17T05:03:36.000-0400","dest":"catherine.rebekah.ad.rebekah.fi","dvc":"catherine","dvc_nt_host":"catherine","event_id":"102024","eventtype":"winapp wineventlog_application wineventlog_common wineventlog_windows","host":"catherine","id":"102024","index":"providencia","linecount":"14","punct":"//_::_\\r=\\r=\\r=\\r=\\r=\\r=....\\r=\\r=\\r=\\r=\\r=_____.__:____.\\r\\r\\r\\r","severity":"Warning","severity_id":"3","signature_id":"1000","source":"ProVidenCia:Application","sourcetype":"WinEventLog:Application","splunk_server":"isa-l004.bm.kamilah","tag":"os\nwindows\nwindows_management","tag::eventtype":"os\nwindows\nwindows_management"}}
