{"preview":true,"result":{"ComputerName":"francisca.natacha.ad.natacha.on","EventCode":"1101","EventType":"3","Keywords":"Classic","LogName":"Application","Message":"Security policies were propagated with warning. 0ls : The data is invalid.\r\n\r\nAdvanced help for this problem is available on http://support.georgiann.com. Query for \"troubleshooting 1101 events\".","OpCode":"None","RecordNumber":"221400","SourceName":"NdvVxk","TaskCategory":"None","Type":"Warning","_raw":"10/01/0010 06:13:42 AM\nLogName=Application\nXcggtqWves=NdvVxk\nYcrmyTidr=1101\nEventType=3\nType=Warning\nComputerName=francisca.natacha.ad.natacha.on\nPngvGhnaxhtz=None\nOpCode=None\nShcwcnCrfqkz=221400\nKeywords=Classic\nMessage=Security policies were propagated with warning. 0ls : The data is invalid.\r\n\r\nAdvanced help for this problem is available on http://support.georgiann.com. Query for \"troubleshooting 1101 events\".","_time":"2020-10-19T06:13:42.000-0400","dest":"francisca.natacha.ad.natacha.on","dvc":"francisca","dvc_nt_host":"francisca","event_id":"221400","eventtype":"winapp wineventlog_application wineventlog_common wineventlog_windows","host":"francisca","id":"221400","index":"alejandrina","linecount":"14","punct":"//_::_\\r=\\r=\\r=\\r=\\r=\\r=....\\r=\\r=\\r=\\r=\\r=_____.__:____.\\r\\r\\r\\r","severity":"Warning","severity_id":"3","signature_id":"1101","source":"AleJandrIna:Application","sourcetype":"WinEventLog:Application","splunk_server":"lai-z007.aa.olympia","tag":"os\nwindows\nwindows_management","tag::eventtype":"os\nwindows\nwindows_management"}}
{"preview":true,"result":{"ComputerName":"francisca.natacha.ad.natacha.on","EventCode":"1101","EventType":"3","Keywords":"Classic","LogName":"Application","Message":"Security policies were propagated with warning. 0ls : The data is invalid.\r\n\r\nAdvanced help for this problem is available on http://support.georgiann.com. Query for \"troubleshooting 1101 events\".","OpCode":"None","RecordNumber":"222200","SourceName":"NdvVxk","TaskCategory":"None","Type":"Warning","_raw":"10/01/0010 06:03:26 AM\nLogName=Application\nXcggtqWves=NdvVxk\nYcrmyTidr=1101\nEventType=3\nType=Warning\nComputerName=francisca.natacha.ad.natacha.on\nPngvGhnaxhtz=None\nOpCode=None\nShcwcnCrfqkz=222200\nKeywords=Classic\nMessage=Security policies were propagated with warning. 0ls : The data is invalid.\r\n\r\nAdvanced help for this problem is available on http://support.georgiann.com. Query for \"troubleshooting 1101 events\".","_time":"2020-10-19T06:03:26.000-0400","dest":"francisca.natacha.ad.natacha.on","dvc":"francisca","dvc_nt_host":"francisca","event_id":"222200","eventtype":"winapp wineventlog_application wineventlog_common wineventlog_windows","host":"francisca","id":"222200","index":"alejandrina","linecount":"14","punct":"//_::_\\r=\\r=\\r=\\r=\\r=\\r=....\\r=\\r=\\r=\\r=\\r=_____.__:____.\\r\\r\\r\\r","severity":"Warning","severity_id":"3","signature_id":"1101","source":"AleJandrIna:Application","sourcetype":"WinEventLog:Application","splunk_server":"lai-r107.aa.olympia","tag":"os\nwindows\nwindows_management","tag::eventtype":"os\nwindows\nwindows_management"}}
{"preview":true,"result":{"ComputerName":"francisca.natacha.ad.natacha.on","EventCode":"1101","EventType":"3","Keywords":"Classic","LogName":"Application","Message":"Security policies were propagated with warning. 0ls : The data is invalid.\r\n\r\nAdvanced help for this problem is available on http://support.georgiann.com. Query for \"troubleshooting 1101 events\".","OpCode":"None","RecordNumber":"240146","SourceName":"NdvVxk","TaskCategory":"None","Type":"Warning","_raw":"10/01/0010 05:48:01 AM\nLogName=Application\nXcggtqWves=NdvVxk\nYcrmyTidr=1101\nEventType=3\nType=Warning\nComputerName=francisca.natacha.ad.natacha.on\nPngvGhnaxhtz=None\nOpCode=None\nShcwcnCrfqkz=240146\nKeywords=Classic\nMessage=Security policies were propagated with warning. 0ls : The data is invalid.\r\n\r\nAdvanced help for this problem is available on http://support.georgiann.com. Query for \"troubleshooting 1101 events\".","_time":"2020-10-19T05:48:01.000-0400","dest":"francisca.natacha.ad.natacha.on","dvc":"francisca","dvc_nt_host":"francisca","event_id":"240146","eventtype":"winapp wineventlog_application wineventlog_common wineventlog_windows","host":"francisca","id":"240146","index":"alejandrina","linecount":"14","punct":"//_::_\\r=\\r=\\r=\\r=\\r=\\r=....\\r=\\r=\\r=\\r=\\r=_____.__:____.\\r\\r\\r\\r","severity":"Warning","severity_id":"3","signature_id":"1101","source":"AleJandrIna:Application","sourcetype":"WinEventLog:Application","splunk_server":"lai-r107.aa.olympia","tag":"os\nwindows\nwindows_management","tag::eventtype":"os\nwindows\nwindows_management"}}
{"preview":true,"result":{"ComputerName":"CAP-O021.natacha.o.matt","EventCode":"1501","EventType":"4","Keywords":"Classic","LogName":"Application","Message":"Security policy in the Group policy objects has been applied successfully.","OpCode":"None","RecordNumber":"01871","SourceName":"NdvVxk","TaskCategory":"None","Type":"Information","_raw":"10/01/0010 05:40:05 AM\nLogName=Application\nXcggtqWves=NdvVxk\nYcrmyTidr=1501\nEventType=4\nType=Information\nComputerName=CAP-O021.natacha.o.matt\nPngvGhnaxhtz=None\nOpCode=None\nShcwcnCrfqkz=01871\nKeywords=Classic\nMessage=Security policy in the Group policy objects has been applied successfully.","_time":"2020-10-19T05:40:05.000-0400","dest":"CAP-O021.natacha.o.matt","dvc":"CAP-O021","dvc_nt_host":"CAP-O021","event_id":"01871","eventtype":"winapp wineventlog_application wineventlog_common wineventlog_windows","host":"CAP-O021","id":"01871","index":"alejandrina","linecount":"12","punct":"//_::_======-...=====__________.","severity":"Information","severity_id":"4","signature_id":"1501","source":"AleJandrIna:Application","sourcetype":"WinEventLog:Application","splunk_server":"lai-r107.aa.olympia","tag":"os\nwindows\nwindows_management","tag::eventtype":"os\nwindows\nwindows_management"}}
{"preview":true,"result":{"ComputerName":"francisca.natacha.ad.natacha.on","EventCode":"1101","EventType":"3","Keywords":"Classic","LogName":"Application","Message":"Security policies were propagated with warning. 0ls : The data is invalid.\r\n\r\nAdvanced help for this problem is available on http://support.georgiann.com. Query for \"troubleshooting 1101 events\".","OpCode":"None","RecordNumber":"170083","SourceName":"NdvVxk","TaskCategory":"None","Type":"Warning","_raw":"10/01/0010 05:32:41 AM\nLogName=Application\nXcggtqWves=NdvVxk\nYcrmyTidr=1101\nEventType=3\nType=Warning\nComputerName=francisca.natacha.ad.natacha.on\nPngvGhnaxhtz=None\nOpCode=None\nShcwcnCrfqkz=170083\nKeywords=Classic\nMessage=Security policies were propagated with warning. 0ls : The data is invalid.\r\n\r\nAdvanced help for this problem is available on http://support.georgiann.com. Query for \"troubleshooting 1101 events\".","_time":"2020-10-19T05:32:41.000-0400","dest":"francisca.natacha.ad.natacha.on","dvc":"francisca","dvc_nt_host":"francisca","event_id":"170083","eventtype":"winapp wineventlog_application wineventlog_common wineventlog_windows","host":"francisca","id":"170083","index":"alejandrina","linecount":"14","punct":"//_::_\\r=\\r=\\r=\\r=\\r=\\r=....\\r=\\r=\\r=\\r=\\r=_____.__:____.\\r\\r\\r\\r","severity":"Warning","severity_id":"3","signature_id":"1101","source":"AleJandrIna:Application","sourcetype":"WinEventLog:Application","splunk_server":"lai-r107.aa.olympia","tag":"os\nwindows\nwindows_management","tag::eventtype":"os\nwindows\nwindows_management"}}
{"preview":true,"result":{"ComputerName":"CAP-O021.natacha.o.matt","EventCode":"05380","EventType":"4","Keywords":"Classic","LogName":"Application","Message":"Lawanna jackeline migration succeeded.","OpCode":"The operation completed successfully.","RecordNumber":"01279","SourceName":"Georgiann-Windows-Security-JOI","TaskCategory":"None","Type":"Information","_raw":"10/01/0010 05:26:54 AM\nLogName=Application\nXcggtqWves=Georgiann-Windows-Security-JOI\nYcrmyTidr=05380\nEventType=4\nType=Information\nComputerName=CAP-O021.natacha.o.matt\nPngvGhnaxhtz=None\nOpCode=The operation completed successfully.\nShcwcnCrfqkz=01279\nKeywords=Classic\nMessage=Lawanna jackeline migration succeeded.","_time":"2020-10-19T05:26:54.000-0400","dest":"CAP-O021.natacha.o.matt","dvc":"CAP-O021","dvc_nt_host":"CAP-O021","event_id":"01279","eventtype":"winapp wineventlog_application wineventlog_common wineventlog_windows","host":"CAP-O021","id":"01279","index":"alejandrina","linecount":"12","punct":"//_::_==---====-...==___.===___.","severity":"Information","severity_id":"4","signature_id":"05380","source":"AleJandrIna:Application","sourcetype":"WinEventLog:Application","splunk_server":"lai-r107.aa.olympia","tag":"os\nwindows\nwindows_management","tag::eventtype":"os\nwindows\nwindows_management"}}
{"preview":true,"result":{"ComputerName":"francisca.natacha.ad.natacha.on","EventCode":"1101","EventType":"3","Keywords":"Classic","LogName":"Application","Message":"Security policies were propagated with warning. 0ls : The data is invalid.\r\n\r\nAdvanced help for this problem is available on http://support.georgiann.com. Query for \"troubleshooting 1101 events\".","OpCode":"None","RecordNumber":"250092","SourceName":"NdvVxk","TaskCategory":"None","Type":"Warning","_raw":"10/01/0010 05:22:28 AM\nLogName=Application\nXcggtqWves=NdvVxk\nYcrmyTidr=1101\nEventType=3\nType=Warning\nComputerName=francisca.natacha.ad.natacha.on\nPngvGhnaxhtz=None\nOpCode=None\nShcwcnCrfqkz=250092\nKeywords=Classic\nMessage=Security policies were propagated with warning. 0ls : The data is invalid.\r\n\r\nAdvanced help for this problem is available on http://support.georgiann.com. Query for \"troubleshooting 1101 events\".","_time":"2020-10-19T05:22:28.000-0400","dest":"francisca.natacha.ad.natacha.on","dvc":"francisca","dvc_nt_host":"francisca","event_id":"250092","eventtype":"winapp wineventlog_application wineventlog_common wineventlog_windows","host":"francisca","id":"250092","index":"alejandrina","linecount":"14","punct":"//_::_\\r=\\r=\\r=\\r=\\r=\\r=....\\r=\\r=\\r=\\r=\\r=_____.__:____.\\r\\r\\r\\r","severity":"Warning","severity_id":"3","signature_id":"1101","source":"AleJandrIna:Application","sourcetype":"WinEventLog:Application","splunk_server":"lai-z007.aa.olympia","tag":"os\nwindows\nwindows_management","tag::eventtype":"os\nwindows\nwindows_management"}}
{"preview":true,"result":{"ComputerName":"francisca.natacha.ad.natacha.on","EventCode":"1101","EventType":"3","Keywords":"Classic","LogName":"Application","Message":"Security policies were propagated with warning. 0ls : The data is invalid.\r\n\r\nAdvanced help for this problem is available on http://support.georgiann.com. Query for \"troubleshooting 1101 events\".","OpCode":"None","RecordNumber":"270800","SourceName":"NdvVxk","TaskCategory":"None","Type":"Warning","_raw":"10/01/0010 05:17:24 AM\nLogName=Application\nXcggtqWves=NdvVxk\nYcrmyTidr=1101\nEventType=3\nType=Warning\nComputerName=francisca.natacha.ad.natacha.on\nPngvGhnaxhtz=None\nOpCode=None\nShcwcnCrfqkz=270800\nKeywords=Classic\nMessage=Security policies were propagated with warning. 0ls : The data is invalid.\r\n\r\nAdvanced help for this problem is available on http://support.georgiann.com. Query for \"troubleshooting 1101 events\".","_time":"2020-10-19T05:17:24.000-0400","dest":"francisca.natacha.ad.natacha.on","dvc":"francisca","dvc_nt_host":"francisca","event_id":"270800","eventtype":"winapp wineventlog_application wineventlog_common wineventlog_windows","host":"francisca","id":"270800","index":"alejandrina","linecount":"14","punct":"//_::_\\r=\\r=\\r=\\r=\\r=\\r=....\\r=\\r=\\r=\\r=\\r=_____.__:____.\\r\\r\\r\\r","severity":"Warning","severity_id":"3","signature_id":"1101","source":"AleJandrIna:Application","sourcetype":"WinEventLog:Application","splunk_server":"lai-r107.aa.olympia","tag":"os\nwindows\nwindows_management","tag::eventtype":"os\nwindows\nwindows_management"}}
{"preview":true,"result":{"ComputerName":"francisca.natacha.ad.natacha.on","EventCode":"1101","EventType":"3","Keywords":"Classic","LogName":"Application","Message":"Security policies were propagated with warning. 0ls : The data is invalid.\r\n\r\nAdvanced help for this problem is available on http://support.georgiann.com. Query for \"troubleshooting 1101 events\".","OpCode":"None","RecordNumber":"272558","SourceName":"NdvVxk","TaskCategory":"None","Type":"Warning","_raw":"10/01/0010 05:07:12 AM\nLogName=Application\nXcggtqWves=NdvVxk\nYcrmyTidr=1101\nEventType=3\nType=Warning\nComputerName=francisca.natacha.ad.natacha.on\nPngvGhnaxhtz=None\nOpCode=None\nShcwcnCrfqkz=272558\nKeywords=Classic\nMessage=Security policies were propagated with warning. 0ls : The data is invalid.\r\n\r\nAdvanced help for this problem is available on http://support.georgiann.com. Query for \"troubleshooting 1101 events\".","_time":"2020-10-19T05:07:12.000-0400","dest":"francisca.natacha.ad.natacha.on","dvc":"francisca","dvc_nt_host":"francisca","event_id":"272558","eventtype":"winapp wineventlog_application wineventlog_common wineventlog_windows","host":"francisca","id":"272558","index":"alejandrina","linecount":"14","punct":"//_::_\\r=\\r=\\r=\\r=\\r=\\r=....\\r=\\r=\\r=\\r=\\r=_____.__:____.\\r\\r\\r\\r","severity":"Warning","severity_id":"3","signature_id":"1101","source":"AleJandrIna:Application","sourcetype":"WinEventLog:Application","splunk_server":"lai-r107.aa.olympia","tag":"os\nwindows\nwindows_management","tag::eventtype":"os\nwindows\nwindows_management"}}
{"preview":true,"result":{"ComputerName":"francisca.natacha.ad.natacha.on","EventCode":"1101","EventType":"3","Keywords":"Classic","LogName":"Application","Message":"Security policies were propagated with warning. 0ls : The data is invalid.\r\n\r\nAdvanced help for this problem is available on http://support.georgiann.com. Query for \"troubleshooting 1101 events\".","OpCode":"None","RecordNumber":"032850","SourceName":"NdvVxk","TaskCategory":"None","Type":"Warning","_raw":"10/01/0010 05:02:00 AM\nLogName=Application\nXcggtqWves=NdvVxk\nYcrmyTidr=1101\nEventType=3\nType=Warning\nComputerName=francisca.natacha.ad.natacha.on\nPngvGhnaxhtz=None\nOpCode=None\nShcwcnCrfqkz=032850\nKeywords=Classic\nMessage=Security policies were propagated with warning. 0ls : The data is invalid.\r\n\r\nAdvanced help for this problem is available on http://support.georgiann.com. Query for \"troubleshooting 1101 events\".","_time":"2020-10-19T05:02:00.000-0400","dest":"francisca.natacha.ad.natacha.on","dvc":"francisca","dvc_nt_host":"francisca","event_id":"032850","eventtype":"winapp wineventlog_application wineventlog_common wineventlog_windows","host":"francisca","id":"032850","index":"alejandrina","linecount":"14","punct":"//_::_\\r=\\r=\\r=\\r=\\r=\\r=....\\r=\\r=\\r=\\r=\\r=_____.__:____.\\r\\r\\r\\r","severity":"Warning","severity_id":"3","signature_id":"1101","source":"AleJandrIna:Application","sourcetype":"WinEventLog:Application","splunk_server":"lai-r107.aa.olympia","tag":"os\nwindows\nwindows_management","tag::eventtype":"os\nwindows\nwindows_management"}}
{"preview":true,"result":{"ComputerName":"francisca.natacha.ad.natacha.on","EventCode":"1101","EventType":"3","Keywords":"Classic","LogName":"Application","Message":"Security policies were propagated with warning. 0ls : The data is invalid.\r\n\r\nAdvanced help for this problem is available on http://support.georgiann.com. Query for \"troubleshooting 1101 events\".","OpCode":"None","RecordNumber":"071521","SourceName":"NdvVxk","TaskCategory":"None","Type":"Warning","_raw":"10/01/0010 04:56:52 AM\nLogName=Application\nXcggtqWves=NdvVxk\nYcrmyTidr=1101\nEventType=3\nType=Warning\nComputerName=francisca.natacha.ad.natacha.on\nPngvGhnaxhtz=None\nOpCode=None\nShcwcnCrfqkz=071521\nKeywords=Classic\nMessage=Security policies were propagated with warning. 0ls : The data is invalid.\r\n\r\nAdvanced help for this problem is available on http://support.georgiann.com. Query for \"troubleshooting 1101 events\".","_time":"2020-10-19T04:56:52.000-0400","dest":"francisca.natacha.ad.natacha.on","dvc":"francisca","dvc_nt_host":"francisca","event_id":"071521","eventtype":"winapp wineventlog_application wineventlog_common wineventlog_windows","host":"francisca","id":"071521","index":"alejandrina","linecount":"14","punct":"//_::_\\r=\\r=\\r=\\r=\\r=\\r=....\\r=\\r=\\r=\\r=\\r=_____.__:____.\\r\\r\\r\\r","severity":"Warning","severity_id":"3","signature_id":"1101","source":"AleJandrIna:Application","sourcetype":"WinEventLog:Application","splunk_server":"lai-z007.aa.olympia","tag":"os\nwindows\nwindows_management","tag::eventtype":"os\nwindows\nwindows_management"}}
{"preview":true,"result":{"ComputerName":"francisca.natacha.ad.natacha.on","EventCode":"1101","EventType":"3","Keywords":"Classic","LogName":"Application","Message":"Security policies were propagated with warning. 0ls : The data is invalid.\r\n\r\nAdvanced help for this problem is available on http://support.georgiann.com. Query for \"troubleshooting 1101 events\".","OpCode":"None","RecordNumber":"051045","SourceName":"NdvVxk","TaskCategory":"None","Type":"Warning","_raw":"10/01/0010 04:51:43 AM\nLogName=Application\nXcggtqWves=NdvVxk\nYcrmyTidr=1101\nEventType=3\nType=Warning\nComputerName=francisca.natacha.ad.natacha.on\nPngvGhnaxhtz=None\nOpCode=None\nShcwcnCrfqkz=051045\nKeywords=Classic\nMessage=Security policies were propagated with warning. 0ls : The data is invalid.\r\n\r\nAdvanced help for this problem is available on http://support.georgiann.com. Query for \"troubleshooting 1101 events\".","_time":"2020-10-19T04:51:43.000-0400","dest":"francisca.natacha.ad.natacha.on","dvc":"francisca","dvc_nt_host":"francisca","event_id":"051045","eventtype":"winapp wineventlog_application wineventlog_common wineventlog_windows","host":"francisca","id":"051045","index":"alejandrina","linecount":"14","punct":"//_::_\\r=\\r=\\r=\\r=\\r=\\r=....\\r=\\r=\\r=\\r=\\r=_____.__:____.\\r\\r\\r\\r","severity":"Warning","severity_id":"3","signature_id":"1101","source":"AleJandrIna:Application","sourcetype":"WinEventLog:Application","splunk_server":"lai-z007.aa.olympia","tag":"os\nwindows\nwindows_management","tag::eventtype":"os\nwindows\nwindows_management"}}
{"preview":true,"result":{"ComputerName":"francisca.natacha.ad.natacha.on","EventCode":"1101","EventType":"3","Keywords":"Classic","LogName":"Application","Message":"Security policies were propagated with warning. 0ls : The data is invalid.\r\n\r\nAdvanced help for this problem is available on http://support.georgiann.com. Query for \"troubleshooting 1101 events\".","OpCode":"None","RecordNumber":"231611","SourceName":"NdvVxk","TaskCategory":"None","Type":"Warning","_raw":"10/01/0010 04:36:23 AM\nLogName=Application\nXcggtqWves=NdvVxk\nYcrmyTidr=1101\nEventType=3\nType=Warning\nComputerName=francisca.natacha.ad.natacha.on\nPngvGhnaxhtz=None\nOpCode=None\nShcwcnCrfqkz=231611\nKeywords=Classic\nMessage=Security policies were propagated with warning. 0ls : The data is invalid.\r\n\r\nAdvanced help for this problem is available on http://support.georgiann.com. Query for \"troubleshooting 1101 events\".","_time":"2020-10-19T04:36:23.000-0400","dest":"francisca.natacha.ad.natacha.on","dvc":"francisca","dvc_nt_host":"francisca","event_id":"231611","eventtype":"winapp wineventlog_application wineventlog_common wineventlog_windows","host":"francisca","id":"231611","index":"alejandrina","linecount":"14","punct":"//_::_\\r=\\r=\\r=\\r=\\r=\\r=....\\r=\\r=\\r=\\r=\\r=_____.__:____.\\r\\r\\r\\r","severity":"Warning","severity_id":"3","signature_id":"1101","source":"AleJandrIna:Application","sourcetype":"WinEventLog:Application","splunk_server":"lai-z007.aa.olympia","tag":"os\nwindows\nwindows_management","tag::eventtype":"os\nwindows\nwindows_management"}}
{"preview":true,"result":{"ComputerName":"francisca.natacha.ad.natacha.on","EventCode":"1101","EventType":"3","Keywords":"Classic","LogName":"Application","Message":"Security policies were propagated with warning. 0ls : The data is invalid.\r\n\r\nAdvanced help for this problem is available on http://support.georgiann.com. Query for \"troubleshooting 1101 events\".","OpCode":"None","RecordNumber":"261112","SourceName":"NdvVxk","TaskCategory":"None","Type":"Warning","_raw":"10/01/0010 04:31:19 AM\nLogName=Application\nXcggtqWves=NdvVxk\nYcrmyTidr=1101\nEventType=3\nType=Warning\nComputerName=francisca.natacha.ad.natacha.on\nPngvGhnaxhtz=None\nOpCode=None\nShcwcnCrfqkz=261112\nKeywords=Classic\nMessage=Security policies were propagated with warning. 0ls : The data is invalid.\r\n\r\nAdvanced help for this problem is available on http://support.georgiann.com. Query for \"troubleshooting 1101 events\".","_time":"2020-10-19T04:31:19.000-0400","dest":"francisca.natacha.ad.natacha.on","dvc":"francisca","dvc_nt_host":"francisca","event_id":"261112","eventtype":"winapp wineventlog_application wineventlog_common wineventlog_windows","host":"francisca","id":"261112","index":"alejandrina","linecount":"14","punct":"//_::_\\r=\\r=\\r=\\r=\\r=\\r=....\\r=\\r=\\r=\\r=\\r=_____.__:____.\\r\\r\\r\\r","severity":"Warning","severity_id":"3","signature_id":"1101","source":"AleJandrIna:Application","sourcetype":"WinEventLog:Application","splunk_server":"lai-r107.aa.olympia","tag":"os\nwindows\nwindows_management","tag::eventtype":"os\nwindows\nwindows_management"}}
{"preview":true,"result":{"ComputerName":"francisca.natacha.ad.natacha.on","EventCode":"1101","EventType":"3","Keywords":"Classic","LogName":"Application","Message":"Security policies were propagated with warning. 0ls : The data is invalid.\r\n\r\nAdvanced help for this problem is available on http://support.georgiann.com. Query for \"troubleshooting 1101 events\".","OpCode":"None","RecordNumber":"152326","SourceName":"NdvVxk","TaskCategory":"None","Type":"Warning","_raw":"10/01/0010 04:10:47 AM\nLogName=Application\nXcggtqWves=NdvVxk\nYcrmyTidr=1101\nEventType=3\nType=Warning\nComputerName=francisca.natacha.ad.natacha.on\nPngvGhnaxhtz=None\nOpCode=None\nShcwcnCrfqkz=152326\nKeywords=Classic\nMessage=Security policies were propagated with warning. 0ls : The data is invalid.\r\n\r\nAdvanced help for this problem is available on http://support.georgiann.com. Query for \"troubleshooting 1101 events\".","_time":"2020-10-19T04:10:47.000-0400","dest":"francisca.natacha.ad.natacha.on","dvc":"francisca","dvc_nt_host":"francisca","event_id":"152326","eventtype":"winapp wineventlog_application wineventlog_common wineventlog_windows","host":"francisca","id":"152326","index":"alejandrina","linecount":"14","punct":"//_::_\\r=\\r=\\r=\\r=\\r=\\r=....\\r=\\r=\\r=\\r=\\r=_____.__:____.\\r\\r\\r\\r","severity":"Warning","severity_id":"3","signature_id":"1101","source":"AleJandrIna:Application","sourcetype":"WinEventLog:Application","splunk_server":"lai-r107.aa.olympia","tag":"os\nwindows\nwindows_management","tag::eventtype":"os\nwindows\nwindows_management"}}
{"preview":true,"result":{"ComputerName":"francisca.natacha.ad.natacha.on","EventCode":"1101","EventType":"3","Keywords":"Classic","LogName":"Application","Message":"Security policies were propagated with warning. 0ls : The data is invalid.\r\n\r\nAdvanced help for this problem is available on http://support.georgiann.com. Query for \"troubleshooting 1101 events\".","OpCode":"None","RecordNumber":"101831","SourceName":"NdvVxk","TaskCategory":"None","Type":"Warning","_raw":"10/01/0010 03:50:19 AM\nLogName=Application\nXcggtqWves=NdvVxk\nYcrmyTidr=1101\nEventType=3\nType=Warning\nComputerName=francisca.natacha.ad.natacha.on\nPngvGhnaxhtz=None\nOpCode=None\nShcwcnCrfqkz=101831\nKeywords=Classic\nMessage=Security policies were propagated with warning. 0ls : The data is invalid.\r\n\r\nAdvanced help for this problem is available on http://support.georgiann.com. Query for \"troubleshooting 1101 events\".","_time":"2020-10-19T03:50:19.000-0400","dest":"francisca.natacha.ad.natacha.on","dvc":"francisca","dvc_nt_host":"francisca","event_id":"101831","eventtype":"winapp wineventlog_application wineventlog_common wineventlog_windows","host":"francisca","id":"101831","index":"alejandrina","linecount":"14","punct":"//_::_\\r=\\r=\\r=\\r=\\r=\\r=....\\r=\\r=\\r=\\r=\\r=_____.__:____.\\r\\r\\r\\r","severity":"Warning","severity_id":"3","signature_id":"1101","source":"AleJandrIna:Application","sourcetype":"WinEventLog:Application","splunk_server":"lai-r107.aa.olympia","tag":"os\nwindows\nwindows_management","tag::eventtype":"os\nwindows\nwindows_management"}}
{"preview":true,"result":{"ComputerName":"francisca.natacha.ad.natacha.on","EventCode":"1101","EventType":"3","Keywords":"Classic","LogName":"Application","Message":"Security policies were propagated with warning. 0ls : The data is invalid.\r\n\r\nAdvanced help for this problem is available on http://support.georgiann.com. Query for \"troubleshooting 1101 events\".","OpCode":"None","RecordNumber":"100012","SourceName":"NdvVxk","TaskCategory":"None","Type":"Warning","_raw":"10/01/0010 03:40:03 AM\nLogName=Application\nXcggtqWves=NdvVxk\nYcrmyTidr=1101\nEventType=3\nType=Warning\nComputerName=francisca.natacha.ad.natacha.on\nPngvGhnaxhtz=None\nOpCode=None\nShcwcnCrfqkz=100012\nKeywords=Classic\nMessage=Security policies were propagated with warning. 0ls : The data is invalid.\r\n\r\nAdvanced help for this problem is available on http://support.georgiann.com. Query for \"troubleshooting 1101 events\".","_time":"2020-10-19T03:40:03.000-0400","dest":"francisca.natacha.ad.natacha.on","dvc":"francisca","dvc_nt_host":"francisca","event_id":"100012","eventtype":"winapp wineventlog_application wineventlog_common wineventlog_windows","host":"francisca","id":"100012","index":"alejandrina","linecount":"14","punct":"//_::_\\r=\\r=\\r=\\r=\\r=\\r=....\\r=\\r=\\r=\\r=\\r=_____.__:____.\\r\\r\\r\\r","severity":"Warning","severity_id":"3","signature_id":"1101","source":"AleJandrIna:Application","sourcetype":"WinEventLog:Application","splunk_server":"lai-z007.aa.olympia","tag":"os\nwindows\nwindows_management","tag::eventtype":"os\nwindows\nwindows_management"}}
{"preview":true,"result":{"ComputerName":"francisca.natacha.ad.natacha.on","EventCode":"1101","EventType":"3","Keywords":"Classic","LogName":"Application","Message":"Security policies were propagated with warning. 0ls : The data is invalid.\r\n\r\nAdvanced help for this problem is available on http://support.georgiann.com. Query for \"troubleshooting 1101 events\".","OpCode":"None","RecordNumber":"150100","SourceName":"NdvVxk","TaskCategory":"None","Type":"Warning","_raw":"10/01/0010 03:34:56 AM\nLogName=Application\nXcggtqWves=NdvVxk\nYcrmyTidr=1101\nEventType=3\nType=Warning\nComputerName=francisca.natacha.ad.natacha.on\nPngvGhnaxhtz=None\nOpCode=None\nShcwcnCrfqkz=150100\nKeywords=Classic\nMessage=Security policies were propagated with warning. 0ls : The data is invalid.\r\n\r\nAdvanced help for this problem is available on http://support.georgiann.com. Query for \"troubleshooting 1101 events\".","_time":"2020-10-19T03:34:56.000-0400","dest":"francisca.natacha.ad.natacha.on","dvc":"francisca","dvc_nt_host":"francisca","event_id":"150100","eventtype":"winapp wineventlog_application wineventlog_common wineventlog_windows","host":"francisca","id":"150100","index":"alejandrina","linecount":"14","punct":"//_::_\\r=\\r=\\r=\\r=\\r=\\r=....\\r=\\r=\\r=\\r=\\r=_____.__:____.\\r\\r\\r\\r","severity":"Warning","severity_id":"3","signature_id":"1101","source":"AleJandrIna:Application","sourcetype":"WinEventLog:Application","splunk_server":"lai-z007.aa.olympia","tag":"os\nwindows\nwindows_management","tag::eventtype":"os\nwindows\nwindows_management"}}
{"preview":true,"result":{"ComputerName":"francisca.natacha.ad.natacha.on","EventCode":"1101","EventType":"3","Keywords":"Classic","LogName":"Application","Message":"Security policies were propagated with warning. 0ls : The data is invalid.\r\n\r\nAdvanced help for this problem is available on http://support.georgiann.com. Query for \"troubleshooting 1101 events\".","OpCode":"None","RecordNumber":"061018","SourceName":"NdvVxk","TaskCategory":"None","Type":"Warning","_raw":"10/01/0010 03:24:40 AM\nLogName=Application\nXcggtqWves=NdvVxk\nYcrmyTidr=1101\nEventType=3\nType=Warning\nComputerName=francisca.natacha.ad.natacha.on\nPngvGhnaxhtz=None\nOpCode=None\nShcwcnCrfqkz=061018\nKeywords=Classic\nMessage=Security policies were propagated with warning. 0ls : The data is invalid.\r\n\r\nAdvanced help for this problem is available on http://support.georgiann.com. Query for \"troubleshooting 1101 events\".","_time":"2020-10-19T03:24:40.000-0400","dest":"francisca.natacha.ad.natacha.on","dvc":"francisca","dvc_nt_host":"francisca","event_id":"061018","eventtype":"winapp wineventlog_application wineventlog_common wineventlog_windows","host":"francisca","id":"061018","index":"alejandrina","linecount":"14","punct":"//_::_\\r=\\r=\\r=\\r=\\r=\\r=....\\r=\\r=\\r=\\r=\\r=_____.__:____.\\r\\r\\r\\r","severity":"Warning","severity_id":"3","signature_id":"1101","source":"AleJandrIna:Application","sourcetype":"WinEventLog:Application","splunk_server":"lai-z007.aa.olympia","tag":"os\nwindows\nwindows_management","tag::eventtype":"os\nwindows\nwindows_management"}}
{"preview":true,"result":{"ComputerName":"francisca.natacha.ad.natacha.on","EventCode":"1101","EventType":"3","Keywords":"Classic","LogName":"Application","Message":"Security policies were propagated with warning. 0ls : The data is invalid.\r\n\r\nAdvanced help for this problem is available on http://support.georgiann.com. Query for \"troubleshooting 1101 events\".","OpCode":"None","RecordNumber":"230024","SourceName":"NdvVxk","TaskCategory":"None","Type":"Warning","_raw":"10/01/0010 03:09:20 AM\nLogName=Application\nXcggtqWves=NdvVxk\nYcrmyTidr=1101\nEventType=3\nType=Warning\nComputerName=francisca.natacha.ad.natacha.on\nPngvGhnaxhtz=None\nOpCode=None\nShcwcnCrfqkz=230024\nKeywords=Classic\nMessage=Security policies were propagated with warning. 0ls : The data is invalid.\r\n\r\nAdvanced help for this problem is available on http://support.georgiann.com. Query for \"troubleshooting 1101 events\".","_time":"2020-10-19T03:09:20.000-0400","dest":"francisca.natacha.ad.natacha.on","dvc":"francisca","dvc_nt_host":"francisca","event_id":"230024","eventtype":"winapp wineventlog_application wineventlog_common wineventlog_windows","host":"francisca","id":"230024","index":"alejandrina","linecount":"14","punct":"//_::_\\r=\\r=\\r=\\r=\\r=\\r=....\\r=\\r=\\r=\\r=\\r=_____.__:____.\\r\\r\\r\\r","severity":"Warning","severity_id":"3","signature_id":"1101","source":"AleJandrIna:Application","sourcetype":"WinEventLog:Application","splunk_server":"lai-r107.aa.olympia","tag":"os\nwindows\nwindows_management","tag::eventtype":"os\nwindows\nwindows_management"}}
{"preview":true,"result":{"ComputerName":"CAP-O021.natacha.o.matt","EventCode":"16374","EventType":"4","Keywords":"Classic","LogName":"Application","Message":"Successfully scheduled Software Protection service for re-start at 0010-10-00G06:12:05Y. Reason: JgnmjZatzwz.","OpCode":"The operation completed successfully.","RecordNumber":"10841","SourceName":"Georgiann-Windows-Security-JOI","TaskCategory":"None","Type":"Information","_raw":"10/01/0010 03:03:07 AM\nLogName=Application\nXcggtqWves=Georgiann-Windows-Security-JOI\nYcrmyTidr=16374\nEventType=4\nType=Information\nComputerName=CAP-O021.natacha.o.matt\nPngvGhnaxhtz=None\nOpCode=The operation completed successfully.\nShcwcnCrfqkz=10841\nKeywords=Classic\nMessage=Successfully scheduled Software Protection service for re-start at 0010-10-00G06:46:05Y. Reason: JgnmjZatzwz.","_time":"2020-10-19T03:03:07.000-0400","dest":"CAP-O021.natacha.o.matt","dvc":"CAP-O021","dvc_nt_host":"CAP-O021","event_id":"10841","eventtype":"winapp wineventlog_application wineventlog_common wineventlog_windows","host":"CAP-O021","id":"10841","index":"alejandrina","linecount":"12","punct":"//_::_==---====-...==___.===______-__--::._:_.","severity":"Information","severity_id":"4","signature_id":"16374","source":"AleJandrIna:Application","sourcetype":"WinEventLog:Application","splunk_server":"lai-z007.aa.olympia","tag":"os\nwindows\nwindows_management","tag::eventtype":"os\nwindows\nwindows_management"}}
{"preview":true,"result":{"ComputerName":"francisca.natacha.ad.natacha.on","EventCode":"1101","EventType":"3","Keywords":"Classic","LogName":"Application","Message":"Security policies were propagated with warning. 0ls : The data is invalid.\r\n\r\nAdvanced help for this problem is available on http://support.georgiann.com. Query for \"troubleshooting 1101 events\".","OpCode":"None","RecordNumber":"132010","SourceName":"NdvVxk","TaskCategory":"None","Type":"Warning","_raw":"10/01/0010 02:38:23 AM\nLogName=Application\nXcggtqWves=NdvVxk\nYcrmyTidr=1101\nEventType=3\nType=Warning\nComputerName=francisca.natacha.ad.natacha.on\nPngvGhnaxhtz=None\nOpCode=None\nShcwcnCrfqkz=132010\nKeywords=Classic\nMessage=Security policies were propagated with warning. 0ls : The data is invalid.\r\n\r\nAdvanced help for this problem is available on http://support.georgiann.com. Query for \"troubleshooting 1101 events\".","_time":"2020-10-19T02:38:23.000-0400","dest":"francisca.natacha.ad.natacha.on","dvc":"francisca","dvc_nt_host":"francisca","event_id":"132010","eventtype":"winapp wineventlog_application wineventlog_common wineventlog_windows","host":"francisca","id":"132010","index":"alejandrina","linecount":"14","punct":"//_::_\\r=\\r=\\r=\\r=\\r=\\r=....\\r=\\r=\\r=\\r=\\r=_____.__:____.\\r\\r\\r\\r","severity":"Warning","severity_id":"3","signature_id":"1101","source":"AleJandrIna:Application","sourcetype":"WinEventLog:Application","splunk_server":"lai-r107.aa.olympia","tag":"os\nwindows\nwindows_management","tag::eventtype":"os\nwindows\nwindows_management"}}
{"preview":true,"result":{"ComputerName":"francisca.natacha.ad.natacha.on","EventCode":"1101","EventType":"3","Keywords":"Classic","LogName":"Application","Message":"Security policies were propagated with warning. 0ls : The data is invalid.\r\n\r\nAdvanced help for this problem is available on http://support.georgiann.com. Query for \"troubleshooting 1101 events\".","OpCode":"None","RecordNumber":"040625","SourceName":"NdvVxk","TaskCategory":"None","Type":"Warning","_raw":"10/01/0010 02:23:06 AM\nLogName=Application\nXcggtqWves=NdvVxk\nYcrmyTidr=1101\nEventType=3\nType=Warning\nComputerName=francisca.natacha.ad.natacha.on\nPngvGhnaxhtz=None\nOpCode=None\nShcwcnCrfqkz=040625\nKeywords=Classic\nMessage=Security policies were propagated with warning. 0ls : The data is invalid.\r\n\r\nAdvanced help for this problem is available on http://support.georgiann.com. Query for \"troubleshooting 1101 events\".","_time":"2020-10-19T02:23:06.000-0400","dest":"francisca.natacha.ad.natacha.on","dvc":"francisca","dvc_nt_host":"francisca","event_id":"040625","eventtype":"winapp wineventlog_application wineventlog_common wineventlog_windows","host":"francisca","id":"040625","index":"alejandrina","linecount":"14","punct":"//_::_\\r=\\r=\\r=\\r=\\r=\\r=....\\r=\\r=\\r=\\r=\\r=_____.__:____.\\r\\r\\r\\r","severity":"Warning","severity_id":"3","signature_id":"1101","source":"AleJandrIna:Application","sourcetype":"WinEventLog:Application","splunk_server":"lai-z007.aa.olympia","tag":"os\nwindows\nwindows_management","tag::eventtype":"os\nwindows\nwindows_management"}}
{"preview":true,"result":{"ComputerName":"francisca.natacha.ad.natacha.on","EventCode":"1101","EventType":"3","Keywords":"Classic","LogName":"Application","Message":"Security policies were propagated with warning. 0ls : The data is invalid.\r\n\r\nAdvanced help for this problem is available on http://support.georgiann.com. Query for \"troubleshooting 1101 events\".","OpCode":"None","RecordNumber":"050733","SourceName":"NdvVxk","TaskCategory":"None","Type":"Warning","_raw":"10/01/0010 02:12:54 AM\nLogName=Application\nXcggtqWves=NdvVxk\nYcrmyTidr=1101\nEventType=3\nType=Warning\nComputerName=francisca.natacha.ad.natacha.on\nPngvGhnaxhtz=None\nOpCode=None\nShcwcnCrfqkz=050733\nKeywords=Classic\nMessage=Security policies were propagated with warning. 0ls : The data is invalid.\r\n\r\nAdvanced help for this problem is available on http://support.georgiann.com. Query for \"troubleshooting 1101 events\".","_time":"2020-10-19T02:12:54.000-0400","dest":"francisca.natacha.ad.natacha.on","dvc":"francisca","dvc_nt_host":"francisca","event_id":"050733","eventtype":"winapp wineventlog_application wineventlog_common wineventlog_windows","host":"francisca","id":"050733","index":"alejandrina","linecount":"14","punct":"//_::_\\r=\\r=\\r=\\r=\\r=\\r=....\\r=\\r=\\r=\\r=\\r=_____.__:____.\\r\\r\\r\\r","severity":"Warning","severity_id":"3","signature_id":"1101","source":"AleJandrIna:Application","sourcetype":"WinEventLog:Application","splunk_server":"lai-z007.aa.olympia","tag":"os\nwindows\nwindows_management","tag::eventtype":"os\nwindows\nwindows_management"}}
{"preview":true,"result":{"ComputerName":"francisca.natacha.ad.natacha.on","EventCode":"1101","EventType":"3","Keywords":"Classic","LogName":"Application","Message":"Security policies were propagated with warning. 0ls : The data is invalid.\r\n\r\nAdvanced help for this problem is available on http://support.georgiann.com. Query for \"troubleshooting 1101 events\".","OpCode":"None","RecordNumber":"222301","SourceName":"NdvVxk","TaskCategory":"None","Type":"Warning","_raw":"10/01/0010 01:57:28 AM\nLogName=Application\nXcggtqWves=NdvVxk\nYcrmyTidr=1101\nEventType=3\nType=Warning\nComputerName=francisca.natacha.ad.natacha.on\nPngvGhnaxhtz=None\nOpCode=None\nShcwcnCrfqkz=222301\nKeywords=Classic\nMessage=Security policies were propagated with warning. 0ls : The data is invalid.\r\n\r\nAdvanced help for this problem is available on http://support.georgiann.com. Query for \"troubleshooting 1101 events\".","_time":"2020-10-19T01:57:28.000-0400","dest":"francisca.natacha.ad.natacha.on","dvc":"francisca","dvc_nt_host":"francisca","event_id":"222301","eventtype":"winapp wineventlog_application wineventlog_common wineventlog_windows","host":"francisca","id":"222301","index":"alejandrina","linecount":"14","punct":"//_::_\\r=\\r=\\r=\\r=\\r=\\r=....\\r=\\r=\\r=\\r=\\r=_____.__:____.\\r\\r\\r\\r","severity":"Warning","severity_id":"3","signature_id":"1101","source":"AleJandrIna:Application","sourcetype":"WinEventLog:Application","splunk_server":"lai-r107.aa.olympia","tag":"os\nwindows\nwindows_management","tag::eventtype":"os\nwindows\nwindows_management"}}
{"preview":true,"result":{"ComputerName":"francisca.natacha.ad.natacha.on","EventCode":"1101","EventType":"3","Keywords":"Classic","LogName":"Application","Message":"Security policies were propagated with warning. 0ls : The data is invalid.\r\n\r\nAdvanced help for this problem is available on http://support.georgiann.com. Query for \"troubleshooting 1101 events\".","OpCode":"None","RecordNumber":"111837","SourceName":"NdvVxk","TaskCategory":"None","Type":"Warning","_raw":"10/01/0010 12:50:44 AM\nLogName=Application\nXcggtqWves=NdvVxk\nYcrmyTidr=1101\nEventType=3\nType=Warning\nComputerName=francisca.natacha.ad.natacha.on\nPngvGhnaxhtz=None\nOpCode=None\nShcwcnCrfqkz=111837\nKeywords=Classic\nMessage=Security policies were propagated with warning. 0ls : The data is invalid.\r\n\r\nAdvanced help for this problem is available on http://support.georgiann.com. Query for \"troubleshooting 1101 events\".","_time":"2020-10-19T00:50:44.000-0400","dest":"francisca.natacha.ad.natacha.on","dvc":"francisca","dvc_nt_host":"francisca","event_id":"111837","eventtype":"winapp wineventlog_application wineventlog_common wineventlog_windows","host":"francisca","id":"111837","index":"alejandrina","linecount":"14","punct":"//_::_\\r=\\r=\\r=\\r=\\r=\\r=....\\r=\\r=\\r=\\r=\\r=_____.__:____.\\r\\r\\r\\r","severity":"Warning","severity_id":"3","signature_id":"1101","source":"AleJandrIna:Application","sourcetype":"WinEventLog:Application","splunk_server":"lai-r107.aa.olympia","tag":"os\nwindows\nwindows_management","tag::eventtype":"os\nwindows\nwindows_management"}}
{"preview":true,"result":{"ComputerName":"francisca.natacha.ad.natacha.on","EventCode":"1101","EventType":"3","Keywords":"Classic","LogName":"Application","Message":"Security policies were propagated with warning. 0ls : The data is invalid.\r\n\r\nAdvanced help for this problem is available on http://support.georgiann.com. Query for \"troubleshooting 1101 events\".","OpCode":"None","RecordNumber":"042326","SourceName":"NdvVxk","TaskCategory":"None","Type":"Warning","_raw":"10/01/0010 12:45:36 AM\nLogName=Application\nXcggtqWves=NdvVxk\nYcrmyTidr=1101\nEventType=3\nType=Warning\nComputerName=francisca.natacha.ad.natacha.on\nPngvGhnaxhtz=None\nOpCode=None\nShcwcnCrfqkz=042326\nKeywords=Classic\nMessage=Security policies were propagated with warning. 0ls : The data is invalid.\r\n\r\nAdvanced help for this problem is available on http://support.georgiann.com. Query for \"troubleshooting 1101 events\".","_time":"2020-10-19T00:45:36.000-0400","dest":"francisca.natacha.ad.natacha.on","dvc":"francisca","dvc_nt_host":"francisca","event_id":"042326","eventtype":"winapp wineventlog_application wineventlog_common wineventlog_windows","host":"francisca","id":"042326","index":"alejandrina","linecount":"14","punct":"//_::_\\r=\\r=\\r=\\r=\\r=\\r=....\\r=\\r=\\r=\\r=\\r=_____.__:____.\\r\\r\\r\\r","severity":"Warning","severity_id":"3","signature_id":"1101","source":"AleJandrIna:Application","sourcetype":"WinEventLog:Application","splunk_server":"lai-r107.aa.olympia","tag":"os\nwindows\nwindows_management","tag::eventtype":"os\nwindows\nwindows_management"}}
{"preview":true,"result":{"ComputerName":"francisca.natacha.ad.natacha.on","EventCode":"1101","EventType":"3","Keywords":"Classic","LogName":"Application","Message":"Security policies were propagated with warning. 0ls : The data is invalid.\r\n\r\nAdvanced help for this problem is available on http://support.georgiann.com. Query for \"troubleshooting 1101 events\".","OpCode":"None","RecordNumber":"251530","SourceName":"NdvVxk","TaskCategory":"None","Type":"Warning","_raw":"10/01/0010 12:04:34 AM\nLogName=Application\nXcggtqWves=NdvVxk\nYcrmyTidr=1101\nEventType=3\nType=Warning\nComputerName=francisca.natacha.ad.natacha.on\nPngvGhnaxhtz=None\nOpCode=None\nShcwcnCrfqkz=251530\nKeywords=Classic\nMessage=Security policies were propagated with warning. 0ls : The data is invalid.\r\n\r\nAdvanced help for this problem is available on http://support.georgiann.com. Query for \"troubleshooting 1101 events\".","_time":"2020-10-19T00:04:34.000-0400","dest":"francisca.natacha.ad.natacha.on","dvc":"francisca","dvc_nt_host":"francisca","event_id":"251530","eventtype":"winapp wineventlog_application wineventlog_common wineventlog_windows","host":"francisca","id":"251530","index":"alejandrina","linecount":"14","punct":"//_::_\\r=\\r=\\r=\\r=\\r=\\r=....\\r=\\r=\\r=\\r=\\r=_____.__:____.\\r\\r\\r\\r","severity":"Warning","severity_id":"3","signature_id":"1101","source":"AleJandrIna:Application","sourcetype":"WinEventLog:Application","splunk_server":"lai-r107.aa.olympia","tag":"os\nwindows\nwindows_management","tag::eventtype":"os\nwindows\nwindows_management"}}
{"preview":true,"result":{"ComputerName":"francisca.natacha.ad.natacha.on","EventCode":"1101","EventType":"3","Keywords":"Classic","LogName":"Application","Message":"Security policies were propagated with warning. 0ls : The data is invalid.\r\n\r\nAdvanced help for this problem is available on http://support.georgiann.com. Query for \"troubleshooting 1101 events\".","OpCode":"None","RecordNumber":"040702","SourceName":"NdvVxk","TaskCategory":"None","Type":"Warning","_raw":"10/12/0010 11:49:14 PM\nLogName=Application\nXcggtqWves=NdvVxk\nYcrmyTidr=1101\nEventType=3\nType=Warning\nComputerName=francisca.natacha.ad.natacha.on\nPngvGhnaxhtz=None\nOpCode=None\nShcwcnCrfqkz=040702\nKeywords=Classic\nMessage=Security policies were propagated with warning. 0ls : The data is invalid.\r\n\r\nAdvanced help for this problem is available on http://support.georgiann.com. Query for \"troubleshooting 1101 events\".","_time":"2020-10-18T23:49:14.000-0400","dest":"francisca.natacha.ad.natacha.on","dvc":"francisca","dvc_nt_host":"francisca","event_id":"040702","eventtype":"winapp wineventlog_application wineventlog_common wineventlog_windows","host":"francisca","id":"040702","index":"alejandrina","linecount":"14","punct":"//_::_\\r=\\r=\\r=\\r=\\r=\\r=....\\r=\\r=\\r=\\r=\\r=_____.__:____.\\r\\r\\r\\r","severity":"Warning","severity_id":"3","signature_id":"1101","source":"AleJandrIna:Application","sourcetype":"WinEventLog:Application","splunk_server":"lai-r107.aa.olympia","tag":"os\nwindows\nwindows_management","tag::eventtype":"os\nwindows\nwindows_management"}}
{"preview":true,"result":{"ComputerName":"francisca.natacha.ad.natacha.on","EventCode":"1101","EventType":"3","Keywords":"Classic","LogName":"Application","Message":"Security policies were propagated with warning. 0ls : The data is invalid.\r\n\r\nAdvanced help for this problem is available on http://support.georgiann.com. Query for \"troubleshooting 1101 events\".","OpCode":"None","RecordNumber":"250410","SourceName":"NdvVxk","TaskCategory":"None","Type":"Warning","_raw":"10/12/0010 11:13:28 PM\nLogName=Application\nXcggtqWves=NdvVxk\nYcrmyTidr=1101\nEventType=3\nType=Warning\nComputerName=francisca.natacha.ad.natacha.on\nPngvGhnaxhtz=None\nOpCode=None\nShcwcnCrfqkz=250410\nKeywords=Classic\nMessage=Security policies were propagated with warning. 0ls : The data is invalid.\r\n\r\nAdvanced help for this problem is available on http://support.georgiann.com. Query for \"troubleshooting 1101 events\".","_time":"2020-10-18T23:13:28.000-0400","dest":"francisca.natacha.ad.natacha.on","dvc":"francisca","dvc_nt_host":"francisca","event_id":"250410","eventtype":"winapp wineventlog_application wineventlog_common wineventlog_windows","host":"francisca","id":"250410","index":"alejandrina","linecount":"14","punct":"//_::_\\r=\\r=\\r=\\r=\\r=\\r=....\\r=\\r=\\r=\\r=\\r=_____.__:____.\\r\\r\\r\\r","severity":"Warning","severity_id":"3","signature_id":"1101","source":"AleJandrIna:Application","sourcetype":"WinEventLog:Application","splunk_server":"lai-r107.aa.olympia","tag":"os\nwindows\nwindows_management","tag::eventtype":"os\nwindows\nwindows_management"}}
{"preview":true,"result":{"ComputerName":"francisca.natacha.ad.natacha.on","EventCode":"1101","EventType":"3","Keywords":"Classic","LogName":"Application","Message":"Security policies were propagated with warning. 0ls : The data is invalid.\r\n\r\nAdvanced help for this problem is available on http://support.georgiann.com. Query for \"troubleshooting 1101 events\".","OpCode":"None","RecordNumber":"070110","SourceName":"NdvVxk","TaskCategory":"None","Type":"Warning","_raw":"10/12/0010 10:52:59 PM\nLogName=Application\nXcggtqWves=NdvVxk\nYcrmyTidr=1101\nEventType=3\nType=Warning\nComputerName=francisca.natacha.ad.natacha.on\nPngvGhnaxhtz=None\nOpCode=None\nShcwcnCrfqkz=070110\nKeywords=Classic\nMessage=Security policies were propagated with warning. 0ls : The data is invalid.\r\n\r\nAdvanced help for this problem is available on http://support.georgiann.com. Query for \"troubleshooting 1101 events\".","_time":"2020-10-18T22:52:59.000-0400","dest":"francisca.natacha.ad.natacha.on","dvc":"francisca","dvc_nt_host":"francisca","event_id":"070110","eventtype":"winapp wineventlog_application wineventlog_common wineventlog_windows","host":"francisca","id":"070110","index":"alejandrina","linecount":"14","punct":"//_::_\\r=\\r=\\r=\\r=\\r=\\r=....\\r=\\r=\\r=\\r=\\r=_____.__:____.\\r\\r\\r\\r","severity":"Warning","severity_id":"3","signature_id":"1101","source":"AleJandrIna:Application","sourcetype":"WinEventLog:Application","splunk_server":"lai-r107.aa.olympia","tag":"os\nwindows\nwindows_management","tag::eventtype":"os\nwindows\nwindows_management"}}
{"preview":true,"result":{"ComputerName":"francisca.natacha.ad.natacha.on","EventCode":"1101","EventType":"3","Keywords":"Classic","LogName":"Application","Message":"Security policies were propagated with warning. 0ls : The data is invalid.\r\n\r\nAdvanced help for this problem is available on http://support.georgiann.com. Query for \"troubleshooting 1101 events\".","OpCode":"None","RecordNumber":"042104","SourceName":"NdvVxk","TaskCategory":"None","Type":"Warning","_raw":"10/12/0010 10:42:43 PM\nLogName=Application\nXcggtqWves=NdvVxk\nYcrmyTidr=1101\nEventType=3\nType=Warning\nComputerName=francisca.natacha.ad.natacha.on\nPngvGhnaxhtz=None\nOpCode=None\nShcwcnCrfqkz=042104\nKeywords=Classic\nMessage=Security policies were propagated with warning. 0ls : The data is invalid.\r\n\r\nAdvanced help for this problem is available on http://support.georgiann.com. Query for \"troubleshooting 1101 events\".","_time":"2020-10-18T22:42:43.000-0400","dest":"francisca.natacha.ad.natacha.on","dvc":"francisca","dvc_nt_host":"francisca","event_id":"042104","eventtype":"winapp wineventlog_application wineventlog_common wineventlog_windows","host":"francisca","id":"042104","index":"alejandrina","linecount":"14","punct":"//_::_\\r=\\r=\\r=\\r=\\r=\\r=....\\r=\\r=\\r=\\r=\\r=_____.__:____.\\r\\r\\r\\r","severity":"Warning","severity_id":"3","signature_id":"1101","source":"AleJandrIna:Application","sourcetype":"WinEventLog:Application","splunk_server":"lai-r107.aa.olympia","tag":"os\nwindows\nwindows_management","tag::eventtype":"os\nwindows\nwindows_management"}}
