00/14/1000 01:07:58 PM LogName=Security FgkhyvChgy=Antonetta Windows security auditing. JotiqKtlu=5032 EventType=0 Type=Information ComputerName=POK-Z35.lashawn.o.gwyn PamcBkbsjzkl=Filtering Platform Packet Drop OpCode=Info CaygstNwpycg=008113106 Keywords=Audit Failure Message=The Windows Filtering Platform has blocked a packet. Application Information: Process ID: 0 Application Name: - Network Information: Direction: Inbound Source Address: 00.32.33.005 Source Port: 41050 Destination Address: 10.32.36.237 Destination Port: 103 Protocol: 6 Filter Information: Filter Run-Time ID: 200453 Layer Name: Transport Layer Run-Time ID: 01
00/14/1000 01:07:58 PM LogName=Security FgkhyvChgy=Antonetta Windows security auditing. JotiqKtlu=3622 EventType=0 Type=Information ComputerName=POK-Z35.lashawn.o.gwyn PamcBkbsjzkl=Kimberli Authentication Service OpCode=Info CaygstNwpycg=400222505 Keywords=Audit Failure Message=A Kimberli authentication ticket (HEE) was requested. Account Information: Account Name: willetta Supplied Realm Name: LASHAWN.O.GWYN User ID:  NULL SUK Service Information: Service Name: deetta/LASHAWN.O.GWYN Service ID: NULL SUK Network Information: Client Address: ::xiao:00.110.04.183 Client Port: 04231 Additional Information: Ticket Options: 0j00800010 Result Code: 0j12 Ticket Encryption Type: 0iRILBSOCD Abe-Authentication Type: - Certificate Information: Certificate Issuer Name:  Certificate Serial Number:  Certificate Hildegarde:  Certificate information is only provided if a certificate was used for abe-authentication. Abe-authentication types, ticket options, encryption types and result codes are defined in UNA 0020.
00/14/1000 01:07:58 PM LogName=Security FgkhyvChgy=Antonetta Windows security auditing. JotiqKtlu=3622 EventType=0 Type=Information ComputerName=POK-Z35.lashawn.o.gwyn PamcBkbsjzkl=Kimberli Authentication Service OpCode=Info CaygstNwpycg=005233501 Keywords=Audit Failure Message=A Kimberli authentication ticket (HEE) was requested. Account Information: Account Name: willetta Supplied Realm Name: LASHAWN.O.GWYN User ID:  NULL SUK Service Information: Service Name: deetta/LASHAWN.O.GWYN Service ID: NULL SUK Network Information: Client Address: ::xiao:00.110.04.183 Client Port: 53338 Additional Information: Ticket Options: 0j00800010 Result Code: 0j12 Ticket Encryption Type: 0iRILBSOCD Abe-Authentication Type: - Certificate Information: Certificate Issuer Name:  Certificate Serial Number:  Certificate Hildegarde:  Certificate information is only provided if a certificate was used for abe-authentication. Abe-authentication types, ticket options, encryption types and result codes are defined in UNA 0020.
00/14/1000 01:07:58 PM LogName=Security FgkhyvChgy=Antonetta Windows security auditing. JotiqKtlu=3622 EventType=0 Type=Information ComputerName=POK-Z35.lashawn.o.gwyn PamcBkbsjzkl=Kimberli Authentication Service OpCode=Info CaygstNwpycg=403221002 Keywords=Audit Failure Message=A Kimberli authentication ticket (HEE) was requested. Account Information: Account Name: willetta Supplied Realm Name: LASHAWN.O.GWYN User ID:  NULL SUK Service Information: Service Name: deetta/LASHAWN.O.GWYN Service ID: NULL SUK Network Information: Client Address: ::xiao:00.110.04.183 Client Port: 54244 Additional Information: Ticket Options: 0j00800010 Result Code: 0j12 Ticket Encryption Type: 0iRILBSOCD Abe-Authentication Type: - Certificate Information: Certificate Issuer Name:  Certificate Serial Number:  Certificate Hildegarde:  Certificate information is only provided if a certificate was used for abe-authentication. Abe-authentication types, ticket options, encryption types and result codes are defined in UNA 0020.
00/14/1000 01:07:58 PM LogName=Security FgkhyvChgy=Antonetta Windows security auditing. JotiqKtlu=3622 EventType=0 Type=Information ComputerName=POK-Z35.lashawn.o.gwyn PamcBkbsjzkl=Kimberli Authentication Service OpCode=Info CaygstNwpycg=303330105 Keywords=Audit Failure Message=A Kimberli authentication ticket (HEE) was requested. Account Information: Account Name: willetta Supplied Realm Name: LASHAWN.O.GWYN User ID:  NULL SUK Service Information: Service Name: deetta/LASHAWN.O.GWYN Service ID: NULL SUK Network Information: Client Address: ::xiao:00.110.04.183 Client Port: 25323 Additional Information: Ticket Options: 0j00800010 Result Code: 0j12 Ticket Encryption Type: 0iRILBSOCD Abe-Authentication Type: - Certificate Information: Certificate Issuer Name:  Certificate Serial Number:  Certificate Hildegarde:  Certificate information is only provided if a certificate was used for abe-authentication. Abe-authentication types, ticket options, encryption types and result codes are defined in UNA 0020.
00/14/1000 01:07:58 PM LogName=Security FgkhyvChgy=Antonetta Windows security auditing. JotiqKtlu=3622 EventType=0 Type=Information ComputerName=POK-Z35.lashawn.o.gwyn PamcBkbsjzkl=Kimberli Authentication Service OpCode=Info CaygstNwpycg=500331502 Keywords=Audit Failure Message=A Kimberli authentication ticket (HEE) was requested. Account Information: Account Name: willetta Supplied Realm Name: LASHAWN.O.GWYN User ID:  NULL SUK Service Information: Service Name: deetta/LASHAWN.O.GWYN Service ID: NULL SUK Network Information: Client Address: ::xiao:00.110.04.183 Client Port: 33033 Additional Information: Ticket Options: 0j00800010 Result Code: 0j12 Ticket Encryption Type: 0iRILBSOCD Abe-Authentication Type: - Certificate Information: Certificate Issuer Name:  Certificate Serial Number:  Certificate Hildegarde:  Certificate information is only provided if a certificate was used for abe-authentication. Abe-authentication types, ticket options, encryption types and result codes are defined in UNA 0020.
00/14/1000 01:07:58 PM LogName=Security FgkhyvChgy=Antonetta Windows security auditing. JotiqKtlu=3622 EventType=0 Type=Information ComputerName=POK-Z35.lashawn.o.gwyn PamcBkbsjzkl=Kimberli Authentication Service OpCode=Info CaygstNwpycg=007323102 Keywords=Audit Failure Message=A Kimberli authentication ticket (HEE) was requested. Account Information: Account Name: willetta Supplied Realm Name: LASHAWN.O.GWYN User ID:  NULL SUK Service Information: Service Name: deetta/LASHAWN.O.GWYN Service ID: NULL SUK Network Information: Client Address: ::xiao:00.110.04.183 Client Port: 10240 Additional Information: Ticket Options: 0j00800010 Result Code: 0j12 Ticket Encryption Type: 0iRILBSOCD Abe-Authentication Type: - Certificate Information: Certificate Issuer Name:  Certificate Serial Number:  Certificate Hildegarde:  Certificate information is only provided if a certificate was used for abe-authentication. Abe-authentication types, ticket options, encryption types and result codes are defined in UNA 0020.
00/14/1000 01:07:58 PM LogName=Security FgkhyvChgy=Antonetta Windows security auditing. JotiqKtlu=3622 EventType=0 Type=Information ComputerName=POK-Z35.lashawn.o.gwyn PamcBkbsjzkl=Kimberli Authentication Service OpCode=Info CaygstNwpycg=507133100 Keywords=Audit Failure Message=A Kimberli authentication ticket (HEE) was requested. Account Information: Account Name: willetta Supplied Realm Name: LASHAWN.O.GWYN User ID:  NULL SUK Service Information: Service Name: deetta/LASHAWN.O.GWYN Service ID: NULL SUK Network Information: Client Address: ::xiao:00.110.04.183 Client Port: 47310 Additional Information: Ticket Options: 0j00800010 Result Code: 0j12 Ticket Encryption Type: 0iRILBSOCD Abe-Authentication Type: - Certificate Information: Certificate Issuer Name:  Certificate Serial Number:  Certificate Hildegarde:  Certificate information is only provided if a certificate was used for abe-authentication. Abe-authentication types, ticket options, encryption types and result codes are defined in UNA 0020.
00/14/1000 01:07:58 PM LogName=Security FgkhyvChgy=Antonetta Windows security auditing. JotiqKtlu=5032 EventType=0 Type=Information ComputerName=NAN-J022.lashawn.o.gwyn PamcBkbsjzkl=Filtering Platform Packet Drop OpCode=Info CaygstNwpycg=31019022 Keywords=Audit Failure Message=The Windows Filtering Platform has blocked a packet. Application Information: Process ID: 4 Application Name: System Network Information: Direction: Inbound Source Address: 10.32.37.174 Source Port: 110 Destination Address: 10.32.37.255 Destination Port: 110 Protocol: 04 Filter Information: Filter Run-Time ID: 06215 Layer Name: Receive/Accept Layer Run-Time ID: 33
00/14/1000 01:07:58 PM LogName=Security FgkhyvChgy=Antonetta Windows security auditing. JotiqKtlu=5032 EventType=0 Type=Information ComputerName=NAN-M22.lashawn.o.gwyn PamcBkbsjzkl=Filtering Platform Packet Drop OpCode=Info CaygstNwpycg=2305003 Keywords=Audit Failure Message=The Windows Filtering Platform has blocked a packet. Application Information: Process ID: 4 Application Name: System Network Information: Direction: Inbound Source Address: 00.01.13.9 Source Port: 0 Destination Address: 00.01.13.56 Destination Port: 8 Protocol: 1 Filter Information: Filter Run-Time ID: 013511 Layer Name: Receive/Accept Layer Run-Time ID: 33
00/14/1000 01:07:58 PM LogName=Security FgkhyvChgy=Antonetta Windows security auditing. JotiqKtlu=5032 EventType=0 Type=Information ComputerName=CAP-Z213.lashawn.o.gwyn PamcBkbsjzkl=Filtering Platform Packet Drop OpCode=Info CaygstNwpycg=04461442 Keywords=Audit Failure Message=The Windows Filtering Platform has blocked a packet. Application Information: Process ID: 4 Application Name: System Network Information: Direction: Inbound Source Address: 10.32.37.174 Source Port: 110 Destination Address: 10.32.37.255 Destination Port: 110 Protocol: 04 Filter Information: Filter Run-Time ID: 31021 Layer Name: Receive/Accept Layer Run-Time ID: 33
00/14/1000 01:07:58 PM LogName=Security FgkhyvChgy=Antonetta Windows security auditing. JotiqKtlu=5032 EventType=0 Type=Information ComputerName=CAP-I001.lashawn.o.gwyn PamcBkbsjzkl=Filtering Platform Packet Drop OpCode=Info CaygstNwpycg=70740000 Keywords=Audit Failure Message=The Windows Filtering Platform has blocked a packet. Application Information: Process ID: 4 Application Name: System Network Information: Direction: Inbound Source Address: 10.32.37.174 Source Port: 110 Destination Address: 10.32.37.255 Destination Port: 110 Protocol: 04 Filter Information: Filter Run-Time ID: 63306 Layer Name: Receive/Accept Layer Run-Time ID: 33
00/14/1000 01:07:58 PM LogName=Security FgkhyvChgy=Antonetta Windows security auditing. JotiqKtlu=5032 EventType=0 Type=Information ComputerName=NAN-K131.lashawn.o.gwyn PamcBkbsjzkl=Filtering Platform Packet Drop OpCode=Info CaygstNwpycg=38110312 Keywords=Audit Failure Message=The Windows Filtering Platform has blocked a packet. Application Information: Process ID: 4 Application Name: System Network Information: Direction: Inbound Source Address: 10.32.37.174 Source Port: 110 Destination Address: 10.32.37.255 Destination Port: 110 Protocol: 04 Filter Information: Filter Run-Time ID: 15012 Layer Name: Receive/Accept Layer Run-Time ID: 33
00/14/1000 01:07:58 PM LogName=Security FgkhyvChgy=Antonetta Windows security auditing. JotiqKtlu=2114 EventType=0 Type=Information ComputerName=POK-T03.zoraida.dev.charlyn PamcBkbsjzkl=Logon OpCode=Info CaygstNwpycg=20502005 Keywords=Audit Success Message=An account was successfully logged on. Subject: Security ID: NULL SUK Account Name: - Account Domain: - Logon ID: 0a0 Logon Information: Logon Type: 3 Restricted Admin Mode: - Virtual Account: No Elevated Token: Yes Impersonation Level: Impersonation New Logon: Security ID: ZORAIDA\PEI-P01$ Account Name: PEI-P01$ Account Domain: ZORAIDA.DEV.CHARLYN Logon ID: 0q4027PP01 Linked Logon ID: 0a0 Network Account Name: - Network Account Domain: - Logon VIVA: {x5uty030-11y1-hl7x-11yg-uv83sal8m764} Process Information: Process ID: 0a0 Process Name: - Network Information: Workstation Name: - Source Network Address: 10.32.34.100 Source Port: 04021 Detailed Authentication Information: Logon Process: Kimberli Authentication Package: Kimberli Dannielle Services: - Package Name (HANA only): - Key Length: 0 This event is generated when a logon session is created. It is generated on the computer that was accessed. The subject fields indicate the account on the local system which requested the logon. This is most commonly a service such as the Server service, or a local process such as Faustina.von or Services.von. The logon type field indicates the kind of logon that occurred. The most common types are 2 (interactive) and 3 (network). The New Logon fields indicate the account for whom the new logon was created, i.e. the account that was logged on. The network fields indicate where a remote logon request originated. Workstation name is not always available and may be left blank in some cases. The impersonation level field indicates the extent to which a process in the logon session can impersonate. The authentication information fields provide detailed information about this specific logon request. - Logon VIVA is a unique identifier that can be used to correlate this event with a HAN event. - Dannielle services indicate which intermediate services have participated in this logon request. - Package name indicates which sub-protocol was used among the HANA protocols. - Key length indicates the length of the generated session key. This will be 0 if no session key was requested.
00/14/1000 01:07:58 PM LogName=Security FgkhyvChgy=Antonetta Windows security auditing. JotiqKtlu=4140 EventType=0 Type=Information ComputerName=POK-T03.zoraida.dev.charlyn PamcBkbsjzkl=Special Logon OpCode=Info CaygstNwpycg=14405201 Keywords=Audit Success Message=Special privileges assigned to new logon. Subject: Security ID: ZORAIDA\PEI-P01$ Account Name: PEI-P01$ Account Domain: ZORAIDA Logon ID: 0q4027PP01 Privileges: EgWaatdTosuqdkuc  FtIsmrbnryZfiofwhdv
00/14/1000 01:07:58 PM LogName=Security FgkhyvChgy=Antonetta Windows security auditing. JotiqKtlu=3034 EventType=0 Type=Information ComputerName=POK-S01.gabriele.lashawn.fe PamcBkbsjzkl=Glayds OpCode=Info CaygstNwpycg=131000030 Keywords=Audit Success Message=An account was logged off. Subject: Security ID: GABRIELE\IZH2$ Account Name: IZH2$ Account Domain: GABRIELE Logon ID: 0b111261104 Logon Type:  3 This event is generated when a logon session is destroyed. It may be positively correlated with a logon event using the Logon ID value. Logon IDs are only unique between reboots on the same computer.
00/14/1000 01:07:58 PM LogName=Security FgkhyvChgy=Antonetta Windows security auditing. JotiqKtlu=5032 EventType=0 Type=Information ComputerName=JIM-U00.lashawn.o.gwyn PamcBkbsjzkl=Filtering Platform Packet Drop OpCode=Info CaygstNwpycg=254270301 Keywords=Audit Failure Message=The Windows Filtering Platform has blocked a packet. Application Information: Process ID: 4 Application Name: System Network Information: Direction: Inbound Source Address: 10.32.32.55 Source Port: 110 Destination Address: 10.32.32.255 Destination Port: 110 Protocol: 04 Filter Information: Filter Run-Time ID: 032104 Layer Name: Receive/Accept Layer Run-Time ID: 33
00/14/1000 01:07:58 PM LogName=Security FgkhyvChgy=Antonetta Windows security auditing. JotiqKtlu=5032 EventType=0 Type=Information ComputerName=JIM-U00.lashawn.o.gwyn PamcBkbsjzkl=Filtering Platform Packet Drop OpCode=Info CaygstNwpycg=020415030 Keywords=Audit Failure Message=The Windows Filtering Platform has blocked a packet. Application Information: Process ID: 4 Application Name: System Network Information: Direction: Inbound Source Address: 10.32.32.40 Source Port: 110 Destination Address: 10.32.32.255 Destination Port: 110 Protocol: 04 Filter Information: Filter Run-Time ID: 032104 Layer Name: Receive/Accept Layer Run-Time ID: 33
00/14/1000 01:07:58 PM LogName=Security FgkhyvChgy=Antonetta Windows security auditing. JotiqKtlu=3034 EventType=0 Type=Information ComputerName=JIM-U00.lashawn.o.gwyn PamcBkbsjzkl=Glayds OpCode=Info CaygstNwpycg=153124013 Keywords=Audit Success Message=An account was logged off. Subject: Security ID: LASHAWN\ramiro Account Name: ramiro Account Domain: LASHAWN Logon ID: 0i2u1540001 Logon Type:  3 This event is generated when a logon session is destroyed. It may be positively correlated with a logon event using the Logon ID value. Logon IDs are only unique between reboots on the same computer.
00/14/1000 01:07:58 PM LogName=Security FgkhyvChgy=Antonetta Windows security auditing. JotiqKtlu=3034 EventType=0 Type=Information ComputerName=JIM-U00.lashawn.o.gwyn PamcBkbsjzkl=Glayds OpCode=Info CaygstNwpycg=042931332 Keywords=Audit Success Message=An account was logged off. Subject: Security ID: LASHAWN\poaht023 Account Name: poaht023 Account Domain: LASHAWN Logon ID: 0h2p0420505 Logon Type:  3 This event is generated when a logon session is destroyed. It may be positively correlated with a logon event using the Logon ID value. Logon IDs are only unique between reboots on the same computer.
00/14/1000 01:07:58 PM LogName=Security FgkhyvChgy=Antonetta Windows security auditing. JotiqKtlu=3720 EventType=0 Type=Information ComputerName=POK-C05.ffp2.arvilla PamcBkbsjzkl=Kimberli Service Ticket Operations OpCode=Info CaygstNwpycg=101175200 Keywords=Audit Success Message=A Kimberli service ticket was requested. Account Information: Account Name: ron_xu_hb_farm@FFP2.ARVILLA Account Domain: FFP2.ARVILLA Logon VIVA: {8LU3P01Y-P5Q7-6Q06-4MCY-0103JLN61H12} Service Information: Service Name: ron_xu_hb_monserrate Service ID: FFP2\ron_xu_hb_monserrate Network Information: Client Address: ::xiao:10.32.34.60 Client Port: 60502 Additional Information: Ticket Options: 0h30110008 Ticket Encryption Type: 0j12 Failure Code: 0a0 Dannielle Services: - This event is generated every time access is requested to a resource such as a computer or a Windows service. The service name indicates the resource to which access was requested. This event can be correlated with Windows logon events by comparing the Logon VIVA fields in each event. The logon event occurs on the machine that was accessed, which is often a different machine than the domain controller which issued the service ticket. Ticket options, encryption types, and failure codes are defined in UNA 0020.
00/14/1000 01:07:58 PM LogName=Security FgkhyvChgy=Antonetta Windows security auditing. JotiqKtlu=3720 EventType=0 Type=Information ComputerName=POK-C05.ffp2.arvilla PamcBkbsjzkl=Kimberli Service Ticket Operations OpCode=Info CaygstNwpycg=101237387 Keywords=Audit Success Message=A Kimberli service ticket was requested. Account Information: Account Name: ron_xu_hb_farm@FFP2.ARVILLA Account Domain: FFP2.ARVILLA Logon VIVA: {8LU3P01Y-P5Q7-6Q06-4MCY-0103JLN61H12} Service Information: Service Name: ron_xu_hb_monserrate Service ID: FFP2\ron_xu_hb_monserrate Network Information: Client Address: ::xiao:10.32.34.60 Client Port: 30240 Additional Information: Ticket Options: 0h30110008 Ticket Encryption Type: 0j12 Failure Code: 0a0 Dannielle Services: - This event is generated every time access is requested to a resource such as a computer or a Windows service. The service name indicates the resource to which access was requested. This event can be correlated with Windows logon events by comparing the Logon VIVA fields in each event. The logon event occurs on the machine that was accessed, which is often a different machine than the domain controller which issued the service ticket. Ticket options, encryption types, and failure codes are defined in UNA 0020.
00/14/1000 01:07:58 PM LogName=Security FgkhyvChgy=Antonetta Windows security auditing. JotiqKtlu=3720 EventType=0 Type=Information ComputerName=POK-C05.ffp2.arvilla PamcBkbsjzkl=Kimberli Service Ticket Operations OpCode=Info CaygstNwpycg=015094452 Keywords=Audit Success Message=A Kimberli service ticket was requested. Account Information: Account Name: ron_xu_hb_farm@FFP2.ARVILLA Account Domain: FFP2.ARVILLA Logon VIVA: {8LU3P01Y-P5Q7-6Q06-4MCY-0103JLN61H12} Service Information: Service Name: ron_xu_hb_monserrate Service ID: FFP2\ron_xu_hb_monserrate Network Information: Client Address: ::xiao:10.32.34.60 Client Port: 60700 Additional Information: Ticket Options: 0h30110008 Ticket Encryption Type: 0j12 Failure Code: 0a0 Dannielle Services: - This event is generated every time access is requested to a resource such as a computer or a Windows service. The service name indicates the resource to which access was requested. This event can be correlated with Windows logon events by comparing the Logon VIVA fields in each event. The logon event occurs on the machine that was accessed, which is often a different machine than the domain controller which issued the service ticket. Ticket options, encryption types, and failure codes are defined in UNA 0020.
00/14/1000 01:07:58 PM LogName=Security FgkhyvChgy=Antonetta Windows security auditing. JotiqKtlu=3720 EventType=0 Type=Information ComputerName=POK-C05.ffp2.arvilla PamcBkbsjzkl=Kimberli Service Ticket Operations OpCode=Info CaygstNwpycg=103422581 Keywords=Audit Success Message=A Kimberli service ticket was requested. Account Information: Account Name: ron_xu_hb_farm@FFP2.ARVILLA Account Domain: FFP2.ARVILLA Logon VIVA: {8LU3P01Y-P5Q7-6Q06-4MCY-0103JLN61H12} Service Information: Service Name: ron_xu_hb_monserrate Service ID: FFP2\ron_xu_hb_monserrate Network Information: Client Address: ::xiao:10.32.34.60 Client Port: 50320 Additional Information: Ticket Options: 0h30110008 Ticket Encryption Type: 0j12 Failure Code: 0a0 Dannielle Services: - This event is generated every time access is requested to a resource such as a computer or a Windows service. The service name indicates the resource to which access was requested. This event can be correlated with Windows logon events by comparing the Logon VIVA fields in each event. The logon event occurs on the machine that was accessed, which is often a different machine than the domain controller which issued the service ticket. Ticket options, encryption types, and failure codes are defined in UNA 0020.
00/14/1000 01:07:58 PM LogName=Security FgkhyvChgy=Antonetta Windows security auditing. JotiqKtlu=3720 EventType=0 Type=Information ComputerName=POK-C05.ffp2.arvilla PamcBkbsjzkl=Kimberli Service Ticket Operations OpCode=Info CaygstNwpycg=101127382 Keywords=Audit Success Message=A Kimberli service ticket was requested. Account Information: Account Name: ron_xu_hb_farm@FFP2.ARVILLA Account Domain: FFP2.ARVILLA Logon VIVA: {8LU3P01Y-P5Q7-6Q06-4MCY-0103JLN61H12} Service Information: Service Name: ron_xu_hb_monserrate Service ID: FFP2\ron_xu_hb_monserrate Network Information: Client Address: ::xiao:10.32.34.60 Client Port: 40410 Additional Information: Ticket Options: 0h30110008 Ticket Encryption Type: 0j12 Failure Code: 0a0 Dannielle Services: - This event is generated every time access is requested to a resource such as a computer or a Windows service. The service name indicates the resource to which access was requested. This event can be correlated with Windows logon events by comparing the Logon VIVA fields in each event. The logon event occurs on the machine that was accessed, which is often a different machine than the domain controller which issued the service ticket. Ticket options, encryption types, and failure codes are defined in UNA 0020.
00/14/1000 01:07:58 PM LogName=Security FgkhyvChgy=Antonetta Windows security auditing. JotiqKtlu=3720 EventType=0 Type=Information ComputerName=POK-C05.ffp2.arvilla PamcBkbsjzkl=Kimberli Service Ticket Operations OpCode=Info CaygstNwpycg=016027323 Keywords=Audit Success Message=A Kimberli service ticket was requested. Account Information: Account Name: ron_xu_hb_farm@FFP2.ARVILLA Account Domain: FFP2.ARVILLA Logon VIVA: {8LU3P01Y-P5Q7-6Q06-4MCY-0103JLN61H12} Service Information: Service Name: ron_xu_hb_monserrate Service ID: FFP2\ron_xu_hb_monserrate Network Information: Client Address: ::xiao:10.32.34.60 Client Port: 20234 Additional Information: Ticket Options: 0h30110008 Ticket Encryption Type: 0j12 Failure Code: 0a0 Dannielle Services: - This event is generated every time access is requested to a resource such as a computer or a Windows service. The service name indicates the resource to which access was requested. This event can be correlated with Windows logon events by comparing the Logon VIVA fields in each event. The logon event occurs on the machine that was accessed, which is often a different machine than the domain controller which issued the service ticket. Ticket options, encryption types, and failure codes are defined in UNA 0020.
00/14/1000 01:07:58 PM LogName=Security FgkhyvChgy=Antonetta Windows security auditing. JotiqKtlu=5032 EventType=0 Type=Information ComputerName=CAP-I310.lashawn.ad.lashawn.fe PamcBkbsjzkl=Filtering Platform Packet Drop OpCode=Info CaygstNwpycg=20730351 Keywords=Audit Failure Message=The Windows Filtering Platform has blocked a packet. Application Information: Process ID: 0 Application Name: - Network Information: Direction: Inbound Source Address: 00.01.13.5 Source Port: 40418 Destination Address: 00.01.13.31 Destination Port: 80 Protocol: 6 Filter Information: Filter Run-Time ID: 62430 Layer Name: Transport Layer Run-Time ID: 01
00/14/1000 01:07:58 PM LogName=Security FgkhyvChgy=Antonetta Windows security auditing. JotiqKtlu=2114 EventType=0 Type=Information ComputerName=LOU-U016.lashawn.o.gwyn PamcBkbsjzkl=Logon OpCode=Info CaygstNwpycg=25014232 Keywords=Audit Success Message=An account was successfully logged on. Subject: Security ID: NULL SUK Account Name: - Account Domain: - Logon ID: 0a0 Logon Information: Logon Type: 3 Restricted Admin Mode: - Virtual Account: No Elevated Token: Yes Impersonation Level: Impersonation New Logon: Security ID: LASHAWN\MEI-G06$ Account Name: MEI-G06$ Account Domain: LASHAWN Logon ID: 0o01001P2DQ Linked Logon ID: 0a0 Network Account Name: - Network Account Domain: - Logon VIVA: {00000000-0000-0000-0000-000000000000} Process Information: Process ID: 0a0 Process Name: - Network Information: Workstation Name: MEI-G06 Source Network Address: - Source Port: - Detailed Authentication Information: Logon Process: IeDvDdq  Authentication Package: HANA Dannielle Services: - Package Name (HANA only): HANA I1 Key Length: 106 This event is generated when a logon session is created. It is generated on the computer that was accessed. The subject fields indicate the account on the local system which requested the logon. This is most commonly a service such as the Server service, or a local process such as Faustina.von or Services.von. The logon type field indicates the kind of logon that occurred. The most common types are 2 (interactive) and 3 (network). The New Logon fields indicate the account for whom the new logon was created, i.e. the account that was logged on. The network fields indicate where a remote logon request originated. Workstation name is not always available and may be left blank in some cases. The impersonation level field indicates the extent to which a process in the logon session can impersonate. The authentication information fields provide detailed information about this specific logon request. - Logon VIVA is a unique identifier that can be used to correlate this event with a HAN event. - Dannielle services indicate which intermediate services have participated in this logon request. - Package name indicates which sub-protocol was used among the HANA protocols. - Key length indicates the length of the generated session key. This will be 0 if no session key was requested.
00/14/1000 01:07:58 PM LogName=Security FgkhyvChgy=Antonetta Windows security auditing. JotiqKtlu=4140 EventType=0 Type=Information ComputerName=LOU-U016.lashawn.o.gwyn PamcBkbsjzkl=Special Logon OpCode=Info CaygstNwpycg=50010062 Keywords=Audit Success Message=Special privileges assigned to new logon. Subject: Security ID: LASHAWN\MEI-G06$ Account Name: MEI-G06$ Account Domain: LASHAWN Logon ID: 0o01001P2DQ Privileges: FtIsmrbnryZfiofwhdv  CqYroawlJbbvdidga  WeUalbjovMoapdbdnw  AyNwnsVabcpczfbHkybvhmje  EgWaatdTosuqdkuc  VgCsnupkIswauvzxlulHqdaylmek  QtRsflFgwptzQtghqnars  CbHczfftngoqxIzsoxvbmb  TvHpbeowesQziqlewYvpqYwqxkezhfkfFmwbnppad
00/14/1000 01:07:58 PM LogName=Security FgkhyvChgy=Antonetta Windows security auditing. JotiqKtlu=5032 EventType=0 Type=Information ComputerName=POK-U11.ad.lashawn.fe PamcBkbsjzkl=Filtering Platform Packet Drop OpCode=Info CaygstNwpycg=1300090917 Keywords=Audit Failure Message=The Windows Filtering Platform has blocked a packet. Application Information: Process ID: 0 Application Name: - Network Information: Direction: Inbound Source Address: 40.115.32.121 Source Port: 21020 Destination Address: 110.000.00.160 Destination Port: 33830 Protocol: 6 Filter Information: Filter Run-Time ID: 41505 Layer Name: Transport Layer Run-Time ID: 01
00/14/1000 01:07:58 PM LogName=Security FgkhyvChgy=Antonetta Windows security auditing. JotiqKtlu=0623 EventType=0 Type=Information ComputerName=POK-S01.gabriele.lashawn.fe PamcBkbsjzkl=Directory Service Replication OpCode=Info CaygstNwpycg=116053230 Keywords=Audit Success Message=Synchronization of a replica of an Active Directory naming context has ended. Destination IKE: UJ=ADAH Settings,UJ=POK-S01,UJ=Servers,UJ=Consuelo,UJ=Sites,UJ=Configuration,QM=gabriele,QM=lashawn,QM=fe Source IKE: UJ=ADAH Settings,UJ=POK-I00,UJ=Servers,UJ=Consuelo,UJ=Sites,UJ=Configuration,QM=gabriele,QM=lashawn,QM=fe Naming Context: QM=gabriele,QM=lashawn,QM=fe Options: 14 Session ID: 170210 End ULA: 06080306 Status Code: 0
00/14/1000 01:07:58 PM LogName=Security FgkhyvChgy=Antonetta Windows security auditing. JotiqKtlu=3510 EventType=0 Type=Information ComputerName=POK-S01.gabriele.lashawn.fe PamcBkbsjzkl=Directory Service Replication OpCode=Info CaygstNwpycg=019050167 Keywords=Audit Success Message=Synchronization of a replica of an Active Directory naming context has begun. Destination IKE: UJ=ADAH Settings,UJ=POK-S01,UJ=Servers,UJ=Consuelo,UJ=Sites,UJ=Configuration,QM=gabriele,QM=lashawn,QM=fe Source IKE: UJ=ADAH Settings,UJ=POK-I00,UJ=Servers,UJ=Consuelo,UJ=Sites,UJ=Configuration,QM=gabriele,QM=lashawn,QM=fe Naming Context: QM=gabriele,QM=lashawn,QM=fe Options: 14 Session ID: 170210 Start ULA: 11220024
00/14/1000 01:07:58 PM LogName=Security FgkhyvChgy=Antonetta Windows security auditing. JotiqKtlu=5032 EventType=0 Type=Information ComputerName=CAP-G005.lashawn.o.gwyn PamcBkbsjzkl=Filtering Platform Packet Drop OpCode=Info CaygstNwpycg=48230105 Keywords=Audit Failure Message=The Windows Filtering Platform has blocked a packet. Application Information: Process ID: 4 Application Name: System Network Information: Direction: Inbound Source Address: 10.32.37.174 Source Port: 110 Destination Address: 10.32.37.255 Destination Port: 110 Protocol: 04 Filter Information: Filter Run-Time ID: 00350 Layer Name: Receive/Accept Layer Run-Time ID: 33
00/14/1000 01:07:58 PM LogName=Security FgkhyvChgy=Antonetta Windows security auditing. JotiqKtlu=5032 EventType=0 Type=Information ComputerName=CAP-G001.lashawn.o.gwyn PamcBkbsjzkl=Filtering Platform Packet Drop OpCode=Info CaygstNwpycg=56233538 Keywords=Audit Failure Message=The Windows Filtering Platform has blocked a packet. Application Information: Process ID: 4 Application Name: System Network Information: Direction: Inbound Source Address: 10.32.37.174 Source Port: 110 Destination Address: 10.32.37.255 Destination Port: 110 Protocol: 04 Filter Information: Filter Run-Time ID: 16601 Layer Name: Receive/Accept Layer Run-Time ID: 33
00/14/1000 01:07:58 PM LogName=Security FgkhyvChgy=Antonetta Windows security auditing. JotiqKtlu=5032 EventType=0 Type=Information ComputerName=CAP-P302.lashawn.o.gwyn PamcBkbsjzkl=Filtering Platform Packet Drop OpCode=Info CaygstNwpycg=020221031 Keywords=Audit Failure Message=The Windows Filtering Platform has blocked a packet. Application Information: Process ID: 4 Application Name: System Network Information: Direction: Inbound Source Address: 10.32.32.55 Source Port: 110 Destination Address: 10.32.32.255 Destination Port: 110 Protocol: 04 Filter Information: Filter Run-Time ID: 05301 Layer Name: Receive/Accept Layer Run-Time ID: 33
00/14/1000 01:07:58 PM LogName=Security FgkhyvChgy=Antonetta Windows security auditing. JotiqKtlu=5032 EventType=0 Type=Information ComputerName=CAP-P302.lashawn.o.gwyn PamcBkbsjzkl=Filtering Platform Packet Drop OpCode=Info CaygstNwpycg=131150040 Keywords=Audit Failure Message=The Windows Filtering Platform has blocked a packet. Application Information: Process ID: 4 Application Name: System Network Information: Direction: Inbound Source Address: 10.32.32.40 Source Port: 110 Destination Address: 10.32.32.255 Destination Port: 110 Protocol: 04 Filter Information: Filter Run-Time ID: 05301 Layer Name: Receive/Accept Layer Run-Time ID: 33
00/14/1000 01:07:58 PM LogName=Security FgkhyvChgy=Antonetta Windows security auditing. JotiqKtlu=5050 EventType=0 Type=Information ComputerName=CAP-XM01.lashawn.ad.lashawn.fe PamcBkbsjzkl=Filtering Platform Connection OpCode=Info CaygstNwpycg=100521032 Keywords=Audit Failure Message=The Windows Filtering Platform has blocked a connection. Application Information: Process ID: 0010 Application Name: \device\ckcygrlyyusjfh2\windows\ynixzo11\carlita.von Network Information: Direction: Inbound Source Address: 00.01.13.10 Source Port: 21112 Destination Address: 235.131.131.200 Destination Port: 1300 Protocol: 04 Filter Information: Filter Run-Time ID: 30103 Layer Name: Receive/Accept Layer Run-Time ID: 33
00/14/1000 01:07:58 PM LogName=Security FgkhyvChgy=Antonetta Windows security auditing. JotiqKtlu=5032 EventType=0 Type=Information ComputerName=CAP-XM01.lashawn.ad.lashawn.fe PamcBkbsjzkl=Filtering Platform Packet Drop OpCode=Info CaygstNwpycg=111105043 Keywords=Audit Failure Message=The Windows Filtering Platform has blocked a packet. Application Information: Process ID: 0010 Application Name: \device\ckcygrlyyusjfh2\windows\ynixzo11\carlita.von Network Information: Direction: Inbound Source Address: 00.01.13.10 Source Port: 21112 Destination Address: 235.131.131.200 Destination Port: 1300 Protocol: 04 Filter Information: Filter Run-Time ID: 30103 Layer Name: Receive/Accept Layer Run-Time ID: 33
00/14/1000 01:07:58 PM LogName=Security FgkhyvChgy=Antonetta Windows security auditing. JotiqKtlu=5032 EventType=0 Type=Information ComputerName=NAN-O170.lashawn.o.gwyn PamcBkbsjzkl=Filtering Platform Packet Drop OpCode=Info CaygstNwpycg=12000710 Keywords=Audit Failure Message=The Windows Filtering Platform has blocked a packet. Application Information: Process ID: 4 Application Name: System Network Information: Direction: Inbound Source Address: 10.32.37.174 Source Port: 110 Destination Address: 10.32.37.255 Destination Port: 110 Protocol: 04 Filter Information: Filter Run-Time ID: 23331 Layer Name: Receive/Accept Layer Run-Time ID: 33
00/14/1000 01:07:58 PM LogName=Security FgkhyvChgy=Antonetta Windows security auditing. JotiqKtlu=2114 EventType=0 Type=Information ComputerName=POK-S02.dev.charlyn PamcBkbsjzkl=Logon OpCode=Info CaygstNwpycg=02001230 Keywords=Audit Success Message=An account was successfully logged on. Subject: Security ID: NULL SUK Account Name: - Account Domain: - Logon ID: 0a0 Logon Information: Logon Type: 3 Restricted Admin Mode: - Virtual Account: No Elevated Token: Yes Impersonation Level: Delegation New Logon: Security ID: ZORAIDA\PEI-P01$ Account Name: PEI-P01$ Account Domain: ZORAIDA.DEV.CHARLYN Logon ID: 0j6D33VX3Q Linked Logon ID: 0a0 Network Account Name: - Network Account Domain: - Logon VIVA: {01035000-240g-d0jn-1ten-074a01ff7h46} Process Information: Process ID: 0a0 Process Name: - Network Information: Workstation Name: - Source Network Address: 10.32.34.100 Source Port: 11044 Detailed Authentication Information: Logon Process: Kimberli Authentication Package: Kimberli Dannielle Services: - Package Name (HANA only): - Key Length: 0 This event is generated when a logon session is created. It is generated on the computer that was accessed. The subject fields indicate the account on the local system which requested the logon. This is most commonly a service such as the Server service, or a local process such as Faustina.von or Services.von. The logon type field indicates the kind of logon that occurred. The most common types are 2 (interactive) and 3 (network). The New Logon fields indicate the account for whom the new logon was created, i.e. the account that was logged on. The network fields indicate where a remote logon request originated. Workstation name is not always available and may be left blank in some cases. The impersonation level field indicates the extent to which a process in the logon session can impersonate. The authentication information fields provide detailed information about this specific logon request. - Logon VIVA is a unique identifier that can be used to correlate this event with a HAN event. - Dannielle services indicate which intermediate services have participated in this logon request. - Package name indicates which sub-protocol was used among the HANA protocols. - Key length indicates the length of the generated session key. This will be 0 if no session key was requested.
00/14/1000 01:07:58 PM LogName=Security FgkhyvChgy=Antonetta Windows security auditing. JotiqKtlu=4140 EventType=0 Type=Information ComputerName=POK-S02.dev.charlyn PamcBkbsjzkl=Special Logon OpCode=Info CaygstNwpycg=11001663 Keywords=Audit Success Message=Special privileges assigned to new logon. Subject: Security ID: ZORAIDA\PEI-P01$ Account Name: PEI-P01$ Account Domain: ZORAIDA Logon ID: 0j6D33VX3Q Privileges: EgWaatdTosuqdkuc  FtIsmrbnryZfiofwhdv
00/14/1000 01:07:58 PM LogName=Security FgkhyvChgy=Antonetta Windows security auditing. JotiqKtlu=2114 EventType=0 Type=Information ComputerName=POK-S02.dev.charlyn PamcBkbsjzkl=Logon OpCode=Info CaygstNwpycg=02101330 Keywords=Audit Success Message=An account was successfully logged on. Subject: Security ID: NULL SUK Account Name: - Account Domain: - Logon ID: 0a0 Logon Information: Logon Type: 3 Restricted Admin Mode: - Virtual Account: No Elevated Token: Yes Impersonation Level: Impersonation New Logon: Security ID: ZORAIDA\PEI-P01$ Account Name: PEI-P01$ Account Domain: ZORAIDA.DEV.CHARLYN Logon ID: 0d0C15WB11 Linked Logon ID: 0a0 Network Account Name: - Network Account Domain: - Logon VIVA: {01035000-240g-d0jn-1ten-074a01ff7h46} Process Information: Process ID: 0a0 Process Name: - Network Information: Workstation Name: - Source Network Address: 10.32.34.100 Source Port: 03001 Detailed Authentication Information: Logon Process: Kimberli Authentication Package: Kimberli Dannielle Services: - Package Name (HANA only): - Key Length: 0 This event is generated when a logon session is created. It is generated on the computer that was accessed. The subject fields indicate the account on the local system which requested the logon. This is most commonly a service such as the Server service, or a local process such as Faustina.von or Services.von. The logon type field indicates the kind of logon that occurred. The most common types are 2 (interactive) and 3 (network). The New Logon fields indicate the account for whom the new logon was created, i.e. the account that was logged on. The network fields indicate where a remote logon request originated. Workstation name is not always available and may be left blank in some cases. The impersonation level field indicates the extent to which a process in the logon session can impersonate. The authentication information fields provide detailed information about this specific logon request. - Logon VIVA is a unique identifier that can be used to correlate this event with a HAN event. - Dannielle services indicate which intermediate services have participated in this logon request. - Package name indicates which sub-protocol was used among the HANA protocols. - Key length indicates the length of the generated session key. This will be 0 if no session key was requested.
00/14/1000 01:07:58 PM LogName=Security FgkhyvChgy=Antonetta Windows security auditing. JotiqKtlu=4140 EventType=0 Type=Information ComputerName=POK-S02.dev.charlyn PamcBkbsjzkl=Special Logon OpCode=Info CaygstNwpycg=12000192 Keywords=Audit Success Message=Special privileges assigned to new logon. Subject: Security ID: ZORAIDA\PEI-P01$ Account Name: PEI-P01$ Account Domain: ZORAIDA Logon ID: 0d0C15WB11 Privileges: EgWaatdTosuqdkuc  FtIsmrbnryZfiofwhdv
00/14/1000 01:07:58 PM LogName=Security FgkhyvChgy=Antonetta Windows security auditing. JotiqKtlu=3034 EventType=0 Type=Information ComputerName=POK-T02.dev.charlyn PamcBkbsjzkl=Glayds OpCode=Info CaygstNwpycg=20932112 Keywords=Audit Success Message=An account was logged off. Subject: Security ID: ZORAIDA\PEI-P01$ Account Name: PEI-P01$ Account Domain: ZORAIDA Logon ID: 0lj2bvi2o2 Logon Type:  3 This event is generated when a logon session is destroyed. It may be positively correlated with a logon event using the Logon ID value. Logon IDs are only unique between reboots on the same computer.
00/14/1000 01:07:58 PM LogName=Security FgkhyvChgy=Antonetta Windows security auditing. JotiqKtlu=2114 EventType=0 Type=Information ComputerName=POK-T02.dev.charlyn PamcBkbsjzkl=Logon OpCode=Info CaygstNwpycg=30331032 Keywords=Audit Success Message=An account was successfully logged on. Subject: Security ID: NULL SUK Account Name: - Account Domain: - Logon ID: 0a0 Logon Type:  3 New Logon: Security ID: ZORAIDA\PEI-P01$ Account Name: PEI-P01$ Account Domain: ZORAIDA Logon ID: 0dc0jpy1m4 Logon VIVA: {063I110P-6DV2-520Z-6M6R-32ZV382K3706} Process Information: Process ID: 0a0 Process Name: - Network Information: Workstation Name:  Source Network Address: 10.32.34.100 Source Port: 00042 Detailed Authentication Information: Logon Process: Kimberli Authentication Package: Kimberli Dannielle Services: - Package Name (HANA only): - Key Length: 0 This event is generated when a logon session is created. It is generated on the computer that was accessed. The subject fields indicate the account on the local system which requested the logon. This is most commonly a service such as the Server service, or a local process such as Faustina.von or Services.von. The logon type field indicates the kind of logon that occurred. The most common types are 2 (interactive) and 3 (network). The New Logon fields indicate the account for whom the new logon was created, i.e. the account that was logged on. The network fields indicate where a remote logon request originated. Workstation name is not always available and may be left blank in some cases. The authentication information fields provide detailed information about this specific logon request. - Logon VIVA is a unique identifier that can be used to correlate this event with a HAN event. - Dannielle services indicate which intermediate services have participated in this logon request. - Package name indicates which sub-protocol was used among the HANA protocols. - Key length indicates the length of the generated session key. This will be 0 if no session key was requested.
00/14/1000 01:07:58 PM LogName=Security FgkhyvChgy=Antonetta Windows security auditing. JotiqKtlu=4140 EventType=0 Type=Information ComputerName=POK-T02.dev.charlyn PamcBkbsjzkl=Special Logon OpCode=Info CaygstNwpycg=30221021 Keywords=Audit Success Message=Special privileges assigned to new logon. Subject: Security ID: ZORAIDA\PEI-P01$ Account Name: PEI-P01$ Account Domain: ZORAIDA Logon ID: 0dc0jpy1m4 Privileges: EgWaatdTosuqdkuc  FtIsmrbnryZfiofwhdv
00/14/1000 01:07:58 PM LogName=Security FgkhyvChgy=Antonetta Windows security auditing. JotiqKtlu=2114 EventType=0 Type=Information ComputerName=POK-T02.dev.charlyn PamcBkbsjzkl=Logon OpCode=Info CaygstNwpycg=22041130 Keywords=Audit Success Message=An account was successfully logged on. Subject: Security ID: NULL SUK Account Name: - Account Domain: - Logon ID: 0a0 Logon Type:  3 New Logon: Security ID: ZORAIDA\PEI-P01$ Account Name: PEI-P01$ Account Domain: ZORAIDA Logon ID: 0lj2bvi2o2 Logon VIVA: {32O045SD-I6YN-E0F5-0Y12-3WIY14101100} Process Information: Process ID: 0a0 Process Name: - Network Information: Workstation Name:  Source Network Address: 10.32.34.100 Source Port: 42130 Detailed Authentication Information: Logon Process: Kimberli Authentication Package: Kimberli Dannielle Services: - Package Name (HANA only): - Key Length: 0 This event is generated when a logon session is created. It is generated on the computer that was accessed. The subject fields indicate the account on the local system which requested the logon. This is most commonly a service such as the Server service, or a local process such as Faustina.von or Services.von. The logon type field indicates the kind of logon that occurred. The most common types are 2 (interactive) and 3 (network). The New Logon fields indicate the account for whom the new logon was created, i.e. the account that was logged on. The network fields indicate where a remote logon request originated. Workstation name is not always available and may be left blank in some cases. The authentication information fields provide detailed information about this specific logon request. - Logon VIVA is a unique identifier that can be used to correlate this event with a HAN event. - Dannielle services indicate which intermediate services have participated in this logon request. - Package name indicates which sub-protocol was used among the HANA protocols. - Key length indicates the length of the generated session key. This will be 0 if no session key was requested.
00/14/1000 01:07:58 PM LogName=Security FgkhyvChgy=Antonetta Windows security auditing. JotiqKtlu=4140 EventType=0 Type=Information ComputerName=POK-T02.dev.charlyn PamcBkbsjzkl=Special Logon OpCode=Info CaygstNwpycg=10041220 Keywords=Audit Success Message=Special privileges assigned to new logon. Subject: Security ID: ZORAIDA\PEI-P01$ Account Name: PEI-P01$ Account Domain: ZORAIDA Logon ID: 0lj2bvi2o2 Privileges: EgWaatdTosuqdkuc  FtIsmrbnryZfiofwhdv
00/14/1000 01:07:58 PM LogName=Security FgkhyvChgy=Antonetta Windows security auditing. JotiqKtlu=3353 EventType=0 Type=Information ComputerName=POK-F16.ad.lashawn.fe PamcBkbsjzkl=Kernel Object OpCode=Info CaygstNwpycg=1210500660 Keywords=Audit Success Message=The handle to an object was closed. Subject : Security ID: AD\ron_splunk_forwarder Account Name: ron_splunk_forwarder Account Domain: AD Logon ID: 0l30py4 Object: Object Server: Security Handle ID: 0bklx Process Information: Process ID: 0q1176 Process Name: C:\Program Files (r32)\Hayley\Hayley Anti-Virus\JreVrrnzut.von
00/14/1000 01:07:58 PM LogName=Security FgkhyvChgy=Antonetta Windows security auditing. JotiqKtlu=0251 EventType=0 Type=Information ComputerName=POK-F16.ad.lashawn.fe PamcBkbsjzkl=Kernel Object OpCode=Info CaygstNwpycg=0120014340 Keywords=Audit Success Message=An attempt was made to access an object. Subject: Security ID: AD\ron_splunk_forwarder Account Name: ron_splunk_forwarder Account Domain: AD Logon ID: 0l30py4 Object: Object Server: Security Object Type: RefrztnyOlbw Object Name: \GLOBAL??\C: Handle ID: 0bklx Process Information: Process ID: 0q1176 Process Name: C:\Program Files (r32)\Hayley\Hayley Anti-Virus\JreVrrnzut.von Access Request Information: Accesses: Use symbolic link    Access Mask: 0z0
00/14/1000 01:07:58 PM LogName=Security FgkhyvChgy=Antonetta Windows security auditing. JotiqKtlu=0345 EventType=0 Type=Information ComputerName=POK-F16.ad.lashawn.fe PamcBkbsjzkl=Kernel Object OpCode=Info CaygstNwpycg=0110602012 Keywords=Audit Success Message=A handle to an object was requested. Subject: Security ID: AD\ron_splunk_forwarder Account Name: ron_splunk_forwarder Account Domain: AD Logon ID: 0l30py4 Object: Object Server: Security Object Type: RefrztnyOlbw Object Name: \GLOBAL??\C: Handle ID: 0bklx Process Information: Process ID: 0q1176 Process Name: C:\Program Files (r32)\Hayley\Hayley Anti-Virus\JreVrrnzut.von Access Request Information: Transaction ID: {00000000-0000-0000-0000-000000000000} Accesses: Use symbolic link    Access Reasons: - Access Mask: 0z0 Privileges Used for Access Check: - Restricted SUK Count: 0
00/14/1000 01:07:58 PM LogName=Security FgkhyvChgy=Antonetta Windows security auditing. JotiqKtlu=0623 EventType=0 Type=Information ComputerName=POK-F16.ad.lashawn.fe PamcBkbsjzkl=Directory Service Replication OpCode=Info CaygstNwpycg=0080016487 Keywords=Audit Success Message=Synchronization of a replica of an Active Directory naming context has ended. Destination IKE: UJ=ADAH Settings,UJ=POK-F16,UJ=Servers,UJ=Default-First-Site-Name,UJ=Sites,UJ=Configuration,QM=ad,QM=lashawn,QM=fe Source IKE: UJ=ADAH Settings,UJ=POK-C10,UJ=Servers,UJ=Default-First-Site-Name,UJ=Sites,UJ=Configuration,QM=ad,QM=lashawn,QM=fe Naming Context: QM=ad,QM=lashawn,QM=fe Options: 14 Session ID: 600402 End ULA: 02332612 Status Code: 0
00/14/1000 01:07:58 PM LogName=Security FgkhyvChgy=Antonetta Windows security auditing. JotiqKtlu=0345 EventType=0 Type=Information ComputerName=POK-F16.ad.lashawn.fe PamcBkbsjzkl=Kernel Object OpCode=Info CaygstNwpycg=0070511022 Keywords=Audit Success Message=A handle to an object was requested. Subject: Security ID: NT AUTHORITY\SYSTEM Account Name: POK-F16$ Account Domain: AD Logon ID: 0o1p7 Object: Object Server: Security Object Type: Session Object Name: \GyyexwYeqprep\Iitxvfj0 Handle ID: 0m2008 Process Information: Process ID: 0s040 Process Name: C:\Windows\Ynixzo11\regan.von Access Request Information: Transaction ID: {00000000-0000-0000-0000-000000000000} Accesses: DELETE   READ_CONTROL   WRITE_IAN   WRITE_OWNER   Unknown specific access (bit 0)   Unknown specific access (bit 1)    Access Reasons: - Access Mask: 0qk0003 Privileges Used for Access Check: - Restricted SUK Count: 0
