10/09/2020 09:07:59 AM LogName=Security EpiypiLkch=Catherina Windows security auditing. SkveeFqis=1320 EventType=0 Type=Information ComputerName=JEN-I10.krystin.o.fern NsooVmlpmhuy=Logon OpCode=Info QoioxoAcgibn=040441110006 Keywords=Audit Success Message=An account was successfully logged on. Subject: Security ID: NULL MEL Account Name: - Account Domain: - Logon ID: 0x0 Logon Information: Logon Type: 3 Restricted Admin Mode: - Virtual Account: No Elevated Token: Yes Impersonation Level: Impersonation New Logon: Security ID: NT AUTHORITY\SYSTEM Account Name: JEN-I10$ Account Domain: KRYSTIN.O.FERN Logon ID: 0yU0P8317G3 Linked Logon ID: 0x0 Network Account Name: - Network Account Domain: - Logon YUNG: {0001Y230-H033-1S02-NI00-T782Z395MP0U} Process Information: Process ID: 0x0 Process Name: - Network Information: Workstation Name: - Source Network Address: lp10::2c1k:j300:jo50:01x3 Source Port: 22652 Detailed Authentication Information: Logon Process: Jesusita Authentication Package: Jesusita Cristobal Services: - Package Name (NEAL only): - Key Length: 0 This event is generated when a logon session is created. It is generated on the computer that was accessed. The subject fields indicate the account on the local system which requested the logon. This is most commonly a service such as the Server service, or a local process such as Demarcus.eli or Services.eli. The logon type field indicates the kind of logon that occurred. The most common types are 2 (interactive) and 3 (network). The New Logon fields indicate the account for whom the new logon was created, i.e. the account that was logged on. The network fields indicate where a remote logon request originated. Workstation name is not always available and may be left blank in some cases. The impersonation level field indicates the extent to which a process in the logon session can impersonate. The authentication information fields provide detailed information about this specific logon request. - Logon YUNG is a unique identifier that can be used to correlate this event with a ORA event. - Cristobal services indicate which intermediate services have participated in this logon request. - Package name indicates which sub-protocol was used among the NEAL protocols. - Key length indicates the length of the generated session key. This will be 0 if no session key was requested.
10/09/2020 09:07:59 AM LogName=Security EpiypiLkch=Catherina Windows security auditing. SkveeFqis=3411 EventType=0 Type=Information ComputerName=JEN-I10.krystin.o.fern NsooVmlpmhuy=Special Logon OpCode=Info QoioxoAcgibn=003312122001 Keywords=Audit Success Message=Special privileges assigned to new logon. Subject: Security ID: NT AUTHORITY\SYSTEM Account Name: JEN-I10$ Account Domain: KRYSTIN Logon ID: 0yU0P8317G3 Privileges: SvZubvohxkHuodywtvh  XqBzcxxjAmdbeoyfy  OzHxqtswiDrrdxbgor  BrKvpsHnytadvvgUabnotztt  JzDhuwiIwtkqyzvj  DyKkmjvnAaoiplmpmrwJtpvvdaey  QqMdgwHjxfxjFzoruspyo  ToKubhtnoptcjIuxlnkiyj  GwPpgacmorWgwwdzmUdsiTcpnzbltxgqMcwytgjbp
10/09/2020 09:07:59 AM LogName=Security EpiypiLkch=Catherina Windows security auditing. SkveeFqis=1320 EventType=0 Type=Information ComputerName=JEN-I10.krystin.o.fern NsooVmlpmhuy=Logon OpCode=Info QoioxoAcgibn=104250013024 Keywords=Audit Success Message=An account was successfully logged on. Subject: Security ID: NULL MEL Account Name: - Account Domain: - Logon ID: 0x0 Logon Information: Logon Type: 3 Restricted Admin Mode: - Virtual Account: No Elevated Token: Yes Impersonation Level: Impersonation New Logon: Security ID: NT AUTHORITY\SYSTEM Account Name: JEN-I10$ Account Domain: KRYSTIN.O.FERN Logon ID: 0mT0I08077J Linked Logon ID: 0x0 Network Account Name: - Network Account Domain: - Logon YUNG: {0001Y230-H033-1S02-NI00-T782Z395MP0U} Process Information: Process ID: 0x0 Process Name: - Network Information: Workstation Name: - Source Network Address: lp10::62d0:54rr:6080:7o0v Source Port: 02830 Detailed Authentication Information: Logon Process: Jesusita Authentication Package: Jesusita Cristobal Services: - Package Name (NEAL only): - Key Length: 0 This event is generated when a logon session is created. It is generated on the computer that was accessed. The subject fields indicate the account on the local system which requested the logon. This is most commonly a service such as the Server service, or a local process such as Demarcus.eli or Services.eli. The logon type field indicates the kind of logon that occurred. The most common types are 2 (interactive) and 3 (network). The New Logon fields indicate the account for whom the new logon was created, i.e. the account that was logged on. The network fields indicate where a remote logon request originated. Workstation name is not always available and may be left blank in some cases. The impersonation level field indicates the extent to which a process in the logon session can impersonate. The authentication information fields provide detailed information about this specific logon request. - Logon YUNG is a unique identifier that can be used to correlate this event with a ORA event. - Cristobal services indicate which intermediate services have participated in this logon request. - Package name indicates which sub-protocol was used among the NEAL protocols. - Key length indicates the length of the generated session key. This will be 0 if no session key was requested.
10/09/2020 09:07:59 AM LogName=Security EpiypiLkch=Catherina Windows security auditing. SkveeFqis=3411 EventType=0 Type=Information ComputerName=JEN-I10.krystin.o.fern NsooVmlpmhuy=Special Logon OpCode=Info QoioxoAcgibn=133036121011 Keywords=Audit Success Message=Special privileges assigned to new logon. Subject: Security ID: NT AUTHORITY\SYSTEM Account Name: JEN-I10$ Account Domain: KRYSTIN Logon ID: 0mT0I08077J Privileges: SvZubvohxkHuodywtvh  XqBzcxxjAmdbeoyfy  OzHxqtswiDrrdxbgor  BrKvpsHnytadvvgUabnotztt  JzDhuwiIwtkqyzvj  DyKkmjvnAaoiplmpmrwJtpvvdaey  QqMdgwHjxfxjFzoruspyo  ToKubhtnoptcjIuxlnkiyj  GwPpgacmorWgwwdzmUdsiTcpnzbltxgqMcwytgjbp
10/09/2020 09:07:59 AM LogName=Security EpiypiLkch=Catherina Windows security auditing. SkveeFqis=1320 EventType=0 Type=Information ComputerName=JEN-I10.krystin.o.fern NsooVmlpmhuy=Logon OpCode=Info QoioxoAcgibn=150431103000 Keywords=Audit Success Message=An account was successfully logged on. Subject: Security ID: NULL MEL Account Name: - Account Domain: - Logon ID: 0x0 Logon Information: Logon Type: 3 Restricted Admin Mode: - Virtual Account: No Elevated Token: Yes Impersonation Level: Impersonation New Logon: Security ID: NT AUTHORITY\SYSTEM Account Name: JEN-I10$ Account Domain: KRYSTIN.O.FERN Logon ID: 0xV0R631403 Linked Logon ID: 0x0 Network Account Name: - Network Account Domain: - Logon YUNG: {0001Y230-H033-1S02-NI00-T782Z395MP0U} Process Information: Process ID: 0x0 Process Name: - Network Information: Workstation Name: - Source Network Address: lp10::62d0:54rr:6080:7o0v Source Port: 02830 Detailed Authentication Information: Logon Process: Jesusita Authentication Package: Jesusita Cristobal Services: - Package Name (NEAL only): - Key Length: 0 This event is generated when a logon session is created. It is generated on the computer that was accessed. The subject fields indicate the account on the local system which requested the logon. This is most commonly a service such as the Server service, or a local process such as Demarcus.eli or Services.eli. The logon type field indicates the kind of logon that occurred. The most common types are 2 (interactive) and 3 (network). The New Logon fields indicate the account for whom the new logon was created, i.e. the account that was logged on. The network fields indicate where a remote logon request originated. Workstation name is not always available and may be left blank in some cases. The impersonation level field indicates the extent to which a process in the logon session can impersonate. The authentication information fields provide detailed information about this specific logon request. - Logon YUNG is a unique identifier that can be used to correlate this event with a ORA event. - Cristobal services indicate which intermediate services have participated in this logon request. - Package name indicates which sub-protocol was used among the NEAL protocols. - Key length indicates the length of the generated session key. This will be 0 if no session key was requested.
10/09/2020 09:07:59 AM LogName=Security EpiypiLkch=Catherina Windows security auditing. SkveeFqis=3411 EventType=0 Type=Information ComputerName=JEN-I10.krystin.o.fern NsooVmlpmhuy=Special Logon OpCode=Info QoioxoAcgibn=013117022001 Keywords=Audit Success Message=Special privileges assigned to new logon. Subject: Security ID: NT AUTHORITY\SYSTEM Account Name: JEN-I10$ Account Domain: KRYSTIN Logon ID: 0xV0R631403 Privileges: SvZubvohxkHuodywtvh  XqBzcxxjAmdbeoyfy  OzHxqtswiDrrdxbgor  BrKvpsHnytadvvgUabnotztt  JzDhuwiIwtkqyzvj  DyKkmjvnAaoiplmpmrwJtpvvdaey  QqMdgwHjxfxjFzoruspyo  ToKubhtnoptcjIuxlnkiyj  GwPpgacmorWgwwdzmUdsiTcpnzbltxgqMcwytgjbp
10/09/2020 09:07:59 AM LogName=Security EpiypiLkch=Catherina Windows security auditing. SkveeFqis=1320 EventType=0 Type=Information ComputerName=JEN-I10.krystin.o.fern NsooVmlpmhuy=Logon OpCode=Info QoioxoAcgibn=034534020020 Keywords=Audit Success Message=An account was successfully logged on. Subject: Security ID: NULL MEL Account Name: - Account Domain: - Logon ID: 0x0 Logon Information: Logon Type: 3 Restricted Admin Mode: - Virtual Account: No Elevated Token: Yes Impersonation Level: Impersonation New Logon: Security ID: NT AUTHORITY\SYSTEM Account Name: JEN-I10$ Account Domain: KRYSTIN.O.FERN Logon ID: 0jD0N731745 Linked Logon ID: 0x0 Network Account Name: - Network Account Domain: - Logon YUNG: {0001Y230-H033-1S02-NI00-T782Z395MP0U} Process Information: Process ID: 0x0 Process Name: - Network Information: Workstation Name: - Source Network Address: lp10::2c1k:j300:jo50:01x3 Source Port: 22652 Detailed Authentication Information: Logon Process: Jesusita Authentication Package: Jesusita Cristobal Services: - Package Name (NEAL only): - Key Length: 0 This event is generated when a logon session is created. It is generated on the computer that was accessed. The subject fields indicate the account on the local system which requested the logon. This is most commonly a service such as the Server service, or a local process such as Demarcus.eli or Services.eli. The logon type field indicates the kind of logon that occurred. The most common types are 2 (interactive) and 3 (network). The New Logon fields indicate the account for whom the new logon was created, i.e. the account that was logged on. The network fields indicate where a remote logon request originated. Workstation name is not always available and may be left blank in some cases. The impersonation level field indicates the extent to which a process in the logon session can impersonate. The authentication information fields provide detailed information about this specific logon request. - Logon YUNG is a unique identifier that can be used to correlate this event with a ORA event. - Cristobal services indicate which intermediate services have participated in this logon request. - Package name indicates which sub-protocol was used among the NEAL protocols. - Key length indicates the length of the generated session key. This will be 0 if no session key was requested.
10/09/2020 09:07:59 AM LogName=Security EpiypiLkch=Catherina Windows security auditing. SkveeFqis=3411 EventType=0 Type=Information ComputerName=JEN-I10.krystin.o.fern NsooVmlpmhuy=Special Logon OpCode=Info QoioxoAcgibn=142202012015 Keywords=Audit Success Message=Special privileges assigned to new logon. Subject: Security ID: NT AUTHORITY\SYSTEM Account Name: JEN-I10$ Account Domain: KRYSTIN Logon ID: 0jD0N731745 Privileges: SvZubvohxkHuodywtvh  XqBzcxxjAmdbeoyfy  OzHxqtswiDrrdxbgor  BrKvpsHnytadvvgUabnotztt  JzDhuwiIwtkqyzvj  DyKkmjvnAaoiplmpmrwJtpvvdaey  QqMdgwHjxfxjFzoruspyo  ToKubhtnoptcjIuxlnkiyj  GwPpgacmorWgwwdzmUdsiTcpnzbltxgqMcwytgjbp
10/09/2020 09:07:59 AM LogName=Security EpiypiLkch=Catherina Windows security auditing. SkveeFqis=1320 EventType=0 Type=Information ComputerName=JEN-I10.krystin.o.fern NsooVmlpmhuy=Logon OpCode=Info QoioxoAcgibn=142136100010 Keywords=Audit Success Message=An account was successfully logged on. Subject: Security ID: NULL MEL Account Name: - Account Domain: - Logon ID: 0x0 Logon Information: Logon Type: 3 Restricted Admin Mode: - Virtual Account: No Elevated Token: Yes Impersonation Level: Impersonation New Logon: Security ID: KRYSTIN\JEN-O06$ Account Name: JEN-O06$ Account Domain: KRYSTIN.O.FERN Logon ID: 0iA0M311224 Linked Logon ID: 0x0 Network Account Name: - Network Account Domain: - Logon YUNG: {F1VN026W-6064-HM00-15U3-030V0003MVKQ} Process Information: Process ID: 0x0 Process Name: - Network Information: Workstation Name: - Source Network Address: 10.32.34.83 Source Port: 26008 Detailed Authentication Information: Logon Process: Jesusita Authentication Package: Jesusita Cristobal Services: - Package Name (NEAL only): - Key Length: 0 This event is generated when a logon session is created. It is generated on the computer that was accessed. The subject fields indicate the account on the local system which requested the logon. This is most commonly a service such as the Server service, or a local process such as Demarcus.eli or Services.eli. The logon type field indicates the kind of logon that occurred. The most common types are 2 (interactive) and 3 (network). The New Logon fields indicate the account for whom the new logon was created, i.e. the account that was logged on. The network fields indicate where a remote logon request originated. Workstation name is not always available and may be left blank in some cases. The impersonation level field indicates the extent to which a process in the logon session can impersonate. The authentication information fields provide detailed information about this specific logon request. - Logon YUNG is a unique identifier that can be used to correlate this event with a ORA event. - Cristobal services indicate which intermediate services have participated in this logon request. - Package name indicates which sub-protocol was used among the NEAL protocols. - Key length indicates the length of the generated session key. This will be 0 if no session key was requested.
10/09/2020 09:07:59 AM LogName=Security EpiypiLkch=Catherina Windows security auditing. SkveeFqis=3411 EventType=0 Type=Information ComputerName=JEN-I10.krystin.o.fern NsooVmlpmhuy=Special Logon OpCode=Info QoioxoAcgibn=063227012015 Keywords=Audit Success Message=Special privileges assigned to new logon. Subject: Security ID: KRYSTIN\JEN-O06$ Account Name: JEN-O06$ Account Domain: KRYSTIN Logon ID: 0iA0M311224 Privileges: SvZubvohxkHuodywtvh  XqBzcxxjAmdbeoyfy  OzHxqtswiDrrdxbgor  BrKvpsHnytadvvgUabnotztt  JzDhuwiIwtkqyzvj  DyKkmjvnAaoiplmpmrwJtpvvdaey  QqMdgwHjxfxjFzoruspyo  ToKubhtnoptcjIuxlnkiyj  GwPpgacmorWgwwdzmUdsiTcpnzbltxgqMcwytgjbp
10/09/2020 09:07:59 AM LogName=Security EpiypiLkch=Catherina Windows security auditing. SkveeFqis=1320 EventType=0 Type=Information ComputerName=JEN-I10.krystin.o.fern NsooVmlpmhuy=Logon OpCode=Info QoioxoAcgibn=034442022015 Keywords=Audit Success Message=An account was successfully logged on. Subject: Security ID: NULL MEL Account Name: - Account Domain: - Logon ID: 0x0 Logon Information: Logon Type: 3 Restricted Admin Mode: - Virtual Account: No Elevated Token: Yes Impersonation Level: Impersonation New Logon: Security ID: KRYSTIN\JEN-O06$ Account Name: JEN-O06$ Account Domain: KRYSTIN.O.FERN Logon ID: 0aI0M611402 Linked Logon ID: 0x0 Network Account Name: - Network Account Domain: - Logon YUNG: {F1VN026W-6064-HM00-15U3-030V0003MVKQ} Process Information: Process ID: 0x0 Process Name: - Network Information: Workstation Name: - Source Network Address: 10.32.34.83 Source Port: 10011 Detailed Authentication Information: Logon Process: Jesusita Authentication Package: Jesusita Cristobal Services: - Package Name (NEAL only): - Key Length: 0 This event is generated when a logon session is created. It is generated on the computer that was accessed. The subject fields indicate the account on the local system which requested the logon. This is most commonly a service such as the Server service, or a local process such as Demarcus.eli or Services.eli. The logon type field indicates the kind of logon that occurred. The most common types are 2 (interactive) and 3 (network). The New Logon fields indicate the account for whom the new logon was created, i.e. the account that was logged on. The network fields indicate where a remote logon request originated. Workstation name is not always available and may be left blank in some cases. The impersonation level field indicates the extent to which a process in the logon session can impersonate. The authentication information fields provide detailed information about this specific logon request. - Logon YUNG is a unique identifier that can be used to correlate this event with a ORA event. - Cristobal services indicate which intermediate services have participated in this logon request. - Package name indicates which sub-protocol was used among the NEAL protocols. - Key length indicates the length of the generated session key. This will be 0 if no session key was requested.
10/09/2020 09:07:59 AM LogName=Security EpiypiLkch=Catherina Windows security auditing. SkveeFqis=3411 EventType=0 Type=Information ComputerName=JEN-I10.krystin.o.fern NsooVmlpmhuy=Special Logon OpCode=Info QoioxoAcgibn=121154013005 Keywords=Audit Success Message=Special privileges assigned to new logon. Subject: Security ID: KRYSTIN\JEN-O06$ Account Name: JEN-O06$ Account Domain: KRYSTIN Logon ID: 0aI0M611402 Privileges: SvZubvohxkHuodywtvh  XqBzcxxjAmdbeoyfy  OzHxqtswiDrrdxbgor  BrKvpsHnytadvvgUabnotztt  JzDhuwiIwtkqyzvj  DyKkmjvnAaoiplmpmrwJtpvvdaey  QqMdgwHjxfxjFzoruspyo  ToKubhtnoptcjIuxlnkiyj  GwPpgacmorWgwwdzmUdsiTcpnzbltxgqMcwytgjbp
10/09/2020 09:07:59 AM LogName=Security EpiypiLkch=Catherina Windows security auditing. SkveeFqis=3411 EventType=0 Type=Information ComputerName=JEN-I10.krystin.o.fern NsooVmlpmhuy=Special Logon OpCode=Info QoioxoAcgibn=040551122501 Keywords=Audit Success Message=Special privileges assigned to new logon. Subject: Security ID: KRYSTIN\JEN-O06$ Account Name: JEN-O06$ Account Domain: KRYSTIN Logon ID: 0nA0W380XE3 Privileges: SvZubvohxkHuodywtvh  XqBzcxxjAmdbeoyfy  OzHxqtswiDrrdxbgor  BrKvpsHnytadvvgUabnotztt  JzDhuwiIwtkqyzvj  DyKkmjvnAaoiplmpmrwJtpvvdaey  QqMdgwHjxfxjFzoruspyo  ToKubhtnoptcjIuxlnkiyj  GwPpgacmorWgwwdzmUdsiTcpnzbltxgqMcwytgjbp
10/09/2020 09:07:59 AM LogName=Security EpiypiLkch=Catherina Windows security auditing. SkveeFqis=1120 EventType=0 Type=Information ComputerName=JEN-I10.krystin.o.fern NsooVmlpmhuy=Ashlea OpCode=Info QoioxoAcgibn=020412102211 Keywords=Audit Success Message=An account was logged off. Subject: Security ID: KRYSTIN\JEN-O06$ Account Name: JEN-O06$ Account Domain: KRYSTIN Logon ID: 0sB0Z41A000 Logon Type:  3 This event is generated when a logon session is destroyed. It may be positively correlated with a logon event using the Logon ID value. Logon IDs are only unique between reboots on the same computer.
10/09/2020 09:07:59 AM LogName=Security EpiypiLkch=Catherina Windows security auditing. SkveeFqis=1320 EventType=0 Type=Information ComputerName=JEN-I10.krystin.o.fern NsooVmlpmhuy=Logon OpCode=Info QoioxoAcgibn=010136020724 Keywords=Audit Success Message=An account was successfully logged on. Subject: Security ID: NULL MEL Account Name: - Account Domain: - Logon ID: 0x0 Logon Information: Logon Type: 3 Restricted Admin Mode: - Virtual Account: No Elevated Token: Yes Impersonation Level: Impersonation New Logon: Security ID: KRYSTIN\JEN-O06$ Account Name: JEN-O06$ Account Domain: KRYSTIN.O.FERN Logon ID: 0jI0W410SO3 Linked Logon ID: 0x0 Network Account Name: - Network Account Domain: - Logon YUNG: {F1VN026W-6064-HM00-15U3-030V0003MVKQ} Process Information: Process ID: 0x0 Process Name: - Network Information: Workstation Name: - Source Network Address: 10.32.34.83 Source Port: 26008 Detailed Authentication Information: Logon Process: Jesusita Authentication Package: Jesusita Cristobal Services: - Package Name (NEAL only): - Key Length: 0 This event is generated when a logon session is created. It is generated on the computer that was accessed. The subject fields indicate the account on the local system which requested the logon. This is most commonly a service such as the Server service, or a local process such as Demarcus.eli or Services.eli. The logon type field indicates the kind of logon that occurred. The most common types are 2 (interactive) and 3 (network). The New Logon fields indicate the account for whom the new logon was created, i.e. the account that was logged on. The network fields indicate where a remote logon request originated. Workstation name is not always available and may be left blank in some cases. The impersonation level field indicates the extent to which a process in the logon session can impersonate. The authentication information fields provide detailed information about this specific logon request. - Logon YUNG is a unique identifier that can be used to correlate this event with a ORA event. - Cristobal services indicate which intermediate services have participated in this logon request. - Package name indicates which sub-protocol was used among the NEAL protocols. - Key length indicates the length of the generated session key. This will be 0 if no session key was requested.
10/09/2020 09:07:59 AM LogName=Security EpiypiLkch=Catherina Windows security auditing. SkveeFqis=1320 EventType=0 Type=Information ComputerName=JEN-I10.krystin.o.fern NsooVmlpmhuy=Logon OpCode=Info QoioxoAcgibn=051351020602 Keywords=Audit Success Message=An account was successfully logged on. Subject: Security ID: NULL MEL Account Name: - Account Domain: - Logon ID: 0x0 Logon Information: Logon Type: 3 Restricted Admin Mode: - Virtual Account: No Elevated Token: Yes Impersonation Level: Impersonation New Logon: Security ID: KRYSTIN\JEN-O06$ Account Name: JEN-O06$ Account Domain: KRYSTIN.O.FERN Logon ID: 0eU0A410N3M Linked Logon ID: 0x0 Network Account Name: - Network Account Domain: - Logon YUNG: {F1VN026W-6064-HM00-15U3-030V0003MVKQ} Process Information: Process ID: 0x0 Process Name: - Network Information: Workstation Name: - Source Network Address: 10.32.34.83 Source Port: 10011 Detailed Authentication Information: Logon Process: Jesusita Authentication Package: Jesusita Cristobal Services: - Package Name (NEAL only): - Key Length: 0 This event is generated when a logon session is created. It is generated on the computer that was accessed. The subject fields indicate the account on the local system which requested the logon. This is most commonly a service such as the Server service, or a local process such as Demarcus.eli or Services.eli. The logon type field indicates the kind of logon that occurred. The most common types are 2 (interactive) and 3 (network). The New Logon fields indicate the account for whom the new logon was created, i.e. the account that was logged on. The network fields indicate where a remote logon request originated. Workstation name is not always available and may be left blank in some cases. The impersonation level field indicates the extent to which a process in the logon session can impersonate. The authentication information fields provide detailed information about this specific logon request. - Logon YUNG is a unique identifier that can be used to correlate this event with a ORA event. - Cristobal services indicate which intermediate services have participated in this logon request. - Package name indicates which sub-protocol was used among the NEAL protocols. - Key length indicates the length of the generated session key. This will be 0 if no session key was requested.
10/09/2020 09:07:59 AM LogName=Security EpiypiLkch=Catherina Windows security auditing. SkveeFqis=3411 EventType=0 Type=Information ComputerName=JEN-I10.krystin.o.fern NsooVmlpmhuy=Special Logon OpCode=Info QoioxoAcgibn=011224121121 Keywords=Audit Success Message=Special privileges assigned to new logon. Subject: Security ID: KRYSTIN\JEN-O06$ Account Name: JEN-O06$ Account Domain: KRYSTIN Logon ID: 0jI0W410SO3 Privileges: SvZubvohxkHuodywtvh  XqBzcxxjAmdbeoyfy  OzHxqtswiDrrdxbgor  BrKvpsHnytadvvgUabnotztt  JzDhuwiIwtkqyzvj  DyKkmjvnAaoiplmpmrwJtpvvdaey  QqMdgwHjxfxjFzoruspyo  ToKubhtnoptcjIuxlnkiyj  GwPpgacmorWgwwdzmUdsiTcpnzbltxgqMcwytgjbp
10/09/2020 09:07:59 AM LogName=Security EpiypiLkch=Catherina Windows security auditing. SkveeFqis=1320 EventType=0 Type=Information ComputerName=JEN-I10.krystin.o.fern NsooVmlpmhuy=Logon OpCode=Info QoioxoAcgibn=120150000121 Keywords=Audit Success Message=An account was successfully logged on. Subject: Security ID: NULL MEL Account Name: - Account Domain: - Logon ID: 0x0 Logon Information: Logon Type: 3 Restricted Admin Mode: - Virtual Account: No Elevated Token: Yes Impersonation Level: Impersonation New Logon: Security ID: NT AUTHORITY\SYSTEM Account Name: JEN-I10$ Account Domain: KRYSTIN.O.FERN Logon ID: 0sP0Y920E63 Linked Logon ID: 0x0 Network Account Name: - Network Account Domain: - Logon YUNG: {0001Y230-H033-1S02-NI00-T782Z395MP0U} Process Information: Process ID: 0x0 Process Name: - Network Information: Workstation Name: - Source Network Address: lp10::62d0:54rr:6080:7o0v Source Port: 02830 Detailed Authentication Information: Logon Process: Jesusita Authentication Package: Jesusita Cristobal Services: - Package Name (NEAL only): - Key Length: 0 This event is generated when a logon session is created. It is generated on the computer that was accessed. The subject fields indicate the account on the local system which requested the logon. This is most commonly a service such as the Server service, or a local process such as Demarcus.eli or Services.eli. The logon type field indicates the kind of logon that occurred. The most common types are 2 (interactive) and 3 (network). The New Logon fields indicate the account for whom the new logon was created, i.e. the account that was logged on. The network fields indicate where a remote logon request originated. Workstation name is not always available and may be left blank in some cases. The impersonation level field indicates the extent to which a process in the logon session can impersonate. The authentication information fields provide detailed information about this specific logon request. - Logon YUNG is a unique identifier that can be used to correlate this event with a ORA event. - Cristobal services indicate which intermediate services have participated in this logon request. - Package name indicates which sub-protocol was used among the NEAL protocols. - Key length indicates the length of the generated session key. This will be 0 if no session key was requested.
10/09/2020 09:07:59 AM LogName=Security EpiypiLkch=Catherina Windows security auditing. SkveeFqis=3411 EventType=0 Type=Information ComputerName=JEN-I10.krystin.o.fern NsooVmlpmhuy=Special Logon OpCode=Info QoioxoAcgibn=113300011611 Keywords=Audit Success Message=Special privileges assigned to new logon. Subject: Security ID: KRYSTIN\JEN-O06$ Account Name: JEN-O06$ Account Domain: KRYSTIN Logon ID: 0eU0A410N3M Privileges: SvZubvohxkHuodywtvh  XqBzcxxjAmdbeoyfy  OzHxqtswiDrrdxbgor  BrKvpsHnytadvvgUabnotztt  JzDhuwiIwtkqyzvj  DyKkmjvnAaoiplmpmrwJtpvvdaey  QqMdgwHjxfxjFzoruspyo  ToKubhtnoptcjIuxlnkiyj  GwPpgacmorWgwwdzmUdsiTcpnzbltxgqMcwytgjbp
10/09/2020 09:07:59 AM LogName=Security EpiypiLkch=Catherina Windows security auditing. SkveeFqis=3411 EventType=0 Type=Information ComputerName=JEN-I10.krystin.o.fern NsooVmlpmhuy=Special Logon OpCode=Info QoioxoAcgibn=000520110220 Keywords=Audit Success Message=Special privileges assigned to new logon. Subject: Security ID: NT AUTHORITY\SYSTEM Account Name: JEN-I10$ Account Domain: KRYSTIN Logon ID: 0sP0Y920E63 Privileges: SvZubvohxkHuodywtvh  XqBzcxxjAmdbeoyfy  OzHxqtswiDrrdxbgor  BrKvpsHnytadvvgUabnotztt  JzDhuwiIwtkqyzvj  DyKkmjvnAaoiplmpmrwJtpvvdaey  QqMdgwHjxfxjFzoruspyo  ToKubhtnoptcjIuxlnkiyj  GwPpgacmorWgwwdzmUdsiTcpnzbltxgqMcwytgjbp
10/09/2020 09:07:59 AM LogName=Security EpiypiLkch=Catherina Windows security auditing. SkveeFqis=1120 EventType=0 Type=Information ComputerName=JEN-I10.krystin.o.fern NsooVmlpmhuy=Ashlea OpCode=Info QoioxoAcgibn=054047122501 Keywords=Audit Success Message=An account was logged off. Subject: Security ID: KRYSTIN\JEN-O06$ Account Name: JEN-O06$ Account Domain: KRYSTIN Logon ID: 0rR0A260N04 Logon Type:  3 This event is generated when a logon session is destroyed. It may be positively correlated with a logon event using the Logon ID value. Logon IDs are only unique between reboots on the same computer.
10/09/2020 09:07:59 AM LogName=Security EpiypiLkch=Catherina Windows security auditing. SkveeFqis=1120 EventType=0 Type=Information ComputerName=JEN-I10.krystin.o.fern NsooVmlpmhuy=Ashlea OpCode=Info QoioxoAcgibn=141256101102 Keywords=Audit Success Message=An account was logged off. Subject: Security ID: KRYSTIN\JEN-O06$ Account Name: JEN-O06$ Account Domain: KRYSTIN Logon ID: 0bC0Y330V1E Logon Type:  3 This event is generated when a logon session is destroyed. It may be positively correlated with a logon event using the Logon ID value. Logon IDs are only unique between reboots on the same computer.
10/09/2020 09:07:59 AM LogName=Security EpiypiLkch=Catherina Windows security auditing. SkveeFqis=1120 EventType=0 Type=Information ComputerName=JEN-I10.krystin.o.fern NsooVmlpmhuy=Ashlea OpCode=Info QoioxoAcgibn=132131122404 Keywords=Audit Success Message=An account was logged off. Subject: Security ID: NT AUTHORITY\SYSTEM Account Name: JEN-I10$ Account Domain: KRYSTIN Logon ID: 0xQ0Q640LGT Logon Type:  3 This event is generated when a logon session is destroyed. It may be positively correlated with a logon event using the Logon ID value. Logon IDs are only unique between reboots on the same computer.
10/09/2020 09:07:59 AM LogName=Security EpiypiLkch=Catherina Windows security auditing. SkveeFqis=1120 EventType=0 Type=Information ComputerName=JEN-I10.krystin.o.fern NsooVmlpmhuy=Ashlea OpCode=Info QoioxoAcgibn=121306102115 Keywords=Audit Success Message=An account was logged off. Subject: Security ID: NT AUTHORITY\SYSTEM Account Name: JEN-I10$ Account Domain: KRYSTIN Logon ID: 0iU0O770D1A Logon Type:  3 This event is generated when a logon session is destroyed. It may be positively correlated with a logon event using the Logon ID value. Logon IDs are only unique between reboots on the same computer.
10/09/2020 09:07:59 AM LogName=Security EpiypiLkch=Catherina Windows security auditing. SkveeFqis=1120 EventType=0 Type=Information ComputerName=JEN-I10.krystin.o.fern NsooVmlpmhuy=Ashlea OpCode=Info QoioxoAcgibn=004546112502 Keywords=Audit Success Message=An account was logged off. Subject: Security ID: KRYSTIN\JEN-O06$ Account Name: JEN-O06$ Account Domain: KRYSTIN Logon ID: 0zU0L280F12 Logon Type:  3 This event is generated when a logon session is destroyed. It may be positively correlated with a logon event using the Logon ID value. Logon IDs are only unique between reboots on the same computer.
10/09/2020 09:07:59 AM LogName=Security EpiypiLkch=Catherina Windows security auditing. SkveeFqis=1120 EventType=0 Type=Information ComputerName=JEN-I10.krystin.o.fern NsooVmlpmhuy=Ashlea OpCode=Info QoioxoAcgibn=123405112712 Keywords=Audit Success Message=An account was logged off. Subject: Security ID: KRYSTIN\JEN-U20$ Account Name: JEN-U20$ Account Domain: KRYSTIN Logon ID: 0uC0C960B00 Logon Type:  3 This event is generated when a logon session is destroyed. It may be positively correlated with a logon event using the Logon ID value. Logon IDs are only unique between reboots on the same computer.
10/09/2020 09:07:59 AM LogName=Security EpiypiLkch=Catherina Windows security auditing. SkveeFqis=1120 EventType=0 Type=Information ComputerName=JEN-I10.krystin.o.fern NsooVmlpmhuy=Ashlea OpCode=Info QoioxoAcgibn=042026021803 Keywords=Audit Success Message=An account was logged off. Subject: Security ID: NT AUTHORITY\SYSTEM Account Name: JEN-I10$ Account Domain: KRYSTIN Logon ID: 0hH0E940HOG Logon Type:  3 This event is generated when a logon session is destroyed. It may be positively correlated with a logon event using the Logon ID value. Logon IDs are only unique between reboots on the same computer.
10/09/2020 09:07:59 AM LogName=Security EpiypiLkch=Catherina Windows security auditing. SkveeFqis=1120 EventType=0 Type=Information ComputerName=JEN-I10.krystin.o.fern NsooVmlpmhuy=Ashlea OpCode=Info QoioxoAcgibn=103435102502 Keywords=Audit Success Message=An account was logged off. Subject: Security ID: NT AUTHORITY\SYSTEM Account Name: JEN-I10$ Account Domain: KRYSTIN Logon ID: 0cB0D050J1B Logon Type:  3 This event is generated when a logon session is destroyed. It may be positively correlated with a logon event using the Logon ID value. Logon IDs are only unique between reboots on the same computer.
10/09/2020 09:07:59 AM LogName=Security EpiypiLkch=Catherina Windows security auditing. SkveeFqis=1120 EventType=0 Type=Information ComputerName=JEN-I10.krystin.o.fern NsooVmlpmhuy=Ashlea OpCode=Info QoioxoAcgibn=104333122101 Keywords=Audit Success Message=An account was logged off. Subject: Security ID: KRYSTIN\JEN-O06$ Account Name: JEN-O06$ Account Domain: KRYSTIN Logon ID: 0nD0K740V2R Logon Type:  3 This event is generated when a logon session is destroyed. It may be positively correlated with a logon event using the Logon ID value. Logon IDs are only unique between reboots on the same computer.
10/09/2020 09:07:59 AM LogName=Security EpiypiLkch=Catherina Windows security auditing. SkveeFqis=1120 EventType=0 Type=Information ComputerName=JEN-I10.krystin.o.fern NsooVmlpmhuy=Ashlea OpCode=Info QoioxoAcgibn=102057011110 Keywords=Audit Success Message=An account was logged off. Subject: Security ID: NT AUTHORITY\SYSTEM Account Name: JEN-I10$ Account Domain: KRYSTIN Logon ID: 0fR0U740H01 Logon Type:  3 This event is generated when a logon session is destroyed. It may be positively correlated with a logon event using the Logon ID value. Logon IDs are only unique between reboots on the same computer.
10/09/2020 09:07:59 AM LogName=Security EpiypiLkch=Catherina Windows security auditing. SkveeFqis=1120 EventType=0 Type=Information ComputerName=JEN-I10.krystin.o.fern NsooVmlpmhuy=Ashlea OpCode=Info QoioxoAcgibn=102342101007 Keywords=Audit Success Message=An account was logged off. Subject: Security ID: NT AUTHORITY\SYSTEM Account Name: JEN-I10$ Account Domain: KRYSTIN Logon ID: 0uA0K730BU0 Logon Type:  3 This event is generated when a logon session is destroyed. It may be positively correlated with a logon event using the Logon ID value. Logon IDs are only unique between reboots on the same computer.
10/09/2020 09:07:59 AM LogName=Security EpiypiLkch=Catherina Windows security auditing. SkveeFqis=1120 EventType=0 Type=Information ComputerName=JEN-I10.krystin.o.fern NsooVmlpmhuy=Ashlea OpCode=Info QoioxoAcgibn=002527112305 Keywords=Audit Success Message=An account was logged off. Subject: Security ID: KRYSTIN\JEN-O06$ Account Name: JEN-O06$ Account Domain: KRYSTIN Logon ID: 0lS0R510M03 Logon Type:  3 This event is generated when a logon session is destroyed. It may be positively correlated with a logon event using the Logon ID value. Logon IDs are only unique between reboots on the same computer.
10/09/2020 09:07:59 AM LogName=Security EpiypiLkch=Catherina Windows security auditing. SkveeFqis=1120 EventType=0 Type=Information ComputerName=JEN-I10.krystin.o.fern NsooVmlpmhuy=Ashlea OpCode=Info QoioxoAcgibn=022121001207 Keywords=Audit Success Message=An account was logged off. Subject: Security ID: NT AUTHORITY\SYSTEM Account Name: JEN-I10$ Account Domain: KRYSTIN Logon ID: 0wV0F740V4C Logon Type:  3 This event is generated when a logon session is destroyed. It may be positively correlated with a logon event using the Logon ID value. Logon IDs are only unique between reboots on the same computer.
10/09/2020 09:07:59 AM LogName=Security EpiypiLkch=Catherina Windows security auditing. SkveeFqis=1120 EventType=0 Type=Information ComputerName=JEN-I10.krystin.o.fern NsooVmlpmhuy=Ashlea OpCode=Info QoioxoAcgibn=152412011605 Keywords=Audit Success Message=An account was logged off. Subject: Security ID: KRYSTIN\JEN-A01$ Account Name: JEN-A01$ Account Domain: KRYSTIN Logon ID: 0fW0V010ZKX Logon Type:  3 This event is generated when a logon session is destroyed. It may be positively correlated with a logon event using the Logon ID value. Logon IDs are only unique between reboots on the same computer.
10/09/2020 09:07:59 AM LogName=Security EpiypiLkch=Catherina Windows security auditing. SkveeFqis=1120 EventType=0 Type=Information ComputerName=JEN-I10.krystin.o.fern NsooVmlpmhuy=Ashlea OpCode=Info QoioxoAcgibn=022034121305 Keywords=Audit Success Message=An account was logged off. Subject: Security ID: KRYSTIN\JEN-A01$ Account Name: JEN-A01$ Account Domain: KRYSTIN Logon ID: 0sQ0Q380VT0 Logon Type:  3 This event is generated when a logon session is destroyed. It may be positively correlated with a logon event using the Logon ID value. Logon IDs are only unique between reboots on the same computer.
10/09/2020 09:07:59 AM LogName=Security EpiypiLkch=Catherina Windows security auditing. SkveeFqis=1120 EventType=0 Type=Information ComputerName=JEN-I10.krystin.o.fern NsooVmlpmhuy=Ashlea OpCode=Info QoioxoAcgibn=134547020604 Keywords=Audit Success Message=An account was logged off. Subject: Security ID: NT AUTHORITY\SYSTEM Account Name: JEN-I10$ Account Domain: KRYSTIN Logon ID: 0dF0X640N22 Logon Type:  3 This event is generated when a logon session is destroyed. It may be positively correlated with a logon event using the Logon ID value. Logon IDs are only unique between reboots on the same computer.
10/09/2020 09:07:59 AM LogName=Security EpiypiLkch=Catherina Windows security auditing. SkveeFqis=1120 EventType=0 Type=Information ComputerName=JEN-I10.krystin.o.fern NsooVmlpmhuy=Ashlea OpCode=Info QoioxoAcgibn=061540101301 Keywords=Audit Success Message=An account was logged off. Subject: Security ID: NT AUTHORITY\SYSTEM Account Name: JEN-I10$ Account Domain: KRYSTIN Logon ID: 0zV0Q110Y37 Logon Type:  3 This event is generated when a logon session is destroyed. It may be positively correlated with a logon event using the Logon ID value. Logon IDs are only unique between reboots on the same computer.
10/09/2020 09:07:59 AM LogName=Security EpiypiLkch=Catherina Windows security auditing. SkveeFqis=1120 EventType=0 Type=Information ComputerName=JEN-I10.krystin.o.fern NsooVmlpmhuy=Ashlea OpCode=Info QoioxoAcgibn=132010102502 Keywords=Audit Success Message=An account was logged off. Subject: Security ID: NT AUTHORITY\SYSTEM Account Name: JEN-I10$ Account Domain: KRYSTIN Logon ID: 0jJ0T970FF0 Logon Type:  3 This event is generated when a logon session is destroyed. It may be positively correlated with a logon event using the Logon ID value. Logon IDs are only unique between reboots on the same computer.
10/09/2020 09:07:59 AM LogName=Security EpiypiLkch=Catherina Windows security auditing. SkveeFqis=1320 EventType=0 Type=Information ComputerName=JEN-I10.krystin.o.fern NsooVmlpmhuy=Logon OpCode=Info QoioxoAcgibn=144502020801 Keywords=Audit Success Message=An account was successfully logged on. Subject: Security ID: NULL MEL Account Name: - Account Domain: - Logon ID: 0x0 Logon Information: Logon Type: 3 Restricted Admin Mode: - Virtual Account: No Elevated Token: Yes Impersonation Level: Impersonation New Logon: Security ID: KRYSTIN\JEN-U20$ Account Name: JEN-U20$ Account Domain: KRYSTIN.O.FERN Logon ID: 0xQ0Q130O3W Linked Logon ID: 0x0 Network Account Name: - Network Account Domain: - Logon YUNG: {XP224X1T-1CKG-2110-210G-2FI3110I00B4} Process Information: Process ID: 0x0 Process Name: - Network Information: Workstation Name: - Source Network Address: 10.32.34.84 Source Port: 03071 Detailed Authentication Information: Logon Process: Jesusita Authentication Package: Jesusita Cristobal Services: - Package Name (NEAL only): - Key Length: 0 This event is generated when a logon session is created. It is generated on the computer that was accessed. The subject fields indicate the account on the local system which requested the logon. This is most commonly a service such as the Server service, or a local process such as Demarcus.eli or Services.eli. The logon type field indicates the kind of logon that occurred. The most common types are 2 (interactive) and 3 (network). The New Logon fields indicate the account for whom the new logon was created, i.e. the account that was logged on. The network fields indicate where a remote logon request originated. Workstation name is not always available and may be left blank in some cases. The impersonation level field indicates the extent to which a process in the logon session can impersonate. The authentication information fields provide detailed information about this specific logon request. - Logon YUNG is a unique identifier that can be used to correlate this event with a ORA event. - Cristobal services indicate which intermediate services have participated in this logon request. - Package name indicates which sub-protocol was used among the NEAL protocols. - Key length indicates the length of the generated session key. This will be 0 if no session key was requested.
10/09/2020 09:07:59 AM LogName=Security EpiypiLkch=Catherina Windows security auditing. SkveeFqis=3411 EventType=0 Type=Information ComputerName=JEN-I10.krystin.o.fern NsooVmlpmhuy=Special Logon OpCode=Info QoioxoAcgibn=140240120000 Keywords=Audit Success Message=Special privileges assigned to new logon. Subject: Security ID: KRYSTIN\JEN-U20$ Account Name: JEN-U20$ Account Domain: KRYSTIN Logon ID: 0xQ0Q130O3W Privileges: SvZubvohxkHuodywtvh  XqBzcxxjAmdbeoyfy  OzHxqtswiDrrdxbgor  BrKvpsHnytadvvgUabnotztt  JzDhuwiIwtkqyzvj  DyKkmjvnAaoiplmpmrwJtpvvdaey  QqMdgwHjxfxjFzoruspyo  ToKubhtnoptcjIuxlnkiyj  GwPpgacmorWgwwdzmUdsiTcpnzbltxgqMcwytgjbp
10/09/2020 09:07:59 AM LogName=Security EpiypiLkch=Catherina Windows security auditing. SkveeFqis=1320 EventType=0 Type=Information ComputerName=JEN-I10.krystin.o.fern NsooVmlpmhuy=Logon OpCode=Info QoioxoAcgibn=051105022615 Keywords=Audit Success Message=An account was successfully logged on. Subject: Security ID: NULL MEL Account Name: - Account Domain: - Logon ID: 0x0 Logon Information: Logon Type: 3 Restricted Admin Mode: - Virtual Account: No Elevated Token: Yes Impersonation Level: Impersonation New Logon: Security ID: NT AUTHORITY\SYSTEM Account Name: JEN-I10$ Account Domain: KRYSTIN.O.FERN Logon ID: 0mH0F300F2T Linked Logon ID: 0x0 Network Account Name: - Network Account Domain: - Logon YUNG: {0001Y230-H033-1S02-NI00-T782Z395MP0U} Process Information: Process ID: 0x0 Process Name: - Network Information: Workstation Name: - Source Network Address: lp10::2c1k:j300:jo50:01x3 Source Port: 22652 Detailed Authentication Information: Logon Process: Jesusita Authentication Package: Jesusita Cristobal Services: - Package Name (NEAL only): - Key Length: 0 This event is generated when a logon session is created. It is generated on the computer that was accessed. The subject fields indicate the account on the local system which requested the logon. This is most commonly a service such as the Server service, or a local process such as Demarcus.eli or Services.eli. The logon type field indicates the kind of logon that occurred. The most common types are 2 (interactive) and 3 (network). The New Logon fields indicate the account for whom the new logon was created, i.e. the account that was logged on. The network fields indicate where a remote logon request originated. Workstation name is not always available and may be left blank in some cases. The impersonation level field indicates the extent to which a process in the logon session can impersonate. The authentication information fields provide detailed information about this specific logon request. - Logon YUNG is a unique identifier that can be used to correlate this event with a ORA event. - Cristobal services indicate which intermediate services have participated in this logon request. - Package name indicates which sub-protocol was used among the NEAL protocols. - Key length indicates the length of the generated session key. This will be 0 if no session key was requested.
10/09/2020 09:07:59 AM LogName=Security EpiypiLkch=Catherina Windows security auditing. SkveeFqis=3411 EventType=0 Type=Information ComputerName=JEN-I10.krystin.o.fern NsooVmlpmhuy=Special Logon OpCode=Info QoioxoAcgibn=121300002498 Keywords=Audit Success Message=Special privileges assigned to new logon. Subject: Security ID: NT AUTHORITY\SYSTEM Account Name: JEN-I10$ Account Domain: KRYSTIN Logon ID: 0mH0F300F2T Privileges: SvZubvohxkHuodywtvh  XqBzcxxjAmdbeoyfy  OzHxqtswiDrrdxbgor  BrKvpsHnytadvvgUabnotztt  JzDhuwiIwtkqyzvj  DyKkmjvnAaoiplmpmrwJtpvvdaey  QqMdgwHjxfxjFzoruspyo  ToKubhtnoptcjIuxlnkiyj  GwPpgacmorWgwwdzmUdsiTcpnzbltxgqMcwytgjbp
10/09/2020 09:07:59 AM LogName=Security EpiypiLkch=Catherina Windows security auditing. SkveeFqis=1320 EventType=0 Type=Information ComputerName=JEN-I10.krystin.o.fern NsooVmlpmhuy=Logon OpCode=Info QoioxoAcgibn=020450112095 Keywords=Audit Success Message=An account was successfully logged on. Subject: Security ID: NULL MEL Account Name: - Account Domain: - Logon ID: 0x0 Logon Information: Logon Type: 3 Restricted Admin Mode: - Virtual Account: No Elevated Token: Yes Impersonation Level: Impersonation New Logon: Security ID: KRYSTIN\JEN-O06$ Account Name: JEN-O06$ Account Domain: KRYSTIN.O.FERN Logon ID: 0bC0Y330V1E Linked Logon ID: 0x0 Network Account Name: - Network Account Domain: - Logon YUNG: {F1VN026W-6064-HM00-15U3-030V0003MVKQ} Process Information: Process ID: 0x0 Process Name: - Network Information: Workstation Name: - Source Network Address: 10.32.34.83 Source Port: 10011 Detailed Authentication Information: Logon Process: Jesusita Authentication Package: Jesusita Cristobal Services: - Package Name (NEAL only): - Key Length: 0 This event is generated when a logon session is created. It is generated on the computer that was accessed. The subject fields indicate the account on the local system which requested the logon. This is most commonly a service such as the Server service, or a local process such as Demarcus.eli or Services.eli. The logon type field indicates the kind of logon that occurred. The most common types are 2 (interactive) and 3 (network). The New Logon fields indicate the account for whom the new logon was created, i.e. the account that was logged on. The network fields indicate where a remote logon request originated. Workstation name is not always available and may be left blank in some cases. The impersonation level field indicates the extent to which a process in the logon session can impersonate. The authentication information fields provide detailed information about this specific logon request. - Logon YUNG is a unique identifier that can be used to correlate this event with a ORA event. - Cristobal services indicate which intermediate services have participated in this logon request. - Package name indicates which sub-protocol was used among the NEAL protocols. - Key length indicates the length of the generated session key. This will be 0 if no session key was requested.
10/09/2020 09:07:59 AM LogName=Security EpiypiLkch=Catherina Windows security auditing. SkveeFqis=3411 EventType=0 Type=Information ComputerName=JEN-I10.krystin.o.fern NsooVmlpmhuy=Special Logon OpCode=Info QoioxoAcgibn=131207110476 Keywords=Audit Success Message=Special privileges assigned to new logon. Subject: Security ID: KRYSTIN\JEN-O06$ Account Name: JEN-O06$ Account Domain: KRYSTIN Logon ID: 0bC0Y330V1E Privileges: SvZubvohxkHuodywtvh  XqBzcxxjAmdbeoyfy  OzHxqtswiDrrdxbgor  BrKvpsHnytadvvgUabnotztt  JzDhuwiIwtkqyzvj  DyKkmjvnAaoiplmpmrwJtpvvdaey  QqMdgwHjxfxjFzoruspyo  ToKubhtnoptcjIuxlnkiyj  GwPpgacmorWgwwdzmUdsiTcpnzbltxgqMcwytgjbp
