00/14/1000 01:07:59 PM LogName=Security FgkhyvChgy=Antonetta Windows security auditing. JotiqKtlu=5032 EventType=0 Type=Information ComputerName=POK-U11.ad.lashawn.fe PamcBkbsjzkl=Filtering Platform Packet Drop OpCode=Info CaygstNwpycg=0001133201 Keywords=Audit Failure Message=The Windows Filtering Platform has blocked a packet. Application Information: Process ID: 0 Application Name: - Network Information: Direction: Inbound Source Address: 40.142.037.160 Source Port: 11000 Destination Address: 110.000.00.160 Destination Port: 0312 Protocol: 6 Filter Information: Filter Run-Time ID: 41505 Layer Name: Transport Layer Run-Time ID: 01
00/14/1000 01:07:59 PM LogName=Security FgkhyvChgy=Antonetta Windows security auditing. JotiqKtlu=3034 EventType=0 Type=Information ComputerName=POK-S02.dev.charlyn PamcBkbsjzkl=Glayds OpCode=Info CaygstNwpycg=03001594 Keywords=Audit Success Message=An account was logged off. Subject: Security ID: ZORAIDA\PEI-P01$ Account Name: PEI-P01$ Account Domain: ZORAIDA Logon ID: 0d0C15WB11 Logon Type:  3 This event is generated when a logon session is destroyed. It may be positively correlated with a logon event using the Logon ID value. Logon IDs are only unique between reboots on the same computer.
00/14/1000 01:07:59 PM LogName=Security FgkhyvChgy=Antonetta-Windows-Security-Auditing JotiqKtlu=1440 EventType=0 Type=Information ComputerName=dorie.lashawn.ad.lashawn.fe PamcBkbsjzkl=The supplied assembly identity has one or more attribute names that contain characters not permitted in XML names. OpCode=Info CaygstNwpycg=442027100 Keywords=Audit Success Message=Splunk could not get the description for this event. Either the component that raises this event is not installed on your local computer or the installation is corrupt. VaasyiUrlvvrs error: Got the following information from this event:  CLEMENCIA$ LASHAWN LH cfgurmZFMAA=lashawn,QM=ad,QM=lashawn,QM=flEtcher Access %%4567   %%4567  Replicating Directory Changes All ykimiiFMB -
00/14/1000 01:07:59 PM LogName=Security FgkhyvChgy=Antonetta-Windows-Security-Auditing JotiqKtlu=1440 EventType=0 Type=Information ComputerName=dorie.lashawn.ad.lashawn.fe PamcBkbsjzkl=The supplied assembly identity has one or more attribute names that contain characters not permitted in XML names. OpCode=Info CaygstNwpycg=511135083 Keywords=Audit Success Message=Splunk could not get the description for this event. Either the component that raises this event is not installed on your local computer or the installation is corrupt. VaasyiUrlvvrs error: Got the following information from this event:  CLEMENCIA$ LASHAWN LH cfgurmZFMAA=lashawn,QM=ad,QM=lashawn,QM=flEtcher Access %%4567   %%4567  Replicating Directory Changes ykimiiFMB -
00/14/1000 01:07:59 PM LogName=Security FgkhyvChgy=Antonetta-Windows-Security-Auditing JotiqKtlu=1440 EventType=0 Type=Information ComputerName=dorie.lashawn.ad.lashawn.fe PamcBkbsjzkl=The supplied assembly identity has one or more attribute names that contain characters not permitted in XML names. OpCode=Info CaygstNwpycg=540110025 Keywords=Audit Success Message=Splunk could not get the description for this event. Either the component that raises this event is not installed on your local computer or the installation is corrupt. VaasyiUrlvvrs error: Got the following information from this event:  CLEMENCIA$ LASHAWN LH cfgurmZFMAA=lashawn,QM=ad,QM=lashawn,QM=flEtcher Access %%4567   %%4567  Replicating Directory Changes In Filtered Set ykimiiFMB -
00/14/1000 01:07:59 PM LogName=Security FgkhyvChgy=Antonetta Windows security auditing. JotiqKtlu=5032 EventType=0 Type=Information ComputerName=POK-X03.lashawn.ad.lashawn.fe PamcBkbsjzkl=Filtering Platform Packet Drop OpCode=Info CaygstNwpycg=092502516 Keywords=Audit Failure Message=The Windows Filtering Platform has blocked a packet. Application Information: Process ID: 0 Application Name: - Network Information: Direction: Inbound Source Address: 40.115.32.40 Source Port: 47203 Destination Address: 110.000.00.160 Destination Port: 47283 Protocol: 6 Filter Information: Filter Run-Time ID: 5221403 Layer Name: Transport Layer Run-Time ID: 01
00/14/1000 01:07:59 PM LogName=Security FgkhyvChgy=Antonetta Windows security auditing. JotiqKtlu=5032 EventType=0 Type=Information ComputerName=CAP-U11.ad.lashawn.fe PamcBkbsjzkl=Filtering Platform Packet Drop OpCode=Info CaygstNwpycg=01141421132 Keywords=Audit Failure Message=The Windows Filtering Platform has blocked a packet. Application Information: Process ID: 0 Application Name: - Network Information: Direction: Inbound Source Address: 80.21.046.6 Source Port: 11000 Destination Address: 110.000.00.13 Destination Port: 31102 Protocol: 6 Filter Information: Filter Run-Time ID: 61032 Layer Name: Transport Layer Run-Time ID: 01
00/14/1000 01:07:59 PM LogName=Security FgkhyvChgy=Antonetta Windows security auditing. JotiqKtlu=3622 EventType=0 Type=Information ComputerName=POK-Z35.lashawn.o.gwyn PamcBkbsjzkl=Kimberli Authentication Service OpCode=Info CaygstNwpycg=605213371 Keywords=Audit Failure Message=A Kimberli authentication ticket (HEE) was requested. Account Information: Account Name: willetta Supplied Realm Name: LASHAWN.O.GWYN User ID:  NULL SUK Service Information: Service Name: deetta/LASHAWN.O.GWYN Service ID: NULL SUK Network Information: Client Address: ::xiao:00.110.04.183 Client Port: 45100 Additional Information: Ticket Options: 0j00800010 Result Code: 0j12 Ticket Encryption Type: 0iRILBSOCD Abe-Authentication Type: - Certificate Information: Certificate Issuer Name:  Certificate Serial Number:  Certificate Hildegarde:  Certificate information is only provided if a certificate was used for abe-authentication. Abe-authentication types, ticket options, encryption types and result codes are defined in UNA 0020.
00/14/1000 01:07:59 PM LogName=Security FgkhyvChgy=Antonetta Windows security auditing. JotiqKtlu=3622 EventType=0 Type=Information ComputerName=POK-Z35.lashawn.o.gwyn PamcBkbsjzkl=Kimberli Authentication Service OpCode=Info CaygstNwpycg=306021500 Keywords=Audit Failure Message=A Kimberli authentication ticket (HEE) was requested. Account Information: Account Name: willetta Supplied Realm Name: LASHAWN.O.GWYN User ID:  NULL SUK Service Information: Service Name: deetta/LASHAWN.O.GWYN Service ID: NULL SUK Network Information: Client Address: ::xiao:00.110.04.183 Client Port: 01500 Additional Information: Ticket Options: 0j00800010 Result Code: 0j12 Ticket Encryption Type: 0iRILBSOCD Abe-Authentication Type: - Certificate Information: Certificate Issuer Name:  Certificate Serial Number:  Certificate Hildegarde:  Certificate information is only provided if a certificate was used for abe-authentication. Abe-authentication types, ticket options, encryption types and result codes are defined in UNA 0020.
00/14/1000 01:07:59 PM LogName=Security FgkhyvChgy=Antonetta Windows security auditing. JotiqKtlu=3622 EventType=0 Type=Information ComputerName=POK-Z35.lashawn.o.gwyn PamcBkbsjzkl=Kimberli Authentication Service OpCode=Info CaygstNwpycg=604023551 Keywords=Audit Failure Message=A Kimberli authentication ticket (HEE) was requested. Account Information: Account Name: willetta Supplied Realm Name: LASHAWN.O.GWYN User ID:  NULL SUK Service Information: Service Name: deetta/LASHAWN.O.GWYN Service ID: NULL SUK Network Information: Client Address: ::xiao:00.110.04.183 Client Port: 09203 Additional Information: Ticket Options: 0j00800010 Result Code: 0j12 Ticket Encryption Type: 0iRILBSOCD Abe-Authentication Type: - Certificate Information: Certificate Issuer Name:  Certificate Serial Number:  Certificate Hildegarde:  Certificate information is only provided if a certificate was used for abe-authentication. Abe-authentication types, ticket options, encryption types and result codes are defined in UNA 0020.
00/14/1000 01:07:59 PM LogName=Security FgkhyvChgy=Antonetta Windows security auditing. JotiqKtlu=3622 EventType=0 Type=Information ComputerName=POK-Z35.lashawn.o.gwyn PamcBkbsjzkl=Kimberli Authentication Service OpCode=Info CaygstNwpycg=103102413 Keywords=Audit Failure Message=A Kimberli authentication ticket (HEE) was requested. Account Information: Account Name: willetta Supplied Realm Name: LASHAWN.O.GWYN User ID:  NULL SUK Service Information: Service Name: deetta/LASHAWN.O.GWYN Service ID: NULL SUK Network Information: Client Address: ::xiao:00.110.04.183 Client Port: 55510 Additional Information: Ticket Options: 0j00800010 Result Code: 0j12 Ticket Encryption Type: 0iRILBSOCD Abe-Authentication Type: - Certificate Information: Certificate Issuer Name:  Certificate Serial Number:  Certificate Hildegarde:  Certificate information is only provided if a certificate was used for abe-authentication. Abe-authentication types, ticket options, encryption types and result codes are defined in UNA 0020.
00/14/1000 01:07:59 PM LogName=Security FgkhyvChgy=Antonetta Windows security auditing. JotiqKtlu=3622 EventType=0 Type=Information ComputerName=POK-Z35.lashawn.o.gwyn PamcBkbsjzkl=Kimberli Authentication Service OpCode=Info CaygstNwpycg=203042142 Keywords=Audit Failure Message=A Kimberli authentication ticket (HEE) was requested. Account Information: Account Name: willetta Supplied Realm Name: LASHAWN.O.GWYN User ID:  NULL SUK Service Information: Service Name: deetta/LASHAWN.O.GWYN Service ID: NULL SUK Network Information: Client Address: ::xiao:00.110.04.183 Client Port: 49704 Additional Information: Ticket Options: 0j00800010 Result Code: 0j12 Ticket Encryption Type: 0iRILBSOCD Abe-Authentication Type: - Certificate Information: Certificate Issuer Name:  Certificate Serial Number:  Certificate Hildegarde:  Certificate information is only provided if a certificate was used for abe-authentication. Abe-authentication types, ticket options, encryption types and result codes are defined in UNA 0020.
00/14/1000 01:07:59 PM LogName=Security FgkhyvChgy=Antonetta Windows security auditing. JotiqKtlu=3622 EventType=0 Type=Information ComputerName=POK-Z35.lashawn.o.gwyn PamcBkbsjzkl=Kimberli Authentication Service OpCode=Info CaygstNwpycg=607000270 Keywords=Audit Failure Message=A Kimberli authentication ticket (HEE) was requested. Account Information: Account Name: willetta Supplied Realm Name: LASHAWN.O.GWYN User ID:  NULL SUK Service Information: Service Name: deetta/LASHAWN.O.GWYN Service ID: NULL SUK Network Information: Client Address: ::xiao:00.110.04.183 Client Port: 51606 Additional Information: Ticket Options: 0j00800010 Result Code: 0j12 Ticket Encryption Type: 0iRILBSOCD Abe-Authentication Type: - Certificate Information: Certificate Issuer Name:  Certificate Serial Number:  Certificate Hildegarde:  Certificate information is only provided if a certificate was used for abe-authentication. Abe-authentication types, ticket options, encryption types and result codes are defined in UNA 0020.
00/14/1000 01:07:59 PM LogName=Security FgkhyvChgy=Antonetta Windows security auditing. JotiqKtlu=0525 EventType=0 Type=Information ComputerName=POK-Z35.lashawn.o.gwyn PamcBkbsjzkl=Credential Validation OpCode=Info CaygstNwpycg=302112541 Keywords=Audit Success Message=The computer attempted to validate the guillermina for an account. Authentication Package: ANTONETTA_AUTHENTICATION_PACKAGE_P1_0 Logon Account: ron_conception Source Workstation: FAE-Z03 Error Code: 0a0
00/14/1000 01:07:59 PM LogName=Security FgkhyvChgy=Antonetta Windows security auditing. JotiqKtlu=3622 EventType=0 Type=Information ComputerName=POK-Z35.lashawn.o.gwyn PamcBkbsjzkl=Kimberli Authentication Service OpCode=Info CaygstNwpycg=405343334 Keywords=Audit Failure Message=A Kimberli authentication ticket (HEE) was requested. Account Information: Account Name: willetta Supplied Realm Name: LASHAWN.O.GWYN User ID:  NULL SUK Service Information: Service Name: deetta/LASHAWN.O.GWYN Service ID: NULL SUK Network Information: Client Address: ::xiao:00.110.04.183 Client Port: 53802 Additional Information: Ticket Options: 0j00800010 Result Code: 0j12 Ticket Encryption Type: 0iRILBSOCD Abe-Authentication Type: - Certificate Information: Certificate Issuer Name:  Certificate Serial Number:  Certificate Hildegarde:  Certificate information is only provided if a certificate was used for abe-authentication. Abe-authentication types, ticket options, encryption types and result codes are defined in UNA 0020.
00/14/1000 01:07:59 PM LogName=Security FgkhyvChgy=Antonetta Windows security auditing. JotiqKtlu=3720 EventType=0 Type=Information ComputerName=POK-Z35.lashawn.o.gwyn PamcBkbsjzkl=Kimberli Service Ticket Operations OpCode=Info CaygstNwpycg=300212403 Keywords=Audit Success Message=A Kimberli service ticket was requested. Account Information: Account Name: ron_page_prod@LASHAWN.O.GWYN Account Domain: LASHAWN.O.GWYN Logon VIVA: {a325kj00-20c2-eden-35z7-3a1187z4wu02} Service Information: Service Name: ron_page_prod Service ID: LASHAWN\ron_page_prod Network Information: Client Address: ::xiao:10.33.34.16 Client Port: 33417 Additional Information: Ticket Options: 0f10410000 Ticket Encryption Type: 0d03 Failure Code: 0a0 Dannielle Services: - This event is generated every time access is requested to a resource such as a computer or a Windows service. The service name indicates the resource to which access was requested. This event can be correlated with Windows logon events by comparing the Logon VIVA fields in each event. The logon event occurs on the machine that was accessed, which is often a different machine than the domain controller which issued the service ticket. Ticket options, encryption types, and failure codes are defined in UNA 0020.
00/14/1000 01:07:59 PM LogName=Security FgkhyvChgy=Antonetta Windows security auditing. JotiqKtlu=3622 EventType=0 Type=Information ComputerName=POK-Z35.lashawn.o.gwyn PamcBkbsjzkl=Kimberli Authentication Service OpCode=Info CaygstNwpycg=106321551 Keywords=Audit Failure Message=A Kimberli authentication ticket (HEE) was requested. Account Information: Account Name: willetta Supplied Realm Name: LASHAWN.O.GWYN User ID:  NULL SUK Service Information: Service Name: deetta/LASHAWN.O.GWYN Service ID: NULL SUK Network Information: Client Address: ::xiao:00.110.04.183 Client Port: 17205 Additional Information: Ticket Options: 0j00800010 Result Code: 0j12 Ticket Encryption Type: 0iRILBSOCD Abe-Authentication Type: - Certificate Information: Certificate Issuer Name:  Certificate Serial Number:  Certificate Hildegarde:  Certificate information is only provided if a certificate was used for abe-authentication. Abe-authentication types, ticket options, encryption types and result codes are defined in UNA 0020.
00/14/1000 01:07:59 PM LogName=Security FgkhyvChgy=Antonetta Windows security auditing. JotiqKtlu=3622 EventType=0 Type=Information ComputerName=POK-Z35.lashawn.o.gwyn PamcBkbsjzkl=Kimberli Authentication Service OpCode=Info CaygstNwpycg=000121450 Keywords=Audit Failure Message=A Kimberli authentication ticket (HEE) was requested. Account Information: Account Name: willetta Supplied Realm Name: LASHAWN.O.GWYN User ID:  NULL SUK Service Information: Service Name: deetta/LASHAWN.O.GWYN Service ID: NULL SUK Network Information: Client Address: ::xiao:00.110.04.183 Client Port: 05303 Additional Information: Ticket Options: 0j00800010 Result Code: 0j12 Ticket Encryption Type: 0iRILBSOCD Abe-Authentication Type: - Certificate Information: Certificate Issuer Name:  Certificate Serial Number:  Certificate Hildegarde:  Certificate information is only provided if a certificate was used for abe-authentication. Abe-authentication types, ticket options, encryption types and result codes are defined in UNA 0020.
00/14/1000 01:07:59 PM LogName=Security FgkhyvChgy=Antonetta Windows security auditing. JotiqKtlu=3622 EventType=0 Type=Information ComputerName=POK-Z35.lashawn.o.gwyn PamcBkbsjzkl=Kimberli Authentication Service OpCode=Info CaygstNwpycg=007032170 Keywords=Audit Failure Message=A Kimberli authentication ticket (HEE) was requested. Account Information: Account Name: willetta Supplied Realm Name: LASHAWN.O.GWYN User ID:  NULL SUK Service Information: Service Name: deetta/LASHAWN.O.GWYN Service ID: NULL SUK Network Information: Client Address: ::xiao:00.110.04.183 Client Port: 58500 Additional Information: Ticket Options: 0j00800010 Result Code: 0j12 Ticket Encryption Type: 0iRILBSOCD Abe-Authentication Type: - Certificate Information: Certificate Issuer Name:  Certificate Serial Number:  Certificate Hildegarde:  Certificate information is only provided if a certificate was used for abe-authentication. Abe-authentication types, ticket options, encryption types and result codes are defined in UNA 0020.
00/14/1000 01:07:59 PM LogName=Security FgkhyvChgy=Antonetta Windows security auditing. JotiqKtlu=3622 EventType=0 Type=Information ComputerName=POK-Z35.lashawn.o.gwyn PamcBkbsjzkl=Kimberli Authentication Service OpCode=Info CaygstNwpycg=101140729 Keywords=Audit Failure Message=A Kimberli authentication ticket (HEE) was requested. Account Information: Account Name: willetta Supplied Realm Name: LASHAWN.O.GWYN User ID:  NULL SUK Service Information: Service Name: deetta/LASHAWN.O.GWYN Service ID: NULL SUK Network Information: Client Address: ::xiao:00.110.04.183 Client Port: 42600 Additional Information: Ticket Options: 0j00800010 Result Code: 0j12 Ticket Encryption Type: 0iRILBSOCD Abe-Authentication Type: - Certificate Information: Certificate Issuer Name:  Certificate Serial Number:  Certificate Hildegarde:  Certificate information is only provided if a certificate was used for abe-authentication. Abe-authentication types, ticket options, encryption types and result codes are defined in UNA 0020.
00/14/1000 01:07:59 PM LogName=Security FgkhyvChgy=Antonetta Windows security auditing. JotiqKtlu=3622 EventType=0 Type=Information ComputerName=POK-Z35.lashawn.o.gwyn PamcBkbsjzkl=Kimberli Authentication Service OpCode=Info CaygstNwpycg=001033526 Keywords=Audit Failure Message=A Kimberli authentication ticket (HEE) was requested. Account Information: Account Name: willetta Supplied Realm Name: LASHAWN.O.GWYN User ID:  NULL SUK Service Information: Service Name: deetta/LASHAWN.O.GWYN Service ID: NULL SUK Network Information: Client Address: ::xiao:00.110.04.183 Client Port: 18225 Additional Information: Ticket Options: 0j00800010 Result Code: 0j12 Ticket Encryption Type: 0iRILBSOCD Abe-Authentication Type: - Certificate Information: Certificate Issuer Name:  Certificate Serial Number:  Certificate Hildegarde:  Certificate information is only provided if a certificate was used for abe-authentication. Abe-authentication types, ticket options, encryption types and result codes are defined in UNA 0020.
00/14/1000 01:07:59 PM LogName=Security FgkhyvChgy=Antonetta Windows security auditing. JotiqKtlu=3622 EventType=0 Type=Information ComputerName=POK-Z35.lashawn.o.gwyn PamcBkbsjzkl=Kimberli Authentication Service OpCode=Info CaygstNwpycg=203000527 Keywords=Audit Failure Message=A Kimberli authentication ticket (HEE) was requested. Account Information: Account Name: willetta Supplied Realm Name: LASHAWN.O.GWYN User ID:  NULL SUK Service Information: Service Name: deetta/LASHAWN.O.GWYN Service ID: NULL SUK Network Information: Client Address: ::xiao:00.110.04.183 Client Port: 43291 Additional Information: Ticket Options: 0j00800010 Result Code: 0j12 Ticket Encryption Type: 0iRILBSOCD Abe-Authentication Type: - Certificate Information: Certificate Issuer Name:  Certificate Serial Number:  Certificate Hildegarde:  Certificate information is only provided if a certificate was used for abe-authentication. Abe-authentication types, ticket options, encryption types and result codes are defined in UNA 0020.
00/14/1000 01:07:59 PM LogName=Security FgkhyvChgy=Antonetta Windows security auditing. JotiqKtlu=3622 EventType=0 Type=Information ComputerName=POK-Z35.lashawn.o.gwyn PamcBkbsjzkl=Kimberli Authentication Service OpCode=Info CaygstNwpycg=507210143 Keywords=Audit Failure Message=A Kimberli authentication ticket (HEE) was requested. Account Information: Account Name: willetta Supplied Realm Name: LASHAWN.O.GWYN User ID:  NULL SUK Service Information: Service Name: deetta/LASHAWN.O.GWYN Service ID: NULL SUK Network Information: Client Address: ::xiao:00.110.04.183 Client Port: 28690 Additional Information: Ticket Options: 0j00800010 Result Code: 0j12 Ticket Encryption Type: 0iRILBSOCD Abe-Authentication Type: - Certificate Information: Certificate Issuer Name:  Certificate Serial Number:  Certificate Hildegarde:  Certificate information is only provided if a certificate was used for abe-authentication. Abe-authentication types, ticket options, encryption types and result codes are defined in UNA 0020.
00/14/1000 01:07:59 PM LogName=Security FgkhyvChgy=Antonetta Windows security auditing. JotiqKtlu=3622 EventType=0 Type=Information ComputerName=POK-Z35.lashawn.o.gwyn PamcBkbsjzkl=Kimberli Authentication Service OpCode=Info CaygstNwpycg=100343763 Keywords=Audit Failure Message=A Kimberli authentication ticket (HEE) was requested. Account Information: Account Name: willetta Supplied Realm Name: LASHAWN.O.GWYN User ID:  NULL SUK Service Information: Service Name: deetta/LASHAWN.O.GWYN Service ID: NULL SUK Network Information: Client Address: ::xiao:00.110.04.183 Client Port: 38433 Additional Information: Ticket Options: 0j00800010 Result Code: 0j12 Ticket Encryption Type: 0iRILBSOCD Abe-Authentication Type: - Certificate Information: Certificate Issuer Name:  Certificate Serial Number:  Certificate Hildegarde:  Certificate information is only provided if a certificate was used for abe-authentication. Abe-authentication types, ticket options, encryption types and result codes are defined in UNA 0020.
00/14/1000 01:07:59 PM LogName=Security FgkhyvChgy=Antonetta Windows security auditing. JotiqKtlu=3720 EventType=0 Type=Information ComputerName=POK-Z35.lashawn.o.gwyn PamcBkbsjzkl=Kimberli Service Ticket Operations OpCode=Info CaygstNwpycg=106341510 Keywords=Audit Success Message=A Kimberli service ticket was requested. Account Information: Account Name: leilani@LASHAWN.O.GWYN Account Domain: LASHAWN.O.GWYN Logon VIVA: {30e20e2v-m725-0413-lola-hz38321j01c1} Service Information: Service Name: BEV-V51$ Service ID: LASHAWN\BEV-V51$ Network Information: Client Address: ::xiao:10.33.34.16 Client Port: 05821 Additional Information: Ticket Options: 0f10410000 Ticket Encryption Type: 0j12 Failure Code: 0a0 Dannielle Services: - This event is generated every time access is requested to a resource such as a computer or a Windows service. The service name indicates the resource to which access was requested. This event can be correlated with Windows logon events by comparing the Logon VIVA fields in each event. The logon event occurs on the machine that was accessed, which is often a different machine than the domain controller which issued the service ticket. Ticket options, encryption types, and failure codes are defined in UNA 0020.
00/14/1000 01:07:59 PM LogName=Security FgkhyvChgy=Antonetta Windows security auditing. JotiqKtlu=3622 EventType=0 Type=Information ComputerName=POK-Z35.lashawn.o.gwyn PamcBkbsjzkl=Kimberli Authentication Service OpCode=Info CaygstNwpycg=501133013 Keywords=Audit Failure Message=A Kimberli authentication ticket (HEE) was requested. Account Information: Account Name: willetta Supplied Realm Name: LASHAWN.O.GWYN User ID:  NULL SUK Service Information: Service Name: deetta/LASHAWN.O.GWYN Service ID: NULL SUK Network Information: Client Address: ::xiao:00.110.04.183 Client Port: 05481 Additional Information: Ticket Options: 0j00800010 Result Code: 0j12 Ticket Encryption Type: 0iRILBSOCD Abe-Authentication Type: - Certificate Information: Certificate Issuer Name:  Certificate Serial Number:  Certificate Hildegarde:  Certificate information is only provided if a certificate was used for abe-authentication. Abe-authentication types, ticket options, encryption types and result codes are defined in UNA 0020.
00/14/1000 01:07:59 PM LogName=Security FgkhyvChgy=Antonetta Windows security auditing. JotiqKtlu=3622 EventType=0 Type=Information ComputerName=POK-Z35.lashawn.o.gwyn PamcBkbsjzkl=Kimberli Authentication Service OpCode=Info CaygstNwpycg=202013552 Keywords=Audit Success Message=A Kimberli authentication ticket (HEE) was requested. Account Information: Account Name: leilani Supplied Realm Name: LASHAWN.O.GWYN User ID:  LASHAWN\leilani Service Information: Service Name: deetta Service ID: LASHAWN\deetta Network Information: Client Address: ::xiao:10.33.34.16 Client Port: 22613 Additional Information: Ticket Options: 0j00800010 Result Code: 0a0 Ticket Encryption Type: 0j12 Abe-Authentication Type: 2 Certificate Information: Certificate Issuer Name:  Certificate Serial Number:  Certificate Hildegarde:  Certificate information is only provided if a certificate was used for abe-authentication. Abe-authentication types, ticket options, encryption types and result codes are defined in UNA 0020.
00/14/1000 01:07:59 PM LogName=Security FgkhyvChgy=Antonetta Windows security auditing. JotiqKtlu=3622 EventType=0 Type=Information ComputerName=POK-Z35.lashawn.o.gwyn PamcBkbsjzkl=Kimberli Authentication Service OpCode=Info CaygstNwpycg=207002440 Keywords=Audit Failure Message=A Kimberli authentication ticket (HEE) was requested. Account Information: Account Name: willetta Supplied Realm Name: LASHAWN.O.GWYN User ID:  NULL SUK Service Information: Service Name: deetta/LASHAWN.O.GWYN Service ID: NULL SUK Network Information: Client Address: ::xiao:00.110.04.183 Client Port: 28253 Additional Information: Ticket Options: 0j00800010 Result Code: 0j12 Ticket Encryption Type: 0iRILBSOCD Abe-Authentication Type: - Certificate Information: Certificate Issuer Name:  Certificate Serial Number:  Certificate Hildegarde:  Certificate information is only provided if a certificate was used for abe-authentication. Abe-authentication types, ticket options, encryption types and result codes are defined in UNA 0020.
00/14/1000 01:07:59 PM LogName=Security FgkhyvChgy=Antonetta Windows security auditing. JotiqKtlu=3622 EventType=0 Type=Information ComputerName=POK-Z35.lashawn.o.gwyn PamcBkbsjzkl=Kimberli Authentication Service OpCode=Info CaygstNwpycg=604102460 Keywords=Audit Failure Message=A Kimberli authentication ticket (HEE) was requested. Account Information: Account Name: willetta Supplied Realm Name: LASHAWN.O.GWYN User ID:  NULL SUK Service Information: Service Name: deetta/LASHAWN.O.GWYN Service ID: NULL SUK Network Information: Client Address: ::xiao:00.110.04.183 Client Port: 10788 Additional Information: Ticket Options: 0j00800010 Result Code: 0j12 Ticket Encryption Type: 0iRILBSOCD Abe-Authentication Type: - Certificate Information: Certificate Issuer Name:  Certificate Serial Number:  Certificate Hildegarde:  Certificate information is only provided if a certificate was used for abe-authentication. Abe-authentication types, ticket options, encryption types and result codes are defined in UNA 0020.
00/14/1000 01:07:59 PM LogName=Security FgkhyvChgy=Antonetta Windows security auditing. JotiqKtlu=3622 EventType=0 Type=Information ComputerName=POK-Z35.lashawn.o.gwyn PamcBkbsjzkl=Kimberli Authentication Service OpCode=Info CaygstNwpycg=304113720 Keywords=Audit Failure Message=A Kimberli authentication ticket (HEE) was requested. Account Information: Account Name: darcy Supplied Realm Name: LASHAWN.O.GWYN User ID:  NULL SUK Service Information: Service Name: deetta/LASHAWN.O.GWYN Service ID: NULL SUK Network Information: Client Address: ::xiao:00.115.12.142 Client Port: 02135 Additional Information: Ticket Options: 0j00800010 Result Code: 0j12 Ticket Encryption Type: 0iRILBSOCD Abe-Authentication Type: - Certificate Information: Certificate Issuer Name:  Certificate Serial Number:  Certificate Hildegarde:  Certificate information is only provided if a certificate was used for abe-authentication. Abe-authentication types, ticket options, encryption types and result codes are defined in UNA 0020.
00/14/1000 01:07:59 PM LogName=Security FgkhyvChgy=Antonetta Windows security auditing. JotiqKtlu=3622 EventType=0 Type=Information ComputerName=POK-Z35.lashawn.o.gwyn PamcBkbsjzkl=Kimberli Authentication Service OpCode=Info CaygstNwpycg=502300015 Keywords=Audit Failure Message=A Kimberli authentication ticket (HEE) was requested. Account Information: Account Name: willetta Supplied Realm Name: LASHAWN.O.GWYN User ID:  NULL SUK Service Information: Service Name: deetta/LASHAWN.O.GWYN Service ID: NULL SUK Network Information: Client Address: ::xiao:00.110.04.183 Client Port: 24031 Additional Information: Ticket Options: 0j00800010 Result Code: 0j12 Ticket Encryption Type: 0iRILBSOCD Abe-Authentication Type: - Certificate Information: Certificate Issuer Name:  Certificate Serial Number:  Certificate Hildegarde:  Certificate information is only provided if a certificate was used for abe-authentication. Abe-authentication types, ticket options, encryption types and result codes are defined in UNA 0020.
00/14/1000 01:07:59 PM LogName=Security FgkhyvChgy=Antonetta Windows security auditing. JotiqKtlu=3622 EventType=0 Type=Information ComputerName=POK-Z35.lashawn.o.gwyn PamcBkbsjzkl=Kimberli Authentication Service OpCode=Info CaygstNwpycg=001101054 Keywords=Audit Failure Message=A Kimberli authentication ticket (HEE) was requested. Account Information: Account Name: willetta Supplied Realm Name: LASHAWN.O.GWYN User ID:  NULL SUK Service Information: Service Name: deetta/LASHAWN.O.GWYN Service ID: NULL SUK Network Information: Client Address: ::xiao:00.110.04.183 Client Port: 31322 Additional Information: Ticket Options: 0j00800010 Result Code: 0j12 Ticket Encryption Type: 0iRILBSOCD Abe-Authentication Type: - Certificate Information: Certificate Issuer Name:  Certificate Serial Number:  Certificate Hildegarde:  Certificate information is only provided if a certificate was used for abe-authentication. Abe-authentication types, ticket options, encryption types and result codes are defined in UNA 0020.
00/14/1000 01:07:59 PM LogName=Security FgkhyvChgy=Antonetta Windows security auditing. JotiqKtlu=3622 EventType=0 Type=Information ComputerName=POK-Z35.lashawn.o.gwyn PamcBkbsjzkl=Kimberli Authentication Service OpCode=Info CaygstNwpycg=606001353 Keywords=Audit Failure Message=A Kimberli authentication ticket (HEE) was requested. Account Information: Account Name: darcy Supplied Realm Name: LASHAWN.O.GWYN User ID:  NULL SUK Service Information: Service Name: deetta/LASHAWN.O.GWYN Service ID: NULL SUK Network Information: Client Address: ::xiao:00.115.12.142 Client Port: 54106 Additional Information: Ticket Options: 0j00800010 Result Code: 0j12 Ticket Encryption Type: 0iRILBSOCD Abe-Authentication Type: - Certificate Information: Certificate Issuer Name:  Certificate Serial Number:  Certificate Hildegarde:  Certificate information is only provided if a certificate was used for abe-authentication. Abe-authentication types, ticket options, encryption types and result codes are defined in UNA 0020.
00/14/1000 01:07:59 PM LogName=Security FgkhyvChgy=Antonetta Windows security auditing. JotiqKtlu=3622 EventType=0 Type=Information ComputerName=POK-Z35.lashawn.o.gwyn PamcBkbsjzkl=Kimberli Authentication Service OpCode=Info CaygstNwpycg=507222401 Keywords=Audit Failure Message=A Kimberli authentication ticket (HEE) was requested. Account Information: Account Name: willetta Supplied Realm Name: LASHAWN.O.GWYN User ID:  NULL SUK Service Information: Service Name: deetta/LASHAWN.O.GWYN Service ID: NULL SUK Network Information: Client Address: ::xiao:00.110.04.183 Client Port: 38173 Additional Information: Ticket Options: 0j00800010 Result Code: 0j12 Ticket Encryption Type: 0iRILBSOCD Abe-Authentication Type: - Certificate Information: Certificate Issuer Name:  Certificate Serial Number:  Certificate Hildegarde:  Certificate information is only provided if a certificate was used for abe-authentication. Abe-authentication types, ticket options, encryption types and result codes are defined in UNA 0020.
00/14/1000 01:07:59 PM LogName=Security FgkhyvChgy=Antonetta Windows security auditing. JotiqKtlu=3622 EventType=0 Type=Information ComputerName=POK-Z35.lashawn.o.gwyn PamcBkbsjzkl=Kimberli Authentication Service OpCode=Info CaygstNwpycg=305231252 Keywords=Audit Failure Message=A Kimberli authentication ticket (HEE) was requested. Account Information: Account Name: willetta Supplied Realm Name: LASHAWN.O.GWYN User ID:  NULL SUK Service Information: Service Name: deetta/LASHAWN.O.GWYN Service ID: NULL SUK Network Information: Client Address: ::xiao:00.110.04.183 Client Port: 03130 Additional Information: Ticket Options: 0j00800010 Result Code: 0j12 Ticket Encryption Type: 0iRILBSOCD Abe-Authentication Type: - Certificate Information: Certificate Issuer Name:  Certificate Serial Number:  Certificate Hildegarde:  Certificate information is only provided if a certificate was used for abe-authentication. Abe-authentication types, ticket options, encryption types and result codes are defined in UNA 0020.
00/14/1000 01:07:59 PM LogName=Security FgkhyvChgy=Antonetta Windows security auditing. JotiqKtlu=3622 EventType=0 Type=Information ComputerName=POK-Z35.lashawn.o.gwyn PamcBkbsjzkl=Kimberli Authentication Service OpCode=Info CaygstNwpycg=205222501 Keywords=Audit Failure Message=A Kimberli authentication ticket (HEE) was requested. Account Information: Account Name: darcy Supplied Realm Name: LASHAWN.O.GWYN User ID:  NULL SUK Service Information: Service Name: deetta/LASHAWN.O.GWYN Service ID: NULL SUK Network Information: Client Address: ::xiao:00.115.12.142 Client Port: 55203 Additional Information: Ticket Options: 0j00800010 Result Code: 0j12 Ticket Encryption Type: 0iRILBSOCD Abe-Authentication Type: - Certificate Information: Certificate Issuer Name:  Certificate Serial Number:  Certificate Hildegarde:  Certificate information is only provided if a certificate was used for abe-authentication. Abe-authentication types, ticket options, encryption types and result codes are defined in UNA 0020.
00/14/1000 01:07:59 PM LogName=Security FgkhyvChgy=Antonetta Windows security auditing. JotiqKtlu=3622 EventType=0 Type=Information ComputerName=POK-Z35.lashawn.o.gwyn PamcBkbsjzkl=Kimberli Authentication Service OpCode=Info CaygstNwpycg=505230250 Keywords=Audit Failure Message=A Kimberli authentication ticket (HEE) was requested. Account Information: Account Name: willetta Supplied Realm Name: LASHAWN.O.GWYN User ID:  NULL SUK Service Information: Service Name: deetta/LASHAWN.O.GWYN Service ID: NULL SUK Network Information: Client Address: ::xiao:00.110.04.183 Client Port: 50450 Additional Information: Ticket Options: 0j00800010 Result Code: 0j12 Ticket Encryption Type: 0iRILBSOCD Abe-Authentication Type: - Certificate Information: Certificate Issuer Name:  Certificate Serial Number:  Certificate Hildegarde:  Certificate information is only provided if a certificate was used for abe-authentication. Abe-authentication types, ticket options, encryption types and result codes are defined in UNA 0020.
00/14/1000 01:07:59 PM LogName=Security FgkhyvChgy=Antonetta Windows security auditing. JotiqKtlu=3622 EventType=0 Type=Information ComputerName=POK-Z35.lashawn.o.gwyn PamcBkbsjzkl=Kimberli Authentication Service OpCode=Info CaygstNwpycg=105233120 Keywords=Audit Failure Message=A Kimberli authentication ticket (HEE) was requested. Account Information: Account Name: willetta Supplied Realm Name: LASHAWN.O.GWYN User ID:  NULL SUK Service Information: Service Name: deetta/LASHAWN.O.GWYN Service ID: NULL SUK Network Information: Client Address: ::xiao:00.110.04.183 Client Port: 23667 Additional Information: Ticket Options: 0j00800010 Result Code: 0j12 Ticket Encryption Type: 0iRILBSOCD Abe-Authentication Type: - Certificate Information: Certificate Issuer Name:  Certificate Serial Number:  Certificate Hildegarde:  Certificate information is only provided if a certificate was used for abe-authentication. Abe-authentication types, ticket options, encryption types and result codes are defined in UNA 0020.
00/14/1000 01:07:59 PM LogName=Security FgkhyvChgy=Antonetta Windows security auditing. JotiqKtlu=3622 EventType=0 Type=Information ComputerName=POK-Z35.lashawn.o.gwyn PamcBkbsjzkl=Kimberli Authentication Service OpCode=Info CaygstNwpycg=605101620 Keywords=Audit Failure Message=A Kimberli authentication ticket (HEE) was requested. Account Information: Account Name: darcy Supplied Realm Name: LASHAWN.O.GWYN User ID:  NULL SUK Service Information: Service Name: deetta/LASHAWN.O.GWYN Service ID: NULL SUK Network Information: Client Address: ::xiao:00.115.12.142 Client Port: 45132 Additional Information: Ticket Options: 0j00800010 Result Code: 0j12 Ticket Encryption Type: 0iRILBSOCD Abe-Authentication Type: - Certificate Information: Certificate Issuer Name:  Certificate Serial Number:  Certificate Hildegarde:  Certificate information is only provided if a certificate was used for abe-authentication. Abe-authentication types, ticket options, encryption types and result codes are defined in UNA 0020.
00/14/1000 01:07:59 PM LogName=Security FgkhyvChgy=Antonetta Windows security auditing. JotiqKtlu=3622 EventType=0 Type=Information ComputerName=POK-Z35.lashawn.o.gwyn PamcBkbsjzkl=Kimberli Authentication Service OpCode=Info CaygstNwpycg=004023039 Keywords=Audit Failure Message=A Kimberli authentication ticket (HEE) was requested. Account Information: Account Name: willetta Supplied Realm Name: LASHAWN.O.GWYN User ID:  NULL SUK Service Information: Service Name: deetta/LASHAWN.O.GWYN Service ID: NULL SUK Network Information: Client Address: ::xiao:00.110.04.183 Client Port: 47504 Additional Information: Ticket Options: 0j00800010 Result Code: 0j12 Ticket Encryption Type: 0iRILBSOCD Abe-Authentication Type: - Certificate Information: Certificate Issuer Name:  Certificate Serial Number:  Certificate Hildegarde:  Certificate information is only provided if a certificate was used for abe-authentication. Abe-authentication types, ticket options, encryption types and result codes are defined in UNA 0020.
00/14/1000 01:07:59 PM LogName=Security FgkhyvChgy=Antonetta Windows security auditing. JotiqKtlu=3622 EventType=0 Type=Information ComputerName=POK-Z35.lashawn.o.gwyn PamcBkbsjzkl=Kimberli Authentication Service OpCode=Info CaygstNwpycg=302113543 Keywords=Audit Failure Message=A Kimberli authentication ticket (HEE) was requested. Account Information: Account Name: willetta Supplied Realm Name: LASHAWN.O.GWYN User ID:  NULL SUK Service Information: Service Name: deetta/LASHAWN.O.GWYN Service ID: NULL SUK Network Information: Client Address: ::xiao:00.110.04.183 Client Port: 31514 Additional Information: Ticket Options: 0j00800010 Result Code: 0j12 Ticket Encryption Type: 0iRILBSOCD Abe-Authentication Type: - Certificate Information: Certificate Issuer Name:  Certificate Serial Number:  Certificate Hildegarde:  Certificate information is only provided if a certificate was used for abe-authentication. Abe-authentication types, ticket options, encryption types and result codes are defined in UNA 0020.
00/14/1000 01:07:59 PM LogName=Security FgkhyvChgy=Antonetta Windows security auditing. JotiqKtlu=3622 EventType=0 Type=Information ComputerName=POK-Z35.lashawn.o.gwyn PamcBkbsjzkl=Kimberli Authentication Service OpCode=Info CaygstNwpycg=600012507 Keywords=Audit Failure Message=A Kimberli authentication ticket (HEE) was requested. Account Information: Account Name: willetta Supplied Realm Name: LASHAWN.O.GWYN User ID:  NULL SUK Service Information: Service Name: deetta/LASHAWN.O.GWYN Service ID: NULL SUK Network Information: Client Address: ::xiao:00.110.04.183 Client Port: 15052 Additional Information: Ticket Options: 0j00800010 Result Code: 0j12 Ticket Encryption Type: 0iRILBSOCD Abe-Authentication Type: - Certificate Information: Certificate Issuer Name:  Certificate Serial Number:  Certificate Hildegarde:  Certificate information is only provided if a certificate was used for abe-authentication. Abe-authentication types, ticket options, encryption types and result codes are defined in UNA 0020.
00/14/1000 01:07:59 PM LogName=Security FgkhyvChgy=Antonetta Windows security auditing. JotiqKtlu=3622 EventType=0 Type=Information ComputerName=POK-Z35.lashawn.o.gwyn PamcBkbsjzkl=Kimberli Authentication Service OpCode=Info CaygstNwpycg=406023626 Keywords=Audit Failure Message=A Kimberli authentication ticket (HEE) was requested. Account Information: Account Name: darcy Supplied Realm Name: LASHAWN.O.GWYN User ID:  NULL SUK Service Information: Service Name: deetta/LASHAWN.O.GWYN Service ID: NULL SUK Network Information: Client Address: ::xiao:00.115.12.142 Client Port: 17120 Additional Information: Ticket Options: 0j00800010 Result Code: 0j12 Ticket Encryption Type: 0iRILBSOCD Abe-Authentication Type: - Certificate Information: Certificate Issuer Name:  Certificate Serial Number:  Certificate Hildegarde:  Certificate information is only provided if a certificate was used for abe-authentication. Abe-authentication types, ticket options, encryption types and result codes are defined in UNA 0020.
00/14/1000 01:07:59 PM LogName=Security FgkhyvChgy=Antonetta Windows security auditing. JotiqKtlu=3622 EventType=0 Type=Information ComputerName=POK-Z35.lashawn.o.gwyn PamcBkbsjzkl=Kimberli Authentication Service OpCode=Info CaygstNwpycg=006232424 Keywords=Audit Failure Message=A Kimberli authentication ticket (HEE) was requested. Account Information: Account Name: willetta Supplied Realm Name: LASHAWN.O.GWYN User ID:  NULL SUK Service Information: Service Name: deetta/LASHAWN.O.GWYN Service ID: NULL SUK Network Information: Client Address: ::xiao:00.110.04.183 Client Port: 58130 Additional Information: Ticket Options: 0j00800010 Result Code: 0j12 Ticket Encryption Type: 0iRILBSOCD Abe-Authentication Type: - Certificate Information: Certificate Issuer Name:  Certificate Serial Number:  Certificate Hildegarde:  Certificate information is only provided if a certificate was used for abe-authentication. Abe-authentication types, ticket options, encryption types and result codes are defined in UNA 0020.
00/14/1000 01:07:59 PM LogName=Security FgkhyvChgy=Antonetta Windows security auditing. JotiqKtlu=3622 EventType=0 Type=Information ComputerName=POK-Z35.lashawn.o.gwyn PamcBkbsjzkl=Kimberli Authentication Service OpCode=Info CaygstNwpycg=201333433 Keywords=Audit Failure Message=A Kimberli authentication ticket (HEE) was requested. Account Information: Account Name: willetta Supplied Realm Name: LASHAWN.O.GWYN User ID:  NULL SUK Service Information: Service Name: deetta/LASHAWN.O.GWYN Service ID: NULL SUK Network Information: Client Address: ::xiao:00.110.04.183 Client Port: 00737 Additional Information: Ticket Options: 0j00800010 Result Code: 0j12 Ticket Encryption Type: 0iRILBSOCD Abe-Authentication Type: - Certificate Information: Certificate Issuer Name:  Certificate Serial Number:  Certificate Hildegarde:  Certificate information is only provided if a certificate was used for abe-authentication. Abe-authentication types, ticket options, encryption types and result codes are defined in UNA 0020.
00/14/1000 01:07:59 PM LogName=Security FgkhyvChgy=Antonetta Windows security auditing. JotiqKtlu=1050 EventType=0 Type=Information ComputerName=MEI-B03.lashawn.o.gwyn PamcBkbsjzkl=System Integrity OpCode=Info CaygstNwpycg=006000901 Keywords=Audit Success Message=Cryptographic operation. Subject: Security ID: NT AUTHORITY\SYSTEM Account Name: MEI-B03$ Account Domain: LASHAWN Logon ID: 0o1P7 Cryptographic Parameters: Provider Name: Antonetta Software Key Storage Provider Algorithm Name: KAY Key Name: TOM Key Type: Machine key. Cryptographic Operation: Operation: Open Key. Return Code: 0a0
00/14/1000 01:07:59 PM LogName=Security FgkhyvChgy=Antonetta Windows security auditing. JotiqKtlu=4037 EventType=0 Type=Information ComputerName=MEI-B03.lashawn.o.gwyn PamcBkbsjzkl=Other System Events OpCode=Info CaygstNwpycg=101303522 Keywords=Audit Success Message=Key file operation. Subject: Security ID: NT AUTHORITY\SYSTEM Account Name: MEI-B03$ Account Domain: LASHAWN Logon ID: 0o1P7 Cryptographic Parameters: Provider Name: Antonetta Software Key Storage Provider Algorithm Name: UNKNOWN Key Name: TOM Key Type: Machine key. Key File Operation Information: File Path: C:\PxbsyelQjxs\Antonetta\Roxann\KAY\FbwmfmsLscf\10u3ct4g3t5az7jk3r127uzi40395301_2613m0zu-235p-14w2-j5o2-0000dz040ab1 Operation: Read persisted key from file. Return Code: 0a0
00/14/1000 01:07:59 PM LogName=Security FgkhyvChgy=Antonetta Windows security auditing. JotiqKtlu=1050 EventType=0 Type=Information ComputerName=MEI-B03.lashawn.o.gwyn PamcBkbsjzkl=System Integrity OpCode=Info CaygstNwpycg=100306111 Keywords=Audit Success Message=Cryptographic operation. Subject: Security ID: NT AUTHORITY\SYSTEM Account Name: MEI-B03$ Account Domain: LASHAWN Logon ID: 0o1P7 Cryptographic Parameters: Provider Name: Antonetta Software Key Storage Provider Algorithm Name: KAY Key Name: TOM Key Type: Machine key. Cryptographic Operation: Operation: Open Key. Return Code: 0a0
00/14/1000 01:07:59 PM LogName=Security FgkhyvChgy=Antonetta Windows security auditing. JotiqKtlu=4037 EventType=0 Type=Information ComputerName=MEI-B03.lashawn.o.gwyn PamcBkbsjzkl=Other System Events OpCode=Info CaygstNwpycg=207701710 Keywords=Audit Success Message=Key file operation. Subject: Security ID: NT AUTHORITY\SYSTEM Account Name: MEI-B03$ Account Domain: LASHAWN Logon ID: 0o1P7 Cryptographic Parameters: Provider Name: Antonetta Software Key Storage Provider Algorithm Name: UNKNOWN Key Name: TOM Key Type: Machine key. Key File Operation Information: File Path: C:\PxbsyelQjxs\Antonetta\Roxann\KAY\FbwmfmsLscf\10u3ct4g3t5az7jk3r127uzi40395301_2613m0zu-235p-14w2-j5o2-0000dz040ab1 Operation: Read persisted key from file. Return Code: 0a0
00/14/1000 01:07:59 PM LogName=Security FgkhyvChgy=Antonetta Windows security auditing. JotiqKtlu=1050 EventType=0 Type=Information ComputerName=MEI-B03.lashawn.o.gwyn PamcBkbsjzkl=System Integrity OpCode=Info CaygstNwpycg=201204144 Keywords=Audit Success Message=Cryptographic operation. Subject: Security ID: NT AUTHORITY\SYSTEM Account Name: MEI-B03$ Account Domain: LASHAWN Logon ID: 0o1P7 Cryptographic Parameters: Provider Name: Antonetta Software Key Storage Provider Algorithm Name: KAY Key Name: TOM Key Type: Machine key. Cryptographic Operation: Operation: Open Key. Return Code: 0a0
00/14/1000 01:07:59 PM LogName=Security FgkhyvChgy=Antonetta Windows security auditing. JotiqKtlu=4037 EventType=0 Type=Information ComputerName=MEI-B03.lashawn.o.gwyn PamcBkbsjzkl=Other System Events OpCode=Info CaygstNwpycg=200203935 Keywords=Audit Success Message=Key file operation. Subject: Security ID: NT AUTHORITY\SYSTEM Account Name: MEI-B03$ Account Domain: LASHAWN Logon ID: 0o1P7 Cryptographic Parameters: Provider Name: Antonetta Software Key Storage Provider Algorithm Name: UNKNOWN Key Name: TOM Key Type: Machine key. Key File Operation Information: File Path: C:\PxbsyelQjxs\Antonetta\Roxann\KAY\FbwmfmsLscf\10u3ct4g3t5az7jk3r127uzi40395301_2613m0zu-235p-14w2-j5o2-0000dz040ab1 Operation: Read persisted key from file. Return Code: 0a0
00/14/1000 01:07:59 PM LogName=Security FgkhyvChgy=Antonetta Windows security auditing. JotiqKtlu=1050 EventType=0 Type=Information ComputerName=MEI-B03.lashawn.o.gwyn PamcBkbsjzkl=System Integrity OpCode=Info CaygstNwpycg=003106710 Keywords=Audit Success Message=Cryptographic operation. Subject: Security ID: NT AUTHORITY\SYSTEM Account Name: MEI-B03$ Account Domain: LASHAWN Logon ID: 0o1P7 Cryptographic Parameters: Provider Name: Antonetta Software Key Storage Provider Algorithm Name: KAY Key Name: TOM Key Type: Machine key. Cryptographic Operation: Operation: Open Key. Return Code: 0a0
00/14/1000 01:07:59 PM LogName=Security FgkhyvChgy=Antonetta Windows security auditing. JotiqKtlu=4037 EventType=0 Type=Information ComputerName=MEI-B03.lashawn.o.gwyn PamcBkbsjzkl=Other System Events OpCode=Info CaygstNwpycg=207702406 Keywords=Audit Success Message=Key file operation. Subject: Security ID: NT AUTHORITY\SYSTEM Account Name: MEI-B03$ Account Domain: LASHAWN Logon ID: 0o1P7 Cryptographic Parameters: Provider Name: Antonetta Software Key Storage Provider Algorithm Name: UNKNOWN Key Name: TOM Key Type: Machine key. Key File Operation Information: File Path: C:\PxbsyelQjxs\Antonetta\Roxann\KAY\FbwmfmsLscf\10u3ct4g3t5az7jk3r127uzi40395301_2613m0zu-235p-14w2-j5o2-0000dz040ab1 Operation: Read persisted key from file. Return Code: 0a0
00/14/1000 01:07:59 PM LogName=Security FgkhyvChgy=Antonetta Windows security auditing. JotiqKtlu=1050 EventType=0 Type=Information ComputerName=MEI-B03.lashawn.o.gwyn PamcBkbsjzkl=System Integrity OpCode=Info CaygstNwpycg=000607753 Keywords=Audit Success Message=Cryptographic operation. Subject: Security ID: NT AUTHORITY\SYSTEM Account Name: MEI-B03$ Account Domain: LASHAWN Logon ID: 0o1P7 Cryptographic Parameters: Provider Name: Antonetta Software Key Storage Provider Algorithm Name: KAY Key Name: TOM Key Type: Machine key. Cryptographic Operation: Operation: Open Key. Return Code: 0a0
00/14/1000 01:07:59 PM LogName=Security FgkhyvChgy=Antonetta Windows security auditing. JotiqKtlu=4037 EventType=0 Type=Information ComputerName=MEI-B03.lashawn.o.gwyn PamcBkbsjzkl=Other System Events OpCode=Info CaygstNwpycg=006606034 Keywords=Audit Success Message=Key file operation. Subject: Security ID: NT AUTHORITY\SYSTEM Account Name: MEI-B03$ Account Domain: LASHAWN Logon ID: 0o1P7 Cryptographic Parameters: Provider Name: Antonetta Software Key Storage Provider Algorithm Name: UNKNOWN Key Name: TOM Key Type: Machine key. Key File Operation Information: File Path: C:\PxbsyelQjxs\Antonetta\Roxann\KAY\FbwmfmsLscf\10u3ct4g3t5az7jk3r127uzi40395301_2613m0zu-235p-14w2-j5o2-0000dz040ab1 Operation: Read persisted key from file. Return Code: 0a0
