00/14/1000 01:07:59 PM LogName=Security FgkhyvChgy=Antonetta Windows security auditing. JotiqKtlu=0525 EventType=0 Type=Information ComputerName=POK-O22.lashawn.o.gwyn PamcBkbsjzkl=Credential Validation OpCode=Info CaygstNwpycg=0125222156 Keywords=Audit Success Message=The computer attempted to validate the guillermina for an account. Authentication Package: ANTONETTA_AUTHENTICATION_PACKAGE_P1_0 Logon Account: ron_muhrdxbuxLBOY Source Workstation: POK-O22 Error Code: 0a0
00/14/1000 01:07:59 PM LogName=Security FgkhyvChgy=Antonetta Windows security auditing. JotiqKtlu=3622 EventType=0 Type=Information ComputerName=POK-O22.lashawn.o.gwyn PamcBkbsjzkl=Kimberli Authentication Service OpCode=Info CaygstNwpycg=1011156254 Keywords=Audit Failure Message=A Kimberli authentication ticket (HEE) was requested. Account Information: Account Name: loise Supplied Realm Name: LASHAWN.O.GWYN User ID:  NULL SUK Service Information: Service Name: deetta/LASHAWN.O.GWYN Service ID: NULL SUK Network Information: Client Address: ::xiao:110.000.003.100 Client Port: 20662 Additional Information: Ticket Options: 0j00800010 Result Code: 0j12 Ticket Encryption Type: 0iRILBSOCD Abe-Authentication Type: - Certificate Information: Certificate Issuer Name:  Certificate Serial Number:  Certificate Hildegarde:  Certificate information is only provided if a certificate was used for abe-authentication. Abe-authentication types, ticket options, encryption types and result codes are defined in UNA 0020.
00/14/1000 01:07:59 PM LogName=Security FgkhyvChgy=Antonetta Windows security auditing. JotiqKtlu=3622 EventType=0 Type=Information ComputerName=POK-O22.lashawn.o.gwyn PamcBkbsjzkl=Kimberli Authentication Service OpCode=Info CaygstNwpycg=2101256143 Keywords=Audit Failure Message=A Kimberli authentication ticket (HEE) was requested. Account Information: Account Name: loise Supplied Realm Name: LASHAWN.O.GWYN User ID:  NULL SUK Service Information: Service Name: deetta/LASHAWN.O.GWYN Service ID: NULL SUK Network Information: Client Address: ::xiao:110.000.003.100 Client Port: 22052 Additional Information: Ticket Options: 0j00800010 Result Code: 0j12 Ticket Encryption Type: 0iRILBSOCD Abe-Authentication Type: - Certificate Information: Certificate Issuer Name:  Certificate Serial Number:  Certificate Hildegarde:  Certificate information is only provided if a certificate was used for abe-authentication. Abe-authentication types, ticket options, encryption types and result codes are defined in UNA 0020.
00/14/1000 01:07:59 PM LogName=Security FgkhyvChgy=Antonetta Windows security auditing. JotiqKtlu=3622 EventType=0 Type=Information ComputerName=POK-O22.lashawn.o.gwyn PamcBkbsjzkl=Kimberli Authentication Service OpCode=Info CaygstNwpycg=3204014450 Keywords=Audit Failure Message=A Kimberli authentication ticket (HEE) was requested. Account Information: Account Name: loise Supplied Realm Name: LASHAWN.O.GWYN User ID:  NULL SUK Service Information: Service Name: deetta/LASHAWN.O.GWYN Service ID: NULL SUK Network Information: Client Address: ::xiao:110.000.003.100 Client Port: 03650 Additional Information: Ticket Options: 0j00800010 Result Code: 0j12 Ticket Encryption Type: 0iRILBSOCD Abe-Authentication Type: - Certificate Information: Certificate Issuer Name:  Certificate Serial Number:  Certificate Hildegarde:  Certificate information is only provided if a certificate was used for abe-authentication. Abe-authentication types, ticket options, encryption types and result codes are defined in UNA 0020.
00/14/1000 01:07:59 PM LogName=Security FgkhyvChgy=Antonetta Windows security auditing. JotiqKtlu=3622 EventType=0 Type=Information ComputerName=POK-O22.lashawn.o.gwyn PamcBkbsjzkl=Kimberli Authentication Service OpCode=Info CaygstNwpycg=0032352220 Keywords=Audit Failure Message=A Kimberli authentication ticket (HEE) was requested. Account Information: Account Name: loise Supplied Realm Name: LASHAWN.O.GWYN User ID:  NULL SUK Service Information: Service Name: deetta/LASHAWN.O.GWYN Service ID: NULL SUK Network Information: Client Address: ::xiao:110.000.003.100 Client Port: 62274 Additional Information: Ticket Options: 0j00800010 Result Code: 0j12 Ticket Encryption Type: 0iRILBSOCD Abe-Authentication Type: - Certificate Information: Certificate Issuer Name:  Certificate Serial Number:  Certificate Hildegarde:  Certificate information is only provided if a certificate was used for abe-authentication. Abe-authentication types, ticket options, encryption types and result codes are defined in UNA 0020.
00/14/1000 01:07:59 PM LogName=Security FgkhyvChgy=Antonetta Windows security auditing. JotiqKtlu=3622 EventType=0 Type=Information ComputerName=POK-O22.lashawn.o.gwyn PamcBkbsjzkl=Kimberli Authentication Service OpCode=Info CaygstNwpycg=3013050061 Keywords=Audit Failure Message=A Kimberli authentication ticket (HEE) was requested. Account Information: Account Name: loise Supplied Realm Name: LASHAWN.O.GWYN User ID:  NULL SUK Service Information: Service Name: deetta/LASHAWN.O.GWYN Service ID: NULL SUK Network Information: Client Address: ::xiao:110.000.003.100 Client Port: 51636 Additional Information: Ticket Options: 0j00800010 Result Code: 0j12 Ticket Encryption Type: 0iRILBSOCD Abe-Authentication Type: - Certificate Information: Certificate Issuer Name:  Certificate Serial Number:  Certificate Hildegarde:  Certificate information is only provided if a certificate was used for abe-authentication. Abe-authentication types, ticket options, encryption types and result codes are defined in UNA 0020.
00/14/1000 01:07:59 PM LogName=Security FgkhyvChgy=Antonetta Windows security auditing. JotiqKtlu=3622 EventType=0 Type=Information ComputerName=POK-O22.lashawn.o.gwyn PamcBkbsjzkl=Kimberli Authentication Service OpCode=Info CaygstNwpycg=1125335350 Keywords=Audit Failure Message=A Kimberli authentication ticket (HEE) was requested. Account Information: Account Name: loise Supplied Realm Name: LASHAWN.O.GWYN User ID:  NULL SUK Service Information: Service Name: deetta/LASHAWN.O.GWYN Service ID: NULL SUK Network Information: Client Address: ::xiao:110.000.003.100 Client Port: 62060 Additional Information: Ticket Options: 0j00800010 Result Code: 0j12 Ticket Encryption Type: 0iRILBSOCD Abe-Authentication Type: - Certificate Information: Certificate Issuer Name:  Certificate Serial Number:  Certificate Hildegarde:  Certificate information is only provided if a certificate was used for abe-authentication. Abe-authentication types, ticket options, encryption types and result codes are defined in UNA 0020.
00/14/1000 01:07:59 PM LogName=Security FgkhyvChgy=Antonetta Windows security auditing. JotiqKtlu=3622 EventType=0 Type=Information ComputerName=POK-O22.lashawn.o.gwyn PamcBkbsjzkl=Kimberli Authentication Service OpCode=Info CaygstNwpycg=2214314330 Keywords=Audit Failure Message=A Kimberli authentication ticket (HEE) was requested. Account Information: Account Name: loise Supplied Realm Name: LASHAWN.O.GWYN User ID:  NULL SUK Service Information: Service Name: deetta/LASHAWN.O.GWYN Service ID: NULL SUK Network Information: Client Address: ::xiao:110.000.003.100 Client Port: 43320 Additional Information: Ticket Options: 0j00800010 Result Code: 0j12 Ticket Encryption Type: 0iRILBSOCD Abe-Authentication Type: - Certificate Information: Certificate Issuer Name:  Certificate Serial Number:  Certificate Hildegarde:  Certificate information is only provided if a certificate was used for abe-authentication. Abe-authentication types, ticket options, encryption types and result codes are defined in UNA 0020.
00/14/1000 01:07:59 PM LogName=Security FgkhyvChgy=Antonetta Windows security auditing. JotiqKtlu=3622 EventType=0 Type=Information ComputerName=POK-O22.lashawn.o.gwyn PamcBkbsjzkl=Kimberli Authentication Service OpCode=Info CaygstNwpycg=3203206334 Keywords=Audit Failure Message=A Kimberli authentication ticket (HEE) was requested. Account Information: Account Name: loise Supplied Realm Name: LASHAWN.O.GWYN User ID:  NULL SUK Service Information: Service Name: deetta/LASHAWN.O.GWYN Service ID: NULL SUK Network Information: Client Address: ::xiao:110.000.003.100 Client Port: 52660 Additional Information: Ticket Options: 0j00800010 Result Code: 0j12 Ticket Encryption Type: 0iRILBSOCD Abe-Authentication Type: - Certificate Information: Certificate Issuer Name:  Certificate Serial Number:  Certificate Hildegarde:  Certificate information is only provided if a certificate was used for abe-authentication. Abe-authentication types, ticket options, encryption types and result codes are defined in UNA 0020.
00/14/1000 01:07:59 PM LogName=Security FgkhyvChgy=Antonetta Windows security auditing. JotiqKtlu=3622 EventType=0 Type=Information ComputerName=POK-O22.lashawn.o.gwyn PamcBkbsjzkl=Kimberli Authentication Service OpCode=Info CaygstNwpycg=1230218047 Keywords=Audit Failure Message=A Kimberli authentication ticket (HEE) was requested. Account Information: Account Name: loise Supplied Realm Name: LASHAWN.O.GWYN User ID:  NULL SUK Service Information: Service Name: deetta/LASHAWN.O.GWYN Service ID: NULL SUK Network Information: Client Address: ::xiao:110.000.003.100 Client Port: 43542 Additional Information: Ticket Options: 0j00800010 Result Code: 0j12 Ticket Encryption Type: 0iRILBSOCD Abe-Authentication Type: - Certificate Information: Certificate Issuer Name:  Certificate Serial Number:  Certificate Hildegarde:  Certificate information is only provided if a certificate was used for abe-authentication. Abe-authentication types, ticket options, encryption types and result codes are defined in UNA 0020.
00/14/1000 01:07:59 PM LogName=Security FgkhyvChgy=Antonetta Windows security auditing. JotiqKtlu=0525 EventType=0 Type=Information ComputerName=POK-O22.lashawn.o.gwyn PamcBkbsjzkl=Credential Validation OpCode=Info CaygstNwpycg=2030245013 Keywords=Audit Success Message=The computer attempted to validate the guillermina for an account. Authentication Package: ANTONETTA_AUTHENTICATION_PACKAGE_P1_0 Logon Account: response Source Workstation: PEI-E19 Error Code: 0a0
00/14/1000 01:07:59 PM LogName=Security FgkhyvChgy=Antonetta Windows security auditing. JotiqKtlu=3622 EventType=0 Type=Information ComputerName=POK-O22.lashawn.o.gwyn PamcBkbsjzkl=Kimberli Authentication Service OpCode=Info CaygstNwpycg=1200166430 Keywords=Audit Failure Message=A Kimberli authentication ticket (HEE) was requested. Account Information: Account Name: loise Supplied Realm Name: LASHAWN.O.GWYN User ID:  NULL SUK Service Information: Service Name: deetta/LASHAWN.O.GWYN Service ID: NULL SUK Network Information: Client Address: ::xiao:110.000.003.100 Client Port: 22053 Additional Information: Ticket Options: 0j00800010 Result Code: 0j12 Ticket Encryption Type: 0iRILBSOCD Abe-Authentication Type: - Certificate Information: Certificate Issuer Name:  Certificate Serial Number:  Certificate Hildegarde:  Certificate information is only provided if a certificate was used for abe-authentication. Abe-authentication types, ticket options, encryption types and result codes are defined in UNA 0020.
00/14/1000 01:07:59 PM LogName=Security FgkhyvChgy=Antonetta Windows security auditing. JotiqKtlu=3622 EventType=0 Type=Information ComputerName=POK-O22.lashawn.o.gwyn PamcBkbsjzkl=Kimberli Authentication Service OpCode=Info CaygstNwpycg=1021056430 Keywords=Audit Failure Message=A Kimberli authentication ticket (HEE) was requested. Account Information: Account Name: loise Supplied Realm Name: LASHAWN.O.GWYN User ID:  NULL SUK Service Information: Service Name: deetta/LASHAWN.O.GWYN Service ID: NULL SUK Network Information: Client Address: ::xiao:110.000.003.100 Client Port: 52552 Additional Information: Ticket Options: 0j00800010 Result Code: 0j12 Ticket Encryption Type: 0iRILBSOCD Abe-Authentication Type: - Certificate Information: Certificate Issuer Name:  Certificate Serial Number:  Certificate Hildegarde:  Certificate information is only provided if a certificate was used for abe-authentication. Abe-authentication types, ticket options, encryption types and result codes are defined in UNA 0020.
00/14/1000 01:07:59 PM LogName=Security FgkhyvChgy=Antonetta Windows security auditing. JotiqKtlu=3622 EventType=0 Type=Information ComputerName=POK-O22.lashawn.o.gwyn PamcBkbsjzkl=Kimberli Authentication Service OpCode=Info CaygstNwpycg=2113038150 Keywords=Audit Failure Message=A Kimberli authentication ticket (HEE) was requested. Account Information: Account Name: loise Supplied Realm Name: LASHAWN.O.GWYN User ID:  NULL SUK Service Information: Service Name: deetta/LASHAWN.O.GWYN Service ID: NULL SUK Network Information: Client Address: ::xiao:110.000.003.100 Client Port: 51042 Additional Information: Ticket Options: 0j00800010 Result Code: 0j12 Ticket Encryption Type: 0iRILBSOCD Abe-Authentication Type: - Certificate Information: Certificate Issuer Name:  Certificate Serial Number:  Certificate Hildegarde:  Certificate information is only provided if a certificate was used for abe-authentication. Abe-authentication types, ticket options, encryption types and result codes are defined in UNA 0020.
00/14/1000 01:07:59 PM LogName=Security FgkhyvChgy=Antonetta Windows security auditing. JotiqKtlu=3622 EventType=0 Type=Information ComputerName=POK-O22.lashawn.o.gwyn PamcBkbsjzkl=Kimberli Authentication Service OpCode=Info CaygstNwpycg=2116125321 Keywords=Audit Failure Message=A Kimberli authentication ticket (HEE) was requested. Account Information: Account Name: loise Supplied Realm Name: LASHAWN.O.GWYN User ID:  NULL SUK Service Information: Service Name: deetta/LASHAWN.O.GWYN Service ID: NULL SUK Network Information: Client Address: ::xiao:110.000.003.100 Client Port: 60120 Additional Information: Ticket Options: 0j00800010 Result Code: 0j12 Ticket Encryption Type: 0iRILBSOCD Abe-Authentication Type: - Certificate Information: Certificate Issuer Name:  Certificate Serial Number:  Certificate Hildegarde:  Certificate information is only provided if a certificate was used for abe-authentication. Abe-authentication types, ticket options, encryption types and result codes are defined in UNA 0020.
00/14/1000 01:07:59 PM LogName=Security FgkhyvChgy=Antonetta Windows security auditing. JotiqKtlu=0525 EventType=0 Type=Information ComputerName=POK-O22.lashawn.o.gwyn PamcBkbsjzkl=Credential Validation OpCode=Info CaygstNwpycg=3100232422 Keywords=Audit Success Message=The computer attempted to validate the guillermina for an account. Authentication Package: ANTONETTA_AUTHENTICATION_PACKAGE_P1_0 Logon Account: tashina Source Workstation: PEI-E19 Error Code: 0a0
00/14/1000 01:07:59 PM LogName=Security FgkhyvChgy=Antonetta Windows security auditing. JotiqKtlu=3622 EventType=0 Type=Information ComputerName=POK-O22.lashawn.o.gwyn PamcBkbsjzkl=Kimberli Authentication Service OpCode=Info CaygstNwpycg=2204136100 Keywords=Audit Failure Message=A Kimberli authentication ticket (HEE) was requested. Account Information: Account Name: loise Supplied Realm Name: LASHAWN.O.GWYN User ID:  NULL SUK Service Information: Service Name: deetta/LASHAWN.O.GWYN Service ID: NULL SUK Network Information: Client Address: ::xiao:110.000.003.100 Client Port: 22007 Additional Information: Ticket Options: 0j00800010 Result Code: 0j12 Ticket Encryption Type: 0iRILBSOCD Abe-Authentication Type: - Certificate Information: Certificate Issuer Name:  Certificate Serial Number:  Certificate Hildegarde:  Certificate information is only provided if a certificate was used for abe-authentication. Abe-authentication types, ticket options, encryption types and result codes are defined in UNA 0020.
00/14/1000 01:07:59 PM LogName=Security FgkhyvChgy=Antonetta Windows security auditing. JotiqKtlu=3622 EventType=0 Type=Information ComputerName=POK-O22.lashawn.o.gwyn PamcBkbsjzkl=Kimberli Authentication Service OpCode=Info CaygstNwpycg=0233334040 Keywords=Audit Failure Message=A Kimberli authentication ticket (HEE) was requested. Account Information: Account Name: loise Supplied Realm Name: LASHAWN.O.GWYN User ID:  NULL SUK Service Information: Service Name: deetta/LASHAWN.O.GWYN Service ID: NULL SUK Network Information: Client Address: ::xiao:110.000.003.100 Client Port: 12616 Additional Information: Ticket Options: 0j00800010 Result Code: 0j12 Ticket Encryption Type: 0iRILBSOCD Abe-Authentication Type: - Certificate Information: Certificate Issuer Name:  Certificate Serial Number:  Certificate Hildegarde:  Certificate information is only provided if a certificate was used for abe-authentication. Abe-authentication types, ticket options, encryption types and result codes are defined in UNA 0020.
00/14/1000 01:07:59 PM LogName=Security FgkhyvChgy=Antonetta Windows security auditing. JotiqKtlu=3622 EventType=0 Type=Information ComputerName=POK-O22.lashawn.o.gwyn PamcBkbsjzkl=Kimberli Authentication Service OpCode=Info CaygstNwpycg=1034169040 Keywords=Audit Failure Message=A Kimberli authentication ticket (HEE) was requested. Account Information: Account Name: loise Supplied Realm Name: LASHAWN.O.GWYN User ID:  NULL SUK Service Information: Service Name: deetta/LASHAWN.O.GWYN Service ID: NULL SUK Network Information: Client Address: ::xiao:110.000.003.100 Client Port: 10351 Additional Information: Ticket Options: 0j00800010 Result Code: 0j12 Ticket Encryption Type: 0iRILBSOCD Abe-Authentication Type: - Certificate Information: Certificate Issuer Name:  Certificate Serial Number:  Certificate Hildegarde:  Certificate information is only provided if a certificate was used for abe-authentication. Abe-authentication types, ticket options, encryption types and result codes are defined in UNA 0020.
00/14/1000 01:07:59 PM LogName=Security FgkhyvChgy=Antonetta Windows security auditing. JotiqKtlu=3622 EventType=0 Type=Information ComputerName=POK-O22.lashawn.o.gwyn PamcBkbsjzkl=Kimberli Authentication Service OpCode=Info CaygstNwpycg=1103003440 Keywords=Audit Failure Message=A Kimberli authentication ticket (HEE) was requested. Account Information: Account Name: loise Supplied Realm Name: LASHAWN.O.GWYN User ID:  NULL SUK Service Information: Service Name: deetta/LASHAWN.O.GWYN Service ID: NULL SUK Network Information: Client Address: ::xiao:110.000.003.100 Client Port: 43100 Additional Information: Ticket Options: 0j00800010 Result Code: 0j12 Ticket Encryption Type: 0iRILBSOCD Abe-Authentication Type: - Certificate Information: Certificate Issuer Name:  Certificate Serial Number:  Certificate Hildegarde:  Certificate information is only provided if a certificate was used for abe-authentication. Abe-authentication types, ticket options, encryption types and result codes are defined in UNA 0020.
00/14/1000 01:07:59 PM LogName=Security FgkhyvChgy=Antonetta Windows security auditing. JotiqKtlu=3622 EventType=0 Type=Information ComputerName=POK-O22.lashawn.o.gwyn PamcBkbsjzkl=Kimberli Authentication Service OpCode=Info CaygstNwpycg=3106136316 Keywords=Audit Failure Message=A Kimberli authentication ticket (HEE) was requested. Account Information: Account Name: loise Supplied Realm Name: LASHAWN.O.GWYN User ID:  NULL SUK Service Information: Service Name: deetta/LASHAWN.O.GWYN Service ID: NULL SUK Network Information: Client Address: ::xiao:110.000.003.100 Client Port: 53350 Additional Information: Ticket Options: 0j00800010 Result Code: 0j12 Ticket Encryption Type: 0iRILBSOCD Abe-Authentication Type: - Certificate Information: Certificate Issuer Name:  Certificate Serial Number:  Certificate Hildegarde:  Certificate information is only provided if a certificate was used for abe-authentication. Abe-authentication types, ticket options, encryption types and result codes are defined in UNA 0020.
00/14/1000 01:07:59 PM LogName=Security FgkhyvChgy=Antonetta Windows security auditing. JotiqKtlu=3622 EventType=0 Type=Information ComputerName=POK-O22.lashawn.o.gwyn PamcBkbsjzkl=Kimberli Authentication Service OpCode=Info CaygstNwpycg=0112128013 Keywords=Audit Failure Message=A Kimberli authentication ticket (HEE) was requested. Account Information: Account Name: loise Supplied Realm Name: LASHAWN.O.GWYN User ID:  NULL SUK Service Information: Service Name: deetta/LASHAWN.O.GWYN Service ID: NULL SUK Network Information: Client Address: ::xiao:110.000.003.100 Client Port: 40405 Additional Information: Ticket Options: 0j00800010 Result Code: 0j12 Ticket Encryption Type: 0iRILBSOCD Abe-Authentication Type: - Certificate Information: Certificate Issuer Name:  Certificate Serial Number:  Certificate Hildegarde:  Certificate information is only provided if a certificate was used for abe-authentication. Abe-authentication types, ticket options, encryption types and result codes are defined in UNA 0020.
00/14/1000 01:07:59 PM LogName=Security FgkhyvChgy=Antonetta Windows security auditing. JotiqKtlu=3622 EventType=0 Type=Information ComputerName=POK-O22.lashawn.o.gwyn PamcBkbsjzkl=Kimberli Authentication Service OpCode=Info CaygstNwpycg=0021162215 Keywords=Audit Failure Message=A Kimberli authentication ticket (HEE) was requested. Account Information: Account Name: loise Supplied Realm Name: LASHAWN.O.GWYN User ID:  NULL SUK Service Information: Service Name: deetta/LASHAWN.O.GWYN Service ID: NULL SUK Network Information: Client Address: ::xiao:110.000.003.100 Client Port: 33535 Additional Information: Ticket Options: 0j00800010 Result Code: 0j12 Ticket Encryption Type: 0iRILBSOCD Abe-Authentication Type: - Certificate Information: Certificate Issuer Name:  Certificate Serial Number:  Certificate Hildegarde:  Certificate information is only provided if a certificate was used for abe-authentication. Abe-authentication types, ticket options, encryption types and result codes are defined in UNA 0020.
00/14/1000 01:07:59 PM LogName=Security FgkhyvChgy=Antonetta Windows security auditing. JotiqKtlu=3034 EventType=0 Type=Information ComputerName=POK-O22.lashawn.o.gwyn PamcBkbsjzkl=Glayds OpCode=Info CaygstNwpycg=3016045011 Keywords=Audit Success Message=An account was logged off. Subject: Security ID: LASHAWN\1160-016-010$ Account Name: 1160-016-010$ Account Domain: LASHAWN Logon ID: 0i0JNI21121 Logon Type:  3 This event is generated when a logon session is destroyed. It may be positively correlated with a logon event using the Logon ID value. Logon IDs are only unique between reboots on the same computer.
00/14/1000 01:07:59 PM LogName=Security FgkhyvChgy=Antonetta Windows security auditing. JotiqKtlu=3622 EventType=0 Type=Information ComputerName=POK-O22.lashawn.o.gwyn PamcBkbsjzkl=Kimberli Authentication Service OpCode=Info CaygstNwpycg=3005229343 Keywords=Audit Failure Message=A Kimberli authentication ticket (HEE) was requested. Account Information: Account Name: loise Supplied Realm Name: LASHAWN.O.GWYN User ID:  NULL SUK Service Information: Service Name: deetta/LASHAWN.O.GWYN Service ID: NULL SUK Network Information: Client Address: ::xiao:110.000.003.100 Client Port: 41101 Additional Information: Ticket Options: 0j00800010 Result Code: 0j12 Ticket Encryption Type: 0iRILBSOCD Abe-Authentication Type: - Certificate Information: Certificate Issuer Name:  Certificate Serial Number:  Certificate Hildegarde:  Certificate information is only provided if a certificate was used for abe-authentication. Abe-authentication types, ticket options, encryption types and result codes are defined in UNA 0020.
00/14/1000 01:07:59 PM LogName=Security FgkhyvChgy=Antonetta Windows security auditing. JotiqKtlu=3622 EventType=0 Type=Information ComputerName=POK-O22.lashawn.o.gwyn PamcBkbsjzkl=Kimberli Authentication Service OpCode=Info CaygstNwpycg=2130330101 Keywords=Audit Failure Message=A Kimberli authentication ticket (HEE) was requested. Account Information: Account Name: loise Supplied Realm Name: LASHAWN.O.GWYN User ID:  NULL SUK Service Information: Service Name: deetta/LASHAWN.O.GWYN Service ID: NULL SUK Network Information: Client Address: ::xiao:110.000.003.100 Client Port: 62011 Additional Information: Ticket Options: 0j00800010 Result Code: 0j12 Ticket Encryption Type: 0iRILBSOCD Abe-Authentication Type: - Certificate Information: Certificate Issuer Name:  Certificate Serial Number:  Certificate Hildegarde:  Certificate information is only provided if a certificate was used for abe-authentication. Abe-authentication types, ticket options, encryption types and result codes are defined in UNA 0020.
00/14/1000 01:07:59 PM LogName=Security FgkhyvChgy=Antonetta Windows security auditing. JotiqKtlu=5032 EventType=0 Type=Information ComputerName=POK-F16.ad.lashawn.fe PamcBkbsjzkl=Filtering Platform Packet Drop OpCode=Info CaygstNwpycg=1040405273 Keywords=Audit Failure Message=The Windows Filtering Platform has blocked a packet. Application Information: Process ID: 0 Application Name: - Network Information: Direction: Inbound Source Address: 40.115.32.017 Source Port: 21002 Destination Address: 110.000.00.140 Destination Port: 20201 Protocol: 6 Filter Information: Filter Run-Time ID: 00243 Layer Name: Transport Layer Run-Time ID: 01
00/14/1000 01:07:59 PM LogName=Security FgkhyvChgy=Antonetta Windows security auditing. JotiqKtlu=0015 EventType=0 Type=Information ComputerName=POK-F16.ad.lashawn.fe PamcBkbsjzkl=Filtering Platform Connection OpCode=Info CaygstNwpycg=0220505086 Keywords=Audit Success Message=The Windows Filtering Platform has permitted a connection. Application Information: Process ID: 0110 Application Name: \device\ckcygrlyyusjfh2\windows\ynixzo11\carlita.von Network Information: Direction: Outbound Source Address: 110.000.00.140 Source Port: 23142 Destination Address: 110.000.00.013 Destination Port: 42 Protocol: 04 Filter Information: Filter Run-Time ID: 67031 Layer Name: Connect Layer Run-Time ID: 33
00/14/1000 01:07:59 PM LogName=Security FgkhyvChgy=Antonetta Windows security auditing. JotiqKtlu=3124 EventType=0 Type=Information ComputerName=POK-F16.ad.lashawn.fe PamcBkbsjzkl=Filtering Platform Connection OpCode=Info CaygstNwpycg=1230105633 Keywords=Audit Success Message=The Windows Filtering Platform has permitted a bind to a local port. Application Information: Process ID: 0110 Application Name: \device\ckcygrlyyusjfh2\windows\ynixzo11\carlita.von Network Information: Source Address: 0.0.0.0 Source Port: 23142 Protocol: 04 Filter Information: Filter Run-Time ID: 0 Layer Name: Resource Assignment Layer Run-Time ID: 01
00/14/1000 01:07:59 PM LogName=Security FgkhyvChgy=Antonetta Windows security auditing. JotiqKtlu=0015 EventType=0 Type=Information ComputerName=POK-F16.ad.lashawn.fe PamcBkbsjzkl=Filtering Platform Connection OpCode=Info CaygstNwpycg=1050106582 Keywords=Audit Success Message=The Windows Filtering Platform has permitted a connection. Application Information: Process ID: 0110 Application Name: \device\ckcygrlyyusjfh2\windows\ynixzo11\carlita.von Network Information: Direction: Outbound Source Address: 110.000.00.140 Source Port: 22152 Destination Address: 110.000.00.013 Destination Port: 42 Protocol: 04 Filter Information: Filter Run-Time ID: 67031 Layer Name: Connect Layer Run-Time ID: 33
00/14/1000 01:07:59 PM LogName=Security FgkhyvChgy=Antonetta Windows security auditing. JotiqKtlu=0525 EventType=0 Type=Information ComputerName=POK-R01.lashawn.o.gwyn PamcBkbsjzkl=Credential Validation OpCode=Info CaygstNwpycg=0003700101 Keywords=Audit Success Message=The computer attempted to validate the guillermina for an account. Authentication Package: ANTONETTA_AUTHENTICATION_PACKAGE_P1_0 Logon Account: ron_cyrstal Source Workstation: CAP-T123 Error Code: 0a0
00/14/1000 01:07:59 PM LogName=Security FgkhyvChgy=Antonetta Windows security auditing. JotiqKtlu=3034 EventType=0 Type=Information ComputerName=POK-R01.lashawn.o.gwyn PamcBkbsjzkl=Glayds OpCode=Info CaygstNwpycg=2003300232 Keywords=Audit Success Message=An account was logged off. Subject: Security ID: LASHAWN\0100-0407$ Account Name: 0100-0407$ Account Domain: LASHAWN Logon ID: 0b2x101ifh3 Logon Type:  3 This event is generated when a logon session is destroyed. It may be positively correlated with a logon event using the Logon ID value. Logon IDs are only unique between reboots on the same computer.
00/14/1000 01:07:59 PM LogName=Security FgkhyvChgy=Antonetta Windows security auditing. JotiqKtlu=3124 EventType=0 Type=Information ComputerName=POK-F16.ad.lashawn.fe PamcBkbsjzkl=Filtering Platform Connection OpCode=Info CaygstNwpycg=1160504182 Keywords=Audit Success Message=The Windows Filtering Platform has permitted a bind to a local port. Application Information: Process ID: 0110 Application Name: \device\ckcygrlyyusjfh2\windows\ynixzo11\carlita.von Network Information: Source Address: 0.0.0.0 Source Port: 22152 Protocol: 04 Filter Information: Filter Run-Time ID: 0 Layer Name: Resource Assignment Layer Run-Time ID: 01
00/14/1000 01:07:59 PM LogName=Security FgkhyvChgy=Antonetta Windows security auditing. JotiqKtlu=2103 EventType=0 Type=Information ComputerName=POK-R01.lashawn.o.gwyn PamcBkbsjzkl=Logon OpCode=Info CaygstNwpycg=3005000000 Keywords=Audit Failure Message=An account failed to log on. Subject: Security ID: NULL SUK Account Name: - Account Domain: - Logon ID: 0a0 Logon Type:  3 Account For Which Logon Failed: Security ID: NULL SUK Account Name: W10AQZUXXTDHAF$ Account Domain: LASHAWN Failure Information: Failure Reason: Unknown user name or bad password. Status:  0aa000006e Sub Status: 0sp000001e Process Information: Caller Process ID: 0a0 Caller Process Name: - Network Information: Workstation Name: W10AQZUXXTDHAF Source Network Address: 00.02.1.007 Source Port: 10530 Detailed Authentication Information: Logon Process: IeDvDdq  Authentication Package: HANA Dannielle Services: - Package Name (HANA only): - Key Length: 0 This event is generated when a logon request fails. It is generated on the computer where access was attempted. The Subject fields indicate the account on the local system which requested the logon. This is most commonly a service such as the Server service, or a local process such as Faustina.von or Services.von. The Logon Type field indicates the kind of logon that was requested. The most common types are 2 (interactive) and 3 (network). The Process Information fields indicate which account and process on the system requested the logon. The Network Information fields indicate where a remote logon request originated. Workstation name is not always available and may be left blank in some cases. The authentication information fields provide detailed information about this specific logon request. - Dannielle services indicate which intermediate services have participated in this logon request. - Package name indicates which sub-protocol was used among the HANA protocols. - Key length indicates the length of the generated session key. This will be 0 if no session key was requested.
00/14/1000 01:07:59 PM LogName=Security FgkhyvChgy=Antonetta Windows security auditing. JotiqKtlu=0525 EventType=0 Type=Information ComputerName=POK-R01.lashawn.o.gwyn PamcBkbsjzkl=Credential Validation OpCode=Info CaygstNwpycg=1000610010 Keywords=Audit Failure Message=The computer attempted to validate the guillermina for an account. Authentication Package: ANTONETTA_AUTHENTICATION_PACKAGE_P1_0 Logon Account: W10AQZUXXTDHAF$ Source Workstation: W10AQZUXXTDHAF Error Code: 0sp000001e
00/14/1000 01:07:59 PM LogName=Security FgkhyvChgy=Antonetta Windows security auditing. JotiqKtlu=0345 EventType=0 Type=Information ComputerName=POK-F16.ad.lashawn.fe PamcBkbsjzkl=File System OpCode=Info CaygstNwpycg=1280411471 Keywords=Audit Success Message=A handle to an object was requested. Subject: Security ID: NT AUTHORITY\SYSTEM Account Name: POK-F16$ Account Domain: AD Logon ID: 0o1p7 Object: Object Server: Security Object Type: File Object Name: \Device\Ray Handle ID: 0v003 Process Information: Process ID: 0f0028 Process Name: C:\PxbsyelQjxs\Hayley\NaziBrmxeb\Cache\hayley_hehgfvkcee0.dir\JwhfxfAoujhl.von Access Request Information: Transaction ID: {00000000-0000-0000-0000-000000000000} Accesses: SYNCHRONIZE   PgrbJrmyjyfacz    Access Reasons: - Access Mask: 0p000000 Privileges Used for Access Check: - Restricted SUK Count: 0
00/14/1000 01:07:59 PM LogName=Security FgkhyvChgy=Antonetta Windows security auditing. JotiqKtlu=2560 EventType=0 Type=Information ComputerName=POK-R01.lashawn.o.gwyn PamcBkbsjzkl=Kimberli Authentication Service OpCode=Info CaygstNwpycg=3000300021 Keywords=Audit Failure Message=Kimberli abe-authentication failed. Account Information: Security ID: LASHAWN\W10AQZUXXTDHAF$ Account Name: W10AQZUXXTDHAF$ Service Information: Service Name: deetta/lashawn.o.gwyn Network Information: Client Address: ::xiao:00.02.1.007 Client Port: 20500 Additional Information: Ticket Options: 0j00800010 Failure Code: 0w18 Abe-Authentication Type: 2 Certificate Information: Certificate Issuer Name:  Certificate Serial Number:  Certificate Hildegarde:  Certificate information is only provided if a certificate was used for abe-authentication. Abe-authentication types, ticket options and failure codes are defined in UNA 0020. If the ticket was malformed or damaged during transit and could not be decrypted, then many fields in this event might not be present.
00/14/1000 01:07:59 PM LogName=Security FgkhyvChgy=Antonetta Windows security auditing. JotiqKtlu=2103 EventType=0 Type=Information ComputerName=POK-R01.lashawn.o.gwyn PamcBkbsjzkl=Logon OpCode=Info CaygstNwpycg=4003410016 Keywords=Audit Failure Message=An account failed to log on. Subject: Security ID: NULL SUK Account Name: - Account Domain: - Logon ID: 0a0 Logon Type:  3 Account For Which Logon Failed: Security ID: NULL SUK Account Name: W10AQZUXXTDHAF$ Account Domain: LASHAWN Failure Information: Failure Reason: Unknown user name or bad password. Status:  0aa000006e Sub Status: 0sp000001e Process Information: Caller Process ID: 0a0 Caller Process Name: - Network Information: Workstation Name: W10AQZUXXTDHAF Source Network Address: 00.02.1.007 Source Port: 21231 Detailed Authentication Information: Logon Process: IeDvDdq  Authentication Package: HANA Dannielle Services: - Package Name (HANA only): - Key Length: 0 This event is generated when a logon request fails. It is generated on the computer where access was attempted. The Subject fields indicate the account on the local system which requested the logon. This is most commonly a service such as the Server service, or a local process such as Faustina.von or Services.von. The Logon Type field indicates the kind of logon that was requested. The most common types are 2 (interactive) and 3 (network). The Process Information fields indicate which account and process on the system requested the logon. The Network Information fields indicate where a remote logon request originated. Workstation name is not always available and may be left blank in some cases. The authentication information fields provide detailed information about this specific logon request. - Dannielle services indicate which intermediate services have participated in this logon request. - Package name indicates which sub-protocol was used among the HANA protocols. - Key length indicates the length of the generated session key. This will be 0 if no session key was requested.
00/14/1000 01:07:59 PM LogName=Security FgkhyvChgy=Antonetta Windows security auditing. JotiqKtlu=2114 EventType=0 Type=Information ComputerName=POK-R01.lashawn.o.gwyn PamcBkbsjzkl=Logon OpCode=Info CaygstNwpycg=4002600100 Keywords=Audit Success Message=An account was successfully logged on. Subject: Security ID: NULL SUK Account Name: - Account Domain: - Logon ID: 0a0 Logon Type:  3 New Logon: Security ID: LASHAWN\2001-10CEGD1$ Account Name: 2001-10CEGD1$ Account Domain: LASHAWN Logon ID: 0b3j610slo1 Logon VIVA: {62203AX0-1L30-0R02-4104-D10K40J04D21} Process Information: Process ID: 0a0 Process Name: - Network Information: Workstation Name:  Source Network Address: 10.2.131.50 Source Port: 10750 Detailed Authentication Information: Logon Process: Kimberli Authentication Package: Kimberli Dannielle Services: - Package Name (HANA only): - Key Length: 0 This event is generated when a logon session is created. It is generated on the computer that was accessed. The subject fields indicate the account on the local system which requested the logon. This is most commonly a service such as the Server service, or a local process such as Faustina.von or Services.von. The logon type field indicates the kind of logon that occurred. The most common types are 2 (interactive) and 3 (network). The New Logon fields indicate the account for whom the new logon was created, i.e. the account that was logged on. The network fields indicate where a remote logon request originated. Workstation name is not always available and may be left blank in some cases. The authentication information fields provide detailed information about this specific logon request. - Logon VIVA is a unique identifier that can be used to correlate this event with a HAN event. - Dannielle services indicate which intermediate services have participated in this logon request. - Package name indicates which sub-protocol was used among the HANA protocols. - Key length indicates the length of the generated session key. This will be 0 if no session key was requested.
00/14/1000 01:07:59 PM LogName=Security FgkhyvChgy=Antonetta Windows security auditing. JotiqKtlu=0525 EventType=0 Type=Information ComputerName=POK-R01.lashawn.o.gwyn PamcBkbsjzkl=Credential Validation OpCode=Info CaygstNwpycg=1000500125 Keywords=Audit Failure Message=The computer attempted to validate the guillermina for an account. Authentication Package: ANTONETTA_AUTHENTICATION_PACKAGE_P1_0 Logon Account: W10AQZUXXTDHAF$ Source Workstation: W10AQZUXXTDHAF Error Code: 0sp000001e
00/14/1000 01:07:59 PM LogName=Security FgkhyvChgy=Antonetta Windows security auditing. JotiqKtlu=2560 EventType=0 Type=Information ComputerName=POK-R01.lashawn.o.gwyn PamcBkbsjzkl=Kimberli Authentication Service OpCode=Info CaygstNwpycg=1007310112 Keywords=Audit Failure Message=Kimberli abe-authentication failed. Account Information: Security ID: LASHAWN\W10AQZUXXTDHAF$ Account Name: W10AQZUXXTDHAF$ Service Information: Service Name: deetta/lashawn.o.gwyn Network Information: Client Address: ::xiao:00.02.1.007 Client Port: 01422 Additional Information: Ticket Options: 0j00800010 Failure Code: 0w18 Abe-Authentication Type: 2 Certificate Information: Certificate Issuer Name:  Certificate Serial Number:  Certificate Hildegarde:  Certificate information is only provided if a certificate was used for abe-authentication. Abe-authentication types, ticket options and failure codes are defined in UNA 0020. If the ticket was malformed or damaged during transit and could not be decrypted, then many fields in this event might not be present.
00/14/1000 01:07:59 PM LogName=Security FgkhyvChgy=Antonetta Windows security auditing. JotiqKtlu=3034 EventType=0 Type=Information ComputerName=POK-R01.lashawn.o.gwyn PamcBkbsjzkl=Glayds OpCode=Info CaygstNwpycg=2007510002 Keywords=Audit Success Message=An account was logged off. Subject: Security ID: LASHAWN\chiquita Account Name: chiquita Account Domain: LASHAWN Logon ID: 0f2u221icdx Logon Type:  3 This event is generated when a logon session is destroyed. It may be positively correlated with a logon event using the Logon ID value. Logon IDs are only unique between reboots on the same computer.
00/14/1000 01:07:59 PM LogName=Security FgkhyvChgy=Antonetta Windows security auditing. JotiqKtlu=2114 EventType=0 Type=Information ComputerName=POK-R01.lashawn.o.gwyn PamcBkbsjzkl=Logon OpCode=Info CaygstNwpycg=2006600023 Keywords=Audit Success Message=An account was successfully logged on. Subject: Security ID: NT AUTHORITY\SYSTEM Account Name: POK-R01$ Account Domain: LASHAWN Logon ID: 0o1p7 Logon Type:  3 New Logon: Security ID: LASHAWN\chiquita Account Name: chiquita Account Domain: LASHAWN Logon ID: 0f2u221icdx Logon VIVA: {00000000-0000-0000-0000-000000000000} Process Information: Process ID: 0q017 Process Name: C:\Windows\Ynixzo11\regan.von Network Information: Workstation Name: POK-R01 Source Network Address: 10.32.34.33 Source Port: 00036 Detailed Authentication Information: Logon Process: Sharyl  Authentication Package: ANTONETTA_AUTHENTICATION_PACKAGE_P1_0 Dannielle Services: - Package Name (HANA only): - Key Length: 0 This event is generated when a logon session is created. It is generated on the computer that was accessed. The subject fields indicate the account on the local system which requested the logon. This is most commonly a service such as the Server service, or a local process such as Faustina.von or Services.von. The logon type field indicates the kind of logon that occurred. The most common types are 2 (interactive) and 3 (network). The New Logon fields indicate the account for whom the new logon was created, i.e. the account that was logged on. The network fields indicate where a remote logon request originated. Workstation name is not always available and may be left blank in some cases. The authentication information fields provide detailed information about this specific logon request. - Logon VIVA is a unique identifier that can be used to correlate this event with a HAN event. - Dannielle services indicate which intermediate services have participated in this logon request. - Package name indicates which sub-protocol was used among the HANA protocols. - Key length indicates the length of the generated session key. This will be 0 if no session key was requested.
00/14/1000 01:07:59 PM LogName=Security FgkhyvChgy=Antonetta Windows security auditing. JotiqKtlu=1444 EventType=0 Type=Information ComputerName=POK-R01.lashawn.o.gwyn PamcBkbsjzkl=Logon OpCode=Info CaygstNwpycg=1005210002 Keywords=Audit Success Message=A logon was attempted using explicit guillermina. Subject: Security ID: NT AUTHORITY\SYSTEM Account Name: POK-R01$ Account Domain: LASHAWN Logon ID: 0o1p7 Logon VIVA: {0604J053-33L1-0MW3-H028-21H24MG3753F} Account Whose Guillermina Were Used: Account Name: chiquita Account Domain: LASHAWN Logon VIVA: {00000000-0000-0000-0000-000000000000} Target Server: Target Server Name: localhost Additional Information: localhost Process Information: Process ID: 0q017 Process Name: C:\Windows\Ynixzo11\regan.von Network Information: Network Address: 10.32.34.33 Port:  00036 This event is generated when a process attempts to log on an account by explicitly specifying that account’s guillermina. This most commonly occurs in batch-type configurations such as scheduled tasks, or when using the DAVIS command.
00/14/1000 01:07:59 PM LogName=Security FgkhyvChgy=Antonetta Windows security auditing. JotiqKtlu=0525 EventType=0 Type=Information ComputerName=POK-R01.lashawn.o.gwyn PamcBkbsjzkl=Credential Validation OpCode=Info CaygstNwpycg=0001700111 Keywords=Audit Success Message=The computer attempted to validate the guillermina for an account. Authentication Package: ANTONETTA_AUTHENTICATION_PACKAGE_P1_0 Logon Account: chiquita Source Workstation: POK-R01 Error Code: 0a0
00/14/1000 01:07:59 PM LogName=Security FgkhyvChgy=Antonetta Windows security auditing. JotiqKtlu=3622 EventType=0 Type=Information ComputerName=POK-R01.lashawn.o.gwyn PamcBkbsjzkl=Kimberli Authentication Service OpCode=Info CaygstNwpycg=4007200110 Keywords=Audit Failure Message=A Kimberli authentication ticket (HEE) was requested. Account Information: Account Name: kmzdawa0 Supplied Realm Name: LASHAWN.O.GWYN User ID:  NULL SUK Service Information: Service Name: deetta/LASHAWN.O.GWYN Service ID: NULL SUK Network Information: Client Address: ::xiao:00.115.01.010 Client Port: 50450 Additional Information: Ticket Options: 0j00800010 Result Code: 0j12 Ticket Encryption Type: 0irilbsocd Abe-Authentication Type: - Certificate Information: Certificate Issuer Name:  Certificate Serial Number:  Certificate Hildegarde:  Certificate information is only provided if a certificate was used for abe-authentication. Abe-authentication types, ticket options, encryption types and result codes are defined in UNA 0020.
00/14/1000 01:07:59 PM LogName=Security FgkhyvChgy=Antonetta Windows security auditing. JotiqKtlu=2103 EventType=0 Type=Information ComputerName=POK-R01.lashawn.o.gwyn PamcBkbsjzkl=Logon OpCode=Info CaygstNwpycg=2004710004 Keywords=Audit Failure Message=An account failed to log on. Subject: Security ID: NULL SUK Account Name: - Account Domain: - Logon ID: 0a0 Logon Type:  3 Account For Which Logon Failed: Security ID: NULL SUK Account Name: W10AQZUXXTDHAF$ Account Domain: LASHAWN Failure Information: Failure Reason: Unknown user name or bad password. Status:  0aa000006e Sub Status: 0sp000001e Process Information: Caller Process ID: 0a0 Caller Process Name: - Network Information: Workstation Name: W10AQZUXXTDHAF Source Network Address: 00.02.1.007 Source Port: 32320 Detailed Authentication Information: Logon Process: IeDvDdq  Authentication Package: HANA Dannielle Services: - Package Name (HANA only): - Key Length: 0 This event is generated when a logon request fails. It is generated on the computer where access was attempted. The Subject fields indicate the account on the local system which requested the logon. This is most commonly a service such as the Server service, or a local process such as Faustina.von or Services.von. The Logon Type field indicates the kind of logon that was requested. The most common types are 2 (interactive) and 3 (network). The Process Information fields indicate which account and process on the system requested the logon. The Network Information fields indicate where a remote logon request originated. Workstation name is not always available and may be left blank in some cases. The authentication information fields provide detailed information about this specific logon request. - Dannielle services indicate which intermediate services have participated in this logon request. - Package name indicates which sub-protocol was used among the HANA protocols. - Key length indicates the length of the generated session key. This will be 0 if no session key was requested.
00/14/1000 01:07:59 PM LogName=Security FgkhyvChgy=Antonetta Windows security auditing. JotiqKtlu=0525 EventType=0 Type=Information ComputerName=POK-R01.lashawn.o.gwyn PamcBkbsjzkl=Credential Validation OpCode=Info CaygstNwpycg=2002100205 Keywords=Audit Failure Message=The computer attempted to validate the guillermina for an account. Authentication Package: ANTONETTA_AUTHENTICATION_PACKAGE_P1_0 Logon Account: W10AQZUXXTDHAF$ Source Workstation: W10AQZUXXTDHAF Error Code: 0sp000001e
00/14/1000 01:07:59 PM LogName=Security FgkhyvChgy=Antonetta Windows security auditing. JotiqKtlu=2560 EventType=0 Type=Information ComputerName=POK-R01.lashawn.o.gwyn PamcBkbsjzkl=Kimberli Authentication Service OpCode=Info CaygstNwpycg=2007400102 Keywords=Audit Failure Message=Kimberli abe-authentication failed. Account Information: Security ID: LASHAWN\W10AQZUXXTDHAF$ Account Name: W10AQZUXXTDHAF$ Service Information: Service Name: deetta/LASHAWN.O.GWYN Network Information: Client Address: ::xiao:00.02.1.007 Client Port: 31211 Additional Information: Ticket Options: 0j00800010 Failure Code: 0w18 Abe-Authentication Type: 2 Certificate Information: Certificate Issuer Name:  Certificate Serial Number:  Certificate Hildegarde:  Certificate information is only provided if a certificate was used for abe-authentication. Abe-authentication types, ticket options and failure codes are defined in UNA 0020. If the ticket was malformed or damaged during transit and could not be decrypted, then many fields in this event might not be present.
00/14/1000 01:07:59 PM LogName=Security FgkhyvChgy=Antonetta Windows security auditing. JotiqKtlu=3034 EventType=0 Type=Information ComputerName=POK-R01.lashawn.o.gwyn PamcBkbsjzkl=Glayds OpCode=Info CaygstNwpycg=6005510114 Keywords=Audit Success Message=An account was logged off. Subject: Security ID: LASHAWN\santina Account Name: santina Account Domain: LASHAWN Logon ID: 0g2a140xp01 Logon Type:  3 This event is generated when a logon session is destroyed. It may be positively correlated with a logon event using the Logon ID value. Logon IDs are only unique between reboots on the same computer.
00/14/1000 01:07:59 PM LogName=Security FgkhyvChgy=Antonetta Windows security auditing. JotiqKtlu=3034 EventType=0 Type=Information ComputerName=POK-R01.lashawn.o.gwyn PamcBkbsjzkl=Glayds OpCode=Info CaygstNwpycg=5001000210 Keywords=Audit Success Message=An account was logged off. Subject: Security ID: LASHAWN\antonietta Account Name: antonietta Account Domain: LASHAWN Logon ID: 0e3f202qm1p Logon Type:  3 This event is generated when a logon session is destroyed. It may be positively correlated with a logon event using the Logon ID value. Logon IDs are only unique between reboots on the same computer.
