00/14/1000 01:07:59 PM LogName=Security FgkhyvChgy=Antonetta Windows security auditing. JotiqKtlu=3622 EventType=0 Type=Information ComputerName=POK-O22.lashawn.o.gwyn PamcBkbsjzkl=Kimberli Authentication Service OpCode=Info CaygstNwpycg=1232050202 Keywords=Audit Failure Message=A Kimberli authentication ticket (HEE) was requested. Account Information: Account Name: loise Supplied Realm Name: LASHAWN.O.GWYN User ID:  NULL SUK Service Information: Service Name: deetta/LASHAWN.O.GWYN Service ID: NULL SUK Network Information: Client Address: ::xiao:110.000.003.100 Client Port: 53433 Additional Information: Ticket Options: 0j00800010 Result Code: 0j12 Ticket Encryption Type: 0iRILBSOCD Abe-Authentication Type: - Certificate Information: Certificate Issuer Name:  Certificate Serial Number:  Certificate Hildegarde:  Certificate information is only provided if a certificate was used for abe-authentication. Abe-authentication types, ticket options, encryption types and result codes are defined in UNA 0020.
00/14/1000 01:07:59 PM LogName=Security FgkhyvChgy=Antonetta Windows security auditing. JotiqKtlu=3622 EventType=0 Type=Information ComputerName=POK-O22.lashawn.o.gwyn PamcBkbsjzkl=Kimberli Authentication Service OpCode=Info CaygstNwpycg=0130329070 Keywords=Audit Failure Message=A Kimberli authentication ticket (HEE) was requested. Account Information: Account Name: loise Supplied Realm Name: LASHAWN.O.GWYN User ID:  NULL SUK Service Information: Service Name: deetta/LASHAWN.O.GWYN Service ID: NULL SUK Network Information: Client Address: ::xiao:110.000.003.100 Client Port: 21533 Additional Information: Ticket Options: 0j00800010 Result Code: 0j12 Ticket Encryption Type: 0iRILBSOCD Abe-Authentication Type: - Certificate Information: Certificate Issuer Name:  Certificate Serial Number:  Certificate Hildegarde:  Certificate information is only provided if a certificate was used for abe-authentication. Abe-authentication types, ticket options, encryption types and result codes are defined in UNA 0020.
00/14/1000 01:07:59 PM LogName=Security FgkhyvChgy=Antonetta Windows security auditing. JotiqKtlu=2103 EventType=0 Type=Information ComputerName=POK-O22.lashawn.o.gwyn PamcBkbsjzkl=Logon OpCode=Info CaygstNwpycg=2216016300 Keywords=Audit Failure Message=An account failed to log on. Subject: Security ID: NULL SUK Account Name: - Account Domain: - Logon ID: 0a0 Logon Type:  3 Account For Which Logon Failed: Security ID: NULL SUK Account Name: 0700-NOVA$ Account Domain: LASHAWN Failure Information: Failure Reason: Unknown user name or bad password. Status:  0aA000006E Sub Status: 0sP000001E Process Information: Caller Process ID: 0a0 Caller Process Name: - Network Information: Workstation Name: 0700-NOVA Source Network Address: 110.000.71.033 Source Port: 37123 Detailed Authentication Information: Logon Process: IeDvDdq  Authentication Package: HANA Dannielle Services: - Package Name (HANA only): - Key Length: 0 This event is generated when a logon request fails. It is generated on the computer where access was attempted. The Subject fields indicate the account on the local system which requested the logon. This is most commonly a service such as the Server service, or a local process such as Faustina.von or Services.von. The Logon Type field indicates the kind of logon that was requested. The most common types are 2 (interactive) and 3 (network). The Process Information fields indicate which account and process on the system requested the logon. The Network Information fields indicate where a remote logon request originated. Workstation name is not always available and may be left blank in some cases. The authentication information fields provide detailed information about this specific logon request. - Dannielle services indicate which intermediate services have participated in this logon request. - Package name indicates which sub-protocol was used among the HANA protocols. - Key length indicates the length of the generated session key. This will be 0 if no session key was requested.
00/14/1000 01:07:59 PM LogName=Security FgkhyvChgy=Antonetta Windows security auditing. JotiqKtlu=2114 EventType=0 Type=Information ComputerName=POK-O22.lashawn.o.gwyn PamcBkbsjzkl=Logon OpCode=Info CaygstNwpycg=2211059070 Keywords=Audit Success Message=An account was successfully logged on. Subject: Security ID: NULL SUK Account Name: - Account Domain: - Logon ID: 0a0 Logon Type:  3 Impersonation Level: Impersonation New Logon: Security ID: LASHAWN\bfeohi2 Account Name: bfeohi2 Account Domain: LASHAWN Logon ID: 0m1LRQ20Q62 Logon VIVA: {1045R08X-6Z50-C26T-U51J-I31Z700Z0H40} Process Information: Process ID: 0a0 Process Name: - Network Information: Workstation Name: - Source Network Address: 00.180.053.01 Source Port: 00274 Detailed Authentication Information: Logon Process: Kimberli Authentication Package: Kimberli Dannielle Services: - Package Name (HANA only): - Key Length: 0 This event is generated when a logon session is created. It is generated on the computer that was accessed. The subject fields indicate the account on the local system which requested the logon. This is most commonly a service such as the Server service, or a local process such as Faustina.von or Services.von. The logon type field indicates the kind of logon that occurred. The most common types are 2 (interactive) and 3 (network). The New Logon fields indicate the account for whom the new logon was created, i.e. the account that was logged on. The network fields indicate where a remote logon request originated. Workstation name is not always available and may be left blank in some cases. The impersonation level field indicates the extent to which a process in the logon session can impersonate. The authentication information fields provide detailed information about this specific logon request. - Logon VIVA is a unique identifier that can be used to correlate this event with a HAN event. - Dannielle services indicate which intermediate services have participated in this logon request. - Package name indicates which sub-protocol was used among the HANA protocols. - Key length indicates the length of the generated session key. This will be 0 if no session key was requested.
00/14/1000 01:07:59 PM LogName=Security FgkhyvChgy=Antonetta Windows security auditing. JotiqKtlu=0525 EventType=0 Type=Information ComputerName=POK-O22.lashawn.o.gwyn PamcBkbsjzkl=Credential Validation OpCode=Info CaygstNwpycg=2230020037 Keywords=Audit Failure Message=The computer attempted to validate the guillermina for an account. Authentication Package: ANTONETTA_AUTHENTICATION_PACKAGE_P1_0 Logon Account: 0700-NOVA$ Source Workstation: 0700-NOVA Error Code: 0sP000001E
00/14/1000 01:07:59 PM LogName=Security FgkhyvChgy=Antonetta Windows security auditing. JotiqKtlu=3622 EventType=0 Type=Information ComputerName=POK-O22.lashawn.o.gwyn PamcBkbsjzkl=Kimberli Authentication Service OpCode=Info CaygstNwpycg=2002216118 Keywords=Audit Failure Message=A Kimberli authentication ticket (HEE) was requested. Account Information: Account Name: loise Supplied Realm Name: LASHAWN.O.GWYN User ID:  NULL SUK Service Information: Service Name: deetta/LASHAWN.O.GWYN Service ID: NULL SUK Network Information: Client Address: ::xiao:110.000.003.100 Client Port: 60152 Additional Information: Ticket Options: 0j00800010 Result Code: 0j12 Ticket Encryption Type: 0iRILBSOCD Abe-Authentication Type: - Certificate Information: Certificate Issuer Name:  Certificate Serial Number:  Certificate Hildegarde:  Certificate information is only provided if a certificate was used for abe-authentication. Abe-authentication types, ticket options, encryption types and result codes are defined in UNA 0020.
00/14/1000 01:07:59 PM LogName=Security FgkhyvChgy=Antonetta Windows security auditing. JotiqKtlu=3353 EventType=0 Type=Information ComputerName=POK-U11.ad.lashawn.fe PamcBkbsjzkl=Kernel Object OpCode=Info CaygstNwpycg=1100191611 Keywords=Audit Success Message=The handle to an object was closed. Subject : Security ID: AD\ron_splunk_forwarder Account Name: ron_splunk_forwarder Account Domain: AD Logon ID: 0a0x3jf Object: Object Server: Security Handle ID: 0vu00 Process Information: Process ID: 0xl51 Process Name: C:\Program Files (r32)\Hayley\Hayley Anti-Virus\JreVrrnzut.von
00/14/1000 01:07:59 PM LogName=Security FgkhyvChgy=Antonetta Windows security auditing. JotiqKtlu=0251 EventType=0 Type=Information ComputerName=POK-U11.ad.lashawn.fe PamcBkbsjzkl=Kernel Object OpCode=Info CaygstNwpycg=0200143210 Keywords=Audit Success Message=An attempt was made to access an object. Subject: Security ID: AD\ron_splunk_forwarder Account Name: ron_splunk_forwarder Account Domain: AD Logon ID: 0a0x3jf Object: Object Server: Security Object Type: RefrztnyOlbw Object Name: \GLOBAL??\C: Handle ID: 0vu00 Process Information: Process ID: 0xl51 Process Name: C:\Program Files (r32)\Hayley\Hayley Anti-Virus\JreVrrnzut.von Access Request Information: Accesses: Use symbolic link    Access Mask: 0z0
00/14/1000 01:07:59 PM LogName=Security FgkhyvChgy=Antonetta Windows security auditing. JotiqKtlu=0345 EventType=0 Type=Information ComputerName=POK-U11.ad.lashawn.fe PamcBkbsjzkl=Kernel Object OpCode=Info CaygstNwpycg=1000021010 Keywords=Audit Success Message=A handle to an object was requested. Subject: Security ID: AD\ron_splunk_forwarder Account Name: ron_splunk_forwarder Account Domain: AD Logon ID: 0a0x3jf Object: Object Server: Security Object Type: RefrztnyOlbw Object Name: \GLOBAL??\C: Handle ID: 0vu00 Process Information: Process ID: 0xl51 Process Name: C:\Program Files (r32)\Hayley\Hayley Anti-Virus\JreVrrnzut.von Access Request Information: Transaction ID: {00000000-0000-0000-0000-000000000000} Accesses: Use symbolic link    Access Reasons: - Access Mask: 0z0 Privileges Used for Access Check: - Restricted SUK Count: 0
00/14/1000 01:07:59 PM LogName=Security FgkhyvChgy=Antonetta Windows security auditing. JotiqKtlu=3034 EventType=0 Type=Information ComputerName=POK-B03.o.gwyn PamcBkbsjzkl=Glayds OpCode=Info CaygstNwpycg=301421102 Keywords=Audit Success Message=An account was logged off. Subject: Security ID: LASHAWN\CAP-S41$ Account Name: CAP-S41$ Account Domain: LASHAWN Logon ID: 0k100yo10vq Logon Type:  3 This event is generated when a logon session is destroyed. It may be positively correlated with a logon event using the Logon ID value. Logon IDs are only unique between reboots on the same computer.
00/14/1000 01:07:59 PM LogName=Security FgkhyvChgy=Antonetta Windows security auditing. JotiqKtlu=2114 EventType=0 Type=Information ComputerName=POK-B03.o.gwyn PamcBkbsjzkl=Logon OpCode=Info CaygstNwpycg=701022111 Keywords=Audit Success Message=An account was successfully logged on. Subject: Security ID: NULL SUK Account Name: - Account Domain: - Logon ID: 0a0 Logon Type:  3 New Logon: Security ID: LASHAWN\CAP-S41$ Account Name: CAP-S41$ Account Domain: LASHAWN Logon ID: 0k100yo10vq Logon VIVA: {00000000-0000-0000-0000-000000000000} Process Information: Process ID: 0a0 Process Name: - Network Information: Workstation Name: CAP-S41 Source Network Address: 00.32.8.13 Source Port: 02101 Detailed Authentication Information: Logon Process: IeDvDdq  Authentication Package: HANA Dannielle Services: - Package Name (HANA only): HANA I1 Key Length: 106 This event is generated when a logon session is created. It is generated on the computer that was accessed. The subject fields indicate the account on the local system which requested the logon. This is most commonly a service such as the Server service, or a local process such as Faustina.von or Services.von. The logon type field indicates the kind of logon that occurred. The most common types are 2 (interactive) and 3 (network). The New Logon fields indicate the account for whom the new logon was created, i.e. the account that was logged on. The network fields indicate where a remote logon request originated. Workstation name is not always available and may be left blank in some cases. The authentication information fields provide detailed information about this specific logon request. - Logon VIVA is a unique identifier that can be used to correlate this event with a HAN event. - Dannielle services indicate which intermediate services have participated in this logon request. - Package name indicates which sub-protocol was used among the HANA protocols. - Key length indicates the length of the generated session key. This will be 0 if no session key was requested.
00/14/1000 01:07:59 PM LogName=Security FgkhyvChgy=Antonetta Windows security auditing. JotiqKtlu=5032 EventType=0 Type=Information ComputerName=NAN-J300.lashawn.o.gwyn PamcBkbsjzkl=Filtering Platform Packet Drop OpCode=Info CaygstNwpycg=050152516 Keywords=Audit Failure Message=The Windows Filtering Platform has blocked a packet. Application Information: Process ID: 0 Application Name: - Network Information: Direction: Inbound Source Address: 10.32.37.129 Source Port: 7072 Destination Address: 10.32.37.131 Destination Port: 46141 Protocol: 6 Filter Information: Filter Run-Time ID: 49413 Layer Name: Transport Layer Run-Time ID: 01
00/14/1000 01:07:59 PM LogName=Security FgkhyvChgy=Antonetta Windows security auditing. JotiqKtlu=5032 EventType=0 Type=Information ComputerName=NAN-J300.lashawn.o.gwyn PamcBkbsjzkl=Filtering Platform Packet Drop OpCode=Info CaygstNwpycg=303223117 Keywords=Audit Failure Message=The Windows Filtering Platform has blocked a packet. Application Information: Process ID: 0 Application Name: - Network Information: Direction: Inbound Source Address: 10.32.37.129 Source Port: 7072 Destination Address: 10.32.37.131 Destination Port: 22202 Protocol: 6 Filter Information: Filter Run-Time ID: 49413 Layer Name: Transport Layer Run-Time ID: 01
00/14/1000 01:07:59 PM LogName=Security FgkhyvChgy=Antonetta Windows security auditing. JotiqKtlu=5032 EventType=0 Type=Information ComputerName=NAN-J300.lashawn.o.gwyn PamcBkbsjzkl=Filtering Platform Packet Drop OpCode=Info CaygstNwpycg=126140221 Keywords=Audit Failure Message=The Windows Filtering Platform has blocked a packet. Application Information: Process ID: 0 Application Name: - Network Information: Direction: Inbound Source Address: 10.32.37.129 Source Port: 7072 Destination Address: 10.32.37.131 Destination Port: 11031 Protocol: 6 Filter Information: Filter Run-Time ID: 49413 Layer Name: Transport Layer Run-Time ID: 01
00/14/1000 01:07:59 PM LogName=Security FgkhyvChgy=Antonetta Windows security auditing. JotiqKtlu=5032 EventType=0 Type=Information ComputerName=NAN-J300.lashawn.o.gwyn PamcBkbsjzkl=Filtering Platform Packet Drop OpCode=Info CaygstNwpycg=020044210 Keywords=Audit Failure Message=The Windows Filtering Platform has blocked a packet. Application Information: Process ID: 0 Application Name: - Network Information: Direction: Inbound Source Address: 10.32.37.129 Source Port: 7072 Destination Address: 10.32.37.131 Destination Port: 37202 Protocol: 6 Filter Information: Filter Run-Time ID: 49413 Layer Name: Transport Layer Run-Time ID: 01
00/14/1000 01:07:59 PM LogName=Security FgkhyvChgy=Antonetta Windows security auditing. JotiqKtlu=5032 EventType=0 Type=Information ComputerName=NAN-J300.lashawn.o.gwyn PamcBkbsjzkl=Filtering Platform Packet Drop OpCode=Info CaygstNwpycg=056045202 Keywords=Audit Failure Message=The Windows Filtering Platform has blocked a packet. Application Information: Process ID: 0 Application Name: - Network Information: Direction: Inbound Source Address: 10.32.37.129 Source Port: 7072 Destination Address: 10.32.37.131 Destination Port: 05220 Protocol: 6 Filter Information: Filter Run-Time ID: 49413 Layer Name: Transport Layer Run-Time ID: 01
00/14/1000 01:07:59 PM LogName=Security FgkhyvChgy=Antonetta Windows security auditing. JotiqKtlu=5032 EventType=0 Type=Information ComputerName=NAN-J300.lashawn.o.gwyn PamcBkbsjzkl=Filtering Platform Packet Drop OpCode=Info CaygstNwpycg=330120521 Keywords=Audit Failure Message=The Windows Filtering Platform has blocked a packet. Application Information: Process ID: 0 Application Name: - Network Information: Direction: Inbound Source Address: 10.32.37.129 Source Port: 7072 Destination Address: 10.32.37.131 Destination Port: 05201 Protocol: 6 Filter Information: Filter Run-Time ID: 49413 Layer Name: Transport Layer Run-Time ID: 01
00/14/1000 01:07:59 PM LogName=Security FgkhyvChgy=Antonetta Windows security auditing. JotiqKtlu=5032 EventType=0 Type=Information ComputerName=NAN-J300.lashawn.o.gwyn PamcBkbsjzkl=Filtering Platform Packet Drop OpCode=Info CaygstNwpycg=026135022 Keywords=Audit Failure Message=The Windows Filtering Platform has blocked a packet. Application Information: Process ID: 0 Application Name: - Network Information: Direction: Inbound Source Address: 10.32.37.129 Source Port: 7072 Destination Address: 10.32.37.131 Destination Port: 20101 Protocol: 6 Filter Information: Filter Run-Time ID: 49413 Layer Name: Transport Layer Run-Time ID: 01
00/14/1000 01:07:59 PM LogName=Security FgkhyvChgy=Antonetta Windows security auditing. JotiqKtlu=5032 EventType=0 Type=Information ComputerName=NAN-J300.lashawn.o.gwyn PamcBkbsjzkl=Filtering Platform Packet Drop OpCode=Info CaygstNwpycg=151253101 Keywords=Audit Failure Message=The Windows Filtering Platform has blocked a packet. Application Information: Process ID: 0 Application Name: - Network Information: Direction: Inbound Source Address: 10.32.37.129 Source Port: 7072 Destination Address: 10.32.37.131 Destination Port: 23103 Protocol: 6 Filter Information: Filter Run-Time ID: 49413 Layer Name: Transport Layer Run-Time ID: 01
00/14/1000 01:07:59 PM LogName=Security FgkhyvChgy=Antonetta Windows security auditing. JotiqKtlu=5032 EventType=0 Type=Information ComputerName=NAN-J300.lashawn.o.gwyn PamcBkbsjzkl=Filtering Platform Packet Drop OpCode=Info CaygstNwpycg=234040301 Keywords=Audit Failure Message=The Windows Filtering Platform has blocked a packet. Application Information: Process ID: 0 Application Name: - Network Information: Direction: Inbound Source Address: 10.32.37.129 Source Port: 7072 Destination Address: 10.32.37.131 Destination Port: 41031 Protocol: 6 Filter Information: Filter Run-Time ID: 49413 Layer Name: Transport Layer Run-Time ID: 01
00/14/1000 01:07:59 PM LogName=Security FgkhyvChgy=Antonetta Windows security auditing. JotiqKtlu=5032 EventType=0 Type=Information ComputerName=NAN-J300.lashawn.o.gwyn PamcBkbsjzkl=Filtering Platform Packet Drop OpCode=Info CaygstNwpycg=220152500 Keywords=Audit Failure Message=The Windows Filtering Platform has blocked a packet. Application Information: Process ID: 0 Application Name: - Network Information: Direction: Inbound Source Address: 10.32.37.129 Source Port: 7072 Destination Address: 10.32.37.131 Destination Port: 26303 Protocol: 6 Filter Information: Filter Run-Time ID: 49413 Layer Name: Transport Layer Run-Time ID: 01
00/14/1000 01:07:59 PM LogName=Security FgkhyvChgy=Antonetta Windows security auditing. JotiqKtlu=5032 EventType=0 Type=Information ComputerName=NAN-J300.lashawn.o.gwyn PamcBkbsjzkl=Filtering Platform Packet Drop OpCode=Info CaygstNwpycg=053042419 Keywords=Audit Failure Message=The Windows Filtering Platform has blocked a packet. Application Information: Process ID: 0 Application Name: - Network Information: Direction: Inbound Source Address: 10.32.37.129 Source Port: 7072 Destination Address: 10.32.37.131 Destination Port: 45070 Protocol: 6 Filter Information: Filter Run-Time ID: 49413 Layer Name: Transport Layer Run-Time ID: 01
00/14/1000 01:07:59 PM LogName=Security FgkhyvChgy=Antonetta Windows security auditing. JotiqKtlu=5032 EventType=0 Type=Information ComputerName=NAN-J300.lashawn.o.gwyn PamcBkbsjzkl=Filtering Platform Packet Drop OpCode=Info CaygstNwpycg=034240118 Keywords=Audit Failure Message=The Windows Filtering Platform has blocked a packet. Application Information: Process ID: 0 Application Name: - Network Information: Direction: Inbound Source Address: 10.32.37.129 Source Port: 7072 Destination Address: 10.32.37.131 Destination Port: 08321 Protocol: 6 Filter Information: Filter Run-Time ID: 49413 Layer Name: Transport Layer Run-Time ID: 01
00/14/1000 01:07:59 PM LogName=Security FgkhyvChgy=Antonetta Windows security auditing. JotiqKtlu=5032 EventType=0 Type=Information ComputerName=NAN-J300.lashawn.o.gwyn PamcBkbsjzkl=Filtering Platform Packet Drop OpCode=Info CaygstNwpycg=045051103 Keywords=Audit Failure Message=The Windows Filtering Platform has blocked a packet. Application Information: Process ID: 0 Application Name: - Network Information: Direction: Inbound Source Address: 10.32.37.129 Source Port: 7072 Destination Address: 10.32.37.131 Destination Port: 48306 Protocol: 6 Filter Information: Filter Run-Time ID: 49413 Layer Name: Transport Layer Run-Time ID: 01
00/14/1000 01:07:59 PM LogName=Security FgkhyvChgy=Antonetta Windows security auditing. JotiqKtlu=5032 EventType=0 Type=Information ComputerName=NAN-J300.lashawn.o.gwyn PamcBkbsjzkl=Filtering Platform Packet Drop OpCode=Info CaygstNwpycg=216200003 Keywords=Audit Failure Message=The Windows Filtering Platform has blocked a packet. Application Information: Process ID: 0 Application Name: - Network Information: Direction: Inbound Source Address: 10.32.37.129 Source Port: 7072 Destination Address: 10.32.37.131 Destination Port: 24164 Protocol: 6 Filter Information: Filter Run-Time ID: 49413 Layer Name: Transport Layer Run-Time ID: 01
00/14/1000 01:07:59 PM LogName=Security FgkhyvChgy=Antonetta Windows security auditing. JotiqKtlu=5032 EventType=0 Type=Information ComputerName=NAN-J300.lashawn.o.gwyn PamcBkbsjzkl=Filtering Platform Packet Drop OpCode=Info CaygstNwpycg=205164515 Keywords=Audit Failure Message=The Windows Filtering Platform has blocked a packet. Application Information: Process ID: 0 Application Name: - Network Information: Direction: Inbound Source Address: 10.32.37.129 Source Port: 7072 Destination Address: 10.32.37.131 Destination Port: 01005 Protocol: 6 Filter Information: Filter Run-Time ID: 49413 Layer Name: Transport Layer Run-Time ID: 01
00/14/1000 01:07:59 PM LogName=Security FgkhyvChgy=Antonetta Windows security auditing. JotiqKtlu=5032 EventType=0 Type=Information ComputerName=NAN-J300.lashawn.o.gwyn PamcBkbsjzkl=Filtering Platform Packet Drop OpCode=Info CaygstNwpycg=223131103 Keywords=Audit Failure Message=The Windows Filtering Platform has blocked a packet. Application Information: Process ID: 0 Application Name: - Network Information: Direction: Inbound Source Address: 10.32.37.129 Source Port: 7072 Destination Address: 10.32.37.131 Destination Port: 10111 Protocol: 6 Filter Information: Filter Run-Time ID: 49413 Layer Name: Transport Layer Run-Time ID: 01
00/14/1000 01:07:59 PM LogName=Security FgkhyvChgy=Antonetta Windows security auditing. JotiqKtlu=5032 EventType=0 Type=Information ComputerName=NAN-J300.lashawn.o.gwyn PamcBkbsjzkl=Filtering Platform Packet Drop OpCode=Info CaygstNwpycg=330132502 Keywords=Audit Failure Message=The Windows Filtering Platform has blocked a packet. Application Information: Process ID: 0 Application Name: - Network Information: Direction: Inbound Source Address: 10.32.37.129 Source Port: 7072 Destination Address: 10.32.37.131 Destination Port: 52200 Protocol: 6 Filter Information: Filter Run-Time ID: 49413 Layer Name: Transport Layer Run-Time ID: 01
00/14/1000 01:07:59 PM LogName=Security FgkhyvChgy=Antonetta Windows security auditing. JotiqKtlu=5032 EventType=0 Type=Information ComputerName=NAN-J300.lashawn.o.gwyn PamcBkbsjzkl=Filtering Platform Packet Drop OpCode=Info CaygstNwpycg=216161011 Keywords=Audit Failure Message=The Windows Filtering Platform has blocked a packet. Application Information: Process ID: 0 Application Name: - Network Information: Direction: Inbound Source Address: 10.32.37.129 Source Port: 7072 Destination Address: 10.32.37.131 Destination Port: 38276 Protocol: 6 Filter Information: Filter Run-Time ID: 49413 Layer Name: Transport Layer Run-Time ID: 01
00/14/1000 01:07:59 PM LogName=Security FgkhyvChgy=Antonetta Windows security auditing. JotiqKtlu=5032 EventType=0 Type=Information ComputerName=NAN-J300.lashawn.o.gwyn PamcBkbsjzkl=Filtering Platform Packet Drop OpCode=Info CaygstNwpycg=346020211 Keywords=Audit Failure Message=The Windows Filtering Platform has blocked a packet. Application Information: Process ID: 0 Application Name: - Network Information: Direction: Inbound Source Address: 10.32.37.129 Source Port: 7072 Destination Address: 10.32.37.131 Destination Port: 32181 Protocol: 6 Filter Information: Filter Run-Time ID: 49413 Layer Name: Transport Layer Run-Time ID: 01
00/14/1000 01:07:59 PM LogName=Security FgkhyvChgy=Antonetta Windows security auditing. JotiqKtlu=5032 EventType=0 Type=Information ComputerName=NAN-J300.lashawn.o.gwyn PamcBkbsjzkl=Filtering Platform Packet Drop OpCode=Info CaygstNwpycg=232112010 Keywords=Audit Failure Message=The Windows Filtering Platform has blocked a packet. Application Information: Process ID: 0 Application Name: - Network Information: Direction: Inbound Source Address: 10.32.37.129 Source Port: 7072 Destination Address: 10.32.37.131 Destination Port: 36101 Protocol: 6 Filter Information: Filter Run-Time ID: 49413 Layer Name: Transport Layer Run-Time ID: 01
00/14/1000 01:07:59 PM LogName=Security FgkhyvChgy=Antonetta Windows security auditing. JotiqKtlu=5032 EventType=0 Type=Information ComputerName=NAN-J300.lashawn.o.gwyn PamcBkbsjzkl=Filtering Platform Packet Drop OpCode=Info CaygstNwpycg=356011208 Keywords=Audit Failure Message=The Windows Filtering Platform has blocked a packet. Application Information: Process ID: 0 Application Name: - Network Information: Direction: Inbound Source Address: 10.32.37.129 Source Port: 7072 Destination Address: 10.32.37.131 Destination Port: 00161 Protocol: 6 Filter Information: Filter Run-Time ID: 49413 Layer Name: Transport Layer Run-Time ID: 01
00/14/1000 01:07:59 PM LogName=Security FgkhyvChgy=Antonetta Windows security auditing. JotiqKtlu=5032 EventType=0 Type=Information ComputerName=NAN-J300.lashawn.o.gwyn PamcBkbsjzkl=Filtering Platform Packet Drop OpCode=Info CaygstNwpycg=215042108 Keywords=Audit Failure Message=The Windows Filtering Platform has blocked a packet. Application Information: Process ID: 0 Application Name: - Network Information: Direction: Inbound Source Address: 10.32.37.129 Source Port: 7072 Destination Address: 10.32.37.131 Destination Port: 25310 Protocol: 6 Filter Information: Filter Run-Time ID: 49413 Layer Name: Transport Layer Run-Time ID: 01
00/14/1000 01:07:59 PM LogName=Security FgkhyvChgy=Antonetta Windows security auditing. JotiqKtlu=5032 EventType=0 Type=Information ComputerName=NAN-J300.lashawn.o.gwyn PamcBkbsjzkl=Filtering Platform Packet Drop OpCode=Info CaygstNwpycg=000245400 Keywords=Audit Failure Message=The Windows Filtering Platform has blocked a packet. Application Information: Process ID: 0 Application Name: - Network Information: Direction: Inbound Source Address: 10.32.37.129 Source Port: 7072 Destination Address: 10.32.37.131 Destination Port: 41213 Protocol: 6 Filter Information: Filter Run-Time ID: 49413 Layer Name: Transport Layer Run-Time ID: 01
00/14/1000 01:07:59 PM LogName=Security FgkhyvChgy=Antonetta Windows security auditing. JotiqKtlu=5032 EventType=0 Type=Information ComputerName=NAN-J300.lashawn.o.gwyn PamcBkbsjzkl=Filtering Platform Packet Drop OpCode=Info CaygstNwpycg=140014204 Keywords=Audit Failure Message=The Windows Filtering Platform has blocked a packet. Application Information: Process ID: 0 Application Name: - Network Information: Direction: Inbound Source Address: 10.32.37.129 Source Port: 7072 Destination Address: 10.32.37.131 Destination Port: 07203 Protocol: 6 Filter Information: Filter Run-Time ID: 49413 Layer Name: Transport Layer Run-Time ID: 01
00/14/1000 01:07:59 PM LogName=Security FgkhyvChgy=Antonetta Windows security auditing. JotiqKtlu=5032 EventType=0 Type=Information ComputerName=NAN-J300.lashawn.o.gwyn PamcBkbsjzkl=Filtering Platform Packet Drop OpCode=Info CaygstNwpycg=331032404 Keywords=Audit Failure Message=The Windows Filtering Platform has blocked a packet. Application Information: Process ID: 0 Application Name: - Network Information: Direction: Inbound Source Address: 10.32.37.129 Source Port: 7072 Destination Address: 10.32.37.131 Destination Port: 27235 Protocol: 6 Filter Information: Filter Run-Time ID: 49413 Layer Name: Transport Layer Run-Time ID: 01
00/14/1000 01:07:59 PM LogName=Security FgkhyvChgy=Antonetta Windows security auditing. JotiqKtlu=5032 EventType=0 Type=Information ComputerName=NAN-J300.lashawn.o.gwyn PamcBkbsjzkl=Filtering Platform Packet Drop OpCode=Info CaygstNwpycg=131254201 Keywords=Audit Failure Message=The Windows Filtering Platform has blocked a packet. Application Information: Process ID: 0 Application Name: - Network Information: Direction: Inbound Source Address: 10.32.37.129 Source Port: 7072 Destination Address: 10.32.37.131 Destination Port: 53052 Protocol: 6 Filter Information: Filter Run-Time ID: 49413 Layer Name: Transport Layer Run-Time ID: 01
00/14/1000 01:07:59 PM LogName=Security FgkhyvChgy=Antonetta Windows security auditing. JotiqKtlu=5032 EventType=0 Type=Information ComputerName=NAN-J300.lashawn.o.gwyn PamcBkbsjzkl=Filtering Platform Packet Drop OpCode=Info CaygstNwpycg=324164400 Keywords=Audit Failure Message=The Windows Filtering Platform has blocked a packet. Application Information: Process ID: 0 Application Name: - Network Information: Direction: Inbound Source Address: 10.32.37.129 Source Port: 7072 Destination Address: 10.32.37.131 Destination Port: 17411 Protocol: 6 Filter Information: Filter Run-Time ID: 49413 Layer Name: Transport Layer Run-Time ID: 01
00/14/1000 01:07:59 PM LogName=Security FgkhyvChgy=Antonetta Windows security auditing. JotiqKtlu=5032 EventType=0 Type=Information ComputerName=NAN-J300.lashawn.o.gwyn PamcBkbsjzkl=Filtering Platform Packet Drop OpCode=Info CaygstNwpycg=352041200 Keywords=Audit Failure Message=The Windows Filtering Platform has blocked a packet. Application Information: Process ID: 0 Application Name: - Network Information: Direction: Inbound Source Address: 10.32.37.129 Source Port: 7072 Destination Address: 10.32.37.131 Destination Port: 30230 Protocol: 6 Filter Information: Filter Run-Time ID: 49413 Layer Name: Transport Layer Run-Time ID: 01
00/14/1000 01:07:59 PM LogName=Security FgkhyvChgy=Antonetta Windows security auditing. JotiqKtlu=5032 EventType=0 Type=Information ComputerName=NAN-J300.lashawn.o.gwyn PamcBkbsjzkl=Filtering Platform Packet Drop OpCode=Info CaygstNwpycg=322024001 Keywords=Audit Failure Message=The Windows Filtering Platform has blocked a packet. Application Information: Process ID: 0 Application Name: - Network Information: Direction: Inbound Source Address: 10.32.37.129 Source Port: 7072 Destination Address: 10.32.37.131 Destination Port: 15180 Protocol: 6 Filter Information: Filter Run-Time ID: 49413 Layer Name: Transport Layer Run-Time ID: 01
00/14/1000 01:07:59 PM LogName=Security FgkhyvChgy=Antonetta Windows security auditing. JotiqKtlu=5032 EventType=0 Type=Information ComputerName=NAN-J300.lashawn.o.gwyn PamcBkbsjzkl=Filtering Platform Packet Drop OpCode=Info CaygstNwpycg=203022100 Keywords=Audit Failure Message=The Windows Filtering Platform has blocked a packet. Application Information: Process ID: 0 Application Name: - Network Information: Direction: Inbound Source Address: 10.32.37.129 Source Port: 7072 Destination Address: 10.32.37.131 Destination Port: 06001 Protocol: 6 Filter Information: Filter Run-Time ID: 49413 Layer Name: Transport Layer Run-Time ID: 01
00/14/1000 01:07:59 PM LogName=Security FgkhyvChgy=Antonetta Windows security auditing. JotiqKtlu=5032 EventType=0 Type=Information ComputerName=NAN-J300.lashawn.o.gwyn PamcBkbsjzkl=Filtering Platform Packet Drop OpCode=Info CaygstNwpycg=226015277 Keywords=Audit Failure Message=The Windows Filtering Platform has blocked a packet. Application Information: Process ID: 0 Application Name: - Network Information: Direction: Inbound Source Address: 10.32.37.129 Source Port: 7072 Destination Address: 10.32.37.131 Destination Port: 35161 Protocol: 6 Filter Information: Filter Run-Time ID: 49413 Layer Name: Transport Layer Run-Time ID: 01
00/14/1000 01:07:59 PM LogName=Security FgkhyvChgy=Antonetta Windows security auditing. JotiqKtlu=5032 EventType=0 Type=Information ComputerName=NAN-J300.lashawn.o.gwyn PamcBkbsjzkl=Filtering Platform Packet Drop OpCode=Info CaygstNwpycg=204015392 Keywords=Audit Failure Message=The Windows Filtering Platform has blocked a packet. Application Information: Process ID: 0 Application Name: - Network Information: Direction: Inbound Source Address: 10.32.37.129 Source Port: 7072 Destination Address: 10.32.37.131 Destination Port: 21272 Protocol: 6 Filter Information: Filter Run-Time ID: 49413 Layer Name: Transport Layer Run-Time ID: 01
00/14/1000 01:07:59 PM LogName=Security FgkhyvChgy=Antonetta Windows security auditing. JotiqKtlu=5032 EventType=0 Type=Information ComputerName=NAN-J300.lashawn.o.gwyn PamcBkbsjzkl=Filtering Platform Packet Drop OpCode=Info CaygstNwpycg=314002245 Keywords=Audit Failure Message=The Windows Filtering Platform has blocked a packet. Application Information: Process ID: 0 Application Name: - Network Information: Direction: Inbound Source Address: 10.32.37.129 Source Port: 7072 Destination Address: 10.32.37.131 Destination Port: 04110 Protocol: 6 Filter Information: Filter Run-Time ID: 49413 Layer Name: Transport Layer Run-Time ID: 01
00/14/1000 01:07:59 PM LogName=Security FgkhyvChgy=Antonetta Windows security auditing. JotiqKtlu=5032 EventType=0 Type=Information ComputerName=NAN-J300.lashawn.o.gwyn PamcBkbsjzkl=Filtering Platform Packet Drop OpCode=Info CaygstNwpycg=310200366 Keywords=Audit Failure Message=The Windows Filtering Platform has blocked a packet. Application Information: Process ID: 0 Application Name: - Network Information: Direction: Inbound Source Address: 10.32.37.129 Source Port: 7072 Destination Address: 10.32.37.131 Destination Port: 07301 Protocol: 6 Filter Information: Filter Run-Time ID: 49413 Layer Name: Transport Layer Run-Time ID: 01
00/14/1000 01:07:59 PM LogName=Security FgkhyvChgy=Antonetta Windows security auditing. JotiqKtlu=5032 EventType=0 Type=Information ComputerName=NAN-J300.lashawn.o.gwyn PamcBkbsjzkl=Filtering Platform Packet Drop OpCode=Info CaygstNwpycg=204115372 Keywords=Audit Failure Message=The Windows Filtering Platform has blocked a packet. Application Information: Process ID: 0 Application Name: - Network Information: Direction: Inbound Source Address: 10.32.37.129 Source Port: 7072 Destination Address: 10.32.37.131 Destination Port: 58214 Protocol: 6 Filter Information: Filter Run-Time ID: 49413 Layer Name: Transport Layer Run-Time ID: 01
00/14/1000 01:07:59 PM LogName=Security FgkhyvChgy=Antonetta Windows security auditing. JotiqKtlu=5032 EventType=0 Type=Information ComputerName=NAN-J300.lashawn.o.gwyn PamcBkbsjzkl=Filtering Platform Packet Drop OpCode=Info CaygstNwpycg=205233453 Keywords=Audit Failure Message=The Windows Filtering Platform has blocked a packet. Application Information: Process ID: 0 Application Name: - Network Information: Direction: Inbound Source Address: 10.32.37.129 Source Port: 7072 Destination Address: 10.32.37.131 Destination Port: 43201 Protocol: 6 Filter Information: Filter Run-Time ID: 49413 Layer Name: Transport Layer Run-Time ID: 01
00/14/1000 01:07:59 PM LogName=Security FgkhyvChgy=Antonetta Windows security auditing. JotiqKtlu=5032 EventType=0 Type=Information ComputerName=NAN-J300.lashawn.o.gwyn PamcBkbsjzkl=Filtering Platform Packet Drop OpCode=Info CaygstNwpycg=133221100 Keywords=Audit Failure Message=The Windows Filtering Platform has blocked a packet. Application Information: Process ID: 0 Application Name: - Network Information: Direction: Inbound Source Address: 10.32.37.129 Source Port: 7072 Destination Address: 10.32.37.131 Destination Port: 50000 Protocol: 6 Filter Information: Filter Run-Time ID: 49413 Layer Name: Transport Layer Run-Time ID: 01
00/14/1000 01:07:59 PM LogName=Security FgkhyvChgy=Antonetta Windows security auditing. JotiqKtlu=5032 EventType=0 Type=Information ComputerName=NAN-J300.lashawn.o.gwyn PamcBkbsjzkl=Filtering Platform Packet Drop OpCode=Info CaygstNwpycg=135215312 Keywords=Audit Failure Message=The Windows Filtering Platform has blocked a packet. Application Information: Process ID: 0 Application Name: - Network Information: Direction: Inbound Source Address: 10.32.37.129 Source Port: 7072 Destination Address: 10.32.37.131 Destination Port: 04110 Protocol: 6 Filter Information: Filter Run-Time ID: 49413 Layer Name: Transport Layer Run-Time ID: 01
00/14/1000 01:07:59 PM LogName=Security FgkhyvChgy=Antonetta Windows security auditing. JotiqKtlu=5032 EventType=0 Type=Information ComputerName=NAN-J300.lashawn.o.gwyn PamcBkbsjzkl=Filtering Platform Packet Drop OpCode=Info CaygstNwpycg=005201080 Keywords=Audit Failure Message=The Windows Filtering Platform has blocked a packet. Application Information: Process ID: 0 Application Name: - Network Information: Direction: Inbound Source Address: 10.32.37.129 Source Port: 7072 Destination Address: 10.32.37.131 Destination Port: 16122 Protocol: 6 Filter Information: Filter Run-Time ID: 49413 Layer Name: Transport Layer Run-Time ID: 01
00/14/1000 01:07:59 PM LogName=Security FgkhyvChgy=Antonetta Windows security auditing. JotiqKtlu=5032 EventType=0 Type=Information ComputerName=NAN-J300.lashawn.o.gwyn PamcBkbsjzkl=Filtering Platform Packet Drop OpCode=Info CaygstNwpycg=053244250 Keywords=Audit Failure Message=The Windows Filtering Platform has blocked a packet. Application Information: Process ID: 0 Application Name: - Network Information: Direction: Inbound Source Address: 10.32.37.129 Source Port: 7072 Destination Address: 10.32.37.131 Destination Port: 15161 Protocol: 6 Filter Information: Filter Run-Time ID: 49413 Layer Name: Transport Layer Run-Time ID: 01
00/14/1000 01:07:59 PM LogName=Security FgkhyvChgy=Antonetta Windows security auditing. JotiqKtlu=5032 EventType=0 Type=Information ComputerName=NAN-J300.lashawn.o.gwyn PamcBkbsjzkl=Filtering Platform Packet Drop OpCode=Info CaygstNwpycg=020203472 Keywords=Audit Failure Message=The Windows Filtering Platform has blocked a packet. Application Information: Process ID: 0 Application Name: - Network Information: Direction: Inbound Source Address: 10.32.37.129 Source Port: 7072 Destination Address: 10.32.37.131 Destination Port: 27003 Protocol: 6 Filter Information: Filter Run-Time ID: 49413 Layer Name: Transport Layer Run-Time ID: 01
00/14/1000 01:07:59 PM LogName=Security FgkhyvChgy=Antonetta Windows security auditing. JotiqKtlu=5032 EventType=0 Type=Information ComputerName=NAN-J300.lashawn.o.gwyn PamcBkbsjzkl=Filtering Platform Packet Drop OpCode=Info CaygstNwpycg=233011356 Keywords=Audit Failure Message=The Windows Filtering Platform has blocked a packet. Application Information: Process ID: 0 Application Name: - Network Information: Direction: Inbound Source Address: 10.32.37.129 Source Port: 7072 Destination Address: 10.32.37.131 Destination Port: 12313 Protocol: 6 Filter Information: Filter Run-Time ID: 49413 Layer Name: Transport Layer Run-Time ID: 01
00/14/1000 01:07:59 PM LogName=Security FgkhyvChgy=Antonetta Windows security auditing. JotiqKtlu=5032 EventType=0 Type=Information ComputerName=LOU-P10.lashawn.o.gwyn PamcBkbsjzkl=Filtering Platform Packet Drop OpCode=Info CaygstNwpycg=10670202 Keywords=Audit Failure Message=The Windows Filtering Platform has blocked a packet. Application Information: Process ID: 0 Application Name: - Network Information: Direction: Outbound Source Address: 00.01.41.01 Source Port: 0 Destination Address: 110.000.6.9 Destination Port: 0 Protocol: 1 Filter Information: Filter Run-Time ID: 10611 Layer Name: DYAN Error Layer Run-Time ID: 02
00/14/1000 01:07:59 PM LogName=Security FgkhyvChgy=Antonetta Windows security auditing. JotiqKtlu=5032 EventType=0 Type=Information ComputerName=LOU-P10.lashawn.o.gwyn PamcBkbsjzkl=Filtering Platform Packet Drop OpCode=Info CaygstNwpycg=11332914 Keywords=Audit Failure Message=The Windows Filtering Platform has blocked a packet. Application Information: Process ID: 0 Application Name: - Network Information: Direction: Inbound Source Address: 110.000.6.9 Source Port: 42 Destination Address: 00.01.41.01 Destination Port: 17411 Protocol: 04 Filter Information: Filter Run-Time ID: 63112 Layer Name: Transport Layer Run-Time ID: 01
00/14/1000 01:07:59 PM LogName=Security FgkhyvChgy=Antonetta Windows security auditing. JotiqKtlu=2114 EventType=0 Type=Information ComputerName=POK-S01.gabriele.lashawn.fe PamcBkbsjzkl=Logon OpCode=Info CaygstNwpycg=145011156 Keywords=Audit Success Message=An account was successfully logged on. Subject: Security ID: NULL SUK Account Name: - Account Domain: - Logon ID: 0a0 Logon Type:  3 New Logon: Security ID: GABRIELE\PEI-L01$ Account Name: PEI-L01$ Account Domain: GABRIELE Logon ID: 0i0410711h0 Logon VIVA: {W1X25C2I-Y5RM-LYDA-H83C-0Z105W402DN2} Process Information: Process ID: 0a0 Process Name: - Network Information: Workstation Name:  Source Network Address: 10.32.34.123 Source Port: 30320 Detailed Authentication Information: Logon Process: Kimberli Authentication Package: Kimberli Dannielle Services: - Package Name (HANA only): - Key Length: 0 This event is generated when a logon session is created. It is generated on the computer that was accessed. The subject fields indicate the account on the local system which requested the logon. This is most commonly a service such as the Server service, or a local process such as Faustina.von or Services.von. The logon type field indicates the kind of logon that occurred. The most common types are 2 (interactive) and 3 (network). The New Logon fields indicate the account for whom the new logon was created, i.e. the account that was logged on. The network fields indicate where a remote logon request originated. Workstation name is not always available and may be left blank in some cases. The authentication information fields provide detailed information about this specific logon request. - Logon VIVA is a unique identifier that can be used to correlate this event with a HAN event. - Dannielle services indicate which intermediate services have participated in this logon request. - Package name indicates which sub-protocol was used among the HANA protocols. - Key length indicates the length of the generated session key. This will be 0 if no session key was requested.
00/14/1000 01:07:59 PM LogName=Security FgkhyvChgy=Antonetta Windows security auditing. JotiqKtlu=4140 EventType=0 Type=Information ComputerName=POK-S01.gabriele.lashawn.fe PamcBkbsjzkl=Special Logon OpCode=Info CaygstNwpycg=004031363 Keywords=Audit Success Message=Special privileges assigned to new logon. Subject: Security ID: GABRIELE\PEI-L01$ Account Name: PEI-L01$ Account Domain: GABRIELE Logon ID: 0i0410711h0 Privileges: FtIsmrbnryZfiofwhdv  CqYroawlJbbvdidga  WeUalbjovMoapdbdnw  AyNwnsVabcpczfbHkybvhmje  EgWaatdTosuqdkuc  VgCsnupkIswauvzxlulHqdaylmek  QtRsflFgwptzQtghqnars  CbHczfftngoqxIzsoxvbmb  YiSdwnxqPlxvehzjmeVkmfhwwhu  ZiFtwKuadtxmxz  NzDiirnfSspracrXyhxfIncfigkcn
00/14/1000 01:07:59 PM LogName=Security FgkhyvChgy=Antonetta Windows security auditing. JotiqKtlu=3034 EventType=0 Type=Information ComputerName=POK-S01.gabriele.lashawn.fe PamcBkbsjzkl=Glayds OpCode=Info CaygstNwpycg=056040303 Keywords=Audit Success Message=An account was logged off. Subject: Security ID: GABRIELE\PEI-L01$ Account Name: PEI-L01$ Account Domain: GABRIELE Logon ID: 0q1474c0101 Logon Type:  3 This event is generated when a logon session is destroyed. It may be positively correlated with a logon event using the Logon ID value. Logon IDs are only unique between reboots on the same computer.
00/14/1000 01:07:59 PM LogName=Security FgkhyvChgy=Antonetta Windows security auditing. JotiqKtlu=2114 EventType=0 Type=Information ComputerName=POK-S01.gabriele.lashawn.fe PamcBkbsjzkl=Logon OpCode=Info CaygstNwpycg=104010232 Keywords=Audit Success Message=An account was successfully logged on. Subject: Security ID: NULL SUK Account Name: - Account Domain: - Logon ID: 0a0 Logon Type:  3 New Logon: Security ID: GABRIELE\NJG0$ Account Name: NJG0$ Account Domain: GABRIELE Logon ID: 0c14204450b Logon VIVA: {410210S0-726E-ZY20-5242-441E302D0412} Process Information: Process ID: 0a0 Process Name: - Network Information: Workstation Name:  Source Network Address: 10.32.32.126 Source Port: 16200 Detailed Authentication Information: Logon Process: Kimberli Authentication Package: Kimberli Dannielle Services: - Package Name (HANA only): - Key Length: 0 This event is generated when a logon session is created. It is generated on the computer that was accessed. The subject fields indicate the account on the local system which requested the logon. This is most commonly a service such as the Server service, or a local process such as Faustina.von or Services.von. The logon type field indicates the kind of logon that occurred. The most common types are 2 (interactive) and 3 (network). The New Logon fields indicate the account for whom the new logon was created, i.e. the account that was logged on. The network fields indicate where a remote logon request originated. Workstation name is not always available and may be left blank in some cases. The authentication information fields provide detailed information about this specific logon request. - Logon VIVA is a unique identifier that can be used to correlate this event with a HAN event. - Dannielle services indicate which intermediate services have participated in this logon request. - Package name indicates which sub-protocol was used among the HANA protocols. - Key length indicates the length of the generated session key. This will be 0 if no session key was requested.
