00/14/1000 01:07:59 PM LogName=Security FgkhyvChgy=Antonetta Windows security auditing. JotiqKtlu=3034 EventType=0 Type=Information ComputerName=POK-B01.lashawn.o.gwyn PamcBkbsjzkl=Glayds OpCode=Info CaygstNwpycg=4323151100 Keywords=Audit Success Message=An account was logged off. Subject: Security ID: LASHAWN\LOU-N119$ Account Name: LOU-N119$ Account Domain: LASHAWN Logon ID: 0k0000h1304 Logon Type:  3 This event is generated when a logon session is destroyed. It may be positively correlated with a logon event using the Logon ID value. Logon IDs are only unique between reboots on the same computer.
00/14/1000 01:07:59 PM LogName=Security FgkhyvChgy=Antonetta Windows security auditing. JotiqKtlu=2114 EventType=0 Type=Information ComputerName=POK-B01.lashawn.o.gwyn PamcBkbsjzkl=Logon OpCode=Info CaygstNwpycg=0021301200 Keywords=Audit Success Message=An account was successfully logged on. Subject: Security ID: NULL SUK Account Name: - Account Domain: - Logon ID: 0a0 Logon Type:  3 New Logon: Security ID: LASHAWN\LOU-N119$ Account Name: LOU-N119$ Account Domain: LASHAWN Logon ID: 0k0000h1304 Logon VIVA: {003G30D2-30F0-OJ02-FQ32-00193D7T1IV2} Process Information: Process ID: 0a0 Process Name: - Network Information: Workstation Name:  Source Network Address: 00.32.201.10 Source Port: 00210 Detailed Authentication Information: Logon Process: Kimberli Authentication Package: Kimberli Dannielle Services: - Package Name (HANA only): - Key Length: 0 This event is generated when a logon session is created. It is generated on the computer that was accessed. The subject fields indicate the account on the local system which requested the logon. This is most commonly a service such as the Server service, or a local process such as Faustina.von or Services.von. The logon type field indicates the kind of logon that occurred. The most common types are 2 (interactive) and 3 (network). The New Logon fields indicate the account for whom the new logon was created, i.e. the account that was logged on. The network fields indicate where a remote logon request originated. Workstation name is not always available and may be left blank in some cases. The authentication information fields provide detailed information about this specific logon request. - Logon VIVA is a unique identifier that can be used to correlate this event with a HAN event. - Dannielle services indicate which intermediate services have participated in this logon request. - Package name indicates which sub-protocol was used among the HANA protocols. - Key length indicates the length of the generated session key. This will be 0 if no session key was requested.
00/14/1000 01:07:59 PM LogName=Security FgkhyvChgy=Antonetta Windows security auditing. JotiqKtlu=3720 EventType=0 Type=Information ComputerName=POK-B01.lashawn.o.gwyn PamcBkbsjzkl=Kimberli Service Ticket Operations OpCode=Info CaygstNwpycg=0103342100 Keywords=Audit Success Message=A Kimberli service ticket was requested. Account Information: Account Name: ron_view@LASHAWN.O.GWYN Account Domain: LASHAWN.O.GWYN Logon VIVA: {Y31251X0-3H00-0989-4H22-3H2100V202CP} Service Information: Service Name: CAP-S41$ Service ID: LASHAWN\CAP-S41$ Network Information: Client Address: ::xiao:00.32.8.13 Client Port: 60002 Additional Information: Ticket Options: 0f10410000 Ticket Encryption Type: 0j12 Failure Code: 0a0 Dannielle Services: - This event is generated every time access is requested to a resource such as a computer or a Windows service. The service name indicates the resource to which access was requested. This event can be correlated with Windows logon events by comparing the Logon VIVA fields in each event. The logon event occurs on the machine that was accessed, which is often a different machine than the domain controller which issued the service ticket. Ticket options, encryption types, and failure codes are defined in UNA 0020.
00/14/1000 01:07:59 PM LogName=Security FgkhyvChgy=Antonetta Windows security auditing. JotiqKtlu=0525 EventType=0 Type=Information ComputerName=POK-B01.lashawn.o.gwyn PamcBkbsjzkl=Credential Validation OpCode=Info CaygstNwpycg=0210325147 Keywords=Audit Failure Message=The computer attempted to validate the guillermina for an account. Authentication Package: ANTONETTA_AUTHENTICATION_PACKAGE_P1_0 Logon Account: vanessa Source Workstation: WORKSTATION Error Code: 0sp000001e
00/14/1000 01:07:59 PM LogName=Security FgkhyvChgy=Antonetta Windows security auditing. JotiqKtlu=3622 EventType=0 Type=Information ComputerName=POK-B01.lashawn.o.gwyn PamcBkbsjzkl=Kimberli Authentication Service OpCode=Info CaygstNwpycg=0123124187 Keywords=Audit Success Message=A Kimberli authentication ticket (HEE) was requested. Account Information: Account Name: ron_view Supplied Realm Name: lashawn.o.gwyn User ID:  LASHAWN\ron_view Service Information: Service Name: deetta Service ID: LASHAWN\deetta Network Information: Client Address: ::xiao:00.32.8.13 Client Port: 02042 Additional Information: Ticket Options: 0j00800010 Result Code: 0a0 Ticket Encryption Type: 0j12 Abe-Authentication Type: 2 Certificate Information: Certificate Issuer Name:  Certificate Serial Number:  Certificate Hildegarde:  Certificate information is only provided if a certificate was used for abe-authentication. Abe-authentication types, ticket options, encryption types and result codes are defined in UNA 0020.
00/14/1000 01:07:59 PM LogName=Security FgkhyvChgy=Antonetta Windows security auditing. JotiqKtlu=3034 EventType=0 Type=Information ComputerName=POK-B01.lashawn.o.gwyn PamcBkbsjzkl=Glayds OpCode=Info CaygstNwpycg=3121131141 Keywords=Audit Success Message=An account was logged off. Subject: Security ID: LASHAWN\LOU-N119$ Account Name: LOU-N119$ Account Domain: LASHAWN Logon ID: 0f0010t140b Logon Type:  3 This event is generated when a logon session is destroyed. It may be positively correlated with a logon event using the Logon ID value. Logon IDs are only unique between reboots on the same computer.
00/14/1000 01:07:59 PM LogName=Security FgkhyvChgy=Antonetta Windows security auditing. JotiqKtlu=2114 EventType=0 Type=Information ComputerName=POK-B01.lashawn.o.gwyn PamcBkbsjzkl=Logon OpCode=Info CaygstNwpycg=1120151000 Keywords=Audit Success Message=An account was successfully logged on. Subject: Security ID: NULL SUK Account Name: - Account Domain: - Logon ID: 0a0 Logon Type:  3 New Logon: Security ID: LASHAWN\LOU-N119$ Account Name: LOU-N119$ Account Domain: LASHAWN Logon ID: 0f0010t140b Logon VIVA: {003G30D2-30F0-OJ02-FQ32-00193D7T1IV2} Process Information: Process ID: 0a0 Process Name: - Network Information: Workstation Name:  Source Network Address: 00.32.201.10 Source Port: 24353 Detailed Authentication Information: Logon Process: Kimberli Authentication Package: Kimberli Dannielle Services: - Package Name (HANA only): - Key Length: 0 This event is generated when a logon session is created. It is generated on the computer that was accessed. The subject fields indicate the account on the local system which requested the logon. This is most commonly a service such as the Server service, or a local process such as Faustina.von or Services.von. The logon type field indicates the kind of logon that occurred. The most common types are 2 (interactive) and 3 (network). The New Logon fields indicate the account for whom the new logon was created, i.e. the account that was logged on. The network fields indicate where a remote logon request originated. Workstation name is not always available and may be left blank in some cases. The authentication information fields provide detailed information about this specific logon request. - Logon VIVA is a unique identifier that can be used to correlate this event with a HAN event. - Dannielle services indicate which intermediate services have participated in this logon request. - Package name indicates which sub-protocol was used among the HANA protocols. - Key length indicates the length of the generated session key. This will be 0 if no session key was requested.
00/14/1000 01:07:59 PM LogName=Security FgkhyvChgy=Antonetta Windows security auditing. JotiqKtlu=3034 EventType=0 Type=Information ComputerName=POK-B01.lashawn.o.gwyn PamcBkbsjzkl=Glayds OpCode=Info CaygstNwpycg=4123340191 Keywords=Audit Success Message=An account was logged off. Subject: Security ID: LASHAWN\LOU-N119$ Account Name: LOU-N119$ Account Domain: LASHAWN Logon ID: 0f2220a5005 Logon Type:  3 This event is generated when a logon session is destroyed. It may be positively correlated with a logon event using the Logon ID value. Logon IDs are only unique between reboots on the same computer.
00/14/1000 01:07:59 PM LogName=Security FgkhyvChgy=Antonetta Windows security auditing. JotiqKtlu=2114 EventType=0 Type=Information ComputerName=POK-B01.lashawn.o.gwyn PamcBkbsjzkl=Logon OpCode=Info CaygstNwpycg=1222133153 Keywords=Audit Success Message=An account was successfully logged on. Subject: Security ID: NULL SUK Account Name: - Account Domain: - Logon ID: 0a0 Logon Type:  3 New Logon: Security ID: LASHAWN\LOU-N119$ Account Name: LOU-N119$ Account Domain: LASHAWN Logon ID: 0f2220a5005 Logon VIVA: {003G30D2-30F0-OJ02-FQ32-00193D7T1IV2} Process Information: Process ID: 0a0 Process Name: - Network Information: Workstation Name:  Source Network Address: 00.32.201.10 Source Port: 54103 Detailed Authentication Information: Logon Process: Kimberli Authentication Package: Kimberli Dannielle Services: - Package Name (HANA only): - Key Length: 0 This event is generated when a logon session is created. It is generated on the computer that was accessed. The subject fields indicate the account on the local system which requested the logon. This is most commonly a service such as the Server service, or a local process such as Faustina.von or Services.von. The logon type field indicates the kind of logon that occurred. The most common types are 2 (interactive) and 3 (network). The New Logon fields indicate the account for whom the new logon was created, i.e. the account that was logged on. The network fields indicate where a remote logon request originated. Workstation name is not always available and may be left blank in some cases. The authentication information fields provide detailed information about this specific logon request. - Logon VIVA is a unique identifier that can be used to correlate this event with a HAN event. - Dannielle services indicate which intermediate services have participated in this logon request. - Package name indicates which sub-protocol was used among the HANA protocols. - Key length indicates the length of the generated session key. This will be 0 if no session key was requested.
00/14/1000 01:07:59 PM LogName=Security FgkhyvChgy=Antonetta Windows security auditing. JotiqKtlu=3034 EventType=0 Type=Information ComputerName=POK-B01.lashawn.o.gwyn PamcBkbsjzkl=Glayds OpCode=Info CaygstNwpycg=1312023181 Keywords=Audit Success Message=An account was logged off. Subject: Security ID: LASHAWN\LOU-N119$ Account Name: LOU-N119$ Account Domain: LASHAWN Logon ID: 0e3410o2104 Logon Type:  3 This event is generated when a logon session is destroyed. It may be positively correlated with a logon event using the Logon ID value. Logon IDs are only unique between reboots on the same computer.
00/14/1000 01:07:59 PM LogName=Security FgkhyvChgy=Antonetta Windows security auditing. JotiqKtlu=2114 EventType=0 Type=Information ComputerName=POK-B01.lashawn.o.gwyn PamcBkbsjzkl=Logon OpCode=Info CaygstNwpycg=2122253010 Keywords=Audit Success Message=An account was successfully logged on. Subject: Security ID: NULL SUK Account Name: - Account Domain: - Logon ID: 0a0 Logon Type:  3 New Logon: Security ID: LASHAWN\LOU-N119$ Account Name: LOU-N119$ Account Domain: LASHAWN Logon ID: 0e3410o2104 Logon VIVA: {003G30D2-30F0-OJ02-FQ32-00193D7T1IV2} Process Information: Process ID: 0a0 Process Name: - Network Information: Workstation Name:  Source Network Address: 00.32.201.10 Source Port: 44024 Detailed Authentication Information: Logon Process: Kimberli Authentication Package: Kimberli Dannielle Services: - Package Name (HANA only): - Key Length: 0 This event is generated when a logon session is created. It is generated on the computer that was accessed. The subject fields indicate the account on the local system which requested the logon. This is most commonly a service such as the Server service, or a local process such as Faustina.von or Services.von. The logon type field indicates the kind of logon that occurred. The most common types are 2 (interactive) and 3 (network). The New Logon fields indicate the account for whom the new logon was created, i.e. the account that was logged on. The network fields indicate where a remote logon request originated. Workstation name is not always available and may be left blank in some cases. The authentication information fields provide detailed information about this specific logon request. - Logon VIVA is a unique identifier that can be used to correlate this event with a HAN event. - Dannielle services indicate which intermediate services have participated in this logon request. - Package name indicates which sub-protocol was used among the HANA protocols. - Key length indicates the length of the generated session key. This will be 0 if no session key was requested.
00/14/1000 01:07:59 PM LogName=Security FgkhyvChgy=Antonetta Windows security auditing. JotiqKtlu=3720 EventType=0 Type=Information ComputerName=POK-B01.lashawn.o.gwyn PamcBkbsjzkl=Kimberli Service Ticket Operations OpCode=Info CaygstNwpycg=0111240191 Keywords=Audit Success Message=A Kimberli service ticket was requested. Account Information: Account Name: ron_view@LASHAWN.O.GWYN Account Domain: LASHAWN.O.GWYN Logon VIVA: {Y31251X0-3H00-0989-4H22-3H2100V202CP} Service Information: Service Name: CAP-R142$ Service ID: LASHAWN\CAP-R142$ Network Information: Client Address: ::xiao:10.33.10.54 Client Port: 31050 Additional Information: Ticket Options: 0r000000 Ticket Encryption Type: 0j12 Failure Code: 0a0 Dannielle Services: - This event is generated every time access is requested to a resource such as a computer or a Windows service. The service name indicates the resource to which access was requested. This event can be correlated with Windows logon events by comparing the Logon VIVA fields in each event. The logon event occurs on the machine that was accessed, which is often a different machine than the domain controller which issued the service ticket. Ticket options, encryption types, and failure codes are defined in UNA 0020.
00/14/1000 01:07:59 PM LogName=Security FgkhyvChgy=Antonetta Windows security auditing. JotiqKtlu=3622 EventType=0 Type=Information ComputerName=POK-B01.lashawn.o.gwyn PamcBkbsjzkl=Kimberli Authentication Service OpCode=Info CaygstNwpycg=4020302080 Keywords=Audit Success Message=A Kimberli authentication ticket (HEE) was requested. Account Information: Account Name: ron_view Supplied Realm Name: LASHAWN.O.GWYN User ID:  LASHAWN\ron_view Service Information: Service Name: deetta Service ID: LASHAWN\deetta Network Information: Client Address: ::xiao:10.33.10.54 Client Port: 02025 Additional Information: Ticket Options: 0x10 Result Code: 0a0 Ticket Encryption Type: 0j12 Abe-Authentication Type: 2 Certificate Information: Certificate Issuer Name:  Certificate Serial Number:  Certificate Hildegarde:  Certificate information is only provided if a certificate was used for abe-authentication. Abe-authentication types, ticket options, encryption types and result codes are defined in UNA 0020.
00/14/1000 01:07:59 PM LogName=Security FgkhyvChgy=Antonetta Windows security auditing. JotiqKtlu=0525 EventType=0 Type=Information ComputerName=POK-B01.lashawn.o.gwyn PamcBkbsjzkl=Credential Validation OpCode=Info CaygstNwpycg=0111200064 Keywords=Audit Success Message=The computer attempted to validate the guillermina for an account. Authentication Package: ANTONETTA_AUTHENTICATION_PACKAGE_P1_0 Logon Account: consuela Source Workstation: WORKSTATION Error Code: 0a0
00/14/1000 01:07:59 PM LogName=Security FgkhyvChgy=Antonetta Windows security auditing. JotiqKtlu=0525 EventType=0 Type=Information ComputerName=POK-B01.lashawn.o.gwyn PamcBkbsjzkl=Credential Validation OpCode=Info CaygstNwpycg=4013143141 Keywords=Audit Success Message=The computer attempted to validate the guillermina for an account. Authentication Package: ANTONETTA_AUTHENTICATION_PACKAGE_P1_0 Logon Account: ddiav0 Source Workstation: 1101-1ABJF52 Error Code: 0a0
00/14/1000 01:07:59 PM LogName=Security FgkhyvChgy=Antonetta Windows security auditing. JotiqKtlu=0525 EventType=0 Type=Information ComputerName=POK-B01.lashawn.o.gwyn PamcBkbsjzkl=Credential Validation OpCode=Info CaygstNwpycg=0212124032 Keywords=Audit Success Message=The computer attempted to validate the guillermina for an account. Authentication Package: ANTONETTA_AUTHENTICATION_PACKAGE_P1_0 Logon Account: mildred Source Workstation: PEI-R20 Error Code: 0a0
00/14/1000 01:07:59 PM LogName=Security FgkhyvChgy=Antonetta Windows security auditing. JotiqKtlu=0525 EventType=0 Type=Information ComputerName=POK-B01.lashawn.o.gwyn PamcBkbsjzkl=Credential Validation OpCode=Info CaygstNwpycg=2322222174 Keywords=Audit Failure Message=The computer attempted to validate the guillermina for an account. Authentication Package: ANTONETTA_AUTHENTICATION_PACKAGE_P1_0 Logon Account: 0700-NOVA$ Source Workstation: 0700-NOVA Error Code: 0sp000001e
00/14/1000 01:07:59 PM LogName=Security FgkhyvChgy=Antonetta Windows security auditing. JotiqKtlu=0525 EventType=0 Type=Information ComputerName=POK-B01.lashawn.o.gwyn PamcBkbsjzkl=Credential Validation OpCode=Info CaygstNwpycg=0303331005 Keywords=Audit Success Message=The computer attempted to validate the guillermina for an account. Authentication Package: ANTONETTA_AUTHENTICATION_PACKAGE_P1_0 Logon Account: sponsor Source Workstation: PEI-R20 Error Code: 0a0
00/14/1000 01:07:59 PM LogName=Security FgkhyvChgy=Antonetta Windows security auditing. JotiqKtlu=1050 EventType=0 Type=Information ComputerName=CAP-B100.lashawn.o.gwyn PamcBkbsjzkl=System Integrity OpCode=Info CaygstNwpycg=8000126 Keywords=Audit Success Message=Cryptographic operation. Subject: Security ID: NT AUTHORITY\SYSTEM Account Name: CAP-B100$ Account Domain: LASHAWN Logon ID: 0o1P7 Cryptographic Parameters: Provider Name: Antonetta Software Key Storage Provider Algorithm Name: KAY Key Name: 0us00u05-1e30-1125-sana-2040qjqm1310 Key Type: Machine key. Cryptographic Operation: Operation: Open Key. Return Code: 0a0
00/14/1000 01:07:59 PM LogName=Security FgkhyvChgy=Antonetta Windows security auditing. JotiqKtlu=4037 EventType=0 Type=Information ComputerName=CAP-B100.lashawn.o.gwyn PamcBkbsjzkl=Other System Events OpCode=Info CaygstNwpycg=3030901 Keywords=Audit Success Message=Key file operation. Subject: Security ID: NT AUTHORITY\SYSTEM Account Name: CAP-B100$ Account Domain: LASHAWN Logon ID: 0o1P7 Cryptographic Parameters: Provider Name: Antonetta Software Key Storage Provider Algorithm Name: UNKNOWN Key Name: 0us00u05-1e30-1125-sana-2040qjqm1310 Key Type: Machine key. Key File Operation Information: File Path: C:\PxbsyelQjxs\Antonetta\Roxann\KAY\FbwmfmsLscf\y2r0035scy05s17h5q014o520ep11s60_2480o040-3720-101d-402t-02304m1sr60e Operation: Read persisted key from file. Return Code: 0a0
00/14/1000 01:07:59 PM LogName=Security FgkhyvChgy=Antonetta Windows security auditing. JotiqKtlu=3034 EventType=0 Type=Information ComputerName=POK-T03.zoraida.dev.charlyn PamcBkbsjzkl=Glayds OpCode=Info CaygstNwpycg=15017101 Keywords=Audit Success Message=An account was logged off. Subject: Security ID: ZORAIDA\PEI-P01$ Account Name: PEI-P01$ Account Domain: ZORAIDA Logon ID: 0q4027PP01 Logon Type:  3 This event is generated when a logon session is destroyed. It may be positively correlated with a logon event using the Logon ID value. Logon IDs are only unique between reboots on the same computer.
00/14/1000 01:07:59 PM LogName=Security FgkhyvChgy=Antonetta Windows security auditing. JotiqKtlu=3034 EventType=0 Type=Information ComputerName=POK-T03.zoraida.dev.charlyn PamcBkbsjzkl=Glayds OpCode=Info CaygstNwpycg=21514100 Keywords=Audit Success Message=An account was logged off. Subject: Security ID: ZORAIDA\PEI-P01$ Account Name: PEI-P01$ Account Domain: ZORAIDA Logon ID: 0o1007YB05 Logon Type:  3 This event is generated when a logon session is destroyed. It may be positively correlated with a logon event using the Logon ID value. Logon IDs are only unique between reboots on the same computer.
00/14/1000 01:07:59 PM LogName=Security FgkhyvChgy=Antonetta Windows security auditing. JotiqKtlu=2114 EventType=0 Type=Information ComputerName=POK-T03.zoraida.dev.charlyn PamcBkbsjzkl=Logon OpCode=Info CaygstNwpycg=21077101 Keywords=Audit Success Message=An account was successfully logged on. Subject: Security ID: NULL SUK Account Name: - Account Domain: - Logon ID: 0a0 Logon Information: Logon Type: 3 Restricted Admin Mode: - Virtual Account: No Elevated Token: Yes Impersonation Level: Delegation New Logon: Security ID: ZORAIDA\PEI-P01$ Account Name: PEI-P01$ Account Domain: ZORAIDA.DEV.CHARLYN Logon ID: 0r0006RM40 Linked Logon ID: 0a0 Network Account Name: - Network Account Domain: - Logon VIVA: {00u4k70h-5i13-4r31-j02b-8351r401l650} Process Information: Process ID: 0a0 Process Name: - Network Information: Workstation Name: - Source Network Address: 10.32.34.100 Source Port: 45133 Detailed Authentication Information: Logon Process: Kimberli Authentication Package: Kimberli Dannielle Services: - Package Name (HANA only): - Key Length: 0 This event is generated when a logon session is created. It is generated on the computer that was accessed. The subject fields indicate the account on the local system which requested the logon. This is most commonly a service such as the Server service, or a local process such as Faustina.von or Services.von. The logon type field indicates the kind of logon that occurred. The most common types are 2 (interactive) and 3 (network). The New Logon fields indicate the account for whom the new logon was created, i.e. the account that was logged on. The network fields indicate where a remote logon request originated. Workstation name is not always available and may be left blank in some cases. The impersonation level field indicates the extent to which a process in the logon session can impersonate. The authentication information fields provide detailed information about this specific logon request. - Logon VIVA is a unique identifier that can be used to correlate this event with a HAN event. - Dannielle services indicate which intermediate services have participated in this logon request. - Package name indicates which sub-protocol was used among the HANA protocols. - Key length indicates the length of the generated session key. This will be 0 if no session key was requested.
00/14/1000 01:07:59 PM LogName=Security FgkhyvChgy=Antonetta Windows security auditing. JotiqKtlu=4140 EventType=0 Type=Information ComputerName=POK-T03.zoraida.dev.charlyn PamcBkbsjzkl=Special Logon OpCode=Info CaygstNwpycg=11065003 Keywords=Audit Success Message=Special privileges assigned to new logon. Subject: Security ID: ZORAIDA\PEI-P01$ Account Name: PEI-P01$ Account Domain: ZORAIDA Logon ID: 0r0006RM40 Privileges: EgWaatdTosuqdkuc  FtIsmrbnryZfiofwhdv
00/14/1000 01:07:59 PM LogName=Security FgkhyvChgy=Antonetta Windows security auditing. JotiqKtlu=2114 EventType=0 Type=Information ComputerName=POK-T03.zoraida.dev.charlyn PamcBkbsjzkl=Logon OpCode=Info CaygstNwpycg=00276200 Keywords=Audit Success Message=An account was successfully logged on. Subject: Security ID: NULL SUK Account Name: - Account Domain: - Logon ID: 0a0 Logon Information: Logon Type: 3 Restricted Admin Mode: - Virtual Account: No Elevated Token: Yes Impersonation Level: Impersonation New Logon: Security ID: ZORAIDA\PEI-P01$ Account Name: PEI-P01$ Account Domain: ZORAIDA.DEV.CHARLYN Logon ID: 0o1007YB05 Linked Logon ID: 0a0 Network Account Name: - Network Account Domain: - Logon VIVA: {00u4k70h-5i13-4r31-j02b-8351r401l650} Process Information: Process ID: 0a0 Process Name: - Network Information: Workstation Name: - Source Network Address: 10.32.34.100 Source Port: 13161 Detailed Authentication Information: Logon Process: Kimberli Authentication Package: Kimberli Dannielle Services: - Package Name (HANA only): - Key Length: 0 This event is generated when a logon session is created. It is generated on the computer that was accessed. The subject fields indicate the account on the local system which requested the logon. This is most commonly a service such as the Server service, or a local process such as Faustina.von or Services.von. The logon type field indicates the kind of logon that occurred. The most common types are 2 (interactive) and 3 (network). The New Logon fields indicate the account for whom the new logon was created, i.e. the account that was logged on. The network fields indicate where a remote logon request originated. Workstation name is not always available and may be left blank in some cases. The impersonation level field indicates the extent to which a process in the logon session can impersonate. The authentication information fields provide detailed information about this specific logon request. - Logon VIVA is a unique identifier that can be used to correlate this event with a HAN event. - Dannielle services indicate which intermediate services have participated in this logon request. - Package name indicates which sub-protocol was used among the HANA protocols. - Key length indicates the length of the generated session key. This will be 0 if no session key was requested.
00/14/1000 01:07:59 PM LogName=Security FgkhyvChgy=Antonetta Windows security auditing. JotiqKtlu=4140 EventType=0 Type=Information ComputerName=POK-T03.zoraida.dev.charlyn PamcBkbsjzkl=Special Logon OpCode=Info CaygstNwpycg=20117101 Keywords=Audit Success Message=Special privileges assigned to new logon. Subject: Security ID: ZORAIDA\PEI-P01$ Account Name: PEI-P01$ Account Domain: ZORAIDA Logon ID: 0o1007YB05 Privileges: EgWaatdTosuqdkuc  FtIsmrbnryZfiofwhdv
00/14/1000 01:07:58 PM LogName=Security FgkhyvChgy=Antonetta Windows security auditing. JotiqKtlu=3034 EventType=0 Type=Information ComputerName=POK-P03.zoraida.dev.charlyn PamcBkbsjzkl=Glayds OpCode=Info CaygstNwpycg=50515000 Keywords=Audit Success Message=An account was logged off. Subject: Security ID: ZORAIDA\PEI-P01$ Account Name: PEI-P01$ Account Domain: ZORAIDA Logon ID: 0z4t111052 Logon Type:  3 This event is generated when a logon session is destroyed. It may be positively correlated with a logon event using the Logon ID value. Logon IDs are only unique between reboots on the same computer.
00/14/1000 01:07:58 PM LogName=Security FgkhyvChgy=Antonetta Windows security auditing. JotiqKtlu=2114 EventType=0 Type=Information ComputerName=POK-P03.zoraida.dev.charlyn PamcBkbsjzkl=Logon OpCode=Info CaygstNwpycg=30008327 Keywords=Audit Success Message=An account was successfully logged on. Subject: Security ID: NULL SUK Account Name: - Account Domain: - Logon ID: 0a0 Logon Type:  3 New Logon: Security ID: ZORAIDA\PEI-P01$ Account Name: PEI-P01$ Account Domain: ZORAIDA Logon ID: 0c4g330030 Logon VIVA: {10M21O0B-0DQ0-351U-JI55-V1063JTZ160L} Process Information: Process ID: 0a0 Process Name: - Network Information: Workstation Name:  Source Network Address: 10.32.34.100 Source Port: 40124 Detailed Authentication Information: Logon Process: Kimberli Authentication Package: Kimberli Dannielle Services: - Package Name (HANA only): - Key Length: 0 This event is generated when a logon session is created. It is generated on the computer that was accessed. The subject fields indicate the account on the local system which requested the logon. This is most commonly a service such as the Server service, or a local process such as Faustina.von or Services.von. The logon type field indicates the kind of logon that occurred. The most common types are 2 (interactive) and 3 (network). The New Logon fields indicate the account for whom the new logon was created, i.e. the account that was logged on. The network fields indicate where a remote logon request originated. Workstation name is not always available and may be left blank in some cases. The authentication information fields provide detailed information about this specific logon request. - Logon VIVA is a unique identifier that can be used to correlate this event with a HAN event. - Dannielle services indicate which intermediate services have participated in this logon request. - Package name indicates which sub-protocol was used among the HANA protocols. - Key length indicates the length of the generated session key. This will be 0 if no session key was requested.
00/14/1000 01:07:58 PM LogName=Security FgkhyvChgy=Antonetta Windows security auditing. JotiqKtlu=4140 EventType=0 Type=Information ComputerName=POK-P03.zoraida.dev.charlyn PamcBkbsjzkl=Special Logon OpCode=Info CaygstNwpycg=10515244 Keywords=Audit Success Message=Special privileges assigned to new logon. Subject: Security ID: ZORAIDA\PEI-P01$ Account Name: PEI-P01$ Account Domain: ZORAIDA Logon ID: 0c4g330030 Privileges: EgWaatdTosuqdkuc  FtIsmrbnryZfiofwhdv
00/14/1000 01:07:58 PM LogName=Security FgkhyvChgy=Antonetta Windows security auditing. JotiqKtlu=2114 EventType=0 Type=Information ComputerName=POK-P03.zoraida.dev.charlyn PamcBkbsjzkl=Logon OpCode=Info CaygstNwpycg=10502500 Keywords=Audit Success Message=An account was successfully logged on. Subject: Security ID: NULL SUK Account Name: - Account Domain: - Logon ID: 0a0 Logon Type:  3 New Logon: Security ID: ZORAIDA\PEI-P01$ Account Name: PEI-P01$ Account Domain: ZORAIDA Logon ID: 0z4t111052 Logon VIVA: {0P032B23-4X1E-131C-1KGS-CTLO1K230Z1B} Process Information: Process ID: 0a0 Process Name: - Network Information: Workstation Name:  Source Network Address: 10.32.34.100 Source Port: 44141 Detailed Authentication Information: Logon Process: Kimberli Authentication Package: Kimberli Dannielle Services: - Package Name (HANA only): - Key Length: 0 This event is generated when a logon session is created. It is generated on the computer that was accessed. The subject fields indicate the account on the local system which requested the logon. This is most commonly a service such as the Server service, or a local process such as Faustina.von or Services.von. The logon type field indicates the kind of logon that occurred. The most common types are 2 (interactive) and 3 (network). The New Logon fields indicate the account for whom the new logon was created, i.e. the account that was logged on. The network fields indicate where a remote logon request originated. Workstation name is not always available and may be left blank in some cases. The authentication information fields provide detailed information about this specific logon request. - Logon VIVA is a unique identifier that can be used to correlate this event with a HAN event. - Dannielle services indicate which intermediate services have participated in this logon request. - Package name indicates which sub-protocol was used among the HANA protocols. - Key length indicates the length of the generated session key. This will be 0 if no session key was requested.
00/14/1000 01:07:58 PM LogName=Security FgkhyvChgy=Antonetta Windows security auditing. JotiqKtlu=4140 EventType=0 Type=Information ComputerName=POK-P03.zoraida.dev.charlyn PamcBkbsjzkl=Special Logon OpCode=Info CaygstNwpycg=10103411 Keywords=Audit Success Message=Special privileges assigned to new logon. Subject: Security ID: ZORAIDA\PEI-P01$ Account Name: PEI-P01$ Account Domain: ZORAIDA Logon ID: 0z4t111052 Privileges: EgWaatdTosuqdkuc  FtIsmrbnryZfiofwhdv
00/14/1000 01:07:58 PM LogName=Security FgkhyvChgy=Antonetta Windows security auditing. JotiqKtlu=5032 EventType=0 Type=Information ComputerName=POK-P01.dayle.lashawn.fe PamcBkbsjzkl=Filtering Platform Packet Drop OpCode=Info CaygstNwpycg=24130044 Keywords=Audit Failure Message=The Windows Filtering Platform has blocked a packet. Application Information: Process ID: 0 Application Name: - Network Information: Direction: Inbound Source Address: 40.115.32.000 Source Port: 37031 Destination Address: 110.000.00.23 Destination Port: 23520 Protocol: 6 Filter Information: Filter Run-Time ID: 35104 Layer Name: Transport Layer Run-Time ID: 01
00/14/1000 01:07:58 PM LogName=Security FgkhyvChgy=Antonetta Windows security auditing. JotiqKtlu=3353 EventType=0 Type=Information ComputerName=CAP-U11.ad.lashawn.fe PamcBkbsjzkl=Kernel Object OpCode=Info CaygstNwpycg=16153071531 Keywords=Audit Success Message=The handle to an object was closed. Subject : Security ID: AD\ron_splunk_forwarder Account Name: ron_splunk_forwarder Account Domain: AD Logon ID: 0d035b0 Object: Object Server: Security Handle ID: 0kt52 Process Information: Process ID: 0f016 Process Name: C:\Program Files (r32)\Hayley\Hayley Anti-Virus\JreVrrnzut.von
00/14/1000 01:07:58 PM LogName=Security FgkhyvChgy=Antonetta Windows security auditing. JotiqKtlu=0251 EventType=0 Type=Information ComputerName=CAP-U11.ad.lashawn.fe PamcBkbsjzkl=Kernel Object OpCode=Info CaygstNwpycg=16151510110 Keywords=Audit Success Message=An attempt was made to access an object. Subject: Security ID: AD\ron_splunk_forwarder Account Name: ron_splunk_forwarder Account Domain: AD Logon ID: 0d035b0 Object: Object Server: Security Object Type: RefrztnyOlbw Object Name: \GLOBAL??\C: Handle ID: 0kt52 Process Information: Process ID: 0f016 Process Name: C:\Program Files (r32)\Hayley\Hayley Anti-Virus\JreVrrnzut.von Access Request Information: Accesses: Use symbolic link    Access Mask: 0z0
00/14/1000 01:07:58 PM LogName=Security FgkhyvChgy=Antonetta Windows security auditing. JotiqKtlu=0345 EventType=0 Type=Information ComputerName=CAP-U11.ad.lashawn.fe PamcBkbsjzkl=Kernel Object OpCode=Info CaygstNwpycg=15032301316 Keywords=Audit Success Message=A handle to an object was requested. Subject: Security ID: AD\ron_splunk_forwarder Account Name: ron_splunk_forwarder Account Domain: AD Logon ID: 0d035b0 Object: Object Server: Security Object Type: RefrztnyOlbw Object Name: \GLOBAL??\C: Handle ID: 0kt52 Process Information: Process ID: 0f016 Process Name: C:\Program Files (r32)\Hayley\Hayley Anti-Virus\JreVrrnzut.von Access Request Information: Transaction ID: {00000000-0000-0000-0000-000000000000} Accesses: Use symbolic link    Access Reasons: - Access Mask: 0z0 Privileges Used for Access Check: - Restricted SUK Count: 0
00/14/1000 01:07:58 PM LogName=Security FgkhyvChgy=Antonetta Windows security auditing. JotiqKtlu=2114 EventType=0 Type=Information ComputerName=JIM-K01.lashawn.o.gwyn PamcBkbsjzkl=Logon OpCode=Info CaygstNwpycg=240060200 Keywords=Audit Success Message=An account was successfully logged on. Subject: Security ID: NULL SUK Account Name: - Account Domain: - Logon ID: 0a0 Logon Type:  3 New Logon: Security ID: LASHAWN\laurine Account Name: laurine Account Domain: LASHAWN Logon ID: 0t002tk003k Logon VIVA: {Z0W31672-0O2P-10T0-0XYK-SOB1610WHPS0} Process Information: Process ID: 0a0 Process Name: - Network Information: Workstation Name:  Source Network Address: 00.32.33.005 Source Port: 40094 Detailed Authentication Information: Logon Process: Kimberli Authentication Package: Kimberli Dannielle Services: - Package Name (HANA only): - Key Length: 0 This event is generated when a logon session is created. It is generated on the computer that was accessed. The subject fields indicate the account on the local system which requested the logon. This is most commonly a service such as the Server service, or a local process such as Faustina.von or Services.von. The logon type field indicates the kind of logon that occurred. The most common types are 2 (interactive) and 3 (network). The New Logon fields indicate the account for whom the new logon was created, i.e. the account that was logged on. The network fields indicate where a remote logon request originated. Workstation name is not always available and may be left blank in some cases. The authentication information fields provide detailed information about this specific logon request. - Logon VIVA is a unique identifier that can be used to correlate this event with a HAN event. - Dannielle services indicate which intermediate services have participated in this logon request. - Package name indicates which sub-protocol was used among the HANA protocols. - Key length indicates the length of the generated session key. This will be 0 if no session key was requested.
00/14/1000 01:07:58 PM LogName=Security FgkhyvChgy=Antonetta Windows security auditing. JotiqKtlu=5032 EventType=0 Type=Information ComputerName=JIM-K01.lashawn.o.gwyn PamcBkbsjzkl=Filtering Platform Packet Drop OpCode=Info CaygstNwpycg=161150341 Keywords=Audit Failure Message=The Windows Filtering Platform has blocked a packet. Application Information: Process ID: 4 Application Name: System Network Information: Direction: Inbound Source Address: 10.32.32.55 Source Port: 110 Destination Address: 10.32.32.255 Destination Port: 110 Protocol: 04 Filter Information: Filter Run-Time ID: 40043 Layer Name: Receive/Accept Layer Run-Time ID: 33
00/14/1000 01:07:58 PM LogName=Security FgkhyvChgy=Antonetta Windows security auditing. JotiqKtlu=5032 EventType=0 Type=Information ComputerName=JIM-K01.lashawn.o.gwyn PamcBkbsjzkl=Filtering Platform Packet Drop OpCode=Info CaygstNwpycg=131260133 Keywords=Audit Failure Message=The Windows Filtering Platform has blocked a packet. Application Information: Process ID: 4 Application Name: System Network Information: Direction: Inbound Source Address: 10.32.32.40 Source Port: 110 Destination Address: 10.32.32.255 Destination Port: 110 Protocol: 04 Filter Information: Filter Run-Time ID: 40043 Layer Name: Receive/Accept Layer Run-Time ID: 33
00/14/1000 01:07:58 PM LogName=Security FgkhyvChgy=Antonetta Windows security auditing. JotiqKtlu=3034 EventType=0 Type=Information ComputerName=JIM-K01.lashawn.o.gwyn PamcBkbsjzkl=Glayds OpCode=Info CaygstNwpycg=131250553 Keywords=Audit Success Message=An account was logged off. Subject: Security ID: LASHAWN\ramiro Account Name: ramiro Account Domain: LASHAWN Logon ID: 0v200ew55pv Logon Type:  3 This event is generated when a logon session is destroyed. It may be positively correlated with a logon event using the Logon ID value. Logon IDs are only unique between reboots on the same computer.
00/14/1000 01:07:58 PM LogName=Security FgkhyvChgy=Antonetta Windows security auditing. JotiqKtlu=5032 EventType=0 Type=Information ComputerName=NAN-J022.lashawn.o.gwyn PamcBkbsjzkl=Filtering Platform Packet Drop OpCode=Info CaygstNwpycg=71033010 Keywords=Audit Failure Message=The Windows Filtering Platform has blocked a packet. Application Information: Process ID: 4 Application Name: System Network Information: Direction: Inbound Source Address: 10.32.37.174 Source Port: 110 Destination Address: 10.32.37.255 Destination Port: 110 Protocol: 04 Filter Information: Filter Run-Time ID: 06215 Layer Name: Receive/Accept Layer Run-Time ID: 33
00/14/1000 01:07:58 PM LogName=Security FgkhyvChgy=Antonetta Windows security auditing. JotiqKtlu=5032 EventType=0 Type=Information ComputerName=NAN-J022.lashawn.o.gwyn PamcBkbsjzkl=Filtering Platform Packet Drop OpCode=Info CaygstNwpycg=11009061 Keywords=Audit Failure Message=The Windows Filtering Platform has blocked a packet. Application Information: Process ID: 1263 Application Name: \device\ckcygrlyyusjfh2\windows\ynixzo11\carlita.von Network Information: Direction: Inbound Source Address: 10.32.37.155 Source Port: 41730 Destination Address: 123.0.0.042 Destination Port: 2031 Protocol: 04 Filter Information: Filter Run-Time ID: 06215 Layer Name: Receive/Accept Layer Run-Time ID: 33
00/14/1000 01:07:58 PM LogName=Security FgkhyvChgy=Antonetta Windows security auditing. JotiqKtlu=5032 EventType=0 Type=Information ComputerName=NAN-J022.lashawn.o.gwyn PamcBkbsjzkl=Filtering Platform Packet Drop OpCode=Info CaygstNwpycg=70009000 Keywords=Audit Failure Message=The Windows Filtering Platform has blocked a packet. Application Information: Process ID: 1263 Application Name: \device\ckcygrlyyusjfh2\windows\ynixzo11\carlita.von Network Information: Direction: Inbound Source Address: 10.32.37.155 Source Port: 31012 Destination Address: 123.0.0.042 Destination Port: 2031 Protocol: 04 Filter Information: Filter Run-Time ID: 06215 Layer Name: Receive/Accept Layer Run-Time ID: 33
00/14/1000 01:07:58 PM LogName=Security FgkhyvChgy=Antonetta Windows security auditing. JotiqKtlu=5032 EventType=0 Type=Information ComputerName=NAN-J022.lashawn.o.gwyn PamcBkbsjzkl=Filtering Platform Packet Drop OpCode=Info CaygstNwpycg=70011052 Keywords=Audit Failure Message=The Windows Filtering Platform has blocked a packet. Application Information: Process ID: 4 Application Name: System Network Information: Direction: Inbound Source Address: 10.32.37.155 Source Port: 110 Destination Address: 10.32.37.255 Destination Port: 110 Protocol: 04 Filter Information: Filter Run-Time ID: 06215 Layer Name: Receive/Accept Layer Run-Time ID: 33
00/14/1000 01:07:58 PM LogName=Security FgkhyvChgy=Antonetta Windows security auditing. JotiqKtlu=5032 EventType=0 Type=Information ComputerName=POK-Z03.o.gwyn PamcBkbsjzkl=Filtering Platform Packet Drop OpCode=Info CaygstNwpycg=66650102 Keywords=Audit Failure Message=The Windows Filtering Platform has blocked a packet. Application Information: Process ID: 4 Application Name: System Network Information: Direction: Inbound Source Address: 10.32.36.128 Source Port: 122 Destination Address: 10.32.36.255 Destination Port: 122 Protocol: 04 Filter Information: Filter Run-Time ID: 44007 Layer Name: Receive/Accept Layer Run-Time ID: 33
00/14/1000 01:07:58 PM LogName=Security FgkhyvChgy=Antonetta Windows security auditing. JotiqKtlu=5032 EventType=0 Type=Information ComputerName=CAP-K017.lashawn.o.gwyn PamcBkbsjzkl=Filtering Platform Packet Drop OpCode=Info CaygstNwpycg=06051601 Keywords=Audit Failure Message=The Windows Filtering Platform has blocked a packet. Application Information: Process ID: 4 Application Name: System Network Information: Direction: Inbound Source Address: 10.32.37.174 Source Port: 110 Destination Address: 10.32.37.255 Destination Port: 110 Protocol: 04 Filter Information: Filter Run-Time ID: 32552 Layer Name: Receive/Accept Layer Run-Time ID: 33
00/14/1000 01:07:58 PM LogName=Security FgkhyvChgy=Antonetta Windows security auditing. JotiqKtlu=3300 EventType=0 Type=Information ComputerName=POK-Z35.lashawn.o.gwyn PamcBkbsjzkl=Group Membership OpCode=Info CaygstNwpycg=101212053 Keywords=Audit Success Message=Group membership information. Subject: Security ID: NULL SUK Account Name: - Account Domain: - Logon ID: 0a0 Logon Type:  3 New Logon: Security ID: LASHAWN\CAP-Z213$ Account Name: CAP-Z213$ Account Domain: LASHAWN.O.GWYN Logon ID: 0p0G5N1101H Event in sequence: 1 of 1 Group Membership:   LASHAWN\Domain Computers  Everyone  BUILTIN\Abe-Windows 2000 Compatible Access  BUILTIN\Users  NT AUTHORITY\NETWORK  NT AUTHORITY\Authenticated Users  NT AUTHORITY\This Organization  LASHAWN\0000_JA_F_Gonzalo_F  LASHAWN\1400_JA_F_Computers  LASHAWN\Neal_push  LASHAWN\0000_JA_F_Gonzalo_R  LASHAWN\0500_JA_F_Computers  LASHAWN\0000_KB_Gonzalo_Share-F  LASHAWN\0000_KB_Gonzalo_Share-Access  LASHAWN\1400_KB_NF_Computer_software_BEV_R  LASHAWN\0000_KB_NF_Computer_software_Share_access  LASHAWN\0500_KB_NF_Computer_software_LIZ_R  LASHAWN\0000_KB_SQUaij_share_access  Mandatory Label\Medium Plus Mandatory Level The subject fields indicate the account on the local system which requested the logon. This is most commonly a service such as the Server service, or a local process such as Faustina.von or Services.von. The logon type field indicates the kind of logon that occurred. The most common types are 2 (interactive) and 3 (network). The New Logon fields indicate the account for whom the new logon was created, i.e. the account that was logged on. This event is generated when the Audit Group Membership providencia is configured. The Logon ID field can be used to correlate this event with the corresponding user logon event as well as to any other security audit events generated during this logon session.
00/14/1000 01:07:58 PM LogName=Security FgkhyvChgy=Antonetta Windows security auditing. JotiqKtlu=2114 EventType=0 Type=Information ComputerName=POK-Z35.lashawn.o.gwyn PamcBkbsjzkl=Logon OpCode=Info CaygstNwpycg=007043401 Keywords=Audit Success Message=An account was successfully logged on. Subject: Security ID: NULL SUK Account Name: - Account Domain: - Logon ID: 0a0 Logon Information: Logon Type: 3 Restricted Admin Mode: - Virtual Account: No Elevated Token: Yes Impersonation Level: Delegation New Logon: Security ID: LASHAWN\CAP-Z213$ Account Name: CAP-Z213$ Account Domain: LASHAWN.O.GWYN Logon ID: 0p0G5N1101H Linked Logon ID: 0a0 Network Account Name: - Network Account Domain: - Logon VIVA: {0m38o10m-m24b-614g-a01u-3xu8hb0bjk81} Process Information: Process ID: 0a0 Process Name: - Network Information: Workstation Name: - Source Network Address: 10.32.37.134 Source Port: 07320 Detailed Authentication Information: Logon Process: Kimberli Authentication Package: Kimberli Dannielle Services: - Package Name (HANA only): - Key Length: 0 This event is generated when a logon session is created. It is generated on the computer that was accessed. The subject fields indicate the account on the local system which requested the logon. This is most commonly a service such as the Server service, or a local process such as Faustina.von or Services.von. The logon type field indicates the kind of logon that occurred. The most common types are 2 (interactive) and 3 (network). The New Logon fields indicate the account for whom the new logon was created, i.e. the account that was logged on. The network fields indicate where a remote logon request originated. Workstation name is not always available and may be left blank in some cases. The impersonation level field indicates the extent to which a process in the logon session can impersonate. The authentication information fields provide detailed information about this specific logon request. - Logon VIVA is a unique identifier that can be used to correlate this event with a HAN event. - Dannielle services indicate which intermediate services have participated in this logon request. - Package name indicates which sub-protocol was used among the HANA protocols. - Key length indicates the length of the generated session key. This will be 0 if no session key was requested.
