00/14/1000 01:07:58 PM LogName=Security FgkhyvChgy=Antonetta Windows security auditing. JotiqKtlu=0015 EventType=0 Type=Information ComputerName=POK-F16.ad.lashawn.fe PamcBkbsjzkl=Filtering Platform Connection OpCode=Info CaygstNwpycg=0270100074 Keywords=Audit Success Message=The Windows Filtering Platform has permitted a connection. Application Information: Process ID: 312 Application Name: \device\ckcygrlyyusjfh2\windows\ynixzo11\regan.von Network Information: Direction: Outbound Source Address: 110.000.00.140 Source Port: 12200 Destination Address: 110.000.00.40 Destination Port: 32134 Protocol: 6 Filter Information: Filter Run-Time ID: 10112 Layer Name: Connect Layer Run-Time ID: 33
00/14/1000 01:07:58 PM LogName=Security FgkhyvChgy=Antonetta Windows security auditing. JotiqKtlu=3510 EventType=0 Type=Information ComputerName=POK-F16.ad.lashawn.fe PamcBkbsjzkl=Directory Service Replication OpCode=Info CaygstNwpycg=1290703071 Keywords=Audit Success Message=Synchronization of a replica of an Active Directory naming context has begun. Destination IKE: UJ=ADAH Settings,UJ=POK-F16,UJ=Servers,UJ=Default-First-Site-Name,UJ=Sites,UJ=Configuration,QM=ad,QM=lashawn,QM=fe Source IKE: UJ=ADAH Settings,UJ=POK-C10,UJ=Servers,UJ=Default-First-Site-Name,UJ=Sites,UJ=Configuration,QM=ad,QM=lashawn,QM=fe Naming Context: QM=ad,QM=lashawn,QM=fe Options: 14 Session ID: 600402 Start ULA: 31330540
00/14/1000 01:07:58 PM LogName=Security FgkhyvChgy=Antonetta Windows security auditing. JotiqKtlu=0345 EventType=0 Type=Information ComputerName=POK-F16.ad.lashawn.fe PamcBkbsjzkl=File System OpCode=Info CaygstNwpycg=0160612200 Keywords=Audit Success Message=A handle to an object was requested. Subject: Security ID: NT AUTHORITY\SYSTEM Account Name: POK-F16$ Account Domain: AD Logon ID: 0o1p7 Object: Object Server: Security Object Type: File Object Name: \Device\Tcp Handle ID: 0s2060 Process Information: Process ID: 0s040 Process Name: C:\Windows\Ynixzo11\regan.von Access Request Information: Transaction ID: {00000000-0000-0000-0000-000000000000} Accesses: DELETE   READ_CONTROL   WRITE_IAN   WRITE_OWNER   SYNCHRONIZE   WzfsQgnf (or VzejJznzrjukf)   BqxfbXvax (or DcfYkcp)   BjxwpuOupn (or PcqGrgkivlcrxep or LbmlefZjjyDqjiueoz)   GyhhNQ   VkhddBR   Execute/Traverse   NmqyfpMcckg   PgrbJrmyjyfacz   MxntnQchwcrntco    Access Reasons: - Access Mask: 0s0l01jv Privileges Used for Access Check: - Restricted SUK Count: 0
00/14/1000 01:07:58 PM LogName=Security FgkhyvChgy=Antonetta Windows security auditing. JotiqKtlu=3124 EventType=0 Type=Information ComputerName=POK-F16.ad.lashawn.fe PamcBkbsjzkl=Filtering Platform Connection OpCode=Info CaygstNwpycg=0070006011 Keywords=Audit Success Message=The Windows Filtering Platform has permitted a bind to a local port. Application Information: Process ID: 312 Application Name: \device\ckcygrlyyusjfh2\windows\ynixzo11\regan.von Network Information: Source Address: 0.0.0.0 Source Port: 12200 Protocol: 6 Filter Information: Filter Run-Time ID: 0 Layer Name: Resource Assignment Layer Run-Time ID: 01
00/14/1000 01:07:58 PM LogName=Security FgkhyvChgy=Antonetta Windows security auditing. JotiqKtlu=2114 EventType=0 Type=Information ComputerName=POK-F16.ad.lashawn.fe PamcBkbsjzkl=Logon OpCode=Info CaygstNwpycg=1040415040 Keywords=Audit Success Message=An account was successfully logged on. Subject: Security ID: NULL SUK Account Name: - Account Domain: - Logon ID: 0a0 Logon Type:  3 New Logon: Security ID: AD\POK-C10$ Account Name: POK-C10$ Account Domain: AD Logon ID: 0f101173301 Logon VIVA: {E412R453-0403-A284-1511-9130S2610000} Process Information: Process ID: 0a0 Process Name: - Network Information: Workstation Name:  Source Network Address: 110.000.00.40 Source Port: 23415 Detailed Authentication Information: Logon Process: Kimberli Authentication Package: Kimberli Dannielle Services: - Package Name (HANA only): - Key Length: 0 This event is generated when a logon session is created. It is generated on the computer that was accessed. The subject fields indicate the account on the local system which requested the logon. This is most commonly a service such as the Server service, or a local process such as Faustina.von or Services.von. The logon type field indicates the kind of logon that occurred. The most common types are 2 (interactive) and 3 (network). The New Logon fields indicate the account for whom the new logon was created, i.e. the account that was logged on. The network fields indicate where a remote logon request originated. Workstation name is not always available and may be left blank in some cases. The authentication information fields provide detailed information about this specific logon request. - Logon VIVA is a unique identifier that can be used to correlate this event with a HAN event. - Dannielle services indicate which intermediate services have participated in this logon request. - Package name indicates which sub-protocol was used among the HANA protocols. - Key length indicates the length of the generated session key. This will be 0 if no session key was requested.
00/14/1000 01:07:58 PM LogName=Security FgkhyvChgy=Antonetta Windows security auditing. JotiqKtlu=0015 EventType=0 Type=Information ComputerName=POK-F16.ad.lashawn.fe PamcBkbsjzkl=Filtering Platform Connection OpCode=Info CaygstNwpycg=0110814035 Keywords=Audit Success Message=The Windows Filtering Platform has permitted a connection. Application Information: Process ID: 312 Application Name: \device\ckcygrlyyusjfh2\windows\ynixzo11\regan.von Network Information: Direction: Inbound Source Address: 110.000.00.140 Source Port: 25153 Destination Address: 110.000.00.40 Destination Port: 23415 Protocol: 6 Filter Information: Filter Run-Time ID: 0 Layer Name: Receive/Accept Layer Run-Time ID: 33
00/14/1000 01:07:58 PM LogName=Security FgkhyvChgy=Antonetta Windows security auditing. JotiqKtlu=3353 EventType=0 Type=Information ComputerName=POK-F16.ad.lashawn.fe PamcBkbsjzkl=File System OpCode=Info CaygstNwpycg=1290103348 Keywords=Audit Success Message=The handle to an object was closed. Subject : Security ID: NT AUTHORITY\SYSTEM Account Name: POK-F16$ Account Domain: AD Logon ID: 0o1p7 Object: Object Server: Security Handle ID: 0x13i Process Information: Process ID: 0pk4o Process Name: C:\Program Files\BTbfsp\BTbfsp Tools\claudine.von
00/14/1000 01:07:58 PM LogName=Security FgkhyvChgy=Antonetta Windows security auditing. JotiqKtlu=0345 EventType=0 Type=Information ComputerName=POK-F16.ad.lashawn.fe PamcBkbsjzkl=File System OpCode=Info CaygstNwpycg=1090215351 Keywords=Audit Success Message=A handle to an object was requested. Subject: Security ID: NT AUTHORITY\SYSTEM Account Name: POK-F16$ Account Domain: AD Logon ID: 0o1p7 Object: Object Server: Security Object Type: File Object Name: \DEVICE\ELYSE_MELDA_{27OZ110M-30X1-4O0Z-H100-BUR21G11I5Q5} Handle ID: 0x13i Process Information: Process ID: 0pk4o Process Name: C:\Program Files\BTbfsp\BTbfsp Tools\claudine.von Access Request Information: Transaction ID: {00000000-0000-0000-0000-000000000000} Accesses: SYNCHRONIZE   WzfsQgnf (or VzejJznzrjukf)    Access Reasons: - Access Mask: 0r000000 Privileges Used for Access Check: - Restricted SUK Count: 0
00/14/1000 01:07:58 PM LogName=Security FgkhyvChgy=Antonetta Windows security auditing. JotiqKtlu=3353 EventType=0 Type=Information ComputerName=POK-F16.ad.lashawn.fe PamcBkbsjzkl=File System OpCode=Info CaygstNwpycg=0060500616 Keywords=Audit Success Message=The handle to an object was closed. Subject : Security ID: NT AUTHORITY\SYSTEM Account Name: POK-F16$ Account Domain: AD Logon ID: 0o1p7 Object: Object Server: Security Handle ID: 0x13i Process Information: Process ID: 0pk4o Process Name: C:\Program Files\BTbfsp\BTbfsp Tools\claudine.von
00/14/1000 01:07:58 PM LogName=Security FgkhyvChgy=Antonetta Windows security auditing. JotiqKtlu=0345 EventType=0 Type=Information ComputerName=POK-F16.ad.lashawn.fe PamcBkbsjzkl=File System OpCode=Info CaygstNwpycg=1120811434 Keywords=Audit Success Message=A handle to an object was requested. Subject: Security ID: NT AUTHORITY\SYSTEM Account Name: POK-F16$ Account Domain: AD Logon ID: 0o1p7 Object: Object Server: Security Object Type: File Object Name: \DEVICE\ELYSE_MELDA_{27OZ110M-30X1-4O0Z-H100-BUR21G11I5Q5} Handle ID: 0x13i Process Information: Process ID: 0pk4o Process Name: C:\Program Files\BTbfsp\BTbfsp Tools\claudine.von Access Request Information: Transaction ID: {00000000-0000-0000-0000-000000000000} Accesses: SYNCHRONIZE   WzfsQgnf (or VzejJznzrjukf)    Access Reasons: - Access Mask: 0r000000 Privileges Used for Access Check: - Restricted SUK Count: 0
00/14/1000 01:07:58 PM LogName=Security FgkhyvChgy=Antonetta Windows security auditing. JotiqKtlu=3353 EventType=0 Type=Information ComputerName=POK-F16.ad.lashawn.fe PamcBkbsjzkl=File System OpCode=Info CaygstNwpycg=0140711523 Keywords=Audit Success Message=The handle to an object was closed. Subject : Security ID: NT AUTHORITY\SYSTEM Account Name: POK-F16$ Account Domain: AD Logon ID: 0o1p7 Object: Object Server: Security Handle ID: 0l323 Process Information: Process ID: 0pk4o Process Name: C:\Program Files\BTbfsp\BTbfsp Tools\claudine.von
00/14/1000 01:07:58 PM LogName=Security FgkhyvChgy=Antonetta Windows security auditing. JotiqKtlu=0345 EventType=0 Type=Information ComputerName=POK-F16.ad.lashawn.fe PamcBkbsjzkl=File System OpCode=Info CaygstNwpycg=0080712360 Keywords=Audit Success Message=A handle to an object was requested. Subject: Security ID: NT AUTHORITY\SYSTEM Account Name: POK-F16$ Account Domain: AD Logon ID: 0o1p7 Object: Object Server: Security Object Type: File Object Name: \DEVICE\ELYSE_MELDA_{27OZ110M-30X1-4O0Z-H100-BUR21G11I5Q5} Handle ID: 0l323 Process Information: Process ID: 0pk4o Process Name: C:\Program Files\BTbfsp\BTbfsp Tools\claudine.von Access Request Information: Transaction ID: {00000000-0000-0000-0000-000000000000} Accesses: SYNCHRONIZE   WzfsQgnf (or VzejJznzrjukf)    Access Reasons: - Access Mask: 0r000000 Privileges Used for Access Check: - Restricted SUK Count: 0
00/14/1000 01:07:58 PM LogName=Security FgkhyvChgy=Antonetta Windows security auditing. JotiqKtlu=3353 EventType=0 Type=Information ComputerName=POK-F16.ad.lashawn.fe PamcBkbsjzkl=File System OpCode=Info CaygstNwpycg=1010700652 Keywords=Audit Success Message=The handle to an object was closed. Subject : Security ID: NT AUTHORITY\SYSTEM Account Name: POK-F16$ Account Domain: AD Logon ID: 0o1p7 Object: Object Server: Security Handle ID: 0l323 Process Information: Process ID: 0pk4o Process Name: C:\Program Files\BTbfsp\BTbfsp Tools\claudine.von
00/14/1000 01:07:58 PM LogName=Security FgkhyvChgy=Antonetta Windows security auditing. JotiqKtlu=0345 EventType=0 Type=Information ComputerName=POK-F16.ad.lashawn.fe PamcBkbsjzkl=File System OpCode=Info CaygstNwpycg=0120602150 Keywords=Audit Success Message=A handle to an object was requested. Subject: Security ID: NT AUTHORITY\SYSTEM Account Name: POK-F16$ Account Domain: AD Logon ID: 0o1p7 Object: Object Server: Security Object Type: File Object Name: \DEVICE\ELYSE_MELDA_{27OZ110M-30X1-4O0Z-H100-BUR21G11I5Q5} Handle ID: 0l323 Process Information: Process ID: 0pk4o Process Name: C:\Program Files\BTbfsp\BTbfsp Tools\claudine.von Access Request Information: Transaction ID: {00000000-0000-0000-0000-000000000000} Accesses: SYNCHRONIZE   WzfsQgnf (or VzejJznzrjukf)    Access Reasons: - Access Mask: 0r000000 Privileges Used for Access Check: - Restricted SUK Count: 0
00/14/1000 01:07:58 PM LogName=Security FgkhyvChgy=Antonetta Windows security auditing. JotiqKtlu=3353 EventType=0 Type=Information ComputerName=POK-F16.ad.lashawn.fe PamcBkbsjzkl=File System OpCode=Info CaygstNwpycg=0280412100 Keywords=Audit Success Message=The handle to an object was closed. Subject : Security ID: NT AUTHORITY\SYSTEM Account Name: POK-F16$ Account Domain: AD Logon ID: 0o1p7 Object: Object Server: Security Handle ID: 0l102 Process Information: Process ID: 0pk4o Process Name: C:\Program Files\BTbfsp\BTbfsp Tools\claudine.von
00/14/1000 01:07:58 PM LogName=Security FgkhyvChgy=Antonetta Windows security auditing. JotiqKtlu=3353 EventType=0 Type=Information ComputerName=POK-F16.ad.lashawn.fe PamcBkbsjzkl=Kernel Object OpCode=Info CaygstNwpycg=1200804517 Keywords=Audit Success Message=The handle to an object was closed. Subject : Security ID: NT AUTHORITY\SYSTEM Account Name: POK-F16$ Account Domain: AD Logon ID: 0o1p7 Object: Object Server: Security Handle ID: 0l323 Process Information: Process ID: 0pk4o Process Name: C:\Program Files\BTbfsp\BTbfsp Tools\claudine.von
00/14/1000 01:07:58 PM LogName=Security FgkhyvChgy=Antonetta Windows security auditing. JotiqKtlu=0251 EventType=0 Type=Information ComputerName=POK-F16.ad.lashawn.fe PamcBkbsjzkl=Kernel Object OpCode=Info CaygstNwpycg=1290804255 Keywords=Audit Success Message=An attempt was made to access an object. Subject: Security ID: NT AUTHORITY\SYSTEM Account Name: POK-F16$ Account Domain: AD Logon ID: 0o1p7 Object: Object Server: Security Object Type: RefrztnyOlbw Object Name: \GLOBAL??\Volume{0t0zs002-405x-11o0-2j82-201u5i5s1123} Handle ID: 0l323 Process Information: Process ID: 0pk4o Process Name: C:\Program Files\BTbfsp\BTbfsp Tools\claudine.von Access Request Information: Accesses: Use symbolic link    Access Mask: 0z0
00/14/1000 01:07:58 PM LogName=Security FgkhyvChgy=Antonetta Windows security auditing. JotiqKtlu=0345 EventType=0 Type=Information ComputerName=POK-F16.ad.lashawn.fe PamcBkbsjzkl=Kernel Object OpCode=Info CaygstNwpycg=0090712242 Keywords=Audit Success Message=A handle to an object was requested. Subject: Security ID: NT AUTHORITY\SYSTEM Account Name: POK-F16$ Account Domain: AD Logon ID: 0o1p7 Object: Object Server: Security Object Type: RefrztnyOlbw Object Name: \GLOBAL??\Volume{0t0zs002-405x-11o0-2j82-201u5i5s1123} Handle ID: 0l323 Process Information: Process ID: 0pk4o Process Name: C:\Program Files\BTbfsp\BTbfsp Tools\claudine.von Access Request Information: Transaction ID: {00000000-0000-0000-0000-000000000000} Accesses: Use symbolic link    Access Reasons: - Access Mask: 0z0 Privileges Used for Access Check: - Restricted SUK Count: 0
00/14/1000 01:07:58 PM LogName=Security FgkhyvChgy=Antonetta Windows security auditing. JotiqKtlu=0345 EventType=0 Type=Information ComputerName=POK-F16.ad.lashawn.fe PamcBkbsjzkl=File System OpCode=Info CaygstNwpycg=0140606504 Keywords=Audit Success Message=A handle to an object was requested. Subject: Security ID: NT AUTHORITY\SYSTEM Account Name: POK-F16$ Account Domain: AD Logon ID: 0o1p7 Object: Object Server: Security Object Type: File Object Name: \Device\YxPmb0 Handle ID: 0l102 Process Information: Process ID: 0pk4o Process Name: C:\Program Files\BTbfsp\BTbfsp Tools\claudine.von Access Request Information: Transaction ID: {00000000-0000-0000-0000-000000000000} Accesses: SYNCHRONIZE   PgrbJrmyjyfacz    Access Reasons: - Access Mask: 0p000000 Privileges Used for Access Check: - Restricted SUK Count: 0
00/14/1000 01:07:58 PM LogName=Security FgkhyvChgy=Antonetta Windows security auditing. JotiqKtlu=3353 EventType=0 Type=Information ComputerName=POK-F16.ad.lashawn.fe PamcBkbsjzkl=File System OpCode=Info CaygstNwpycg=0180610623 Keywords=Audit Success Message=The handle to an object was closed. Subject : Security ID: NT AUTHORITY\SYSTEM Account Name: POK-F16$ Account Domain: AD Logon ID: 0o1p7 Object: Object Server: Security Handle ID: 0l102 Process Information: Process ID: 0pk4o Process Name: C:\Program Files\BTbfsp\BTbfsp Tools\claudine.von
00/14/1000 01:07:58 PM LogName=Security FgkhyvChgy=Antonetta Windows security auditing. JotiqKtlu=0345 EventType=0 Type=Information ComputerName=POK-F16.ad.lashawn.fe PamcBkbsjzkl=File System OpCode=Info CaygstNwpycg=1270011204 Keywords=Audit Success Message=A handle to an object was requested. Subject: Security ID: NT AUTHORITY\SYSTEM Account Name: POK-F16$ Account Domain: AD Logon ID: 0o1p7 Object: Object Server: Security Object Type: File Object Name: \Device\Mmkiui0 Handle ID: 0l102 Process Information: Process ID: 0pk4o Process Name: C:\Program Files\BTbfsp\BTbfsp Tools\claudine.von Access Request Information: Transaction ID: {00000000-0000-0000-0000-000000000000} Accesses: READ_CONTROL   SYNCHRONIZE   WzfsQgnf (or VzejJznzrjukf)   GyhhNQ   PgrbJrmyjyfacz    Access Reasons: - Access Mask: 0u110083 Privileges Used for Access Check: - Restricted SUK Count: 0
00/14/1000 01:07:58 PM LogName=Security FgkhyvChgy=Antonetta Windows security auditing. JotiqKtlu=2114 EventType=0 Type=Information ComputerName=POK-R01.lashawn.o.gwyn PamcBkbsjzkl=Logon OpCode=Info CaygstNwpycg=4004000090 Keywords=Audit Success Message=An account was successfully logged on. Subject: Security ID: NULL SUK Account Name: - Account Domain: - Logon ID: 0a0 Logon Type:  3 New Logon: Security ID: LASHAWN\ddiav0 Account Name: ddiav0 Account Domain: LASHAWN Logon ID: 0w0a532l741 Logon VIVA: {4V4H42AQ-0Q60-DA1P-Z1N3-1RU0V1X0220K} Process Information: Process ID: 0a0 Process Name: - Network Information: Workstation Name:  Source Network Address: 110.000.000.102 Source Port: 08210 Detailed Authentication Information: Logon Process: Kimberli Authentication Package: Kimberli Dannielle Services: - Package Name (HANA only): - Key Length: 0 This event is generated when a logon session is created. It is generated on the computer that was accessed. The subject fields indicate the account on the local system which requested the logon. This is most commonly a service such as the Server service, or a local process such as Faustina.von or Services.von. The logon type field indicates the kind of logon that occurred. The most common types are 2 (interactive) and 3 (network). The New Logon fields indicate the account for whom the new logon was created, i.e. the account that was logged on. The network fields indicate where a remote logon request originated. Workstation name is not always available and may be left blank in some cases. The authentication information fields provide detailed information about this specific logon request. - Logon VIVA is a unique identifier that can be used to correlate this event with a HAN event. - Dannielle services indicate which intermediate services have participated in this logon request. - Package name indicates which sub-protocol was used among the HANA protocols. - Key length indicates the length of the generated session key. This will be 0 if no session key was requested.
00/14/1000 01:07:58 PM LogName=Security FgkhyvChgy=Antonetta Windows security auditing. JotiqKtlu=0525 EventType=0 Type=Information ComputerName=POK-R01.lashawn.o.gwyn PamcBkbsjzkl=Credential Validation OpCode=Info CaygstNwpycg=6005500042 Keywords=Audit Success Message=The computer attempted to validate the guillermina for an account. Authentication Package: ANTONETTA_AUTHENTICATION_PACKAGE_P1_0 Logon Account: ron_cyrstal Source Workstation: CAP-T123 Error Code: 0a0
00/14/1000 01:07:58 PM LogName=Security FgkhyvChgy=Antonetta Windows security auditing. JotiqKtlu=2114 EventType=0 Type=Information ComputerName=POK-R01.lashawn.o.gwyn PamcBkbsjzkl=Logon OpCode=Info CaygstNwpycg=5002210023 Keywords=Audit Success Message=An account was successfully logged on. Subject: Security ID: NULL SUK Account Name: - Account Domain: - Logon ID: 0a0 Logon Type:  3 New Logon: Security ID: LASHAWN\ddiav0 Account Name: ddiav0 Account Domain: LASHAWN Logon ID: 0r0g122y013 Logon VIVA: {4V4H42AQ-0Q60-DA1P-Z1N3-1RU0V1X0220K} Process Information: Process ID: 0a0 Process Name: - Network Information: Workstation Name:  Source Network Address: 110.000.000.102 Source Port: 09024 Detailed Authentication Information: Logon Process: Kimberli Authentication Package: Kimberli Dannielle Services: - Package Name (HANA only): - Key Length: 0 This event is generated when a logon session is created. It is generated on the computer that was accessed. The subject fields indicate the account on the local system which requested the logon. This is most commonly a service such as the Server service, or a local process such as Faustina.von or Services.von. The logon type field indicates the kind of logon that occurred. The most common types are 2 (interactive) and 3 (network). The New Logon fields indicate the account for whom the new logon was created, i.e. the account that was logged on. The network fields indicate where a remote logon request originated. Workstation name is not always available and may be left blank in some cases. The authentication information fields provide detailed information about this specific logon request. - Logon VIVA is a unique identifier that can be used to correlate this event with a HAN event. - Dannielle services indicate which intermediate services have participated in this logon request. - Package name indicates which sub-protocol was used among the HANA protocols. - Key length indicates the length of the generated session key. This will be 0 if no session key was requested.
00/14/1000 01:07:58 PM LogName=Security FgkhyvChgy=Antonetta Windows security auditing. JotiqKtlu=1444 EventType=0 Type=Information ComputerName=POK-R01.lashawn.o.gwyn PamcBkbsjzkl=Logon OpCode=Info CaygstNwpycg=2006400070 Keywords=Audit Success Message=A logon was attempted using explicit guillermina. Subject: Security ID: NT AUTHORITY\LOCAL SERVICE Account Name: LOCAL SERVICE Account Domain: NT AUTHORITY Logon ID: 0m2b3031121 Logon VIVA: {00000000-0000-0000-0000-000000000000} Account Whose Guillermina Were Used: Account Name: ron_chantell_read Account Domain: LASHAWN.O.GWYN Logon VIVA: {10Z30T13-VH11-241V-BU62-LG505WHKK1EA} Target Server: Target Server Name: 1102-0YV0FE0-GAY.lashawn.o.gwyn Additional Information: dick/1102-0YV0FE0-GAY.lashawn.o.gwyn Process Information: Process ID: 0q3 Process Name:  Network Information: Network Address: - Port:  - This event is generated when a process attempts to log on an account by explicitly specifying that account’s guillermina. This most commonly occurs in batch-type configurations such as scheduled tasks, or when using the DAVIS command.
00/14/1000 01:07:58 PM LogName=Security FgkhyvChgy=Antonetta Windows security auditing. JotiqKtlu=3720 EventType=0 Type=Information ComputerName=POK-R01.lashawn.o.gwyn PamcBkbsjzkl=Kimberli Service Ticket Operations OpCode=Info CaygstNwpycg=3007310160 Keywords=Audit Success Message=A Kimberli service ticket was requested. Account Information: Account Name: ron_chantell_read@LASHAWN.O.GWYN Account Domain: LASHAWN.O.GWYN Logon VIVA: {1574TG12-H650-QK28-CRUZ-0H4213D42L66} Service Information: Service Name: 1102-0YV0FE0-VC$ Service ID: LASHAWN\1102-0YV0FE0-VC$ Network Information: Client Address: ::1 Client Port: 0 Additional Information: Ticket Options: 0f10410000 Ticket Encryption Type: 0j12 Failure Code: 0a0 Dannielle Services: - This event is generated every time access is requested to a resource such as a computer or a Windows service. The service name indicates the resource to which access was requested. This event can be correlated with Windows logon events by comparing the Logon VIVA fields in each event. The logon event occurs on the machine that was accessed, which is often a different machine than the domain controller which issued the service ticket. Ticket options, encryption types, and failure codes are defined in UNA 0020.
00/14/1000 01:07:58 PM LogName=Security FgkhyvChgy=Antonetta Windows security auditing. JotiqKtlu=2114 EventType=0 Type=Information ComputerName=POK-R01.lashawn.o.gwyn PamcBkbsjzkl=Logon OpCode=Info CaygstNwpycg=0004300110 Keywords=Audit Success Message=An account was successfully logged on. Subject: Security ID: NULL SUK Account Name: - Account Domain: - Logon ID: 0a0 Logon Type:  3 New Logon: Security ID: LASHAWN\0001-0ZZV211$ Account Name: 0001-0ZZV211$ Account Domain: LASHAWN Logon ID: 0k1d711i50v Logon VIVA: {PD2JE1Z0-W60M-0040-W1ZD-YL8CE0522N7Q} Process Information: Process ID: 0a0 Process Name: - Network Information: Workstation Name:  Source Network Address: 110.000.015.110 Source Port: 34400 Detailed Authentication Information: Logon Process: Kimberli Authentication Package: Kimberli Dannielle Services: - Package Name (HANA only): - Key Length: 0 This event is generated when a logon session is created. It is generated on the computer that was accessed. The subject fields indicate the account on the local system which requested the logon. This is most commonly a service such as the Server service, or a local process such as Faustina.von or Services.von. The logon type field indicates the kind of logon that occurred. The most common types are 2 (interactive) and 3 (network). The New Logon fields indicate the account for whom the new logon was created, i.e. the account that was logged on. The network fields indicate where a remote logon request originated. Workstation name is not always available and may be left blank in some cases. The authentication information fields provide detailed information about this specific logon request. - Logon VIVA is a unique identifier that can be used to correlate this event with a HAN event. - Dannielle services indicate which intermediate services have participated in this logon request. - Package name indicates which sub-protocol was used among the HANA protocols. - Key length indicates the length of the generated session key. This will be 0 if no session key was requested.
00/14/1000 01:07:58 PM LogName=Security FgkhyvChgy=Antonetta Windows security auditing. JotiqKtlu=5032 EventType=0 Type=Information ComputerName=LOU-X010.lashawn.o.gwyn PamcBkbsjzkl=Filtering Platform Packet Drop OpCode=Info CaygstNwpycg=06665244 Keywords=Audit Failure Message=The Windows Filtering Platform has blocked a packet. Application Information: Process ID: 0 Application Name: - Network Information: Direction: Inbound Source Address: 110.000.33.01 Source Port: 10330 Destination Address: 10.33.34.38 Destination Port: 10030 Protocol: 6 Filter Information: Filter Run-Time ID: 12000 Layer Name: Transport Layer Run-Time ID: 01
00/14/1000 01:07:58 PM LogName=Security FgkhyvChgy=Antonetta Windows security auditing. JotiqKtlu=3034 EventType=0 Type=Information ComputerName=POK-M20.o.gwyn PamcBkbsjzkl=Glayds OpCode=Info CaygstNwpycg=003310143 Keywords=Audit Success Message=An account was logged off. Subject: Security ID: O\POK-J22$ Account Name: POK-J22$ Account Domain: O Logon ID: 0yM30ZFA4J Logon Type:  3 This event is generated when a logon session is destroyed. It may be positively correlated with a logon event using the Logon ID value. Logon IDs are only unique between reboots on the same computer.
00/14/1000 01:07:58 PM LogName=Security FgkhyvChgy=Antonetta Windows security auditing. JotiqKtlu=3034 EventType=0 Type=Information ComputerName=POK-M20.o.gwyn PamcBkbsjzkl=Glayds OpCode=Info CaygstNwpycg=112315021 Keywords=Audit Success Message=An account was logged off. Subject: Security ID: O\POK-J22$ Account Name: POK-J22$ Account Domain: O Logon ID: 0xN00HY101 Logon Type:  3 This event is generated when a logon session is destroyed. It may be positively correlated with a logon event using the Logon ID value. Logon IDs are only unique between reboots on the same computer.
00/14/1000 01:07:58 PM LogName=Security FgkhyvChgy=Antonetta Windows security auditing. JotiqKtlu=2114 EventType=0 Type=Information ComputerName=POK-M20.o.gwyn PamcBkbsjzkl=Logon OpCode=Info CaygstNwpycg=110115420 Keywords=Audit Success Message=An account was successfully logged on. Subject: Security ID: NULL SUK Account Name: - Account Domain: - Logon ID: 0a0 Logon Type:  3 Impersonation Level: Impersonation New Logon: Security ID: O\POK-J22$ Account Name: POK-J22$ Account Domain: O Logon ID: 0kD4000N2S Logon VIVA: {UEA41620-Q33J-KENA-D05V-23J5OMIW064S} Process Information: Process ID: 0a0 Process Name: - Network Information: Workstation Name: - Source Network Address: 000.20.10.82 Source Port: 14401 Detailed Authentication Information: Logon Process: Kimberli Authentication Package: Kimberli Dannielle Services: - Package Name (HANA only): - Key Length: 0 This event is generated when a logon session is created. It is generated on the computer that was accessed. The subject fields indicate the account on the local system which requested the logon. This is most commonly a service such as the Server service, or a local process such as Faustina.von or Services.von. The logon type field indicates the kind of logon that occurred. The most common types are 2 (interactive) and 3 (network). The New Logon fields indicate the account for whom the new logon was created, i.e. the account that was logged on. The network fields indicate where a remote logon request originated. Workstation name is not always available and may be left blank in some cases. The impersonation level field indicates the extent to which a process in the logon session can impersonate. The authentication information fields provide detailed information about this specific logon request. - Logon VIVA is a unique identifier that can be used to correlate this event with a HAN event. - Dannielle services indicate which intermediate services have participated in this logon request. - Package name indicates which sub-protocol was used among the HANA protocols. - Key length indicates the length of the generated session key. This will be 0 if no session key was requested.
00/14/1000 01:07:58 PM LogName=Security FgkhyvChgy=Antonetta Windows security auditing. JotiqKtlu=3622 EventType=0 Type=Information ComputerName=POK-O22.lashawn.o.gwyn PamcBkbsjzkl=Kimberli Authentication Service OpCode=Info CaygstNwpycg=2231040245 Keywords=Audit Failure Message=A Kimberli authentication ticket (HEE) was requested. Account Information: Account Name: loise Supplied Realm Name: LASHAWN.O.GWYN User ID:  NULL SUK Service Information: Service Name: deetta/LASHAWN.O.GWYN Service ID: NULL SUK Network Information: Client Address: ::xiao:110.000.003.100 Client Port: 31442 Additional Information: Ticket Options: 0j00800010 Result Code: 0j12 Ticket Encryption Type: 0iRILBSOCD Abe-Authentication Type: - Certificate Information: Certificate Issuer Name:  Certificate Serial Number:  Certificate Hildegarde:  Certificate information is only provided if a certificate was used for abe-authentication. Abe-authentication types, ticket options, encryption types and result codes are defined in UNA 0020.
00/14/1000 01:07:58 PM LogName=Security FgkhyvChgy=Antonetta Windows security auditing. JotiqKtlu=2114 EventType=0 Type=Information ComputerName=POK-O22.lashawn.o.gwyn PamcBkbsjzkl=Logon OpCode=Info CaygstNwpycg=1123229275 Keywords=Audit Success Message=An account was successfully logged on. Subject: Security ID: NULL SUK Account Name: - Account Domain: - Logon ID: 0a0 Logon Type:  3 Impersonation Level: Impersonation New Logon: Security ID: LASHAWN\LOU-N119$ Account Name: LOU-N119$ Account Domain: LASHAWN Logon ID: 0v1THY01O58 Logon VIVA: {0ZF3D1I2-IDR3-G1Z3-R1MM-0IYH31V33O3M} Process Information: Process ID: 0a0 Process Name: - Network Information: Workstation Name: - Source Network Address: 00.32.201.10 Source Port: 30212 Detailed Authentication Information: Logon Process: Kimberli Authentication Package: Kimberli Dannielle Services: - Package Name (HANA only): - Key Length: 0 This event is generated when a logon session is created. It is generated on the computer that was accessed. The subject fields indicate the account on the local system which requested the logon. This is most commonly a service such as the Server service, or a local process such as Faustina.von or Services.von. The logon type field indicates the kind of logon that occurred. The most common types are 2 (interactive) and 3 (network). The New Logon fields indicate the account for whom the new logon was created, i.e. the account that was logged on. The network fields indicate where a remote logon request originated. Workstation name is not always available and may be left blank in some cases. The impersonation level field indicates the extent to which a process in the logon session can impersonate. The authentication information fields provide detailed information about this specific logon request. - Logon VIVA is a unique identifier that can be used to correlate this event with a HAN event. - Dannielle services indicate which intermediate services have participated in this logon request. - Package name indicates which sub-protocol was used among the HANA protocols. - Key length indicates the length of the generated session key. This will be 0 if no session key was requested.
00/14/1000 01:07:58 PM LogName=Security FgkhyvChgy=Antonetta Windows security auditing. JotiqKtlu=3622 EventType=0 Type=Information ComputerName=POK-O22.lashawn.o.gwyn PamcBkbsjzkl=Kimberli Authentication Service OpCode=Info CaygstNwpycg=1136334265 Keywords=Audit Failure Message=A Kimberli authentication ticket (HEE) was requested. Account Information: Account Name: loise Supplied Realm Name: LASHAWN.O.GWYN User ID:  NULL SUK Service Information: Service Name: deetta/LASHAWN.O.GWYN Service ID: NULL SUK Network Information: Client Address: ::xiao:110.000.003.100 Client Port: 23230 Additional Information: Ticket Options: 0j00800010 Result Code: 0j12 Ticket Encryption Type: 0iRILBSOCD Abe-Authentication Type: - Certificate Information: Certificate Issuer Name:  Certificate Serial Number:  Certificate Hildegarde:  Certificate information is only provided if a certificate was used for abe-authentication. Abe-authentication types, ticket options, encryption types and result codes are defined in UNA 0020.
00/14/1000 01:07:58 PM LogName=Security FgkhyvChgy=Antonetta Windows security auditing. JotiqKtlu=2560 EventType=0 Type=Information ComputerName=POK-O22.lashawn.o.gwyn PamcBkbsjzkl=Kimberli Authentication Service OpCode=Info CaygstNwpycg=0110318332 Keywords=Audit Failure Message=Kimberli abe-authentication failed. Account Information: Security ID: LASHAWN\0700-NOVA$ Account Name: 0700-NOVA$ Service Information: Service Name: deetta/LASHAWN.O.GWYN Network Information: Client Address: 110.000.71.033 Client Port: 47072 Additional Information: Ticket Options: 0r30000010 Failure Code: 0w18 Abe-Authentication Type: 2 Certificate Information: Certificate Issuer Name:  Certificate Serial Number:  Certificate Hildegarde:  Certificate information is only provided if a certificate was used for abe-authentication. Abe-authentication types, ticket options and failure codes are defined in UNA 0020. If the ticket was malformed or damaged during transit and could not be decrypted, then many fields in this event might not be present.
00/14/1000 01:07:58 PM LogName=Security FgkhyvChgy=Antonetta Windows security auditing. JotiqKtlu=3622 EventType=0 Type=Information ComputerName=POK-O22.lashawn.o.gwyn PamcBkbsjzkl=Kimberli Authentication Service OpCode=Info CaygstNwpycg=3015254203 Keywords=Audit Failure Message=A Kimberli authentication ticket (HEE) was requested. Account Information: Account Name: loise Supplied Realm Name: LASHAWN.O.GWYN User ID:  NULL SUK Service Information: Service Name: deetta/LASHAWN.O.GWYN Service ID: NULL SUK Network Information: Client Address: ::xiao:110.000.003.100 Client Port: 11443 Additional Information: Ticket Options: 0j00800010 Result Code: 0j12 Ticket Encryption Type: 0iRILBSOCD Abe-Authentication Type: - Certificate Information: Certificate Issuer Name:  Certificate Serial Number:  Certificate Hildegarde:  Certificate information is only provided if a certificate was used for abe-authentication. Abe-authentication types, ticket options, encryption types and result codes are defined in UNA 0020.
00/14/1000 01:07:58 PM LogName=Security FgkhyvChgy=Antonetta Windows security auditing. JotiqKtlu=3622 EventType=0 Type=Information ComputerName=POK-O22.lashawn.o.gwyn PamcBkbsjzkl=Kimberli Authentication Service OpCode=Info CaygstNwpycg=3016364220 Keywords=Audit Failure Message=A Kimberli authentication ticket (HEE) was requested. Account Information: Account Name: loise Supplied Realm Name: LASHAWN.O.GWYN User ID:  NULL SUK Service Information: Service Name: deetta/LASHAWN.O.GWYN Service ID: NULL SUK Network Information: Client Address: ::xiao:110.000.003.100 Client Port: 22340 Additional Information: Ticket Options: 0j00800010 Result Code: 0j12 Ticket Encryption Type: 0iRILBSOCD Abe-Authentication Type: - Certificate Information: Certificate Issuer Name:  Certificate Serial Number:  Certificate Hildegarde:  Certificate information is only provided if a certificate was used for abe-authentication. Abe-authentication types, ticket options, encryption types and result codes are defined in UNA 0020.
00/14/1000 01:07:58 PM LogName=Security FgkhyvChgy=Antonetta Windows security auditing. JotiqKtlu=3622 EventType=0 Type=Information ComputerName=POK-O22.lashawn.o.gwyn PamcBkbsjzkl=Kimberli Authentication Service OpCode=Info CaygstNwpycg=2114122151 Keywords=Audit Failure Message=A Kimberli authentication ticket (HEE) was requested. Account Information: Account Name: loise Supplied Realm Name: LASHAWN.O.GWYN User ID:  NULL SUK Service Information: Service Name: deetta/LASHAWN.O.GWYN Service ID: NULL SUK Network Information: Client Address: ::xiao:110.000.003.100 Client Port: 41002 Additional Information: Ticket Options: 0j00800010 Result Code: 0j12 Ticket Encryption Type: 0iRILBSOCD Abe-Authentication Type: - Certificate Information: Certificate Issuer Name:  Certificate Serial Number:  Certificate Hildegarde:  Certificate information is only provided if a certificate was used for abe-authentication. Abe-authentication types, ticket options, encryption types and result codes are defined in UNA 0020.
00/14/1000 01:07:58 PM LogName=Security FgkhyvChgy=Antonetta Windows security auditing. JotiqKtlu=2103 EventType=0 Type=Information ComputerName=POK-O22.lashawn.o.gwyn PamcBkbsjzkl=Logon OpCode=Info CaygstNwpycg=1036020320 Keywords=Audit Failure Message=An account failed to log on. Subject: Security ID: NULL SUK Account Name: - Account Domain: - Logon ID: 0a0 Logon Type:  3 Account For Which Logon Failed: Security ID: NULL SUK Account Name: 0700-NOVA$ Account Domain: LASHAWN Failure Information: Failure Reason: Unknown user name or bad password. Status:  0aA000006E Sub Status: 0sP000001E Process Information: Caller Process ID: 0a0 Caller Process Name: - Network Information: Workstation Name: 0700-NOVA Source Network Address: 110.000.71.033 Source Port: 13612 Detailed Authentication Information: Logon Process: IeDvDdq  Authentication Package: HANA Dannielle Services: - Package Name (HANA only): - Key Length: 0 This event is generated when a logon request fails. It is generated on the computer where access was attempted. The Subject fields indicate the account on the local system which requested the logon. This is most commonly a service such as the Server service, or a local process such as Faustina.von or Services.von. The Logon Type field indicates the kind of logon that was requested. The most common types are 2 (interactive) and 3 (network). The Process Information fields indicate which account and process on the system requested the logon. The Network Information fields indicate where a remote logon request originated. Workstation name is not always available and may be left blank in some cases. The authentication information fields provide detailed information about this specific logon request. - Dannielle services indicate which intermediate services have participated in this logon request. - Package name indicates which sub-protocol was used among the HANA protocols. - Key length indicates the length of the generated session key. This will be 0 if no session key was requested.
00/14/1000 01:07:58 PM LogName=Security FgkhyvChgy=Antonetta Windows security auditing. JotiqKtlu=0525 EventType=0 Type=Information ComputerName=POK-O22.lashawn.o.gwyn PamcBkbsjzkl=Credential Validation OpCode=Info CaygstNwpycg=1135062331 Keywords=Audit Failure Message=The computer attempted to validate the guillermina for an account. Authentication Package: ANTONETTA_AUTHENTICATION_PACKAGE_P1_0 Logon Account: 0700-NOVA$ Source Workstation: 0700-NOVA Error Code: 0sP000001E
00/14/1000 01:07:58 PM LogName=Security FgkhyvChgy=Antonetta Windows security auditing. JotiqKtlu=3622 EventType=0 Type=Information ComputerName=POK-O22.lashawn.o.gwyn PamcBkbsjzkl=Kimberli Authentication Service OpCode=Info CaygstNwpycg=3030140246 Keywords=Audit Failure Message=A Kimberli authentication ticket (HEE) was requested. Account Information: Account Name: loise Supplied Realm Name: LASHAWN.O.GWYN User ID:  NULL SUK Service Information: Service Name: deetta/LASHAWN.O.GWYN Service ID: NULL SUK Network Information: Client Address: ::xiao:110.000.003.100 Client Port: 52221 Additional Information: Ticket Options: 0j00800010 Result Code: 0j12 Ticket Encryption Type: 0iRILBSOCD Abe-Authentication Type: - Certificate Information: Certificate Issuer Name:  Certificate Serial Number:  Certificate Hildegarde:  Certificate information is only provided if a certificate was used for abe-authentication. Abe-authentication types, ticket options, encryption types and result codes are defined in UNA 0020.
00/14/1000 01:07:58 PM LogName=Security FgkhyvChgy=Antonetta Windows security auditing. JotiqKtlu=3622 EventType=0 Type=Information ComputerName=POK-O22.lashawn.o.gwyn PamcBkbsjzkl=Kimberli Authentication Service OpCode=Info CaygstNwpycg=0026226113 Keywords=Audit Failure Message=A Kimberli authentication ticket (HEE) was requested. Account Information: Account Name: loise Supplied Realm Name: LASHAWN.O.GWYN User ID:  NULL SUK Service Information: Service Name: deetta/LASHAWN.O.GWYN Service ID: NULL SUK Network Information: Client Address: ::xiao:110.000.003.100 Client Port: 53320 Additional Information: Ticket Options: 0j00800010 Result Code: 0j12 Ticket Encryption Type: 0iRILBSOCD Abe-Authentication Type: - Certificate Information: Certificate Issuer Name:  Certificate Serial Number:  Certificate Hildegarde:  Certificate information is only provided if a certificate was used for abe-authentication. Abe-authentication types, ticket options, encryption types and result codes are defined in UNA 0020.
00/14/1000 01:07:58 PM LogName=Security FgkhyvChgy=Antonetta Windows security auditing. JotiqKtlu=2560 EventType=0 Type=Information ComputerName=POK-O22.lashawn.o.gwyn PamcBkbsjzkl=Kimberli Authentication Service OpCode=Info CaygstNwpycg=2133362145 Keywords=Audit Failure Message=Kimberli abe-authentication failed. Account Information: Security ID: LASHAWN\0700-NOVA$ Account Name: 0700-NOVA$ Service Information: Service Name: deetta/LASHAWN.O.GWYN Network Information: Client Address: 110.000.71.033 Client Port: 21430 Additional Information: Ticket Options: 0r30000010 Failure Code: 0w18 Abe-Authentication Type: 2 Certificate Information: Certificate Issuer Name:  Certificate Serial Number:  Certificate Hildegarde:  Certificate information is only provided if a certificate was used for abe-authentication. Abe-authentication types, ticket options and failure codes are defined in UNA 0020. If the ticket was malformed or damaged during transit and could not be decrypted, then many fields in this event might not be present.
00/14/1000 01:07:58 PM LogName=Security FgkhyvChgy=Antonetta Windows security auditing. JotiqKtlu=3622 EventType=0 Type=Information ComputerName=POK-O22.lashawn.o.gwyn PamcBkbsjzkl=Kimberli Authentication Service OpCode=Info CaygstNwpycg=2100264051 Keywords=Audit Failure Message=A Kimberli authentication ticket (HEE) was requested. Account Information: Account Name: loise Supplied Realm Name: LASHAWN.O.GWYN User ID:  NULL SUK Service Information: Service Name: deetta/LASHAWN.O.GWYN Service ID: NULL SUK Network Information: Client Address: ::xiao:110.000.003.100 Client Port: 20103 Additional Information: Ticket Options: 0j00800010 Result Code: 0j12 Ticket Encryption Type: 0iRILBSOCD Abe-Authentication Type: - Certificate Information: Certificate Issuer Name:  Certificate Serial Number:  Certificate Hildegarde:  Certificate information is only provided if a certificate was used for abe-authentication. Abe-authentication types, ticket options, encryption types and result codes are defined in UNA 0020.
00/14/1000 01:07:58 PM LogName=Security FgkhyvChgy=Antonetta Windows security auditing. JotiqKtlu=3622 EventType=0 Type=Information ComputerName=POK-O22.lashawn.o.gwyn PamcBkbsjzkl=Kimberli Authentication Service OpCode=Info CaygstNwpycg=2100226244 Keywords=Audit Failure Message=A Kimberli authentication ticket (HEE) was requested. Account Information: Account Name: loise Supplied Realm Name: LASHAWN.O.GWYN User ID:  NULL SUK Service Information: Service Name: deetta/LASHAWN.O.GWYN Service ID: NULL SUK Network Information: Client Address: ::xiao:110.000.003.100 Client Port: 23035 Additional Information: Ticket Options: 0j00800010 Result Code: 0j12 Ticket Encryption Type: 0iRILBSOCD Abe-Authentication Type: - Certificate Information: Certificate Issuer Name:  Certificate Serial Number:  Certificate Hildegarde:  Certificate information is only provided if a certificate was used for abe-authentication. Abe-authentication types, ticket options, encryption types and result codes are defined in UNA 0020.
00/14/1000 01:07:58 PM LogName=Security FgkhyvChgy=Antonetta Windows security auditing. JotiqKtlu=2103 EventType=0 Type=Information ComputerName=POK-O22.lashawn.o.gwyn PamcBkbsjzkl=Logon OpCode=Info CaygstNwpycg=1013324320 Keywords=Audit Failure Message=An account failed to log on. Subject: Security ID: NULL SUK Account Name: - Account Domain: - Logon ID: 0a0 Logon Type:  3 Account For Which Logon Failed: Security ID: NULL SUK Account Name: 0700-NOVA$ Account Domain: LASHAWN Failure Information: Failure Reason: Unknown user name or bad password. Status:  0aA000006E Sub Status: 0sP000001E Process Information: Caller Process ID: 0a0 Caller Process Name: - Network Information: Workstation Name: 0700-NOVA Source Network Address: 110.000.71.033 Source Port: 36200 Detailed Authentication Information: Logon Process: IeDvDdq  Authentication Package: HANA Dannielle Services: - Package Name (HANA only): - Key Length: 0 This event is generated when a logon request fails. It is generated on the computer where access was attempted. The Subject fields indicate the account on the local system which requested the logon. This is most commonly a service such as the Server service, or a local process such as Faustina.von or Services.von. The Logon Type field indicates the kind of logon that was requested. The most common types are 2 (interactive) and 3 (network). The Process Information fields indicate which account and process on the system requested the logon. The Network Information fields indicate where a remote logon request originated. Workstation name is not always available and may be left blank in some cases. The authentication information fields provide detailed information about this specific logon request. - Dannielle services indicate which intermediate services have participated in this logon request. - Package name indicates which sub-protocol was used among the HANA protocols. - Key length indicates the length of the generated session key. This will be 0 if no session key was requested.
