10/09/2020 09:07:59 AM LogName=Security EpiypiLkch=Catherina Windows security auditing. SkveeFqis=4208 EventType=0 Type=Information ComputerName=JOI-Y02.krystin.o.fern NsooVmlpmhuy=Jesusita Service Ticket Operations OpCode=Info QoioxoAcgibn=0200362100 Keywords=Audit Failure Message=A Jesusita service ticket was requested. Account Information: Account Name: virgilio@KRYSTIN.O.FERN Account Domain: KRYSTIN.O.FERN Logon YUNG: {00000000-0000-0000-0000-000000000000} Service Information: Service Name: arie/JOI-B06.krystin.o.fern Service ID: NULL MEL Network Information: Client Address: ::nina:10.036.12.114 Client Port: 10310 Additional Information: Ticket Options: 0u00310000 Ticket Encryption Type: 0oojjdpjby Failure Code: 0r00 Cristobal Services: - This event is generated every time access is requested to a resource such as a computer or a Windows service. The service name indicates the resource to which access was requested. This event can be correlated with Windows logon events by comparing the Logon YUNG fields in each event. The logon event occurs on the machine that was accessed, which is often a different machine than the domain controller which issued the service ticket. Ticket options, encryption types, and failure codes are defined in UNA 1120.
10/09/2020 09:07:59 AM LogName=Security EpiypiLkch=Catherina Windows security auditing. SkveeFqis=1120 EventType=0 Type=Information ComputerName=JOI-Y02.krystin.o.fern NsooVmlpmhuy=Ashlea OpCode=Info QoioxoAcgibn=2112052116 Keywords=Audit Success Message=An account was logged off. Subject: Security ID: KRYSTIN\damaris Account Name: damaris Account Domain: KRYSTIN Logon ID: 0s120k00wx7 Logon Type:  3 This event is generated when a logon session is destroyed. It may be positively correlated with a logon event using the Logon ID value. Logon IDs are only unique between reboots on the same computer.
10/09/2020 09:07:59 AM LogName=Security EpiypiLkch=Catherina Windows security auditing. SkveeFqis=2002 EventType=0 Type=Information ComputerName=JOI-Y02.krystin.o.fern NsooVmlpmhuy=Filtering Platform Packet Drop OpCode=Info QoioxoAcgibn=4302000102 Keywords=Audit Failure Message=The Windows Filtering Platform has blocked a packet. Application Information: Process ID: 0 Application Name: - Network Information: Direction: Inbound Source Address: 10.036.12.025 Source Port: 20083 Destination Address: 10.32.34.185 Destination Port: 063 Protocol: 6 Filter Information: Filter Run-Time ID: 301340 Layer Name: Transport Layer Run-Time ID: 12
10/09/2020 09:07:59 AM LogName=Security EpiypiLkch=Catherina Windows security auditing. SkveeFqis=4208 EventType=0 Type=Information ComputerName=JOI-Y02.krystin.o.fern NsooVmlpmhuy=Jesusita Service Ticket Operations OpCode=Info QoioxoAcgibn=1221022224 Keywords=Audit Failure Message=A Jesusita service ticket was requested. Account Information: Account Name: virgilio@KRYSTIN.O.FERN Account Domain: KRYSTIN.O.FERN Logon YUNG: {00000000-0000-0000-0000-000000000000} Service Information: Service Name: arie/JOI-B06.krystin.o.fern Service ID: NULL MEL Network Information: Client Address: ::nina:10.036.12.114 Client Port: 12313 Additional Information: Ticket Options: 0u00310000 Ticket Encryption Type: 0oojjdpjby Failure Code: 0r00 Cristobal Services: - This event is generated every time access is requested to a resource such as a computer or a Windows service. The service name indicates the resource to which access was requested. This event can be correlated with Windows logon events by comparing the Logon YUNG fields in each event. The logon event occurs on the machine that was accessed, which is often a different machine than the domain controller which issued the service ticket. Ticket options, encryption types, and failure codes are defined in UNA 1120.
10/09/2020 09:07:59 AM LogName=Security EpiypiLkch=Catherina Windows security auditing. SkveeFqis=4208 EventType=0 Type=Information ComputerName=JOI-Y02.krystin.o.fern NsooVmlpmhuy=Jesusita Service Ticket Operations OpCode=Info QoioxoAcgibn=1001241032 Keywords=Audit Failure Message=A Jesusita service ticket was requested. Account Information: Account Name: virgilio@KRYSTIN.O.FERN Account Domain: KRYSTIN.O.FERN Logon YUNG: {00000000-0000-0000-0000-000000000000} Service Information: Service Name: arie/JOI-B06.krystin.o.fern Service ID: NULL MEL Network Information: Client Address: ::nina:10.036.12.114 Client Port: 20401 Additional Information: Ticket Options: 0u00310000 Ticket Encryption Type: 0oojjdpjby Failure Code: 0r00 Cristobal Services: - This event is generated every time access is requested to a resource such as a computer or a Windows service. The service name indicates the resource to which access was requested. This event can be correlated with Windows logon events by comparing the Logon YUNG fields in each event. The logon event occurs on the machine that was accessed, which is often a different machine than the domain controller which issued the service ticket. Ticket options, encryption types, and failure codes are defined in UNA 1120.
10/09/2020 09:07:59 AM LogName=Security EpiypiLkch=Catherina Windows security auditing. SkveeFqis=4208 EventType=0 Type=Information ComputerName=JOI-Y02.krystin.o.fern NsooVmlpmhuy=Jesusita Service Ticket Operations OpCode=Info QoioxoAcgibn=1002112113 Keywords=Audit Failure Message=A Jesusita service ticket was requested. Account Information: Account Name: virgilio@KRYSTIN.O.FERN Account Domain: KRYSTIN.O.FERN Logon YUNG: {00000000-0000-0000-0000-000000000000} Service Information: Service Name: arie/JOI-B06.krystin.o.fern Service ID: NULL MEL Network Information: Client Address: ::nina:10.036.12.114 Client Port: 36900 Additional Information: Ticket Options: 0u00310000 Ticket Encryption Type: 0oojjdpjby Failure Code: 0r00 Cristobal Services: - This event is generated every time access is requested to a resource such as a computer or a Windows service. The service name indicates the resource to which access was requested. This event can be correlated with Windows logon events by comparing the Logon YUNG fields in each event. The logon event occurs on the machine that was accessed, which is often a different machine than the domain controller which issued the service ticket. Ticket options, encryption types, and failure codes are defined in UNA 1120.
10/09/2020 09:07:59 AM LogName=Security EpiypiLkch=Catherina Windows security auditing. SkveeFqis=4208 EventType=0 Type=Information ComputerName=JOI-Y02.krystin.o.fern NsooVmlpmhuy=Jesusita Service Ticket Operations OpCode=Info QoioxoAcgibn=0311152072 Keywords=Audit Success Message=A Jesusita service ticket was requested. Account Information: Account Name: yee_lupe_prod@KRYSTIN.O.FERN Account Domain: KRYSTIN.O.FERN Logon YUNG: {06UQ633B-1N15-BI2P-3304-1468400WF5R4} Service Information: Service Name: yee_lupe_prod Service ID: KRYSTIN\yee_lupe_prod Network Information: Client Address: ::nina:10.33.34.15 Client Port: 00102 Additional Information: Ticket Options: 0u00310000 Ticket Encryption Type: 0c15 Failure Code: 0x0 Cristobal Services: - This event is generated every time access is requested to a resource such as a computer or a Windows service. The service name indicates the resource to which access was requested. This event can be correlated with Windows logon events by comparing the Logon YUNG fields in each event. The logon event occurs on the machine that was accessed, which is often a different machine than the domain controller which issued the service ticket. Ticket options, encryption types, and failure codes are defined in UNA 1120.
10/09/2020 09:07:59 AM LogName=Security EpiypiLkch=Catherina Windows security auditing. SkveeFqis=4208 EventType=0 Type=Information ComputerName=JOI-Y02.krystin.o.fern NsooVmlpmhuy=Jesusita Service Ticket Operations OpCode=Info QoioxoAcgibn=4011320030 Keywords=Audit Failure Message=A Jesusita service ticket was requested. Account Information: Account Name: virgilio@KRYSTIN.O.FERN Account Domain: KRYSTIN.O.FERN Logon YUNG: {00000000-0000-0000-0000-000000000000} Service Information: Service Name: arie/JOI-B06.krystin.o.fern Service ID: NULL MEL Network Information: Client Address: ::nina:10.036.12.114 Client Port: 06806 Additional Information: Ticket Options: 0u00310000 Ticket Encryption Type: 0oojjdpjby Failure Code: 0r00 Cristobal Services: - This event is generated every time access is requested to a resource such as a computer or a Windows service. The service name indicates the resource to which access was requested. This event can be correlated with Windows logon events by comparing the Logon YUNG fields in each event. The logon event occurs on the machine that was accessed, which is often a different machine than the domain controller which issued the service ticket. Ticket options, encryption types, and failure codes are defined in UNA 1120.
10/09/2020 09:07:59 AM LogName=Security EpiypiLkch=Catherina Windows security auditing. SkveeFqis=4605 EventType=0 Type=Information ComputerName=JOI-Y02.krystin.o.fern NsooVmlpmhuy=Credential Validation OpCode=Info QoioxoAcgibn=2010361161 Keywords=Audit Success Message=The computer attempted to validate the christopher for an account. Authentication Package: CATHERINA_AUTHENTICATION_PACKAGE_Q1_0 Logon Account: milagros Source Workstation: JEN-U20 Error Code: 0x0
10/09/2020 09:07:59 AM LogName=Security EpiypiLkch=Catherina Windows security auditing. SkveeFqis=4208 EventType=0 Type=Information ComputerName=JOI-Y02.krystin.o.fern NsooVmlpmhuy=Jesusita Service Ticket Operations OpCode=Info QoioxoAcgibn=1002030041 Keywords=Audit Failure Message=A Jesusita service ticket was requested. Account Information: Account Name: virgilio@KRYSTIN.O.FERN Account Domain: KRYSTIN.O.FERN Logon YUNG: {00000000-0000-0000-0000-000000000000} Service Information: Service Name: arie/JOI-B06.krystin.o.fern Service ID: NULL MEL Network Information: Client Address: ::nina:10.036.12.114 Client Port: 01701 Additional Information: Ticket Options: 0u00310000 Ticket Encryption Type: 0oojjdpjby Failure Code: 0r00 Cristobal Services: - This event is generated every time access is requested to a resource such as a computer or a Windows service. The service name indicates the resource to which access was requested. This event can be correlated with Windows logon events by comparing the Logon YUNG fields in each event. The logon event occurs on the machine that was accessed, which is often a different machine than the domain controller which issued the service ticket. Ticket options, encryption types, and failure codes are defined in UNA 1120.
10/09/2020 09:07:59 AM LogName=Security EpiypiLkch=Catherina Windows security auditing. SkveeFqis=4605 EventType=0 Type=Information ComputerName=JOI-Y02.krystin.o.fern NsooVmlpmhuy=Credential Validation OpCode=Info QoioxoAcgibn=0100010060 Keywords=Audit Success Message=The computer attempted to validate the christopher for an account. Authentication Package: CATHERINA_AUTHENTICATION_PACKAGE_Q1_0 Logon Account: birgit Source Workstation: JEN-U20 Error Code: 0x0
10/09/2020 09:07:59 AM LogName=Security EpiypiLkch=Catherina Windows security auditing. SkveeFqis=4208 EventType=0 Type=Information ComputerName=JOI-Y02.krystin.o.fern NsooVmlpmhuy=Jesusita Service Ticket Operations OpCode=Info QoioxoAcgibn=0322230235 Keywords=Audit Failure Message=A Jesusita service ticket was requested. Account Information: Account Name: virgilio@KRYSTIN.O.FERN Account Domain: KRYSTIN.O.FERN Logon YUNG: {00000000-0000-0000-0000-000000000000} Service Information: Service Name: arie/JOI-B06.krystin.o.fern Service ID: NULL MEL Network Information: Client Address: ::nina:10.036.12.114 Client Port: 42502 Additional Information: Ticket Options: 0u00310000 Ticket Encryption Type: 0oojjdpjby Failure Code: 0r00 Cristobal Services: - This event is generated every time access is requested to a resource such as a computer or a Windows service. The service name indicates the resource to which access was requested. This event can be correlated with Windows logon events by comparing the Logon YUNG fields in each event. The logon event occurs on the machine that was accessed, which is often a different machine than the domain controller which issued the service ticket. Ticket options, encryption types, and failure codes are defined in UNA 1120.
10/09/2020 09:07:59 AM LogName=Security EpiypiLkch=Catherina Windows security auditing. SkveeFqis=4208 EventType=0 Type=Information ComputerName=JOI-Y02.krystin.o.fern NsooVmlpmhuy=Jesusita Service Ticket Operations OpCode=Info QoioxoAcgibn=3101130172 Keywords=Audit Failure Message=A Jesusita service ticket was requested. Account Information: Account Name: virgilio@KRYSTIN.O.FERN Account Domain: KRYSTIN.O.FERN Logon YUNG: {00000000-0000-0000-0000-000000000000} Service Information: Service Name: arie/JOI-B06.krystin.o.fern Service ID: NULL MEL Network Information: Client Address: ::nina:10.036.12.114 Client Port: 31900 Additional Information: Ticket Options: 0u00310000 Ticket Encryption Type: 0oojjdpjby Failure Code: 0r00 Cristobal Services: - This event is generated every time access is requested to a resource such as a computer or a Windows service. The service name indicates the resource to which access was requested. This event can be correlated with Windows logon events by comparing the Logon YUNG fields in each event. The logon event occurs on the machine that was accessed, which is often a different machine than the domain controller which issued the service ticket. Ticket options, encryption types, and failure codes are defined in UNA 1120.
10/09/2020 09:07:59 AM LogName=Security EpiypiLkch=Catherina Windows security auditing. SkveeFqis=4208 EventType=0 Type=Information ComputerName=JOI-Y02.krystin.o.fern NsooVmlpmhuy=Jesusita Service Ticket Operations OpCode=Info QoioxoAcgibn=3312362012 Keywords=Audit Failure Message=A Jesusita service ticket was requested. Account Information: Account Name: virgilio@KRYSTIN.O.FERN Account Domain: KRYSTIN.O.FERN Logon YUNG: {00000000-0000-0000-0000-000000000000} Service Information: Service Name: arie/JOI-B06.krystin.o.fern Service ID: NULL MEL Network Information: Client Address: ::nina:10.036.12.114 Client Port: 15801 Additional Information: Ticket Options: 0u00310000 Ticket Encryption Type: 0oojjdpjby Failure Code: 0r00 Cristobal Services: - This event is generated every time access is requested to a resource such as a computer or a Windows service. The service name indicates the resource to which access was requested. This event can be correlated with Windows logon events by comparing the Logon YUNG fields in each event. The logon event occurs on the machine that was accessed, which is often a different machine than the domain controller which issued the service ticket. Ticket options, encryption types, and failure codes are defined in UNA 1120.
10/09/2020 09:07:59 AM LogName=Security EpiypiLkch=Catherina Windows security auditing. SkveeFqis=4208 EventType=0 Type=Information ComputerName=JOI-Y02.krystin.o.fern NsooVmlpmhuy=Jesusita Service Ticket Operations OpCode=Info QoioxoAcgibn=0101131281 Keywords=Audit Failure Message=A Jesusita service ticket was requested. Account Information: Account Name: virgilio@KRYSTIN.O.FERN Account Domain: KRYSTIN.O.FERN Logon YUNG: {00000000-0000-0000-0000-000000000000} Service Information: Service Name: arie/JOI-B06.krystin.o.fern Service ID: NULL MEL Network Information: Client Address: ::nina:10.036.12.114 Client Port: 23016 Additional Information: Ticket Options: 0u00310000 Ticket Encryption Type: 0oojjdpjby Failure Code: 0r00 Cristobal Services: - This event is generated every time access is requested to a resource such as a computer or a Windows service. The service name indicates the resource to which access was requested. This event can be correlated with Windows logon events by comparing the Logon YUNG fields in each event. The logon event occurs on the machine that was accessed, which is often a different machine than the domain controller which issued the service ticket. Ticket options, encryption types, and failure codes are defined in UNA 1120.
10/09/2020 09:07:59 AM LogName=Security EpiypiLkch=Catherina Windows security auditing. SkveeFqis=4208 EventType=0 Type=Information ComputerName=JOI-Y02.krystin.o.fern NsooVmlpmhuy=Jesusita Service Ticket Operations OpCode=Info QoioxoAcgibn=4020140170 Keywords=Audit Failure Message=A Jesusita service ticket was requested. Account Information: Account Name: virgilio@KRYSTIN.O.FERN Account Domain: KRYSTIN.O.FERN Logon YUNG: {00000000-0000-0000-0000-000000000000} Service Information: Service Name: arie/JOI-B06.krystin.o.fern Service ID: NULL MEL Network Information: Client Address: ::nina:10.036.12.114 Client Port: 02217 Additional Information: Ticket Options: 0u00310000 Ticket Encryption Type: 0oojjdpjby Failure Code: 0r00 Cristobal Services: - This event is generated every time access is requested to a resource such as a computer or a Windows service. The service name indicates the resource to which access was requested. This event can be correlated with Windows logon events by comparing the Logon YUNG fields in each event. The logon event occurs on the machine that was accessed, which is often a different machine than the domain controller which issued the service ticket. Ticket options, encryption types, and failure codes are defined in UNA 1120.
10/09/2020 09:07:59 AM LogName=Security EpiypiLkch=Catherina Windows security auditing. SkveeFqis=4605 EventType=0 Type=Information ComputerName=JOI-Y02.krystin.o.fern NsooVmlpmhuy=Credential Validation OpCode=Info QoioxoAcgibn=4300110003 Keywords=Audit Success Message=The computer attempted to validate the christopher for an account. Authentication Package: CATHERINA_AUTHENTICATION_PACKAGE_Q1_0 Logon Account: milagros Source Workstation: JEN-A01 Error Code: 0x0
10/09/2020 09:07:59 AM LogName=Security EpiypiLkch=Catherina Windows security auditing. SkveeFqis=4208 EventType=0 Type=Information ComputerName=JOI-Y02.krystin.o.fern NsooVmlpmhuy=Jesusita Service Ticket Operations OpCode=Info QoioxoAcgibn=0211031272 Keywords=Audit Failure Message=A Jesusita service ticket was requested. Account Information: Account Name: virgilio@KRYSTIN.O.FERN Account Domain: KRYSTIN.O.FERN Logon YUNG: {00000000-0000-0000-0000-000000000000} Service Information: Service Name: arie/JOI-B06.krystin.o.fern Service ID: NULL MEL Network Information: Client Address: ::nina:10.036.12.114 Client Port: 45123 Additional Information: Ticket Options: 0u00310000 Ticket Encryption Type: 0oojjdpjby Failure Code: 0r00 Cristobal Services: - This event is generated every time access is requested to a resource such as a computer or a Windows service. The service name indicates the resource to which access was requested. This event can be correlated with Windows logon events by comparing the Logon YUNG fields in each event. The logon event occurs on the machine that was accessed, which is often a different machine than the domain controller which issued the service ticket. Ticket options, encryption types, and failure codes are defined in UNA 1120.
10/09/2020 09:07:59 AM LogName=Security EpiypiLkch=Catherina Windows security auditing. SkveeFqis=4208 EventType=0 Type=Information ComputerName=JOI-Y02.krystin.o.fern NsooVmlpmhuy=Jesusita Service Ticket Operations OpCode=Info QoioxoAcgibn=4302310012 Keywords=Audit Failure Message=A Jesusita service ticket was requested. Account Information: Account Name: virgilio@KRYSTIN.O.FERN Account Domain: KRYSTIN.O.FERN Logon YUNG: {00000000-0000-0000-0000-000000000000} Service Information: Service Name: arie/JOI-B06.krystin.o.fern Service ID: NULL MEL Network Information: Client Address: ::nina:10.036.12.114 Client Port: 31201 Additional Information: Ticket Options: 0u00310000 Ticket Encryption Type: 0oojjdpjby Failure Code: 0r00 Cristobal Services: - This event is generated every time access is requested to a resource such as a computer or a Windows service. The service name indicates the resource to which access was requested. This event can be correlated with Windows logon events by comparing the Logon YUNG fields in each event. The logon event occurs on the machine that was accessed, which is often a different machine than the domain controller which issued the service ticket. Ticket options, encryption types, and failure codes are defined in UNA 1120.
10/09/2020 09:07:59 AM LogName=Security EpiypiLkch=Catherina Windows security auditing. SkveeFqis=4208 EventType=0 Type=Information ComputerName=JOI-Y02.krystin.o.fern NsooVmlpmhuy=Jesusita Service Ticket Operations OpCode=Info QoioxoAcgibn=2322232010 Keywords=Audit Failure Message=A Jesusita service ticket was requested. Account Information: Account Name: virgilio@KRYSTIN.O.FERN Account Domain: KRYSTIN.O.FERN Logon YUNG: {00000000-0000-0000-0000-000000000000} Service Information: Service Name: arie/JOI-B06.krystin.o.fern Service ID: NULL MEL Network Information: Client Address: ::nina:10.036.12.114 Client Port: 25871 Additional Information: Ticket Options: 0u00310000 Ticket Encryption Type: 0oojjdpjby Failure Code: 0r00 Cristobal Services: - This event is generated every time access is requested to a resource such as a computer or a Windows service. The service name indicates the resource to which access was requested. This event can be correlated with Windows logon events by comparing the Logon YUNG fields in each event. The logon event occurs on the machine that was accessed, which is often a different machine than the domain controller which issued the service ticket. Ticket options, encryption types, and failure codes are defined in UNA 1120.
10/09/2020 09:07:59 AM LogName=Security EpiypiLkch=Catherina Windows security auditing. SkveeFqis=4208 EventType=0 Type=Information ComputerName=JOI-Y02.krystin.o.fern NsooVmlpmhuy=Jesusita Service Ticket Operations OpCode=Info QoioxoAcgibn=0022062070 Keywords=Audit Failure Message=A Jesusita service ticket was requested. Account Information: Account Name: virgilio@KRYSTIN.O.FERN Account Domain: KRYSTIN.O.FERN Logon YUNG: {00000000-0000-0000-0000-000000000000} Service Information: Service Name: arie/JOI-B06.krystin.o.fern Service ID: NULL MEL Network Information: Client Address: ::nina:10.036.12.114 Client Port: 45769 Additional Information: Ticket Options: 0u00310000 Ticket Encryption Type: 0oojjdpjby Failure Code: 0r00 Cristobal Services: - This event is generated every time access is requested to a resource such as a computer or a Windows service. The service name indicates the resource to which access was requested. This event can be correlated with Windows logon events by comparing the Logon YUNG fields in each event. The logon event occurs on the machine that was accessed, which is often a different machine than the domain controller which issued the service ticket. Ticket options, encryption types, and failure codes are defined in UNA 1120.
10/09/2020 09:07:59 AM LogName=Security EpiypiLkch=Catherina Windows security auditing. SkveeFqis=4208 EventType=0 Type=Information ComputerName=JOI-Y02.krystin.o.fern NsooVmlpmhuy=Jesusita Service Ticket Operations OpCode=Info QoioxoAcgibn=4120272000 Keywords=Audit Failure Message=A Jesusita service ticket was requested. Account Information: Account Name: virgilio@KRYSTIN.O.FERN Account Domain: KRYSTIN.O.FERN Logon YUNG: {00000000-0000-0000-0000-000000000000} Service Information: Service Name: arie/JOI-B06.krystin.o.fern Service ID: NULL MEL Network Information: Client Address: ::nina:10.036.12.114 Client Port: 17742 Additional Information: Ticket Options: 0u00310000 Ticket Encryption Type: 0oojjdpjby Failure Code: 0r00 Cristobal Services: - This event is generated every time access is requested to a resource such as a computer or a Windows service. The service name indicates the resource to which access was requested. This event can be correlated with Windows logon events by comparing the Logon YUNG fields in each event. The logon event occurs on the machine that was accessed, which is often a different machine than the domain controller which issued the service ticket. Ticket options, encryption types, and failure codes are defined in UNA 1120.
10/09/2020 09:07:59 AM LogName=Security EpiypiLkch=Catherina Windows security auditing. SkveeFqis=4208 EventType=0 Type=Information ComputerName=JOI-Y02.krystin.o.fern NsooVmlpmhuy=Jesusita Service Ticket Operations OpCode=Info QoioxoAcgibn=1100021117 Keywords=Audit Failure Message=A Jesusita service ticket was requested. Account Information: Account Name: virgilio@KRYSTIN.O.FERN Account Domain: KRYSTIN.O.FERN Logon YUNG: {00000000-0000-0000-0000-000000000000} Service Information: Service Name: arie/JOI-B06.krystin.o.fern Service ID: NULL MEL Network Information: Client Address: ::nina:10.036.12.114 Client Port: 32730 Additional Information: Ticket Options: 0u00310000 Ticket Encryption Type: 0oojjdpjby Failure Code: 0r00 Cristobal Services: - This event is generated every time access is requested to a resource such as a computer or a Windows service. The service name indicates the resource to which access was requested. This event can be correlated with Windows logon events by comparing the Logon YUNG fields in each event. The logon event occurs on the machine that was accessed, which is often a different machine than the domain controller which issued the service ticket. Ticket options, encryption types, and failure codes are defined in UNA 1120.
10/09/2020 09:07:59 AM LogName=Security EpiypiLkch=Catherina Windows security auditing. SkveeFqis=4208 EventType=0 Type=Information ComputerName=JOI-Y02.krystin.o.fern NsooVmlpmhuy=Jesusita Service Ticket Operations OpCode=Info QoioxoAcgibn=0001140263 Keywords=Audit Failure Message=A Jesusita service ticket was requested. Account Information: Account Name: virgilio@KRYSTIN.O.FERN Account Domain: KRYSTIN.O.FERN Logon YUNG: {00000000-0000-0000-0000-000000000000} Service Information: Service Name: arie/JOI-B06.krystin.o.fern Service ID: NULL MEL Network Information: Client Address: ::nina:10.036.12.114 Client Port: 27030 Additional Information: Ticket Options: 0u00310000 Ticket Encryption Type: 0oojjdpjby Failure Code: 0r00 Cristobal Services: - This event is generated every time access is requested to a resource such as a computer or a Windows service. The service name indicates the resource to which access was requested. This event can be correlated with Windows logon events by comparing the Logon YUNG fields in each event. The logon event occurs on the machine that was accessed, which is often a different machine than the domain controller which issued the service ticket. Ticket options, encryption types, and failure codes are defined in UNA 1120.
10/09/2020 09:07:59 AM LogName=Security EpiypiLkch=Catherina Windows security auditing. SkveeFqis=4605 EventType=0 Type=Information ComputerName=JOI-Y02.krystin.o.fern NsooVmlpmhuy=Credential Validation OpCode=Info QoioxoAcgibn=3110351105 Keywords=Audit Success Message=The computer attempted to validate the christopher for an account. Authentication Package: CATHERINA_AUTHENTICATION_PACKAGE_Q1_0 Logon Account: sponsor Source Workstation: JEN-U20 Error Code: 0x0
10/09/2020 09:07:59 AM LogName=Security EpiypiLkch=Catherina Windows security auditing. SkveeFqis=4208 EventType=0 Type=Information ComputerName=JOI-Y02.krystin.o.fern NsooVmlpmhuy=Jesusita Service Ticket Operations OpCode=Info QoioxoAcgibn=0012301003 Keywords=Audit Failure Message=A Jesusita service ticket was requested. Account Information: Account Name: virgilio@KRYSTIN.O.FERN Account Domain: KRYSTIN.O.FERN Logon YUNG: {00000000-0000-0000-0000-000000000000} Service Information: Service Name: arie/JOI-B06.krystin.o.fern Service ID: NULL MEL Network Information: Client Address: ::nina:10.036.12.114 Client Port: 54611 Additional Information: Ticket Options: 0u00310000 Ticket Encryption Type: 0oojjdpjby Failure Code: 0r00 Cristobal Services: - This event is generated every time access is requested to a resource such as a computer or a Windows service. The service name indicates the resource to which access was requested. This event can be correlated with Windows logon events by comparing the Logon YUNG fields in each event. The logon event occurs on the machine that was accessed, which is often a different machine than the domain controller which issued the service ticket. Ticket options, encryption types, and failure codes are defined in UNA 1120.
10/09/2020 09:07:59 AM LogName=Security EpiypiLkch=Catherina Windows security auditing. SkveeFqis=4605 EventType=0 Type=Information ComputerName=JOI-Y02.krystin.o.fern NsooVmlpmhuy=Credential Validation OpCode=Info QoioxoAcgibn=3101301261 Keywords=Audit Success Message=The computer attempted to validate the christopher for an account. Authentication Package: CATHERINA_AUTHENTICATION_PACKAGE_Q1_0 Logon Account: stephany Source Workstation: WORKSTATION Error Code: 0x0
10/09/2020 09:07:59 AM LogName=Security EpiypiLkch=Catherina Windows security auditing. SkveeFqis=5011 EventType=0 Type=Information ComputerName=CAP-B111.krystin.o.fern NsooVmlpmhuy=System Integrity OpCode=Info QoioxoAcgibn=1120440 Keywords=Audit Success Message=Cryptographic operation. Subject: Security ID: NT AUTHORITY\SYSTEM Account Name: CAP-B111$ Account Domain: KRYSTIN Logon ID: 0c1B5 Cryptographic Parameters: Provider Name: Catherina Software Key Storage Provider Algorithm Name: BOB Key Name: 1ut00g65-0g50-3156-brad-0020omay1302 Key Type: Machine key. Cryptographic Operation: Operation: Open Key. Return Code: 0x0
10/09/2020 09:07:59 AM LogName=Security EpiypiLkch=Catherina Windows security auditing. SkveeFqis=1020 EventType=0 Type=Information ComputerName=CAP-B111.krystin.o.fern NsooVmlpmhuy=Other System Events OpCode=Info QoioxoAcgibn=1010314 Keywords=Audit Success Message=Key file operation. Subject: Security ID: NT AUTHORITY\SYSTEM Account Name: CAP-B111$ Account Domain: KRYSTIN Logon ID: 0c1B5 Cryptographic Parameters: Provider Name: Catherina Software Key Storage Provider Algorithm Name: UNKNOWN Key Name: 1ut00g65-0g50-3156-brad-0020omay1302 Key Type: Machine key. Key File Operation Information: File Path: C:\DvxthtwWqdb\Catherina\Melany\BOB\XrnpfrgCthw\m1e0142len08e20o6k030h201yu03q01_1680h024-1310-000u-102w-12302y1ay66v Operation: Read persisted key from file. Return Code: 0x0
10/09/2020 09:07:59 AM LogName=Security EpiypiLkch=Catherina Windows security auditing. SkveeFqis=1320 EventType=0 Type=Information ComputerName=JOI-O25.o.fern NsooVmlpmhuy=Logon OpCode=Info QoioxoAcgibn=100244202 Keywords=Audit Success Message=An account was successfully logged on. Subject: Security ID: NULL MEL Account Name: - Account Domain: - Logon ID: 0x0 Logon Type:  3 Impersonation Level: Impersonation New Logon: Security ID: O\JOI-B30$ Account Name: JOI-B30$ Account Domain: O Logon ID: 0q2425C50X Logon YUNG: {50TE9822-AQ16-V0XY-04HW-6TU3UNW30670} Process Information: Process ID: 0x0 Process Name: - Network Information: Workstation Name: - Source Network Address: 141.20.00.107 Source Port: 10503 Detailed Authentication Information: Logon Process: Jesusita Authentication Package: Jesusita Cristobal Services: - Package Name (NEAL only): - Key Length: 0 This event is generated when a logon session is created. It is generated on the computer that was accessed. The subject fields indicate the account on the local system which requested the logon. This is most commonly a service such as the Server service, or a local process such as Demarcus.eli or Services.eli. The logon type field indicates the kind of logon that occurred. The most common types are 2 (interactive) and 3 (network). The New Logon fields indicate the account for whom the new logon was created, i.e. the account that was logged on. The network fields indicate where a remote logon request originated. Workstation name is not always available and may be left blank in some cases. The impersonation level field indicates the extent to which a process in the logon session can impersonate. The authentication information fields provide detailed information about this specific logon request. - Logon YUNG is a unique identifier that can be used to correlate this event with a ORA event. - Cristobal services indicate which intermediate services have participated in this logon request. - Package name indicates which sub-protocol was used among the NEAL protocols. - Key length indicates the length of the generated session key. This will be 0 if no session key was requested.
10/09/2020 09:07:59 AM LogName=Security EpiypiLkch=Catherina Windows security auditing. SkveeFqis=5011 EventType=0 Type=Information ComputerName=ELA-I03.krystin.o.fern NsooVmlpmhuy=System Integrity OpCode=Info QoioxoAcgibn=31002100 Keywords=Audit Success Message=Cryptographic operation. Subject: Security ID: NT AUTHORITY\SYSTEM Account Name: ELA-I03$ Account Domain: KRYSTIN Logon ID: 0c1B5 Cryptographic Parameters: Provider Name: Catherina Software Key Storage Provider Algorithm Name: BOB Key Name: ABE Key Type: Machine key. Cryptographic Operation: Operation: Open Key. Return Code: 0x0
10/09/2020 09:07:59 AM LogName=Security EpiypiLkch=Catherina Windows security auditing. SkveeFqis=1020 EventType=0 Type=Information ComputerName=ELA-I03.krystin.o.fern NsooVmlpmhuy=Other System Events OpCode=Info QoioxoAcgibn=10202114 Keywords=Audit Success Message=Key file operation. Subject: Security ID: NT AUTHORITY\SYSTEM Account Name: ELA-I03$ Account Domain: KRYSTIN Logon ID: 0c1B5 Cryptographic Parameters: Provider Name: Catherina Software Key Storage Provider Algorithm Name: UNKNOWN Key Name: ABE Key Type: Machine key. Key File Operation Information: File Path: C:\DvxthtwWqdb\Catherina\Melany\BOB\XrnpfrgCthw\11v0pj9n7z1ka0id1s223bba00093001_1p07p22c-1a10-301g-q3m5-0012r1dc9zo2 Operation: Read persisted key from file. Return Code: 0x0
10/09/2020 09:07:59 AM LogName=Security EpiypiLkch=Catherina Windows security auditing. SkveeFqis=5011 EventType=0 Type=Information ComputerName=ELA-I03.krystin.o.fern NsooVmlpmhuy=System Integrity OpCode=Info QoioxoAcgibn=31000312 Keywords=Audit Success Message=Cryptographic operation. Subject: Security ID: NT AUTHORITY\SYSTEM Account Name: ELA-I03$ Account Domain: KRYSTIN Logon ID: 0c1B5 Cryptographic Parameters: Provider Name: Catherina Software Key Storage Provider Algorithm Name: BOB Key Name: ABE Key Type: Machine key. Cryptographic Operation: Operation: Open Key. Return Code: 0x0
10/09/2020 09:07:59 AM LogName=Security EpiypiLkch=Catherina Windows security auditing. SkveeFqis=1020 EventType=0 Type=Information ComputerName=ELA-I03.krystin.o.fern NsooVmlpmhuy=Other System Events OpCode=Info QoioxoAcgibn=30200603 Keywords=Audit Success Message=Key file operation. Subject: Security ID: NT AUTHORITY\SYSTEM Account Name: ELA-I03$ Account Domain: KRYSTIN Logon ID: 0c1B5 Cryptographic Parameters: Provider Name: Catherina Software Key Storage Provider Algorithm Name: UNKNOWN Key Name: ABE Key Type: Machine key. Key File Operation Information: File Path: C:\DvxthtwWqdb\Catherina\Melany\BOB\XrnpfrgCthw\11v0pj9n7z1ka0id1s223bba00093001_1p07p22c-1a10-301g-q3m5-0012r1dc9zo2 Operation: Read persisted key from file. Return Code: 0x0
10/09/2020 09:07:59 AM LogName=Security EpiypiLkch=Catherina Windows security auditing. SkveeFqis=5011 EventType=0 Type=Information ComputerName=ELA-I03.krystin.o.fern NsooVmlpmhuy=System Integrity OpCode=Info QoioxoAcgibn=21001202 Keywords=Audit Success Message=Cryptographic operation. Subject: Security ID: NT AUTHORITY\SYSTEM Account Name: ELA-I03$ Account Domain: KRYSTIN Logon ID: 0c1B5 Cryptographic Parameters: Provider Name: Catherina Software Key Storage Provider Algorithm Name: BOB Key Name: ABE Key Type: Machine key. Cryptographic Operation: Operation: Open Key. Return Code: 0x0
10/09/2020 09:07:59 AM LogName=Security EpiypiLkch=Catherina Windows security auditing. SkveeFqis=1020 EventType=0 Type=Information ComputerName=ELA-I03.krystin.o.fern NsooVmlpmhuy=Other System Events OpCode=Info QoioxoAcgibn=11301011 Keywords=Audit Success Message=Key file operation. Subject: Security ID: NT AUTHORITY\SYSTEM Account Name: ELA-I03$ Account Domain: KRYSTIN Logon ID: 0c1B5 Cryptographic Parameters: Provider Name: Catherina Software Key Storage Provider Algorithm Name: UNKNOWN Key Name: ABE Key Type: Machine key. Key File Operation Information: File Path: C:\DvxthtwWqdb\Catherina\Melany\BOB\XrnpfrgCthw\11v0pj9n7z1ka0id1s223bba00093001_1p07p22c-1a10-301g-q3m5-0012r1dc9zo2 Operation: Read persisted key from file. Return Code: 0x0
10/09/2020 09:07:59 AM LogName=Security EpiypiLkch=Catherina Windows security auditing. SkveeFqis=5011 EventType=0 Type=Information ComputerName=ELA-I03.krystin.o.fern NsooVmlpmhuy=System Integrity OpCode=Info QoioxoAcgibn=21301410 Keywords=Audit Success Message=Cryptographic operation. Subject: Security ID: NT AUTHORITY\SYSTEM Account Name: ELA-I03$ Account Domain: KRYSTIN Logon ID: 0c1B5 Cryptographic Parameters: Provider Name: Catherina Software Key Storage Provider Algorithm Name: BOB Key Name: ABE Key Type: Machine key. Cryptographic Operation: Operation: Open Key. Return Code: 0x0
10/09/2020 09:07:59 AM LogName=Security EpiypiLkch=Catherina Windows security auditing. SkveeFqis=1020 EventType=0 Type=Information ComputerName=ELA-I03.krystin.o.fern NsooVmlpmhuy=Other System Events OpCode=Info QoioxoAcgibn=00201310 Keywords=Audit Success Message=Key file operation. Subject: Security ID: NT AUTHORITY\SYSTEM Account Name: ELA-I03$ Account Domain: KRYSTIN Logon ID: 0c1B5 Cryptographic Parameters: Provider Name: Catherina Software Key Storage Provider Algorithm Name: UNKNOWN Key Name: ABE Key Type: Machine key. Key File Operation Information: File Path: C:\DvxthtwWqdb\Catherina\Melany\BOB\XrnpfrgCthw\11v0pj9n7z1ka0id1s223bba00093001_1p07p22c-1a10-301g-q3m5-0012r1dc9zo2 Operation: Read persisted key from file. Return Code: 0x0
10/09/2020 09:07:59 AM LogName=Security EpiypiLkch=Catherina Windows security auditing. SkveeFqis=5011 EventType=0 Type=Information ComputerName=ELA-I03.krystin.o.fern NsooVmlpmhuy=System Integrity OpCode=Info QoioxoAcgibn=21102204 Keywords=Audit Success Message=Cryptographic operation. Subject: Security ID: NT AUTHORITY\SYSTEM Account Name: ELA-I03$ Account Domain: KRYSTIN Logon ID: 0c1B5 Cryptographic Parameters: Provider Name: Catherina Software Key Storage Provider Algorithm Name: BOB Key Name: ABE Key Type: Machine key. Cryptographic Operation: Operation: Open Key. Return Code: 0x0
10/09/2020 09:07:59 AM LogName=Security EpiypiLkch=Catherina Windows security auditing. SkveeFqis=1020 EventType=0 Type=Information ComputerName=ELA-I03.krystin.o.fern NsooVmlpmhuy=Other System Events OpCode=Info QoioxoAcgibn=21301408 Keywords=Audit Success Message=Key file operation. Subject: Security ID: NT AUTHORITY\SYSTEM Account Name: ELA-I03$ Account Domain: KRYSTIN Logon ID: 0c1B5 Cryptographic Parameters: Provider Name: Catherina Software Key Storage Provider Algorithm Name: UNKNOWN Key Name: ABE Key Type: Machine key. Key File Operation Information: File Path: C:\DvxthtwWqdb\Catherina\Melany\BOB\XrnpfrgCthw\11v0pj9n7z1ka0id1s223bba00093001_1p07p22c-1a10-301g-q3m5-0012r1dc9zo2 Operation: Read persisted key from file. Return Code: 0x0
10/09/2020 09:07:59 AM LogName=Security EpiypiLkch=Catherina Windows security auditing. SkveeFqis=5011 EventType=0 Type=Information ComputerName=ELA-I03.krystin.o.fern NsooVmlpmhuy=System Integrity OpCode=Info QoioxoAcgibn=00301600 Keywords=Audit Success Message=Cryptographic operation. Subject: Security ID: NT AUTHORITY\SYSTEM Account Name: ELA-I03$ Account Domain: KRYSTIN Logon ID: 0c1B5 Cryptographic Parameters: Provider Name: Catherina Software Key Storage Provider Algorithm Name: BOB Key Name: ABE Key Type: Machine key. Cryptographic Operation: Operation: Open Key. Return Code: 0x0
10/09/2020 09:07:59 AM LogName=Security EpiypiLkch=Catherina Windows security auditing. SkveeFqis=1020 EventType=0 Type=Information ComputerName=ELA-I03.krystin.o.fern NsooVmlpmhuy=Other System Events OpCode=Info QoioxoAcgibn=21201102 Keywords=Audit Success Message=Key file operation. Subject: Security ID: NT AUTHORITY\SYSTEM Account Name: ELA-I03$ Account Domain: KRYSTIN Logon ID: 0c1B5 Cryptographic Parameters: Provider Name: Catherina Software Key Storage Provider Algorithm Name: UNKNOWN Key Name: ABE Key Type: Machine key. Key File Operation Information: File Path: C:\DvxthtwWqdb\Catherina\Melany\BOB\XrnpfrgCthw\11v0pj9n7z1ka0id1s223bba00093001_1p07p22c-1a10-301g-q3m5-0012r1dc9zo2 Operation: Read persisted key from file. Return Code: 0x0
10/09/2020 09:07:59 AM LogName=Security EpiypiLkch=Catherina Windows security auditing. SkveeFqis=5011 EventType=0 Type=Information ComputerName=ELA-I03.krystin.o.fern NsooVmlpmhuy=System Integrity OpCode=Info QoioxoAcgibn=11101505 Keywords=Audit Success Message=Cryptographic operation. Subject: Security ID: NT AUTHORITY\SYSTEM Account Name: ELA-I03$ Account Domain: KRYSTIN Logon ID: 0c1B5 Cryptographic Parameters: Provider Name: Catherina Software Key Storage Provider Algorithm Name: BOB Key Name: ABE Key Type: Machine key. Cryptographic Operation: Operation: Open Key. Return Code: 0x0
10/09/2020 09:07:59 AM LogName=Security EpiypiLkch=Catherina Windows security auditing. SkveeFqis=1020 EventType=0 Type=Information ComputerName=ELA-I03.krystin.o.fern NsooVmlpmhuy=Other System Events OpCode=Info QoioxoAcgibn=00000502 Keywords=Audit Success Message=Key file operation. Subject: Security ID: NT AUTHORITY\SYSTEM Account Name: ELA-I03$ Account Domain: KRYSTIN Logon ID: 0c1B5 Cryptographic Parameters: Provider Name: Catherina Software Key Storage Provider Algorithm Name: UNKNOWN Key Name: ABE Key Type: Machine key. Key File Operation Information: File Path: C:\DvxthtwWqdb\Catherina\Melany\BOB\XrnpfrgCthw\11v0pj9n7z1ka0id1s223bba00093001_1p07p22c-1a10-301g-q3m5-0012r1dc9zo2 Operation: Read persisted key from file. Return Code: 0x0
