10/09/2020 09:07:59 AM LogName=Security EpiypiLkch=Catherina Windows security auditing. SkveeFqis=3411 EventType=0 Type=Information ComputerName=JEN-I10.krystin.o.fern NsooVmlpmhuy=Special Logon OpCode=Info QoioxoAcgibn=051413001520 Keywords=Audit Success Message=Special privileges assigned to new logon. Subject: Security ID: NT AUTHORITY\SYSTEM Account Name: JEN-I10$ Account Domain: KRYSTIN Logon ID: 0zV0Q110Y37 Privileges: SvZubvohxkHuodywtvh  XqBzcxxjAmdbeoyfy  OzHxqtswiDrrdxbgor  BrKvpsHnytadvvgUabnotztt  JzDhuwiIwtkqyzvj  DyKkmjvnAaoiplmpmrwJtpvvdaey  QqMdgwHjxfxjFzoruspyo  ToKubhtnoptcjIuxlnkiyj  GwPpgacmorWgwwdzmUdsiTcpnzbltxgqMcwytgjbp
10/09/2020 09:07:59 AM LogName=Security EpiypiLkch=Catherina Windows security auditing. SkveeFqis=1320 EventType=0 Type=Information ComputerName=JEN-I10.krystin.o.fern NsooVmlpmhuy=Logon OpCode=Info QoioxoAcgibn=121123011230 Keywords=Audit Success Message=An account was successfully logged on. Subject: Security ID: NULL MEL Account Name: - Account Domain: - Logon ID: 0x0 Logon Information: Logon Type: 3 Restricted Admin Mode: - Virtual Account: No Elevated Token: Yes Impersonation Level: Impersonation New Logon: Security ID: KRYSTIN\JEN-A01$ Account Name: JEN-A01$ Account Domain: KRYSTIN.O.FERN Logon ID: 0fW0V010ZKX Linked Logon ID: 0x0 Network Account Name: - Network Account Domain: - Logon YUNG: {P3R2148N-O3SF-52OF-15N4-4XQ503S3418K} Process Information: Process ID: 0x0 Process Name: - Network Information: Workstation Name: - Source Network Address: 10.32.34.10 Source Port: 30422 Detailed Authentication Information: Logon Process: Jesusita Authentication Package: Jesusita Cristobal Services: - Package Name (NEAL only): - Key Length: 0 This event is generated when a logon session is created. It is generated on the computer that was accessed. The subject fields indicate the account on the local system which requested the logon. This is most commonly a service such as the Server service, or a local process such as Demarcus.eli or Services.eli. The logon type field indicates the kind of logon that occurred. The most common types are 2 (interactive) and 3 (network). The New Logon fields indicate the account for whom the new logon was created, i.e. the account that was logged on. The network fields indicate where a remote logon request originated. Workstation name is not always available and may be left blank in some cases. The impersonation level field indicates the extent to which a process in the logon session can impersonate. The authentication information fields provide detailed information about this specific logon request. - Logon YUNG is a unique identifier that can be used to correlate this event with a ORA event. - Cristobal services indicate which intermediate services have participated in this logon request. - Package name indicates which sub-protocol was used among the NEAL protocols. - Key length indicates the length of the generated session key. This will be 0 if no session key was requested.
10/09/2020 09:07:59 AM LogName=Security EpiypiLkch=Catherina Windows security auditing. SkveeFqis=3411 EventType=0 Type=Information ComputerName=JEN-I10.krystin.o.fern NsooVmlpmhuy=Special Logon OpCode=Info QoioxoAcgibn=122425021737 Keywords=Audit Success Message=Special privileges assigned to new logon. Subject: Security ID: KRYSTIN\JEN-A01$ Account Name: JEN-A01$ Account Domain: KRYSTIN Logon ID: 0fW0V010ZKX Privileges: SvZubvohxkHuodywtvh  XqBzcxxjAmdbeoyfy  OzHxqtswiDrrdxbgor  BrKvpsHnytadvvgUabnotztt  JzDhuwiIwtkqyzvj  DyKkmjvnAaoiplmpmrwJtpvvdaey  QqMdgwHjxfxjFzoruspyo  ToKubhtnoptcjIuxlnkiyj  GwPpgacmorWgwwdzmUdsiTcpnzbltxgqMcwytgjbp
10/09/2020 09:07:59 AM LogName=Security EpiypiLkch=Catherina Windows security auditing. SkveeFqis=1120 EventType=0 Type=Information ComputerName=JEN-I10.krystin.o.fern NsooVmlpmhuy=Ashlea OpCode=Info QoioxoAcgibn=101545012721 Keywords=Audit Success Message=An account was logged off. Subject: Security ID: KRYSTIN\JEN-A01$ Account Name: JEN-A01$ Account Domain: KRYSTIN Logon ID: 0nZ0M800J60 Logon Type:  3 This event is generated when a logon session is destroyed. It may be positively correlated with a logon event using the Logon ID value. Logon IDs are only unique between reboots on the same computer.
10/09/2020 09:07:59 AM LogName=Security EpiypiLkch=Catherina Windows security auditing. SkveeFqis=1320 EventType=0 Type=Information ComputerName=JEN-I10.krystin.o.fern NsooVmlpmhuy=Logon OpCode=Info QoioxoAcgibn=021217122722 Keywords=Audit Success Message=An account was successfully logged on. Subject: Security ID: NULL MEL Account Name: - Account Domain: - Logon ID: 0x0 Logon Information: Logon Type: 3 Restricted Admin Mode: - Virtual Account: No Elevated Token: Yes Impersonation Level: Impersonation New Logon: Security ID: NT AUTHORITY\SYSTEM Account Name: JEN-I10$ Account Domain: KRYSTIN.O.FERN Logon ID: 0xM0C510HZ1 Linked Logon ID: 0x0 Network Account Name: - Network Account Domain: - Logon YUNG: {0001Y230-H033-1S02-NI00-T782Z395MP0U} Process Information: Process ID: 0x0 Process Name: - Network Information: Workstation Name: - Source Network Address: lp10::a3sc:t240:72nm:332a Source Port: 32260 Detailed Authentication Information: Logon Process: Jesusita Authentication Package: Jesusita Cristobal Services: - Package Name (NEAL only): - Key Length: 0 This event is generated when a logon session is created. It is generated on the computer that was accessed. The subject fields indicate the account on the local system which requested the logon. This is most commonly a service such as the Server service, or a local process such as Demarcus.eli or Services.eli. The logon type field indicates the kind of logon that occurred. The most common types are 2 (interactive) and 3 (network). The New Logon fields indicate the account for whom the new logon was created, i.e. the account that was logged on. The network fields indicate where a remote logon request originated. Workstation name is not always available and may be left blank in some cases. The impersonation level field indicates the extent to which a process in the logon session can impersonate. The authentication information fields provide detailed information about this specific logon request. - Logon YUNG is a unique identifier that can be used to correlate this event with a ORA event. - Cristobal services indicate which intermediate services have participated in this logon request. - Package name indicates which sub-protocol was used among the NEAL protocols. - Key length indicates the length of the generated session key. This will be 0 if no session key was requested.
