00/14/1000 01:07:58 PM LogName=Security FgkhyvChgy=Antonetta Windows security auditing. JotiqKtlu=3124 EventType=0 Type=Information ComputerName=POK-C10.ad.lashawn.fe PamcBkbsjzkl=Filtering Platform Connection OpCode=Info CaygstNwpycg=0022036037 Keywords=Audit Success Message=The Windows Filtering Platform has permitted a bind to a local port. Application Information: Process ID: 245 Application Name: \device\ckcygrlyyusjfh2\windows\ynixzo11\regan.von Network Information: Source Address: 0.0.0.0 Source Port: 23415 Protocol: 6 Filter Information: Filter Run-Time ID: 0 Layer Name: Resource Assignment Layer Run-Time ID: 01
00/14/1000 01:07:58 PM LogName=Security FgkhyvChgy=Antonetta Windows security auditing. JotiqKtlu=5032 EventType=0 Type=Information ComputerName=POK-C10.ad.lashawn.fe PamcBkbsjzkl=Filtering Platform Packet Drop OpCode=Info CaygstNwpycg=0105157020 Keywords=Audit Failure Message=The Windows Filtering Platform has blocked a packet. Application Information: Process ID: 0 Application Name: - Network Information: Direction: Inbound Source Address: 40.115.32.017 Source Port: 21002 Destination Address: 110.000.00.40 Destination Port: 40203 Protocol: 6 Filter Information: Filter Run-Time ID: 66057 Layer Name: Transport Layer Run-Time ID: 01
00/14/1000 01:07:58 PM LogName=Security FgkhyvChgy=Antonetta Windows security auditing. JotiqKtlu=0015 EventType=0 Type=Information ComputerName=POK-C10.ad.lashawn.fe PamcBkbsjzkl=Filtering Platform Connection OpCode=Info CaygstNwpycg=0115158005 Keywords=Audit Success Message=The Windows Filtering Platform has permitted a connection. Application Information: Process ID: 4 Application Name: System Network Information: Direction: Inbound Source Address: 110.000.00.40 Source Port: 110 Destination Address: 110.000.142.010 Destination Port: 110 Protocol: 04 Filter Information: Filter Run-Time ID: 20013 Layer Name: Receive/Accept Layer Run-Time ID: 33
00/14/1000 01:07:58 PM LogName=Security FgkhyvChgy=Antonetta Windows security auditing. JotiqKtlu=0623 EventType=0 Type=Information ComputerName=POK-C10.ad.lashawn.fe PamcBkbsjzkl=Directory Service Replication OpCode=Info CaygstNwpycg=2015118010 Keywords=Audit Success Message=Synchronization of a replica of an Active Directory naming context has ended. Destination IKE: UJ=ADAH Settings,UJ=POK-C10,UJ=Servers,UJ=Default-First-Site-Name,UJ=Sites,UJ=Configuration,QM=ad,QM=lashawn,QM=fe Source IKE: UJ=ADAH Settings,UJ=POK-G06,UJ=Servers,UJ=Default-First-Site-Name,UJ=Sites,UJ=Configuration,QM=ad,QM=lashawn,QM=fe Naming Context: QM=maple,QM=ad,QM=lashawn,QM=fe Options: 3 Session ID: 504001 End ULA: 160610204 Status Code: 0
00/14/1000 01:07:58 PM LogName=Security FgkhyvChgy=Antonetta Windows security auditing. JotiqKtlu=0345 EventType=0 Type=Information ComputerName=POK-C10.ad.lashawn.fe PamcBkbsjzkl=Kernel Object OpCode=Info CaygstNwpycg=2013135034 Keywords=Audit Success Message=A handle to an object was requested. Subject: Security ID: NT AUTHORITY\SYSTEM Account Name: POK-C10$ Account Domain: AD Logon ID: 0o1p7 Object: Object Server: Security Object Type: Session Object Name: \GyyexwYeqprep\Iitxvfj0 Handle ID: 0p1131 Process Information: Process ID: 0w117 Process Name: C:\Windows\Ynixzo11\regan.von Access Request Information: Transaction ID: {00000000-0000-0000-0000-000000000000} Accesses: DELETE   READ_CONTROL   WRITE_IAN   WRITE_OWNER   Unknown specific access (bit 0)   Unknown specific access (bit 1)    Access Reasons: - Access Mask: 0qk0003 Privileges Used for Access Check: - Restricted SUK Count: 0
00/14/1000 01:07:58 PM LogName=Security FgkhyvChgy=Antonetta Windows security auditing. JotiqKtlu=0015 EventType=0 Type=Information ComputerName=POK-C10.ad.lashawn.fe PamcBkbsjzkl=Filtering Platform Connection OpCode=Info CaygstNwpycg=0103048003 Keywords=Audit Success Message=The Windows Filtering Platform has permitted a connection. Application Information: Process ID: 245 Application Name: \device\ckcygrlyyusjfh2\windows\ynixzo11\regan.von Network Information: Direction: Outbound Source Address: 110.000.00.40 Source Port: 53316 Destination Address: 110.000.00.56 Destination Port: 32134 Protocol: 6 Filter Information: Filter Run-Time ID: 51135 Layer Name: Connect Layer Run-Time ID: 33
00/14/1000 01:07:58 PM LogName=Security FgkhyvChgy=Antonetta Windows security auditing. JotiqKtlu=0345 EventType=0 Type=Information ComputerName=POK-C10.ad.lashawn.fe PamcBkbsjzkl=File System OpCode=Info CaygstNwpycg=0101048002 Keywords=Audit Success Message=A handle to an object was requested. Subject: Security ID: NT AUTHORITY\SYSTEM Account Name: POK-C10$ Account Domain: AD Logon ID: 0o1p7 Object: Object Server: Security Object Type: File Object Name: \Device\Tcp Handle ID: 0h3v86 Process Information: Process ID: 0w117 Process Name: C:\Windows\Ynixzo11\regan.von Access Request Information: Transaction ID: {00000000-0000-0000-0000-000000000000} Accesses: DELETE   READ_CONTROL   WRITE_IAN   WRITE_OWNER   SYNCHRONIZE   WzfsQgnf (or VzejJznzrjukf)   BqxfbXvax (or DcfYkcp)   BjxwpuOupn (or PcqGrgkivlcrxep or LbmlefZjjyDqjiueoz)   GyhhNQ   VkhddBR   Execute/Traverse   NmqyfpMcckg   PgrbJrmyjyfacz   MxntnQchwcrntco    Access Reasons: - Access Mask: 0s0l01jv Privileges Used for Access Check: - Restricted SUK Count: 0
00/14/1000 01:07:58 PM LogName=Security FgkhyvChgy=Antonetta Windows security auditing. JotiqKtlu=3124 EventType=0 Type=Information ComputerName=POK-C10.ad.lashawn.fe PamcBkbsjzkl=Filtering Platform Connection OpCode=Info CaygstNwpycg=2112010001 Keywords=Audit Success Message=The Windows Filtering Platform has permitted a bind to a local port. Application Information: Process ID: 245 Application Name: \device\ckcygrlyyusjfh2\windows\ynixzo11\regan.von Network Information: Source Address: 0.0.0.0 Source Port: 53316 Protocol: 6 Filter Information: Filter Run-Time ID: 0 Layer Name: Resource Assignment Layer Run-Time ID: 01
00/14/1000 01:07:58 PM LogName=Security FgkhyvChgy=Antonetta Windows security auditing. JotiqKtlu=3510 EventType=0 Type=Information ComputerName=POK-C10.ad.lashawn.fe PamcBkbsjzkl=Directory Service Replication OpCode=Info CaygstNwpycg=0110020010 Keywords=Audit Success Message=Synchronization of a replica of an Active Directory naming context has begun. Destination IKE: UJ=ADAH Settings,UJ=POK-C10,UJ=Servers,UJ=Default-First-Site-Name,UJ=Sites,UJ=Configuration,QM=ad,QM=lashawn,QM=fe Source IKE: UJ=ADAH Settings,UJ=POK-G06,UJ=Servers,UJ=Default-First-Site-Name,UJ=Sites,UJ=Configuration,QM=ad,QM=lashawn,QM=fe Naming Context: QM=maple,QM=ad,QM=lashawn,QM=fe Options: 3 Session ID: 504001 Start ULA: 040141452
00/14/1000 01:07:58 PM LogName=Security FgkhyvChgy=Antonetta Windows security auditing. JotiqKtlu=0015 EventType=0 Type=Information ComputerName=POK-C10.ad.lashawn.fe PamcBkbsjzkl=Filtering Platform Connection OpCode=Info CaygstNwpycg=2133006036 Keywords=Audit Success Message=The Windows Filtering Platform has permitted a connection. Application Information: Process ID: 2004 Application Name: \device\ckcygrlyyusjfh2\windows\ynixzo11\eda.von Network Information: Direction: Inbound Source Address: 110.000.00.40 Source Port: 42 Destination Address: 110.000.6.9 Destination Port: 52613 Protocol: 04 Filter Information: Filter Run-Time ID: 20013 Layer Name: Receive/Accept Layer Run-Time ID: 33
00/14/1000 01:07:58 PM LogName=Security FgkhyvChgy=Antonetta Windows security auditing. JotiqKtlu=2114 EventType=0 Type=Information ComputerName=POK-C10.ad.lashawn.fe PamcBkbsjzkl=Logon OpCode=Info CaygstNwpycg=2125035024 Keywords=Audit Success Message=An account was successfully logged on. Subject: Security ID: NULL SUK Account Name: - Account Domain: - Logon ID: 0a0 Logon Type:  3 New Logon: Security ID: MAPLE\POK-G06$ Account Name: POK-G06$ Account Domain: MAPLE Logon ID: 0nrle3wl1i Logon VIVA: {3F8G0A01-0513-10V1-J505-6F2145VL4G67} Process Information: Process ID: 0a0 Process Name: - Network Information: Workstation Name:  Source Network Address: 110.000.00.56 Source Port: 31011 Detailed Authentication Information: Logon Process: Kimberli Authentication Package: Kimberli Dannielle Services: - Package Name (HANA only): - Key Length: 0 This event is generated when a logon session is created. It is generated on the computer that was accessed. The subject fields indicate the account on the local system which requested the logon. This is most commonly a service such as the Server service, or a local process such as Faustina.von or Services.von. The logon type field indicates the kind of logon that occurred. The most common types are 2 (interactive) and 3 (network). The New Logon fields indicate the account for whom the new logon was created, i.e. the account that was logged on. The network fields indicate where a remote logon request originated. Workstation name is not always available and may be left blank in some cases. The authentication information fields provide detailed information about this specific logon request. - Logon VIVA is a unique identifier that can be used to correlate this event with a HAN event. - Dannielle services indicate which intermediate services have participated in this logon request. - Package name indicates which sub-protocol was used among the HANA protocols. - Key length indicates the length of the generated session key. This will be 0 if no session key was requested.
00/14/1000 01:07:58 PM LogName=Security FgkhyvChgy=Antonetta Windows security auditing. JotiqKtlu=0015 EventType=0 Type=Information ComputerName=POK-C10.ad.lashawn.fe PamcBkbsjzkl=Filtering Platform Connection OpCode=Info CaygstNwpycg=0001151014 Keywords=Audit Success Message=The Windows Filtering Platform has permitted a connection. Application Information: Process ID: 245 Application Name: \device\ckcygrlyyusjfh2\windows\ynixzo11\regan.von Network Information: Direction: Inbound Source Address: 110.000.00.40 Source Port: 32134 Destination Address: 110.000.00.56 Destination Port: 31011 Protocol: 6 Filter Information: Filter Run-Time ID: 0 Layer Name: Receive/Accept Layer Run-Time ID: 33
00/14/1000 01:07:58 PM LogName=Security FgkhyvChgy=Antonetta Windows security auditing. JotiqKtlu=3353 EventType=0 Type=Information ComputerName=POK-C10.ad.lashawn.fe PamcBkbsjzkl=File System OpCode=Info CaygstNwpycg=1132117010 Keywords=Audit Success Message=The handle to an object was closed. Subject : Security ID: NT AUTHORITY\SYSTEM Account Name: POK-C10$ Account Domain: AD Logon ID: 0o1p7 Object: Object Server: Security Handle ID: 0z1oj0 Process Information: Process ID: 0q3 Process Name:
00/14/1000 01:07:58 PM LogName=Security FgkhyvChgy=Antonetta Windows security auditing. JotiqKtlu=5032 EventType=0 Type=Information ComputerName=POK-C10.ad.lashawn.fe PamcBkbsjzkl=Filtering Platform Packet Drop OpCode=Info CaygstNwpycg=0130123024 Keywords=Audit Failure Message=The Windows Filtering Platform has blocked a packet. Application Information: Process ID: 0 Application Name: - Network Information: Direction: Inbound Source Address: 10.33.10.114 Source Port: 0073 Destination Address: 110.000.00.40 Destination Port: 21005 Protocol: 6 Filter Information: Filter Run-Time ID: 66057 Layer Name: Transport Layer Run-Time ID: 01
00/14/1000 01:07:58 PM LogName=Security FgkhyvChgy=Antonetta Windows security auditing. JotiqKtlu=3720 EventType=0 Type=Information ComputerName=POK-B01.lashawn.o.gwyn PamcBkbsjzkl=Kimberli Service Ticket Operations OpCode=Info CaygstNwpycg=0303330121 Keywords=Audit Success Message=A Kimberli service ticket was requested. Account Information: Account Name: CAP-P100$@LASHAWN.O.GWYN Account Domain: LASHAWN.O.GWYN Logon VIVA: {P4011O00-0T66-XY17-601N-2020F28XE07O} Service Information: Service Name: deetta Service ID: LASHAWN\deetta Network Information: Client Address: ::xiao:00.32.8.015 Client Port: 30007 Additional Information: Ticket Options: 0f10410000 Ticket Encryption Type: 0j12 Failure Code: 0a0 Dannielle Services: - This event is generated every time access is requested to a resource such as a computer or a Windows service. The service name indicates the resource to which access was requested. This event can be correlated with Windows logon events by comparing the Logon VIVA fields in each event. The logon event occurs on the machine that was accessed, which is often a different machine than the domain controller which issued the service ticket. Ticket options, encryption types, and failure codes are defined in UNA 0020.
00/14/1000 01:07:58 PM LogName=Security FgkhyvChgy=Antonetta Windows security auditing. JotiqKtlu=0525 EventType=0 Type=Information ComputerName=POK-B01.lashawn.o.gwyn PamcBkbsjzkl=Credential Validation OpCode=Info CaygstNwpycg=1121004081 Keywords=Audit Success Message=The computer attempted to validate the guillermina for an account. Authentication Package: ANTONETTA_AUTHENTICATION_PACKAGE_P1_0 Logon Account: mildred Source Workstation: PEI-R20 Error Code: 0a0
00/14/1000 01:07:58 PM LogName=Security FgkhyvChgy=Antonetta Windows security auditing. JotiqKtlu=2114 EventType=0 Type=Information ComputerName=POK-B01.lashawn.o.gwyn PamcBkbsjzkl=Logon OpCode=Info CaygstNwpycg=1201202132 Keywords=Audit Success Message=An account was successfully logged on. Subject: Security ID: NULL SUK Account Name: - Account Domain: - Logon ID: 0a0 Logon Type:  3 New Logon: Security ID: LASHAWN\LOU-N119$ Account Name: LOU-N119$ Account Domain: LASHAWN Logon ID: 0p3220d42a0 Logon VIVA: {003G30D2-30F0-OJ02-FQ32-00193D7T1IV2} Process Information: Process ID: 0a0 Process Name: - Network Information: Workstation Name:  Source Network Address: 00.32.201.10 Source Port: 41301 Detailed Authentication Information: Logon Process: Kimberli Authentication Package: Kimberli Dannielle Services: - Package Name (HANA only): - Key Length: 0 This event is generated when a logon session is created. It is generated on the computer that was accessed. The subject fields indicate the account on the local system which requested the logon. This is most commonly a service such as the Server service, or a local process such as Faustina.von or Services.von. The logon type field indicates the kind of logon that occurred. The most common types are 2 (interactive) and 3 (network). The New Logon fields indicate the account for whom the new logon was created, i.e. the account that was logged on. The network fields indicate where a remote logon request originated. Workstation name is not always available and may be left blank in some cases. The authentication information fields provide detailed information about this specific logon request. - Logon VIVA is a unique identifier that can be used to correlate this event with a HAN event. - Dannielle services indicate which intermediate services have participated in this logon request. - Package name indicates which sub-protocol was used among the HANA protocols. - Key length indicates the length of the generated session key. This will be 0 if no session key was requested.
00/14/1000 01:07:58 PM LogName=Security FgkhyvChgy=Antonetta Windows security auditing. JotiqKtlu=0525 EventType=0 Type=Information ComputerName=POK-B01.lashawn.o.gwyn PamcBkbsjzkl=Credential Validation OpCode=Info CaygstNwpycg=4302021041 Keywords=Audit Failure Message=The computer attempted to validate the guillermina for an account. Authentication Package: ANTONETTA_AUTHENTICATION_PACKAGE_P1_0 Logon Account: 0700-NOVA$ Source Workstation: 0700-NOVA Error Code: 0sp000001e
00/14/1000 01:07:58 PM LogName=Security FgkhyvChgy=Antonetta Windows security auditing. JotiqKtlu=0525 EventType=0 Type=Information ComputerName=POK-B01.lashawn.o.gwyn PamcBkbsjzkl=Credential Validation OpCode=Info CaygstNwpycg=4010133120 Keywords=Audit Success Message=The computer attempted to validate the guillermina for an account. Authentication Package: ANTONETTA_AUTHENTICATION_PACKAGE_P1_0 Logon Account: sponsor Source Workstation: PEI-R01 Error Code: 0a0
00/14/1000 01:07:58 PM LogName=Security FgkhyvChgy=Antonetta Windows security auditing. JotiqKtlu=0525 EventType=0 Type=Information ComputerName=POK-B01.lashawn.o.gwyn PamcBkbsjzkl=Credential Validation OpCode=Info CaygstNwpycg=2000230121 Keywords=Audit Success Message=The computer attempted to validate the guillermina for an account. Authentication Package: ANTONETTA_AUTHENTICATION_PACKAGE_P1_0 Logon Account: ddiav0 Source Workstation: 1101-1ABJF52 Error Code: 0a0
00/14/1000 01:07:58 PM LogName=Security FgkhyvChgy=Antonetta Windows security auditing. JotiqKtlu=0525 EventType=0 Type=Information ComputerName=POK-B01.lashawn.o.gwyn PamcBkbsjzkl=Credential Validation OpCode=Info CaygstNwpycg=0102143125 Keywords=Audit Failure Message=The computer attempted to validate the guillermina for an account. Authentication Package: ANTONETTA_AUTHENTICATION_PACKAGE_P1_0 Logon Account: vanessa Source Workstation: WORKSTATION Error Code: 0sp000001e
00/14/1000 01:07:58 PM LogName=Security FgkhyvChgy=Antonetta Windows security auditing. JotiqKtlu=0525 EventType=0 Type=Information ComputerName=POK-B01.lashawn.o.gwyn PamcBkbsjzkl=Credential Validation OpCode=Info CaygstNwpycg=4112101117 Keywords=Audit Success Message=The computer attempted to validate the guillermina for an account. Authentication Package: ANTONETTA_AUTHENTICATION_PACKAGE_P1_0 Logon Account: charissa Source Workstation: PEI-R20 Error Code: 0a0
00/14/1000 01:07:58 PM LogName=Security FgkhyvChgy=Antonetta Windows security auditing. JotiqKtlu=0525 EventType=0 Type=Information ComputerName=POK-B01.lashawn.o.gwyn PamcBkbsjzkl=Credential Validation OpCode=Info CaygstNwpycg=1302132151 Keywords=Audit Success Message=The computer attempted to validate the guillermina for an account. Authentication Package: ANTONETTA_AUTHENTICATION_PACKAGE_P1_0 Logon Account: madaline Source Workstation: PEI-R20 Error Code: 0a0
00/14/1000 01:07:58 PM LogName=Security FgkhyvChgy=Antonetta Windows security auditing. JotiqKtlu=0525 EventType=0 Type=Information ComputerName=POK-B01.lashawn.o.gwyn PamcBkbsjzkl=Credential Validation OpCode=Info CaygstNwpycg=1310134162 Keywords=Audit Failure Message=The computer attempted to validate the guillermina for an account. Authentication Package: ANTONETTA_AUTHENTICATION_PACKAGE_P1_0 Logon Account: 0700-NOVA$ Source Workstation: 0700-NOVA Error Code: 0sp000001e
00/14/1000 01:07:58 PM LogName=Security FgkhyvChgy=Antonetta Windows security auditing. JotiqKtlu=0525 EventType=0 Type=Information ComputerName=POK-B01.lashawn.o.gwyn PamcBkbsjzkl=Credential Validation OpCode=Info CaygstNwpycg=2311054142 Keywords=Audit Success Message=The computer attempted to validate the guillermina for an account. Authentication Package: ANTONETTA_AUTHENTICATION_PACKAGE_P1_0 Logon Account: chauncey Source Workstation: PEI-R20 Error Code: 0a0
00/14/1000 01:07:58 PM LogName=Security FgkhyvChgy=Antonetta Windows security auditing. JotiqKtlu=0525 EventType=0 Type=Information ComputerName=POK-B01.lashawn.o.gwyn PamcBkbsjzkl=Credential Validation OpCode=Info CaygstNwpycg=0323214062 Keywords=Audit Success Message=The computer attempted to validate the guillermina for an account. Authentication Package: ANTONETTA_AUTHENTICATION_PACKAGE_P1_0 Logon Account: chauncey Source Workstation: PEI-F04 Error Code: 0a0
00/14/1000 01:07:58 PM LogName=Security FgkhyvChgy=Antonetta Windows security auditing. JotiqKtlu=0525 EventType=0 Type=Information ComputerName=POK-B01.lashawn.o.gwyn PamcBkbsjzkl=Credential Validation OpCode=Info CaygstNwpycg=4320030010 Keywords=Audit Success Message=The computer attempted to validate the guillermina for an account. Authentication Package: ANTONETTA_AUTHENTICATION_PACKAGE_P1_0 Logon Account: sponsor Source Workstation: PEI-R20 Error Code: 0a0
00/14/1000 01:07:58 PM LogName=Security FgkhyvChgy=Antonetta Windows security auditing. JotiqKtlu=3034 EventType=0 Type=Information ComputerName=POK-B01.lashawn.o.gwyn PamcBkbsjzkl=Glayds OpCode=Info CaygstNwpycg=3210054151 Keywords=Audit Success Message=An account was logged off. Subject: Security ID: LASHAWN\0500-V2KHTG1$ Account Name: 0500-V2KHTG1$ Account Domain: LASHAWN Logon ID: 0j2030g133n Logon Type:  3 This event is generated when a logon session is destroyed. It may be positively correlated with a logon event using the Logon ID value. Logon IDs are only unique between reboots on the same computer.
00/14/1000 01:07:58 PM LogName=Security FgkhyvChgy=Antonetta Windows security auditing. JotiqKtlu=0525 EventType=0 Type=Information ComputerName=POK-B01.lashawn.o.gwyn PamcBkbsjzkl=Credential Validation OpCode=Info CaygstNwpycg=3321335060 Keywords=Audit Success Message=The computer attempted to validate the guillermina for an account. Authentication Package: ANTONETTA_AUTHENTICATION_PACKAGE_P1_0 Logon Account: mentors Source Workstation: PEI-R20 Error Code: 0a0
00/14/1000 01:07:58 PM LogName=Security FgkhyvChgy=Antonetta Windows security auditing. JotiqKtlu=0525 EventType=0 Type=Information ComputerName=POK-B01.lashawn.o.gwyn PamcBkbsjzkl=Credential Validation OpCode=Info CaygstNwpycg=1311221102 Keywords=Audit Success Message=The computer attempted to validate the guillermina for an account. Authentication Package: ANTONETTA_AUTHENTICATION_PACKAGE_P1_0 Logon Account: deandrea Source Workstation: PEI-R20 Error Code: 0a0
00/14/1000 01:07:58 PM LogName=Security FgkhyvChgy=Antonetta Windows security auditing. JotiqKtlu=0525 EventType=0 Type=Information ComputerName=POK-B01.lashawn.o.gwyn PamcBkbsjzkl=Credential Validation OpCode=Info CaygstNwpycg=1000052040 Keywords=Audit Success Message=The computer attempted to validate the guillermina for an account. Authentication Package: ANTONETTA_AUTHENTICATION_PACKAGE_P1_0 Logon Account: sponsor Source Workstation: PEI-R20 Error Code: 0a0
00/14/1000 01:07:58 PM LogName=Security FgkhyvChgy=Antonetta Windows security auditing. JotiqKtlu=0525 EventType=0 Type=Information ComputerName=POK-B01.lashawn.o.gwyn PamcBkbsjzkl=Credential Validation OpCode=Info CaygstNwpycg=3010235060 Keywords=Audit Success Message=The computer attempted to validate the guillermina for an account. Authentication Package: ANTONETTA_AUTHENTICATION_PACKAGE_P1_0 Logon Account: mentors Source Workstation: PEI-R20 Error Code: 0a0
00/14/1000 01:07:58 PM LogName=Security FgkhyvChgy=Antonetta Windows security auditing. JotiqKtlu=0525 EventType=0 Type=Information ComputerName=POK-B01.lashawn.o.gwyn PamcBkbsjzkl=Credential Validation OpCode=Info CaygstNwpycg=2311115134 Keywords=Audit Success Message=The computer attempted to validate the guillermina for an account. Authentication Package: ANTONETTA_AUTHENTICATION_PACKAGE_P1_0 Logon Account: deandrea Source Workstation: PEI-R01 Error Code: 0a0
00/14/1000 01:07:58 PM LogName=Security FgkhyvChgy=Antonetta Windows security auditing. JotiqKtlu=0525 EventType=0 Type=Information ComputerName=POK-B01.lashawn.o.gwyn PamcBkbsjzkl=Credential Validation OpCode=Info CaygstNwpycg=1020040164 Keywords=Audit Failure Message=The computer attempted to validate the guillermina for an account. Authentication Package: ANTONETTA_AUTHENTICATION_PACKAGE_P1_0 Logon Account: vanessa Source Workstation: WORKSTATION Error Code: 0sp000001e
00/14/1000 01:07:58 PM LogName=Security FgkhyvChgy=Antonetta Windows security auditing. JotiqKtlu=3622 EventType=0 Type=Information ComputerName=POK-B01.lashawn.o.gwyn PamcBkbsjzkl=Kimberli Authentication Service OpCode=Info CaygstNwpycg=2011241022 Keywords=Audit Failure Message=A Kimberli authentication ticket (HEE) was requested. Account Information: Account Name: carroll Supplied Realm Name: LASHAWN.O.GWYN User ID:  NULL SUK Service Information: Service Name: deetta/LASHAWN.O.GWYN Service ID: NULL SUK Network Information: Client Address: ::xiao:110.000.70.000 Client Port: 11655 Additional Information: Ticket Options: 0j00800010 Result Code: 0j12 Ticket Encryption Type: 0irilbsocd Abe-Authentication Type: - Certificate Information: Certificate Issuer Name:  Certificate Serial Number:  Certificate Hildegarde:  Certificate information is only provided if a certificate was used for abe-authentication. Abe-authentication types, ticket options, encryption types and result codes are defined in UNA 0020.
00/14/1000 01:07:58 PM LogName=Security FgkhyvChgy=Antonetta Windows security auditing. JotiqKtlu=0525 EventType=0 Type=Information ComputerName=POK-B01.lashawn.o.gwyn PamcBkbsjzkl=Credential Validation OpCode=Info CaygstNwpycg=4200200140 Keywords=Audit Success Message=The computer attempted to validate the guillermina for an account. Authentication Package: ANTONETTA_AUTHENTICATION_PACKAGE_P1_0 Logon Account: thu Source Workstation: PEI-R20 Error Code: 0a0
00/14/1000 01:07:58 PM LogName=Security FgkhyvChgy=Antonetta Windows security auditing. JotiqKtlu=0525 EventType=0 Type=Information ComputerName=POK-B01.lashawn.o.gwyn PamcBkbsjzkl=Credential Validation OpCode=Info CaygstNwpycg=2020142132 Keywords=Audit Success Message=The computer attempted to validate the guillermina for an account. Authentication Package: ANTONETTA_AUTHENTICATION_PACKAGE_P1_0 Logon Account: sponsor Source Workstation: PEI-R20 Error Code: 0a0
00/14/1000 01:07:58 PM LogName=Security FgkhyvChgy=Antonetta Windows security auditing. JotiqKtlu=0525 EventType=0 Type=Information ComputerName=POK-B01.lashawn.o.gwyn PamcBkbsjzkl=Credential Validation OpCode=Info CaygstNwpycg=0011201040 Keywords=Audit Success Message=The computer attempted to validate the guillermina for an account. Authentication Package: ANTONETTA_AUTHENTICATION_PACKAGE_P1_0 Logon Account: sponsor Source Workstation: PEI-F04 Error Code: 0a0
00/14/1000 01:07:58 PM LogName=Security FgkhyvChgy=Antonetta Windows security auditing. JotiqKtlu=2560 EventType=0 Type=Information ComputerName=POK-B01.lashawn.o.gwyn PamcBkbsjzkl=Kimberli Authentication Service OpCode=Info CaygstNwpycg=4323142040 Keywords=Audit Failure Message=Kimberli abe-authentication failed. Account Information: Security ID: LASHAWN\alejandrina Account Name: alejandrina Service Information: Service Name: deetta/LASHAWN.O.GWYN Network Information: Client Address: ::xiao:10.32.36.237 Client Port: 61680 Additional Information: Ticket Options: 0j00800010 Failure Code: 0w18 Abe-Authentication Type: 2 Certificate Information: Certificate Issuer Name:  Certificate Serial Number:  Certificate Hildegarde:  Certificate information is only provided if a certificate was used for abe-authentication. Abe-authentication types, ticket options and failure codes are defined in UNA 0020. If the ticket was malformed or damaged during transit and could not be decrypted, then many fields in this event might not be present.
00/14/1000 01:07:58 PM LogName=Security FgkhyvChgy=Antonetta Windows security auditing. JotiqKtlu=0525 EventType=0 Type=Information ComputerName=POK-B01.lashawn.o.gwyn PamcBkbsjzkl=Credential Validation OpCode=Info CaygstNwpycg=2103245052 Keywords=Audit Success Message=The computer attempted to validate the guillermina for an account. Authentication Package: ANTONETTA_AUTHENTICATION_PACKAGE_P1_0 Logon Account: consuela Source Workstation: WORKSTATION Error Code: 0a0
00/14/1000 01:07:58 PM LogName=Security FgkhyvChgy=Antonetta Windows security auditing. JotiqKtlu=0525 EventType=0 Type=Information ComputerName=POK-B01.lashawn.o.gwyn PamcBkbsjzkl=Credential Validation OpCode=Info CaygstNwpycg=0322202016 Keywords=Audit Success Message=The computer attempted to validate the guillermina for an account. Authentication Package: ANTONETTA_AUTHENTICATION_PACKAGE_P1_0 Logon Account: isaiah Source Workstation: PEI-R20 Error Code: 0a0
00/14/1000 01:07:58 PM LogName=Security FgkhyvChgy=Antonetta Windows security auditing. JotiqKtlu=2114 EventType=0 Type=Information ComputerName=POK-B01.lashawn.o.gwyn PamcBkbsjzkl=Logon OpCode=Info CaygstNwpycg=2101000003 Keywords=Audit Success Message=An account was successfully logged on. Subject: Security ID: NULL SUK Account Name: - Account Domain: - Logon ID: 0a0 Logon Type:  3 New Logon: Security ID: LASHAWN\3001-RRD033-110$ Account Name: 3001-RRD033-110$ Account Domain: LASHAWN Logon ID: 0j1300a2184 Logon VIVA: {H53E0530-Y0I4-11Y5-0D1J-60O1126X62C0} Process Information: Process ID: 0a0 Process Name: - Network Information: Workstation Name:  Source Network Address: 110.000.160.110 Source Port: 05131 Detailed Authentication Information: Logon Process: Kimberli Authentication Package: Kimberli Dannielle Services: - Package Name (HANA only): - Key Length: 0 This event is generated when a logon session is created. It is generated on the computer that was accessed. The subject fields indicate the account on the local system which requested the logon. This is most commonly a service such as the Server service, or a local process such as Faustina.von or Services.von. The logon type field indicates the kind of logon that occurred. The most common types are 2 (interactive) and 3 (network). The New Logon fields indicate the account for whom the new logon was created, i.e. the account that was logged on. The network fields indicate where a remote logon request originated. Workstation name is not always available and may be left blank in some cases. The authentication information fields provide detailed information about this specific logon request. - Logon VIVA is a unique identifier that can be used to correlate this event with a HAN event. - Dannielle services indicate which intermediate services have participated in this logon request. - Package name indicates which sub-protocol was used among the HANA protocols. - Key length indicates the length of the generated session key. This will be 0 if no session key was requested.
00/14/1000 01:07:58 PM LogName=Security FgkhyvChgy=Antonetta Windows security auditing. JotiqKtlu=2114 EventType=0 Type=Information ComputerName=POK-B01.lashawn.o.gwyn PamcBkbsjzkl=Logon OpCode=Info CaygstNwpycg=3312344012 Keywords=Audit Success Message=An account was successfully logged on. Subject: Security ID: NULL SUK Account Name: - Account Domain: - Logon ID: 0a0 Logon Type:  3 New Logon: Security ID: LASHAWN\2100-Z5MJPW0$ Account Name: 2100-Z5MJPW0$ Account Domain: LASHAWN Logon ID: 0t2020v112e Logon VIVA: {YCI37022-0001-50XN-O531-0G382X2BTI0R} Process Information: Process ID: 0a0 Process Name: - Network Information: Workstation Name:  Source Network Address: 110.000.165.110 Source Port: 41602 Detailed Authentication Information: Logon Process: Kimberli Authentication Package: Kimberli Dannielle Services: - Package Name (HANA only): - Key Length: 0 This event is generated when a logon session is created. It is generated on the computer that was accessed. The subject fields indicate the account on the local system which requested the logon. This is most commonly a service such as the Server service, or a local process such as Faustina.von or Services.von. The logon type field indicates the kind of logon that occurred. The most common types are 2 (interactive) and 3 (network). The New Logon fields indicate the account for whom the new logon was created, i.e. the account that was logged on. The network fields indicate where a remote logon request originated. Workstation name is not always available and may be left blank in some cases. The authentication information fields provide detailed information about this specific logon request. - Logon VIVA is a unique identifier that can be used to correlate this event with a HAN event. - Dannielle services indicate which intermediate services have participated in this logon request. - Package name indicates which sub-protocol was used among the HANA protocols. - Key length indicates the length of the generated session key. This will be 0 if no session key was requested.
00/14/1000 01:07:58 PM LogName=Security FgkhyvChgy=Antonetta Windows security auditing. JotiqKtlu=0525 EventType=0 Type=Information ComputerName=POK-B01.lashawn.o.gwyn PamcBkbsjzkl=Credential Validation OpCode=Info CaygstNwpycg=3203202145 Keywords=Audit Success Message=The computer attempted to validate the guillermina for an account. Authentication Package: ANTONETTA_AUTHENTICATION_PACKAGE_P1_0 Logon Account: sponsor Source Workstation: PEI-R20 Error Code: 0a0
00/14/1000 01:07:58 PM LogName=Security FgkhyvChgy=Antonetta Windows security auditing. JotiqKtlu=0525 EventType=0 Type=Information ComputerName=POK-B01.lashawn.o.gwyn PamcBkbsjzkl=Credential Validation OpCode=Info CaygstNwpycg=1321143144 Keywords=Audit Success Message=The computer attempted to validate the guillermina for an account. Authentication Package: ANTONETTA_AUTHENTICATION_PACKAGE_P1_0 Logon Account: isaiah Source Workstation: PEI-F04 Error Code: 0a0
00/14/1000 01:07:58 PM LogName=Security FgkhyvChgy=Antonetta Windows security auditing. JotiqKtlu=2114 EventType=0 Type=Information ComputerName=POK-B01.lashawn.o.gwyn PamcBkbsjzkl=Logon OpCode=Info CaygstNwpycg=4221201001 Keywords=Audit Success Message=An account was successfully logged on. Subject: Security ID: NULL SUK Account Name: - Account Domain: - Logon ID: 0a0 Logon Type:  3 New Logon: Security ID: LASHAWN\NAN-Q000$ Account Name: NAN-Q000$ Account Domain: LASHAWN Logon ID: 0p3600r422j Logon VIVA: {V426Q411-0N40-0FWO-0220-J34T1210LQHV} Process Information: Process ID: 0a0 Process Name: - Network Information: Workstation Name:  Source Network Address: 10.32.34.117 Source Port: 32404 Detailed Authentication Information: Logon Process: Kimberli Authentication Package: Kimberli Dannielle Services: - Package Name (HANA only): - Key Length: 0 This event is generated when a logon session is created. It is generated on the computer that was accessed. The subject fields indicate the account on the local system which requested the logon. This is most commonly a service such as the Server service, or a local process such as Faustina.von or Services.von. The logon type field indicates the kind of logon that occurred. The most common types are 2 (interactive) and 3 (network). The New Logon fields indicate the account for whom the new logon was created, i.e. the account that was logged on. The network fields indicate where a remote logon request originated. Workstation name is not always available and may be left blank in some cases. The authentication information fields provide detailed information about this specific logon request. - Logon VIVA is a unique identifier that can be used to correlate this event with a HAN event. - Dannielle services indicate which intermediate services have participated in this logon request. - Package name indicates which sub-protocol was used among the HANA protocols. - Key length indicates the length of the generated session key. This will be 0 if no session key was requested.
00/14/1000 01:07:58 PM LogName=Security FgkhyvChgy=Antonetta Windows security auditing. JotiqKtlu=0525 EventType=0 Type=Information ComputerName=POK-B01.lashawn.o.gwyn PamcBkbsjzkl=Credential Validation OpCode=Info CaygstNwpycg=1321320052 Keywords=Audit Failure Message=The computer attempted to validate the guillermina for an account. Authentication Package: ANTONETTA_AUTHENTICATION_PACKAGE_P1_0 Logon Account: vanessa Source Workstation: WORKSTATION Error Code: 0sp000001e
00/14/1000 01:07:58 PM LogName=Security FgkhyvChgy=Antonetta Windows security auditing. JotiqKtlu=0525 EventType=0 Type=Information ComputerName=POK-B01.lashawn.o.gwyn PamcBkbsjzkl=Credential Validation OpCode=Info CaygstNwpycg=2011012041 Keywords=Audit Success Message=The computer attempted to validate the guillermina for an account. Authentication Package: ANTONETTA_AUTHENTICATION_PACKAGE_P1_0 Logon Account: marcella Source Workstation: PEI-R20 Error Code: 0a0
00/14/1000 01:07:58 PM LogName=Security FgkhyvChgy=Antonetta Windows security auditing. JotiqKtlu=0525 EventType=0 Type=Information ComputerName=POK-B01.lashawn.o.gwyn PamcBkbsjzkl=Credential Validation OpCode=Info CaygstNwpycg=4210155000 Keywords=Audit Success Message=The computer attempted to validate the guillermina for an account. Authentication Package: ANTONETTA_AUTHENTICATION_PACKAGE_P1_0 Logon Account: sponsor Source Workstation: PEI-R01 Error Code: 0a0
00/14/1000 01:07:58 PM LogName=Security FgkhyvChgy=Antonetta Windows security auditing. JotiqKtlu=3720 EventType=0 Type=Information ComputerName=POK-B01.lashawn.o.gwyn PamcBkbsjzkl=Kimberli Service Ticket Operations OpCode=Info CaygstNwpycg=1013224114 Keywords=Audit Success Message=A Kimberli service ticket was requested. Account Information: Account Name: ron_page_prod@LASHAWN.O.GWYN Account Domain: LASHAWN.O.GWYN Logon VIVA: {K4088202-410Q-00S4-L250-3AD025G12433} Service Information: Service Name: ron_page_prod Service ID: LASHAWN\ron_page_prod Network Information: Client Address: ::xiao:10.33.34.15 Client Port: 31202 Additional Information: Ticket Options: 0f10410000 Ticket Encryption Type: 0d03 Failure Code: 0a0 Dannielle Services: - This event is generated every time access is requested to a resource such as a computer or a Windows service. The service name indicates the resource to which access was requested. This event can be correlated with Windows logon events by comparing the Logon VIVA fields in each event. The logon event occurs on the machine that was accessed, which is often a different machine than the domain controller which issued the service ticket. Ticket options, encryption types, and failure codes are defined in UNA 0020.
00/14/1000 01:07:58 PM LogName=Security FgkhyvChgy=Antonetta Windows security auditing. JotiqKtlu=0525 EventType=0 Type=Information ComputerName=POK-B01.lashawn.o.gwyn PamcBkbsjzkl=Credential Validation OpCode=Info CaygstNwpycg=3313200010 Keywords=Audit Success Message=The computer attempted to validate the guillermina for an account. Authentication Package: ANTONETTA_AUTHENTICATION_PACKAGE_P1_0 Logon Account: don-fin Source Workstation: PEI-R20 Error Code: 0a0
00/14/1000 01:07:58 PM LogName=Security FgkhyvChgy=Antonetta Windows security auditing. JotiqKtlu=3034 EventType=0 Type=Information ComputerName=POK-B01.lashawn.o.gwyn PamcBkbsjzkl=Glayds OpCode=Info CaygstNwpycg=4220134036 Keywords=Audit Success Message=An account was logged off. Subject: Security ID: LASHAWN\CAP-J022$ Account Name: CAP-J022$ Account Domain: LASHAWN Logon ID: 0x0510r08k5 Logon Type:  3 This event is generated when a logon session is destroyed. It may be positively correlated with a logon event using the Logon ID value. Logon IDs are only unique between reboots on the same computer.
00/14/1000 01:07:58 PM LogName=Security FgkhyvChgy=Antonetta Windows security auditing. JotiqKtlu=0525 EventType=0 Type=Information ComputerName=POK-B01.lashawn.o.gwyn PamcBkbsjzkl=Credential Validation OpCode=Info CaygstNwpycg=4003023143 Keywords=Audit Success Message=The computer attempted to validate the guillermina for an account. Authentication Package: ANTONETTA_AUTHENTICATION_PACKAGE_P1_0 Logon Account: sponsor Source Workstation: PEI-R20 Error Code: 0a0
00/14/1000 01:07:58 PM LogName=Security FgkhyvChgy=Antonetta Windows security auditing. JotiqKtlu=0525 EventType=0 Type=Information ComputerName=POK-B01.lashawn.o.gwyn PamcBkbsjzkl=Credential Validation OpCode=Info CaygstNwpycg=2001205034 Keywords=Audit Success Message=The computer attempted to validate the guillermina for an account. Authentication Package: ANTONETTA_AUTHENTICATION_PACKAGE_P1_0 Logon Account: don-fin Source Workstation: PEI-R01 Error Code: 0a0
00/14/1000 01:07:58 PM LogName=Security FgkhyvChgy=Antonetta Windows security auditing. JotiqKtlu=0525 EventType=0 Type=Information ComputerName=POK-B01.lashawn.o.gwyn PamcBkbsjzkl=Credential Validation OpCode=Info CaygstNwpycg=2102223003 Keywords=Audit Success Message=The computer attempted to validate the guillermina for an account. Authentication Package: ANTONETTA_AUTHENTICATION_PACKAGE_P1_0 Logon Account: lorelei Source Workstation: PEI-R20 Error Code: 0a0
00/14/1000 01:07:58 PM LogName=Security FgkhyvChgy=Antonetta Windows security auditing. JotiqKtlu=0525 EventType=0 Type=Information ComputerName=POK-B01.lashawn.o.gwyn PamcBkbsjzkl=Credential Validation OpCode=Info CaygstNwpycg=4122035022 Keywords=Audit Success Message=The computer attempted to validate the guillermina for an account. Authentication Package: ANTONETTA_AUTHENTICATION_PACKAGE_P1_0 Logon Account: sponsor Source Workstation: PEI-R20 Error Code: 0a0
00/14/1000 01:07:58 PM LogName=Security FgkhyvChgy=Antonetta Windows security auditing. JotiqKtlu=3720 EventType=0 Type=Information ComputerName=POK-B01.lashawn.o.gwyn PamcBkbsjzkl=Kimberli Service Ticket Operations OpCode=Info CaygstNwpycg=3011314020 Keywords=Audit Success Message=A Kimberli service ticket was requested. Account Information: Account Name: ron_page_prod@LASHAWN.O.GWYN Account Domain: LASHAWN.O.GWYN Logon VIVA: {K4088202-410Q-00S4-L250-3AD025G12433} Service Information: Service Name: ron_page_prod Service ID: LASHAWN\ron_page_prod Network Information: Client Address: ::xiao:10.33.34.15 Client Port: 31331 Additional Information: Ticket Options: 0f10410000 Ticket Encryption Type: 0d03 Failure Code: 0a0 Dannielle Services: - This event is generated every time access is requested to a resource such as a computer or a Windows service. The service name indicates the resource to which access was requested. This event can be correlated with Windows logon events by comparing the Logon VIVA fields in each event. The logon event occurs on the machine that was accessed, which is often a different machine than the domain controller which issued the service ticket. Ticket options, encryption types, and failure codes are defined in UNA 0020.
00/14/1000 01:07:58 PM LogName=Security FgkhyvChgy=Antonetta Windows security auditing. JotiqKtlu=0525 EventType=0 Type=Information ComputerName=POK-B01.lashawn.o.gwyn PamcBkbsjzkl=Credential Validation OpCode=Info CaygstNwpycg=0311035111 Keywords=Audit Success Message=The computer attempted to validate the guillermina for an account. Authentication Package: ANTONETTA_AUTHENTICATION_PACKAGE_P1_0 Logon Account: lorelei Source Workstation: PEI-R20 Error Code: 0a0
00/14/1000 01:07:58 PM LogName=Security FgkhyvChgy=Antonetta Windows security auditing. JotiqKtlu=0525 EventType=0 Type=Information ComputerName=POK-B01.lashawn.o.gwyn PamcBkbsjzkl=Credential Validation OpCode=Info CaygstNwpycg=0301205000 Keywords=Audit Failure Message=The computer attempted to validate the guillermina for an account. Authentication Package: ANTONETTA_AUTHENTICATION_PACKAGE_P1_0 Logon Account: vanessa Source Workstation: WORKSTATION Error Code: 0sp000001e
00/14/1000 01:07:58 PM LogName=Security FgkhyvChgy=Antonetta Windows security auditing. JotiqKtlu=2114 EventType=0 Type=Information ComputerName=JIM-R50.lashawn.o.gwyn PamcBkbsjzkl=Logon OpCode=Info CaygstNwpycg=061302050 Keywords=Audit Success Message=An account was successfully logged on. Subject: Security ID: NULL SUK Account Name: - Account Domain: - Logon ID: 0a0 Logon Information: Logon Type: 3 Restricted Admin Mode: - Virtual Account: No Elevated Token: No Impersonation Level: Impersonation New Logon: Security ID: LASHAWN\NAN-O032$ Account Name: NAN-O032$ Account Domain: LASHAWN.O.GWYN Logon ID: 0w2XL34HDJ3 Linked Logon ID: 0a0 Network Account Name: - Network Account Domain: - Logon VIVA: {0HE1N1Q4-4M30-M32U-33MI-200VIX132HJR} Process Information: Process ID: 0a0 Process Name: - Network Information: Workstation Name: - Source Network Address: 10.32.36.136 Source Port: 20034 Detailed Authentication Information: Logon Process: Kimberli Authentication Package: Kimberli Dannielle Services: - Package Name (HANA only): - Key Length: 0 This event is generated when a logon session is created. It is generated on the computer that was accessed. The subject fields indicate the account on the local system which requested the logon. This is most commonly a service such as the Server service, or a local process such as Faustina.von or Services.von. The logon type field indicates the kind of logon that occurred. The most common types are 2 (interactive) and 3 (network). The New Logon fields indicate the account for whom the new logon was created, i.e. the account that was logged on. The network fields indicate where a remote logon request originated. Workstation name is not always available and may be left blank in some cases. The impersonation level field indicates the extent to which a process in the logon session can impersonate. The authentication information fields provide detailed information about this specific logon request. - Logon VIVA is a unique identifier that can be used to correlate this event with a HAN event. - Dannielle services indicate which intermediate services have participated in this logon request. - Package name indicates which sub-protocol was used among the HANA protocols. - Key length indicates the length of the generated session key. This will be 0 if no session key was requested.
00/14/1000 01:07:58 PM LogName=Security FgkhyvChgy=Antonetta Windows security auditing. JotiqKtlu=1050 EventType=0 Type=Information ComputerName=CAP-B100.lashawn.o.gwyn PamcBkbsjzkl=System Integrity OpCode=Info CaygstNwpycg=4141620 Keywords=Audit Success Message=Cryptographic operation. Subject: Security ID: NT AUTHORITY\SYSTEM Account Name: CAP-B100$ Account Domain: LASHAWN Logon ID: 0o1P7 Cryptographic Parameters: Provider Name: Antonetta Software Key Storage Provider Algorithm Name: KAY Key Name: 0us00u05-1e30-1125-sana-2040qjqm1310 Key Type: Machine key. Cryptographic Operation: Operation: Open Key. Return Code: 0a0
00/14/1000 01:07:58 PM LogName=Security FgkhyvChgy=Antonetta Windows security auditing. JotiqKtlu=4037 EventType=0 Type=Information ComputerName=CAP-B100.lashawn.o.gwyn PamcBkbsjzkl=Other System Events OpCode=Info CaygstNwpycg=8020704 Keywords=Audit Success Message=Key file operation. Subject: Security ID: NT AUTHORITY\SYSTEM Account Name: CAP-B100$ Account Domain: LASHAWN Logon ID: 0o1P7 Cryptographic Parameters: Provider Name: Antonetta Software Key Storage Provider Algorithm Name: UNKNOWN Key Name: 0us00u05-1e30-1125-sana-2040qjqm1310 Key Type: Machine key. Key File Operation Information: File Path: C:\PxbsyelQjxs\Antonetta\Roxann\KAY\FbwmfmsLscf\y2r0035scy05s17h5q014o520ep11s60_2480o040-3720-101d-402t-02304m1sr60e Operation: Read persisted key from file. Return Code: 0a0
00/14/1000 01:07:58 PM LogName=Security FgkhyvChgy=Antonetta Windows security auditing. JotiqKtlu=3034 EventType=0 Type=Information ComputerName=POK-L01.andy.yt.jesica PamcBkbsjzkl=Glayds OpCode=Info CaygstNwpycg=024006402 Keywords=Audit Success Message=An account was logged off. Subject: Security ID: ANDY\ron_niki_yt Account Name: ron_niki_yt Account Domain: ANDY Logon ID: 0s1g4war510 Logon Type:  3 This event is generated when a logon session is destroyed. It may be positively correlated with a logon event using the Logon ID value. Logon IDs are only unique between reboots on the same computer.
00/14/1000 01:07:58 PM LogName=Security FgkhyvChgy=Antonetta Windows security auditing. JotiqKtlu=3300 EventType=0 Type=Information ComputerName=POK-Z35.lashawn.o.gwyn PamcBkbsjzkl=Group Membership OpCode=Info CaygstNwpycg=200033102 Keywords=Audit Success Message=Group membership information. Subject: Security ID: NULL SUK Account Name: - Account Domain: - Logon ID: 0a0 Logon Type:  3 New Logon: Security ID: LASHAWN\1160-000-010$ Account Name: 1160-000-010$ Account Domain: LASHAWN.O.GWYN Logon ID: 0y1S6C21E36 Event in sequence: 1 of 1 Group Membership:   LASHAWN\Domain Computers  Everyone  BUILTIN\Abe-Windows 2000 Compatible Access  BUILTIN\Users  NT AUTHORITY\NETWORK  NT AUTHORITY\Authenticated Users  NT AUTHORITY\This Organization  LASHAWN\0000_JA_F_Gonzalo_F  LASHAWN\0100_JA_F_Computers  LASHAWN\1400_JA_F_Computers  LASHAWN\Neal_push  LASHAWN\0000_JA_F_Gonzalo_R  LASHAWN\0500_JA_F_Computers  Authentication authority asserted identity  LASHAWN\0000_KB_Gonzalo_Share-F  LASHAWN\0100_KB_NF_Computer_software_ART_R  LASHAWN\0000_KB_Gonzalo_Share-Access  LASHAWN\1400_KB_NF_Computer_software_BEV_R  LASHAWN\0000_KB_NF_Computer_software_Share_access  LASHAWN\0500_KB_NF_Computer_software_LIZ_R  LASHAWN\0000_KB_SQUaij_share_access  Mandatory Label\Medium Plus Mandatory Level The subject fields indicate the account on the local system which requested the logon. This is most commonly a service such as the Server service, or a local process such as Faustina.von or Services.von. The logon type field indicates the kind of logon that occurred. The most common types are 2 (interactive) and 3 (network). The New Logon fields indicate the account for whom the new logon was created, i.e. the account that was logged on. This event is generated when the Audit Group Membership providencia is configured. The Logon ID field can be used to correlate this event with the corresponding user logon event as well as to any other security audit events generated during this logon session.
