10/09/2020 09:07:59 AM LogName=Security EpiypiLkch=Catherina Windows security auditing. SkveeFqis=1320 EventType=0 Type=Information ComputerName=JEN-I10.krystin.o.fern NsooVmlpmhuy=Logon OpCode=Info QoioxoAcgibn=144220020010 Keywords=Audit Success Message=An account was successfully logged on. Subject: Security ID: NULL MEL Account Name: - Account Domain: - Logon ID: 0x0 Logon Information: Logon Type: 3 Restricted Admin Mode: - Virtual Account: No Elevated Token: Yes Impersonation Level: Impersonation New Logon: Security ID: NT AUTHORITY\SYSTEM Account Name: JEN-I10$ Account Domain: KRYSTIN.O.FERN Logon ID: 0bM0G450900 Linked Logon ID: 0x0 Network Account Name: - Network Account Domain: - Logon YUNG: {0001Y230-H033-1S02-NI00-T782Z395MP0U} Process Information: Process ID: 0x0 Process Name: - Network Information: Workstation Name: - Source Network Address: lp10::2c1k:j300:jo50:01x3 Source Port: 22652 Detailed Authentication Information: Logon Process: Jesusita Authentication Package: Jesusita Cristobal Services: - Package Name (NEAL only): - Key Length: 0 This event is generated when a logon session is created. It is generated on the computer that was accessed. The subject fields indicate the account on the local system which requested the logon. This is most commonly a service such as the Server service, or a local process such as Demarcus.eli or Services.eli. The logon type field indicates the kind of logon that occurred. The most common types are 2 (interactive) and 3 (network). The New Logon fields indicate the account for whom the new logon was created, i.e. the account that was logged on. The network fields indicate where a remote logon request originated. Workstation name is not always available and may be left blank in some cases. The impersonation level field indicates the extent to which a process in the logon session can impersonate. The authentication information fields provide detailed information about this specific logon request. - Logon YUNG is a unique identifier that can be used to correlate this event with a ORA event. - Cristobal services indicate which intermediate services have participated in this logon request. - Package name indicates which sub-protocol was used among the NEAL protocols. - Key length indicates the length of the generated session key. This will be 0 if no session key was requested.
10/09/2020 09:07:59 AM LogName=Security EpiypiLkch=Catherina Windows security auditing. SkveeFqis=3411 EventType=0 Type=Information ComputerName=JEN-I10.krystin.o.fern NsooVmlpmhuy=Special Logon OpCode=Info QoioxoAcgibn=053233001035 Keywords=Audit Success Message=Special privileges assigned to new logon. Subject: Security ID: NT AUTHORITY\SYSTEM Account Name: JEN-I10$ Account Domain: KRYSTIN Logon ID: 0sY0U12131B Privileges: SvZubvohxkHuodywtvh  XqBzcxxjAmdbeoyfy  OzHxqtswiDrrdxbgor  BrKvpsHnytadvvgUabnotztt  JzDhuwiIwtkqyzvj  DyKkmjvnAaoiplmpmrwJtpvvdaey  QqMdgwHjxfxjFzoruspyo  ToKubhtnoptcjIuxlnkiyj  GwPpgacmorWgwwdzmUdsiTcpnzbltxgqMcwytgjbp
10/09/2020 09:07:59 AM LogName=Security EpiypiLkch=Catherina Windows security auditing. SkveeFqis=3411 EventType=0 Type=Information ComputerName=JEN-I10.krystin.o.fern NsooVmlpmhuy=Special Logon OpCode=Info QoioxoAcgibn=161106102030 Keywords=Audit Success Message=Special privileges assigned to new logon. Subject: Security ID: NT AUTHORITY\SYSTEM Account Name: JEN-I10$ Account Domain: KRYSTIN Logon ID: 0bM0G450900 Privileges: SvZubvohxkHuodywtvh  XqBzcxxjAmdbeoyfy  OzHxqtswiDrrdxbgor  BrKvpsHnytadvvgUabnotztt  JzDhuwiIwtkqyzvj  DyKkmjvnAaoiplmpmrwJtpvvdaey  QqMdgwHjxfxjFzoruspyo  ToKubhtnoptcjIuxlnkiyj  GwPpgacmorWgwwdzmUdsiTcpnzbltxgqMcwytgjbp
10/09/2020 09:07:59 AM LogName=Security EpiypiLkch=Catherina Windows security auditing. SkveeFqis=1320 EventType=0 Type=Information ComputerName=JEN-I10.krystin.o.fern NsooVmlpmhuy=Logon OpCode=Info QoioxoAcgibn=141226020037 Keywords=Audit Success Message=An account was successfully logged on. Subject: Security ID: NULL MEL Account Name: - Account Domain: - Logon ID: 0x0 Logon Information: Logon Type: 3 Restricted Admin Mode: - Virtual Account: No Elevated Token: Yes Impersonation Level: Impersonation New Logon: Security ID: NT AUTHORITY\SYSTEM Account Name: JEN-I10$ Account Domain: KRYSTIN.O.FERN Logon ID: 0nO0H060501 Linked Logon ID: 0x0 Network Account Name: - Network Account Domain: - Logon YUNG: {0001Y230-H033-1S02-NI00-T782Z395MP0U} Process Information: Process ID: 0x0 Process Name: - Network Information: Workstation Name: - Source Network Address: lp10::62d0:54rr:6080:7o0v Source Port: 02830 Detailed Authentication Information: Logon Process: Jesusita Authentication Package: Jesusita Cristobal Services: - Package Name (NEAL only): - Key Length: 0 This event is generated when a logon session is created. It is generated on the computer that was accessed. The subject fields indicate the account on the local system which requested the logon. This is most commonly a service such as the Server service, or a local process such as Demarcus.eli or Services.eli. The logon type field indicates the kind of logon that occurred. The most common types are 2 (interactive) and 3 (network). The New Logon fields indicate the account for whom the new logon was created, i.e. the account that was logged on. The network fields indicate where a remote logon request originated. Workstation name is not always available and may be left blank in some cases. The impersonation level field indicates the extent to which a process in the logon session can impersonate. The authentication information fields provide detailed information about this specific logon request. - Logon YUNG is a unique identifier that can be used to correlate this event with a ORA event. - Cristobal services indicate which intermediate services have participated in this logon request. - Package name indicates which sub-protocol was used among the NEAL protocols. - Key length indicates the length of the generated session key. This will be 0 if no session key was requested.
10/09/2020 09:07:59 AM LogName=Security EpiypiLkch=Catherina Windows security auditing. SkveeFqis=3411 EventType=0 Type=Information ComputerName=JEN-I10.krystin.o.fern NsooVmlpmhuy=Special Logon OpCode=Info QoioxoAcgibn=023300103036 Keywords=Audit Success Message=Special privileges assigned to new logon. Subject: Security ID: NT AUTHORITY\SYSTEM Account Name: JEN-I10$ Account Domain: KRYSTIN Logon ID: 0nO0H060501 Privileges: SvZubvohxkHuodywtvh  XqBzcxxjAmdbeoyfy  OzHxqtswiDrrdxbgor  BrKvpsHnytadvvgUabnotztt  JzDhuwiIwtkqyzvj  DyKkmjvnAaoiplmpmrwJtpvvdaey  QqMdgwHjxfxjFzoruspyo  ToKubhtnoptcjIuxlnkiyj  GwPpgacmorWgwwdzmUdsiTcpnzbltxgqMcwytgjbp
10/09/2020 09:07:59 AM LogName=Security EpiypiLkch=Catherina Windows security auditing. SkveeFqis=1120 EventType=0 Type=Information ComputerName=JEN-I10.krystin.o.fern NsooVmlpmhuy=Ashlea OpCode=Info QoioxoAcgibn=044121020024 Keywords=Audit Success Message=An account was logged off. Subject: Security ID: NT AUTHORITY\SYSTEM Account Name: JEN-I10$ Account Domain: KRYSTIN Logon ID: 0fW0G370761 Logon Type:  3 This event is generated when a logon session is destroyed. It may be positively correlated with a logon event using the Logon ID value. Logon IDs are only unique between reboots on the same computer.
10/09/2020 09:07:59 AM LogName=Security EpiypiLkch=Catherina Windows security auditing. SkveeFqis=1320 EventType=0 Type=Information ComputerName=JEN-I10.krystin.o.fern NsooVmlpmhuy=Logon OpCode=Info QoioxoAcgibn=044312113063 Keywords=Audit Success Message=An account was successfully logged on. Subject: Security ID: NULL MEL Account Name: - Account Domain: - Logon ID: 0x0 Logon Information: Logon Type: 3 Restricted Admin Mode: - Virtual Account: No Elevated Token: Yes Impersonation Level: Impersonation New Logon: Security ID: NT AUTHORITY\SYSTEM Account Name: JEN-I10$ Account Domain: KRYSTIN.O.FERN Logon ID: 0hC0N9502RK Linked Logon ID: 0x0 Network Account Name: - Network Account Domain: - Logon YUNG: {0001Y230-H033-1S02-NI00-T782Z395MP0U} Process Information: Process ID: 0x0 Process Name: - Network Information: Workstation Name: - Source Network Address: lp10::2c1k:j300:jo50:01x3 Source Port: 22652 Detailed Authentication Information: Logon Process: Jesusita Authentication Package: Jesusita Cristobal Services: - Package Name (NEAL only): - Key Length: 0 This event is generated when a logon session is created. It is generated on the computer that was accessed. The subject fields indicate the account on the local system which requested the logon. This is most commonly a service such as the Server service, or a local process such as Demarcus.eli or Services.eli. The logon type field indicates the kind of logon that occurred. The most common types are 2 (interactive) and 3 (network). The New Logon fields indicate the account for whom the new logon was created, i.e. the account that was logged on. The network fields indicate where a remote logon request originated. Workstation name is not always available and may be left blank in some cases. The impersonation level field indicates the extent to which a process in the logon session can impersonate. The authentication information fields provide detailed information about this specific logon request. - Logon YUNG is a unique identifier that can be used to correlate this event with a ORA event. - Cristobal services indicate which intermediate services have participated in this logon request. - Package name indicates which sub-protocol was used among the NEAL protocols. - Key length indicates the length of the generated session key. This will be 0 if no session key was requested.
10/09/2020 09:07:59 AM LogName=Security EpiypiLkch=Catherina Windows security auditing. SkveeFqis=3411 EventType=0 Type=Information ComputerName=JEN-I10.krystin.o.fern NsooVmlpmhuy=Special Logon OpCode=Info QoioxoAcgibn=123110012020 Keywords=Audit Success Message=Special privileges assigned to new logon. Subject: Security ID: NT AUTHORITY\SYSTEM Account Name: JEN-I10$ Account Domain: KRYSTIN Logon ID: 0hC0N9502RK Privileges: SvZubvohxkHuodywtvh  XqBzcxxjAmdbeoyfy  OzHxqtswiDrrdxbgor  BrKvpsHnytadvvgUabnotztt  JzDhuwiIwtkqyzvj  DyKkmjvnAaoiplmpmrwJtpvvdaey  QqMdgwHjxfxjFzoruspyo  ToKubhtnoptcjIuxlnkiyj  GwPpgacmorWgwwdzmUdsiTcpnzbltxgqMcwytgjbp
10/09/2020 09:07:59 AM LogName=Security EpiypiLkch=Catherina Windows security auditing. SkveeFqis=1120 EventType=0 Type=Information ComputerName=JEN-I10.krystin.o.fern NsooVmlpmhuy=Ashlea OpCode=Info QoioxoAcgibn=154155022001 Keywords=Audit Success Message=An account was logged off. Subject: Security ID: NT AUTHORITY\SYSTEM Account Name: JEN-I10$ Account Domain: KRYSTIN Logon ID: 0vJ0X680620 Logon Type:  3 This event is generated when a logon session is destroyed. It may be positively correlated with a logon event using the Logon ID value. Logon IDs are only unique between reboots on the same computer.
10/09/2020 09:07:59 AM LogName=Security EpiypiLkch=Catherina Windows security auditing. SkveeFqis=1320 EventType=0 Type=Information ComputerName=JEN-I10.krystin.o.fern NsooVmlpmhuy=Logon OpCode=Info QoioxoAcgibn=161231122011 Keywords=Audit Success Message=An account was successfully logged on. Subject: Security ID: NULL MEL Account Name: - Account Domain: - Logon ID: 0x0 Logon Information: Logon Type: 3 Restricted Admin Mode: - Virtual Account: No Elevated Token: Yes Impersonation Level: Impersonation New Logon: Security ID: KRYSTIN\JEN-A01$ Account Name: JEN-A01$ Account Domain: KRYSTIN.O.FERN Logon ID: 0yR0E6210X4 Linked Logon ID: 0x0 Network Account Name: - Network Account Domain: - Logon YUNG: {P3R2148N-O3SF-52OF-15N4-4XQ503S3418K} Process Information: Process ID: 0x0 Process Name: - Network Information: Workstation Name: - Source Network Address: 10.32.34.10 Source Port: 51003 Detailed Authentication Information: Logon Process: Jesusita Authentication Package: Jesusita Cristobal Services: - Package Name (NEAL only): - Key Length: 0 This event is generated when a logon session is created. It is generated on the computer that was accessed. The subject fields indicate the account on the local system which requested the logon. This is most commonly a service such as the Server service, or a local process such as Demarcus.eli or Services.eli. The logon type field indicates the kind of logon that occurred. The most common types are 2 (interactive) and 3 (network). The New Logon fields indicate the account for whom the new logon was created, i.e. the account that was logged on. The network fields indicate where a remote logon request originated. Workstation name is not always available and may be left blank in some cases. The impersonation level field indicates the extent to which a process in the logon session can impersonate. The authentication information fields provide detailed information about this specific logon request. - Logon YUNG is a unique identifier that can be used to correlate this event with a ORA event. - Cristobal services indicate which intermediate services have participated in this logon request. - Package name indicates which sub-protocol was used among the NEAL protocols. - Key length indicates the length of the generated session key. This will be 0 if no session key was requested.
10/09/2020 09:07:59 AM LogName=Security EpiypiLkch=Catherina Windows security auditing. SkveeFqis=3411 EventType=0 Type=Information ComputerName=JEN-I10.krystin.o.fern NsooVmlpmhuy=Special Logon OpCode=Info QoioxoAcgibn=123306100000 Keywords=Audit Success Message=Special privileges assigned to new logon. Subject: Security ID: KRYSTIN\JEN-A01$ Account Name: JEN-A01$ Account Domain: KRYSTIN Logon ID: 0yR0E6210X4 Privileges: SvZubvohxkHuodywtvh  XqBzcxxjAmdbeoyfy  OzHxqtswiDrrdxbgor  BrKvpsHnytadvvgUabnotztt  JzDhuwiIwtkqyzvj  DyKkmjvnAaoiplmpmrwJtpvvdaey  QqMdgwHjxfxjFzoruspyo  ToKubhtnoptcjIuxlnkiyj  GwPpgacmorWgwwdzmUdsiTcpnzbltxgqMcwytgjbp
10/09/2020 09:07:59 AM LogName=Security EpiypiLkch=Catherina Windows security auditing. SkveeFqis=1320 EventType=0 Type=Information ComputerName=JEN-I10.krystin.o.fern NsooVmlpmhuy=Logon OpCode=Info QoioxoAcgibn=134143010027 Keywords=Audit Success Message=An account was successfully logged on. Subject: Security ID: NULL MEL Account Name: - Account Domain: - Logon ID: 0x0 Logon Information: Logon Type: 3 Restricted Admin Mode: - Virtual Account: No Elevated Token: Yes Impersonation Level: Impersonation New Logon: Security ID: KRYSTIN\JEN-O06$ Account Name: JEN-O06$ Account Domain: KRYSTIN.O.FERN Logon ID: 0nR0N9208LG Linked Logon ID: 0x0 Network Account Name: - Network Account Domain: - Logon YUNG: {F1VN026W-6064-HM00-15U3-030V0003MVKQ} Process Information: Process ID: 0x0 Process Name: - Network Information: Workstation Name: - Source Network Address: 10.32.34.83 Source Port: 10011 Detailed Authentication Information: Logon Process: Jesusita Authentication Package: Jesusita Cristobal Services: - Package Name (NEAL only): - Key Length: 0 This event is generated when a logon session is created. It is generated on the computer that was accessed. The subject fields indicate the account on the local system which requested the logon. This is most commonly a service such as the Server service, or a local process such as Demarcus.eli or Services.eli. The logon type field indicates the kind of logon that occurred. The most common types are 2 (interactive) and 3 (network). The New Logon fields indicate the account for whom the new logon was created, i.e. the account that was logged on. The network fields indicate where a remote logon request originated. Workstation name is not always available and may be left blank in some cases. The impersonation level field indicates the extent to which a process in the logon session can impersonate. The authentication information fields provide detailed information about this specific logon request. - Logon YUNG is a unique identifier that can be used to correlate this event with a ORA event. - Cristobal services indicate which intermediate services have participated in this logon request. - Package name indicates which sub-protocol was used among the NEAL protocols. - Key length indicates the length of the generated session key. This will be 0 if no session key was requested.
10/09/2020 09:07:59 AM LogName=Security EpiypiLkch=Catherina Windows security auditing. SkveeFqis=1120 EventType=0 Type=Information ComputerName=JEN-I10.krystin.o.fern NsooVmlpmhuy=Ashlea OpCode=Info QoioxoAcgibn=013207023001 Keywords=Audit Success Message=An account was logged off. Subject: Security ID: KRYSTIN\JEN-A01$ Account Name: JEN-A01$ Account Domain: KRYSTIN Logon ID: 0pR0C850G0F Logon Type:  3 This event is generated when a logon session is destroyed. It may be positively correlated with a logon event using the Logon ID value. Logon IDs are only unique between reboots on the same computer.
10/09/2020 09:07:59 AM LogName=Security EpiypiLkch=Catherina Windows security auditing. SkveeFqis=3411 EventType=0 Type=Information ComputerName=JEN-I10.krystin.o.fern NsooVmlpmhuy=Special Logon OpCode=Info QoioxoAcgibn=054050121000 Keywords=Audit Success Message=Special privileges assigned to new logon. Subject: Security ID: KRYSTIN\JEN-O06$ Account Name: JEN-O06$ Account Domain: KRYSTIN Logon ID: 0nR0N9208LG Privileges: SvZubvohxkHuodywtvh  XqBzcxxjAmdbeoyfy  OzHxqtswiDrrdxbgor  BrKvpsHnytadvvgUabnotztt  JzDhuwiIwtkqyzvj  DyKkmjvnAaoiplmpmrwJtpvvdaey  QqMdgwHjxfxjFzoruspyo  ToKubhtnoptcjIuxlnkiyj  GwPpgacmorWgwwdzmUdsiTcpnzbltxgqMcwytgjbp
10/09/2020 09:07:59 AM LogName=Security EpiypiLkch=Catherina Windows security auditing. SkveeFqis=1120 EventType=0 Type=Information ComputerName=JEN-I10.krystin.o.fern NsooVmlpmhuy=Ashlea OpCode=Info QoioxoAcgibn=031026111031 Keywords=Audit Success Message=An account was logged off. Subject: Security ID: KRYSTIN\JEN-O06$ Account Name: JEN-O06$ Account Domain: KRYSTIN Logon ID: 0aI0M611402 Logon Type:  3 This event is generated when a logon session is destroyed. It may be positively correlated with a logon event using the Logon ID value. Logon IDs are only unique between reboots on the same computer.
10/09/2020 09:07:59 AM LogName=Security EpiypiLkch=Catherina Windows security auditing. SkveeFqis=1320 EventType=0 Type=Information ComputerName=JEN-I10.krystin.o.fern NsooVmlpmhuy=Logon OpCode=Info QoioxoAcgibn=112342101033 Keywords=Audit Success Message=An account was successfully logged on. Subject: Security ID: NULL MEL Account Name: - Account Domain: - Logon ID: 0x0 Logon Information: Logon Type: 3 Restricted Admin Mode: - Virtual Account: No Elevated Token: Yes Impersonation Level: Impersonation New Logon: Security ID: NT AUTHORITY\SYSTEM Account Name: JEN-I10$ Account Domain: KRYSTIN.O.FERN Logon ID: 0tL0G680283 Linked Logon ID: 0x0 Network Account Name: - Network Account Domain: - Logon YUNG: {0001Y230-H033-1S02-NI00-T782Z395MP0U} Process Information: Process ID: 0x0 Process Name: - Network Information: Workstation Name: - Source Network Address: 066.130.9.10 Source Port: 11030 Detailed Authentication Information: Logon Process: Jesusita Authentication Package: Jesusita Cristobal Services: - Package Name (NEAL only): - Key Length: 0 This event is generated when a logon session is created. It is generated on the computer that was accessed. The subject fields indicate the account on the local system which requested the logon. This is most commonly a service such as the Server service, or a local process such as Demarcus.eli or Services.eli. The logon type field indicates the kind of logon that occurred. The most common types are 2 (interactive) and 3 (network). The New Logon fields indicate the account for whom the new logon was created, i.e. the account that was logged on. The network fields indicate where a remote logon request originated. Workstation name is not always available and may be left blank in some cases. The impersonation level field indicates the extent to which a process in the logon session can impersonate. The authentication information fields provide detailed information about this specific logon request. - Logon YUNG is a unique identifier that can be used to correlate this event with a ORA event. - Cristobal services indicate which intermediate services have participated in this logon request. - Package name indicates which sub-protocol was used among the NEAL protocols. - Key length indicates the length of the generated session key. This will be 0 if no session key was requested.
10/09/2020 09:07:59 AM LogName=Security EpiypiLkch=Catherina Windows security auditing. SkveeFqis=3411 EventType=0 Type=Information ComputerName=JEN-I10.krystin.o.fern NsooVmlpmhuy=Special Logon OpCode=Info QoioxoAcgibn=034037111024 Keywords=Audit Success Message=Special privileges assigned to new logon. Subject: Security ID: NT AUTHORITY\SYSTEM Account Name: JEN-I10$ Account Domain: KRYSTIN Logon ID: 0tL0G680283 Privileges: SvZubvohxkHuodywtvh  XqBzcxxjAmdbeoyfy  OzHxqtswiDrrdxbgor  BrKvpsHnytadvvgUabnotztt  JzDhuwiIwtkqyzvj  DyKkmjvnAaoiplmpmrwJtpvvdaey  QqMdgwHjxfxjFzoruspyo  ToKubhtnoptcjIuxlnkiyj  GwPpgacmorWgwwdzmUdsiTcpnzbltxgqMcwytgjbp
10/09/2020 09:07:59 AM LogName=Security EpiypiLkch=Catherina Windows security auditing. SkveeFqis=1120 EventType=0 Type=Information ComputerName=JEN-I10.krystin.o.fern NsooVmlpmhuy=Ashlea OpCode=Info QoioxoAcgibn=011205002033 Keywords=Audit Success Message=An account was logged off. Subject: Security ID: NT AUTHORITY\SYSTEM Account Name: JEN-I10$ Account Domain: KRYSTIN Logon ID: 0sQ0G2813A1 Logon Type:  3 This event is generated when a logon session is destroyed. It may be positively correlated with a logon event using the Logon ID value. Logon IDs are only unique between reboots on the same computer.
10/09/2020 09:07:59 AM LogName=Security EpiypiLkch=Catherina Windows security auditing. SkveeFqis=1120 EventType=0 Type=Information ComputerName=JEN-I10.krystin.o.fern NsooVmlpmhuy=Ashlea OpCode=Info QoioxoAcgibn=100234112041 Keywords=Audit Success Message=An account was logged off. Subject: Security ID: KRYSTIN\JEN-U20$ Account Name: JEN-U20$ Account Domain: KRYSTIN Logon ID: 0bT0A5610A0 Logon Type:  3 This event is generated when a logon session is destroyed. It may be positively correlated with a logon event using the Logon ID value. Logon IDs are only unique between reboots on the same computer.
10/09/2020 09:07:59 AM LogName=Security EpiypiLkch=Catherina Windows security auditing. SkveeFqis=1120 EventType=0 Type=Information ComputerName=JEN-I10.krystin.o.fern NsooVmlpmhuy=Ashlea OpCode=Info QoioxoAcgibn=124332001030 Keywords=Audit Success Message=An account was logged off. Subject: Security ID: NT AUTHORITY\SYSTEM Account Name: JEN-I10$ Account Domain: KRYSTIN Logon ID: 0uX0R90111Z Logon Type:  3 This event is generated when a logon session is destroyed. It may be positively correlated with a logon event using the Logon ID value. Logon IDs are only unique between reboots on the same computer.
10/09/2020 09:07:59 AM LogName=Security EpiypiLkch=Catherina Windows security auditing. SkveeFqis=1120 EventType=0 Type=Information ComputerName=JEN-I10.krystin.o.fern NsooVmlpmhuy=Ashlea OpCode=Info QoioxoAcgibn=050401102030 Keywords=Audit Success Message=An account was logged off. Subject: Security ID: KRYSTIN\JEN-O06$ Account Name: JEN-O06$ Account Domain: KRYSTIN Logon ID: 0iK0L60050Y Logon Type:  3 This event is generated when a logon session is destroyed. It may be positively correlated with a logon event using the Logon ID value. Logon IDs are only unique between reboots on the same computer.
10/09/2020 09:07:59 AM LogName=Security EpiypiLkch=Catherina Windows security auditing. SkveeFqis=1120 EventType=0 Type=Information ComputerName=JEN-I10.krystin.o.fern NsooVmlpmhuy=Ashlea OpCode=Info QoioxoAcgibn=061226021020 Keywords=Audit Success Message=An account was logged off. Subject: Security ID: NT AUTHORITY\SYSTEM Account Name: JEN-I10$ Account Domain: KRYSTIN Logon ID: 0qT0D410030 Logon Type:  3 This event is generated when a logon session is destroyed. It may be positively correlated with a logon event using the Logon ID value. Logon IDs are only unique between reboots on the same computer.
10/09/2020 09:07:59 AM LogName=Security EpiypiLkch=Catherina Windows security auditing. SkveeFqis=1120 EventType=0 Type=Information ComputerName=JEN-I10.krystin.o.fern NsooVmlpmhuy=Ashlea OpCode=Info QoioxoAcgibn=100043012008 Keywords=Audit Success Message=An account was logged off. Subject: Security ID: NT AUTHORITY\SYSTEM Account Name: JEN-I10$ Account Domain: KRYSTIN Logon ID: 0mT0I08077J Logon Type:  3 This event is generated when a logon session is destroyed. It may be positively correlated with a logon event using the Logon ID value. Logon IDs are only unique between reboots on the same computer.
10/09/2020 09:07:59 AM LogName=Security EpiypiLkch=Catherina Windows security auditing. SkveeFqis=1120 EventType=0 Type=Information ComputerName=JEN-I10.krystin.o.fern NsooVmlpmhuy=Ashlea OpCode=Info QoioxoAcgibn=051424121045 Keywords=Audit Success Message=An account was logged off. Subject: Security ID: NT AUTHORITY\SYSTEM Account Name: JEN-I10$ Account Domain: KRYSTIN Logon ID: 0eM0J5710LG Logon Type:  3 This event is generated when a logon session is destroyed. It may be positively correlated with a logon event using the Logon ID value. Logon IDs are only unique between reboots on the same computer.
10/09/2020 09:07:59 AM LogName=Security EpiypiLkch=Catherina Windows security auditing. SkveeFqis=1120 EventType=0 Type=Information ComputerName=JEN-I10.krystin.o.fern NsooVmlpmhuy=Ashlea OpCode=Info QoioxoAcgibn=030114022043 Keywords=Audit Success Message=An account was logged off. Subject: Security ID: NT AUTHORITY\SYSTEM Account Name: JEN-I10$ Account Domain: KRYSTIN Logon ID: 0pL0R5511P2 Logon Type:  3 This event is generated when a logon session is destroyed. It may be positively correlated with a logon event using the Logon ID value. Logon IDs are only unique between reboots on the same computer.
10/09/2020 09:07:59 AM LogName=Security EpiypiLkch=Catherina Windows security auditing. SkveeFqis=1120 EventType=0 Type=Information ComputerName=JEN-I10.krystin.o.fern NsooVmlpmhuy=Ashlea OpCode=Info QoioxoAcgibn=141421123013 Keywords=Audit Success Message=An account was logged off. Subject: Security ID: NT AUTHORITY\SYSTEM Account Name: JEN-I10$ Account Domain: KRYSTIN Logon ID: 0lE0M5801P3 Logon Type:  3 This event is generated when a logon session is destroyed. It may be positively correlated with a logon event using the Logon ID value. Logon IDs are only unique between reboots on the same computer.
10/09/2020 09:07:59 AM LogName=Security EpiypiLkch=Catherina Windows security auditing. SkveeFqis=1120 EventType=0 Type=Information ComputerName=JEN-I10.krystin.o.fern NsooVmlpmhuy=Ashlea OpCode=Info QoioxoAcgibn=030145120002 Keywords=Audit Success Message=An account was logged off. Subject: Security ID: NT AUTHORITY\SYSTEM Account Name: JEN-I10$ Account Domain: KRYSTIN Logon ID: 0eV0B8101UT Logon Type:  3 This event is generated when a logon session is destroyed. It may be positively correlated with a logon event using the Logon ID value. Logon IDs are only unique between reboots on the same computer.
10/09/2020 09:07:59 AM LogName=Security EpiypiLkch=Catherina Windows security auditing. SkveeFqis=1120 EventType=0 Type=Information ComputerName=JEN-I10.krystin.o.fern NsooVmlpmhuy=Ashlea OpCode=Info QoioxoAcgibn=141532000033 Keywords=Audit Success Message=An account was logged off. Subject: Security ID: NT AUTHORITY\SYSTEM Account Name: JEN-I10$ Account Domain: KRYSTIN Logon ID: 0jD0N731745 Logon Type:  3 This event is generated when a logon session is destroyed. It may be positively correlated with a logon event using the Logon ID value. Logon IDs are only unique between reboots on the same computer.
10/09/2020 09:07:59 AM LogName=Security EpiypiLkch=Catherina Windows security auditing. SkveeFqis=1120 EventType=0 Type=Information ComputerName=JEN-I10.krystin.o.fern NsooVmlpmhuy=Ashlea OpCode=Info QoioxoAcgibn=061250002042 Keywords=Audit Success Message=An account was logged off. Subject: Security ID: NT AUTHORITY\SYSTEM Account Name: JEN-I10$ Account Domain: KRYSTIN Logon ID: 0xV0R631403 Logon Type:  3 This event is generated when a logon session is destroyed. It may be positively correlated with a logon event using the Logon ID value. Logon IDs are only unique between reboots on the same computer.
10/09/2020 09:07:59 AM LogName=Security EpiypiLkch=Catherina Windows security auditing. SkveeFqis=1120 EventType=0 Type=Information ComputerName=JEN-I10.krystin.o.fern NsooVmlpmhuy=Ashlea OpCode=Info QoioxoAcgibn=143210123000 Keywords=Audit Success Message=An account was logged off. Subject: Security ID: KRYSTIN\JEN-O06$ Account Name: JEN-O06$ Account Domain: KRYSTIN Logon ID: 0kU0B0401NO Logon Type:  3 This event is generated when a logon session is destroyed. It may be positively correlated with a logon event using the Logon ID value. Logon IDs are only unique between reboots on the same computer.
10/09/2020 09:07:59 AM LogName=Security EpiypiLkch=Catherina Windows security auditing. SkveeFqis=1120 EventType=0 Type=Information ComputerName=JEN-I10.krystin.o.fern NsooVmlpmhuy=Ashlea OpCode=Info QoioxoAcgibn=024137102030 Keywords=Audit Success Message=An account was logged off. Subject: Security ID: NT AUTHORITY\SYSTEM Account Name: JEN-I10$ Account Domain: KRYSTIN Logon ID: 0rU0U5513Y1 Logon Type:  3 This event is generated when a logon session is destroyed. It may be positively correlated with a logon event using the Logon ID value. Logon IDs are only unique between reboots on the same computer.
10/09/2020 09:07:59 AM LogName=Security EpiypiLkch=Catherina Windows security auditing. SkveeFqis=1120 EventType=0 Type=Information ComputerName=JEN-I10.krystin.o.fern NsooVmlpmhuy=Ashlea OpCode=Info QoioxoAcgibn=114532121028 Keywords=Audit Success Message=An account was logged off. Subject: Security ID: NT AUTHORITY\SYSTEM Account Name: JEN-I10$ Account Domain: KRYSTIN Logon ID: 0yU0P8317G3 Logon Type:  3 This event is generated when a logon session is destroyed. It may be positively correlated with a logon event using the Logon ID value. Logon IDs are only unique between reboots on the same computer.
10/09/2020 09:07:59 AM LogName=Security EpiypiLkch=Catherina Windows security auditing. SkveeFqis=1320 EventType=0 Type=Information ComputerName=JEN-I10.krystin.o.fern NsooVmlpmhuy=Logon OpCode=Info QoioxoAcgibn=152001020026 Keywords=Audit Success Message=An account was successfully logged on. Subject: Security ID: NULL MEL Account Name: - Account Domain: - Logon ID: 0x0 Logon Information: Logon Type: 3 Restricted Admin Mode: - Virtual Account: No Elevated Token: Yes Impersonation Level: Impersonation New Logon: Security ID: NT AUTHORITY\SYSTEM Account Name: JEN-I10$ Account Domain: KRYSTIN.O.FERN Logon ID: 0fW0G370761 Linked Logon ID: 0x0 Network Account Name: - Network Account Domain: - Logon YUNG: {0001Y230-H033-1S02-NI00-T782Z395MP0U} Process Information: Process ID: 0x0 Process Name: - Network Information: Workstation Name: - Source Network Address: lp10::62d0:54rr:6080:7o0v Source Port: 02830 Detailed Authentication Information: Logon Process: Jesusita Authentication Package: Jesusita Cristobal Services: - Package Name (NEAL only): - Key Length: 0 This event is generated when a logon session is created. It is generated on the computer that was accessed. The subject fields indicate the account on the local system which requested the logon. This is most commonly a service such as the Server service, or a local process such as Demarcus.eli or Services.eli. The logon type field indicates the kind of logon that occurred. The most common types are 2 (interactive) and 3 (network). The New Logon fields indicate the account for whom the new logon was created, i.e. the account that was logged on. The network fields indicate where a remote logon request originated. Workstation name is not always available and may be left blank in some cases. The impersonation level field indicates the extent to which a process in the logon session can impersonate. The authentication information fields provide detailed information about this specific logon request. - Logon YUNG is a unique identifier that can be used to correlate this event with a ORA event. - Cristobal services indicate which intermediate services have participated in this logon request. - Package name indicates which sub-protocol was used among the NEAL protocols. - Key length indicates the length of the generated session key. This will be 0 if no session key was requested.
10/09/2020 09:07:59 AM LogName=Security EpiypiLkch=Catherina Windows security auditing. SkveeFqis=3411 EventType=0 Type=Information ComputerName=JEN-I10.krystin.o.fern NsooVmlpmhuy=Special Logon OpCode=Info QoioxoAcgibn=131313002007 Keywords=Audit Success Message=Special privileges assigned to new logon. Subject: Security ID: NT AUTHORITY\SYSTEM Account Name: JEN-I10$ Account Domain: KRYSTIN Logon ID: 0fW0G370761 Privileges: SvZubvohxkHuodywtvh  XqBzcxxjAmdbeoyfy  OzHxqtswiDrrdxbgor  BrKvpsHnytadvvgUabnotztt  JzDhuwiIwtkqyzvj  DyKkmjvnAaoiplmpmrwJtpvvdaey  QqMdgwHjxfxjFzoruspyo  ToKubhtnoptcjIuxlnkiyj  GwPpgacmorWgwwdzmUdsiTcpnzbltxgqMcwytgjbp
10/09/2020 09:07:59 AM LogName=Security EpiypiLkch=Catherina Windows security auditing. SkveeFqis=1320 EventType=0 Type=Information ComputerName=JEN-I10.krystin.o.fern NsooVmlpmhuy=Logon OpCode=Info QoioxoAcgibn=160017102033 Keywords=Audit Success Message=An account was successfully logged on. Subject: Security ID: NULL MEL Account Name: - Account Domain: - Logon ID: 0x0 Logon Information: Logon Type: 3 Restricted Admin Mode: - Virtual Account: No Elevated Token: Yes Impersonation Level: Impersonation New Logon: Security ID: NT AUTHORITY\SYSTEM Account Name: JEN-I10$ Account Domain: KRYSTIN.O.FERN Logon ID: 0vJ0X680620 Linked Logon ID: 0x0 Network Account Name: - Network Account Domain: - Logon YUNG: {0001Y230-H033-1S02-NI00-T782Z395MP0U} Process Information: Process ID: 0x0 Process Name: - Network Information: Workstation Name: - Source Network Address: lp10::2c1k:j300:jo50:01x3 Source Port: 22652 Detailed Authentication Information: Logon Process: Jesusita Authentication Package: Jesusita Cristobal Services: - Package Name (NEAL only): - Key Length: 0 This event is generated when a logon session is created. It is generated on the computer that was accessed. The subject fields indicate the account on the local system which requested the logon. This is most commonly a service such as the Server service, or a local process such as Demarcus.eli or Services.eli. The logon type field indicates the kind of logon that occurred. The most common types are 2 (interactive) and 3 (network). The New Logon fields indicate the account for whom the new logon was created, i.e. the account that was logged on. The network fields indicate where a remote logon request originated. Workstation name is not always available and may be left blank in some cases. The impersonation level field indicates the extent to which a process in the logon session can impersonate. The authentication information fields provide detailed information about this specific logon request. - Logon YUNG is a unique identifier that can be used to correlate this event with a ORA event. - Cristobal services indicate which intermediate services have participated in this logon request. - Package name indicates which sub-protocol was used among the NEAL protocols. - Key length indicates the length of the generated session key. This will be 0 if no session key was requested.
10/09/2020 09:07:59 AM LogName=Security EpiypiLkch=Catherina Windows security auditing. SkveeFqis=3411 EventType=0 Type=Information ComputerName=JEN-I10.krystin.o.fern NsooVmlpmhuy=Special Logon OpCode=Info QoioxoAcgibn=161215001000 Keywords=Audit Success Message=Special privileges assigned to new logon. Subject: Security ID: NT AUTHORITY\SYSTEM Account Name: JEN-I10$ Account Domain: KRYSTIN Logon ID: 0vJ0X680620 Privileges: SvZubvohxkHuodywtvh  XqBzcxxjAmdbeoyfy  OzHxqtswiDrrdxbgor  BrKvpsHnytadvvgUabnotztt  JzDhuwiIwtkqyzvj  DyKkmjvnAaoiplmpmrwJtpvvdaey  QqMdgwHjxfxjFzoruspyo  ToKubhtnoptcjIuxlnkiyj  GwPpgacmorWgwwdzmUdsiTcpnzbltxgqMcwytgjbp
10/09/2020 09:07:59 AM LogName=Security EpiypiLkch=Catherina Windows security auditing. SkveeFqis=1320 EventType=0 Type=Information ComputerName=JEN-I10.krystin.o.fern NsooVmlpmhuy=Logon OpCode=Info QoioxoAcgibn=102502113001 Keywords=Audit Success Message=An account was successfully logged on. Subject: Security ID: NULL MEL Account Name: - Account Domain: - Logon ID: 0x0 Logon Information: Logon Type: 3 Restricted Admin Mode: - Virtual Account: No Elevated Token: Yes Impersonation Level: Impersonation New Logon: Security ID: KRYSTIN\JEN-U20$ Account Name: JEN-U20$ Account Domain: KRYSTIN.O.FERN Logon ID: 0yV0J12051S Linked Logon ID: 0x0 Network Account Name: - Network Account Domain: - Logon YUNG: {XP224X1T-1CKG-2110-210G-2FI3110I00B4} Process Information: Process ID: 0x0 Process Name: - Network Information: Workstation Name: - Source Network Address: 10.32.34.84 Source Port: 03071 Detailed Authentication Information: Logon Process: Jesusita Authentication Package: Jesusita Cristobal Services: - Package Name (NEAL only): - Key Length: 0 This event is generated when a logon session is created. It is generated on the computer that was accessed. The subject fields indicate the account on the local system which requested the logon. This is most commonly a service such as the Server service, or a local process such as Demarcus.eli or Services.eli. The logon type field indicates the kind of logon that occurred. The most common types are 2 (interactive) and 3 (network). The New Logon fields indicate the account for whom the new logon was created, i.e. the account that was logged on. The network fields indicate where a remote logon request originated. Workstation name is not always available and may be left blank in some cases. The impersonation level field indicates the extent to which a process in the logon session can impersonate. The authentication information fields provide detailed information about this specific logon request. - Logon YUNG is a unique identifier that can be used to correlate this event with a ORA event. - Cristobal services indicate which intermediate services have participated in this logon request. - Package name indicates which sub-protocol was used among the NEAL protocols. - Key length indicates the length of the generated session key. This will be 0 if no session key was requested.
10/09/2020 09:07:59 AM LogName=Security EpiypiLkch=Catherina Windows security auditing. SkveeFqis=3411 EventType=0 Type=Information ComputerName=JEN-I10.krystin.o.fern NsooVmlpmhuy=Special Logon OpCode=Info QoioxoAcgibn=112050002021 Keywords=Audit Success Message=Special privileges assigned to new logon. Subject: Security ID: KRYSTIN\JEN-U20$ Account Name: JEN-U20$ Account Domain: KRYSTIN Logon ID: 0yV0J12051S Privileges: SvZubvohxkHuodywtvh  XqBzcxxjAmdbeoyfy  OzHxqtswiDrrdxbgor  BrKvpsHnytadvvgUabnotztt  JzDhuwiIwtkqyzvj  DyKkmjvnAaoiplmpmrwJtpvvdaey  QqMdgwHjxfxjFzoruspyo  ToKubhtnoptcjIuxlnkiyj  GwPpgacmorWgwwdzmUdsiTcpnzbltxgqMcwytgjbp
10/09/2020 09:07:59 AM LogName=Security EpiypiLkch=Catherina Windows security auditing. SkveeFqis=1320 EventType=0 Type=Information ComputerName=JEN-I10.krystin.o.fern NsooVmlpmhuy=Logon OpCode=Info QoioxoAcgibn=024251003002 Keywords=Audit Success Message=An account was successfully logged on. Subject: Security ID: NULL MEL Account Name: - Account Domain: - Logon ID: 0x0 Logon Information: Logon Type: 3 Restricted Admin Mode: - Virtual Account: No Elevated Token: Yes Impersonation Level: Impersonation New Logon: Security ID: NT AUTHORITY\SYSTEM Account Name: JEN-I10$ Account Domain: KRYSTIN.O.FERN Logon ID: 0uX0R90111Z Linked Logon ID: 0x0 Network Account Name: - Network Account Domain: - Logon YUNG: {0001Y230-H033-1S02-NI00-T782Z395MP0U} Process Information: Process ID: 0x0 Process Name: - Network Information: Workstation Name: - Source Network Address: lp10::62d0:54rr:6080:7o0v Source Port: 02830 Detailed Authentication Information: Logon Process: Jesusita Authentication Package: Jesusita Cristobal Services: - Package Name (NEAL only): - Key Length: 0 This event is generated when a logon session is created. It is generated on the computer that was accessed. The subject fields indicate the account on the local system which requested the logon. This is most commonly a service such as the Server service, or a local process such as Demarcus.eli or Services.eli. The logon type field indicates the kind of logon that occurred. The most common types are 2 (interactive) and 3 (network). The New Logon fields indicate the account for whom the new logon was created, i.e. the account that was logged on. The network fields indicate where a remote logon request originated. Workstation name is not always available and may be left blank in some cases. The impersonation level field indicates the extent to which a process in the logon session can impersonate. The authentication information fields provide detailed information about this specific logon request. - Logon YUNG is a unique identifier that can be used to correlate this event with a ORA event. - Cristobal services indicate which intermediate services have participated in this logon request. - Package name indicates which sub-protocol was used among the NEAL protocols. - Key length indicates the length of the generated session key. This will be 0 if no session key was requested.
10/09/2020 09:07:59 AM LogName=Security EpiypiLkch=Catherina Windows security auditing. SkveeFqis=3411 EventType=0 Type=Information ComputerName=JEN-I10.krystin.o.fern NsooVmlpmhuy=Special Logon OpCode=Info QoioxoAcgibn=102316110000 Keywords=Audit Success Message=Special privileges assigned to new logon. Subject: Security ID: NT AUTHORITY\SYSTEM Account Name: JEN-I10$ Account Domain: KRYSTIN Logon ID: 0uX0R90111Z Privileges: SvZubvohxkHuodywtvh  XqBzcxxjAmdbeoyfy  OzHxqtswiDrrdxbgor  BrKvpsHnytadvvgUabnotztt  JzDhuwiIwtkqyzvj  DyKkmjvnAaoiplmpmrwJtpvvdaey  QqMdgwHjxfxjFzoruspyo  ToKubhtnoptcjIuxlnkiyj  GwPpgacmorWgwwdzmUdsiTcpnzbltxgqMcwytgjbp
10/09/2020 09:07:59 AM LogName=Security EpiypiLkch=Catherina Windows security auditing. SkveeFqis=1320 EventType=0 Type=Information ComputerName=JEN-I10.krystin.o.fern NsooVmlpmhuy=Logon OpCode=Info QoioxoAcgibn=133014120010 Keywords=Audit Success Message=An account was successfully logged on. Subject: Security ID: NULL MEL Account Name: - Account Domain: - Logon ID: 0x0 Logon Information: Logon Type: 3 Restricted Admin Mode: - Virtual Account: No Elevated Token: Yes Impersonation Level: Impersonation New Logon: Security ID: NT AUTHORITY\SYSTEM Account Name: JEN-I10$ Account Domain: KRYSTIN.O.FERN Logon ID: 0eM0J5710LG Linked Logon ID: 0x0 Network Account Name: - Network Account Domain: - Logon YUNG: {0001Y230-H033-1S02-NI00-T782Z395MP0U} Process Information: Process ID: 0x0 Process Name: - Network Information: Workstation Name: - Source Network Address: lp10::2c1k:j300:jo50:01x3 Source Port: 22652 Detailed Authentication Information: Logon Process: Jesusita Authentication Package: Jesusita Cristobal Services: - Package Name (NEAL only): - Key Length: 0 This event is generated when a logon session is created. It is generated on the computer that was accessed. The subject fields indicate the account on the local system which requested the logon. This is most commonly a service such as the Server service, or a local process such as Demarcus.eli or Services.eli. The logon type field indicates the kind of logon that occurred. The most common types are 2 (interactive) and 3 (network). The New Logon fields indicate the account for whom the new logon was created, i.e. the account that was logged on. The network fields indicate where a remote logon request originated. Workstation name is not always available and may be left blank in some cases. The impersonation level field indicates the extent to which a process in the logon session can impersonate. The authentication information fields provide detailed information about this specific logon request. - Logon YUNG is a unique identifier that can be used to correlate this event with a ORA event. - Cristobal services indicate which intermediate services have participated in this logon request. - Package name indicates which sub-protocol was used among the NEAL protocols. - Key length indicates the length of the generated session key. This will be 0 if no session key was requested.
10/09/2020 09:07:59 AM LogName=Security EpiypiLkch=Catherina Windows security auditing. SkveeFqis=3411 EventType=0 Type=Information ComputerName=JEN-I10.krystin.o.fern NsooVmlpmhuy=Special Logon OpCode=Info QoioxoAcgibn=030223012004 Keywords=Audit Success Message=Special privileges assigned to new logon. Subject: Security ID: NT AUTHORITY\SYSTEM Account Name: JEN-I10$ Account Domain: KRYSTIN Logon ID: 0eM0J5710LG Privileges: SvZubvohxkHuodywtvh  XqBzcxxjAmdbeoyfy  OzHxqtswiDrrdxbgor  BrKvpsHnytadvvgUabnotztt  JzDhuwiIwtkqyzvj  DyKkmjvnAaoiplmpmrwJtpvvdaey  QqMdgwHjxfxjFzoruspyo  ToKubhtnoptcjIuxlnkiyj  GwPpgacmorWgwwdzmUdsiTcpnzbltxgqMcwytgjbp
10/09/2020 09:07:59 AM LogName=Security EpiypiLkch=Catherina Windows security auditing. SkveeFqis=1320 EventType=0 Type=Information ComputerName=JEN-I10.krystin.o.fern NsooVmlpmhuy=Logon OpCode=Info QoioxoAcgibn=063422002021 Keywords=Audit Success Message=An account was successfully logged on. Subject: Security ID: NULL MEL Account Name: - Account Domain: - Logon ID: 0x0 Logon Information: Logon Type: 3 Restricted Admin Mode: - Virtual Account: No Elevated Token: Yes Impersonation Level: Impersonation New Logon: Security ID: NT AUTHORITY\SYSTEM Account Name: JEN-I10$ Account Domain: KRYSTIN.O.FERN Logon ID: 0eV0B8101UT Linked Logon ID: 0x0 Network Account Name: - Network Account Domain: - Logon YUNG: {0001Y230-H033-1S02-NI00-T782Z395MP0U} Process Information: Process ID: 0x0 Process Name: - Network Information: Workstation Name: - Source Network Address: lp10::62d0:54rr:6080:7o0v Source Port: 02830 Detailed Authentication Information: Logon Process: Jesusita Authentication Package: Jesusita Cristobal Services: - Package Name (NEAL only): - Key Length: 0 This event is generated when a logon session is created. It is generated on the computer that was accessed. The subject fields indicate the account on the local system which requested the logon. This is most commonly a service such as the Server service, or a local process such as Demarcus.eli or Services.eli. The logon type field indicates the kind of logon that occurred. The most common types are 2 (interactive) and 3 (network). The New Logon fields indicate the account for whom the new logon was created, i.e. the account that was logged on. The network fields indicate where a remote logon request originated. Workstation name is not always available and may be left blank in some cases. The impersonation level field indicates the extent to which a process in the logon session can impersonate. The authentication information fields provide detailed information about this specific logon request. - Logon YUNG is a unique identifier that can be used to correlate this event with a ORA event. - Cristobal services indicate which intermediate services have participated in this logon request. - Package name indicates which sub-protocol was used among the NEAL protocols. - Key length indicates the length of the generated session key. This will be 0 if no session key was requested.
10/09/2020 09:07:59 AM LogName=Security EpiypiLkch=Catherina Windows security auditing. SkveeFqis=3411 EventType=0 Type=Information ComputerName=JEN-I10.krystin.o.fern NsooVmlpmhuy=Special Logon OpCode=Info QoioxoAcgibn=020224101025 Keywords=Audit Success Message=Special privileges assigned to new logon. Subject: Security ID: NT AUTHORITY\SYSTEM Account Name: JEN-I10$ Account Domain: KRYSTIN Logon ID: 0eV0B8101UT Privileges: SvZubvohxkHuodywtvh  XqBzcxxjAmdbeoyfy  OzHxqtswiDrrdxbgor  BrKvpsHnytadvvgUabnotztt  JzDhuwiIwtkqyzvj  DyKkmjvnAaoiplmpmrwJtpvvdaey  QqMdgwHjxfxjFzoruspyo  ToKubhtnoptcjIuxlnkiyj  GwPpgacmorWgwwdzmUdsiTcpnzbltxgqMcwytgjbp
