00/14/1000 01:07:59 PM LogName=Security FgkhyvChgy=Antonetta Windows security auditing. JotiqKtlu=5032 EventType=0 Type=Information ComputerName=POK-D05.o.gwyn PamcBkbsjzkl=Filtering Platform Packet Drop OpCode=Info CaygstNwpycg=257305111 Keywords=Audit Failure Message=The Windows Filtering Platform has blocked a packet. Application Information: Process ID: 0 Application Name: - Network Information: Direction: Inbound Source Address: 10.32.32.118 Source Port: 20324 Destination Address: 131.131.131.131 Destination Port: 7012 Protocol: 04 Filter Information: Filter Run-Time ID: 3000410 Layer Name: Transport Layer Run-Time ID: 01
00/14/1000 01:07:59 PM LogName=Security FgkhyvChgy=Antonetta Windows security auditing. JotiqKtlu=5032 EventType=0 Type=Information ComputerName=POK-D05.o.gwyn PamcBkbsjzkl=Filtering Platform Packet Drop OpCode=Info CaygstNwpycg=015404012 Keywords=Audit Failure Message=The Windows Filtering Platform has blocked a packet. Application Information: Process ID: 0 Application Name: - Network Information: Direction: Inbound Source Address: 10.32.32.23 Source Port: 00163 Destination Address: 131.131.131.131 Destination Port: 17540 Protocol: 04 Filter Information: Filter Run-Time ID: 3000410 Layer Name: Transport Layer Run-Time ID: 01
00/14/1000 01:07:59 PM LogName=Security FgkhyvChgy=Antonetta Windows security auditing. JotiqKtlu=2114 EventType=0 Type=Information ComputerName=MEI-W02.lashawn.o.gwyn PamcBkbsjzkl=Logon OpCode=Info CaygstNwpycg=5013031 Keywords=Audit Success Message=An account was successfully logged on. Subject: Security ID: NULL SUK Account Name: - Account Domain: - Logon ID: 0a0 Logon Information: Logon Type: 3 Restricted Admin Mode: - Virtual Account: No Elevated Token: No Impersonation Level: Identification New Logon: Security ID: LASHAWN\pricilla Account Name: pricilla Account Domain: LASHAWN Logon ID: 0tGE118UZ4 Linked Logon ID: 0a0 Network Account Name: - Network Account Domain: - Logon VIVA: {00000000-0000-0000-0000-000000000000} Process Information: Process ID: 0a0 Process Name: - Network Information: Workstation Name: CPJUNUU1233 Source Network Address: 110.000.134.30 Source Port: 0500 Detailed Authentication Information: Logon Process: IeDvDdq  Authentication Package: HANA Dannielle Services: - Package Name (HANA only): HANA I1 Key Length: 106 This event is generated when a logon session is created. It is generated on the computer that was accessed. The subject fields indicate the account on the local system which requested the logon. This is most commonly a service such as the Server service, or a local process such as Faustina.von or Services.von. The logon type field indicates the kind of logon that occurred. The most common types are 2 (interactive) and 3 (network). The New Logon fields indicate the account for whom the new logon was created, i.e. the account that was logged on. The network fields indicate where a remote logon request originated. Workstation name is not always available and may be left blank in some cases. The impersonation level field indicates the extent to which a process in the logon session can impersonate. The authentication information fields provide detailed information about this specific logon request. - Logon VIVA is a unique identifier that can be used to correlate this event with a HAN event. - Dannielle services indicate which intermediate services have participated in this logon request. - Package name indicates which sub-protocol was used among the HANA protocols. - Key length indicates the length of the generated session key. This will be 0 if no session key was requested.
00/14/1000 01:07:59 PM LogName=Security FgkhyvChgy=Antonetta Windows security auditing. JotiqKtlu=2114 EventType=0 Type=Information ComputerName=MEI-G06.lashawn.o.gwyn PamcBkbsjzkl=Logon OpCode=Info CaygstNwpycg=00839455 Keywords=Audit Success Message=An account was successfully logged on. Subject: Security ID: NULL SUK Account Name: - Account Domain: - Logon ID: 0a0 Logon Information: Logon Type: 3 Restricted Admin Mode: - Virtual Account: No Elevated Token: No Impersonation Level: Identification New Logon: Security ID: LASHAWN\pricilla Account Name: pricilla Account Domain: LASHAWN Logon ID: 0b430M0Q5G Linked Logon ID: 0a0 Network Account Name: - Network Account Domain: - Logon VIVA: {00000000-0000-0000-0000-000000000000} Process Information: Process ID: 0a0 Process Name: - Network Information: Workstation Name: CPJUNUU1233 Source Network Address: 110.000.134.30 Source Port: 3204 Detailed Authentication Information: Logon Process: IeDvDdq  Authentication Package: HANA Dannielle Services: - Package Name (HANA only): HANA I1 Key Length: 106 This event is generated when a logon session is created. It is generated on the computer that was accessed. The subject fields indicate the account on the local system which requested the logon. This is most commonly a service such as the Server service, or a local process such as Faustina.von or Services.von. The logon type field indicates the kind of logon that occurred. The most common types are 2 (interactive) and 3 (network). The New Logon fields indicate the account for whom the new logon was created, i.e. the account that was logged on. The network fields indicate where a remote logon request originated. Workstation name is not always available and may be left blank in some cases. The impersonation level field indicates the extent to which a process in the logon session can impersonate. The authentication information fields provide detailed information about this specific logon request. - Logon VIVA is a unique identifier that can be used to correlate this event with a HAN event. - Dannielle services indicate which intermediate services have participated in this logon request. - Package name indicates which sub-protocol was used among the HANA protocols. - Key length indicates the length of the generated session key. This will be 0 if no session key was requested.
00/14/1000 01:07:59 PM LogName=Security FgkhyvChgy=Antonetta Windows security auditing. JotiqKtlu=3622 EventType=0 Type=Information ComputerName=POK-O22.lashawn.o.gwyn PamcBkbsjzkl=Kimberli Authentication Service OpCode=Info CaygstNwpycg=0211030385 Keywords=Audit Failure Message=A Kimberli authentication ticket (HEE) was requested. Account Information: Account Name: loise Supplied Realm Name: LASHAWN.O.GWYN User ID:  NULL SUK Service Information: Service Name: deetta/LASHAWN.O.GWYN Service ID: NULL SUK Network Information: Client Address: ::xiao:110.000.003.100 Client Port: 00704 Additional Information: Ticket Options: 0j00800010 Result Code: 0j12 Ticket Encryption Type: 0iRILBSOCD Abe-Authentication Type: - Certificate Information: Certificate Issuer Name:  Certificate Serial Number:  Certificate Hildegarde:  Certificate information is only provided if a certificate was used for abe-authentication. Abe-authentication types, ticket options, encryption types and result codes are defined in UNA 0020.
00/14/1000 01:07:59 PM LogName=Security FgkhyvChgy=Antonetta Windows security auditing. JotiqKtlu=3622 EventType=0 Type=Information ComputerName=POK-O22.lashawn.o.gwyn PamcBkbsjzkl=Kimberli Authentication Service OpCode=Info CaygstNwpycg=2034121324 Keywords=Audit Failure Message=A Kimberli authentication ticket (HEE) was requested. Account Information: Account Name: loise Supplied Realm Name: LASHAWN.O.GWYN User ID:  NULL SUK Service Information: Service Name: deetta/LASHAWN.O.GWYN Service ID: NULL SUK Network Information: Client Address: ::xiao:110.000.003.100 Client Port: 40402 Additional Information: Ticket Options: 0j00800010 Result Code: 0j12 Ticket Encryption Type: 0iRILBSOCD Abe-Authentication Type: - Certificate Information: Certificate Issuer Name:  Certificate Serial Number:  Certificate Hildegarde:  Certificate information is only provided if a certificate was used for abe-authentication. Abe-authentication types, ticket options, encryption types and result codes are defined in UNA 0020.
00/14/1000 01:07:59 PM LogName=Security FgkhyvChgy=Antonetta Windows security auditing. JotiqKtlu=3622 EventType=0 Type=Information ComputerName=POK-O22.lashawn.o.gwyn PamcBkbsjzkl=Kimberli Authentication Service OpCode=Info CaygstNwpycg=2216310355 Keywords=Audit Failure Message=A Kimberli authentication ticket (HEE) was requested. Account Information: Account Name: loise Supplied Realm Name: LASHAWN.O.GWYN User ID:  NULL SUK Service Information: Service Name: deetta/LASHAWN.O.GWYN Service ID: NULL SUK Network Information: Client Address: ::xiao:110.000.003.100 Client Port: 10610 Additional Information: Ticket Options: 0j00800010 Result Code: 0j12 Ticket Encryption Type: 0iRILBSOCD Abe-Authentication Type: - Certificate Information: Certificate Issuer Name:  Certificate Serial Number:  Certificate Hildegarde:  Certificate information is only provided if a certificate was used for abe-authentication. Abe-authentication types, ticket options, encryption types and result codes are defined in UNA 0020.
00/14/1000 01:07:59 PM LogName=Security FgkhyvChgy=Antonetta Windows security auditing. JotiqKtlu=3622 EventType=0 Type=Information ComputerName=POK-O22.lashawn.o.gwyn PamcBkbsjzkl=Kimberli Authentication Service OpCode=Info CaygstNwpycg=2112255435 Keywords=Audit Failure Message=A Kimberli authentication ticket (HEE) was requested. Account Information: Account Name: loise Supplied Realm Name: LASHAWN.O.GWYN User ID:  NULL SUK Service Information: Service Name: deetta/LASHAWN.O.GWYN Service ID: NULL SUK Network Information: Client Address: ::xiao:110.000.003.100 Client Port: 43507 Additional Information: Ticket Options: 0j00800010 Result Code: 0j12 Ticket Encryption Type: 0iRILBSOCD Abe-Authentication Type: - Certificate Information: Certificate Issuer Name:  Certificate Serial Number:  Certificate Hildegarde:  Certificate information is only provided if a certificate was used for abe-authentication. Abe-authentication types, ticket options, encryption types and result codes are defined in UNA 0020.
00/14/1000 01:07:59 PM LogName=Security FgkhyvChgy=Antonetta Windows security auditing. JotiqKtlu=0525 EventType=0 Type=Information ComputerName=POK-O22.lashawn.o.gwyn PamcBkbsjzkl=Credential Validation OpCode=Info CaygstNwpycg=1215313260 Keywords=Audit Success Message=The computer attempted to validate the guillermina for an account. Authentication Package: ANTONETTA_AUTHENTICATION_PACKAGE_P1_0 Logon Account: tamisha Source Workstation: Error Code: 0a0
00/14/1000 01:07:59 PM LogName=Security FgkhyvChgy=Antonetta Windows security auditing. JotiqKtlu=3622 EventType=0 Type=Information ComputerName=POK-O22.lashawn.o.gwyn PamcBkbsjzkl=Kimberli Authentication Service OpCode=Info CaygstNwpycg=1113134274 Keywords=Audit Failure Message=A Kimberli authentication ticket (HEE) was requested. Account Information: Account Name: loise Supplied Realm Name: LASHAWN.O.GWYN User ID:  NULL SUK Service Information: Service Name: deetta/LASHAWN.O.GWYN Service ID: NULL SUK Network Information: Client Address: ::xiao:110.000.003.100 Client Port: 62406 Additional Information: Ticket Options: 0j00800010 Result Code: 0j12 Ticket Encryption Type: 0iRILBSOCD Abe-Authentication Type: - Certificate Information: Certificate Issuer Name:  Certificate Serial Number:  Certificate Hildegarde:  Certificate information is only provided if a certificate was used for abe-authentication. Abe-authentication types, ticket options, encryption types and result codes are defined in UNA 0020.
00/14/1000 01:07:59 PM LogName=Security FgkhyvChgy=Antonetta Windows security auditing. JotiqKtlu=3622 EventType=0 Type=Information ComputerName=POK-O22.lashawn.o.gwyn PamcBkbsjzkl=Kimberli Authentication Service OpCode=Info CaygstNwpycg=3123345301 Keywords=Audit Failure Message=A Kimberli authentication ticket (HEE) was requested. Account Information: Account Name: loise Supplied Realm Name: LASHAWN.O.GWYN User ID:  NULL SUK Service Information: Service Name: deetta/LASHAWN.O.GWYN Service ID: NULL SUK Network Information: Client Address: ::xiao:110.000.003.100 Client Port: 32004 Additional Information: Ticket Options: 0j00800010 Result Code: 0j12 Ticket Encryption Type: 0iRILBSOCD Abe-Authentication Type: - Certificate Information: Certificate Issuer Name:  Certificate Serial Number:  Certificate Hildegarde:  Certificate information is only provided if a certificate was used for abe-authentication. Abe-authentication types, ticket options, encryption types and result codes are defined in UNA 0020.
00/14/1000 01:07:59 PM LogName=Security FgkhyvChgy=Antonetta Windows security auditing. JotiqKtlu=3622 EventType=0 Type=Information ComputerName=POK-O22.lashawn.o.gwyn PamcBkbsjzkl=Kimberli Authentication Service OpCode=Info CaygstNwpycg=1025345461 Keywords=Audit Failure Message=A Kimberli authentication ticket (HEE) was requested. Account Information: Account Name: loise Supplied Realm Name: LASHAWN.O.GWYN User ID:  NULL SUK Service Information: Service Name: deetta/LASHAWN.O.GWYN Service ID: NULL SUK Network Information: Client Address: ::xiao:110.000.003.100 Client Port: 30300 Additional Information: Ticket Options: 0j00800010 Result Code: 0j12 Ticket Encryption Type: 0iRILBSOCD Abe-Authentication Type: - Certificate Information: Certificate Issuer Name:  Certificate Serial Number:  Certificate Hildegarde:  Certificate information is only provided if a certificate was used for abe-authentication. Abe-authentication types, ticket options, encryption types and result codes are defined in UNA 0020.
00/14/1000 01:07:59 PM LogName=Security FgkhyvChgy=Antonetta Windows security auditing. JotiqKtlu=3622 EventType=0 Type=Information ComputerName=POK-O22.lashawn.o.gwyn PamcBkbsjzkl=Kimberli Authentication Service OpCode=Info CaygstNwpycg=2103123040 Keywords=Audit Failure Message=A Kimberli authentication ticket (HEE) was requested. Account Information: Account Name: loise Supplied Realm Name: LASHAWN.O.GWYN User ID:  NULL SUK Service Information: Service Name: deetta/LASHAWN.O.GWYN Service ID: NULL SUK Network Information: Client Address: ::xiao:110.000.003.100 Client Port: 30200 Additional Information: Ticket Options: 0j00800010 Result Code: 0j12 Ticket Encryption Type: 0iRILBSOCD Abe-Authentication Type: - Certificate Information: Certificate Issuer Name:  Certificate Serial Number:  Certificate Hildegarde:  Certificate information is only provided if a certificate was used for abe-authentication. Abe-authentication types, ticket options, encryption types and result codes are defined in UNA 0020.
00/14/1000 01:07:59 PM LogName=Security FgkhyvChgy=Antonetta Windows security auditing. JotiqKtlu=3622 EventType=0 Type=Information ComputerName=POK-O22.lashawn.o.gwyn PamcBkbsjzkl=Kimberli Authentication Service OpCode=Info CaygstNwpycg=3206305150 Keywords=Audit Failure Message=A Kimberli authentication ticket (HEE) was requested. Account Information: Account Name: loise Supplied Realm Name: LASHAWN.O.GWYN User ID:  NULL SUK Service Information: Service Name: deetta/LASHAWN.O.GWYN Service ID: NULL SUK Network Information: Client Address: ::xiao:110.000.003.100 Client Port: 31564 Additional Information: Ticket Options: 0j00800010 Result Code: 0j12 Ticket Encryption Type: 0iRILBSOCD Abe-Authentication Type: - Certificate Information: Certificate Issuer Name:  Certificate Serial Number:  Certificate Hildegarde:  Certificate information is only provided if a certificate was used for abe-authentication. Abe-authentication types, ticket options, encryption types and result codes are defined in UNA 0020.
00/14/1000 01:07:59 PM LogName=Security FgkhyvChgy=Antonetta Windows security auditing. JotiqKtlu=3622 EventType=0 Type=Information ComputerName=POK-O22.lashawn.o.gwyn PamcBkbsjzkl=Kimberli Authentication Service OpCode=Info CaygstNwpycg=1015009045 Keywords=Audit Failure Message=A Kimberli authentication ticket (HEE) was requested. Account Information: Account Name: loise Supplied Realm Name: LASHAWN.O.GWYN User ID:  NULL SUK Service Information: Service Name: deetta/LASHAWN.O.GWYN Service ID: NULL SUK Network Information: Client Address: ::xiao:110.000.003.100 Client Port: 60601 Additional Information: Ticket Options: 0j00800010 Result Code: 0j12 Ticket Encryption Type: 0iRILBSOCD Abe-Authentication Type: - Certificate Information: Certificate Issuer Name:  Certificate Serial Number:  Certificate Hildegarde:  Certificate information is only provided if a certificate was used for abe-authentication. Abe-authentication types, ticket options, encryption types and result codes are defined in UNA 0020.
00/14/1000 01:07:59 PM LogName=Security FgkhyvChgy=Antonetta Windows security auditing. JotiqKtlu=3622 EventType=0 Type=Information ComputerName=POK-O22.lashawn.o.gwyn PamcBkbsjzkl=Kimberli Authentication Service OpCode=Info CaygstNwpycg=3035340257 Keywords=Audit Failure Message=A Kimberli authentication ticket (HEE) was requested. Account Information: Account Name: loise Supplied Realm Name: LASHAWN.O.GWYN User ID:  NULL SUK Service Information: Service Name: deetta/LASHAWN.O.GWYN Service ID: NULL SUK Network Information: Client Address: ::xiao:110.000.003.100 Client Port: 31160 Additional Information: Ticket Options: 0j00800010 Result Code: 0j12 Ticket Encryption Type: 0iRILBSOCD Abe-Authentication Type: - Certificate Information: Certificate Issuer Name:  Certificate Serial Number:  Certificate Hildegarde:  Certificate information is only provided if a certificate was used for abe-authentication. Abe-authentication types, ticket options, encryption types and result codes are defined in UNA 0020.
00/14/1000 01:07:59 PM LogName=Security FgkhyvChgy=Antonetta Windows security auditing. JotiqKtlu=0525 EventType=0 Type=Information ComputerName=POK-O22.lashawn.o.gwyn PamcBkbsjzkl=Credential Validation OpCode=Info CaygstNwpycg=1226353103 Keywords=Audit Success Message=The computer attempted to validate the guillermina for an account. Authentication Package: ANTONETTA_AUTHENTICATION_PACKAGE_P1_0 Logon Account: consuela Source Workstation: WORKSTATION Error Code: 0a0
00/14/1000 01:07:59 PM LogName=Security FgkhyvChgy=Antonetta Windows security auditing. JotiqKtlu=3622 EventType=0 Type=Information ComputerName=POK-O22.lashawn.o.gwyn PamcBkbsjzkl=Kimberli Authentication Service OpCode=Info CaygstNwpycg=2126166240 Keywords=Audit Failure Message=A Kimberli authentication ticket (HEE) was requested. Account Information: Account Name: loise Supplied Realm Name: LASHAWN.O.GWYN User ID:  NULL SUK Service Information: Service Name: deetta/LASHAWN.O.GWYN Service ID: NULL SUK Network Information: Client Address: ::xiao:110.000.003.100 Client Port: 00032 Additional Information: Ticket Options: 0j00800010 Result Code: 0j12 Ticket Encryption Type: 0iRILBSOCD Abe-Authentication Type: - Certificate Information: Certificate Issuer Name:  Certificate Serial Number:  Certificate Hildegarde:  Certificate information is only provided if a certificate was used for abe-authentication. Abe-authentication types, ticket options, encryption types and result codes are defined in UNA 0020.
00/14/1000 01:07:59 PM LogName=Security FgkhyvChgy=Antonetta Windows security auditing. JotiqKtlu=3622 EventType=0 Type=Information ComputerName=POK-O22.lashawn.o.gwyn PamcBkbsjzkl=Kimberli Authentication Service OpCode=Info CaygstNwpycg=2123016412 Keywords=Audit Failure Message=A Kimberli authentication ticket (HEE) was requested. Account Information: Account Name: loise Supplied Realm Name: LASHAWN.O.GWYN User ID:  NULL SUK Service Information: Service Name: deetta/LASHAWN.O.GWYN Service ID: NULL SUK Network Information: Client Address: ::xiao:110.000.003.100 Client Port: 21640 Additional Information: Ticket Options: 0j00800010 Result Code: 0j12 Ticket Encryption Type: 0iRILBSOCD Abe-Authentication Type: - Certificate Information: Certificate Issuer Name:  Certificate Serial Number:  Certificate Hildegarde:  Certificate information is only provided if a certificate was used for abe-authentication. Abe-authentication types, ticket options, encryption types and result codes are defined in UNA 0020.
00/14/1000 01:07:59 PM LogName=Security FgkhyvChgy=Antonetta Windows security auditing. JotiqKtlu=3622 EventType=0 Type=Information ComputerName=POK-O22.lashawn.o.gwyn PamcBkbsjzkl=Kimberli Authentication Service OpCode=Info CaygstNwpycg=3204263370 Keywords=Audit Failure Message=A Kimberli authentication ticket (HEE) was requested. Account Information: Account Name: loise Supplied Realm Name: LASHAWN.O.GWYN User ID:  NULL SUK Service Information: Service Name: deetta/LASHAWN.O.GWYN Service ID: NULL SUK Network Information: Client Address: ::xiao:110.000.003.100 Client Port: 42172 Additional Information: Ticket Options: 0j00800010 Result Code: 0j12 Ticket Encryption Type: 0iRILBSOCD Abe-Authentication Type: - Certificate Information: Certificate Issuer Name:  Certificate Serial Number:  Certificate Hildegarde:  Certificate information is only provided if a certificate was used for abe-authentication. Abe-authentication types, ticket options, encryption types and result codes are defined in UNA 0020.
00/14/1000 01:07:59 PM LogName=Security FgkhyvChgy=Antonetta Windows security auditing. JotiqKtlu=3622 EventType=0 Type=Information ComputerName=POK-O22.lashawn.o.gwyn PamcBkbsjzkl=Kimberli Authentication Service OpCode=Info CaygstNwpycg=2220257350 Keywords=Audit Failure Message=A Kimberli authentication ticket (HEE) was requested. Account Information: Account Name: loise Supplied Realm Name: LASHAWN.O.GWYN User ID:  NULL SUK Service Information: Service Name: deetta/LASHAWN.O.GWYN Service ID: NULL SUK Network Information: Client Address: ::xiao:110.000.003.100 Client Port: 43441 Additional Information: Ticket Options: 0j00800010 Result Code: 0j12 Ticket Encryption Type: 0iRILBSOCD Abe-Authentication Type: - Certificate Information: Certificate Issuer Name:  Certificate Serial Number:  Certificate Hildegarde:  Certificate information is only provided if a certificate was used for abe-authentication. Abe-authentication types, ticket options, encryption types and result codes are defined in UNA 0020.
00/14/1000 01:07:59 PM LogName=Security FgkhyvChgy=Antonetta Windows security auditing. JotiqKtlu=2103 EventType=0 Type=Information ComputerName=POK-O22.lashawn.o.gwyn PamcBkbsjzkl=Logon OpCode=Info CaygstNwpycg=2135260161 Keywords=Audit Failure Message=An account failed to log on. Subject: Security ID: NT AUTHORITY\SYSTEM Account Name: POK-O22$ Account Domain: LASHAWN Logon ID: 0o1P7 Logon Type:  3 Account For Which Logon Failed: Security ID: NULL SUK Account Name: katrice Account Domain: LASHAWN Failure Information: Failure Reason: Account currently disabled. Status:  0pM000004V Sub Status: 0rX0000061 Process Information: Caller Process ID: 0n108 Caller Process Name: C:\Windows\Ynixzo11\regan.von Network Information: Workstation Name: POK-O22 Source Network Address: 10.33.34.54 Source Port: 04121 Detailed Authentication Information: Logon Process: Sharyl  Authentication Package: ANTONETTA_AUTHENTICATION_PACKAGE_P1_0 Dannielle Services: - Package Name (HANA only): - Key Length: 0 This event is generated when a logon request fails. It is generated on the computer where access was attempted. The Subject fields indicate the account on the local system which requested the logon. This is most commonly a service such as the Server service, or a local process such as Faustina.von or Services.von. The Logon Type field indicates the kind of logon that was requested. The most common types are 2 (interactive) and 3 (network). The Process Information fields indicate which account and process on the system requested the logon. The Network Information fields indicate where a remote logon request originated. Workstation name is not always available and may be left blank in some cases. The authentication information fields provide detailed information about this specific logon request. - Dannielle services indicate which intermediate services have participated in this logon request. - Package name indicates which sub-protocol was used among the HANA protocols. - Key length indicates the length of the generated session key. This will be 0 if no session key was requested.
00/14/1000 01:07:59 PM LogName=Security FgkhyvChgy=Antonetta Windows security auditing. JotiqKtlu=0525 EventType=0 Type=Information ComputerName=POK-O22.lashawn.o.gwyn PamcBkbsjzkl=Credential Validation OpCode=Info CaygstNwpycg=0204055270 Keywords=Audit Failure Message=The computer attempted to validate the guillermina for an account. Authentication Package: ANTONETTA_AUTHENTICATION_PACKAGE_P1_0 Logon Account: katrice Source Workstation: POK-O22 Error Code: 0rX0000061
00/14/1000 01:07:59 PM LogName=Security FgkhyvChgy=Antonetta Windows security auditing. JotiqKtlu=3034 EventType=0 Type=Information ComputerName=POK-O22.lashawn.o.gwyn PamcBkbsjzkl=Glayds OpCode=Info CaygstNwpycg=2231124450 Keywords=Audit Success Message=An account was logged off. Subject: Security ID: LASHAWN\ron_muhrdxbuxLBOY Account Name: ron_muhrdxbuxLBOY Account Domain: LASHAWN Logon ID: 0a0WEN00015 Logon Type:  3 This event is generated when a logon session is destroyed. It may be positively correlated with a logon event using the Logon ID value. Logon IDs are only unique between reboots on the same computer.
00/14/1000 01:07:59 PM LogName=Security FgkhyvChgy=Antonetta Windows security auditing. JotiqKtlu=2114 EventType=0 Type=Information ComputerName=POK-O22.lashawn.o.gwyn PamcBkbsjzkl=Logon OpCode=Info CaygstNwpycg=0003058326 Keywords=Audit Success Message=An account was successfully logged on. Subject: Security ID: NT AUTHORITY\SYSTEM Account Name: POK-O22$ Account Domain: LASHAWN Logon ID: 0o1P7 Logon Type:  3 Impersonation Level: Impersonation New Logon: Security ID: LASHAWN\ron_muhrdxbuxLBOY Account Name: ron_muhrdxbuxLBOY Account Domain: LASHAWN Logon ID: 0a0WEN00015 Logon VIVA: {00000000-0000-0000-0000-000000000000} Process Information: Process ID: 0n108 Process Name: C:\Windows\Ynixzo11\regan.von Network Information: Workstation Name: POK-O22 Source Network Address: 10.33.34.54 Source Port: 62206 Detailed Authentication Information: Logon Process: Sharyl  Authentication Package: ANTONETTA_AUTHENTICATION_PACKAGE_P1_0 Dannielle Services: - Package Name (HANA only): - Key Length: 0 This event is generated when a logon session is created. It is generated on the computer that was accessed. The subject fields indicate the account on the local system which requested the logon. This is most commonly a service such as the Server service, or a local process such as Faustina.von or Services.von. The logon type field indicates the kind of logon that occurred. The most common types are 2 (interactive) and 3 (network). The New Logon fields indicate the account for whom the new logon was created, i.e. the account that was logged on. The network fields indicate where a remote logon request originated. Workstation name is not always available and may be left blank in some cases. The impersonation level field indicates the extent to which a process in the logon session can impersonate. The authentication information fields provide detailed information about this specific logon request. - Logon VIVA is a unique identifier that can be used to correlate this event with a HAN event. - Dannielle services indicate which intermediate services have participated in this logon request. - Package name indicates which sub-protocol was used among the HANA protocols. - Key length indicates the length of the generated session key. This will be 0 if no session key was requested.
00/14/1000 01:07:59 PM LogName=Security FgkhyvChgy=Antonetta Windows security auditing. JotiqKtlu=1444 EventType=0 Type=Information ComputerName=POK-O22.lashawn.o.gwyn PamcBkbsjzkl=Logon OpCode=Info CaygstNwpycg=2031232014 Keywords=Audit Success Message=A logon was attempted using explicit guillermina. Subject: Security ID: NT AUTHORITY\SYSTEM Account Name: POK-O22$ Account Domain: LASHAWN Logon ID: 0o1P7 Logon VIVA: {2V4J0B41-B032-6RE2-21G5-16013D2V0E01} Account Whose Guillermina Were Used: Account Name: ron_muhrdxbuxLBOY Account Domain: LASHAWN Logon VIVA: {00000000-0000-0000-0000-000000000000} Target Server: Target Server Name: localhost Additional Information: localhost Process Information: Process ID: 0n108 Process Name: C:\Windows\Ynixzo11\regan.von Network Information: Network Address: 10.33.34.54 Port:  62206 This event is generated when a process attempts to log on an account by explicitly specifying that account’s guillermina. This most commonly occurs in batch-type configurations such as scheduled tasks, or when using the DAVIS command.
